===================================================
10:18:02 : START
===================================================
10:18:02 : PROCESSING INSTRUMENTS SYMBOLS
-----------------------------------------------
10:18:03 : SCANNING : 3MINDIA
circuit : -0.46%  2021-12-21T10:15:00+0530
adx : 25.31  aroonosc : 7.14
-----------------------------------------------
10:18:03 : SCANNING : AARTIDRUGS
circuit : 0.17%  2021-12-21T10:15:00+0530
adx : 8.97  aroonosc : 7.14
-----------------------------------------------
10:18:03 : SCANNING : AARTIIND
circuit : 1.14%  2021-12-21T10:15:00+0530
adx : 30.99  aroonosc : 14.29
-----------------------------------------------
10:18:04 : SCANNING : AAVAS
circuit : -0.98%  2021-12-21T10:15:00+0530
adx : 46.84  aroonosc : -7.14
-----------------------------------------------
10:18:04 : SCANNING : ABB
-----------------------------------------------
10:18:05 : SCANNING : ABBOTINDIA
circuit : -0.22%  2021-12-21T10:15:00+0530
adx : 32.15  aroonosc : 14.29
-----------------------------------------------
10:18:05 : SCANNING : ABCAPITAL
circuit : 2.95%  2021-12-21T10:15:00+0530
adx : 28.55  aroonosc : 64.29
-----------------------------------------------
10:18:06 : SCANNING : ABFRL
circuit : 3.24%  2021-12-21T10:15:00+0530
adx : 41.19  aroonosc : 78.57
-----------------------------------------------
10:18:06 : SCANNING : ACC
circuit : 1.19%  2021-12-21T10:15:00+0530
adx : 40.57  aroonosc : 92.86
-----------------------------------------------
10:18:07 : SCANNING : ADANIENT
circuit : 0.68%  2021-12-21T10:15:00+0530
adx : 33.12  aroonosc : 92.86
-----------------------------------------------
10:18:07 : SCANNING : ADANIGREEN
circuit : 0.35%  2021-12-21T10:15:00+0530
adx : 25.76  aroonosc : 14.29
-----------------------------------------------
10:18:07 : SCANNING : ADANIPORTS
circuit : -0.75%  2021-12-21T10:15:00+0530
adx : 26.66  aroonosc : 21.43
-----------------------------------------------
10:18:08 : SCANNING : ADVENZYMES
circuit : 0.91%  2021-12-21T10:15:00+0530
adx : 23.94  aroonosc : 14.29
-----------------------------------------------
10:18:08 : SCANNING : AEGISCHEM
circuit : -2.02%  2021-12-21T10:15:00+0530
adx : 43.22  aroonosc : -35.71
-----------------------------------------------
10:18:09 : SCANNING : AFFLE
circuit : 0.99%  2021-12-21T10:15:00+0530
adx : 17.88  aroonosc : 21.43
-----------------------------------------------
10:18:09 : SCANNING : AIAENG
circuit : -0.48%  2021-12-21T10:15:00+0530
adx : 14.59  aroonosc : 14.29
-----------------------------------------------
10:18:09 : SCANNING : AJANTPHARM
circuit : -0.4%  2021-12-21T10:15:00+0530
adx : 17.31  aroonosc : -28.57
-----------------------------------------------
10:18:10 : SCANNING : AKZOINDIA
circuit : -0.69%  2021-12-21T10:15:00+0530
adx : 30.0  aroonosc : 35.71
-----------------------------------------------
10:18:10 : SCANNING : ALEMBICLTD
circuit : -0.82%  2021-12-21T10:15:00+0530
adx : 14.07  aroonosc : 14.29
-----------------------------------------------
10:18:11 : SCANNING : ALKEM
circuit : 0.26%  2021-12-21T10:15:00+0530
adx : 12.36  aroonosc : 28.57
-----------------------------------------------
10:18:12 : SCANNING : ALKYLAMINE
circuit : -1.88%  2021-12-21T10:15:00+0530
adx : 39.62  aroonosc : -57.14
-----------------------------------------------
10:18:12 : SCANNING : ALOKINDS
circuit : 1.32%  2021-12-21T10:15:00+0530
adx : 43.29  aroonosc : 28.57
-----------------------------------------------
10:18:13 : SCANNING : AMARAJABAT
circuit : 0.07%  2021-12-21T10:15:00+0530
adx : 32.55  aroonosc : 14.29
-----------------------------------------------
10:18:13 : SCANNING : AMBER
circuit : 2.85%  2021-12-21T10:15:00+0530
adx : 40.19  aroonosc : 78.57
-----------------------------------------------
10:18:13 : SCANNING : AMBUJACEM
circuit : 1.93%  2021-12-21T10:15:00+0530
adx : 37.77  aroonosc : 92.86
-----------------------------------------------
10:18:14 : SCANNING : ANGELBRKG
circuit : 2.42%  2021-12-21T10:15:00+0530
adx : 41.0  aroonosc : 64.29
-----------------------------------------------
10:18:14 : SCANNING : APLAPOLLO
circuit : 2.02%  2021-12-21T10:15:00+0530
adx : 17.07  aroonosc : 14.29
-----------------------------------------------
10:18:14 : SCANNING : APLLTD
circuit : -0.95%  2021-12-21T10:15:00+0530
adx : 51.42  aroonosc : -14.29
-----------------------------------------------
10:18:15 : SCANNING : APOLLOHOSP
circuit : -0.48%  2021-12-21T10:15:00+0530
adx : 30.2  aroonosc : -35.71
-----------------------------------------------
10:18:15 : SCANNING : APOLLOTYRE
circuit : 0.07%  2021-12-21T10:15:00+0530
adx : 19.6  aroonosc : 21.43
-----------------------------------------------
10:18:16 : SCANNING : ASAHIINDIA
circuit : -1.61%  2021-12-21T10:15:00+0530
adx : 35.32  aroonosc : 7.14
-----------------------------------------------
10:18:16 : SCANNING : ASHOKA
circuit : 0.44%  2021-12-21T10:15:00+0530
adx : 28.25  aroonosc : 21.43
-----------------------------------------------
10:18:16 : SCANNING : ASHOKLEY
circuit : 2.12%  2021-12-21T10:15:00+0530
adx : 36.58  aroonosc : 92.86
-----------------------------------------------
10:18:17 : SCANNING : ASIANPAINT
circuit : 0.4%  2021-12-21T10:15:00+0530
adx : 35.13  aroonosc : 14.29
-----------------------------------------------
10:18:17 : SCANNING : ASTERDM
circuit : -0.71%  2021-12-21T10:15:00+0530
adx : 40.79  aroonosc : -35.71
-----------------------------------------------
10:18:17 : SCANNING : ASTRAL
circuit : -1.98%  2021-12-21T10:15:00+0530
adx : 19.78  aroonosc : 7.14
-----------------------------------------------
10:18:18 : SCANNING : ASTRAZEN
circuit : -0.06%  2021-12-21T10:15:00+0530
adx : 31.5  aroonosc : 78.57
-----------------------------------------------
10:18:18 : SCANNING : ATUL
circuit : -0.06%  2021-12-21T10:15:00+0530
adx : 18.11  aroonosc : 21.43
-----------------------------------------------
10:18:18 : SCANNING : AUBANK
circuit : 3.61%  2021-12-21T10:15:00+0530
adx : 39.89  aroonosc : 100.0
-----------------------------------------------
10:18:19 : SCANNING : AUROPHARMA
circuit : -0.74%  2021-12-21T10:15:00+0530
adx : 18.4  aroonosc : -28.57
-----------------------------------------------
10:18:19 : SCANNING : AVANTIFEED
circuit : -0.59%  2021-12-21T10:15:00+0530
adx : 40.33  aroonosc : 21.43
-----------------------------------------------
10:18:19 : SCANNING : AXISBANK
circuit : -1.16%  2021-12-21T10:15:00+0530
adx : 21.69  aroonosc : -21.43
-----------------------------------------------
10:18:20 : SCANNING : BAJAJ-AUTO
circuit : 0.9%  2021-12-21T10:15:00+0530
adx : 48.34  aroonosc : 85.71
-----------------------------------------------
10:18:20 : SCANNING : BAJAJCON
circuit : 0.15%  2021-12-21T10:15:00+0530
adx : 25.15  aroonosc : 64.29
-----------------------------------------------
10:18:20 : SCANNING : BAJAJELEC
circuit : -1.28%  2021-12-21T10:15:00+0530
adx : 16.71  aroonosc : 14.29
-----------------------------------------------
10:18:21 : SCANNING : BAJAJFINSV
circuit : -1.24%  2021-12-21T10:15:00+0530
adx : 39.17  aroonosc : 7.14
-----------------------------------------------
10:18:21 : SCANNING : BAJAJHLDNG
circuit : 0.02%  2021-12-21T10:15:00+0530
adx : 15.02  aroonosc : 14.29
-----------------------------------------------
10:18:22 : SCANNING : BAJFINANCE
circuit : -0.3%  2021-12-21T10:15:00+0530
adx : 30.05  aroonosc : 21.43
-----------------------------------------------
10:18:22 : SCANNING : BALAMINES
circuit : 0.14%  2021-12-21T10:15:00+0530
adx : 16.27  aroonosc : 7.14
-----------------------------------------------
10:18:22 : SCANNING : BALKRISIND
circuit : -1.13%  2021-12-21T10:15:00+0530
adx : 16.7  aroonosc : 0.0
-----------------------------------------------
10:18:23 : SCANNING : BALMLAWRIE
circuit : 1.01%  2021-12-21T10:15:00+0530
adx : 26.94  aroonosc : 7.14
-----------------------------------------------
10:18:23 : SCANNING : BALRAMCHIN
circuit : 2.03%  2021-12-21T10:15:00+0530
adx : 45.04  aroonosc : 85.71
-----------------------------------------------
10:18:23 : SCANNING : BANDHANBNK
-----------------------------------------------
10:18:24 : SCANNING : BANKBARODA
circuit : 0.68%  2021-12-21T10:15:00+0530
adx : 18.97  aroonosc : 21.43
-----------------------------------------------
10:18:24 : SCANNING : BANKINDIA
circuit : 0.99%  2021-12-21T10:15:00+0530
adx : 40.7  aroonosc : 21.43
-----------------------------------------------
10:18:24 : SCANNING : BASF
circuit : 0.91%  2021-12-21T10:15:00+0530
adx : 50.25  aroonosc : 7.14
-----------------------------------------------
10:18:25 : SCANNING : BATAINDIA
circuit : 1.33%  2021-12-21T10:15:00+0530
adx : 32.56  aroonosc : 28.57
-----------------------------------------------
10:18:25 : SCANNING : BAYERCROP
circuit : -1.66%  2021-12-21T10:15:00+0530
adx : 29.8  aroonosc : 7.14
-----------------------------------------------
10:18:25 : SCANNING : BBTC
circuit : 0.28%  2021-12-21T10:15:00+0530
adx : 22.6  aroonosc : -35.71
-----------------------------------------------
10:18:26 : SCANNING : BDL
circuit : 1.97%  2021-12-21T10:15:00+0530
adx : 32.31  aroonosc : 7.14
-----------------------------------------------
10:18:26 : SCANNING : BEL
circuit : 1.25%  2021-12-21T10:15:00+0530
adx : 33.39  aroonosc : 21.43
-----------------------------------------------
10:18:26 : SCANNING : BEML
circuit : 2.33%  2021-12-21T10:15:00+0530
adx : 51.97  aroonosc : 21.43
-----------------------------------------------
10:18:26 : SCANNING : BERGEPAINT
circuit : 0.34%  2021-12-21T10:15:00+0530
adx : 33.41  aroonosc : 21.43
-----------------------------------------------
10:18:27 : SCANNING : BHARATFORG
circuit : 0.9%  2021-12-21T10:15:00+0530
adx : 20.73  aroonosc : 64.29
-----------------------------------------------
10:18:27 : SCANNING : BHARATRAS
circuit : 2.12%  2021-12-21T10:15:00+0530
adx : 45.14  aroonosc : 42.86
-----------------------------------------------
10:18:27 : SCANNING : BHARTIARTL
circuit : 0.02%  2021-12-21T10:15:00+0530
adx : 34.38  aroonosc : 28.57
-----------------------------------------------
10:18:28 : SCANNING : BHEL
circuit : 0.35%  2021-12-21T10:15:00+0530
adx : 16.1  aroonosc : 21.43
-----------------------------------------------
10:18:28 : SCANNING : BIOCON
circuit : 0.72%  2021-12-21T10:15:00+0530
adx : 11.01  aroonosc : 92.86
-----------------------------------------------
10:18:29 : SCANNING : BIRLACORPN
circuit : 1.67%  2021-12-21T10:15:00+0530
adx : 18.68  aroonosc : 85.71
-----------------------------------------------
10:18:29 : SCANNING : BLISSGVS
circuit : 1.1%  2021-12-21T10:15:00+0530
adx : 20.62  aroonosc : 28.57
-----------------------------------------------
10:18:29 : SCANNING : BLUEDART
circuit : 2.53%  2021-12-21T10:15:00+0530
adx : 41.01  aroonosc : 78.57
-----------------------------------------------
10:18:30 : SCANNING : BLUESTARCO
circuit : -0.94%  2021-12-21T10:15:00+0530
adx : 25.36  aroonosc : -42.86
-----------------------------------------------
10:18:30 : SCANNING : BOSCHLTD
circuit : 3.21%  2021-12-21T10:15:00+0530
adx : 48.26  aroonosc : 71.43
-----------------------------------------------
10:18:30 : SCANNING : BPCL
circuit : -1.06%  2021-12-21T10:15:00+0530
adx : 21.94  aroonosc : -35.71
-----------------------------------------------
10:18:31 : SCANNING : BRIGADE
circuit : 3.67%  2021-12-21T10:15:00+0530
adx : 32.84  aroonosc : 100.0
-----------------------------------------------
10:18:31 : SCANNING : BRITANNIA
circuit : 0.87%  2021-12-21T10:15:00+0530
adx : 24.01  aroonosc : 92.86
-----------------------------------------------
10:18:31 : SCANNING : BSE
circuit : -1.08%  2021-12-21T10:15:00+0530
adx : 18.37  aroonosc : 7.14
-----------------------------------------------
10:18:32 : SCANNING : BSOFT
circuit : -0.55%  2021-12-21T10:15:00+0530
adx : 22.01  aroonosc : 21.43
-----------------------------------------------
10:18:32 : SCANNING : BURGERKING
circuit : 0.94%  2021-12-21T10:15:00+0530
adx : 28.47  aroonosc : 21.43
-----------------------------------------------
10:18:32 : SCANNING : CADILAHC
circuit : 0.85%  2021-12-21T10:15:00+0530
adx : 33.31  aroonosc : 92.86
-----------------------------------------------
10:18:33 : SCANNING : CAMS
circuit : 0.03%  2021-12-21T10:15:00+0530
adx : 31.39  aroonosc : 21.43
-----------------------------------------------
10:18:33 : SCANNING : CANBK
circuit : -0.44%  2021-12-21T10:15:00+0530
adx : 26.43  aroonosc : 21.43
-----------------------------------------------
10:18:33 : SCANNING : CANFINHOME
circuit : 0.35%  2021-12-21T10:15:00+0530
adx : 22.91  aroonosc : 14.29
-----------------------------------------------
10:18:34 : SCANNING : CAPLIPOINT
circuit : 0.77%  2021-12-21T10:15:00+0530
adx : 30.3  aroonosc : 14.29
-----------------------------------------------
10:18:34 : SCANNING : CARBORUNIV
circuit : 1.81%  2021-12-21T10:15:00+0530
adx : 20.12  aroonosc : 85.71
-----------------------------------------------
10:18:35 : SCANNING : CASTROLIND
circuit : -0.81%  2021-12-21T10:15:00+0530
adx : 20.15  aroonosc : -35.71
-----------------------------------------------
10:18:35 : SCANNING : CCL
circuit : 1.72%  2021-12-21T10:15:00+0530
adx : 32.17  aroonosc : 21.43
-----------------------------------------------
10:18:35 : SCANNING : CEATLTD
circuit : 0.08%  2021-12-21T10:15:00+0530
adx : 18.51  aroonosc : 14.29
-----------------------------------------------
10:18:36 : SCANNING : CENTRALBK
circuit : 1.66%  2021-12-21T10:15:00+0530
adx : 40.16  aroonosc : 14.29
-----------------------------------------------
10:18:36 : SCANNING : CENTURYPLY
circuit : 0.97%  2021-12-21T10:15:00+0530
adx : 17.36  aroonosc : 14.29
-----------------------------------------------
10:18:36 : SCANNING : CENTURYTEX
circuit : 2.27%  2021-12-21T10:15:00+0530
adx : 22.59  aroonosc : 64.29
-----------------------------------------------
10:18:37 : SCANNING : CERA
circuit : 4.42%  2021-12-21T10:15:00+0530
adx : 35.32  aroonosc : 92.86
-----------------------------------------------
10:18:37 : SCANNING : CESC
circuit : 1.4%  2021-12-21T10:15:00+0530
adx : 34.47  aroonosc : 85.71
-----------------------------------------------
10:18:38 : SCANNING : CGCL
circuit : -0.42%  2021-12-21T10:15:00+0530
adx : 29.72  aroonosc : -78.57
-----------------------------------------------
10:18:38 : SCANNING : CHALET
circuit : 0.14%  2021-12-21T10:15:00+0530
adx : 10.0  aroonosc : -14.29
-----------------------------------------------
10:18:38 : SCANNING : CHAMBLFERT
circuit : 0.61%  2021-12-21T10:15:00+0530
adx : 27.18  aroonosc : 7.14
-----------------------------------------------
10:18:39 : SCANNING : CHOLAFIN
circuit : 1.17%  2021-12-21T10:15:00+0530
adx : 30.61  aroonosc : 85.71
-----------------------------------------------
10:18:39 : SCANNING : CHOLAHLDNG
circuit : 0.45%  2021-12-21T10:15:00+0530
adx : 19.33  aroonosc : -50.0
-----------------------------------------------
10:18:40 : SCANNING : CIPLA
circuit : -0.15%  2021-12-21T10:15:00+0530
adx : 17.03  aroonosc : -14.29
-----------------------------------------------
10:18:40 : SCANNING : COALINDIA
circuit : 1.38%  2021-12-21T10:15:00+0530
adx : 41.37  aroonosc : 92.86
-----------------------------------------------
10:18:41 : SCANNING : COCHINSHIP
circuit : 1.4%  2021-12-21T10:15:00+0530
adx : 23.64  aroonosc : 14.29
-----------------------------------------------
10:18:41 : SCANNING : COFORGE
circuit : 2.32%  2021-12-21T10:15:00+0530
adx : 39.0  aroonosc : 57.14
-----------------------------------------------
10:18:42 : SCANNING : COLPAL
circuit : 1.47%  2021-12-21T10:15:00+0530
adx : 41.71  aroonosc : 64.29
-----------------------------------------------
10:18:42 : SCANNING : CONCOR
circuit : -0.56%  2021-12-21T10:15:00+0530
adx : 17.56  aroonosc : 28.57
-----------------------------------------------
10:18:42 : SCANNING : COROMANDEL
circuit : 0.19%  2021-12-21T10:15:00+0530
adx : 12.96  aroonosc : 14.29
-----------------------------------------------
10:18:43 : SCANNING : CREDITACC
circuit : -1.5%  2021-12-21T10:15:00+0530
adx : 13.4  aroonosc : 7.14
-----------------------------------------------
10:18:43 : SCANNING : CRISIL
circuit : 1.39%  2021-12-21T10:15:00+0530
adx : 30.48  aroonosc : 21.43
-----------------------------------------------
10:18:44 : SCANNING : CROMPTON
circuit : 0.58%  2021-12-21T10:15:00+0530
adx : 23.86  aroonosc : 78.57
-----------------------------------------------
10:18:44 : SCANNING : CSBBANK
circuit : 0.76%  2021-12-21T10:15:00+0530
adx : 20.24  aroonosc : 42.86
-----------------------------------------------
10:18:45 : SCANNING : CUB
circuit : 0.48%  2021-12-21T10:15:00+0530
adx : 32.38  aroonosc : 14.29
-----------------------------------------------
10:18:45 : SCANNING : CUMMINSIND
circuit : 1.11%  2021-12-21T10:15:00+0530
adx : 33.07  aroonosc : 14.29
-----------------------------------------------
10:18:45 : SCANNING : CYIENT
circuit : 0.03%  2021-12-21T10:15:00+0530
adx : 19.94  aroonosc : 14.29
-----------------------------------------------
10:18:46 : SCANNING : DABUR
circuit : 0.5%  2021-12-21T10:15:00+0530
adx : 42.08  aroonosc : 0.0
-----------------------------------------------
10:18:46 : SCANNING : DALBHARAT
circuit : 3.32%  2021-12-21T10:15:00+0530
adx : 40.46  aroonosc : 100.0
-----------------------------------------------
10:18:46 : SCANNING : DBL
circuit : -0.88%  2021-12-21T10:15:00+0530
adx : 45.9  aroonosc : 14.29
-----------------------------------------------
10:18:47 : SCANNING : DCAL
circuit : 2.53%  2021-12-21T10:15:00+0530
adx : 18.5  aroonosc : 92.86
-----------------------------------------------
10:18:47 : SCANNING : DCBBANK
circuit : 2.36%  2021-12-21T10:15:00+0530
adx : 36.01  aroonosc : 14.29
-----------------------------------------------
10:18:48 : SCANNING : DCMSHRIRAM
circuit : 1.12%  2021-12-21T10:15:00+0530
adx : 17.95  aroonosc : 85.71
-----------------------------------------------
10:18:48 : SCANNING : DEEPAKNTR
circuit : 1.17%  2021-12-21T10:15:00+0530
adx : 36.36  aroonosc : 85.71
-----------------------------------------------
10:18:48 : SCANNING : DELTACORP
circuit : 0.33%  2021-12-21T10:15:00+0530
adx : 22.86  aroonosc : 14.29
-----------------------------------------------
10:18:48 : SCANNING : DHANI
circuit : 3.03%  2021-12-21T10:15:00+0530
adx : 27.62  aroonosc : 14.29
-----------------------------------------------
10:18:49 : SCANNING : DHANUKA
circuit : -0.28%  2021-12-21T10:15:00+0530
adx : 19.44  aroonosc : -35.71
-----------------------------------------------
10:18:49 : SCANNING : DISHTV
circuit : 2.69%  2021-12-21T10:15:00+0530
adx : 41.72  aroonosc : -21.43
-----------------------------------------------
10:18:49 : SCANNING : DIVISLAB
circuit : -1.02%  2021-12-21T10:15:00+0530
adx : 24.48  aroonosc : -21.43
-----------------------------------------------
10:18:50 : SCANNING : DIXON
circuit : 1.44%  2021-12-21T10:15:00+0530
adx : 40.19  aroonosc : 14.29
-----------------------------------------------
10:18:50 : SCANNING : DLF
circuit : 0.69%  2021-12-21T10:15:00+0530
adx : 39.57  aroonosc : 28.57
-----------------------------------------------
10:18:50 : SCANNING : DMART
circuit : 0.63%  2021-12-21T10:15:00+0530
adx : 21.12  aroonosc : 7.14
-----------------------------------------------
10:18:51 : SCANNING : DRREDDY
circuit : 0.78%  2021-12-21T10:15:00+0530
adx : 26.37  aroonosc : 7.14
-----------------------------------------------
10:18:51 : SCANNING : ECLERX
circuit : 1.57%  2021-12-21T10:15:00+0530
adx : 17.83  aroonosc : 7.14
-----------------------------------------------
10:18:51 : SCANNING : EDELWEISS
circuit : -0.07%  2021-12-21T10:15:00+0530
adx : 20.01  aroonosc : 7.14
-----------------------------------------------
10:18:52 : SCANNING : EICHERMOT
circuit : -0.02%  2021-12-21T10:15:00+0530
adx : 34.31  aroonosc : -21.43
-----------------------------------------------
10:18:52 : SCANNING : EIDPARRY
circuit : 1.72%  2021-12-21T10:15:00+0530
adx : 27.03  aroonosc : 14.29
-----------------------------------------------
10:18:52 : SCANNING : EIHOTEL
circuit : 1.58%  2021-12-21T10:15:00+0530
adx : 15.11  aroonosc : 21.43
-----------------------------------------------
10:18:53 : SCANNING : ELGIEQUIP
circuit : 2.08%  2021-12-21T10:15:00+0530
adx : 37.45  aroonosc : 35.71
-----------------------------------------------
10:18:53 : SCANNING : EMAMILTD
circuit : -0.73%  2021-12-21T10:15:00+0530
adx : 39.85  aroonosc : 14.29
-----------------------------------------------
10:18:53 : SCANNING : ENDURANCE
circuit : 0.12%  2021-12-21T10:15:00+0530
adx : 25.4  aroonosc : 28.57
-----------------------------------------------
10:18:54 : SCANNING : ENGINERSIN
circuit : 0.07%  2021-12-21T10:15:00+0530
adx : 22.4  aroonosc : 14.29
-----------------------------------------------
10:18:54 : SCANNING : EPL
-----------------------------------------------
10:18:54 : SCANNING : EQUITAS
circuit : -1.06%  2021-12-21T10:15:00+0530
adx : 30.52  aroonosc : 14.29
-----------------------------------------------
10:18:55 : SCANNING : ERIS
circuit : -0.21%  2021-12-21T10:15:00+0530
adx : 25.32  aroonosc : 7.14
-----------------------------------------------
10:18:55 : SCANNING : ESCORTS
circuit : 0.74%  2021-12-21T10:15:00+0530
adx : 29.13  aroonosc : 57.14
-----------------------------------------------
10:18:55 : SCANNING : EXIDEIND
circuit : 0.67%  2021-12-21T10:15:00+0530
adx : 44.75  aroonosc : 57.14
-----------------------------------------------
10:18:56 : SCANNING : FCONSUMER
circuit : -4.73%  2021-12-21T10:15:00+0530
adx : 41.48  aroonosc : -7.14
-----------------------------------------------
10:18:56 : SCANNING : FDC
circuit : 0.59%  2021-12-21T10:15:00+0530
adx : 19.96  aroonosc : 28.57
-----------------------------------------------
10:18:56 : SCANNING : FEDERALBNK
circuit : -0.85%  2021-12-21T10:15:00+0530
adx : 24.91  aroonosc : -21.43
-----------------------------------------------
10:18:57 : SCANNING : FINCABLES
circuit : 0.74%  2021-12-21T10:15:00+0530
adx : 12.21  aroonosc : 21.43
-----------------------------------------------
10:18:57 : SCANNING : FINEORG
circuit : 0.93%  2021-12-21T10:15:00+0530
adx : 17.72  aroonosc : 14.29
-----------------------------------------------
10:18:58 : SCANNING : FINPIPE
circuit : 3.04%  2021-12-21T10:15:00+0530
adx : 28.52  aroonosc : 100.0
-----------------------------------------------
10:18:58 : SCANNING : FLUOROCHEM
circuit : 3.29%  2021-12-21T10:15:00+0530
adx : 39.29  aroonosc : 57.14
-----------------------------------------------
10:18:58 : SCANNING : FORTIS
circuit : 3.17%  2021-12-21T10:15:00+0530
adx : 37.65  aroonosc : 92.86
-----------------------------------------------
10:18:59 : SCANNING : FRETAIL
circuit : -7.9%  2021-12-21T10:15:00+0530
adx : 49.87  aroonosc : -7.14
-----------------------------------------------
10:18:59 : SCANNING : FSL
circuit : 1.06%  2021-12-21T10:15:00+0530
adx : 14.82  aroonosc : 14.29
-----------------------------------------------
10:18:59 : SCANNING : GAEL
circuit : 1.05%  2021-12-21T10:15:00+0530
adx : 13.71  aroonosc : 14.29
-----------------------------------------------
10:19:00 : SCANNING : GAIL
circuit : 0.87%  2021-12-21T10:15:00+0530
adx : 36.38  aroonosc : 64.29
-----------------------------------------------
10:19:00 : SCANNING : GALAXYSURF
circuit : -0.56%  2021-12-21T10:15:00+0530
adx : 34.46  aroonosc : -7.14
-----------------------------------------------
10:19:00 : SCANNING : GARFIBRES
circuit : -0.59%  2021-12-21T10:15:00+0530
adx : 39.37  aroonosc : 0.0
-----------------------------------------------
10:19:01 : SCANNING : GEPIL
circuit : 2.02%  2021-12-21T10:15:00+0530
adx : 16.42  aroonosc : 21.43
-----------------------------------------------
10:19:01 : SCANNING : GESHIP
circuit : 1.45%  2021-12-21T10:15:00+0530
adx : 25.95  aroonosc : 71.43
-----------------------------------------------
10:19:01 : SCANNING : GICRE
circuit : 1.12%  2021-12-21T10:15:00+0530
adx : 18.86  aroonosc : 7.14
-----------------------------------------------
10:19:02 : SCANNING : GILLETTE
circuit : 0.87%  2021-12-21T10:15:00+0530
adx : 18.52  aroonosc : 0.0
-----------------------------------------------
10:19:02 : SCANNING : GLAND
circuit : 1.06%  2021-12-21T10:15:00+0530
adx : 25.09  aroonosc : 92.86
-----------------------------------------------
10:19:02 : SCANNING : GLAXO
circuit : 1.49%  2021-12-21T10:15:00+0530
adx : 35.3  aroonosc : 85.71
-----------------------------------------------
10:19:03 : SCANNING : GLENMARK
circuit : -0.58%  2021-12-21T10:15:00+0530
adx : 21.67  aroonosc : 14.29
-----------------------------------------------
10:19:03 : SCANNING : GMMPFAUDLR
circuit : 2.21%  2021-12-21T10:15:00+0530
adx : 45.14  aroonosc : 100.0
-----------------------------------------------
10:19:03 : SCANNING : GMRINFRA
circuit : 1.13%  2021-12-21T10:15:00+0530
adx : 26.09  aroonosc : 92.86
-----------------------------------------------
10:19:04 : SCANNING : GNFC
circuit : 0.95%  2021-12-21T10:15:00+0530
adx : 24.79  aroonosc : 21.43
-----------------------------------------------
10:19:04 : SCANNING : GODFRYPHLP
-----------------------------------------------
10:19:04 : SCANNING : GODREJAGRO
circuit : -0.75%  2021-12-21T10:15:00+0530
adx : 31.34  aroonosc : -28.57
-----------------------------------------------
10:19:05 : SCANNING : GODREJCP
circuit : 2.77%  2021-12-21T10:15:00+0530
adx : 35.9  aroonosc : 92.86
-----------------------------------------------
10:19:05 : SCANNING : GODREJIND
circuit : 2.55%  2021-12-21T10:15:00+0530
adx : 43.57  aroonosc : 78.57
-----------------------------------------------
10:19:05 : SCANNING : GODREJPROP
circuit : 1.18%  2021-12-21T10:15:00+0530
adx : 18.69  aroonosc : 78.57
-----------------------------------------------
10:19:06 : SCANNING : GPPL
circuit : 0.05%  2021-12-21T10:15:00+0530
adx : 34.96  aroonosc : 7.14
-----------------------------------------------
10:19:06 : SCANNING : GRANULES
circuit : -0.58%  2021-12-21T10:15:00+0530
adx : 12.17  aroonosc : 21.43
-----------------------------------------------
10:19:06 : SCANNING : GRAPHITE
circuit : 0.09%  2021-12-21T10:15:00+0530
adx : 27.29  aroonosc : -28.57
-----------------------------------------------
10:19:07 : SCANNING : GRASIM
circuit : 2.28%  2021-12-21T10:15:00+0530
adx : 52.9  aroonosc : 92.86
-----------------------------------------------
10:19:07 : SCANNING : GREAVESCOT
circuit : 1.45%  2021-12-21T10:15:00+0530
adx : 36.06  aroonosc : 78.57
-----------------------------------------------
10:19:07 : SCANNING : GRINDWELL
circuit : 1.05%  2021-12-21T10:15:00+0530
adx : 22.84  aroonosc : 57.14
-----------------------------------------------
10:19:08 : SCANNING : GRSE
circuit : 2.33%  2021-12-21T10:15:00+0530
adx : 16.78  aroonosc : 92.86
-----------------------------------------------
10:19:08 : SCANNING : GSFC
circuit : 0.87%  2021-12-21T10:15:00+0530
adx : 21.58  aroonosc : 14.29
-----------------------------------------------
10:19:09 : SCANNING : GSPL
circuit : 0.77%  2021-12-21T10:15:00+0530
adx : 31.13  aroonosc : 28.57
-----------------------------------------------
10:19:09 : SCANNING : GUJALKALI
circuit : 0.63%  2021-12-21T10:15:00+0530
adx : 44.7  aroonosc : 21.43
-----------------------------------------------
10:19:09 : SCANNING : GUJGASLTD
circuit : 1.65%  2021-12-21T10:15:00+0530
adx : 46.09  aroonosc : 92.86
-----------------------------------------------
10:19:09 : SCANNING : GULFOILLUB
circuit : -0.25%  2021-12-21T10:15:00+0530
adx : 22.72  aroonosc : 0.0
-----------------------------------------------
10:19:10 : SCANNING : HAL
circuit : 0.25%  2021-12-21T10:15:00+0530
adx : 32.08  aroonosc : 7.14
-----------------------------------------------
10:19:10 : SCANNING : HATSUN
circuit : -1.89%  2021-12-21T10:15:00+0530
adx : 24.03  aroonosc : -28.57
-----------------------------------------------
10:19:11 : SCANNING : HAVELLS
circuit : 3.25%  2021-12-21T10:15:00+0530
adx : 39.81  aroonosc : 21.43
-----------------------------------------------
10:19:11 : SCANNING : HCLTECH
circuit : 3.3%  2021-12-21T10:15:00+0530
adx : 52.63  aroonosc : 85.71
-----------------------------------------------
10:19:11 : SCANNING : HDFC
circuit : -0.92%  2021-12-21T10:15:00+0530
adx : 43.88  aroonosc : -21.43
-----------------------------------------------
10:19:12 : SCANNING : HDFCAMC
circuit : 0.04%  2021-12-21T10:15:00+0530
adx : 23.04  aroonosc : 21.43
-----------------------------------------------
10:19:12 : SCANNING : HDFCBANK
circuit : 0.01%  2021-12-21T10:15:00+0530
adx : 12.48  aroonosc : 14.29
-----------------------------------------------
10:19:12 : SCANNING : HDFCLIFE
circuit : -0.37%  2021-12-21T10:15:00+0530
adx : 26.14  aroonosc : 7.14
-----------------------------------------------
10:19:13 : SCANNING : HEG
circuit : -0.55%  2021-12-21T10:15:00+0530
adx : 20.25  aroonosc : 14.29
-----------------------------------------------
10:19:13 : SCANNING : HEIDELBERG
circuit : 1.09%  2021-12-21T10:15:00+0530
adx : 23.68  aroonosc : 92.86
-----------------------------------------------
10:19:13 : SCANNING : HEMIPROP
circuit : 1.4%  2021-12-21T10:15:00+0530
adx : 28.58  aroonosc : 14.29
-----------------------------------------------
10:19:14 : SCANNING : HEROMOTOCO
circuit : -1.26%  2021-12-21T10:15:00+0530
adx : 38.4  aroonosc : -21.43
-----------------------------------------------
10:19:14 : SCANNING : HINDALCO
circuit : 1.77%  2021-12-21T10:15:00+0530
adx : 52.65  aroonosc : 100.0
-----------------------------------------------
10:19:15 : SCANNING : HINDCOPPER
circuit : 0.61%  2021-12-21T10:15:00+0530
adx : 34.34  aroonosc : 57.14
-----------------------------------------------
10:19:15 : SCANNING : HINDPETRO
circuit : 0.51%  2021-12-21T10:15:00+0530
adx : 18.24  aroonosc : 7.14
-----------------------------------------------
10:19:16 : SCANNING : HINDUNILVR
circuit : -0.39%  2021-12-21T10:15:00+0530
adx : 34.1  aroonosc : 7.14
-----------------------------------------------
10:19:16 : SCANNING : HINDZINC
circuit : 1.71%  2021-12-21T10:15:00+0530
adx : 24.75  aroonosc : 28.57
-----------------------------------------------
10:19:17 : SCANNING : HONAUT
circuit : 0.03%  2021-12-21T10:15:00+0530
adx : 25.07  aroonosc : 14.29
-----------------------------------------------
10:19:17 : SCANNING : HSCL
circuit : 1.41%  2021-12-21T10:15:00+0530
adx : 44.67  aroonosc : 7.14
-----------------------------------------------
10:19:17 : SCANNING : HUDCO
circuit : 1.03%  2021-12-21T10:15:00+0530
adx : 27.85  aroonosc : 71.43
-----------------------------------------------
10:19:18 : SCANNING : HUHTAMAKI
circuit : 1.04%  2021-12-21T10:15:00+0530
adx : 11.99  aroonosc : 7.14
-----------------------------------------------
10:19:18 : SCANNING : IBREALEST
circuit : 3.34%  2021-12-21T10:15:00+0530
adx : 38.98  aroonosc : 92.86
-----------------------------------------------
10:19:18 : SCANNING : IBULHSGFIN
circuit : 0.95%  2021-12-21T10:15:00+0530
adx : 28.23  aroonosc : 21.43
-----------------------------------------------
10:19:19 : SCANNING : ICICIBANK
circuit : 0.38%  2021-12-21T10:15:00+0530
adx : 42.68  aroonosc : 21.43
-----------------------------------------------
10:19:19 : SCANNING : ICICIGI
circuit : 1.16%  2021-12-21T10:15:00+0530
adx : 33.13  aroonosc : 78.57
-----------------------------------------------
10:19:19 : SCANNING : ICICIPRULI
circuit : 1.29%  2021-12-21T10:15:00+0530
adx : 30.98  aroonosc : 71.43
-----------------------------------------------
10:19:20 : SCANNING : ICIL
circuit : -1.18%  2021-12-21T10:15:00+0530
adx : 23.07  aroonosc : 21.43
-----------------------------------------------
10:19:20 : SCANNING : IDBI
circuit : 2.85%  2021-12-21T10:15:00+0530
adx : 44.88  aroonosc : 71.43
-----------------------------------------------
10:19:20 : SCANNING : IDEA
circuit : 1.81%  2021-12-21T10:15:00+0530
adx : 36.05  aroonosc : 71.43
-----------------------------------------------
10:19:21 : SCANNING : IDFC
circuit : 1.58%  2021-12-21T10:15:00+0530
adx : 39.53  aroonosc : 28.57
-----------------------------------------------
10:19:21 : SCANNING : IDFCFIRSTB
circuit : 0.11%  2021-12-21T10:15:00+0530
adx : 13.26  aroonosc : 21.43
-----------------------------------------------
10:19:22 : SCANNING : IEX
circuit : 1.32%  2021-12-21T10:15:00+0530
adx : 31.97  aroonosc : 21.43
-----------------------------------------------
10:19:22 : SCANNING : IFBIND
circuit : 0.42%  2021-12-21T10:15:00+0530
adx : 36.13  aroonosc : 64.29
-----------------------------------------------
10:19:22 : SCANNING : IGL
circuit : 0.45%  2021-12-21T10:15:00+0530
adx : 34.98  aroonosc : 64.29
-----------------------------------------------
10:19:23 : SCANNING : IIFL
circuit : -0.07%  2021-12-21T10:15:00+0530
adx : 28.7  aroonosc : 35.71
-----------------------------------------------
10:19:23 : SCANNING : IIFLWAM
circuit : -1.18%  2021-12-21T10:15:00+0530
adx : 17.71  aroonosc : 7.14
-----------------------------------------------
10:19:23 : SCANNING : INDHOTEL
circuit : -0.65%  2021-12-21T10:15:00+0530
adx : 14.04  aroonosc : -21.43
-----------------------------------------------
10:19:24 : SCANNING : INDIACEM
circuit : 1.02%  2021-12-21T10:15:00+0530
adx : 33.78  aroonosc : 14.29
-----------------------------------------------
10:19:24 : SCANNING : INDIAMART
circuit : 0.22%  2021-12-21T10:15:00+0530
adx : 13.75  aroonosc : 28.57
-----------------------------------------------
10:19:25 : SCANNING : INDIANB
circuit : 0.64%  2021-12-21T10:15:00+0530
adx : 31.89  aroonosc : 28.57
-----------------------------------------------
10:19:25 : SCANNING : INDIGO
circuit : -1.09%  2021-12-21T10:15:00+0530
adx : 23.01  aroonosc : -35.71
-----------------------------------------------
10:19:25 : SCANNING : INDOCO
circuit : 0.78%  2021-12-21T10:15:00+0530
adx : 22.68  aroonosc : 14.29
-----------------------------------------------
10:19:26 : SCANNING : INDUSINDBK
circuit : 0.09%  2021-12-21T10:15:00+0530
adx : 26.96  aroonosc : 21.43
-----------------------------------------------
10:19:26 : SCANNING : INDUSTOWER
circuit : 2.94%  2021-12-21T10:15:00+0530
adx : 40.74  aroonosc : 100.0
-----------------------------------------------
10:19:26 : SCANNING : INFIBEAM
circuit : 1.54%  2021-12-21T10:15:00+0530
adx : 41.11  aroonosc : 28.57
-----------------------------------------------
10:19:27 : SCANNING : INFY
circuit : 1.09%  2021-12-21T10:15:00+0530
adx : 30.31  aroonosc : 64.29
-----------------------------------------------
10:19:28 : SCANNING : INGERRAND
circuit : 1.37%  2021-12-21T10:15:00+0530
adx : 27.02  aroonosc : 50.0
-----------------------------------------------
10:19:29 : SCANNING : INOXLEISUR
circuit : 3.35%  2021-12-21T10:15:00+0530
adx : 47.66  aroonosc : 7.14
-----------------------------------------------
10:19:29 : SCANNING : INTELLECT
circuit : 0.26%  2021-12-21T10:15:00+0530
adx : 18.66  aroonosc : 21.43
-----------------------------------------------
10:19:29 : SCANNING : IOB
circuit : 1.49%  2021-12-21T10:15:00+0530
adx : 37.14  aroonosc : 21.43
-----------------------------------------------
10:19:30 : SCANNING : IOC
circuit : -0.18%  2021-12-21T10:15:00+0530
adx : 14.15  aroonosc : 21.43
-----------------------------------------------
10:19:30 : SCANNING : IOLCP
circuit : -0.71%  2021-12-21T10:15:00+0530
adx : 50.03  aroonosc : 14.29
-----------------------------------------------
10:19:30 : SCANNING : IPCALAB
circuit : 0.25%  2021-12-21T10:15:00+0530
adx : 11.77  aroonosc : 28.57
-----------------------------------------------
10:19:31 : SCANNING : IRB
circuit : -1.03%  2021-12-21T10:15:00+0530
adx : 19.15  aroonosc : 28.57
-----------------------------------------------
10:19:31 : SCANNING : IRCON
circuit : 0.33%  2021-12-21T10:15:00+0530
adx : 28.47  aroonosc : 14.29
-----------------------------------------------
10:19:31 : SCANNING : IRCTC
circuit : 0.35%  2021-12-21T10:15:00+0530
adx : 27.5  aroonosc : 21.43
-----------------------------------------------
10:19:32 : SCANNING : ISEC
circuit : 1.12%  2021-12-21T10:15:00+0530
adx : 31.33  aroonosc : 14.29
-----------------------------------------------
10:19:32 : SCANNING : ITC
circuit : -0.14%  2021-12-21T10:15:00+0530
adx : 19.29  aroonosc : -14.29
-----------------------------------------------
10:19:32 : SCANNING : ITI
circuit : 1.43%  2021-12-21T10:15:00+0530
adx : 20.4  aroonosc : 21.43
-----------------------------------------------
10:19:33 : SCANNING : J&KBANK
circuit : 2.17%  2021-12-21T10:15:00+0530
adx : 27.57  aroonosc : 50.0
-----------------------------------------------
10:19:33 : SCANNING : JAMNAAUTO
circuit : 2.56%  2021-12-21T10:15:00+0530
adx : 22.88  aroonosc : 7.14
-----------------------------------------------
10:19:34 : SCANNING : JBCHEPHARM
circuit : -0.57%  2021-12-21T10:15:00+0530
adx : 50.23  aroonosc : 14.29
-----------------------------------------------
10:19:34 : SCANNING : JCHAC
circuit : 1.6%  2021-12-21T10:15:00+0530
adx : 32.71  aroonosc : 14.29
-----------------------------------------------
10:19:34 : SCANNING : JINDALSAW
circuit : 1.68%  2021-12-21T10:15:00+0530
adx : 28.46  aroonosc : 64.29
-----------------------------------------------
10:19:35 : SCANNING : JINDALSTEL
circuit : 1.78%  2021-12-21T10:15:00+0530
adx : 46.4  aroonosc : 71.43
-----------------------------------------------
10:19:35 : SCANNING : JKCEMENT
circuit : 1.93%  2021-12-21T10:15:00+0530
adx : 21.69  aroonosc : 64.29
-----------------------------------------------
10:19:35 : SCANNING : JKLAKSHMI
circuit : 0.68%  2021-12-21T10:15:00+0530
adx : 21.18  aroonosc : 21.43
-----------------------------------------------
10:19:36 : SCANNING : JKPAPER
circuit : 0.77%  2021-12-21T10:15:00+0530
adx : 33.74  aroonosc : 71.43
-----------------------------------------------
10:19:36 : SCANNING : JKTYRE
circuit : 2.42%  2021-12-21T10:15:00+0530
adx : 35.85  aroonosc : 100.0
-----------------------------------------------
10:19:36 : SCANNING : JMFINANCIL
circuit : -0.62%  2021-12-21T10:15:00+0530
adx : 29.82  aroonosc : 7.14
-----------------------------------------------
10:19:37 : SCANNING : JSL
circuit : 3.38%  2021-12-21T10:15:00+0530
adx : 23.22  aroonosc : 92.86
-----------------------------------------------
10:19:37 : SCANNING : JSLHISAR
circuit : 3.03%  2021-12-21T10:15:00+0530
adx : 21.36  aroonosc : 85.71
-----------------------------------------------
10:19:38 : SCANNING : JSWSTEEL
circuit : 2.3%  2021-12-21T10:15:00+0530
adx : 61.13  aroonosc : 64.29
-----------------------------------------------
10:19:38 : SCANNING : JTEKTINDIA
circuit : 1.17%  2021-12-21T10:15:00+0530
adx : 25.49  aroonosc : 57.14
-----------------------------------------------
10:19:38 : SCANNING : JUBLFOOD
circuit : -0.84%  2021-12-21T10:15:00+0530
adx : 16.04  aroonosc : 28.57
-----------------------------------------------
10:19:39 : SCANNING : JUSTDIAL
circuit : 2.76%  2021-12-21T10:15:00+0530
adx : 35.71  aroonosc : 71.43
-----------------------------------------------
10:19:39 : SCANNING : JYOTHYLAB
circuit : 0.29%  2021-12-21T10:15:00+0530
adx : 24.98  aroonosc : 14.29
-----------------------------------------------
10:19:40 : SCANNING : KAJARIACER
circuit : 1.63%  2021-12-21T10:15:00+0530
adx : 28.29  aroonosc : 14.29
-----------------------------------------------
10:19:40 : SCANNING : KALPATPOWR
circuit : 0.8%  2021-12-21T10:15:00+0530
adx : 18.04  aroonosc : -21.43
-----------------------------------------------
10:19:40 : SCANNING : KANSAINER
circuit : -0.49%  2021-12-21T10:15:00+0530
adx : 19.62  aroonosc : 0.0
-----------------------------------------------
10:19:41 : SCANNING : KARURVYSYA
circuit : -0.33%  2021-12-21T10:15:00+0530
adx : 36.89  aroonosc : 78.57
-----------------------------------------------
10:19:41 : SCANNING : KEC
circuit : 0.54%  2021-12-21T10:15:00+0530
adx : 15.88  aroonosc : -7.14
-----------------------------------------------
10:19:41 : SCANNING : KEI
circuit : -0.73%  2021-12-21T10:15:00+0530
adx : 16.19  aroonosc : 14.29
-----------------------------------------------
10:19:42 : SCANNING : KNRCON
circuit : 0.43%  2021-12-21T10:15:00+0530
adx : 13.21  aroonosc : 21.43
-----------------------------------------------
10:19:42 : SCANNING : KOTAKBANK
circuit : -0.7%  2021-12-21T10:15:00+0530
adx : 21.2  aroonosc : 7.14
-----------------------------------------------
10:19:43 : SCANNING : KPITTECH
circuit : 3.29%  2021-12-21T10:15:00+0530
adx : 37.21  aroonosc : 57.14
-----------------------------------------------
10:19:43 : SCANNING : KPRMILL
circuit : 2.15%  2021-12-21T10:15:00+0530
adx : 23.56  aroonosc : 21.43
-----------------------------------------------
10:19:43 : SCANNING : KRBL
circuit : 0.29%  2021-12-21T10:15:00+0530
adx : 21.51  aroonosc : 21.43
-----------------------------------------------
10:19:44 : SCANNING : KSB
circuit : 0.98%  2021-12-21T10:15:00+0530
adx : 15.32  aroonosc : 35.71
-----------------------------------------------
10:19:44 : SCANNING : KSCL
circuit : -0.91%  2021-12-21T10:15:00+0530
adx : 23.85  aroonosc : 14.29
-----------------------------------------------
10:19:44 : SCANNING : L&TFH
circuit : 2.92%  2021-12-21T10:15:00+0530
adx : 49.53  aroonosc : 92.86
-----------------------------------------------
10:19:45 : SCANNING : LALPATHLAB
circuit : -0.17%  2021-12-21T10:15:00+0530
adx : 19.18  aroonosc : 7.14
-----------------------------------------------
10:19:45 : SCANNING : LAOPALA
circuit : 3.44%  2021-12-21T10:15:00+0530
adx : 42.3  aroonosc : 21.43
-----------------------------------------------
10:19:45 : SCANNING : LAURUSLABS
circuit : 0.77%  2021-12-21T10:15:00+0530
adx : 20.55  aroonosc : 21.43
-----------------------------------------------
10:19:46 : SCANNING : LAXMIMACH
circuit : 3.29%  2021-12-21T10:15:00+0530
adx : 29.44  aroonosc : 64.29
-----------------------------------------------
10:19:46 : SCANNING : LEMONTREE
circuit : 4.01%  2021-12-21T10:15:00+0530
adx : 32.28  aroonosc : 14.29
-----------------------------------------------
10:19:47 : SCANNING : LICHSGFIN
circuit : -0.04%  2021-12-21T10:15:00+0530
adx : 35.91  aroonosc : 21.43
-----------------------------------------------
10:19:47 : SCANNING : LINDEINDIA
circuit : 0.86%  2021-12-21T10:15:00+0530
adx : 18.85  aroonosc : 21.43
-----------------------------------------------
10:19:47 : SCANNING : LT
circuit : 0.2%  2021-12-21T10:15:00+0530
adx : 29.72  aroonosc : 14.29
-----------------------------------------------
10:19:48 : SCANNING : LTI
circuit : 2.47%  2021-12-21T10:15:00+0530
adx : 27.15  aroonosc : 92.86
-----------------------------------------------
10:19:48 : SCANNING : LTTS
circuit : 1.43%  2021-12-21T10:15:00+0530
adx : 20.88  aroonosc : 92.86
-----------------------------------------------
10:19:48 : SCANNING : LUPIN
circuit : 0.25%  2021-12-21T10:15:00+0530
adx : 33.49  aroonosc : 21.43
-----------------------------------------------
10:19:49 : SCANNING : LUXIND
circuit : 0.13%  2021-12-21T10:15:00+0530
adx : 30.34  aroonosc : 14.29
-----------------------------------------------
10:19:49 : SCANNING : M&M
circuit : -0.57%  2021-12-21T10:15:00+0530
adx : 30.37  aroonosc : 7.14
-----------------------------------------------
10:19:50 : SCANNING : M&MFIN
circuit : 0.14%  2021-12-21T10:15:00+0530
adx : 18.74  aroonosc : 21.43
-----------------------------------------------
10:19:50 : SCANNING : MAHABANK
circuit : 0.79%  2021-12-21T10:15:00+0530
adx : 20.79  aroonosc : 7.14
-----------------------------------------------
10:19:50 : SCANNING : MAHINDCIE
circuit : 1.1%  2021-12-21T10:15:00+0530
adx : 20.83  aroonosc : 21.43
-----------------------------------------------
10:19:51 : SCANNING : MAHLOG
circuit : -0.53%  2021-12-21T10:15:00+0530
adx : 15.54  aroonosc : 7.14
-----------------------------------------------
10:19:51 : SCANNING : MAHSCOOTER
circuit : 1.63%  2021-12-21T10:15:00+0530
adx : 28.22  aroonosc : 0.0
-----------------------------------------------
10:19:51 : SCANNING : MAHSEAMLES
circuit : 1.63%  2021-12-21T10:15:00+0530
adx : 37.99  aroonosc : 64.29
-----------------------------------------------
10:19:52 : SCANNING : MANAPPURAM
circuit : -0.85%  2021-12-21T10:15:00+0530
adx : 35.19  aroonosc : 21.43
-----------------------------------------------
10:19:52 : SCANNING : MARICO
circuit : 0.15%  2021-12-21T10:15:00+0530
adx : 24.72  aroonosc : -28.57
-----------------------------------------------
10:19:52 : SCANNING : MARUTI
circuit : 0.07%  2021-12-21T10:15:00+0530
adx : 38.23  aroonosc : 7.14
-----------------------------------------------
10:19:53 : SCANNING : MASFIN
circuit : 2.04%  2021-12-21T10:15:00+0530
adx : 22.69  aroonosc : 71.43
-----------------------------------------------
10:19:53 : SCANNING : MAXHEALTH
circuit : 2.99%  2021-12-21T10:15:00+0530
adx : 39.56  aroonosc : 85.71
-----------------------------------------------
10:19:53 : SCANNING : MAZDOCK
circuit : 1.31%  2021-12-21T10:15:00+0530
adx : 26.45  aroonosc : 28.57
-----------------------------------------------
10:19:54 : SCANNING : MCDOWELL-N
circuit : 1.87%  2021-12-21T10:15:00+0530
adx : 32.96  aroonosc : 92.86
-----------------------------------------------
10:19:54 : SCANNING : MCX
circuit : 0.75%  2021-12-21T10:15:00+0530
adx : 33.03  aroonosc : 64.29
-----------------------------------------------
10:19:55 : SCANNING : METROPOLIS
circuit : 1.74%  2021-12-21T10:15:00+0530
adx : 23.44  aroonosc : 85.71
-----------------------------------------------
10:19:55 : SCANNING : MFSL
circuit : 3.43%  2021-12-21T10:15:00+0530
adx : 16.63  aroonosc : 92.86
-----------------------------------------------
10:19:55 : SCANNING : MGL
circuit : 0.37%  2021-12-21T10:15:00+0530
adx : 30.62  aroonosc : 14.29
-----------------------------------------------
10:19:56 : SCANNING : MHRIL
circuit : -0.44%  2021-12-21T10:15:00+0530
adx : 20.62  aroonosc : 7.14
-----------------------------------------------
10:19:56 : SCANNING : MIDHANI
circuit : 0.89%  2021-12-21T10:15:00+0530
adx : 18.03  aroonosc : 0.0
-----------------------------------------------
10:19:56 : SCANNING : MINDACORP
circuit : 0.81%  2021-12-21T10:15:00+0530
adx : 29.47  aroonosc : 92.86
-----------------------------------------------
10:19:57 : SCANNING : MINDAIND
circuit : 0.45%  2021-12-21T10:15:00+0530
adx : 34.1  aroonosc : 14.29
-----------------------------------------------
10:19:57 : SCANNING : MINDTREE
circuit : 1.1%  2021-12-21T10:15:00+0530
adx : 40.57  aroonosc : 71.43
-----------------------------------------------
10:19:57 : SCANNING : MMTC
circuit : 1.47%  2021-12-21T10:15:00+0530
adx : 34.44  aroonosc : 78.57
-----------------------------------------------
10:19:58 : SCANNING : MOIL
circuit : 1.13%  2021-12-21T10:15:00+0530
adx : 30.22  aroonosc : 50.0
-----------------------------------------------
10:19:58 : SCANNING : MOTILALOFS
circuit : 0.76%  2021-12-21T10:15:00+0530
adx : 26.78  aroonosc : -21.43
-----------------------------------------------
10:19:59 : SCANNING : MPHASIS
circuit : 0.52%  2021-12-21T10:15:00+0530
adx : 36.31  aroonosc : 21.43
-----------------------------------------------
10:19:59 : SCANNING : MRF
circuit : 0.43%  2021-12-21T10:15:00+0530
adx : 20.28  aroonosc : 21.43
-----------------------------------------------
10:19:59 : SCANNING : MRPL
-----------------------------------------------
10:20:00 : SCANNING : MUTHOOTFIN
circuit : 0.21%  2021-12-21T10:15:00+0530
adx : 18.14  aroonosc : 7.14
-----------------------------------------------
10:20:01 : SCANNING : NAM-INDIA
circuit : 0.61%  2021-12-21T10:20:00+0530
adx : 13.77  aroonosc : 7.14
-----------------------------------------------
10:20:01 : SCANNING : NATCOPHARM
circuit : 2.57%  2021-12-21T10:15:00+0530
adx : 16.08  aroonosc : 78.57
-----------------------------------------------
10:20:01 : SCANNING : NATIONALUM
circuit : 2.58%  2021-12-21T10:15:00+0530
adx : 50.4  aroonosc : 78.57
-----------------------------------------------
10:20:02 : SCANNING : NAUKRI
circuit : 0.3%  2021-12-21T10:15:00+0530
adx : 20.14  aroonosc : 7.14
-----------------------------------------------
10:20:02 : SCANNING : NAVINFLUOR
circuit : 2.94%  2021-12-21T10:15:00+0530
adx : 48.62  aroonosc : 92.86
-----------------------------------------------
10:20:03 : SCANNING : NBCC
circuit : 0.48%  2021-12-21T10:20:00+0530
adx : 29.53  aroonosc : 92.86
-----------------------------------------------
10:20:03 : SCANNING : NCC
circuit : 0.44%  2021-12-21T10:20:00+0530
adx : 37.75  aroonosc : 7.14
-----------------------------------------------
10:20:03 : SCANNING : NESCO
circuit : 1.41%  2021-12-21T10:15:00+0530
adx : 20.99  aroonosc : 28.57
-----------------------------------------------
10:20:04 : SCANNING : NESTLEIND
circuit : 0.23%  2021-12-21T10:20:00+0530
adx : 39.58  aroonosc : 92.86
-----------------------------------------------
10:20:04 : SCANNING : NETWORK18
circuit : 2.23%  2021-12-21T10:20:00+0530
adx : 28.0  aroonosc : 14.29
-----------------------------------------------
10:20:04 : SCANNING : NFL
circuit : 1.01%  2021-12-21T10:20:00+0530
adx : 27.28  aroonosc : 21.43
-----------------------------------------------
10:20:05 : SCANNING : NH
circuit : 0.7%  2021-12-21T10:20:00+0530
adx : 11.81  aroonosc : 14.29
-----------------------------------------------
10:20:05 : SCANNING : NHPC
circuit : 1.85%  2021-12-21T10:20:00+0530
adx : 34.39  aroonosc : 57.14
-----------------------------------------------
10:20:06 : SCANNING : NIACL
circuit : -0.07%  2021-12-21T10:20:00+0530
adx : 23.07  aroonosc : 14.29
-----------------------------------------------
10:20:06 : SCANNING : NILKAMAL
circuit : 0.08%  2021-12-21T10:15:00+0530
adx : 12.98  aroonosc : 21.43
-----------------------------------------------
10:20:06 : SCANNING : NLCINDIA
circuit : 0.77%  2021-12-21T10:20:00+0530
adx : 29.39  aroonosc : 28.57
-----------------------------------------------
10:20:07 : SCANNING : NMDC
circuit : 6.72%  2021-12-21T10:20:00+0530
adx : 22.23  aroonosc : 57.14
-----------------------------------------------
10:20:07 : SCANNING : NOCIL
circuit : -0.38%  2021-12-21T10:20:00+0530
adx : 30.13  aroonosc : 14.29
-----------------------------------------------
10:20:07 : SCANNING : NTPC
circuit : -0.08%  2021-12-21T10:20:00+0530
adx : 39.77  aroonosc : 64.29
rpt : 1190.0
{'candle': 'green', 'type': 'BUY', 'instrument': 'NTPC', 'price': 120.2, 'qty': 4949, 'target': 120.35, 'stoploss': 120.05, 'volume': 82550, 'adx': 50.48648436642578, 'aroonosc': 64.28571428571429, 'atr': 0.35497661662436336, 'open': 120.15, 'high': 120.35, 'low': 120.05, 'close': 120.35, 'product': 'MIS', 'time': '2021-12-20T13:45:00+0530'}
10:20:08 : Validation Failed : Time Gap in Seconds : 74108
-----------------------------------------------
10:20:08 : SCANNING : OBEROIRLTY
circuit : 0.42%  2021-12-21T10:15:00+0530
adx : 25.12  aroonosc : 28.57
-----------------------------------------------
10:20:08 : SCANNING : OFSS
circuit : 1.35%  2021-12-21T10:20:00+0530
adx : 46.08  aroonosc : 50.0
-----------------------------------------------
10:20:09 : SCANNING : OIL
circuit : 0.98%  2021-12-21T10:20:00+0530
adx : 20.85  aroonosc : 14.29
-----------------------------------------------
10:20:09 : SCANNING : ONGC
circuit : -0.19%  2021-12-21T10:20:00+0530
adx : 31.68  aroonosc : -21.43
-----------------------------------------------
10:20:09 : SCANNING : ORIENTELEC
circuit : 2.11%  2021-12-21T10:20:00+0530
adx : 16.51  aroonosc : 14.29
-----------------------------------------------
10:20:10 : SCANNING : PAGEIND
circuit : 1.42%  2021-12-21T10:15:00+0530
adx : 23.73  aroonosc : 92.86
-----------------------------------------------
10:20:10 : SCANNING : PEL
circuit : 0.33%  2021-12-21T10:15:00+0530
adx : 17.36  aroonosc : 92.86
-----------------------------------------------
10:20:10 : SCANNING : PERSISTENT
circuit : -1.11%  2021-12-21T10:20:00+0530
adx : 28.36  aroonosc : -21.43
-----------------------------------------------
10:20:11 : SCANNING : PETRONET
circuit : -0.09%  2021-12-21T10:15:00+0530
adx : 16.02  aroonosc : -14.29
-----------------------------------------------
10:20:11 : SCANNING : PFC
circuit : 0.39%  2021-12-21T10:20:00+0530
adx : 16.46  aroonosc : 28.57
-----------------------------------------------
10:20:11 : SCANNING : PFIZER
circuit : 0.84%  2021-12-21T10:20:00+0530
adx : 17.92  aroonosc : 28.57
-----------------------------------------------
10:20:12 : SCANNING : PGHH
circuit : 0.49%  2021-12-21T10:20:00+0530
adx : 26.06  aroonosc : 7.14
-----------------------------------------------
10:20:12 : SCANNING : PGHL
circuit : -0.4%  2021-12-21T10:20:00+0530
adx : 27.65  aroonosc : 42.86
-----------------------------------------------
10:20:12 : SCANNING : PHILIPCARB
circuit : 1.23%  2021-12-21T10:20:00+0530
adx : 10.61  aroonosc : 14.29
-----------------------------------------------
10:20:13 : SCANNING : PHOENIXLTD
circuit : -3.8%  2021-12-21T10:20:00+0530
adx : 40.04  aroonosc : -100.0
-----------------------------------------------
10:20:13 : SCANNING : PIDILITIND
circuit : 0.34%  2021-12-21T10:20:00+0530
adx : 36.9  aroonosc : 14.29
-----------------------------------------------
10:20:13 : SCANNING : PIIND
circuit : 0.83%  2021-12-21T10:20:00+0530
adx : 31.21  aroonosc : 85.71
-----------------------------------------------
10:20:14 : SCANNING : PNB
circuit : 1.22%  2021-12-21T10:20:00+0530
adx : 26.25  aroonosc : 21.43
-----------------------------------------------
10:20:14 : SCANNING : PNBHOUSING
circuit : 2.62%  2021-12-21T10:20:00+0530
adx : 51.35  aroonosc : 64.29
-----------------------------------------------
10:20:15 : SCANNING : PNCINFRA
circuit : -1.16%  2021-12-21T10:20:00+0530
adx : 36.48  aroonosc : -35.71
-----------------------------------------------
10:20:15 : SCANNING : POLYCAB
circuit : 0.05%  2021-12-21T10:15:00+0530
adx : 40.06  aroonosc : 28.57
-----------------------------------------------
10:20:15 : SCANNING : POLYMED
circuit : -0.6%  2021-12-21T10:20:00+0530
adx : 24.09  aroonosc : -42.86
-----------------------------------------------
10:20:16 : SCANNING : POLYPLEX
circuit : 0.75%  2021-12-21T10:20:00+0530
adx : 19.78  aroonosc : 7.14
-----------------------------------------------
10:20:16 : SCANNING : POWERGRID
circuit : -1.42%  2021-12-21T10:15:00+0530
adx : 16.29  aroonosc : -64.29
-----------------------------------------------
10:20:16 : SCANNING : POWERINDIA
circuit : 0.68%  2021-12-21T10:15:00+0530
adx : 30.79  aroonosc : 14.29
-----------------------------------------------
10:20:17 : SCANNING : PRESTIGE
circuit : 0.72%  2021-12-21T10:20:00+0530
adx : 22.78  aroonosc : 14.29
-----------------------------------------------
10:20:17 : SCANNING : PRINCEPIPE
circuit : 1.59%  2021-12-21T10:20:00+0530
adx : 28.77  aroonosc : 14.29
-----------------------------------------------
10:20:17 : SCANNING : PRSMJOHNSN
circuit : 4.32%  2021-12-21T10:20:00+0530
adx : 35.91  aroonosc : 100.0
-----------------------------------------------
10:20:18 : SCANNING : PSB
circuit : 2.19%  2021-12-21T10:15:00+0530
adx : 26.48  aroonosc : 85.71
-----------------------------------------------
10:20:18 : SCANNING : PVR
circuit : 0.29%  2021-12-21T10:20:00+0530
adx : 22.3  aroonosc : -28.57
-----------------------------------------------
10:20:18 : SCANNING : QUESS
circuit : 1.13%  2021-12-21T10:15:00+0530
adx : 25.47  aroonosc : 78.57
-----------------------------------------------
10:20:19 : SCANNING : RADICO
circuit : 0.38%  2021-12-21T10:20:00+0530
adx : 22.09  aroonosc : 7.14
-----------------------------------------------
10:20:19 : SCANNING : RAIN
circuit : -0.61%  2021-12-21T10:20:00+0530
adx : 14.88  aroonosc : 7.14
-----------------------------------------------
10:20:19 : SCANNING : RAJESHEXPO
circuit : -0.06%  2021-12-21T10:20:00+0530
adx : 13.19  aroonosc : 14.29
-----------------------------------------------
10:20:20 : SCANNING : RALLIS
circuit : 0.31%  2021-12-21T10:20:00+0530
adx : 13.43  aroonosc : 7.14
-----------------------------------------------
10:20:20 : SCANNING : RAMCOCEM
circuit : 1.46%  2021-12-21T10:20:00+0530
adx : 24.29  aroonosc : 71.43
-----------------------------------------------
10:20:21 : SCANNING : RATNAMANI
circuit : 3.79%  2021-12-21T10:20:00+0530
adx : 40.08  aroonosc : 14.29
-----------------------------------------------
10:20:21 : SCANNING : RAYMOND
circuit : 0.76%  2021-12-21T10:15:00+0530
adx : 32.49  aroonosc : 14.29
-----------------------------------------------
10:20:21 : SCANNING : RBLBANK
circuit : -0.7%  2021-12-21T10:20:00+0530
adx : 18.61  aroonosc : 14.29
-----------------------------------------------
10:20:22 : SCANNING : RCF
circuit : 1.18%  2021-12-21T10:15:00+0530
adx : 24.4  aroonosc : 64.29
-----------------------------------------------
10:20:22 : SCANNING : RECLTD
circuit : 0.63%  2021-12-21T10:20:00+0530
adx : 39.79  aroonosc : 42.86
-----------------------------------------------
10:20:23 : SCANNING : REDINGTON
circuit : 0.38%  2021-12-21T10:20:00+0530
adx : 17.49  aroonosc : 14.29
-----------------------------------------------
10:20:23 : SCANNING : RELAXO
circuit : 2.59%  2021-12-21T10:20:00+0530
adx : 33.0  aroonosc : 85.71
-----------------------------------------------
10:20:23 : SCANNING : RELIANCE
circuit : 0.42%  2021-12-21T10:15:00+0530
adx : 44.85  aroonosc : 85.71
-----------------------------------------------
10:20:24 : SCANNING : RESPONIND
circuit : 2.67%  2021-12-21T10:20:00+0530
adx : 25.12  aroonosc : 64.29
-----------------------------------------------
10:20:24 : SCANNING : RHIM
circuit : 1.83%  2021-12-21T10:20:00+0530
adx : 31.99  aroonosc : 100.0
-----------------------------------------------
10:20:25 : SCANNING : RITES
circuit : -0.66%  2021-12-21T10:20:00+0530
adx : 13.28  aroonosc : -42.86
-----------------------------------------------
10:20:25 : SCANNING : ROSSARI
circuit : 0.57%  2021-12-21T10:20:00+0530
adx : 27.8  aroonosc : 7.14
-----------------------------------------------
10:20:25 : SCANNING : ROUTE
circuit : 1.19%  2021-12-21T10:20:00+0530
adx : 27.42  aroonosc : 21.43
-----------------------------------------------
10:20:26 : SCANNING : RVNL
circuit : 1.04%  2021-12-21T10:20:00+0530
adx : 47.8  aroonosc : 92.86
-----------------------------------------------
10:20:26 : SCANNING : SAIL
circuit : 1.86%  2021-12-21T10:15:00+0530
adx : 32.59  aroonosc : 85.71
-----------------------------------------------
10:20:26 : SCANNING : SANOFI
circuit : -0.27%  2021-12-21T10:20:00+0530
adx : 20.8  aroonosc : -35.71
-----------------------------------------------
10:20:27 : SCANNING : SBICARD
circuit : -0.14%  2021-12-21T10:20:00+0530
adx : 35.54  aroonosc : 21.43
-----------------------------------------------
10:20:27 : SCANNING : SBILIFE
circuit : -0.79%  2021-12-21T10:20:00+0530
adx : 20.73  aroonosc : 7.14
-----------------------------------------------
10:20:27 : SCANNING : SBIN
circuit : -0.21%  2021-12-21T10:15:00+0530
adx : 35.89  aroonosc : 28.57
-----------------------------------------------
10:20:28 : SCANNING : SCHAEFFLER
circuit : 1.62%  2021-12-21T10:20:00+0530
adx : 40.37  aroonosc : 21.43
-----------------------------------------------
10:20:28 : SCANNING : SCHNEIDER
circuit : -1.36%  2021-12-21T10:20:00+0530
adx : 21.47  aroonosc : 14.29
-----------------------------------------------
10:20:28 : SCANNING : SCI
circuit : 1.72%  2021-12-21T10:20:00+0530
adx : 20.97  aroonosc : 78.57
-----------------------------------------------
10:20:29 : SCANNING : SEQUENT
-----------------------------------------------
10:20:29 : SCANNING : SFL
circuit : 1.32%  2021-12-21T10:20:00+0530
adx : 30.04  aroonosc : 14.29
-----------------------------------------------
10:20:29 : SCANNING : SHARDACROP
circuit : -2.8%  2021-12-21T10:20:00+0530
adx : 31.62  aroonosc : 7.14
-----------------------------------------------
10:20:30 : SCANNING : SHILPAMED
circuit : 2.16%  2021-12-21T10:20:00+0530
adx : 44.37  aroonosc : 100.0
-----------------------------------------------
10:20:30 : SCANNING : SHOPERSTOP
circuit : 1.41%  2021-12-21T10:20:00+0530
adx : 16.69  aroonosc : 7.14
-----------------------------------------------
10:20:30 : SCANNING : SHREECEM
circuit : 1.87%  2021-12-21T10:20:00+0530
adx : 40.01  aroonosc : 92.86
-----------------------------------------------
10:20:31 : SCANNING : SHRIRAMCIT
circuit : -3.04%  2021-12-21T10:20:00+0530
adx : 16.39  aroonosc : -35.71
-----------------------------------------------
10:20:31 : SCANNING : SIEMENS
circuit : 0.19%  2021-12-21T10:20:00+0530
adx : 22.54  aroonosc : 21.43
-----------------------------------------------
10:20:32 : SCANNING : SIS
circuit : 0.37%  2021-12-21T10:20:00+0530
adx : 42.04  aroonosc : 71.43
-----------------------------------------------
10:20:32 : SCANNING : SJVN
circuit : 0.72%  2021-12-21T10:20:00+0530
adx : 27.96  aroonosc : 21.43
-----------------------------------------------
10:20:32 : SCANNING : SKFINDIA
circuit : 0.11%  2021-12-21T10:20:00+0530
adx : 15.68  aroonosc : 7.14
-----------------------------------------------
10:20:33 : SCANNING : SOBHA
circuit : 0.89%  2021-12-21T10:20:00+0530
adx : 23.28  aroonosc : 14.29
-----------------------------------------------
10:20:33 : SCANNING : SOLARA
circuit : 0.35%  2021-12-21T10:20:00+0530
adx : 25.64  aroonosc : 7.14
-----------------------------------------------
10:20:33 : SCANNING : SOLARINDS
circuit : 0.04%  2021-12-21T10:20:00+0530
adx : 17.71  aroonosc : 0.0
-----------------------------------------------
10:20:34 : SCANNING : SONATSOFTW
circuit : 2.37%  2021-12-21T10:20:00+0530
adx : 31.77  aroonosc : 71.43
-----------------------------------------------
10:20:34 : SCANNING : SPANDANA
circuit : 0.09%  2021-12-21T10:20:00+0530
adx : 26.53  aroonosc : 64.29
-----------------------------------------------
10:20:34 : SCANNING : SPARC
circuit : 1.74%  2021-12-21T10:20:00+0530
adx : 14.9  aroonosc : 78.57
-----------------------------------------------
10:20:35 : SCANNING : SPICEJET
circuit : 0.54%  2021-12-21T10:20:00+0530
adx : 29.33  aroonosc : 92.86
-----------------------------------------------
10:20:35 : SCANNING : SRF
circuit : 1.27%  2021-12-21T10:20:00+0530
adx : 30.31  aroonosc : 71.43
-----------------------------------------------
10:20:35 : SCANNING : SRTRANSFIN
circuit : -3.09%  2021-12-21T10:15:00+0530
adx : 21.2  aroonosc : -85.71
-----------------------------------------------
10:20:36 : SCANNING : STAR
circuit : -0.34%  2021-12-21T10:15:00+0530
adx : 15.7  aroonosc : 7.14
-----------------------------------------------
10:20:37 : SCANNING : STARCEMENT
circuit : 0.64%  2021-12-21T10:20:00+0530
adx : 23.42  aroonosc : -35.71
-----------------------------------------------
10:20:37 : SCANNING : STLTECH
circuit : 1.09%  2021-12-21T10:20:00+0530
adx : 31.53  aroonosc : 14.29
-----------------------------------------------
10:20:37 : SCANNING : SUDARSCHEM
circuit : 0.96%  2021-12-21T10:20:00+0530
adx : 32.2  aroonosc : 71.43
-----------------------------------------------
10:20:38 : SCANNING : SUMICHEM
circuit : 1.26%  2021-12-21T10:20:00+0530
adx : 21.03  aroonosc : 21.43
-----------------------------------------------
10:20:38 : SCANNING : SUNCLAYLTD
circuit : 1.32%  2021-12-21T10:20:00+0530
adx : 15.33  aroonosc : 7.14
-----------------------------------------------
10:20:38 : SCANNING : SUNDARMFIN
circuit : -0.42%  2021-12-21T10:20:00+0530
adx : 20.58  aroonosc : -50.0
-----------------------------------------------
10:20:39 : SCANNING : SUNDRMFAST
circuit : -2.02%  2021-12-21T10:20:00+0530
adx : 26.88  aroonosc : -21.43
-----------------------------------------------
10:20:39 : SCANNING : SUNPHARMA
circuit : 2.33%  2021-12-21T10:20:00+0530
adx : 40.99  aroonosc : 85.71
-----------------------------------------------
10:20:39 : SCANNING : SUNTECK
circuit : 1.3%  2021-12-21T10:20:00+0530
adx : 33.8  aroonosc : 64.29
-----------------------------------------------
10:20:40 : SCANNING : SUNTV
circuit : -0.17%  2021-12-21T10:20:00+0530
adx : 27.84  aroonosc : 92.86
-----------------------------------------------
10:20:40 : SCANNING : SUPPETRO
circuit : 1.58%  2021-12-21T10:20:00+0530
adx : 31.23  aroonosc : 71.43
-----------------------------------------------
10:20:41 : SCANNING : SUPRAJIT
circuit : 0.96%  2021-12-21T10:20:00+0530
adx : 34.54  aroonosc : 14.29
-----------------------------------------------
10:20:41 : SCANNING : SUPREMEIND
circuit : 4.73%  2021-12-21T10:20:00+0530
adx : 59.43  aroonosc : 0.0
-----------------------------------------------
10:20:41 : SCANNING : SUVENPHAR
circuit : 1.12%  2021-12-21T10:20:00+0530
adx : 18.34  aroonosc : 14.29
-----------------------------------------------
10:20:42 : SCANNING : SUZLON
circuit : 2.05%  2021-12-21T10:20:00+0530
adx : 47.61  aroonosc : 100.0
-----------------------------------------------
10:20:42 : SCANNING : SWANENERGY
circuit : 3.15%  2021-12-21T10:20:00+0530
adx : 35.03  aroonosc : 0.0
-----------------------------------------------
10:20:42 : SCANNING : SWSOLAR
circuit : 0.18%  2021-12-21T10:20:00+0530
adx : 19.21  aroonosc : 14.29
-----------------------------------------------
10:20:43 : SCANNING : SYMPHONY
circuit : 0.67%  2021-12-21T10:20:00+0530
adx : 39.59  aroonosc : 7.14
-----------------------------------------------
10:20:43 : SCANNING : SYNGENE
circuit : 0.03%  2021-12-21T10:20:00+0530
adx : 30.18  aroonosc : 7.14
-----------------------------------------------
10:20:43 : SCANNING : TASTYBITE
circuit : -1.82%  2021-12-21T10:20:00+0530
adx : 33.36  aroonosc : -78.57
-----------------------------------------------
10:20:44 : SCANNING : TATACHEM
circuit : 1.21%  2021-12-21T10:20:00+0530
adx : 31.88  aroonosc : 85.71
-----------------------------------------------
10:20:44 : SCANNING : TATACOFFEE
circuit : 1.94%  2021-12-21T10:20:00+0530
adx : 26.57  aroonosc : 100.0
-----------------------------------------------
10:20:44 : SCANNING : TATACOMM
circuit : -0.57%  2021-12-21T10:15:00+0530
adx : 18.99  aroonosc : -14.29
-----------------------------------------------
10:20:45 : SCANNING : TATACONSUM
circuit : 1.24%  2021-12-21T10:20:00+0530
adx : 43.1  aroonosc : 21.43
-----------------------------------------------
10:20:45 : SCANNING : TATAELXSI
circuit : 0.16%  2021-12-21T10:20:00+0530
adx : 13.08  aroonosc : 7.14
-----------------------------------------------
10:20:45 : SCANNING : TATAINVEST
circuit : 0.11%  2021-12-21T10:20:00+0530
adx : 34.11  aroonosc : 21.43
-----------------------------------------------
10:20:46 : SCANNING : TATAMOTORS
circuit : 0.66%  2021-12-21T10:15:00+0530
adx : 23.72  aroonosc : 21.43
-----------------------------------------------
10:20:46 : SCANNING : TATAPOWER
circuit : 0.61%  2021-12-21T10:15:00+0530
adx : 37.01  aroonosc : 14.29
-----------------------------------------------
10:20:46 : SCANNING : TATASTEEL
circuit : 1.67%  2021-12-21T10:15:00+0530
adx : 43.32  aroonosc : 92.86
-----------------------------------------------
10:20:47 : SCANNING : TCIEXP
circuit : 1.2%  2021-12-21T10:20:00+0530
adx : 14.38  aroonosc : 0.0
-----------------------------------------------
10:20:47 : SCANNING : TCNSBRANDS
circuit : 2.35%  2021-12-21T10:20:00+0530
adx : 22.75  aroonosc : 7.14
-----------------------------------------------
10:20:48 : SCANNING : TCS
circuit : 1.29%  2021-12-21T10:15:00+0530
adx : 42.46  aroonosc : 92.86
-----------------------------------------------
10:20:48 : SCANNING : TEAMLEASE
circuit : 0.28%  2021-12-21T10:20:00+0530
adx : 14.84  aroonosc : 7.14
-----------------------------------------------
10:20:48 : SCANNING : TECHM
circuit : 1.65%  2021-12-21T10:15:00+0530
adx : 34.71  aroonosc : 64.29
-----------------------------------------------
10:20:49 : SCANNING : THERMAX
circuit : 1.4%  2021-12-21T10:20:00+0530
adx : 33.48  aroonosc : 64.29
-----------------------------------------------
10:20:49 : SCANNING : THYROCARE
circuit : -0.67%  2021-12-21T10:20:00+0530
adx : 15.62  aroonosc : 7.14
-----------------------------------------------
10:20:50 : SCANNING : TIINDIA
circuit : -0.56%  2021-12-21T10:20:00+0530
adx : 27.4  aroonosc : 7.14
-----------------------------------------------
10:20:50 : SCANNING : TIMKEN
circuit : 1.83%  2021-12-21T10:20:00+0530
adx : 34.96  aroonosc : 92.86
-----------------------------------------------
10:20:50 : SCANNING : TITAN
circuit : 1.66%  2021-12-21T10:20:00+0530
adx : 36.36  aroonosc : 28.57
-----------------------------------------------
10:20:51 : SCANNING : TORNTPHARM
circuit : 2.42%  2021-12-21T10:20:00+0530
adx : 26.75  aroonosc : 64.29
-----------------------------------------------
10:20:51 : SCANNING : TORNTPOWER
circuit : 0.11%  2021-12-21T10:15:00+0530
adx : 29.41  aroonosc : 21.43
-----------------------------------------------
10:20:52 : SCANNING : TRENT
circuit : -0.4%  2021-12-21T10:15:00+0530
adx : 23.65  aroonosc : 7.14
-----------------------------------------------
10:20:52 : SCANNING : TRIDENT
circuit : 5.74%  2021-12-21T10:15:00+0530
adx : 15.55  aroonosc : 64.29
-----------------------------------------------
10:20:52 : SCANNING : TRITURBINE
circuit : -0.52%  2021-12-21T10:20:00+0530
adx : 53.06  aroonosc : -35.71
-----------------------------------------------
10:20:53 : SCANNING : TTKPRESTIG
circuit : 2.39%  2021-12-21T10:20:00+0530
adx : 26.51  aroonosc : 14.29
-----------------------------------------------
10:20:53 : SCANNING : TV18BRDCST
circuit : -0.56%  2021-12-21T10:20:00+0530
adx : 12.41  aroonosc : 21.43
-----------------------------------------------
10:20:53 : SCANNING : TVSMOTOR
circuit : 1.1%  2021-12-21T10:20:00+0530
adx : 43.0  aroonosc : 85.71
-----------------------------------------------
10:20:54 : SCANNING : UBL
circuit : 2.08%  2021-12-21T10:20:00+0530
adx : 29.07  aroonosc : 78.57
-----------------------------------------------
10:20:54 : SCANNING : UCOBANK
circuit : 0.79%  2021-12-21T10:20:00+0530
adx : 45.69  aroonosc : 21.43
-----------------------------------------------
10:20:54 : SCANNING : UFLEX
circuit : -1.79%  2021-12-21T10:20:00+0530
adx : 33.96  aroonosc : 7.14
-----------------------------------------------
10:20:55 : SCANNING : UJJIVAN
circuit : -0.27%  2021-12-21T10:20:00+0530
adx : 26.04  aroonosc : 14.29
-----------------------------------------------
10:20:55 : SCANNING : UJJIVANSFB
-----------------------------------------------
10:20:56 : SCANNING : ULTRACEMCO
circuit : 0.36%  2021-12-21T10:20:00+0530
adx : 27.37  aroonosc : 64.29
-----------------------------------------------
10:20:56 : SCANNING : UNIONBANK
circuit : 1.06%  2021-12-21T10:20:00+0530
adx : 12.14  aroonosc : 21.43
-----------------------------------------------
10:20:57 : SCANNING : UPL
circuit : 1.17%  2021-12-21T10:15:00+0530
adx : 38.33  aroonosc : 64.29
-----------------------------------------------
10:20:57 : SCANNING : UTIAMC
circuit : 1.56%  2021-12-21T10:20:00+0530
adx : 16.37  aroonosc : 7.14
-----------------------------------------------
10:20:57 : SCANNING : VAIBHAVGBL
circuit : -0.35%  2021-12-21T10:20:00+0530
adx : 17.95  aroonosc : -28.57
-----------------------------------------------
10:20:58 : SCANNING : VAKRANGEE
circuit : 1.41%  2021-12-21T10:20:00+0530
adx : 27.91  aroonosc : 78.57
-----------------------------------------------
10:20:58 : SCANNING : VALIANTORG
circuit : 0.5%  2021-12-21T10:20:00+0530
adx : 11.73  aroonosc : 14.29
-----------------------------------------------
10:20:58 : SCANNING : VARROC
circuit : 2.28%  2021-12-21T10:20:00+0530
adx : 20.56  aroonosc : 78.57
-----------------------------------------------
10:20:59 : SCANNING : VBL
circuit : 0.6%  2021-12-21T10:20:00+0530
adx : 15.87  aroonosc : 14.29
-----------------------------------------------
10:20:59 : SCANNING : VEDL
circuit : 1.32%  2021-12-21T10:15:00+0530
adx : 49.08  aroonosc : 100.0
-----------------------------------------------
10:20:59 : SCANNING : VENKEYS
circuit : -0.51%  2021-12-21T10:20:00+0530
adx : 26.88  aroonosc : 14.29
-----------------------------------------------
10:21:00 : SCANNING : VGUARD
circuit : 0.36%  2021-12-21T10:20:00+0530
adx : 16.14  aroonosc : 14.29
-----------------------------------------------
10:21:00 : SCANNING : VINATIORGA
circuit : -2.77%  2021-12-21T10:20:00+0530
adx : 21.87  aroonosc : -78.57
-----------------------------------------------
10:21:00 : SCANNING : VIPIND
circuit : 3.07%  2021-12-21T10:20:00+0530
adx : 22.32  aroonosc : 78.57
-----------------------------------------------
10:21:01 : SCANNING : VMART
circuit : -0.74%  2021-12-21T10:20:00+0530
adx : 27.44  aroonosc : -35.71
-----------------------------------------------
10:21:01 : SCANNING : VOLTAS
circuit : 0.75%  2021-12-21T10:20:00+0530
adx : 37.29  aroonosc : 64.29
-----------------------------------------------
10:21:02 : SCANNING : VSTIND
circuit : 0.65%  2021-12-21T10:20:00+0530
adx : 21.17  aroonosc : 7.14
-----------------------------------------------
10:21:02 : SCANNING : VTL
circuit : 5.37%  2021-12-21T10:20:00+0530
adx : 44.73  aroonosc : 64.29
-----------------------------------------------
10:21:02 : SCANNING : WABCOINDIA
circuit : 0.65%  2021-12-21T10:20:00+0530
adx : 12.26  aroonosc : 7.14
-----------------------------------------------
10:21:03 : SCANNING : WELCORP
circuit : 3.62%  2021-12-21T10:20:00+0530
adx : 42.41  aroonosc : 64.29
-----------------------------------------------
10:21:03 : SCANNING : WELSPUNIND
circuit : 1.1%  2021-12-21T10:20:00+0530
adx : 23.39  aroonosc : 14.29
-----------------------------------------------
10:21:04 : SCANNING : WESTLIFE
circuit : 0.18%  2021-12-21T10:20:00+0530
adx : 22.48  aroonosc : 7.14
-----------------------------------------------
10:21:05 : SCANNING : WHIRLPOOL
circuit : 1.2%  2021-12-21T10:20:00+0530
adx : 22.04  aroonosc : 64.29
-----------------------------------------------
10:21:06 : SCANNING : WIPRO
circuit : 1.64%  2021-12-21T10:20:00+0530
adx : 53.38  aroonosc : 92.86
-----------------------------------------------
10:21:06 : SCANNING : WOCKPHARMA
circuit : 0.38%  2021-12-21T10:20:00+0530
adx : 24.99  aroonosc : 7.14
-----------------------------------------------
10:21:07 : SCANNING : YESBANK
-----------------------------------------------
10:21:07 : SCANNING : ZEEL
circuit : 1.88%  2021-12-21T10:20:00+0530
adx : 23.99  aroonosc : 42.86
-----------------------------------------------
10:21:08 : SCANNING : ZENSARTECH
circuit : 3.9%  2021-12-21T10:20:00+0530
adx : 40.53  aroonosc : 71.43
-----------------------------------------------
10:21:08 : SCANNING : ZYDUSWELL
circuit : -0.94%  2021-12-21T10:20:00+0530
adx : 36.6  aroonosc : -35.71
-----------------------------------------------
10:21:09 : SCANNING : PAYTM
circuit : 1.91%  2021-12-21T10:20:00+0530
adx : 27.9  aroonosc : 21.43
-----------------------------------------------
===================================================
10:21:09 : END
===================================================
Start Time     : 2021-12-21 10:18:02.441014
End Time       : 2021-12-21 10:21:09.049385
Time Taken     : 3.0
===================================================
