===================================================
10:28:02 : START
===================================================
10:28:02 : PROCESSING INSTRUMENTS SYMBOLS
-----------------------------------------------
10:28:02 : SCANNING : 3MINDIA
circuit : -0.03%  2021-12-21T10:25:00+0530
adx : 27.98  aroonosc : 0.0
-----------------------------------------------
10:28:03 : SCANNING : AARTIDRUGS
circuit : 0.77%  2021-12-21T10:25:00+0530
adx : 12.06  aroonosc : 92.86
-----------------------------------------------
10:28:03 : SCANNING : AARTIIND
circuit : 1.34%  2021-12-21T10:25:00+0530
adx : 33.29  aroonosc : 100.0
-----------------------------------------------
10:28:03 : SCANNING : AAVAS
circuit : -0.36%  2021-12-21T10:25:00+0530
adx : 48.5  aroonosc : -7.14
-----------------------------------------------
10:28:04 : SCANNING : ABB
circuit : 0.29%  2021-12-21T10:25:00+0530
adx : 18.22  aroonosc : -28.57
-----------------------------------------------
10:28:04 : SCANNING : ABBOTINDIA
circuit : -0.21%  2021-12-21T10:25:00+0530
adx : 30.91  aroonosc : -35.71
-----------------------------------------------
10:28:05 : SCANNING : ABCAPITAL
circuit : 3.13%  2021-12-21T10:25:00+0530
adx : 30.37  aroonosc : 100.0
-----------------------------------------------
10:28:05 : SCANNING : ABFRL
circuit : 1.98%  2021-12-21T10:25:00+0530
adx : 42.63  aroonosc : 64.29
-----------------------------------------------
10:28:05 : SCANNING : ACC
circuit : 1.36%  2021-12-21T10:25:00+0530
adx : 43.04  aroonosc : 100.0
-----------------------------------------------
10:28:06 : SCANNING : ADANIENT
circuit : 0.74%  2021-12-21T10:25:00+0530
adx : 36.32  aroonosc : 64.29
-----------------------------------------------
10:28:06 : SCANNING : ADANIGREEN
circuit : 0.09%  2021-12-21T10:25:00+0530
adx : 24.7  aroonosc : -28.57
-----------------------------------------------
10:28:07 : SCANNING : ADANIPORTS
circuit : -0.58%  2021-12-21T10:25:00+0530
adx : 24.89  aroonosc : -14.29
-----------------------------------------------
10:28:07 : SCANNING : ADVENZYMES
circuit : 1.36%  2021-12-21T10:25:00+0530
adx : 24.67  aroonosc : 71.43
-----------------------------------------------
10:28:07 : SCANNING : AEGISCHEM
circuit : -2.05%  2021-12-21T10:25:00+0530
adx : 43.4  aroonosc : -35.71
-----------------------------------------------
10:28:08 : SCANNING : AFFLE
circuit : 1.24%  2021-12-21T10:25:00+0530
adx : 17.11  aroonosc : 7.14
-----------------------------------------------
10:28:08 : SCANNING : AIAENG
circuit : -0.57%  2021-12-21T10:25:00+0530
adx : 13.61  aroonosc : -35.71
-----------------------------------------------
10:28:08 : SCANNING : AJANTPHARM
circuit : -0.55%  2021-12-21T10:25:00+0530
adx : 17.42  aroonosc : -28.57
-----------------------------------------------
10:28:09 : SCANNING : AKZOINDIA
circuit : -1.24%  2021-12-21T10:25:00+0530
adx : 30.81  aroonosc : -78.57
-----------------------------------------------
10:28:09 : SCANNING : ALEMBICLTD
circuit : -0.31%  2021-12-21T10:25:00+0530
adx : 14.73  aroonosc : -21.43
-----------------------------------------------
10:28:10 : SCANNING : ALKEM
circuit : 0.49%  2021-12-21T10:25:00+0530
adx : 12.2  aroonosc : 28.57
-----------------------------------------------
10:28:10 : SCANNING : ALKYLAMINE
circuit : -1.7%  2021-12-21T10:25:00+0530
adx : 42.14  aroonosc : -57.14
-----------------------------------------------
10:28:10 : SCANNING : ALOKINDS
circuit : 1.54%  2021-12-21T10:25:00+0530
adx : 43.73  aroonosc : 14.29
-----------------------------------------------
10:28:11 : SCANNING : AMARAJABAT
circuit : 0.29%  2021-12-21T10:25:00+0530
adx : 33.15  aroonosc : -21.43
-----------------------------------------------
10:28:11 : SCANNING : AMBER
circuit : 3.24%  2021-12-21T10:25:00+0530
adx : 41.58  aroonosc : 100.0
-----------------------------------------------
10:28:12 : SCANNING : AMBUJACEM
circuit : 2.17%  2021-12-21T10:25:00+0530
adx : 41.03  aroonosc : 100.0
-----------------------------------------------
10:28:12 : SCANNING : ANGELBRKG
circuit : 2.98%  2021-12-21T10:25:00+0530
adx : 42.02  aroonosc : 100.0
-----------------------------------------------
10:28:12 : SCANNING : APLAPOLLO
circuit : 2.0%  2021-12-21T10:25:00+0530
adx : 15.59  aroonosc : 7.14
-----------------------------------------------
10:28:13 : SCANNING : APLLTD
circuit : -0.94%  2021-12-21T10:25:00+0530
adx : 50.48  aroonosc : -14.29
-----------------------------------------------
10:28:13 : SCANNING : APOLLOHOSP
circuit : -0.32%  2021-12-21T10:25:00+0530
adx : 30.47  aroonosc : -35.71
-----------------------------------------------
10:28:14 : SCANNING : APOLLOTYRE
circuit : 0.66%  2021-12-21T10:25:00+0530
adx : 20.42  aroonosc : -14.29
-----------------------------------------------
10:28:14 : SCANNING : ASAHIINDIA
circuit : -1.6%  2021-12-21T10:25:00+0530
adx : 33.15  aroonosc : -35.71
-----------------------------------------------
10:28:14 : SCANNING : ASHOKA
circuit : 0.44%  2021-12-21T10:25:00+0530
adx : 25.55  aroonosc : -78.57
-----------------------------------------------
10:28:15 : SCANNING : ASHOKLEY
circuit : 2.0%  2021-12-21T10:25:00+0530
adx : 39.33  aroonosc : 85.71
-----------------------------------------------
10:28:15 : SCANNING : ASIANPAINT
circuit : 0.55%  2021-12-21T10:25:00+0530
adx : 36.08  aroonosc : -21.43
-----------------------------------------------
10:28:16 : SCANNING : ASTERDM
circuit : -0.82%  2021-12-21T10:25:00+0530
adx : 40.0  aroonosc : -35.71
-----------------------------------------------
10:28:16 : SCANNING : ASTRAL
circuit : -1.74%  2021-12-21T10:25:00+0530
adx : 19.46  aroonosc : -21.43
-----------------------------------------------
10:28:17 : SCANNING : ASTRAZEN
circuit : 0.14%  2021-12-21T10:25:00+0530
adx : 34.85  aroonosc : 78.57
-----------------------------------------------
10:28:17 : SCANNING : ATUL
circuit : 0.12%  2021-12-21T10:25:00+0530
adx : 18.52  aroonosc : 85.71
-----------------------------------------------
10:28:17 : SCANNING : AUBANK
circuit : 3.96%  2021-12-21T10:25:00+0530
adx : 43.55  aroonosc : 92.86
-----------------------------------------------
10:28:18 : SCANNING : AUROPHARMA
circuit : -0.09%  2021-12-21T10:25:00+0530
adx : 19.69  aroonosc : -28.57
-----------------------------------------------
10:28:18 : SCANNING : AVANTIFEED
circuit : -0.39%  2021-12-21T10:25:00+0530
adx : 41.48  aroonosc : -28.57
-----------------------------------------------
10:28:18 : SCANNING : AXISBANK
circuit : -1.11%  2021-12-21T10:25:00+0530
adx : 21.33  aroonosc : -21.43
-----------------------------------------------
10:28:19 : SCANNING : BAJAJ-AUTO
circuit : 0.93%  2021-12-21T10:25:00+0530
adx : 49.48  aroonosc : 100.0
-----------------------------------------------
10:28:19 : SCANNING : BAJAJCON
circuit : 0.3%  2021-12-21T10:25:00+0530
adx : 24.59  aroonosc : 57.14
-----------------------------------------------
10:28:19 : SCANNING : BAJAJELEC
circuit : -1.3%  2021-12-21T10:25:00+0530
adx : 19.11  aroonosc : -92.86
-----------------------------------------------
10:28:20 : SCANNING : BAJAJFINSV
circuit : -1.06%  2021-12-21T10:25:00+0530
adx : 39.49  aroonosc : -28.57
-----------------------------------------------
10:28:20 : SCANNING : BAJAJHLDNG
circuit : 0.17%  2021-12-21T10:25:00+0530
adx : 15.37  aroonosc : 0.0
-----------------------------------------------
10:28:20 : SCANNING : BAJFINANCE
circuit : 0.06%  2021-12-21T10:25:00+0530
adx : 31.45  aroonosc : -7.14
-----------------------------------------------
10:28:21 : SCANNING : BALAMINES
circuit : 0.14%  2021-12-21T10:25:00+0530
adx : 14.72  aroonosc : -50.0
-----------------------------------------------
10:28:21 : SCANNING : BALKRISIND
circuit : -1.15%  2021-12-21T10:25:00+0530
adx : 15.61  aroonosc : 0.0
-----------------------------------------------
10:28:21 : SCANNING : BALMLAWRIE
circuit : 1.01%  2021-12-21T10:25:00+0530
adx : 26.89  aroonosc : 0.0
-----------------------------------------------
10:28:22 : SCANNING : BALRAMCHIN
circuit : 2.14%  2021-12-21T10:25:00+0530
adx : 45.32  aroonosc : 78.57
-----------------------------------------------
10:28:22 : SCANNING : BANDHANBNK
circuit : 0.32%  2021-12-21T10:25:00+0530
adx : 24.37  aroonosc : 14.29
-----------------------------------------------
10:28:22 : SCANNING : BANKBARODA
circuit : 0.8%  2021-12-21T10:25:00+0530
adx : 17.42  aroonosc : 14.29
-----------------------------------------------
10:28:23 : SCANNING : BANKINDIA
circuit : 1.39%  2021-12-21T10:25:00+0530
adx : 42.94  aroonosc : 7.14
-----------------------------------------------
10:28:23 : SCANNING : BASF
circuit : 0.72%  2021-12-21T10:25:00+0530
adx : 49.6  aroonosc : 0.0
-----------------------------------------------
10:28:23 : SCANNING : BATAINDIA
circuit : 0.98%  2021-12-21T10:25:00+0530
adx : 30.3  aroonosc : 21.43
-----------------------------------------------
10:28:24 : SCANNING : BAYERCROP
circuit : -1.51%  2021-12-21T10:25:00+0530
adx : 26.94  aroonosc : -85.71
-----------------------------------------------
10:28:24 : SCANNING : BBTC
circuit : 0.24%  2021-12-21T10:25:00+0530
adx : 22.84  aroonosc : -35.71
-----------------------------------------------
10:28:25 : SCANNING : BDL
circuit : 1.9%  2021-12-21T10:25:00+0530
adx : 32.36  aroonosc : 0.0
-----------------------------------------------
10:28:25 : SCANNING : BEL
circuit : 1.38%  2021-12-21T10:25:00+0530
adx : 34.5  aroonosc : 14.29
-----------------------------------------------
10:28:25 : SCANNING : BEML
circuit : 2.5%  2021-12-21T10:25:00+0530
adx : 49.85  aroonosc : 14.29
-----------------------------------------------
10:28:26 : SCANNING : BERGEPAINT
circuit : 0.62%  2021-12-21T10:25:00+0530
adx : 35.74  aroonosc : 14.29
-----------------------------------------------
10:28:26 : SCANNING : BHARATFORG
circuit : 1.27%  2021-12-21T10:25:00+0530
adx : 23.46  aroonosc : 92.86
-----------------------------------------------
10:28:26 : SCANNING : BHARATRAS
circuit : 2.12%  2021-12-21T10:25:00+0530
adx : 43.8  aroonosc : 7.14
-----------------------------------------------
10:28:27 : SCANNING : BHARTIARTL
circuit : 0.03%  2021-12-21T10:25:00+0530
adx : 35.43  aroonosc : 14.29
-----------------------------------------------
10:28:27 : SCANNING : BHEL
circuit : 0.87%  2021-12-21T10:25:00+0530
adx : 18.22  aroonosc : -21.43
-----------------------------------------------
10:28:27 : SCANNING : BIOCON
circuit : 0.81%  2021-12-21T10:25:00+0530
adx : 11.92  aroonosc : 92.86
-----------------------------------------------
10:28:28 : SCANNING : BIRLACORPN
circuit : 1.3%  2021-12-21T10:25:00+0530
adx : 16.05  aroonosc : 78.57
-----------------------------------------------
10:28:28 : SCANNING : BLISSGVS
circuit : 1.0%  2021-12-21T10:25:00+0530
adx : 21.77  aroonosc : 14.29
-----------------------------------------------
10:28:28 : SCANNING : BLUEDART
circuit : 2.37%  2021-12-21T10:25:00+0530
adx : 43.79  aroonosc : 71.43
-----------------------------------------------
10:28:29 : SCANNING : BLUESTARCO
circuit : -0.95%  2021-12-21T10:25:00+0530
adx : 26.4  aroonosc : -42.86
-----------------------------------------------
10:28:29 : SCANNING : BOSCHLTD
circuit : 3.49%  2021-12-21T10:25:00+0530
adx : 51.55  aroonosc : 64.29
-----------------------------------------------
10:28:30 : SCANNING : BPCL
circuit : -0.69%  2021-12-21T10:25:00+0530
adx : 20.14  aroonosc : -35.71
-----------------------------------------------
10:28:30 : SCANNING : BRIGADE
circuit : 2.09%  2021-12-21T10:25:00+0530
adx : 32.31  aroonosc : 85.71
-----------------------------------------------
10:28:30 : SCANNING : BRITANNIA
circuit : 0.81%  2021-12-21T10:25:00+0530
adx : 25.65  aroonosc : 85.71
-----------------------------------------------
10:28:31 : SCANNING : BSE
circuit : -0.94%  2021-12-21T10:25:00+0530
adx : 16.22  aroonosc : -92.86
-----------------------------------------------
10:28:31 : SCANNING : BSOFT
circuit : -0.04%  2021-12-21T10:25:00+0530
adx : 24.28  aroonosc : 7.14
-----------------------------------------------
10:28:32 : SCANNING : BURGERKING
circuit : 0.97%  2021-12-21T10:25:00+0530
adx : 29.05  aroonosc : 14.29
-----------------------------------------------
10:28:32 : SCANNING : CADILAHC
circuit : 1.1%  2021-12-21T10:25:00+0530
adx : 36.02  aroonosc : 92.86
-----------------------------------------------
10:28:32 : SCANNING : CAMS
circuit : -0.3%  2021-12-21T10:25:00+0530
adx : 28.98  aroonosc : -14.29
-----------------------------------------------
10:28:33 : SCANNING : CANBK
circuit : 0.08%  2021-12-21T10:25:00+0530
adx : 26.51  aroonosc : 14.29
-----------------------------------------------
10:28:33 : SCANNING : CANFINHOME
circuit : 0.49%  2021-12-21T10:25:00+0530
adx : 21.53  aroonosc : 7.14
-----------------------------------------------
10:28:33 : SCANNING : CAPLIPOINT
circuit : 0.71%  2021-12-21T10:25:00+0530
adx : 29.15  aroonosc : 7.14
-----------------------------------------------
10:28:34 : SCANNING : CARBORUNIV
circuit : 2.01%  2021-12-21T10:25:00+0530
adx : 18.22  aroonosc : 100.0
-----------------------------------------------
10:28:34 : SCANNING : CASTROLIND
circuit : -0.69%  2021-12-21T10:25:00+0530
adx : 17.59  aroonosc : -35.71
-----------------------------------------------
10:28:34 : SCANNING : CCL
circuit : 1.77%  2021-12-21T10:25:00+0530
adx : 34.54  aroonosc : 14.29
-----------------------------------------------
10:28:35 : SCANNING : CEATLTD
circuit : 0.17%  2021-12-21T10:25:00+0530
adx : 17.83  aroonosc : 7.14
-----------------------------------------------
10:28:35 : SCANNING : CENTRALBK
circuit : 1.9%  2021-12-21T10:25:00+0530
adx : 39.32  aroonosc : 14.29
-----------------------------------------------
10:28:36 : SCANNING : CENTURYPLY
circuit : 1.1%  2021-12-21T10:25:00+0530
adx : 15.08  aroonosc : 7.14
-----------------------------------------------
10:28:36 : SCANNING : CENTURYTEX
circuit : 3.01%  2021-12-21T10:25:00+0530
adx : 24.75  aroonosc : 100.0
-----------------------------------------------
10:28:36 : SCANNING : CERA
circuit : 4.25%  2021-12-21T10:25:00+0530
adx : 35.53  aroonosc : 85.71
-----------------------------------------------
10:28:37 : SCANNING : CESC
circuit : 1.4%  2021-12-21T10:25:00+0530
adx : 36.24  aroonosc : 78.57
-----------------------------------------------
10:28:37 : SCANNING : CGCL
circuit : -0.2%  2021-12-21T10:25:00+0530
adx : 27.85  aroonosc : -78.57
-----------------------------------------------
10:28:38 : SCANNING : CHALET
circuit : 0.27%  2021-12-21T10:25:00+0530
adx : 10.52  aroonosc : -14.29
-----------------------------------------------
10:28:38 : SCANNING : CHAMBLFERT
circuit : 0.21%  2021-12-21T10:25:00+0530
adx : 25.12  aroonosc : -21.43
-----------------------------------------------
10:28:39 : SCANNING : CHOLAFIN
circuit : 1.76%  2021-12-21T10:25:00+0530
adx : 33.14  aroonosc : 92.86
-----------------------------------------------
10:28:39 : SCANNING : CHOLAHLDNG
circuit : 0.41%  2021-12-21T10:25:00+0530
adx : 18.55  aroonosc : -21.43
-----------------------------------------------
10:28:39 : SCANNING : CIPLA
circuit : -0.36%  2021-12-21T10:25:00+0530
adx : 17.09  aroonosc : 7.14
-----------------------------------------------
10:28:40 : SCANNING : COALINDIA
circuit : 1.62%  2021-12-21T10:25:00+0530
adx : 42.24  aroonosc : 100.0
-----------------------------------------------
10:28:40 : SCANNING : COCHINSHIP
circuit : 1.36%  2021-12-21T10:25:00+0530
adx : 21.58  aroonosc : 7.14
-----------------------------------------------
10:28:40 : SCANNING : COFORGE
circuit : 2.06%  2021-12-21T10:25:00+0530
adx : 41.43  aroonosc : 50.0
-----------------------------------------------
10:28:41 : SCANNING : COLPAL
circuit : 1.55%  2021-12-21T10:25:00+0530
adx : 42.77  aroonosc : 57.14
-----------------------------------------------
10:28:41 : SCANNING : CONCOR
circuit : -0.12%  2021-12-21T10:25:00+0530
adx : 16.72  aroonosc : 21.43
-----------------------------------------------
10:28:41 : SCANNING : COROMANDEL
circuit : 0.32%  2021-12-21T10:25:00+0530
adx : 11.87  aroonosc : -21.43
-----------------------------------------------
10:28:42 : SCANNING : CREDITACC
circuit : -1.82%  2021-12-21T10:25:00+0530
adx : 13.01  aroonosc : 0.0
-----------------------------------------------
10:28:43 : SCANNING : CRISIL
circuit : 1.71%  2021-12-21T10:25:00+0530
adx : 30.88  aroonosc : 100.0
-----------------------------------------------
10:28:43 : SCANNING : CROMPTON
circuit : 0.61%  2021-12-21T10:25:00+0530
adx : 22.64  aroonosc : 100.0
-----------------------------------------------
10:28:43 : SCANNING : CSBBANK
circuit : 1.08%  2021-12-21T10:25:00+0530
adx : 18.79  aroonosc : 35.71
-----------------------------------------------
10:28:44 : SCANNING : CUB
circuit : 0.59%  2021-12-21T10:25:00+0530
adx : 30.84  aroonosc : -28.57
-----------------------------------------------
10:28:44 : SCANNING : CUMMINSIND
circuit : 0.95%  2021-12-21T10:25:00+0530
adx : 33.32  aroonosc : 14.29
-----------------------------------------------
10:28:44 : SCANNING : CYIENT
circuit : -0.03%  2021-12-21T10:25:00+0530
adx : 18.7  aroonosc : -21.43
-----------------------------------------------
10:28:45 : SCANNING : DABUR
circuit : 0.71%  2021-12-21T10:25:00+0530
adx : 44.66  aroonosc : 100.0
-----------------------------------------------
10:28:45 : SCANNING : DALBHARAT
circuit : 3.96%  2021-12-21T10:25:00+0530
adx : 43.15  aroonosc : 100.0
-----------------------------------------------
10:28:46 : SCANNING : DBL
circuit : -0.63%  2021-12-21T10:25:00+0530
adx : 46.49  aroonosc : -28.57
-----------------------------------------------
10:28:46 : SCANNING : DCAL
circuit : 3.05%  2021-12-21T10:25:00+0530
adx : 22.02  aroonosc : 85.71
-----------------------------------------------
10:28:46 : SCANNING : DCBBANK
circuit : 2.36%  2021-12-21T10:25:00+0530
adx : 36.53  aroonosc : 7.14
-----------------------------------------------
10:28:47 : SCANNING : DCMSHRIRAM
circuit : 1.25%  2021-12-21T10:25:00+0530
adx : 19.05  aroonosc : 78.57
-----------------------------------------------
10:28:47 : SCANNING : DEEPAKNTR
circuit : 1.43%  2021-12-21T10:25:00+0530
adx : 38.24  aroonosc : 71.43
-----------------------------------------------
10:28:48 : SCANNING : DELTACORP
circuit : 0.69%  2021-12-21T10:25:00+0530
adx : 23.48  aroonosc : 7.14
-----------------------------------------------
10:28:48 : SCANNING : DHANI
circuit : 3.37%  2021-12-21T10:25:00+0530
adx : 28.53  aroonosc : 14.29
-----------------------------------------------
10:28:48 : SCANNING : DHANUKA
circuit : -0.4%  2021-12-21T10:25:00+0530
adx : 17.36  aroonosc : -28.57
-----------------------------------------------
10:28:49 : SCANNING : DISHTV
circuit : 1.8%  2021-12-21T10:25:00+0530
adx : 41.86  aroonosc : -21.43
-----------------------------------------------
10:28:49 : SCANNING : DIVISLAB
circuit : -1.36%  2021-12-21T10:25:00+0530
adx : 22.09  aroonosc : -92.86
-----------------------------------------------
10:28:50 : SCANNING : DIXON
circuit : 1.78%  2021-12-21T10:25:00+0530
adx : 41.1  aroonosc : 7.14
-----------------------------------------------
10:28:50 : SCANNING : DLF
circuit : 0.83%  2021-12-21T10:25:00+0530
adx : 41.46  aroonosc : 100.0
-----------------------------------------------
10:28:50 : SCANNING : DMART
circuit : 0.47%  2021-12-21T10:25:00+0530
adx : 18.76  aroonosc : 0.0
-----------------------------------------------
10:28:51 : SCANNING : DRREDDY
circuit : 0.8%  2021-12-21T10:25:00+0530
adx : 27.42  aroonosc : 7.14
-----------------------------------------------
10:28:51 : SCANNING : ECLERX
circuit : 1.39%  2021-12-21T10:25:00+0530
adx : 18.22  aroonosc : 0.0
-----------------------------------------------
10:28:52 : SCANNING : EDELWEISS
circuit : 0.44%  2021-12-21T10:25:00+0530
adx : 17.74  aroonosc : -85.71
-----------------------------------------------
10:28:52 : SCANNING : EICHERMOT
circuit : -0.01%  2021-12-21T10:25:00+0530
adx : 34.97  aroonosc : -21.43
-----------------------------------------------
10:28:53 : SCANNING : EIDPARRY
circuit : 1.32%  2021-12-21T10:25:00+0530
adx : 27.39  aroonosc : -28.57
-----------------------------------------------
10:28:53 : SCANNING : EIHOTEL
circuit : 1.78%  2021-12-21T10:25:00+0530
adx : 14.27  aroonosc : 14.29
-----------------------------------------------
10:28:54 : SCANNING : ELGIEQUIP
circuit : 2.17%  2021-12-21T10:25:00+0530
adx : 36.92  aroonosc : 28.57
-----------------------------------------------
10:28:54 : SCANNING : EMAMILTD
circuit : -0.86%  2021-12-21T10:25:00+0530
adx : 39.09  aroonosc : 14.29
-----------------------------------------------
10:28:55 : SCANNING : ENDURANCE
circuit : -0.06%  2021-12-21T10:25:00+0530
adx : 23.2  aroonosc : 21.43
-----------------------------------------------
10:28:55 : SCANNING : ENGINERSIN
circuit : -0.07%  2021-12-21T10:25:00+0530
adx : 19.88  aroonosc : -21.43
-----------------------------------------------
10:28:55 : SCANNING : EPL
circuit : 1.29%  2021-12-21T10:25:00+0530
adx : 25.2  aroonosc : 71.43
-----------------------------------------------
10:28:56 : SCANNING : EQUITAS
circuit : -1.4%  2021-12-21T10:25:00+0530
adx : 27.25  aroonosc : -100.0
-----------------------------------------------
10:28:56 : SCANNING : ERIS
circuit : -0.32%  2021-12-21T10:25:00+0530
adx : 23.28  aroonosc : -28.57
-----------------------------------------------
10:28:57 : SCANNING : ESCORTS
circuit : 0.56%  2021-12-21T10:25:00+0530
adx : 27.55  aroonosc : 50.0
-----------------------------------------------
10:28:57 : SCANNING : EXIDEIND
circuit : 0.64%  2021-12-21T10:25:00+0530
adx : 45.19  aroonosc : 50.0
-----------------------------------------------
10:28:58 : SCANNING : FCONSUMER
circuit : -7.1%  2021-12-21T10:25:00+0530
adx : 36.68  aroonosc : -7.14
-----------------------------------------------
10:28:58 : SCANNING : FDC
circuit : 0.32%  2021-12-21T10:25:00+0530
adx : 18.51  aroonosc : 14.29
-----------------------------------------------
10:28:59 : SCANNING : FEDERALBNK
circuit : -0.73%  2021-12-21T10:25:00+0530
adx : 23.58  aroonosc : -21.43
-----------------------------------------------
10:29:00 : SCANNING : FINCABLES
circuit : 1.01%  2021-12-21T10:25:00+0530
adx : 11.08  aroonosc : 14.29
-----------------------------------------------
10:29:00 : SCANNING : FINEORG
circuit : 1.24%  2021-12-21T10:25:00+0530
adx : 18.28  aroonosc : 7.14
-----------------------------------------------
10:29:01 : SCANNING : FINPIPE
circuit : 3.19%  2021-12-21T10:25:00+0530
adx : 30.39  aroonosc : 100.0
-----------------------------------------------
10:29:01 : SCANNING : FLUOROCHEM
circuit : 3.29%  2021-12-21T10:25:00+0530
adx : 35.22  aroonosc : 50.0
-----------------------------------------------
10:29:01 : SCANNING : FORTIS
circuit : 3.59%  2021-12-21T10:25:00+0530
adx : 40.76  aroonosc : 100.0
-----------------------------------------------
10:29:02 : SCANNING : FRETAIL
circuit : -9.03%  2021-12-21T10:25:00+0530
adx : 45.1  aroonosc : -7.14
-----------------------------------------------
10:29:02 : SCANNING : FSL
circuit : 0.58%  2021-12-21T10:25:00+0530
adx : 13.65  aroonosc : 7.14
-----------------------------------------------
10:29:02 : SCANNING : GAEL
circuit : 1.54%  2021-12-21T10:25:00+0530
adx : 15.43  aroonosc : 78.57
-----------------------------------------------
10:29:03 : SCANNING : GAIL
circuit : 1.06%  2021-12-21T10:25:00+0530
adx : 37.41  aroonosc : 100.0
-----------------------------------------------
10:29:03 : SCANNING : GALAXYSURF
circuit : -0.63%  2021-12-21T10:25:00+0530
adx : 34.01  aroonosc : 0.0
-----------------------------------------------
10:29:04 : SCANNING : GARFIBRES
circuit : -0.59%  2021-12-21T10:25:00+0530
adx : 37.12  aroonosc : 14.29
-----------------------------------------------
10:29:04 : SCANNING : GEPIL
circuit : 1.43%  2021-12-21T10:25:00+0530
adx : 14.95  aroonosc : 14.29
-----------------------------------------------
10:29:05 : SCANNING : GESHIP
circuit : 1.65%  2021-12-21T10:25:00+0530
adx : 28.15  aroonosc : 57.14
-----------------------------------------------
10:29:05 : SCANNING : GICRE
circuit : 1.16%  2021-12-21T10:25:00+0530
adx : 17.03  aroonosc : 0.0
-----------------------------------------------
10:29:05 : SCANNING : GILLETTE
circuit : 1.23%  2021-12-21T10:25:00+0530
adx : 20.35  aroonosc : 0.0
-----------------------------------------------
10:29:06 : SCANNING : GLAND
circuit : 1.17%  2021-12-21T10:25:00+0530
adx : 21.91  aroonosc : 92.86
-----------------------------------------------
10:29:06 : SCANNING : GLAXO
circuit : 1.82%  2021-12-21T10:25:00+0530
adx : 38.53  aroonosc : 64.29
-----------------------------------------------
10:29:07 : SCANNING : GLENMARK
circuit : -0.04%  2021-12-21T10:25:00+0530
adx : 20.59  aroonosc : -21.43
-----------------------------------------------
10:29:07 : SCANNING : GMMPFAUDLR
circuit : 2.26%  2021-12-21T10:25:00+0530
adx : 47.23  aroonosc : 100.0
-----------------------------------------------
10:29:07 : SCANNING : GMRINFRA
circuit : 1.5%  2021-12-21T10:25:00+0530
adx : 29.58  aroonosc : 50.0
-----------------------------------------------
10:29:08 : SCANNING : GNFC
circuit : 1.58%  2021-12-21T10:25:00+0530
adx : 27.83  aroonosc : 92.86
-----------------------------------------------
10:29:08 : SCANNING : GODFRYPHLP
circuit : -0.01%  2021-12-21T10:25:00+0530
adx : 14.96  aroonosc : -85.71
-----------------------------------------------
10:29:09 : SCANNING : GODREJAGRO
circuit : -0.81%  2021-12-21T10:25:00+0530
adx : 29.13  aroonosc : -28.57
-----------------------------------------------
10:29:09 : SCANNING : GODREJCP
circuit : 3.4%  2021-12-21T10:25:00+0530
adx : 38.9  aroonosc : 100.0
-----------------------------------------------
10:29:09 : SCANNING : GODREJIND
circuit : 2.56%  2021-12-21T10:25:00+0530
adx : 43.99  aroonosc : 64.29
-----------------------------------------------
10:29:09 : SCANNING : GODREJPROP
circuit : 1.49%  2021-12-21T10:25:00+0530
adx : 20.09  aroonosc : 50.0
-----------------------------------------------
10:29:10 : SCANNING : GPPL
circuit : 0.36%  2021-12-21T10:25:00+0530
adx : 35.25  aroonosc : -21.43
-----------------------------------------------
10:29:10 : SCANNING : GRANULES
circuit : -0.48%  2021-12-21T10:25:00+0530
adx : 10.84  aroonosc : 21.43
-----------------------------------------------
10:29:11 : SCANNING : GRAPHITE
circuit : 0.11%  2021-12-21T10:25:00+0530
adx : 26.76  aroonosc : -28.57
-----------------------------------------------
10:29:11 : SCANNING : GRASIM
circuit : 2.22%  2021-12-21T10:25:00+0530
adx : 53.06  aroonosc : 85.71
-----------------------------------------------
10:29:11 : SCANNING : GREAVESCOT
circuit : 1.34%  2021-12-21T10:25:00+0530
adx : 36.13  aroonosc : 35.71
-----------------------------------------------
10:29:12 : SCANNING : GRINDWELL
circuit : 0.44%  2021-12-21T10:25:00+0530
adx : 26.45  aroonosc : -42.86
-----------------------------------------------
10:29:12 : SCANNING : GRSE
circuit : 3.3%  2021-12-21T10:25:00+0530
adx : 18.0  aroonosc : 100.0
-----------------------------------------------
10:29:13 : SCANNING : GSFC
circuit : 0.74%  2021-12-21T10:25:00+0530
adx : 19.4  aroonosc : 7.14
-----------------------------------------------
10:29:13 : SCANNING : GSPL
circuit : 0.87%  2021-12-21T10:25:00+0530
adx : 29.72  aroonosc : 21.43
-----------------------------------------------
10:29:13 : SCANNING : GUJALKALI
circuit : 0.26%  2021-12-21T10:25:00+0530
adx : 43.09  aroonosc : 14.29
-----------------------------------------------
10:29:14 : SCANNING : GUJGASLTD
circuit : 1.57%  2021-12-21T10:25:00+0530
adx : 49.3  aroonosc : 85.71
-----------------------------------------------
10:29:14 : SCANNING : GULFOILLUB
-----------------------------------------------
10:29:15 : SCANNING : HAL
circuit : 0.41%  2021-12-21T10:25:00+0530
adx : 32.39  aroonosc : -21.43
-----------------------------------------------
10:29:15 : SCANNING : HATSUN
circuit : -1.83%  2021-12-21T10:25:00+0530
adx : 21.77  aroonosc : -14.29
-----------------------------------------------
10:29:16 : SCANNING : HAVELLS
circuit : 3.24%  2021-12-21T10:25:00+0530
adx : 40.5  aroonosc : 14.29
-----------------------------------------------
10:29:16 : SCANNING : HCLTECH
circuit : 3.38%  2021-12-21T10:25:00+0530
adx : 55.97  aroonosc : 78.57
-----------------------------------------------
10:29:16 : SCANNING : HDFC
circuit : -0.53%  2021-12-21T10:25:00+0530
adx : 45.43  aroonosc : -21.43
-----------------------------------------------
10:29:17 : SCANNING : HDFCAMC
circuit : 0.21%  2021-12-21T10:25:00+0530
adx : 23.99  aroonosc : 7.14
-----------------------------------------------
10:29:17 : SCANNING : HDFCBANK
circuit : 0.17%  2021-12-21T10:25:00+0530
adx : 12.69  aroonosc : 78.57
-----------------------------------------------
10:29:17 : SCANNING : HDFCLIFE
circuit : -0.31%  2021-12-21T10:25:00+0530
adx : 27.31  aroonosc : -35.71
-----------------------------------------------
10:29:18 : SCANNING : HEG
circuit : -0.58%  2021-12-21T10:25:00+0530
adx : 18.18  aroonosc : -57.14
-----------------------------------------------
10:29:18 : SCANNING : HEIDELBERG
circuit : 0.67%  2021-12-21T10:25:00+0530
adx : 22.62  aroonosc : 92.86
-----------------------------------------------
10:29:19 : SCANNING : HEMIPROP
circuit : 1.56%  2021-12-21T10:25:00+0530
adx : 28.08  aroonosc : 7.14
-----------------------------------------------
10:29:19 : SCANNING : HEROMOTOCO
circuit : -1.26%  2021-12-21T10:25:00+0530
adx : 39.36  aroonosc : -21.43
-----------------------------------------------
10:29:19 : SCANNING : HINDALCO
circuit : 1.82%  2021-12-21T10:25:00+0530
adx : 54.67  aroonosc : 85.71
-----------------------------------------------
10:29:19 : SCANNING : HINDCOPPER
circuit : 1.23%  2021-12-21T10:25:00+0530
adx : 35.73  aroonosc : 100.0
-----------------------------------------------
10:29:20 : SCANNING : HINDPETRO
circuit : 0.67%  2021-12-21T10:25:00+0530
adx : 18.54  aroonosc : -28.57
-----------------------------------------------
10:29:20 : SCANNING : HINDUNILVR
circuit : -0.28%  2021-12-21T10:25:00+0530
adx : 33.6  aroonosc : -21.43
-----------------------------------------------
10:29:21 : SCANNING : HINDZINC
circuit : 1.9%  2021-12-21T10:25:00+0530
adx : 25.84  aroonosc : 21.43
-----------------------------------------------
10:29:21 : SCANNING : HONAUT
circuit : -0.61%  2021-12-21T10:25:00+0530
adx : 23.19  aroonosc : -100.0
-----------------------------------------------
10:29:21 : SCANNING : HSCL
circuit : 1.65%  2021-12-21T10:25:00+0530
adx : 45.93  aroonosc : 0.0
-----------------------------------------------
10:29:22 : SCANNING : HUDCO
circuit : 0.77%  2021-12-21T10:25:00+0530
adx : 26.52  aroonosc : 64.29
-----------------------------------------------
10:29:22 : SCANNING : HUHTAMAKI
circuit : 1.04%  2021-12-21T10:25:00+0530
adx : 10.74  aroonosc : 7.14
-----------------------------------------------
10:29:22 : SCANNING : IBREALEST
circuit : 3.64%  2021-12-21T10:25:00+0530
adx : 41.87  aroonosc : 92.86
-----------------------------------------------
10:29:23 : SCANNING : IBULHSGFIN
circuit : 1.19%  2021-12-21T10:25:00+0530
adx : 29.28  aroonosc : 14.29
-----------------------------------------------
10:29:23 : SCANNING : ICICIBANK
circuit : 0.58%  2021-12-21T10:25:00+0530
adx : 44.39  aroonosc : 14.29
-----------------------------------------------
10:29:24 : SCANNING : ICICIGI
circuit : 1.47%  2021-12-21T10:25:00+0530
adx : 36.41  aroonosc : 100.0
-----------------------------------------------
10:29:24 : SCANNING : ICICIPRULI
circuit : 1.57%  2021-12-21T10:25:00+0530
adx : 33.6  aroonosc : 64.29
-----------------------------------------------
10:29:24 : SCANNING : ICIL
circuit : -1.1%  2021-12-21T10:25:00+0530
adx : 23.05  aroonosc : -28.57
-----------------------------------------------
10:29:25 : SCANNING : IDBI
circuit : 2.85%  2021-12-21T10:25:00+0530
adx : 46.58  aroonosc : 64.29
-----------------------------------------------
10:29:25 : SCANNING : IDEA
circuit : 4.69%  2021-12-21T10:25:00+0530
adx : 39.02  aroonosc : 100.0
-----------------------------------------------
10:29:26 : SCANNING : IDFC
circuit : 1.47%  2021-12-21T10:25:00+0530
adx : 40.32  aroonosc : 14.29
-----------------------------------------------
10:29:27 : SCANNING : IDFCFIRSTB
circuit : 0.33%  2021-12-21T10:25:00+0530
adx : 11.98  aroonosc : 14.29
-----------------------------------------------
10:29:27 : SCANNING : IEX
circuit : 2.0%  2021-12-21T10:25:00+0530
adx : 35.54  aroonosc : 100.0
-----------------------------------------------
10:29:27 : SCANNING : IFBIND
circuit : 0.33%  2021-12-21T10:25:00+0530
adx : 35.14  aroonosc : 57.14
-----------------------------------------------
10:29:28 : SCANNING : IGL
circuit : 0.77%  2021-12-21T10:25:00+0530
adx : 35.43  aroonosc : 100.0
-----------------------------------------------
10:29:28 : SCANNING : IIFL
circuit : 0.99%  2021-12-21T10:25:00+0530
adx : 27.47  aroonosc : 35.71
-----------------------------------------------
10:29:28 : SCANNING : IIFLWAM
circuit : -0.9%  2021-12-21T10:25:00+0530
adx : 18.75  aroonosc : 7.14
-----------------------------------------------
10:29:29 : SCANNING : INDHOTEL
circuit : -0.16%  2021-12-21T10:25:00+0530
adx : 13.26  aroonosc : -21.43
-----------------------------------------------
10:29:29 : SCANNING : INDIACEM
circuit : 1.28%  2021-12-21T10:25:00+0530
adx : 35.64  aroonosc : 0.0
-----------------------------------------------
10:29:30 : SCANNING : INDIAMART
circuit : 0.1%  2021-12-21T10:25:00+0530
adx : 12.05  aroonosc : 14.29
-----------------------------------------------
10:29:30 : SCANNING : INDIANB
circuit : 1.22%  2021-12-21T10:25:00+0530
adx : 32.1  aroonosc : 14.29
-----------------------------------------------
10:29:30 : SCANNING : INDIGO
circuit : -0.66%  2021-12-21T10:25:00+0530
adx : 21.29  aroonosc : -35.71
-----------------------------------------------
10:29:31 : SCANNING : INDOCO
circuit : 1.22%  2021-12-21T10:25:00+0530
adx : 23.49  aroonosc : 100.0
-----------------------------------------------
10:29:31 : SCANNING : INDUSINDBK
circuit : 0.42%  2021-12-21T10:25:00+0530
adx : 27.24  aroonosc : 14.29
-----------------------------------------------
10:29:32 : SCANNING : INDUSTOWER
circuit : 3.48%  2021-12-21T10:25:00+0530
adx : 43.08  aroonosc : 92.86
-----------------------------------------------
10:29:32 : SCANNING : INFIBEAM
circuit : 1.79%  2021-12-21T10:25:00+0530
adx : 42.0  aroonosc : 21.43
-----------------------------------------------
10:29:32 : SCANNING : INFY
circuit : 1.25%  2021-12-21T10:25:00+0530
adx : 30.81  aroonosc : 50.0
-----------------------------------------------
10:29:33 : SCANNING : INGERRAND
circuit : 0.94%  2021-12-21T10:25:00+0530
adx : 25.11  aroonosc : 42.86
-----------------------------------------------
10:29:33 : SCANNING : INOXLEISUR
circuit : 3.37%  2021-12-21T10:25:00+0530
adx : 48.28  aroonosc : 0.0
-----------------------------------------------
10:29:34 : SCANNING : INTELLECT
circuit : 0.55%  2021-12-21T10:25:00+0530
adx : 19.23  aroonosc : -14.29
-----------------------------------------------
10:29:34 : SCANNING : IOB
circuit : 1.73%  2021-12-21T10:25:00+0530
adx : 37.31  aroonosc : 14.29
-----------------------------------------------
10:29:34 : SCANNING : IOC
circuit : 0.05%  2021-12-21T10:25:00+0530
adx : 13.53  aroonosc : -21.43
-----------------------------------------------
10:29:35 : SCANNING : IOLCP
circuit : -0.61%  2021-12-21T10:25:00+0530
adx : 51.25  aroonosc : -28.57
-----------------------------------------------
10:29:35 : SCANNING : IPCALAB
circuit : 0.28%  2021-12-21T10:25:00+0530
adx : 10.59  aroonosc : 21.43
-----------------------------------------------
10:29:35 : SCANNING : IRB
circuit : -1.26%  2021-12-21T10:25:00+0530
adx : 18.84  aroonosc : -7.14
-----------------------------------------------
10:29:36 : SCANNING : IRCON
circuit : 0.33%  2021-12-21T10:25:00+0530
adx : 28.03  aroonosc : -14.29
-----------------------------------------------
10:29:36 : SCANNING : IRCTC
circuit : 0.61%  2021-12-21T10:25:00+0530
adx : 29.8  aroonosc : 7.14
-----------------------------------------------
10:29:36 : SCANNING : ISEC
circuit : 1.21%  2021-12-21T10:25:00+0530
adx : 29.61  aroonosc : 0.0
-----------------------------------------------
10:29:37 : SCANNING : ITC
circuit : -0.09%  2021-12-21T10:25:00+0530
adx : 20.36  aroonosc : -14.29
-----------------------------------------------
10:29:37 : SCANNING : ITI
circuit : 1.16%  2021-12-21T10:25:00+0530
adx : 22.33  aroonosc : 50.0
-----------------------------------------------
10:29:38 : SCANNING : J&KBANK
circuit : 2.31%  2021-12-21T10:25:00+0530
adx : 28.28  aroonosc : 35.71
-----------------------------------------------
10:29:38 : SCANNING : JAMNAAUTO
circuit : 3.01%  2021-12-21T10:25:00+0530
adx : 25.46  aroonosc : 92.86
-----------------------------------------------
10:29:38 : SCANNING : JBCHEPHARM
circuit : -0.52%  2021-12-21T10:25:00+0530
adx : 52.2  aroonosc : -78.57
-----------------------------------------------
10:29:39 : SCANNING : JCHAC
circuit : 1.53%  2021-12-21T10:25:00+0530
adx : 34.12  aroonosc : 0.0
-----------------------------------------------
10:29:39 : SCANNING : JINDALSAW
circuit : 2.15%  2021-12-21T10:25:00+0530
adx : 26.25  aroonosc : 50.0
-----------------------------------------------
10:29:40 : SCANNING : JINDALSTEL
circuit : 2.01%  2021-12-21T10:25:00+0530
adx : 48.4  aroonosc : 64.29
-----------------------------------------------
10:29:40 : SCANNING : JKCEMENT
circuit : 2.4%  2021-12-21T10:25:00+0530
adx : 23.08  aroonosc : 100.0
-----------------------------------------------
10:29:40 : SCANNING : JKLAKSHMI
circuit : 0.58%  2021-12-21T10:25:00+0530
adx : 19.25  aroonosc : -21.43
-----------------------------------------------
10:29:41 : SCANNING : JKPAPER
circuit : 1.05%  2021-12-21T10:25:00+0530
adx : 30.83  aroonosc : 57.14
-----------------------------------------------
10:29:41 : SCANNING : JKTYRE
circuit : 2.46%  2021-12-21T10:25:00+0530
adx : 36.92  aroonosc : 92.86
-----------------------------------------------
10:29:42 : SCANNING : JMFINANCIL
circuit : -0.69%  2021-12-21T10:25:00+0530
adx : 27.31  aroonosc : -21.43
-----------------------------------------------
10:29:42 : SCANNING : JSL
circuit : 3.61%  2021-12-21T10:25:00+0530
adx : 25.14  aroonosc : 78.57
-----------------------------------------------
10:29:42 : SCANNING : JSLHISAR
circuit : 3.09%  2021-12-21T10:25:00+0530
adx : 22.42  aroonosc : 92.86
-----------------------------------------------
10:29:43 : SCANNING : JSWSTEEL
circuit : 2.31%  2021-12-21T10:25:00+0530
adx : 62.56  aroonosc : 57.14
-----------------------------------------------
10:29:43 : SCANNING : JTEKTINDIA
circuit : 1.4%  2021-12-21T10:25:00+0530
adx : 22.49  aroonosc : 92.86
-----------------------------------------------
10:29:43 : SCANNING : JUBLFOOD
circuit : -0.2%  2021-12-21T10:25:00+0530
adx : 15.22  aroonosc : 14.29
-----------------------------------------------
10:29:44 : SCANNING : JUSTDIAL
circuit : 3.19%  2021-12-21T10:25:00+0530
adx : 37.15  aroonosc : 57.14
-----------------------------------------------
10:29:44 : SCANNING : JYOTHYLAB
circuit : 0.54%  2021-12-21T10:25:00+0530
adx : 25.03  aroonosc : 0.0
-----------------------------------------------
10:29:45 : SCANNING : KAJARIACER
circuit : 1.66%  2021-12-21T10:25:00+0530
adx : 25.7  aroonosc : 7.14
-----------------------------------------------
10:29:45 : SCANNING : KALPATPOWR
circuit : 0.87%  2021-12-21T10:25:00+0530
adx : 16.5  aroonosc : -21.43
-----------------------------------------------
10:29:45 : SCANNING : KANSAINER
circuit : 0.74%  2021-12-21T10:25:00+0530
adx : 20.83  aroonosc : 100.0
-----------------------------------------------
10:29:46 : SCANNING : KARURVYSYA
-----------------------------------------------
10:29:46 : SCANNING : KEC
circuit : 0.64%  2021-12-21T10:25:00+0530
adx : 15.17  aroonosc : 0.0
-----------------------------------------------
10:29:47 : SCANNING : KEI
circuit : -0.62%  2021-12-21T10:25:00+0530
adx : 14.69  aroonosc : -21.43
-----------------------------------------------
10:29:47 : SCANNING : KNRCON
circuit : 0.42%  2021-12-21T10:25:00+0530
adx : 11.52  aroonosc : 14.29
-----------------------------------------------
10:29:47 : SCANNING : KOTAKBANK
circuit : -0.35%  2021-12-21T10:25:00+0530
adx : 21.81  aroonosc : -21.43
-----------------------------------------------
10:29:48 : SCANNING : KPITTECH
circuit : 3.49%  2021-12-21T10:25:00+0530
adx : 37.75  aroonosc : 50.0
-----------------------------------------------
10:29:48 : SCANNING : KPRMILL
circuit : 2.21%  2021-12-21T10:25:00+0530
adx : 22.18  aroonosc : 7.14
-----------------------------------------------
10:29:49 : SCANNING : KRBL
circuit : 0.17%  2021-12-21T10:25:00+0530
adx : 19.89  aroonosc : -28.57
-----------------------------------------------
10:29:49 : SCANNING : KSB
circuit : 1.35%  2021-12-21T10:25:00+0530
adx : 13.88  aroonosc : 100.0
-----------------------------------------------
10:29:50 : SCANNING : KSCL
circuit : -1.12%  2021-12-21T10:25:00+0530
adx : 24.38  aroonosc : -71.43
-----------------------------------------------
10:29:50 : SCANNING : L&TFH
circuit : 3.39%  2021-12-21T10:25:00+0530
adx : 52.08  aroonosc : 100.0
-----------------------------------------------
10:29:51 : SCANNING : LALPATHLAB
circuit : -0.2%  2021-12-21T10:25:00+0530
adx : 18.58  aroonosc : 7.14
-----------------------------------------------
10:29:51 : SCANNING : LAOPALA
circuit : 3.9%  2021-12-21T10:25:00+0530
adx : 41.76  aroonosc : 14.29
-----------------------------------------------
10:29:52 : SCANNING : LAURUSLABS
circuit : 1.46%  2021-12-21T10:25:00+0530
adx : 19.84  aroonosc : 14.29
-----------------------------------------------
10:29:52 : SCANNING : LAXMIMACH
circuit : 3.34%  2021-12-21T10:25:00+0530
adx : 28.09  aroonosc : 64.29
-----------------------------------------------
10:29:52 : SCANNING : LEMONTREE
circuit : 4.36%  2021-12-21T10:25:00+0530
adx : 33.52  aroonosc : 14.29
-----------------------------------------------
10:29:53 : SCANNING : LICHSGFIN
circuit : 0.3%  2021-12-21T10:25:00+0530
adx : 36.22  aroonosc : 14.29
-----------------------------------------------
10:29:53 : SCANNING : LINDEINDIA
circuit : 0.76%  2021-12-21T10:25:00+0530
adx : 16.89  aroonosc : 7.14
-----------------------------------------------
10:29:54 : SCANNING : LT
circuit : 0.18%  2021-12-21T10:25:00+0530
adx : 28.49  aroonosc : 7.14
-----------------------------------------------
10:29:54 : SCANNING : LTI
circuit : 2.57%  2021-12-21T10:25:00+0530
adx : 29.85  aroonosc : 100.0
-----------------------------------------------
10:29:56 : SCANNING : LTTS
circuit : 1.36%  2021-12-21T10:25:00+0530
adx : 23.4  aroonosc : 64.29
-----------------------------------------------
10:29:56 : SCANNING : LUPIN
circuit : 0.42%  2021-12-21T10:25:00+0530
adx : 34.03  aroonosc : -21.43
-----------------------------------------------
10:29:56 : SCANNING : LUXIND
circuit : 0.01%  2021-12-21T10:25:00+0530
adx : 30.72  aroonosc : -28.57
-----------------------------------------------
10:29:57 : SCANNING : M&M
circuit : -0.4%  2021-12-21T10:25:00+0530
adx : 29.12  aroonosc : -64.29
-----------------------------------------------
10:29:57 : SCANNING : M&MFIN
circuit : 0.82%  2021-12-21T10:25:00+0530
adx : 20.29  aroonosc : 14.29
-----------------------------------------------
10:29:57 : SCANNING : MAHABANK
circuit : 0.79%  2021-12-21T10:25:00+0530
adx : 18.16  aroonosc : -35.71
-----------------------------------------------
10:29:58 : SCANNING : MAHINDCIE
circuit : 1.37%  2021-12-21T10:25:00+0530
adx : 20.9  aroonosc : 7.14
-----------------------------------------------
10:29:58 : SCANNING : MAHLOG
circuit : -0.53%  2021-12-21T10:25:00+0530
adx : 14.17  aroonosc : -21.43
-----------------------------------------------
10:29:58 : SCANNING : MAHSCOOTER
circuit : 1.58%  2021-12-21T10:25:00+0530
adx : 25.57  aroonosc : 0.0
-----------------------------------------------
10:29:59 : SCANNING : MAHSEAMLES
circuit : 1.65%  2021-12-21T10:25:00+0530
adx : 40.39  aroonosc : 64.29
-----------------------------------------------
10:29:59 : SCANNING : MANAPPURAM
circuit : -0.6%  2021-12-21T10:25:00+0530
adx : 34.78  aroonosc : 14.29
-----------------------------------------------
10:29:59 : SCANNING : MARICO
circuit : 0.2%  2021-12-21T10:25:00+0530
adx : 25.83  aroonosc : -28.57
-----------------------------------------------
10:30:00 : SCANNING : MARUTI
circuit : 0.24%  2021-12-21T10:25:00+0530
adx : 36.18  aroonosc : -28.57
-----------------------------------------------
10:30:00 : SCANNING : MASFIN
circuit : 2.15%  2021-12-21T10:25:00+0530
adx : 22.56  aroonosc : 64.29
-----------------------------------------------
10:30:00 : SCANNING : MAXHEALTH
circuit : 2.74%  2021-12-21T10:25:00+0530
adx : 40.82  aroonosc : 78.57
-----------------------------------------------
10:30:01 : SCANNING : MAZDOCK
circuit : 1.35%  2021-12-21T10:25:00+0530
adx : 28.2  aroonosc : 92.86
-----------------------------------------------
10:30:01 : SCANNING : MCDOWELL-N
circuit : 2.29%  2021-12-21T10:30:00+0530
adx : 38.24  aroonosc : 92.86
-----------------------------------------------
10:30:02 : SCANNING : MCX
circuit : 1.53%  2021-12-21T10:25:00+0530
adx : 34.75  aroonosc : 100.0
-----------------------------------------------
10:30:02 : SCANNING : METROPOLIS
circuit : 2.33%  2021-12-21T10:30:00+0530
adx : 28.41  aroonosc : 92.86
-----------------------------------------------
10:30:03 : SCANNING : MFSL
circuit : 3.46%  2021-12-21T10:30:00+0530
adx : 18.15  aroonosc : 92.86
-----------------------------------------------
10:30:03 : SCANNING : MGL
circuit : 0.32%  2021-12-21T10:30:00+0530
adx : 29.33  aroonosc : -14.29
-----------------------------------------------
10:30:03 : SCANNING : MHRIL
circuit : -0.08%  2021-12-21T10:25:00+0530
adx : 20.16  aroonosc : -21.43
-----------------------------------------------
10:30:04 : SCANNING : MIDHANI
circuit : 0.97%  2021-12-21T10:25:00+0530
adx : 16.4  aroonosc : 0.0
-----------------------------------------------
10:30:04 : SCANNING : MINDACORP
circuit : 1.38%  2021-12-21T10:30:00+0530
adx : 31.41  aroonosc : 85.71
-----------------------------------------------
10:30:05 : SCANNING : MINDAIND
circuit : 0.69%  2021-12-21T10:30:00+0530
adx : 36.05  aroonosc : -14.29
-----------------------------------------------
10:30:05 : SCANNING : MINDTREE
circuit : 1.01%  2021-12-21T10:30:00+0530
adx : 41.77  aroonosc : 35.71
-----------------------------------------------
10:30:05 : SCANNING : MMTC
circuit : 1.47%  2021-12-21T10:30:00+0530
adx : 34.84  aroonosc : 35.71
-----------------------------------------------
10:30:06 : SCANNING : MOIL
circuit : 1.48%  2021-12-21T10:30:00+0530
adx : 30.59  aroonosc : 100.0
-----------------------------------------------
10:30:06 : SCANNING : MOTILALOFS
circuit : 0.64%  2021-12-21T10:30:00+0530
adx : 25.51  aroonosc : -21.43
-----------------------------------------------
10:30:06 : SCANNING : MPHASIS
circuit : 0.77%  2021-12-21T10:30:00+0530
adx : 33.59  aroonosc : -78.57
-----------------------------------------------
10:30:07 : SCANNING : MRF
circuit : 0.62%  2021-12-21T10:30:00+0530
adx : 20.7  aroonosc : -21.43
-----------------------------------------------
10:30:07 : SCANNING : MRPL
circuit : 0.12%  2021-12-21T10:30:00+0530
adx : 32.65  aroonosc : 14.29
-----------------------------------------------
10:30:07 : SCANNING : MUTHOOTFIN
circuit : 0.38%  2021-12-21T10:30:00+0530
adx : 19.08  aroonosc : 78.57
-----------------------------------------------
10:30:07 : SCANNING : NAM-INDIA
circuit : 1.37%  2021-12-21T10:30:00+0530
adx : 16.56  aroonosc : 64.29
-----------------------------------------------
10:30:08 : SCANNING : NATCOPHARM
circuit : 2.56%  2021-12-21T10:30:00+0530
adx : 16.75  aroonosc : 64.29
-----------------------------------------------
10:30:09 : SCANNING : NATIONALUM
circuit : 2.74%  2021-12-21T10:25:00+0530
adx : 52.36  aroonosc : 71.43
-----------------------------------------------
10:30:09 : SCANNING : NAUKRI
circuit : 0.23%  2021-12-21T10:25:00+0530
adx : 20.34  aroonosc : -35.71
-----------------------------------------------
10:30:09 : SCANNING : NAVINFLUOR
circuit : 3.25%  2021-12-21T10:30:00+0530
adx : 54.32  aroonosc : 92.86
-----------------------------------------------
10:30:10 : SCANNING : NBCC
circuit : 0.72%  2021-12-21T10:30:00+0530
adx : 31.11  aroonosc : 78.57
-----------------------------------------------
10:30:10 : SCANNING : NCC
circuit : 0.58%  2021-12-21T10:30:00+0530
adx : 38.85  aroonosc : 85.71
-----------------------------------------------
10:30:10 : SCANNING : NESCO
circuit : 1.25%  2021-12-21T10:30:00+0530
adx : 18.74  aroonosc : 14.29
-----------------------------------------------
10:30:11 : SCANNING : NESTLEIND
circuit : 0.29%  2021-12-21T10:30:00+0530
adx : 41.49  aroonosc : 78.57
-----------------------------------------------
10:30:11 : SCANNING : NETWORK18
circuit : 2.7%  2021-12-21T10:25:00+0530
adx : 28.31  aroonosc : 92.86
-----------------------------------------------
10:30:12 : SCANNING : NFL
circuit : 1.72%  2021-12-21T10:30:00+0530
adx : 29.67  aroonosc : 71.43
-----------------------------------------------
10:30:12 : SCANNING : NH
circuit : 0.87%  2021-12-21T10:30:00+0530
adx : 9.92  aroonosc : -28.57
-----------------------------------------------
10:30:13 : SCANNING : NHPC
circuit : 2.02%  2021-12-21T10:30:00+0530
adx : 35.08  aroonosc : 100.0
-----------------------------------------------
10:30:13 : SCANNING : NIACL
circuit : -0.04%  2021-12-21T10:30:00+0530
adx : 23.75  aroonosc : -28.57
-----------------------------------------------
10:30:13 : SCANNING : NILKAMAL
circuit : 0.21%  2021-12-21T10:30:00+0530
adx : 12.97  aroonosc : -35.71
-----------------------------------------------
10:30:14 : SCANNING : NLCINDIA
circuit : 0.86%  2021-12-21T10:25:00+0530
adx : 30.33  aroonosc : 21.43
-----------------------------------------------
10:30:14 : SCANNING : NMDC
circuit : 6.96%  2021-12-21T10:30:00+0530
adx : 21.32  aroonosc : 50.0
-----------------------------------------------
10:30:14 : SCANNING : NOCIL
circuit : -0.29%  2021-12-21T10:30:00+0530
adx : 28.9  aroonosc : -42.86
-----------------------------------------------
10:30:15 : SCANNING : NTPC
circuit : 0.2%  2021-12-21T10:30:00+0530
adx : 37.95  aroonosc : 50.0
rpt : 1190.0
{'candle': 'green', 'type': 'BUY', 'instrument': 'NTPC', 'price': 120.2, 'qty': 4949, 'target': 120.35, 'stoploss': 120.05, 'volume': 82550, 'adx': 50.48648436642578, 'aroonosc': 64.28571428571429, 'atr': 0.35497661662436336, 'open': 120.15, 'high': 120.35, 'low': 120.05, 'close': 120.35, 'product': 'MIS', 'time': '2021-12-20T13:45:00+0530'}
10:30:15 : Validation Failed : Time Gap in Seconds : 74715
-----------------------------------------------
10:30:16 : SCANNING : OBEROIRLTY
circuit : 0.82%  2021-12-21T10:30:00+0530
adx : 24.85  aroonosc : -21.43
-----------------------------------------------
10:30:16 : SCANNING : OFSS
circuit : 1.59%  2021-12-21T10:30:00+0530
adx : 49.39  aroonosc : 85.71
-----------------------------------------------
10:30:16 : SCANNING : OIL
circuit : 1.44%  2021-12-21T10:30:00+0530
adx : 20.5  aroonosc : -28.57
-----------------------------------------------
10:30:17 : SCANNING : ONGC
circuit : 0.04%  2021-12-21T10:30:00+0530
adx : 32.97  aroonosc : -7.14
-----------------------------------------------
10:30:17 : SCANNING : ORIENTELEC
circuit : 2.04%  2021-12-21T10:30:00+0530
adx : 16.16  aroonosc : -14.29
-----------------------------------------------
10:30:17 : SCANNING : PAGEIND
circuit : 1.49%  2021-12-21T10:30:00+0530
adx : 24.03  aroonosc : 85.71
-----------------------------------------------
10:30:18 : SCANNING : PEL
circuit : 1.23%  2021-12-21T10:25:00+0530
adx : 19.95  aroonosc : 100.0
-----------------------------------------------
10:30:18 : SCANNING : PERSISTENT
circuit : -0.68%  2021-12-21T10:30:00+0530
adx : 31.09  aroonosc : -7.14
-----------------------------------------------
10:30:18 : SCANNING : PETRONET
-----------------------------------------------
10:30:19 : SCANNING : PFC
circuit : 0.86%  2021-12-21T10:30:00+0530
adx : 18.34  aroonosc : 78.57
-----------------------------------------------
10:30:19 : SCANNING : PFIZER
circuit : 1.04%  2021-12-21T10:30:00+0530
adx : 20.44  aroonosc : 14.29
-----------------------------------------------
10:30:20 : SCANNING : PGHH
circuit : 0.5%  2021-12-21T10:30:00+0530
adx : 25.43  aroonosc : 21.43
-----------------------------------------------
10:30:21 : SCANNING : PGHL
circuit : -0.73%  2021-12-21T10:30:00+0530
adx : 24.32  aroonosc : -42.86
-----------------------------------------------
10:30:21 : SCANNING : PHILIPCARB
circuit : 1.39%  2021-12-21T10:30:00+0530
adx : 9.57  aroonosc : -21.43
-----------------------------------------------
10:30:21 : SCANNING : PHOENIXLTD
circuit : -3.13%  2021-12-21T10:25:00+0530
adx : 38.59  aroonosc : -92.86
-----------------------------------------------
10:30:22 : SCANNING : PIDILITIND
circuit : 0.41%  2021-12-21T10:30:00+0530
adx : 38.75  aroonosc : -14.29
-----------------------------------------------
10:30:22 : SCANNING : PIIND
circuit : 1.11%  2021-12-21T10:30:00+0530
adx : 32.5  aroonosc : 64.29
-----------------------------------------------
10:30:23 : SCANNING : PNB
circuit : 1.22%  2021-12-21T10:30:00+0530
adx : 24.36  aroonosc : -71.43
-----------------------------------------------
10:30:23 : SCANNING : PNBHOUSING
circuit : 3.09%  2021-12-21T10:30:00+0530
adx : 50.09  aroonosc : 92.86
-----------------------------------------------
10:30:23 : SCANNING : PNCINFRA
circuit : -0.39%  2021-12-21T10:30:00+0530
adx : 31.95  aroonosc : -28.57
-----------------------------------------------
10:30:24 : SCANNING : POLYCAB
circuit : 0.03%  2021-12-21T10:30:00+0530
adx : 41.94  aroonosc : -21.43
-----------------------------------------------
10:30:24 : SCANNING : POLYMED
circuit : -0.42%  2021-12-21T10:30:00+0530
adx : 23.23  aroonosc : -14.29
-----------------------------------------------
10:30:24 : SCANNING : POLYPLEX
circuit : 0.97%  2021-12-21T10:30:00+0530
adx : 21.4  aroonosc : -21.43
-----------------------------------------------
10:30:25 : SCANNING : POWERGRID
circuit : -1.23%  2021-12-21T10:30:00+0530
adx : 15.23  aroonosc : -64.29
-----------------------------------------------
10:30:25 : SCANNING : POWERINDIA
circuit : 0.77%  2021-12-21T10:30:00+0530
adx : 27.95  aroonosc : -14.29
-----------------------------------------------
10:30:25 : SCANNING : PRESTIGE
circuit : 0.85%  2021-12-21T10:30:00+0530
adx : 23.52  aroonosc : -21.43
-----------------------------------------------
10:30:26 : SCANNING : PRINCEPIPE
circuit : 1.98%  2021-12-21T10:30:00+0530
adx : 31.74  aroonosc : 64.29
-----------------------------------------------
10:30:26 : SCANNING : PRSMJOHNSN
circuit : 4.03%  2021-12-21T10:30:00+0530
adx : 36.27  aroonosc : 85.71
-----------------------------------------------
10:30:26 : SCANNING : PSB
circuit : 1.88%  2021-12-21T10:30:00+0530
adx : 24.51  aroonosc : 50.0
-----------------------------------------------
10:30:27 : SCANNING : PVR
circuit : 0.72%  2021-12-21T10:30:00+0530
adx : 24.31  aroonosc : 64.29
-----------------------------------------------
10:30:27 : SCANNING : QUESS
circuit : 0.95%  2021-12-21T10:30:00+0530
adx : 24.49  aroonosc : 57.14
-----------------------------------------------
10:30:28 : SCANNING : RADICO
circuit : 0.51%  2021-12-21T10:30:00+0530
adx : 21.35  aroonosc : -21.43
-----------------------------------------------
10:30:28 : SCANNING : RAIN
circuit : -0.37%  2021-12-21T10:30:00+0530
adx : 15.43  aroonosc : -14.29
-----------------------------------------------
10:30:28 : SCANNING : RAJESHEXPO
circuit : 0.09%  2021-12-21T10:30:00+0530
adx : 11.66  aroonosc : -78.57
-----------------------------------------------
10:30:28 : SCANNING : RALLIS
circuit : 0.2%  2021-12-21T10:30:00+0530
adx : 13.43  aroonosc : -21.43
-----------------------------------------------
10:30:29 : SCANNING : RAMCOCEM
circuit : 1.62%  2021-12-21T10:30:00+0530
adx : 23.94  aroonosc : 57.14
-----------------------------------------------
10:30:29 : SCANNING : RATNAMANI
circuit : 4.03%  2021-12-21T10:30:00+0530
adx : 41.36  aroonosc : 0.0
-----------------------------------------------
10:30:29 : SCANNING : RAYMOND
circuit : 0.88%  2021-12-21T10:30:00+0530
adx : 34.57  aroonosc : -28.57
-----------------------------------------------
10:30:30 : SCANNING : RBLBANK
circuit : 0.03%  2021-12-21T10:30:00+0530
adx : 20.47  aroonosc : -28.57
-----------------------------------------------
10:30:30 : SCANNING : RCF
circuit : 1.39%  2021-12-21T10:30:00+0530
adx : 24.09  aroonosc : 78.57
-----------------------------------------------
10:30:31 : SCANNING : RECLTD
circuit : 1.06%  2021-12-21T10:30:00+0530
adx : 42.37  aroonosc : 92.86
-----------------------------------------------
10:30:31 : SCANNING : REDINGTON
circuit : 0.82%  2021-12-21T10:30:00+0530
adx : 19.2  aroonosc : -14.29
-----------------------------------------------
10:30:31 : SCANNING : RELAXO
circuit : 2.34%  2021-12-21T10:30:00+0530
adx : 33.08  aroonosc : 64.29
-----------------------------------------------
10:30:32 : SCANNING : RELIANCE
circuit : 0.63%  2021-12-21T10:25:00+0530
adx : 47.42  aroonosc : 71.43
-----------------------------------------------
10:30:32 : SCANNING : RESPONIND
circuit : 2.43%  2021-12-21T10:30:00+0530
adx : 24.99  aroonosc : 50.0
-----------------------------------------------
10:30:32 : SCANNING : RHIM
circuit : 1.21%  2021-12-21T10:30:00+0530
adx : 34.09  aroonosc : 57.14
-----------------------------------------------
10:30:33 : SCANNING : RITES
circuit : -0.47%  2021-12-21T10:30:00+0530
adx : 12.51  aroonosc : -42.86
-----------------------------------------------
10:30:33 : SCANNING : ROSSARI
circuit : 0.53%  2021-12-21T10:30:00+0530
adx : 28.74  aroonosc : -28.57
-----------------------------------------------
10:30:34 : SCANNING : ROUTE
circuit : 0.82%  2021-12-21T10:30:00+0530
adx : 24.93  aroonosc : -14.29
-----------------------------------------------
10:30:34 : SCANNING : RVNL
circuit : 1.34%  2021-12-21T10:30:00+0530
adx : 49.53  aroonosc : 71.43
-----------------------------------------------
10:30:35 : SCANNING : SAIL
circuit : 2.05%  2021-12-21T10:25:00+0530
adx : 33.5  aroonosc : 78.57
-----------------------------------------------
10:30:35 : SCANNING : SANOFI
circuit : -0.02%  2021-12-21T10:30:00+0530
adx : 24.19  aroonosc : -14.29
-----------------------------------------------
10:30:35 : SCANNING : SBICARD
-----------------------------------------------
10:30:36 : SCANNING : SBILIFE
circuit : -0.84%  2021-12-21T10:30:00+0530
adx : 18.23  aroonosc : -28.57
-----------------------------------------------
10:30:36 : SCANNING : SBIN
circuit : -0.12%  2021-12-21T10:25:00+0530
adx : 35.95  aroonosc : 14.29
-----------------------------------------------
10:30:36 : SCANNING : SCHAEFFLER
circuit : 2.4%  2021-12-21T10:30:00+0530
adx : 44.97  aroonosc : 92.86
-----------------------------------------------
10:30:37 : SCANNING : SCHNEIDER
circuit : -1.26%  2021-12-21T10:25:00+0530
adx : 21.84  aroonosc : 7.14
-----------------------------------------------
10:30:37 : SCANNING : SCI
circuit : 1.76%  2021-12-21T10:30:00+0530
adx : 20.88  aroonosc : 42.86
-----------------------------------------------
10:30:38 : SCANNING : SEQUENT
circuit : 0.06%  2021-12-21T10:30:00+0530
adx : 21.75  aroonosc : 64.29
-----------------------------------------------
10:30:38 : SCANNING : SFL
circuit : 1.32%  2021-12-21T10:30:00+0530
adx : 27.75  aroonosc : -21.43
-----------------------------------------------
10:30:38 : SCANNING : SHARDACROP
circuit : -3.02%  2021-12-21T10:30:00+0530
adx : 28.81  aroonosc : -28.57
-----------------------------------------------
10:30:39 : SCANNING : SHILPAMED
circuit : 2.48%  2021-12-21T10:30:00+0530
adx : 47.46  aroonosc : 92.86
-----------------------------------------------
10:30:39 : SCANNING : SHOPERSTOP
circuit : 1.45%  2021-12-21T10:30:00+0530
adx : 14.73  aroonosc : -14.29
-----------------------------------------------
10:30:40 : SCANNING : SHREECEM
circuit : 1.68%  2021-12-21T10:30:00+0530
adx : 41.92  aroonosc : 78.57
-----------------------------------------------
10:30:40 : SCANNING : SHRIRAMCIT
circuit : -2.4%  2021-12-21T10:30:00+0530
adx : 13.31  aroonosc : -28.57
-----------------------------------------------
10:30:41 : SCANNING : SIEMENS
circuit : 0.5%  2021-12-21T10:30:00+0530
adx : 25.39  aroonosc : -14.29
-----------------------------------------------
10:30:41 : SCANNING : SIS
circuit : 0.33%  2021-12-21T10:30:00+0530
adx : 44.79  aroonosc : 42.86
-----------------------------------------------
10:30:42 : SCANNING : SJVN
circuit : 0.72%  2021-12-21T10:30:00+0530
adx : 28.66  aroonosc : -64.29
-----------------------------------------------
10:30:42 : SCANNING : SKFINDIA
circuit : 0.03%  2021-12-21T10:30:00+0530
adx : 13.61  aroonosc : -21.43
-----------------------------------------------
10:30:42 : SCANNING : SOBHA
circuit : 0.87%  2021-12-21T10:30:00+0530
adx : 21.65  aroonosc : -21.43
-----------------------------------------------
10:30:43 : SCANNING : SOLARA
circuit : 0.36%  2021-12-21T10:30:00+0530
adx : 22.57  aroonosc : -85.71
-----------------------------------------------
10:30:43 : SCANNING : SOLARINDS
circuit : 0.13%  2021-12-21T10:30:00+0530
adx : 16.83  aroonosc : -85.71
-----------------------------------------------
10:30:43 : SCANNING : SONATSOFTW
circuit : 2.82%  2021-12-21T10:30:00+0530
adx : 34.32  aroonosc : 57.14
-----------------------------------------------
10:30:44 : SCANNING : SPANDANA
circuit : 0.6%  2021-12-21T10:25:00+0530
adx : 27.24  aroonosc : 35.71
-----------------------------------------------
10:30:44 : SCANNING : SPARC
circuit : 1.76%  2021-12-21T10:30:00+0530
adx : 14.22  aroonosc : 50.0
-----------------------------------------------
10:30:45 : SCANNING : SPICEJET
circuit : 0.23%  2021-12-21T10:30:00+0530
adx : 28.81  aroonosc : 64.29
-----------------------------------------------
10:30:45 : SCANNING : SRF
circuit : 1.46%  2021-12-21T10:25:00+0530
adx : 31.47  aroonosc : 35.71
-----------------------------------------------
10:30:45 : SCANNING : SRTRANSFIN
circuit : -2.23%  2021-12-21T10:30:00+0530
adx : 20.29  aroonosc : -71.43
-----------------------------------------------
10:30:46 : SCANNING : STAR
circuit : -0.2%  2021-12-21T10:30:00+0530
adx : 15.98  aroonosc : -21.43
-----------------------------------------------
10:30:46 : SCANNING : STARCEMENT
circuit : 0.64%  2021-12-21T10:30:00+0530
adx : 22.29  aroonosc : -14.29
-----------------------------------------------
10:30:46 : SCANNING : STLTECH
circuit : 0.97%  2021-12-21T10:30:00+0530
adx : 30.98  aroonosc : -35.71
-----------------------------------------------
10:30:47 : SCANNING : SUDARSCHEM
circuit : 1.71%  2021-12-21T10:25:00+0530
adx : 33.67  aroonosc : 100.0
-----------------------------------------------
10:30:47 : SCANNING : SUMICHEM
circuit : 1.09%  2021-12-21T10:30:00+0530
adx : 20.64  aroonosc : 71.43
-----------------------------------------------
10:30:48 : SCANNING : SUNCLAYLTD
circuit : 1.44%  2021-12-21T10:30:00+0530
adx : 15.92  aroonosc : 71.43
-----------------------------------------------
10:30:48 : SCANNING : SUNDARMFIN
circuit : -0.44%  2021-12-21T10:30:00+0530
adx : 22.26  aroonosc : -50.0
-----------------------------------------------
10:30:48 : SCANNING : SUNDRMFAST
circuit : -2.47%  2021-12-21T10:30:00+0530
adx : 22.94  aroonosc : -14.29
-----------------------------------------------
10:30:49 : SCANNING : SUNPHARMA
circuit : 2.35%  2021-12-21T10:30:00+0530
adx : 41.21  aroonosc : 71.43
-----------------------------------------------
10:30:49 : SCANNING : SUNTECK
circuit : 1.32%  2021-12-21T10:30:00+0530
adx : 32.85  aroonosc : 50.0
-----------------------------------------------
10:30:50 : SCANNING : SUNTV
circuit : -0.07%  2021-12-21T10:30:00+0530
adx : 29.57  aroonosc : 64.29
-----------------------------------------------
10:30:50 : SCANNING : SUPPETRO
circuit : 1.44%  2021-12-21T10:30:00+0530
adx : 33.37  aroonosc : 57.14
-----------------------------------------------
10:30:50 : SCANNING : SUPRAJIT
circuit : 1.44%  2021-12-21T10:30:00+0530
adx : 36.6  aroonosc : -28.57
-----------------------------------------------
10:30:51 : SCANNING : SUPREMEIND
circuit : 4.82%  2021-12-21T10:30:00+0530
adx : 62.22  aroonosc : 71.43
-----------------------------------------------
10:30:51 : SCANNING : SUVENPHAR
circuit : 1.45%  2021-12-21T10:30:00+0530
adx : 16.21  aroonosc : -21.43
-----------------------------------------------
10:30:51 : SCANNING : SUZLON
circuit : 2.05%  2021-12-21T10:30:00+0530
adx : 42.61  aroonosc : 100.0
-----------------------------------------------
10:30:52 : SCANNING : SWANENERGY
circuit : 2.46%  2021-12-21T10:30:00+0530
adx : 33.93  aroonosc : -28.57
-----------------------------------------------
10:30:52 : SCANNING : SWSOLAR
circuit : 0.24%  2021-12-21T10:30:00+0530
adx : 18.75  aroonosc : -28.57
-----------------------------------------------
10:30:53 : SCANNING : SYMPHONY
circuit : 0.62%  2021-12-21T10:30:00+0530
adx : 40.28  aroonosc : -21.43
-----------------------------------------------
10:30:53 : SCANNING : SYNGENE
circuit : 0.46%  2021-12-21T10:30:00+0530
adx : 32.87  aroonosc : -35.71
-----------------------------------------------
10:30:54 : SCANNING : TASTYBITE
circuit : -1.6%  2021-12-21T10:30:00+0530
adx : 31.01  aroonosc : -64.29
-----------------------------------------------
10:30:54 : SCANNING : TATACHEM
circuit : 1.65%  2021-12-21T10:25:00+0530
adx : 33.38  aroonosc : 100.0
-----------------------------------------------
10:30:54 : SCANNING : TATACOFFEE
circuit : 1.56%  2021-12-21T10:25:00+0530
adx : 26.87  aroonosc : 92.86
-----------------------------------------------
10:30:55 : SCANNING : TATACOMM
circuit : -0.2%  2021-12-21T10:30:00+0530
adx : 18.48  aroonosc : -14.29
-----------------------------------------------
10:30:55 : SCANNING : TATACONSUM
circuit : 1.54%  2021-12-21T10:30:00+0530
adx : 44.57  aroonosc : -7.14
-----------------------------------------------
10:30:56 : SCANNING : TATAELXSI
circuit : 0.22%  2021-12-21T10:30:00+0530
adx : 11.61  aroonosc : 78.57
-----------------------------------------------
10:30:56 : SCANNING : TATAINVEST
circuit : 0.07%  2021-12-21T10:30:00+0530
adx : 32.39  aroonosc : -14.29
-----------------------------------------------
10:30:56 : SCANNING : TATAMOTORS
circuit : 1.13%  2021-12-21T10:25:00+0530
adx : 25.4  aroonosc : 100.0
-----------------------------------------------
10:30:57 : SCANNING : TATAPOWER
circuit : 0.73%  2021-12-21T10:25:00+0530
adx : 37.93  aroonosc : 7.14
-----------------------------------------------
10:30:57 : SCANNING : TATASTEEL
circuit : 1.96%  2021-12-21T10:25:00+0530
adx : 44.34  aroonosc : 78.57
-----------------------------------------------
10:30:58 : SCANNING : TCIEXP
circuit : 2.81%  2021-12-21T10:30:00+0530
adx : 16.55  aroonosc : 85.71
-----------------------------------------------
10:30:58 : SCANNING : TCNSBRANDS
circuit : 2.51%  2021-12-21T10:30:00+0530
adx : 20.13  aroonosc : -21.43
-----------------------------------------------
10:30:59 : SCANNING : TCS
circuit : 1.46%  2021-12-21T10:25:00+0530
adx : 44.88  aroonosc : 100.0
-----------------------------------------------
10:31:00 : SCANNING : TEAMLEASE
circuit : 0.41%  2021-12-21T10:30:00+0530
adx : 13.08  aroonosc : -28.57
-----------------------------------------------
10:31:00 : SCANNING : TECHM
circuit : 2.06%  2021-12-21T10:30:00+0530
adx : 35.41  aroonosc : 42.86
-----------------------------------------------
10:31:01 : SCANNING : THERMAX
circuit : 1.52%  2021-12-21T10:30:00+0530
adx : 34.65  aroonosc : 64.29
-----------------------------------------------
10:31:02 : SCANNING : THYROCARE
circuit : -1.33%  2021-12-21T10:30:00+0530
adx : 17.24  aroonosc : -92.86
-----------------------------------------------
10:31:02 : SCANNING : TIINDIA
circuit : -0.6%  2021-12-21T10:30:00+0530
adx : 25.6  aroonosc : -28.57
-----------------------------------------------
10:31:03 : SCANNING : TIMKEN
circuit : 2.35%  2021-12-21T10:30:00+0530
adx : 38.14  aroonosc : 71.43
-----------------------------------------------
10:31:03 : SCANNING : TITAN
circuit : 1.91%  2021-12-21T10:30:00+0530
adx : 37.93  aroonosc : -7.14
-----------------------------------------------
10:31:04 : SCANNING : TORNTPHARM
circuit : 2.46%  2021-12-21T10:30:00+0530
adx : 29.18  aroonosc : 92.86
-----------------------------------------------
10:31:04 : SCANNING : TORNTPOWER
circuit : 0.02%  2021-12-21T10:30:00+0530
adx : 28.64  aroonosc : -28.57
-----------------------------------------------
10:31:05 : SCANNING : TRENT
circuit : -0.28%  2021-12-21T10:30:00+0530
adx : 25.33  aroonosc : 71.43
-----------------------------------------------
10:31:06 : SCANNING : TRIDENT
circuit : 4.75%  2021-12-21T10:30:00+0530
adx : 16.0  aroonosc : 57.14
-----------------------------------------------
10:31:08 : SCANNING : TRITURBINE
circuit : -0.9%  2021-12-21T10:30:00+0530
adx : 53.12  aroonosc : -21.43
-----------------------------------------------
10:31:08 : SCANNING : TTKPRESTIG
circuit : 2.43%  2021-12-21T10:30:00+0530
adx : 24.68  aroonosc : -14.29
-----------------------------------------------
10:31:09 : SCANNING : TV18BRDCST
circuit : 0.45%  2021-12-21T10:30:00+0530
adx : 12.43  aroonosc : -21.43
-----------------------------------------------
10:31:10 : SCANNING : TVSMOTOR
circuit : 0.99%  2021-12-21T10:30:00+0530
adx : 43.09  aroonosc : 57.14
-----------------------------------------------
10:31:10 : SCANNING : UBL
circuit : 2.27%  2021-12-21T10:30:00+0530
adx : 30.34  aroonosc : 71.43
-----------------------------------------------
10:31:11 : SCANNING : UCOBANK
circuit : 1.18%  2021-12-21T10:30:00+0530
adx : 47.22  aroonosc : -78.57
-----------------------------------------------
10:31:12 : SCANNING : UFLEX
circuit : -1.27%  2021-12-21T10:30:00+0530
adx : 36.0  aroonosc : 57.14
-----------------------------------------------
10:31:13 : SCANNING : UJJIVAN
circuit : 0.08%  2021-12-21T10:30:00+0530
adx : 26.9  aroonosc : -21.43
-----------------------------------------------
10:31:13 : SCANNING : UJJIVANSFB
-----------------------------------------------
10:31:14 : SCANNING : ULTRACEMCO
circuit : 0.48%  2021-12-21T10:30:00+0530
adx : 28.62  aroonosc : 71.43
-----------------------------------------------
10:31:14 : SCANNING : UNIONBANK
circuit : 1.18%  2021-12-21T10:30:00+0530
adx : 11.25  aroonosc : -21.43
-----------------------------------------------
10:31:15 : SCANNING : UPL
circuit : 1.3%  2021-12-21T10:30:00+0530
adx : 39.4  aroonosc : 50.0
-----------------------------------------------
10:31:16 : SCANNING : UTIAMC
circuit : 1.69%  2021-12-21T10:30:00+0530
adx : 16.32  aroonosc : -7.14
-----------------------------------------------
10:31:16 : SCANNING : VAIBHAVGBL
circuit : -0.35%  2021-12-21T10:30:00+0530
adx : 16.71  aroonosc : -21.43
-----------------------------------------------
10:31:17 : SCANNING : VAKRANGEE
circuit : 1.69%  2021-12-21T10:30:00+0530
adx : 27.95  aroonosc : 50.0
-----------------------------------------------
10:31:17 : SCANNING : VALIANTORG
circuit : 0.81%  2021-12-21T10:30:00+0530
adx : 13.43  aroonosc : 78.57
-----------------------------------------------
10:31:18 : SCANNING : VARROC
circuit : 2.08%  2021-12-21T10:30:00+0530
adx : 22.25  aroonosc : 71.43
-----------------------------------------------
10:31:18 : SCANNING : VBL
circuit : 0.6%  2021-12-21T10:30:00+0530
adx : 15.44  aroonosc : -7.14
-----------------------------------------------
10:31:19 : SCANNING : VEDL
circuit : 1.37%  2021-12-21T10:30:00+0530
adx : 52.38  aroonosc : 78.57
-----------------------------------------------
10:31:20 : SCANNING : VENKEYS
circuit : -0.1%  2021-12-21T10:30:00+0530
adx : 28.6  aroonosc : -21.43
-----------------------------------------------
10:31:20 : SCANNING : VGUARD
circuit : 0.36%  2021-12-21T10:30:00+0530
adx : 14.55  aroonosc : -21.43
-----------------------------------------------
10:31:20 : SCANNING : VINATIORGA
circuit : -2.51%  2021-12-21T10:30:00+0530
adx : 20.84  aroonosc : -71.43
-----------------------------------------------
10:31:21 : SCANNING : VIPIND
circuit : 3.24%  2021-12-21T10:30:00+0530
adx : 24.73  aroonosc : 50.0
-----------------------------------------------
10:31:23 : SCANNING : VMART
circuit : -0.78%  2021-12-21T10:30:00+0530
adx : 24.59  aroonosc : 42.86
-----------------------------------------------
10:31:24 : SCANNING : VOLTAS
circuit : 0.92%  2021-12-21T10:30:00+0530
adx : 38.69  aroonosc : 35.71
-----------------------------------------------
10:31:24 : SCANNING : VSTIND
circuit : 0.09%  2021-12-21T10:30:00+0530
adx : 18.1  aroonosc : -92.86
-----------------------------------------------
10:31:25 : SCANNING : VTL
circuit : 5.54%  2021-12-21T10:30:00+0530
adx : 44.41  aroonosc : 50.0
-----------------------------------------------
10:31:25 : SCANNING : WABCOINDIA
circuit : 0.7%  2021-12-21T10:30:00+0530
adx : 10.76  aroonosc : -85.71
-----------------------------------------------
10:31:26 : SCANNING : WELCORP
circuit : 3.78%  2021-12-21T10:30:00+0530
adx : 42.53  aroonosc : 28.57
-----------------------------------------------
10:31:26 : SCANNING : WELSPUNIND
circuit : 1.32%  2021-12-21T10:30:00+0530
adx : 22.94  aroonosc : -21.43
-----------------------------------------------
10:31:27 : SCANNING : WESTLIFE
circuit : 0.2%  2021-12-21T10:30:00+0530
adx : 22.45  aroonosc : -14.29
-----------------------------------------------
10:31:27 : SCANNING : WHIRLPOOL
circuit : 0.81%  2021-12-21T10:30:00+0530
adx : 19.23  aroonosc : 35.71
-----------------------------------------------
10:31:27 : SCANNING : WIPRO
circuit : 1.49%  2021-12-21T10:30:00+0530
adx : 54.94  aroonosc : 78.57
-----------------------------------------------
10:31:28 : SCANNING : WOCKPHARMA
circuit : 0.38%  2021-12-21T10:30:00+0530
adx : 24.37  aroonosc : -21.43
-----------------------------------------------
10:31:28 : SCANNING : YESBANK
-----------------------------------------------
10:31:29 : SCANNING : ZEEL
circuit : 1.86%  2021-12-21T10:30:00+0530
adx : 26.3  aroonosc : 57.14
-----------------------------------------------
10:31:29 : SCANNING : ZENSARTECH
circuit : 3.73%  2021-12-21T10:30:00+0530
adx : 43.03  aroonosc : 35.71
-----------------------------------------------
10:31:30 : SCANNING : ZYDUSWELL
circuit : -1.07%  2021-12-21T10:30:00+0530
adx : 36.51  aroonosc : -28.57
-----------------------------------------------
10:31:30 : SCANNING : PAYTM
circuit : 1.53%  2021-12-21T10:30:00+0530
adx : 27.17  aroonosc : -57.14
-----------------------------------------------
===================================================
10:31:30 : END
===================================================
Start Time     : 2021-12-21 10:28:02.353680
End Time       : 2021-12-21 10:31:30.524706
Time Taken     : 3.0
===================================================
