===================================================
10:22:01 : START
===================================================
10:22:01 : PROCESSING INSTRUMENTS SYMBOLS
-----------------------------------------------
10:22:02 : SCANNING : 3MINDIA
circuit : -0.46%  2021-12-21T10:20:00+0530
adx : 25.85  aroonosc : 7.14
-----------------------------------------------
10:22:02 : SCANNING : AARTIDRUGS
circuit : 1.17%  2021-12-21T10:20:00+0530
adx : 11.4  aroonosc : 100.0
-----------------------------------------------
10:22:03 : SCANNING : AARTIIND
circuit : 1.09%  2021-12-21T10:20:00+0530
adx : 32.01  aroonosc : 7.14
-----------------------------------------------
10:22:03 : SCANNING : AAVAS
circuit : -0.65%  2021-12-21T10:20:00+0530
adx : 47.56  aroonosc : -7.14
-----------------------------------------------
10:22:04 : SCANNING : ABB
circuit : 0.02%  2021-12-21T10:20:00+0530
adx : 19.05  aroonosc : -28.57
-----------------------------------------------
10:22:04 : SCANNING : ABBOTINDIA
circuit : -0.22%  2021-12-21T10:20:00+0530
adx : 31.54  aroonosc : 7.14
-----------------------------------------------
10:22:04 : SCANNING : ABCAPITAL
circuit : 2.82%  2021-12-21T10:20:00+0530
adx : 29.35  aroonosc : 64.29
-----------------------------------------------
10:22:05 : SCANNING : ABFRL
circuit : 2.91%  2021-12-21T10:20:00+0530
adx : 43.13  aroonosc : 71.43
-----------------------------------------------
10:22:05 : SCANNING : ACC
circuit : 1.31%  2021-12-21T10:20:00+0530
adx : 41.82  aroonosc : 100.0
-----------------------------------------------
10:22:06 : SCANNING : ADANIENT
circuit : 0.86%  2021-12-21T10:20:00+0530
adx : 34.87  aroonosc : 100.0
-----------------------------------------------
10:22:06 : SCANNING : ADANIGREEN
circuit : 0.29%  2021-12-21T10:20:00+0530
adx : 25.53  aroonosc : 7.14
-----------------------------------------------
10:22:06 : SCANNING : ADANIPORTS
circuit : -0.61%  2021-12-21T10:20:00+0530
adx : 25.29  aroonosc : 21.43
-----------------------------------------------
10:22:07 : SCANNING : ADVENZYMES
circuit : 2.15%  2021-12-21T10:20:00+0530
adx : 24.7  aroonosc : 100.0
-----------------------------------------------
10:22:07 : SCANNING : AEGISCHEM
circuit : -1.94%  2021-12-21T10:20:00+0530
adx : 43.53  aroonosc : -35.71
-----------------------------------------------
10:22:08 : SCANNING : AFFLE
circuit : 1.14%  2021-12-21T10:20:00+0530
adx : 17.1  aroonosc : 14.29
-----------------------------------------------
10:22:08 : SCANNING : AIAENG
circuit : -0.28%  2021-12-21T10:20:00+0530
adx : 14.08  aroonosc : 14.29
-----------------------------------------------
10:22:09 : SCANNING : AJANTPHARM
circuit : -0.56%  2021-12-21T10:20:00+0530
adx : 17.22  aroonosc : -28.57
-----------------------------------------------
10:22:09 : SCANNING : AKZOINDIA
circuit : -1.03%  2021-12-21T10:20:00+0530
adx : 29.92  aroonosc : 28.57
-----------------------------------------------
10:22:09 : SCANNING : ALEMBICLTD
circuit : -0.72%  2021-12-21T10:20:00+0530
adx : 13.75  aroonosc : 14.29
-----------------------------------------------
10:22:10 : SCANNING : ALKEM
circuit : 0.37%  2021-12-21T10:20:00+0530
adx : 12.41  aroonosc : 28.57
-----------------------------------------------
10:22:10 : SCANNING : ALKYLAMINE
circuit : -1.76%  2021-12-21T10:20:00+0530
adx : 41.03  aroonosc : -57.14
-----------------------------------------------
10:22:11 : SCANNING : ALOKINDS
circuit : 1.32%  2021-12-21T10:20:00+0530
adx : 43.52  aroonosc : 21.43
-----------------------------------------------
10:22:11 : SCANNING : AMARAJABAT
circuit : 0.05%  2021-12-21T10:20:00+0530
adx : 32.64  aroonosc : 14.29
-----------------------------------------------
10:22:11 : SCANNING : AMBER
circuit : 2.89%  2021-12-21T10:20:00+0530
adx : 40.6  aroonosc : 78.57
-----------------------------------------------
10:22:12 : SCANNING : AMBUJACEM
circuit : 2.03%  2021-12-21T10:20:00+0530
adx : 39.35  aroonosc : 92.86
-----------------------------------------------
10:22:12 : SCANNING : ANGELBRKG
circuit : 2.64%  2021-12-21T10:20:00+0530
adx : 41.29  aroonosc : 64.29
-----------------------------------------------
10:22:13 : SCANNING : APLAPOLLO
circuit : 2.02%  2021-12-21T10:20:00+0530
adx : 16.23  aroonosc : 14.29
-----------------------------------------------
10:22:13 : SCANNING : APLLTD
circuit : -1.12%  2021-12-21T10:20:00+0530
adx : 50.91  aroonosc : -14.29
-----------------------------------------------
10:22:14 : SCANNING : APOLLOHOSP
circuit : -0.38%  2021-12-21T10:20:00+0530
adx : 30.34  aroonosc : -35.71
-----------------------------------------------
10:22:14 : SCANNING : APOLLOTYRE
circuit : 0.12%  2021-12-21T10:20:00+0530
adx : 18.93  aroonosc : 21.43
-----------------------------------------------
10:22:15 : SCANNING : ASAHIINDIA
circuit : -1.75%  2021-12-21T10:20:00+0530
adx : 34.14  aroonosc : 7.14
-----------------------------------------------
10:22:15 : SCANNING : ASHOKA
circuit : 0.44%  2021-12-21T10:20:00+0530
adx : 26.85  aroonosc : 14.29
-----------------------------------------------
10:22:15 : SCANNING : ASHOKLEY
circuit : 2.04%  2021-12-21T10:20:00+0530
adx : 38.01  aroonosc : 92.86
-----------------------------------------------
10:22:16 : SCANNING : ASIANPAINT
circuit : 0.43%  2021-12-21T10:20:00+0530
adx : 35.44  aroonosc : 14.29
-----------------------------------------------
10:22:16 : SCANNING : ASTERDM
circuit : -0.62%  2021-12-21T10:20:00+0530
adx : 40.73  aroonosc : -35.71
-----------------------------------------------
10:22:17 : SCANNING : ASTRAL
circuit : -1.97%  2021-12-21T10:20:00+0530
adx : 19.41  aroonosc : 7.14
-----------------------------------------------
10:22:17 : SCANNING : ASTRAZEN
circuit : 0.05%  2021-12-21T10:20:00+0530
adx : 33.23  aroonosc : 78.57
-----------------------------------------------
10:22:18 : SCANNING : ATUL
circuit : -0.08%  2021-12-21T10:20:00+0530
adx : 16.85  aroonosc : 21.43
-----------------------------------------------
10:22:18 : SCANNING : AUBANK
circuit : 4.02%  2021-12-21T10:20:00+0530
adx : 41.85  aroonosc : 92.86
-----------------------------------------------
10:22:19 : SCANNING : AUROPHARMA
circuit : -0.52%  2021-12-21T10:20:00+0530
adx : 18.37  aroonosc : -28.57
-----------------------------------------------
10:22:19 : SCANNING : AVANTIFEED
circuit : -0.39%  2021-12-21T10:20:00+0530
adx : 40.9  aroonosc : 14.29
-----------------------------------------------
10:22:19 : SCANNING : AXISBANK
circuit : -1.02%  2021-12-21T10:20:00+0530
adx : 21.56  aroonosc : -21.43
-----------------------------------------------
10:22:20 : SCANNING : BAJAJ-AUTO
circuit : 0.93%  2021-12-21T10:20:00+0530
adx : 48.91  aroonosc : 85.71
-----------------------------------------------
10:22:20 : SCANNING : BAJAJCON
circuit : 0.2%  2021-12-21T10:20:00+0530
adx : 24.86  aroonosc : 64.29
-----------------------------------------------
10:22:21 : SCANNING : BAJAJELEC
circuit : -1.39%  2021-12-21T10:20:00+0530
adx : 18.13  aroonosc : 7.14
-----------------------------------------------
10:22:21 : SCANNING : BAJAJFINSV
circuit : -1.45%  2021-12-21T10:20:00+0530
adx : 39.16  aroonosc : 7.14
-----------------------------------------------
10:22:22 : SCANNING : BAJAJHLDNG
circuit : 0.1%  2021-12-21T10:20:00+0530
adx : 14.93  aroonosc : 7.14
-----------------------------------------------
10:22:22 : SCANNING : BAJFINANCE
-----------------------------------------------
10:22:23 : SCANNING : BALAMINES
circuit : -0.02%  2021-12-21T10:20:00+0530
adx : 15.54  aroonosc : 7.14
-----------------------------------------------
10:22:23 : SCANNING : BALKRISIND
circuit : -1.04%  2021-12-21T10:20:00+0530
adx : 16.33  aroonosc : 0.0
-----------------------------------------------
10:22:23 : SCANNING : BALMLAWRIE
circuit : 0.97%  2021-12-21T10:20:00+0530
adx : 27.07  aroonosc : 7.14
-----------------------------------------------
10:22:24 : SCANNING : BALRAMCHIN
circuit : 1.85%  2021-12-21T10:20:00+0530
adx : 45.26  aroonosc : 85.71
-----------------------------------------------
10:22:24 : SCANNING : BANDHANBNK
circuit : 0.28%  2021-12-21T10:20:00+0530
adx : 24.05  aroonosc : 21.43
-----------------------------------------------
10:22:25 : SCANNING : BANKBARODA
circuit : 0.74%  2021-12-21T10:20:00+0530
adx : 17.79  aroonosc : 21.43
-----------------------------------------------
10:22:25 : SCANNING : BANKINDIA
circuit : 0.99%  2021-12-21T10:20:00+0530
adx : 41.73  aroonosc : 14.29
-----------------------------------------------
10:22:25 : SCANNING : BASF
circuit : 0.74%  2021-12-21T10:20:00+0530
adx : 49.72  aroonosc : 7.14
-----------------------------------------------
10:22:26 : SCANNING : BATAINDIA
circuit : 1.24%  2021-12-21T10:20:00+0530
adx : 32.54  aroonosc : 28.57
-----------------------------------------------
10:22:27 : SCANNING : BAYERCROP
circuit : -1.39%  2021-12-21T10:20:00+0530
adx : 28.62  aroonosc : 7.14
-----------------------------------------------
10:22:27 : SCANNING : BBTC
circuit : 0.09%  2021-12-21T10:20:00+0530
adx : 22.82  aroonosc : -35.71
-----------------------------------------------
10:22:28 : SCANNING : BDL
circuit : 1.75%  2021-12-21T10:20:00+0530
adx : 32.33  aroonosc : 7.14
-----------------------------------------------
10:22:28 : SCANNING : BEL
circuit : 1.33%  2021-12-21T10:20:00+0530
adx : 33.97  aroonosc : 21.43
-----------------------------------------------
10:22:28 : SCANNING : BEML
circuit : 2.42%  2021-12-21T10:20:00+0530
adx : 50.72  aroonosc : 21.43
-----------------------------------------------
10:22:29 : SCANNING : BERGEPAINT
circuit : 0.38%  2021-12-21T10:20:00+0530
adx : 34.41  aroonosc : 21.43
-----------------------------------------------
10:22:29 : SCANNING : BHARATFORG
circuit : 1.13%  2021-12-21T10:20:00+0530
adx : 21.99  aroonosc : 64.29
-----------------------------------------------
10:22:29 : SCANNING : BHARATRAS
circuit : 2.21%  2021-12-21T10:20:00+0530
adx : 44.44  aroonosc : 42.86
-----------------------------------------------
10:22:30 : SCANNING : BHARTIARTL
circuit : 0.11%  2021-12-21T10:20:00+0530
adx : 35.07  aroonosc : 21.43
-----------------------------------------------
10:22:30 : SCANNING : BHEL
circuit : 0.52%  2021-12-21T10:20:00+0530
adx : 16.16  aroonosc : 21.43
-----------------------------------------------
10:22:31 : SCANNING : BIOCON
circuit : 0.74%  2021-12-21T10:20:00+0530
adx : 11.48  aroonosc : 100.0
-----------------------------------------------
10:22:31 : SCANNING : BIRLACORPN
circuit : 1.36%  2021-12-21T10:20:00+0530
adx : 17.04  aroonosc : 85.71
-----------------------------------------------
10:22:31 : SCANNING : BLISSGVS
circuit : 1.21%  2021-12-21T10:20:00+0530
adx : 21.31  aroonosc : 21.43
-----------------------------------------------
10:22:32 : SCANNING : BLUEDART
circuit : 2.39%  2021-12-21T10:20:00+0530
adx : 42.45  aroonosc : 78.57
-----------------------------------------------
10:22:32 : SCANNING : BLUESTARCO
circuit : -1.06%  2021-12-21T10:20:00+0530
adx : 25.8  aroonosc : -42.86
-----------------------------------------------
10:22:32 : SCANNING : BOSCHLTD
circuit : 3.33%  2021-12-21T10:20:00+0530
adx : 49.96  aroonosc : 71.43
-----------------------------------------------
10:22:33 : SCANNING : BPCL
circuit : -0.88%  2021-12-21T10:20:00+0530
adx : 20.52  aroonosc : -35.71
-----------------------------------------------
10:22:33 : SCANNING : BRIGADE
circuit : 2.82%  2021-12-21T10:20:00+0530
adx : 33.78  aroonosc : 92.86
-----------------------------------------------
10:22:34 : SCANNING : BRITANNIA
circuit : 0.89%  2021-12-21T10:20:00+0530
adx : 24.86  aroonosc : 92.86
-----------------------------------------------
10:22:34 : SCANNING : BSE
circuit : -1.47%  2021-12-21T10:20:00+0530
adx : 17.1  aroonosc : 7.14
-----------------------------------------------
10:22:34 : SCANNING : BSOFT
circuit : -0.6%  2021-12-21T10:20:00+0530
adx : 22.27  aroonosc : 14.29
-----------------------------------------------
10:22:35 : SCANNING : BURGERKING
circuit : 1.01%  2021-12-21T10:20:00+0530
adx : 28.85  aroonosc : 21.43
-----------------------------------------------
10:22:35 : SCANNING : CADILAHC
circuit : 0.96%  2021-12-21T10:20:00+0530
adx : 34.56  aroonosc : 92.86
-----------------------------------------------
10:22:36 : SCANNING : CAMS
circuit : 0.03%  2021-12-21T10:20:00+0530
adx : 30.99  aroonosc : 21.43
-----------------------------------------------
10:22:36 : SCANNING : CANBK
circuit : -0.1%  2021-12-21T10:20:00+0530
adx : 26.07  aroonosc : 21.43
-----------------------------------------------
10:22:37 : SCANNING : CANFINHOME
circuit : 0.51%  2021-12-21T10:20:00+0530
adx : 21.82  aroonosc : 14.29
-----------------------------------------------
10:22:37 : SCANNING : CAPLIPOINT
circuit : 0.67%  2021-12-21T10:20:00+0530
adx : 29.64  aroonosc : 14.29
-----------------------------------------------
10:22:38 : SCANNING : CARBORUNIV
circuit : 2.13%  2021-12-21T10:20:00+0530
adx : 18.94  aroonosc : 100.0
-----------------------------------------------
10:22:38 : SCANNING : CASTROLIND
circuit : -0.86%  2021-12-21T10:20:00+0530
adx : 18.94  aroonosc : -35.71
-----------------------------------------------
10:22:38 : SCANNING : CCL
circuit : 2.13%  2021-12-21T10:20:00+0530
adx : 33.39  aroonosc : 21.43
-----------------------------------------------
10:22:39 : SCANNING : CEATLTD
circuit : 0.21%  2021-12-21T10:20:00+0530
adx : 18.11  aroonosc : 14.29
-----------------------------------------------
10:22:39 : SCANNING : CENTRALBK
circuit : 1.66%  2021-12-21T10:20:00+0530
adx : 39.72  aroonosc : 14.29
-----------------------------------------------
10:22:40 : SCANNING : CENTURYPLY
circuit : 1.04%  2021-12-21T10:20:00+0530
adx : 16.19  aroonosc : 14.29
-----------------------------------------------
10:22:40 : SCANNING : CENTURYTEX
circuit : 2.93%  2021-12-21T10:20:00+0530
adx : 23.64  aroonosc : 100.0
-----------------------------------------------
10:22:41 : SCANNING : CERA
circuit : 3.79%  2021-12-21T10:20:00+0530
adx : 35.66  aroonosc : 92.86
-----------------------------------------------
10:22:41 : SCANNING : CESC
circuit : 1.4%  2021-12-21T10:20:00+0530
adx : 35.39  aroonosc : 85.71
-----------------------------------------------
10:22:42 : SCANNING : CGCL
circuit : -0.25%  2021-12-21T10:20:00+0530
adx : 28.24  aroonosc : -78.57
-----------------------------------------------
10:22:42 : SCANNING : CHALET
circuit : 0.11%  2021-12-21T10:20:00+0530
adx : 10.14  aroonosc : -14.29
-----------------------------------------------
10:22:43 : SCANNING : CHAMBLFERT
circuit : 0.24%  2021-12-21T10:20:00+0530
adx : 26.29  aroonosc : 7.14
-----------------------------------------------
10:22:43 : SCANNING : CHOLAFIN
circuit : 1.78%  2021-12-21T10:20:00+0530
adx : 31.66  aroonosc : 100.0
-----------------------------------------------
10:22:44 : SCANNING : CHOLAHLDNG
circuit : 0.59%  2021-12-21T10:20:00+0530
adx : 18.91  aroonosc : -21.43
-----------------------------------------------
10:22:45 : SCANNING : CIPLA
circuit : -0.18%  2021-12-21T10:20:00+0530
adx : 17.24  aroonosc : 7.14
-----------------------------------------------
10:22:45 : SCANNING : COALINDIA
circuit : 1.52%  2021-12-21T10:20:00+0530
adx : 41.63  aroonosc : 92.86
-----------------------------------------------
10:22:46 : SCANNING : COCHINSHIP
circuit : 1.36%  2021-12-21T10:20:00+0530
adx : 22.68  aroonosc : 14.29
-----------------------------------------------
10:22:46 : SCANNING : COFORGE
circuit : 2.03%  2021-12-21T10:20:00+0530
adx : 40.34  aroonosc : 57.14
-----------------------------------------------
10:22:46 : SCANNING : COLPAL
circuit : 1.55%  2021-12-21T10:20:00+0530
adx : 42.26  aroonosc : 64.29
-----------------------------------------------
10:22:47 : SCANNING : CONCOR
circuit : -0.41%  2021-12-21T10:20:00+0530
adx : 16.4  aroonosc : 28.57
-----------------------------------------------
10:22:47 : SCANNING : COROMANDEL
circuit : 0.19%  2021-12-21T10:20:00+0530
adx : 12.39  aroonosc : 14.29
-----------------------------------------------
10:22:48 : SCANNING : CREDITACC
circuit : -1.52%  2021-12-21T10:20:00+0530
adx : 12.68  aroonosc : 7.14
-----------------------------------------------
10:22:48 : SCANNING : CRISIL
circuit : 1.56%  2021-12-21T10:20:00+0530
adx : 30.36  aroonosc : 21.43
-----------------------------------------------
10:22:48 : SCANNING : CROMPTON
circuit : 0.73%  2021-12-21T10:20:00+0530
adx : 23.21  aroonosc : 78.57
-----------------------------------------------
10:22:49 : SCANNING : CSBBANK
circuit : 0.99%  2021-12-21T10:20:00+0530
adx : 19.03  aroonosc : 42.86
-----------------------------------------------
10:22:49 : SCANNING : CUB
circuit : 0.67%  2021-12-21T10:20:00+0530
adx : 31.45  aroonosc : 14.29
-----------------------------------------------
10:22:50 : SCANNING : CUMMINSIND
circuit : 1.18%  2021-12-21T10:20:00+0530
adx : 33.44  aroonosc : 14.29
-----------------------------------------------
10:22:50 : SCANNING : CYIENT
circuit : 0.09%  2021-12-21T10:20:00+0530
adx : 19.2  aroonosc : 14.29
-----------------------------------------------
10:22:51 : SCANNING : DABUR
circuit : 0.49%  2021-12-21T10:20:00+0530
adx : 43.03  aroonosc : 0.0
-----------------------------------------------
10:22:51 : SCANNING : DALBHARAT
circuit : 3.52%  2021-12-21T10:20:00+0530
adx : 41.7  aroonosc : 92.86
-----------------------------------------------
10:22:52 : SCANNING : DBL
circuit : -1.0%  2021-12-21T10:20:00+0530
adx : 45.85  aroonosc : 7.14
-----------------------------------------------
10:22:52 : SCANNING : DCAL
circuit : 2.21%  2021-12-21T10:20:00+0530
adx : 20.11  aroonosc : 92.86
-----------------------------------------------
10:22:52 : SCANNING : DCBBANK
circuit : 2.43%  2021-12-21T10:20:00+0530
adx : 36.28  aroonosc : 14.29
-----------------------------------------------
10:22:53 : SCANNING : DCMSHRIRAM
circuit : 1.29%  2021-12-21T10:20:00+0530
adx : 18.56  aroonosc : 85.71
-----------------------------------------------
10:22:53 : SCANNING : DEEPAKNTR
circuit : 1.76%  2021-12-21T10:20:00+0530
adx : 37.75  aroonosc : 100.0
-----------------------------------------------
10:22:54 : SCANNING : DELTACORP
circuit : 0.73%  2021-12-21T10:20:00+0530
adx : 23.1  aroonosc : 14.29
-----------------------------------------------
10:22:55 : SCANNING : DHANI
circuit : 3.16%  2021-12-21T10:20:00+0530
adx : 27.82  aroonosc : 14.29
-----------------------------------------------
10:22:55 : SCANNING : DHANUKA
circuit : -0.3%  2021-12-21T10:20:00+0530
adx : 18.3  aroonosc : -35.71
-----------------------------------------------
10:22:55 : SCANNING : DISHTV
circuit : 2.99%  2021-12-21T10:20:00+0530
adx : 41.53  aroonosc : -21.43
-----------------------------------------------
10:22:56 : SCANNING : DIVISLAB
circuit : -1.24%  2021-12-21T10:20:00+0530
adx : 22.29  aroonosc : -92.86
-----------------------------------------------
10:22:56 : SCANNING : DIXON
circuit : 1.82%  2021-12-21T10:20:00+0530
adx : 40.66  aroonosc : 14.29
-----------------------------------------------
10:22:56 : SCANNING : DLF
circuit : 1.14%  2021-12-21T10:20:00+0530
adx : 40.45  aroonosc : 100.0
-----------------------------------------------
10:22:57 : SCANNING : DMART
circuit : 0.51%  2021-12-21T10:20:00+0530
adx : 20.28  aroonosc : 7.14
-----------------------------------------------
10:22:57 : SCANNING : DRREDDY
circuit : 0.81%  2021-12-21T10:20:00+0530
adx : 26.88  aroonosc : 7.14
-----------------------------------------------
10:22:58 : SCANNING : ECLERX
circuit : 1.43%  2021-12-21T10:20:00+0530
adx : 18.21  aroonosc : 7.14
-----------------------------------------------
10:22:58 : SCANNING : EDELWEISS
circuit : 0.22%  2021-12-21T10:20:00+0530
adx : 19.31  aroonosc : 7.14
-----------------------------------------------
10:22:58 : SCANNING : EICHERMOT
circuit : 0.08%  2021-12-21T10:20:00+0530
adx : 34.83  aroonosc : -21.43
-----------------------------------------------
10:22:59 : SCANNING : EIDPARRY
circuit : 1.7%  2021-12-21T10:20:00+0530
adx : 27.9  aroonosc : 14.29
-----------------------------------------------
10:22:59 : SCANNING : EIHOTEL
circuit : 1.98%  2021-12-21T10:20:00+0530
adx : 14.72  aroonosc : 21.43
-----------------------------------------------
10:23:00 : SCANNING : ELGIEQUIP
circuit : 1.93%  2021-12-21T10:20:00+0530
adx : 37.18  aroonosc : 35.71
-----------------------------------------------
10:23:00 : SCANNING : EMAMILTD
circuit : -0.74%  2021-12-21T10:20:00+0530
adx : 39.22  aroonosc : 14.29
-----------------------------------------------
10:23:01 : SCANNING : ENDURANCE
circuit : -0.05%  2021-12-21T10:20:00+0530
adx : 24.26  aroonosc : 28.57
-----------------------------------------------
10:23:01 : SCANNING : ENGINERSIN
-----------------------------------------------
10:23:01 : SCANNING : EPL
circuit : 0.74%  2021-12-21T10:20:00+0530
adx : 22.41  aroonosc : 100.0
-----------------------------------------------
10:23:02 : SCANNING : EQUITAS
circuit : -1.4%  2021-12-21T10:20:00+0530
adx : 28.87  aroonosc : 7.14
-----------------------------------------------
10:23:02 : SCANNING : ERIS
circuit : -0.11%  2021-12-21T10:20:00+0530
adx : 24.22  aroonosc : 7.14
-----------------------------------------------
10:23:03 : SCANNING : ESCORTS
circuit : 0.54%  2021-12-21T10:20:00+0530
adx : 27.85  aroonosc : 57.14
-----------------------------------------------
10:23:03 : SCANNING : EXIDEIND
circuit : 0.67%  2021-12-21T10:20:00+0530
adx : 44.95  aroonosc : 57.14
-----------------------------------------------
10:23:03 : SCANNING : FCONSUMER
circuit : -7.1%  2021-12-21T10:20:00+0530
adx : 38.99  aroonosc : -7.14
-----------------------------------------------
10:23:04 : SCANNING : FDC
circuit : 0.54%  2021-12-21T10:20:00+0530
adx : 19.63  aroonosc : 21.43
-----------------------------------------------
10:23:04 : SCANNING : FEDERALBNK
circuit : -0.79%  2021-12-21T10:20:00+0530
adx : 24.22  aroonosc : -21.43
-----------------------------------------------
10:23:04 : SCANNING : FINCABLES
circuit : 1.02%  2021-12-21T10:20:00+0530
adx : 11.62  aroonosc : 21.43
-----------------------------------------------
10:23:05 : SCANNING : FINEORG
circuit : 1.12%  2021-12-21T10:20:00+0530
adx : 17.85  aroonosc : 14.29
-----------------------------------------------
10:23:05 : SCANNING : FINPIPE
circuit : 3.09%  2021-12-21T10:20:00+0530
adx : 29.49  aroonosc : 100.0
-----------------------------------------------
10:23:06 : SCANNING : FLUOROCHEM
circuit : 3.19%  2021-12-21T10:20:00+0530
adx : 36.79  aroonosc : 57.14
-----------------------------------------------
10:23:06 : SCANNING : FORTIS
circuit : 3.34%  2021-12-21T10:20:00+0530
adx : 39.1  aroonosc : 92.86
-----------------------------------------------
10:23:06 : SCANNING : FRETAIL
circuit : -8.39%  2021-12-21T10:20:00+0530
adx : 48.09  aroonosc : -7.14
-----------------------------------------------
10:23:07 : SCANNING : FSL
circuit : 0.71%  2021-12-21T10:20:00+0530
adx : 14.13  aroonosc : 14.29
-----------------------------------------------
10:23:07 : SCANNING : GAEL
circuit : 1.47%  2021-12-21T10:20:00+0530
adx : 14.1  aroonosc : 100.0
-----------------------------------------------
10:23:08 : SCANNING : GAIL
circuit : 1.06%  2021-12-21T10:20:00+0530
adx : 36.87  aroonosc : 100.0
-----------------------------------------------
10:23:08 : SCANNING : GALAXYSURF
circuit : -0.56%  2021-12-21T10:20:00+0530
adx : 34.23  aroonosc : -7.14
-----------------------------------------------
10:23:08 : SCANNING : GARFIBRES
circuit : -0.43%  2021-12-21T10:20:00+0530
adx : 38.67  aroonosc : 0.0
-----------------------------------------------
10:23:09 : SCANNING : GEPIL
circuit : 1.98%  2021-12-21T10:20:00+0530
adx : 15.94  aroonosc : 21.43
-----------------------------------------------
10:23:09 : SCANNING : GESHIP
circuit : 1.56%  2021-12-21T10:20:00+0530
adx : 26.87  aroonosc : 64.29
-----------------------------------------------
10:23:10 : SCANNING : GICRE
circuit : 1.12%  2021-12-21T10:20:00+0530
adx : 17.8  aroonosc : 7.14
-----------------------------------------------
10:23:10 : SCANNING : GILLETTE
circuit : 1.14%  2021-12-21T10:20:00+0530
adx : 19.43  aroonosc : 0.0
-----------------------------------------------
10:23:11 : SCANNING : GLAND
circuit : 1.11%  2021-12-21T10:20:00+0530
adx : 23.53  aroonosc : 100.0
-----------------------------------------------
10:23:11 : SCANNING : GLAXO
circuit : 1.69%  2021-12-21T10:20:00+0530
adx : 36.77  aroonosc : 85.71
-----------------------------------------------
10:23:12 : SCANNING : GLENMARK
circuit : -0.48%  2021-12-21T10:20:00+0530
adx : 20.59  aroonosc : 14.29
-----------------------------------------------
10:23:12 : SCANNING : GMMPFAUDLR
circuit : 2.33%  2021-12-21T10:20:00+0530
adx : 46.22  aroonosc : 92.86
-----------------------------------------------
10:23:13 : SCANNING : GMRINFRA
circuit : 1.13%  2021-12-21T10:20:00+0530
adx : 27.65  aroonosc : 92.86
-----------------------------------------------
10:23:13 : SCANNING : GNFC
circuit : 1.64%  2021-12-21T10:20:00+0530
adx : 26.57  aroonosc : 100.0
-----------------------------------------------
10:23:14 : SCANNING : GODFRYPHLP
circuit : 0.04%  2021-12-21T10:20:00+0530
adx : 15.5  aroonosc : 7.14
-----------------------------------------------
10:23:14 : SCANNING : GODREJAGRO
circuit : -0.76%  2021-12-21T10:20:00+0530
adx : 30.19  aroonosc : -28.57
-----------------------------------------------
10:23:15 : SCANNING : GODREJCP
circuit : 3.17%  2021-12-21T10:20:00+0530
adx : 37.42  aroonosc : 100.0
-----------------------------------------------
10:23:15 : SCANNING : GODREJIND
circuit : 2.79%  2021-12-21T10:20:00+0530
adx : 43.8  aroonosc : 71.43
-----------------------------------------------
10:23:16 : SCANNING : GODREJPROP
circuit : 1.45%  2021-12-21T10:20:00+0530
adx : 19.05  aroonosc : 78.57
-----------------------------------------------
10:23:16 : SCANNING : GPPL
circuit : 0.26%  2021-12-21T10:20:00+0530
adx : 34.8  aroonosc : 7.14
-----------------------------------------------
10:23:17 : SCANNING : GRANULES
circuit : -0.52%  2021-12-21T10:20:00+0530
adx : 11.48  aroonosc : 21.43
-----------------------------------------------
10:23:17 : SCANNING : GRAPHITE
circuit : 0.17%  2021-12-21T10:20:00+0530
adx : 26.99  aroonosc : -28.57
-----------------------------------------------
10:23:18 : SCANNING : GRASIM
circuit : 2.18%  2021-12-21T10:20:00+0530
adx : 52.69  aroonosc : 92.86
-----------------------------------------------
10:23:18 : SCANNING : GREAVESCOT
circuit : 1.45%  2021-12-21T10:20:00+0530
adx : 36.15  aroonosc : 71.43
-----------------------------------------------
10:23:19 : SCANNING : GRINDWELL
circuit : 1.05%  2021-12-21T10:20:00+0530
adx : 21.35  aroonosc : 57.14
-----------------------------------------------
10:23:19 : SCANNING : GRSE
circuit : 2.33%  2021-12-21T10:20:00+0530
adx : 16.92  aroonosc : 100.0
-----------------------------------------------
10:23:20 : SCANNING : GSFC
circuit : 0.78%  2021-12-21T10:20:00+0530
adx : 20.45  aroonosc : 14.29
-----------------------------------------------
10:23:20 : SCANNING : GSPL
circuit : 0.89%  2021-12-21T10:20:00+0530
adx : 30.74  aroonosc : 28.57
-----------------------------------------------
10:23:21 : SCANNING : GUJALKALI
circuit : 0.52%  2021-12-21T10:20:00+0530
adx : 43.79  aroonosc : 21.43
-----------------------------------------------
10:23:21 : SCANNING : GUJGASLTD
circuit : 1.54%  2021-12-21T10:20:00+0530
adx : 48.13  aroonosc : 92.86
-----------------------------------------------
10:23:22 : SCANNING : GULFOILLUB
circuit : -0.27%  2021-12-21T10:20:00+0530
adx : 22.51  aroonosc : 7.14
-----------------------------------------------
10:23:22 : SCANNING : HAL
circuit : 0.3%  2021-12-21T10:20:00+0530
adx : 32.13  aroonosc : 7.14
-----------------------------------------------
10:23:23 : SCANNING : HATSUN
circuit : -1.77%  2021-12-21T10:20:00+0530
adx : 22.86  aroonosc : -21.43
-----------------------------------------------
10:23:23 : SCANNING : HAVELLS
circuit : 3.18%  2021-12-21T10:20:00+0530
adx : 40.25  aroonosc : 21.43
-----------------------------------------------
10:23:23 : SCANNING : HCLTECH
circuit : 3.16%  2021-12-21T10:20:00+0530
adx : 54.36  aroonosc : 85.71
-----------------------------------------------
10:23:24 : SCANNING : HDFC
circuit : -0.86%  2021-12-21T10:20:00+0530
adx : 44.24  aroonosc : -21.43
-----------------------------------------------
10:23:24 : SCANNING : HDFCAMC
circuit : 0.21%  2021-12-21T10:20:00+0530
adx : 23.53  aroonosc : 14.29
-----------------------------------------------
10:23:25 : SCANNING : HDFCBANK
circuit : 0.01%  2021-12-21T10:20:00+0530
adx : 12.32  aroonosc : 14.29
-----------------------------------------------
10:23:25 : SCANNING : HDFCLIFE
circuit : -0.38%  2021-12-21T10:20:00+0530
adx : 26.82  aroonosc : 7.14
-----------------------------------------------
10:23:25 : SCANNING : HEG
circuit : -0.41%  2021-12-21T10:20:00+0530
adx : 19.04  aroonosc : 14.29
-----------------------------------------------
10:23:26 : SCANNING : HEIDELBERG
circuit : 1.2%  2021-12-21T10:20:00+0530
adx : 24.33  aroonosc : 100.0
-----------------------------------------------
10:23:26 : SCANNING : HEMIPROP
circuit : 1.4%  2021-12-21T10:20:00+0530
adx : 28.09  aroonosc : 14.29
-----------------------------------------------
10:23:27 : SCANNING : HEROMOTOCO
circuit : -1.26%  2021-12-21T10:20:00+0530
adx : 38.91  aroonosc : -21.43
-----------------------------------------------
10:23:27 : SCANNING : HINDALCO
circuit : 1.83%  2021-12-21T10:20:00+0530
adx : 53.67  aroonosc : 92.86
-----------------------------------------------
10:23:27 : SCANNING : HINDCOPPER
circuit : 0.83%  2021-12-21T10:20:00+0530
adx : 34.36  aroonosc : 57.14
-----------------------------------------------
10:23:28 : SCANNING : HINDPETRO
circuit : 0.7%  2021-12-21T10:20:00+0530
adx : 18.32  aroonosc : 7.14
-----------------------------------------------
10:23:28 : SCANNING : HINDUNILVR
circuit : -0.37%  2021-12-21T10:20:00+0530
adx : 33.83  aroonosc : 7.14
-----------------------------------------------
10:23:28 : SCANNING : HINDZINC
circuit : 1.8%  2021-12-21T10:20:00+0530
adx : 25.12  aroonosc : 28.57
-----------------------------------------------
10:23:29 : SCANNING : HONAUT
circuit : -0.16%  2021-12-21T10:20:00+0530
adx : 24.51  aroonosc : 7.14
-----------------------------------------------
10:23:29 : SCANNING : HSCL
circuit : 1.65%  2021-12-21T10:20:00+0530
adx : 45.32  aroonosc : 7.14
-----------------------------------------------
10:23:29 : SCANNING : HUDCO
circuit : 0.9%  2021-12-21T10:20:00+0530
adx : 27.69  aroonosc : 71.43
-----------------------------------------------
10:23:30 : SCANNING : HUHTAMAKI
circuit : 1.04%  2021-12-21T10:20:00+0530
adx : 11.34  aroonosc : 7.14
-----------------------------------------------
10:23:30 : SCANNING : IBREALEST
circuit : 3.77%  2021-12-21T10:20:00+0530
adx : 40.4  aroonosc : 100.0
-----------------------------------------------
10:23:31 : SCANNING : IBULHSGFIN
circuit : 1.15%  2021-12-21T10:20:00+0530
adx : 28.77  aroonosc : 21.43
-----------------------------------------------
10:23:31 : SCANNING : ICICIBANK
circuit : 0.56%  2021-12-21T10:20:00+0530
adx : 43.59  aroonosc : 21.43
-----------------------------------------------
10:23:31 : SCANNING : ICICIGI
circuit : 1.33%  2021-12-21T10:20:00+0530
adx : 34.48  aroonosc : 78.57
-----------------------------------------------
10:23:32 : SCANNING : ICICIPRULI
circuit : 1.55%  2021-12-21T10:20:00+0530
adx : 32.27  aroonosc : 71.43
-----------------------------------------------
10:23:32 : SCANNING : ICIL
circuit : -1.34%  2021-12-21T10:20:00+0530
adx : 22.73  aroonosc : 14.29
-----------------------------------------------
10:23:33 : SCANNING : IDBI
circuit : 3.07%  2021-12-21T10:20:00+0530
adx : 45.88  aroonosc : 71.43
-----------------------------------------------
10:23:34 : SCANNING : IDEA
circuit : 2.89%  2021-12-21T10:20:00+0530
adx : 37.09  aroonosc : 100.0
-----------------------------------------------
10:23:34 : SCANNING : IDFC
circuit : 1.47%  2021-12-21T10:20:00+0530
adx : 40.31  aroonosc : 14.29
-----------------------------------------------
10:23:35 : SCANNING : IDFCFIRSTB
circuit : 0.22%  2021-12-21T10:20:00+0530
adx : 12.59  aroonosc : 21.43
-----------------------------------------------
10:23:35 : SCANNING : IEX
circuit : 1.67%  2021-12-21T10:20:00+0530
adx : 33.4  aroonosc : 14.29
-----------------------------------------------
10:23:35 : SCANNING : IFBIND
circuit : 0.24%  2021-12-21T10:20:00+0530
adx : 35.94  aroonosc : 64.29
-----------------------------------------------
10:23:36 : SCANNING : IGL
circuit : 0.58%  2021-12-21T10:20:00+0530
adx : 35.05  aroonosc : 64.29
-----------------------------------------------
10:23:36 : SCANNING : IIFL
circuit : 0.75%  2021-12-21T10:20:00+0530
adx : 27.96  aroonosc : 35.71
-----------------------------------------------
10:23:37 : SCANNING : IIFLWAM
circuit : -1.04%  2021-12-21T10:20:00+0530
adx : 18.35  aroonosc : 7.14
-----------------------------------------------
10:23:37 : SCANNING : INDHOTEL
circuit : -0.54%  2021-12-21T10:20:00+0530
adx : 13.43  aroonosc : -21.43
-----------------------------------------------
10:23:38 : SCANNING : INDIACEM
circuit : 1.3%  2021-12-21T10:20:00+0530
adx : 34.71  aroonosc : 7.14
-----------------------------------------------
10:23:39 : SCANNING : INDIAMART
circuit : 0.15%  2021-12-21T10:20:00+0530
adx : 12.95  aroonosc : 21.43
-----------------------------------------------
10:23:39 : SCANNING : INDIANB
circuit : 0.97%  2021-12-21T10:20:00+0530
adx : 31.82  aroonosc : 21.43
-----------------------------------------------
10:23:39 : SCANNING : INDIGO
circuit : -0.87%  2021-12-21T10:20:00+0530
adx : 22.11  aroonosc : -35.71
-----------------------------------------------
10:23:40 : SCANNING : INDOCO
circuit : 0.85%  2021-12-21T10:20:00+0530
adx : 22.6  aroonosc : 7.14
-----------------------------------------------
10:23:40 : SCANNING : INDUSINDBK
circuit : 0.45%  2021-12-21T10:20:00+0530
adx : 27.03  aroonosc : 21.43
-----------------------------------------------
10:23:41 : SCANNING : INDUSTOWER
circuit : 3.54%  2021-12-21T10:20:00+0530
adx : 41.96  aroonosc : 100.0
-----------------------------------------------
10:23:41 : SCANNING : INFIBEAM
circuit : 1.66%  2021-12-21T10:20:00+0530
adx : 41.47  aroonosc : 28.57
-----------------------------------------------
10:23:42 : SCANNING : INFY
circuit : 1.1%  2021-12-21T10:20:00+0530
adx : 30.36  aroonosc : 57.14
-----------------------------------------------
10:23:42 : SCANNING : INGERRAND
circuit : 1.4%  2021-12-21T10:20:00+0530
adx : 26.75  aroonosc : 50.0
-----------------------------------------------
10:23:43 : SCANNING : INOXLEISUR
circuit : 3.35%  2021-12-21T10:20:00+0530
adx : 47.98  aroonosc : 7.14
-----------------------------------------------
10:23:43 : SCANNING : INTELLECT
circuit : 0.52%  2021-12-21T10:20:00+0530
adx : 18.82  aroonosc : 21.43
-----------------------------------------------
10:23:43 : SCANNING : IOB
circuit : 1.49%  2021-12-21T10:20:00+0530
adx : 37.03  aroonosc : 21.43
-----------------------------------------------
10:23:44 : SCANNING : IOC
circuit : 0.05%  2021-12-21T10:20:00+0530
adx : 13.83  aroonosc : 21.43
-----------------------------------------------
10:23:44 : SCANNING : IOLCP
circuit : -0.67%  2021-12-21T10:20:00+0530
adx : 50.59  aroonosc : 7.14
-----------------------------------------------
10:23:44 : SCANNING : IPCALAB
circuit : 0.46%  2021-12-21T10:20:00+0530
adx : 11.27  aroonosc : 28.57
-----------------------------------------------
10:23:45 : SCANNING : IRB
circuit : -1.07%  2021-12-21T10:20:00+0530
adx : 19.09  aroonosc : 21.43
-----------------------------------------------
10:23:45 : SCANNING : IRCON
circuit : 0.33%  2021-12-21T10:20:00+0530
adx : 28.24  aroonosc : 14.29
-----------------------------------------------
10:23:45 : SCANNING : IRCTC
circuit : 0.4%  2021-12-21T10:20:00+0530
adx : 28.27  aroonosc : 14.29
-----------------------------------------------
10:23:46 : SCANNING : ISEC
circuit : 1.21%  2021-12-21T10:20:00+0530
adx : 30.24  aroonosc : 7.14
-----------------------------------------------
10:23:46 : SCANNING : ITC
circuit : -0.05%  2021-12-21T10:20:00+0530
adx : 19.64  aroonosc : -14.29
-----------------------------------------------
10:23:47 : SCANNING : ITI
circuit : 1.16%  2021-12-21T10:20:00+0530
adx : 21.62  aroonosc : 92.86
-----------------------------------------------
10:23:47 : SCANNING : J&KBANK
circuit : 2.02%  2021-12-21T10:20:00+0530
adx : 27.94  aroonosc : 42.86
-----------------------------------------------
10:23:47 : SCANNING : JAMNAAUTO
circuit : 3.16%  2021-12-21T10:20:00+0530
adx : 24.49  aroonosc : 100.0
-----------------------------------------------
10:23:48 : SCANNING : JBCHEPHARM
circuit : -0.51%  2021-12-21T10:20:00+0530
adx : 51.19  aroonosc : 14.29
-----------------------------------------------
10:23:48 : SCANNING : JCHAC
circuit : 1.61%  2021-12-21T10:20:00+0530
adx : 33.26  aroonosc : 0.0
-----------------------------------------------
10:23:48 : SCANNING : JINDALSAW
circuit : 1.68%  2021-12-21T10:20:00+0530
adx : 27.07  aroonosc : 57.14
-----------------------------------------------
10:23:49 : SCANNING : JINDALSTEL
circuit : 2.0%  2021-12-21T10:20:00+0530
adx : 47.44  aroonosc : 71.43
-----------------------------------------------
10:23:49 : SCANNING : JKCEMENT
circuit : 2.14%  2021-12-21T10:20:00+0530
adx : 21.86  aroonosc : 64.29
-----------------------------------------------
10:23:49 : SCANNING : JKLAKSHMI
circuit : 0.63%  2021-12-21T10:20:00+0530
adx : 20.24  aroonosc : 14.29
-----------------------------------------------
10:23:50 : SCANNING : JKPAPER
circuit : 0.79%  2021-12-21T10:20:00+0530
adx : 31.83  aroonosc : 64.29
-----------------------------------------------
10:23:50 : SCANNING : JKTYRE
circuit : 2.27%  2021-12-21T10:20:00+0530
adx : 36.41  aroonosc : 100.0
-----------------------------------------------
10:23:50 : SCANNING : JMFINANCIL
circuit : -0.69%  2021-12-21T10:20:00+0530
adx : 28.65  aroonosc : 7.14
-----------------------------------------------
10:23:51 : SCANNING : JSL
circuit : 3.38%  2021-12-21T10:20:00+0530
adx : 24.32  aroonosc : 85.71
-----------------------------------------------
10:23:51 : SCANNING : JSLHISAR
circuit : 3.26%  2021-12-21T10:20:00+0530
adx : 22.14  aroonosc : 100.0
-----------------------------------------------
10:23:51 : SCANNING : JSWSTEEL
circuit : 2.28%  2021-12-21T10:20:00+0530
adx : 62.06  aroonosc : 64.29
-----------------------------------------------
10:23:52 : SCANNING : JTEKTINDIA
circuit : 1.7%  2021-12-21T10:20:00+0530
adx : 24.06  aroonosc : 92.86
-----------------------------------------------
10:23:52 : SCANNING : JUBLFOOD
circuit : -0.43%  2021-12-21T10:20:00+0530
adx : 15.49  aroonosc : 21.43
-----------------------------------------------
10:23:53 : SCANNING : JUSTDIAL
circuit : 2.66%  2021-12-21T10:20:00+0530
adx : 36.71  aroonosc : 64.29
-----------------------------------------------
10:23:53 : SCANNING : JYOTHYLAB
circuit : 0.64%  2021-12-21T10:20:00+0530
adx : 25.07  aroonosc : 7.14
-----------------------------------------------
10:23:53 : SCANNING : KAJARIACER
circuit : 1.71%  2021-12-21T10:20:00+0530
adx : 26.63  aroonosc : 14.29
-----------------------------------------------
10:23:54 : SCANNING : KALPATPOWR
circuit : 0.78%  2021-12-21T10:20:00+0530
adx : 17.3  aroonosc : -21.43
-----------------------------------------------
10:23:54 : SCANNING : KANSAINER
circuit : -0.24%  2021-12-21T10:20:00+0530
adx : 19.05  aroonosc : -7.14
-----------------------------------------------
10:23:54 : SCANNING : KARURVYSYA
circuit : -0.11%  2021-12-21T10:20:00+0530
adx : 36.4  aroonosc : 71.43
-----------------------------------------------
10:23:55 : SCANNING : KEC
circuit : 0.7%  2021-12-21T10:20:00+0530
adx : 15.51  aroonosc : -7.14
-----------------------------------------------
10:23:55 : SCANNING : KEI
circuit : -0.56%  2021-12-21T10:20:00+0530
adx : 15.37  aroonosc : 14.29
-----------------------------------------------
10:23:55 : SCANNING : KNRCON
circuit : 0.22%  2021-12-21T10:20:00+0530
adx : 12.39  aroonosc : 21.43
-----------------------------------------------
10:23:56 : SCANNING : KOTAKBANK
circuit : -0.43%  2021-12-21T10:20:00+0530
adx : 21.64  aroonosc : 7.14
-----------------------------------------------
10:23:56 : SCANNING : KPITTECH
circuit : 3.54%  2021-12-21T10:20:00+0530
adx : 37.45  aroonosc : 57.14
-----------------------------------------------
10:23:56 : SCANNING : KPRMILL
circuit : 2.26%  2021-12-21T10:20:00+0530
adx : 22.85  aroonosc : 14.29
-----------------------------------------------
10:23:57 : SCANNING : KRBL
circuit : 0.27%  2021-12-21T10:20:00+0530
adx : 20.81  aroonosc : 21.43
-----------------------------------------------
10:23:57 : SCANNING : KSB
circuit : 1.0%  2021-12-21T10:20:00+0530
adx : 14.3  aroonosc : 35.71
-----------------------------------------------
10:23:58 : SCANNING : KSCL
circuit : -1.11%  2021-12-21T10:20:00+0530
adx : 24.12  aroonosc : 7.14
-----------------------------------------------
10:23:58 : SCANNING : L&TFH
circuit : 3.25%  2021-12-21T10:20:00+0530
adx : 50.79  aroonosc : 100.0
-----------------------------------------------
10:23:58 : SCANNING : LALPATHLAB
circuit : -0.15%  2021-12-21T10:20:00+0530
adx : 18.94  aroonosc : 7.14
-----------------------------------------------
10:23:59 : SCANNING : LAOPALA
circuit : 3.4%  2021-12-21T10:20:00+0530
adx : 41.87  aroonosc : 21.43
-----------------------------------------------
10:23:59 : SCANNING : LAURUSLABS
circuit : 0.83%  2021-12-21T10:20:00+0530
adx : 19.41  aroonosc : 21.43
-----------------------------------------------
10:23:59 : SCANNING : LAXMIMACH
circuit : 3.41%  2021-12-21T10:20:00+0530
adx : 28.74  aroonosc : 64.29
-----------------------------------------------
10:24:00 : SCANNING : LEMONTREE
circuit : 3.78%  2021-12-21T10:20:00+0530
adx : 32.62  aroonosc : 14.29
-----------------------------------------------
10:24:00 : SCANNING : LICHSGFIN
circuit : 0.16%  2021-12-21T10:20:00+0530
adx : 35.92  aroonosc : 21.43
-----------------------------------------------
10:24:00 : SCANNING : LINDEINDIA
circuit : 0.89%  2021-12-21T10:20:00+0530
adx : 17.82  aroonosc : 14.29
-----------------------------------------------
10:24:01 : SCANNING : LT
circuit : 0.23%  2021-12-21T10:20:00+0530
adx : 28.96  aroonosc : 14.29
-----------------------------------------------
10:24:01 : SCANNING : LTI
circuit : 2.43%  2021-12-21T10:20:00+0530
adx : 28.47  aroonosc : 92.86
-----------------------------------------------
10:24:02 : SCANNING : LTTS
circuit : 1.15%  2021-12-21T10:20:00+0530
adx : 22.14  aroonosc : 92.86
-----------------------------------------------
10:24:02 : SCANNING : LUPIN
circuit : 0.3%  2021-12-21T10:20:00+0530
adx : 33.54  aroonosc : 21.43
-----------------------------------------------
10:24:03 : SCANNING : LUXIND
circuit : 0.04%  2021-12-21T10:20:00+0530
adx : 30.53  aroonosc : 14.29
-----------------------------------------------
10:24:03 : SCANNING : M&M
circuit : -0.64%  2021-12-21T10:20:00+0530
adx : 29.56  aroonosc : 7.14
-----------------------------------------------
10:24:03 : SCANNING : M&MFIN
circuit : 0.62%  2021-12-21T10:20:00+0530
adx : 19.26  aroonosc : 21.43
-----------------------------------------------
10:24:04 : SCANNING : MAHABANK
circuit : 0.53%  2021-12-21T10:20:00+0530
adx : 19.43  aroonosc : 7.14
-----------------------------------------------
10:24:04 : SCANNING : MAHINDCIE
circuit : 1.19%  2021-12-21T10:20:00+0530
adx : 20.66  aroonosc : 14.29
-----------------------------------------------
10:24:04 : SCANNING : MAHLOG
circuit : -0.78%  2021-12-21T10:20:00+0530
adx : 14.98  aroonosc : 7.14
-----------------------------------------------
10:24:05 : SCANNING : MAHSCOOTER
circuit : 1.63%  2021-12-21T10:20:00+0530
adx : 26.94  aroonosc : 0.0
-----------------------------------------------
10:24:05 : SCANNING : MAHSEAMLES
circuit : 1.63%  2021-12-21T10:20:00+0530
adx : 39.22  aroonosc : 64.29
-----------------------------------------------
10:24:05 : SCANNING : MANAPPURAM
circuit : -0.69%  2021-12-21T10:20:00+0530
adx : 34.84  aroonosc : 21.43
-----------------------------------------------
10:24:06 : SCANNING : MARICO
circuit : 0.17%  2021-12-21T10:20:00+0530
adx : 25.16  aroonosc : -28.57
-----------------------------------------------
10:24:06 : SCANNING : MARUTI
circuit : 0.21%  2021-12-21T10:20:00+0530
adx : 37.05  aroonosc : 7.14
-----------------------------------------------
10:24:07 : SCANNING : MASFIN
circuit : 2.04%  2021-12-21T10:20:00+0530
adx : 22.83  aroonosc : 71.43
-----------------------------------------------
10:24:07 : SCANNING : MAXHEALTH
circuit : 3.21%  2021-12-21T10:20:00+0530
adx : 40.43  aroonosc : 85.71
-----------------------------------------------
10:24:07 : SCANNING : MAZDOCK
circuit : 1.41%  2021-12-21T10:20:00+0530
adx : 27.33  aroonosc : 100.0
-----------------------------------------------
10:24:08 : SCANNING : MCDOWELL-N
circuit : 2.2%  2021-12-21T10:20:00+0530
adx : 34.74  aroonosc : 100.0
-----------------------------------------------
10:24:08 : SCANNING : MCX
circuit : 0.86%  2021-12-21T10:20:00+0530
adx : 33.31  aroonosc : 64.29
-----------------------------------------------
10:24:09 : SCANNING : METROPOLIS
circuit : 2.07%  2021-12-21T10:20:00+0530
adx : 24.87  aroonosc : 100.0
-----------------------------------------------
10:24:09 : SCANNING : MFSL
circuit : 3.41%  2021-12-21T10:20:00+0530
adx : 16.93  aroonosc : 100.0
-----------------------------------------------
10:24:10 : SCANNING : MGL
circuit : 0.32%  2021-12-21T10:20:00+0530
adx : 30.61  aroonosc : 14.29
-----------------------------------------------
10:24:10 : SCANNING : MHRIL
circuit : -0.36%  2021-12-21T10:20:00+0530
adx : 20.23  aroonosc : 7.14
-----------------------------------------------
10:24:10 : SCANNING : MIDHANI
circuit : 0.86%  2021-12-21T10:20:00+0530
adx : 16.95  aroonosc : 0.0
-----------------------------------------------
10:24:11 : SCANNING : MINDACORP
circuit : 1.0%  2021-12-21T10:20:00+0530
adx : 30.06  aroonosc : 100.0
-----------------------------------------------
10:24:11 : SCANNING : MINDAIND
circuit : 0.42%  2021-12-21T10:20:00+0530
adx : 34.15  aroonosc : 7.14
-----------------------------------------------
10:24:12 : SCANNING : MINDTREE
circuit : 1.01%  2021-12-21T10:20:00+0530
adx : 41.0  aroonosc : 64.29
-----------------------------------------------
10:24:12 : SCANNING : MMTC
circuit : 1.47%  2021-12-21T10:20:00+0530
adx : 34.45  aroonosc : 71.43
-----------------------------------------------
10:24:13 : SCANNING : MOIL
circuit : 1.07%  2021-12-21T10:20:00+0530
adx : 29.85  aroonosc : 50.0
-----------------------------------------------
10:24:13 : SCANNING : MOTILALOFS
circuit : 0.43%  2021-12-21T10:20:00+0530
adx : 26.32  aroonosc : -21.43
-----------------------------------------------
10:24:13 : SCANNING : MPHASIS
circuit : 0.27%  2021-12-21T10:20:00+0530
adx : 35.25  aroonosc : 21.43
-----------------------------------------------
10:24:14 : SCANNING : MRF
circuit : 0.45%  2021-12-21T10:20:00+0530
adx : 20.06  aroonosc : 21.43
-----------------------------------------------
10:24:14 : SCANNING : MRPL
-----------------------------------------------
10:24:14 : SCANNING : MUTHOOTFIN
circuit : 0.38%  2021-12-21T10:20:00+0530
adx : 18.49  aroonosc : 7.14
-----------------------------------------------
10:24:15 : SCANNING : NAM-INDIA
circuit : 0.7%  2021-12-21T10:20:00+0530
adx : 13.65  aroonosc : 7.14
-----------------------------------------------
10:24:15 : SCANNING : NATCOPHARM
circuit : 2.72%  2021-12-21T10:20:00+0530
adx : 16.35  aroonosc : 78.57
-----------------------------------------------
10:24:16 : SCANNING : NATIONALUM
circuit : 2.58%  2021-12-21T10:20:00+0530
adx : 51.39  aroonosc : 78.57
-----------------------------------------------
10:24:16 : SCANNING : NAUKRI
circuit : 0.38%  2021-12-21T10:20:00+0530
adx : 20.39  aroonosc : 7.14
-----------------------------------------------
10:24:16 : SCANNING : NAVINFLUOR
circuit : 3.21%  2021-12-21T10:20:00+0530
adx : 50.54  aroonosc : 100.0
-----------------------------------------------
10:24:17 : SCANNING : NBCC
circuit : 0.36%  2021-12-21T10:20:00+0530
adx : 29.03  aroonosc : 92.86
-----------------------------------------------
10:24:17 : SCANNING : NCC
circuit : 0.58%  2021-12-21T10:20:00+0530
adx : 37.99  aroonosc : 100.0
-----------------------------------------------
10:24:17 : SCANNING : NESCO
circuit : 1.27%  2021-12-21T10:20:00+0530
adx : 20.15  aroonosc : 28.57
-----------------------------------------------
10:24:18 : SCANNING : NESTLEIND
circuit : 0.3%  2021-12-21T10:20:00+0530
adx : 39.58  aroonosc : 92.86
-----------------------------------------------
10:24:18 : SCANNING : NETWORK18
circuit : 2.76%  2021-12-21T10:20:00+0530
adx : 28.21  aroonosc : 100.0
-----------------------------------------------
10:24:19 : SCANNING : NFL
circuit : 1.12%  2021-12-21T10:20:00+0530
adx : 27.54  aroonosc : 21.43
-----------------------------------------------
10:24:19 : SCANNING : NH
circuit : 0.68%  2021-12-21T10:20:00+0530
adx : 11.46  aroonosc : 14.29
-----------------------------------------------
10:24:19 : SCANNING : NHPC
circuit : 1.85%  2021-12-21T10:20:00+0530
adx : 34.71  aroonosc : 100.0
-----------------------------------------------
10:24:20 : SCANNING : NIACL
circuit : 0.11%  2021-12-21T10:20:00+0530
adx : 23.45  aroonosc : 14.29
-----------------------------------------------
10:24:20 : SCANNING : NILKAMAL
circuit : 0.18%  2021-12-21T10:20:00+0530
adx : 12.88  aroonosc : 21.43
-----------------------------------------------
10:24:20 : SCANNING : NLCINDIA
circuit : 0.77%  2021-12-21T10:20:00+0530
adx : 29.39  aroonosc : 28.57
-----------------------------------------------
10:24:21 : SCANNING : NMDC
circuit : 6.8%  2021-12-21T10:20:00+0530
adx : 22.23  aroonosc : 57.14
-----------------------------------------------
10:24:21 : SCANNING : NOCIL
circuit : -0.49%  2021-12-21T10:20:00+0530
adx : 30.06  aroonosc : 14.29
-----------------------------------------------
10:24:22 : SCANNING : NTPC
rpt : 1190.0
{'candle': 'green', 'type': 'BUY', 'instrument': 'NTPC', 'price': 120.2, 'qty': 4949, 'target': 120.35, 'stoploss': 120.05, 'volume': 82550, 'adx': 50.48648436642578, 'aroonosc': 64.28571428571429, 'atr': 0.35497661662436336, 'open': 120.15, 'high': 120.35, 'low': 120.05, 'close': 120.35, 'product': 'MIS', 'time': '2021-12-20T13:45:00+0530'}
10:24:22 : Validation Failed : Time Gap in Seconds : 74362
-----------------------------------------------
10:24:22 : SCANNING : OBEROIRLTY
circuit : 0.61%  2021-12-21T10:20:00+0530
adx : 24.99  aroonosc : 21.43
-----------------------------------------------
10:24:22 : SCANNING : OFSS
circuit : 1.87%  2021-12-21T10:20:00+0530
adx : 46.59  aroonosc : 100.0
-----------------------------------------------
10:24:23 : SCANNING : OIL
circuit : 1.04%  2021-12-21T10:20:00+0530
adx : 21.23  aroonosc : 14.29
-----------------------------------------------
10:24:23 : SCANNING : ONGC
circuit : -0.11%  2021-12-21T10:20:00+0530
adx : 31.68  aroonosc : -21.43
-----------------------------------------------
10:24:23 : SCANNING : ORIENTELEC
circuit : 2.06%  2021-12-21T10:20:00+0530
adx : 16.71  aroonosc : 14.29
-----------------------------------------------
10:24:24 : SCANNING : PAGEIND
circuit : 1.35%  2021-12-21T10:20:00+0530
adx : 24.34  aroonosc : 100.0
-----------------------------------------------
10:24:24 : SCANNING : PEL
circuit : 0.94%  2021-12-21T10:20:00+0530
adx : 18.46  aroonosc : 100.0
-----------------------------------------------
10:24:24 : SCANNING : PERSISTENT
circuit : -1.14%  2021-12-21T10:20:00+0530
adx : 28.36  aroonosc : -21.43
-----------------------------------------------
10:24:25 : SCANNING : PETRONET
circuit : -0.05%  2021-12-21T10:20:00+0530
adx : 15.71  aroonosc : -14.29
-----------------------------------------------
10:24:25 : SCANNING : PFC
circuit : 0.56%  2021-12-21T10:20:00+0530
adx : 16.83  aroonosc : 28.57
-----------------------------------------------
10:24:25 : SCANNING : PFIZER
circuit : 1.02%  2021-12-21T10:20:00+0530
adx : 18.18  aroonosc : 28.57
-----------------------------------------------
10:24:26 : SCANNING : PGHH
circuit : 0.42%  2021-12-21T10:20:00+0530
adx : 26.06  aroonosc : 7.14
-----------------------------------------------
10:24:26 : SCANNING : PGHL
circuit : -0.71%  2021-12-21T10:20:00+0530
adx : 26.3  aroonosc : 42.86
-----------------------------------------------
10:24:27 : SCANNING : PHILIPCARB
circuit : 1.28%  2021-12-21T10:20:00+0530
adx : 10.61  aroonosc : 14.29
-----------------------------------------------
10:24:27 : SCANNING : PHOENIXLTD
circuit : -3.48%  2021-12-21T10:20:00+0530
adx : 40.04  aroonosc : -100.0
-----------------------------------------------
10:24:27 : SCANNING : PIDILITIND
circuit : 0.41%  2021-12-21T10:20:00+0530
adx : 36.9  aroonosc : 14.29
-----------------------------------------------
10:24:28 : SCANNING : PIIND
circuit : 0.99%  2021-12-21T10:20:00+0530
adx : 31.38  aroonosc : 100.0
-----------------------------------------------
10:24:28 : SCANNING : PNB
circuit : 1.08%  2021-12-21T10:20:00+0530
adx : 26.25  aroonosc : 21.43
-----------------------------------------------
10:24:28 : SCANNING : PNBHOUSING
circuit : 2.46%  2021-12-21T10:20:00+0530
adx : 51.35  aroonosc : 64.29
-----------------------------------------------
10:24:29 : SCANNING : PNCINFRA
circuit : -0.49%  2021-12-21T10:20:00+0530
adx : 35.17  aroonosc : -35.71
-----------------------------------------------
10:24:29 : SCANNING : POLYCAB
circuit : -0.22%  2021-12-21T10:20:00+0530
adx : 40.65  aroonosc : 28.57
-----------------------------------------------
10:24:29 : SCANNING : POLYMED
circuit : -0.6%  2021-12-21T10:20:00+0530
adx : 24.09  aroonosc : -42.86
-----------------------------------------------
10:24:30 : SCANNING : POLYPLEX
circuit : 0.99%  2021-12-21T10:20:00+0530
adx : 20.14  aroonosc : 7.14
-----------------------------------------------
10:24:30 : SCANNING : POWERGRID
circuit : -1.3%  2021-12-21T10:20:00+0530
adx : 16.3  aroonosc : -64.29
-----------------------------------------------
10:24:30 : SCANNING : POWERINDIA
circuit : 0.87%  2021-12-21T10:20:00+0530
adx : 29.62  aroonosc : 14.29
-----------------------------------------------
10:24:31 : SCANNING : PRESTIGE
circuit : 1.05%  2021-12-21T10:20:00+0530
adx : 23.26  aroonosc : 14.29
-----------------------------------------------
10:24:31 : SCANNING : PRINCEPIPE
circuit : 1.75%  2021-12-21T10:20:00+0530
adx : 29.04  aroonosc : 14.29
-----------------------------------------------
10:24:31 : SCANNING : PRSMJOHNSN
circuit : 4.32%  2021-12-21T10:20:00+0530
adx : 35.91  aroonosc : 100.0
-----------------------------------------------
10:24:32 : SCANNING : PSB
circuit : 1.88%  2021-12-21T10:20:00+0530
adx : 26.32  aroonosc : 92.86
-----------------------------------------------
10:24:32 : SCANNING : PVR
circuit : 0.38%  2021-12-21T10:20:00+0530
adx : 22.47  aroonosc : -28.57
-----------------------------------------------
10:24:33 : SCANNING : QUESS
circuit : 1.38%  2021-12-21T10:20:00+0530
adx : 25.15  aroonosc : 78.57
-----------------------------------------------
10:24:33 : SCANNING : RADICO
circuit : 0.44%  2021-12-21T10:20:00+0530
adx : 22.15  aroonosc : 7.14
-----------------------------------------------
10:24:33 : SCANNING : RAIN
circuit : -0.69%  2021-12-21T10:20:00+0530
adx : 15.4  aroonosc : 7.14
-----------------------------------------------
10:24:34 : SCANNING : RAJESHEXPO
circuit : 0.11%  2021-12-21T10:20:00+0530
adx : 13.07  aroonosc : 14.29
-----------------------------------------------
10:24:35 : SCANNING : RALLIS
circuit : 0.2%  2021-12-21T10:20:00+0530
adx : 13.43  aroonosc : 7.14
-----------------------------------------------
10:24:35 : SCANNING : RAMCOCEM
circuit : 1.64%  2021-12-21T10:20:00+0530
adx : 24.63  aroonosc : 71.43
-----------------------------------------------
10:24:36 : SCANNING : RATNAMANI
circuit : 3.78%  2021-12-21T10:20:00+0530
adx : 40.02  aroonosc : 14.29
-----------------------------------------------
10:24:36 : SCANNING : RAYMOND
circuit : 0.69%  2021-12-21T10:20:00+0530
adx : 33.13  aroonosc : 7.14
-----------------------------------------------
10:24:37 : SCANNING : RBLBANK
circuit : -0.26%  2021-12-21T10:20:00+0530
adx : 19.6  aroonosc : 14.29
-----------------------------------------------
10:24:37 : SCANNING : RCF
circuit : 1.32%  2021-12-21T10:20:00+0530
adx : 24.19  aroonosc : 64.29
-----------------------------------------------
10:24:37 : SCANNING : RECLTD
circuit : 0.75%  2021-12-21T10:20:00+0530
adx : 39.98  aroonosc : 42.86
-----------------------------------------------
10:24:38 : SCANNING : REDINGTON
circuit : 0.82%  2021-12-21T10:20:00+0530
adx : 18.39  aroonosc : 14.29
-----------------------------------------------
10:24:38 : SCANNING : RELAXO
circuit : 2.55%  2021-12-21T10:20:00+0530
adx : 33.0  aroonosc : 85.71
-----------------------------------------------
10:24:39 : SCANNING : RELIANCE
circuit : 0.5%  2021-12-21T10:20:00+0530
adx : 45.8  aroonosc : 78.57
-----------------------------------------------
10:24:39 : SCANNING : RESPONIND
circuit : 2.28%  2021-12-21T10:20:00+0530
adx : 24.45  aroonosc : 64.29
-----------------------------------------------
10:24:39 : SCANNING : RHIM
circuit : 1.71%  2021-12-21T10:20:00+0530
adx : 32.0  aroonosc : 100.0
-----------------------------------------------
10:24:40 : SCANNING : RITES
circuit : -0.59%  2021-12-21T10:20:00+0530
adx : 13.28  aroonosc : -42.86
-----------------------------------------------
10:24:40 : SCANNING : ROSSARI
circuit : 0.54%  2021-12-21T10:20:00+0530
adx : 27.95  aroonosc : 7.14
-----------------------------------------------
10:24:41 : SCANNING : ROUTE
circuit : 1.23%  2021-12-21T10:20:00+0530
adx : 27.51  aroonosc : 21.43
-----------------------------------------------
10:24:41 : SCANNING : RVNL
circuit : 1.04%  2021-12-21T10:20:00+0530
adx : 47.8  aroonosc : 92.86
-----------------------------------------------
10:24:41 : SCANNING : SAIL
circuit : 1.95%  2021-12-21T10:20:00+0530
adx : 32.87  aroonosc : 85.71
-----------------------------------------------
10:24:42 : SCANNING : SANOFI
circuit : -0.11%  2021-12-21T10:20:00+0530
adx : 21.38  aroonosc : -35.71
-----------------------------------------------
10:24:42 : SCANNING : SBICARD
circuit : -0.23%  2021-12-21T10:20:00+0530
adx : 35.54  aroonosc : 21.43
-----------------------------------------------
10:24:43 : SCANNING : SBILIFE
circuit : -0.85%  2021-12-21T10:20:00+0530
adx : 20.84  aroonosc : 7.14
-----------------------------------------------
10:24:43 : SCANNING : SBIN
circuit : -0.23%  2021-12-21T10:20:00+0530
adx : 35.8  aroonosc : 21.43
-----------------------------------------------
10:24:43 : SCANNING : SCHAEFFLER
circuit : 2.52%  2021-12-21T10:20:00+0530
adx : 41.2  aroonosc : 100.0
-----------------------------------------------
10:24:44 : SCANNING : SCHNEIDER
circuit : -1.26%  2021-12-21T10:20:00+0530
adx : 21.98  aroonosc : 14.29
-----------------------------------------------
10:24:44 : SCANNING : SCI
circuit : 1.68%  2021-12-21T10:20:00+0530
adx : 20.97  aroonosc : 78.57
-----------------------------------------------
10:24:44 : SCANNING : SEQUENT
-----------------------------------------------
10:24:45 : SCANNING : SFL
circuit : 1.18%  2021-12-21T10:20:00+0530
adx : 29.94  aroonosc : 14.29
-----------------------------------------------
10:24:45 : SCANNING : SHARDACROP
circuit : -2.66%  2021-12-21T10:20:00+0530
adx : 30.71  aroonosc : 7.14
-----------------------------------------------
10:24:45 : SCANNING : SHILPAMED
circuit : 2.25%  2021-12-21T10:20:00+0530
adx : 44.37  aroonosc : 100.0
-----------------------------------------------
10:24:46 : SCANNING : SHOPERSTOP
circuit : 1.45%  2021-12-21T10:20:00+0530
adx : 16.59  aroonosc : 7.14
-----------------------------------------------
10:24:47 : SCANNING : SHREECEM
circuit : 1.76%  2021-12-21T10:20:00+0530
adx : 40.01  aroonosc : 92.86
-----------------------------------------------
10:24:47 : SCANNING : SHRIRAMCIT
circuit : -2.73%  2021-12-21T10:20:00+0530
adx : 15.74  aroonosc : -35.71
-----------------------------------------------
10:24:47 : SCANNING : SIEMENS
circuit : 0.5%  2021-12-21T10:20:00+0530
adx : 22.91  aroonosc : 21.43
-----------------------------------------------
10:24:48 : SCANNING : SIS
circuit : 0.43%  2021-12-21T10:20:00+0530
adx : 42.04  aroonosc : 71.43
-----------------------------------------------
10:24:48 : SCANNING : SJVN
circuit : 0.72%  2021-12-21T10:20:00+0530
adx : 27.96  aroonosc : 21.43
-----------------------------------------------
10:24:49 : SCANNING : SKFINDIA
circuit : -0.09%  2021-12-21T10:20:00+0530
adx : 15.68  aroonosc : 7.14
-----------------------------------------------
10:24:49 : SCANNING : SOBHA
circuit : 0.91%  2021-12-21T10:20:00+0530
adx : 23.28  aroonosc : 14.29
-----------------------------------------------
10:24:49 : SCANNING : SOLARA
circuit : 0.48%  2021-12-21T10:20:00+0530
adx : 25.64  aroonosc : 7.14
-----------------------------------------------
10:24:50 : SCANNING : SOLARINDS
circuit : -0.02%  2021-12-21T10:20:00+0530
adx : 17.86  aroonosc : 0.0
-----------------------------------------------
10:24:50 : SCANNING : SONATSOFTW
circuit : 2.38%  2021-12-21T10:20:00+0530
adx : 31.9  aroonosc : 71.43
-----------------------------------------------
10:24:50 : SCANNING : SPANDANA
circuit : 0.32%  2021-12-21T10:20:00+0530
adx : 26.7  aroonosc : 64.29
-----------------------------------------------
10:24:51 : SCANNING : SPARC
circuit : 1.82%  2021-12-21T10:20:00+0530
adx : 14.9  aroonosc : 78.57
-----------------------------------------------
10:24:51 : SCANNING : SPICEJET
circuit : 0.46%  2021-12-21T10:20:00+0530
adx : 29.33  aroonosc : 92.86
-----------------------------------------------
10:24:51 : SCANNING : SRF
circuit : 1.35%  2021-12-21T10:20:00+0530
adx : 30.55  aroonosc : 71.43
-----------------------------------------------
10:24:52 : SCANNING : SRTRANSFIN
circuit : -2.67%  2021-12-21T10:20:00+0530
adx : 20.61  aroonosc : -85.71
-----------------------------------------------
10:24:53 : SCANNING : STAR
circuit : -0.34%  2021-12-21T10:20:00+0530
adx : 15.67  aroonosc : 7.14
-----------------------------------------------
10:24:53 : SCANNING : STARCEMENT
circuit : 0.64%  2021-12-21T10:20:00+0530
adx : 23.42  aroonosc : -35.71
-----------------------------------------------
10:24:54 : SCANNING : STLTECH
circuit : 1.05%  2021-12-21T10:20:00+0530
adx : 31.53  aroonosc : 14.29
-----------------------------------------------
10:24:54 : SCANNING : SUDARSCHEM
circuit : 1.3%  2021-12-21T10:20:00+0530
adx : 32.54  aroonosc : 92.86
-----------------------------------------------
10:24:54 : SCANNING : SUMICHEM
circuit : 1.33%  2021-12-21T10:20:00+0530
adx : 21.03  aroonosc : 21.43
-----------------------------------------------
10:24:55 : SCANNING : SUNCLAYLTD
circuit : 1.29%  2021-12-21T10:20:00+0530
adx : 15.19  aroonosc : 7.14
-----------------------------------------------
10:24:55 : SCANNING : SUNDARMFIN
circuit : -0.55%  2021-12-21T10:20:00+0530
adx : 20.77  aroonosc : -50.0
-----------------------------------------------
10:24:56 : SCANNING : SUNDRMFAST
circuit : -2.21%  2021-12-21T10:20:00+0530
adx : 26.55  aroonosc : -21.43
-----------------------------------------------
10:24:56 : SCANNING : SUNPHARMA
circuit : 2.15%  2021-12-21T10:20:00+0530
adx : 40.99  aroonosc : 85.71
-----------------------------------------------
10:24:57 : SCANNING : SUNTECK
circuit : 1.54%  2021-12-21T10:20:00+0530
adx : 33.94  aroonosc : 64.29
-----------------------------------------------
10:24:58 : SCANNING : SUNTV
circuit : -0.12%  2021-12-21T10:20:00+0530
adx : 27.93  aroonosc : 100.0
-----------------------------------------------
10:24:58 : SCANNING : SUPPETRO
circuit : 1.41%  2021-12-21T10:20:00+0530
adx : 31.01  aroonosc : 71.43
-----------------------------------------------
10:24:58 : SCANNING : SUPRAJIT
circuit : 1.35%  2021-12-21T10:20:00+0530
adx : 34.71  aroonosc : 14.29
-----------------------------------------------
10:24:59 : SCANNING : SUPREMEIND
circuit : 4.72%  2021-12-21T10:20:00+0530
adx : 59.49  aroonosc : 0.0
-----------------------------------------------
10:24:59 : SCANNING : SUVENPHAR
circuit : 1.04%  2021-12-21T10:20:00+0530
adx : 18.54  aroonosc : 14.29
-----------------------------------------------
10:25:00 : SCANNING : SUZLON
circuit : 2.05%  2021-12-21T10:20:00+0530
adx : 45.17  aroonosc : 100.0
-----------------------------------------------
10:25:00 : SCANNING : SWANENERGY
circuit : 3.26%  2021-12-21T10:20:00+0530
adx : 34.99  aroonosc : 0.0
-----------------------------------------------
10:25:00 : SCANNING : SWSOLAR
circuit : 0.3%  2021-12-21T10:20:00+0530
adx : 19.21  aroonosc : 14.29
-----------------------------------------------
10:25:01 : SCANNING : SYMPHONY
circuit : 0.64%  2021-12-21T10:20:00+0530
adx : 39.68  aroonosc : 7.14
-----------------------------------------------
10:25:01 : SCANNING : SYNGENE
circuit : 0.26%  2021-12-21T10:20:00+0530
adx : 30.43  aroonosc : 7.14
-----------------------------------------------
10:25:02 : SCANNING : TASTYBITE
circuit : -1.5%  2021-12-21T10:20:00+0530
adx : 32.88  aroonosc : -78.57
-----------------------------------------------
10:25:02 : SCANNING : TATACHEM
circuit : 1.36%  2021-12-21T10:20:00+0530
adx : 32.08  aroonosc : 85.71
-----------------------------------------------
10:25:02 : SCANNING : TATACOFFEE
circuit : 1.58%  2021-12-21T10:20:00+0530
adx : 26.57  aroonosc : 100.0
-----------------------------------------------
10:25:03 : SCANNING : TATACOMM
circuit : -0.19%  2021-12-21T10:25:00+0530
adx : 18.49  aroonosc : -14.29
-----------------------------------------------
10:25:03 : SCANNING : TATACONSUM
circuit : 1.47%  2021-12-21T10:20:00+0530
adx : 43.43  aroonosc : 21.43
-----------------------------------------------
10:25:03 : SCANNING : TATAELXSI
circuit : 0.23%  2021-12-21T10:20:00+0530
adx : 13.08  aroonosc : 7.14
-----------------------------------------------
10:25:04 : SCANNING : TATAINVEST
circuit : 0.07%  2021-12-21T10:25:00+0530
adx : 33.36  aroonosc : -14.29
-----------------------------------------------
10:25:05 : SCANNING : TATAMOTORS
circuit : 0.93%  2021-12-21T10:20:00+0530
adx : 24.4  aroonosc : 21.43
-----------------------------------------------
10:25:05 : SCANNING : TATAPOWER
circuit : 0.75%  2021-12-21T10:20:00+0530
adx : 37.48  aroonosc : 14.29
-----------------------------------------------
10:25:06 : SCANNING : TATASTEEL
circuit : 1.76%  2021-12-21T10:20:00+0530
adx : 43.74  aroonosc : 85.71
-----------------------------------------------
10:25:06 : SCANNING : TCIEXP
circuit : 1.35%  2021-12-21T10:25:00+0530
adx : 13.42  aroonosc : 0.0
-----------------------------------------------
10:25:06 : SCANNING : TCNSBRANDS
circuit : 2.51%  2021-12-21T10:25:00+0530
adx : 21.25  aroonosc : 0.0
-----------------------------------------------
10:25:07 : SCANNING : TCS
circuit : 1.34%  2021-12-21T10:20:00+0530
adx : 43.62  aroonosc : 85.71
-----------------------------------------------
10:25:07 : SCANNING : TEAMLEASE
circuit : 0.46%  2021-12-21T10:25:00+0530
adx : 13.93  aroonosc : 0.0
-----------------------------------------------
10:25:08 : SCANNING : TECHM
circuit : 1.59%  2021-12-21T10:25:00+0530
adx : 34.35  aroonosc : 50.0
-----------------------------------------------
10:25:08 : SCANNING : THERMAX
circuit : 1.65%  2021-12-21T10:25:00+0530
adx : 34.34  aroonosc : 92.86
-----------------------------------------------
10:25:09 : SCANNING : THYROCARE
circuit : -0.92%  2021-12-21T10:25:00+0530
adx : 15.52  aroonosc : -100.0
-----------------------------------------------
10:25:09 : SCANNING : TIINDIA
circuit : -0.63%  2021-12-21T10:25:00+0530
adx : 26.74  aroonosc : -42.86
-----------------------------------------------
10:25:10 : SCANNING : TIMKEN
circuit : 1.91%  2021-12-21T10:25:00+0530
adx : 35.82  aroonosc : 85.71
-----------------------------------------------
10:25:10 : SCANNING : TITAN
circuit : 1.89%  2021-12-21T10:20:00+0530
adx : 36.43  aroonosc : 28.57
-----------------------------------------------
10:25:11 : SCANNING : TORNTPHARM
circuit : 2.45%  2021-12-21T10:25:00+0530
adx : 27.94  aroonosc : 92.86
-----------------------------------------------
10:25:11 : SCANNING : TORNTPOWER
circuit : 0.21%  2021-12-21T10:25:00+0530
adx : 29.39  aroonosc : 14.29
-----------------------------------------------
10:25:12 : SCANNING : TRENT
circuit : -0.46%  2021-12-21T10:25:00+0530
adx : 22.93  aroonosc : 0.0
-----------------------------------------------
10:25:12 : SCANNING : TRIDENT
circuit : 5.74%  2021-12-21T10:25:00+0530
adx : 16.86  aroonosc : 64.29
-----------------------------------------------
10:25:12 : SCANNING : TRITURBINE
circuit : -0.6%  2021-12-21T10:25:00+0530
adx : 53.29  aroonosc : -28.57
-----------------------------------------------
10:25:13 : SCANNING : TTKPRESTIG
circuit : 2.35%  2021-12-21T10:25:00+0530
adx : 26.0  aroonosc : 7.14
-----------------------------------------------
10:25:13 : SCANNING : TV18BRDCST
circuit : -0.11%  2021-12-21T10:25:00+0530
adx : 11.82  aroonosc : 14.29
-----------------------------------------------
10:25:14 : SCANNING : TVSMOTOR
circuit : 1.17%  2021-12-21T10:25:00+0530
adx : 43.13  aroonosc : 57.14
-----------------------------------------------
10:25:14 : SCANNING : UBL
circuit : 2.34%  2021-12-21T10:25:00+0530
adx : 29.73  aroonosc : 78.57
-----------------------------------------------
10:25:15 : SCANNING : UCOBANK
circuit : 1.18%  2021-12-21T10:25:00+0530
adx : 46.96  aroonosc : 14.29
-----------------------------------------------
10:25:15 : SCANNING : UFLEX
circuit : -1.37%  2021-12-21T10:25:00+0530
adx : 35.37  aroonosc : -35.71
-----------------------------------------------
10:25:15 : SCANNING : UJJIVAN
circuit : -0.08%  2021-12-21T10:25:00+0530
adx : 26.53  aroonosc : 7.14
-----------------------------------------------
10:25:16 : SCANNING : UJJIVANSFB
-----------------------------------------------
10:25:17 : SCANNING : ULTRACEMCO
circuit : 0.58%  2021-12-21T10:25:00+0530
adx : 28.37  aroonosc : 57.14
-----------------------------------------------
10:25:17 : SCANNING : UNIONBANK
circuit : 1.18%  2021-12-21T10:20:00+0530
adx : 12.36  aroonosc : 21.43
-----------------------------------------------
10:25:18 : SCANNING : UPL
circuit : 1.36%  2021-12-21T10:20:00+0530
adx : 38.68  aroonosc : 64.29
-----------------------------------------------
10:25:18 : SCANNING : UTIAMC
circuit : 1.65%  2021-12-21T10:25:00+0530
adx : 16.08  aroonosc : 7.14
-----------------------------------------------
10:25:19 : SCANNING : VAIBHAVGBL
circuit : -0.22%  2021-12-21T10:25:00+0530
adx : 17.3  aroonosc : -28.57
-----------------------------------------------
10:25:19 : SCANNING : VAKRANGEE
circuit : 1.55%  2021-12-21T10:25:00+0530
adx : 27.69  aroonosc : 71.43
-----------------------------------------------
10:25:19 : SCANNING : VALIANTORG
circuit : 0.69%  2021-12-21T10:25:00+0530
adx : 11.21  aroonosc : 7.14
-----------------------------------------------
10:25:20 : SCANNING : VARROC
circuit : 3.02%  2021-12-21T10:25:00+0530
adx : 21.92  aroonosc : 100.0
-----------------------------------------------
10:25:20 : SCANNING : VBL
circuit : 0.72%  2021-12-21T10:25:00+0530
adx : 15.8  aroonosc : 7.14
-----------------------------------------------
10:25:21 : SCANNING : VEDL
circuit : 1.41%  2021-12-21T10:20:00+0530
adx : 50.31  aroonosc : 92.86
-----------------------------------------------
10:25:21 : SCANNING : VENKEYS
circuit : -0.13%  2021-12-21T10:25:00+0530
adx : 27.96  aroonosc : -21.43
-----------------------------------------------
10:25:21 : SCANNING : VGUARD
circuit : 0.44%  2021-12-21T10:25:00+0530
adx : 15.25  aroonosc : -21.43
-----------------------------------------------
10:25:22 : SCANNING : VINATIORGA
circuit : -2.77%  2021-12-21T10:25:00+0530
adx : 21.56  aroonosc : -78.57
-----------------------------------------------
10:25:22 : SCANNING : VIPIND
circuit : 3.29%  2021-12-21T10:20:00+0530
adx : 22.39  aroonosc : 78.57
-----------------------------------------------
10:25:22 : SCANNING : VMART
circuit : -0.81%  2021-12-21T10:25:00+0530
adx : 26.5  aroonosc : -35.71
-----------------------------------------------
10:25:23 : SCANNING : VOLTAS
circuit : 0.83%  2021-12-21T10:25:00+0530
adx : 37.77  aroonosc : 64.29
-----------------------------------------------
10:25:24 : SCANNING : VSTIND
circuit : 0.26%  2021-12-21T10:25:00+0530
adx : 18.87  aroonosc : 0.0
-----------------------------------------------
10:25:24 : SCANNING : VTL
circuit : 5.49%  2021-12-21T10:20:00+0530
adx : 44.56  aroonosc : 64.29
-----------------------------------------------
10:25:24 : SCANNING : WABCOINDIA
circuit : 0.83%  2021-12-21T10:25:00+0530
adx : 11.35  aroonosc : 0.0
-----------------------------------------------
10:25:25 : SCANNING : WELCORP
circuit : 3.78%  2021-12-21T10:25:00+0530
adx : 42.44  aroonosc : 57.14
-----------------------------------------------
10:25:25 : SCANNING : WELSPUNIND
circuit : 1.1%  2021-12-21T10:25:00+0530
adx : 23.07  aroonosc : 7.14
-----------------------------------------------
10:25:26 : SCANNING : WESTLIFE
circuit : 0.2%  2021-12-21T10:25:00+0530
adx : 22.39  aroonosc : -21.43
-----------------------------------------------
10:25:26 : SCANNING : WHIRLPOOL
circuit : 1.14%  2021-12-21T10:25:00+0530
adx : 21.15  aroonosc : 57.14
-----------------------------------------------
10:25:27 : SCANNING : WIPRO
circuit : 1.57%  2021-12-21T10:20:00+0530
adx : 53.25  aroonosc : 92.86
-----------------------------------------------
10:25:27 : SCANNING : WOCKPHARMA
circuit : 0.63%  2021-12-21T10:25:00+0530
adx : 24.72  aroonosc : -28.57
-----------------------------------------------
10:25:27 : SCANNING : YESBANK
-----------------------------------------------
10:25:28 : SCANNING : ZEEL
circuit : 2.28%  2021-12-21T10:25:00+0530
adx : 25.6  aroonosc : 57.14
-----------------------------------------------
10:25:28 : SCANNING : ZENSARTECH
circuit : 3.82%  2021-12-21T10:25:00+0530
adx : 42.1  aroonosc : 64.29
-----------------------------------------------
10:25:29 : SCANNING : ZYDUSWELL
circuit : -1.01%  2021-12-21T10:25:00+0530
adx : 36.97  aroonosc : -35.71
-----------------------------------------------
10:25:29 : SCANNING : PAYTM
circuit : 1.82%  2021-12-21T10:20:00+0530
adx : 27.9  aroonosc : 21.43
-----------------------------------------------
===================================================
10:25:29 : END
===================================================
Start Time     : 2021-12-21 10:22:01.841277
End Time       : 2021-12-21 10:25:29.644501
Time Taken     : 3.0
===================================================
