===================================================
10:24:01 : START
===================================================
10:24:01 : PROCESSING INSTRUMENTS SYMBOLS
-----------------------------------------------
10:24:02 : SCANNING : 3MINDIA
circuit : -0.44%  2021-12-21T10:20:00+0530
adx : 26.34  aroonosc : 7.14
-----------------------------------------------
10:24:02 : SCANNING : AARTIDRUGS
circuit : 1.06%  2021-12-21T10:20:00+0530
adx : 11.4  aroonosc : 100.0
-----------------------------------------------
10:24:03 : SCANNING : AARTIIND
circuit : 1.09%  2021-12-21T10:20:00+0530
adx : 32.01  aroonosc : 7.14
-----------------------------------------------
10:24:03 : SCANNING : AAVAS
circuit : -0.42%  2021-12-21T10:20:00+0530
adx : 47.75  aroonosc : -7.14
-----------------------------------------------
10:24:04 : SCANNING : ABB
circuit : 0.04%  2021-12-21T10:20:00+0530
adx : 18.96  aroonosc : -28.57
-----------------------------------------------
10:24:04 : SCANNING : ABBOTINDIA
circuit : -0.24%  2021-12-21T10:20:00+0530
adx : 31.54  aroonosc : 7.14
-----------------------------------------------
10:24:04 : SCANNING : ABCAPITAL
circuit : 2.95%  2021-12-21T10:20:00+0530
adx : 29.35  aroonosc : 64.29
-----------------------------------------------
10:24:05 : SCANNING : ABFRL
circuit : 2.76%  2021-12-21T10:20:00+0530
adx : 42.75  aroonosc : 71.43
-----------------------------------------------
10:24:05 : SCANNING : ACC
circuit : 1.26%  2021-12-21T10:20:00+0530
adx : 41.82  aroonosc : 100.0
-----------------------------------------------
10:24:05 : SCANNING : ADANIENT
circuit : 0.7%  2021-12-21T10:20:00+0530
adx : 34.87  aroonosc : 100.0
-----------------------------------------------
10:24:06 : SCANNING : ADANIGREEN
circuit : 0.19%  2021-12-21T10:20:00+0530
adx : 25.31  aroonosc : 7.14
-----------------------------------------------
10:24:06 : SCANNING : ADANIPORTS
circuit : -0.56%  2021-12-21T10:20:00+0530
adx : 25.29  aroonosc : 21.43
-----------------------------------------------
10:24:07 : SCANNING : ADVENZYMES
circuit : 1.81%  2021-12-21T10:20:00+0530
adx : 24.7  aroonosc : 100.0
-----------------------------------------------
10:24:07 : SCANNING : AEGISCHEM
circuit : -2.05%  2021-12-21T10:20:00+0530
adx : 43.53  aroonosc : -35.71
-----------------------------------------------
10:24:07 : SCANNING : AFFLE
circuit : 1.07%  2021-12-21T10:20:00+0530
adx : 17.1  aroonosc : 14.29
-----------------------------------------------
10:24:08 : SCANNING : AIAENG
circuit : -0.64%  2021-12-21T10:20:00+0530
adx : 14.08  aroonosc : 14.29
-----------------------------------------------
10:24:08 : SCANNING : AJANTPHARM
circuit : -0.53%  2021-12-21T10:20:00+0530
adx : 17.23  aroonosc : -28.57
-----------------------------------------------
10:24:09 : SCANNING : AKZOINDIA
circuit : -1.08%  2021-12-21T10:20:00+0530
adx : 30.02  aroonosc : 28.57
-----------------------------------------------
10:24:09 : SCANNING : ALEMBICLTD
circuit : -0.67%  2021-12-21T10:20:00+0530
adx : 13.91  aroonosc : 14.29
-----------------------------------------------
10:24:10 : SCANNING : ALKEM
circuit : 0.25%  2021-12-21T10:20:00+0530
adx : 12.41  aroonosc : 28.57
-----------------------------------------------
10:24:10 : SCANNING : ALKYLAMINE
circuit : -1.78%  2021-12-21T10:20:00+0530
adx : 41.03  aroonosc : -57.14
-----------------------------------------------
10:24:11 : SCANNING : ALOKINDS
circuit : 1.54%  2021-12-21T10:20:00+0530
adx : 43.52  aroonosc : 21.43
-----------------------------------------------
10:24:11 : SCANNING : AMARAJABAT
circuit : 0.07%  2021-12-21T10:20:00+0530
adx : 32.64  aroonosc : 14.29
-----------------------------------------------
10:24:11 : SCANNING : AMBER
circuit : 3.2%  2021-12-21T10:20:00+0530
adx : 40.91  aroonosc : 100.0
-----------------------------------------------
10:24:12 : SCANNING : AMBUJACEM
circuit : 2.08%  2021-12-21T10:20:00+0530
adx : 39.35  aroonosc : 100.0
-----------------------------------------------
10:24:12 : SCANNING : ANGELBRKG
circuit : 2.78%  2021-12-21T10:20:00+0530
adx : 41.4  aroonosc : 64.29
-----------------------------------------------
10:24:13 : SCANNING : APLAPOLLO
circuit : 1.86%  2021-12-21T10:20:00+0530
adx : 16.23  aroonosc : 14.29
-----------------------------------------------
10:24:13 : SCANNING : APLLTD
circuit : -1.15%  2021-12-21T10:20:00+0530
adx : 50.89  aroonosc : -14.29
-----------------------------------------------
10:24:14 : SCANNING : APOLLOHOSP
circuit : -0.39%  2021-12-21T10:20:00+0530
adx : 30.34  aroonosc : -35.71
-----------------------------------------------
10:24:14 : SCANNING : APOLLOTYRE
circuit : 0.12%  2021-12-21T10:20:00+0530
adx : 18.93  aroonosc : 21.43
-----------------------------------------------
10:24:14 : SCANNING : ASAHIINDIA
circuit : -1.74%  2021-12-21T10:20:00+0530
adx : 34.14  aroonosc : 7.14
-----------------------------------------------
10:24:15 : SCANNING : ASHOKA
circuit : 0.33%  2021-12-21T10:20:00+0530
adx : 26.85  aroonosc : 14.29
-----------------------------------------------
10:24:15 : SCANNING : ASHOKLEY
circuit : 2.08%  2021-12-21T10:20:00+0530
adx : 38.01  aroonosc : 92.86
-----------------------------------------------
10:24:16 : SCANNING : ASIANPAINT
circuit : 0.47%  2021-12-21T10:20:00+0530
adx : 35.45  aroonosc : 14.29
-----------------------------------------------
10:24:16 : SCANNING : ASTERDM
circuit : -0.85%  2021-12-21T10:20:00+0530
adx : 40.61  aroonosc : -35.71
-----------------------------------------------
10:24:16 : SCANNING : ASTRAL
circuit : -1.88%  2021-12-21T10:20:00+0530
adx : 19.41  aroonosc : 7.14
-----------------------------------------------
10:24:17 : SCANNING : ASTRAZEN
circuit : 0.06%  2021-12-21T10:20:00+0530
adx : 33.23  aroonosc : 78.57
-----------------------------------------------
10:24:17 : SCANNING : ATUL
-----------------------------------------------
10:24:17 : SCANNING : AUBANK
circuit : 3.73%  2021-12-21T10:20:00+0530
adx : 41.88  aroonosc : 92.86
-----------------------------------------------
10:24:18 : SCANNING : AUROPHARMA
circuit : -0.35%  2021-12-21T10:20:00+0530
adx : 18.69  aroonosc : -28.57
-----------------------------------------------
10:24:18 : SCANNING : AVANTIFEED
circuit : -0.37%  2021-12-21T10:20:00+0530
adx : 40.9  aroonosc : 14.29
-----------------------------------------------
10:24:19 : SCANNING : AXISBANK
circuit : -1.24%  2021-12-21T10:20:00+0530
adx : 21.56  aroonosc : -21.43
-----------------------------------------------
10:24:19 : SCANNING : BAJAJ-AUTO
circuit : 0.89%  2021-12-21T10:20:00+0530
adx : 48.9  aroonosc : 85.71
-----------------------------------------------
10:24:19 : SCANNING : BAJAJCON
circuit : 0.3%  2021-12-21T10:20:00+0530
adx : 24.86  aroonosc : 64.29
-----------------------------------------------
10:24:20 : SCANNING : BAJAJELEC
circuit : -1.67%  2021-12-21T10:20:00+0530
adx : 18.27  aroonosc : 7.14
-----------------------------------------------
10:24:20 : SCANNING : BAJAJFINSV
circuit : -1.3%  2021-12-21T10:20:00+0530
adx : 39.16  aroonosc : 7.14
-----------------------------------------------
10:24:20 : SCANNING : BAJAJHLDNG
circuit : 0.2%  2021-12-21T10:20:00+0530
adx : 14.93  aroonosc : 7.14
-----------------------------------------------
10:24:21 : SCANNING : BAJFINANCE
circuit : -0.17%  2021-12-21T10:20:00+0530
adx : 30.91  aroonosc : 21.43
-----------------------------------------------
10:24:21 : SCANNING : BALAMINES
circuit : -0.14%  2021-12-21T10:20:00+0530
adx : 15.54  aroonosc : 7.14
-----------------------------------------------
10:24:21 : SCANNING : BALKRISIND
circuit : -1.16%  2021-12-21T10:20:00+0530
adx : 16.31  aroonosc : 0.0
-----------------------------------------------
10:24:22 : SCANNING : BALMLAWRIE
circuit : 0.93%  2021-12-21T10:20:00+0530
adx : 26.85  aroonosc : 7.14
-----------------------------------------------
10:24:22 : SCANNING : BALRAMCHIN
circuit : 1.93%  2021-12-21T10:20:00+0530
adx : 45.1  aroonosc : 85.71
-----------------------------------------------
10:24:23 : SCANNING : BANDHANBNK
circuit : 0.3%  2021-12-21T10:20:00+0530
adx : 24.05  aroonosc : 21.43
-----------------------------------------------
10:24:23 : SCANNING : BANKBARODA
circuit : 0.68%  2021-12-21T10:20:00+0530
adx : 17.79  aroonosc : 21.43
-----------------------------------------------
10:24:23 : SCANNING : BANKINDIA
circuit : 1.19%  2021-12-21T10:20:00+0530
adx : 41.85  aroonosc : 14.29
-----------------------------------------------
10:24:24 : SCANNING : BASF
circuit : 0.72%  2021-12-21T10:20:00+0530
adx : 49.72  aroonosc : 7.14
-----------------------------------------------
10:24:24 : SCANNING : BATAINDIA
circuit : 0.94%  2021-12-21T10:20:00+0530
adx : 31.35  aroonosc : 28.57
-----------------------------------------------
10:24:24 : SCANNING : BAYERCROP
circuit : -1.39%  2021-12-21T10:20:00+0530
adx : 28.62  aroonosc : 7.14
-----------------------------------------------
10:24:25 : SCANNING : BBTC
circuit : 0.09%  2021-12-21T10:20:00+0530
adx : 22.82  aroonosc : -35.71
-----------------------------------------------
10:24:25 : SCANNING : BDL
circuit : 1.76%  2021-12-21T10:20:00+0530
adx : 32.33  aroonosc : 7.14
-----------------------------------------------
10:24:25 : SCANNING : BEL
circuit : 1.38%  2021-12-21T10:20:00+0530
adx : 33.97  aroonosc : 21.43
-----------------------------------------------
10:24:26 : SCANNING : BEML
circuit : 2.35%  2021-12-21T10:20:00+0530
adx : 50.72  aroonosc : 21.43
-----------------------------------------------
10:24:26 : SCANNING : BERGEPAINT
circuit : 0.47%  2021-12-21T10:20:00+0530
adx : 34.41  aroonosc : 21.43
-----------------------------------------------
10:24:27 : SCANNING : BHARATFORG
circuit : 1.22%  2021-12-21T10:20:00+0530
adx : 22.22  aroonosc : 92.86
-----------------------------------------------
10:24:27 : SCANNING : BHARATRAS
circuit : 2.36%  2021-12-21T10:20:00+0530
adx : 44.44  aroonosc : 42.86
-----------------------------------------------
10:24:27 : SCANNING : BHARTIARTL
-----------------------------------------------
10:24:28 : SCANNING : BHEL
circuit : 0.78%  2021-12-21T10:20:00+0530
adx : 16.8  aroonosc : 21.43
-----------------------------------------------
10:24:28 : SCANNING : BIOCON
circuit : 0.8%  2021-12-21T10:20:00+0530
adx : 11.48  aroonosc : 100.0
-----------------------------------------------
10:24:28 : SCANNING : BIRLACORPN
circuit : 1.41%  2021-12-21T10:20:00+0530
adx : 17.13  aroonosc : 85.71
-----------------------------------------------
10:24:29 : SCANNING : BLISSGVS
circuit : 1.05%  2021-12-21T10:20:00+0530
adx : 21.31  aroonosc : 21.43
-----------------------------------------------
10:24:29 : SCANNING : BLUEDART
circuit : 2.37%  2021-12-21T10:20:00+0530
adx : 42.45  aroonosc : 78.57
-----------------------------------------------
10:24:29 : SCANNING : BLUESTARCO
circuit : -1.2%  2021-12-21T10:20:00+0530
adx : 25.8  aroonosc : -42.86
-----------------------------------------------
10:24:30 : SCANNING : BOSCHLTD
circuit : 3.16%  2021-12-21T10:20:00+0530
adx : 49.96  aroonosc : 71.43
-----------------------------------------------
10:24:30 : SCANNING : BPCL
circuit : -0.89%  2021-12-21T10:20:00+0530
adx : 20.52  aroonosc : -35.71
-----------------------------------------------
10:24:30 : SCANNING : BRIGADE
circuit : 2.36%  2021-12-21T10:20:00+0530
adx : 32.92  aroonosc : 92.86
-----------------------------------------------
10:24:31 : SCANNING : BRITANNIA
circuit : 0.82%  2021-12-21T10:20:00+0530
adx : 24.86  aroonosc : 92.86
-----------------------------------------------
10:24:31 : SCANNING : BSE
circuit : -1.37%  2021-12-21T10:20:00+0530
adx : 17.1  aroonosc : 7.14
-----------------------------------------------
10:24:31 : SCANNING : BSOFT
circuit : -0.51%  2021-12-21T10:20:00+0530
adx : 22.39  aroonosc : 14.29
-----------------------------------------------
10:24:32 : SCANNING : BURGERKING
circuit : 1.01%  2021-12-21T10:20:00+0530
adx : 28.85  aroonosc : 21.43
-----------------------------------------------
10:24:33 : SCANNING : CADILAHC
circuit : 0.98%  2021-12-21T10:20:00+0530
adx : 34.56  aroonosc : 92.86
-----------------------------------------------
10:24:33 : SCANNING : CAMS
circuit : -0.19%  2021-12-21T10:20:00+0530
adx : 30.14  aroonosc : 21.43
-----------------------------------------------
10:24:33 : SCANNING : CANBK
circuit : -0.1%  2021-12-21T10:20:00+0530
adx : 26.12  aroonosc : 21.43
-----------------------------------------------
10:24:34 : SCANNING : CANFINHOME
circuit : 0.6%  2021-12-21T10:20:00+0530
adx : 22.2  aroonosc : 14.29
-----------------------------------------------
10:24:34 : SCANNING : CAPLIPOINT
circuit : 0.89%  2021-12-21T10:20:00+0530
adx : 29.7  aroonosc : 14.29
-----------------------------------------------
10:24:35 : SCANNING : CARBORUNIV
circuit : 2.08%  2021-12-21T10:20:00+0530
adx : 19.01  aroonosc : 100.0
-----------------------------------------------
10:24:35 : SCANNING : CASTROLIND
circuit : -0.9%  2021-12-21T10:20:00+0530
adx : 18.82  aroonosc : -35.71
-----------------------------------------------
10:24:36 : SCANNING : CCL
circuit : 1.83%  2021-12-21T10:20:00+0530
adx : 33.39  aroonosc : 21.43
-----------------------------------------------
10:24:36 : SCANNING : CEATLTD
circuit : 0.12%  2021-12-21T10:20:00+0530
adx : 18.11  aroonosc : 14.29
-----------------------------------------------
10:24:37 : SCANNING : CENTRALBK
circuit : 1.66%  2021-12-21T10:20:00+0530
adx : 39.72  aroonosc : 14.29
-----------------------------------------------
10:24:37 : SCANNING : CENTURYPLY
circuit : 1.07%  2021-12-21T10:20:00+0530
adx : 16.19  aroonosc : 14.29
-----------------------------------------------
10:24:38 : SCANNING : CENTURYTEX
circuit : 3.16%  2021-12-21T10:20:00+0530
adx : 23.64  aroonosc : 100.0
-----------------------------------------------
10:24:38 : SCANNING : CERA
circuit : 3.71%  2021-12-21T10:20:00+0530
adx : 35.32  aroonosc : 92.86
-----------------------------------------------
10:24:38 : SCANNING : CESC
circuit : 1.4%  2021-12-21T10:20:00+0530
adx : 35.39  aroonosc : 85.71
-----------------------------------------------
10:24:39 : SCANNING : CGCL
-----------------------------------------------
10:24:39 : SCANNING : CHALET
circuit : 0.11%  2021-12-21T10:20:00+0530
adx : 10.14  aroonosc : -14.29
-----------------------------------------------
10:24:39 : SCANNING : CHAMBLFERT
circuit : 0.49%  2021-12-21T10:20:00+0530
adx : 26.08  aroonosc : 7.14
-----------------------------------------------
10:24:40 : SCANNING : CHOLAFIN
circuit : 1.88%  2021-12-21T10:20:00+0530
adx : 31.87  aroonosc : 100.0
-----------------------------------------------
10:24:40 : SCANNING : CHOLAHLDNG
circuit : 0.49%  2021-12-21T10:20:00+0530
adx : 18.93  aroonosc : -21.43
-----------------------------------------------
10:24:41 : SCANNING : CIPLA
circuit : -0.21%  2021-12-21T10:20:00+0530
adx : 17.24  aroonosc : 7.14
-----------------------------------------------
10:24:41 : SCANNING : COALINDIA
circuit : 1.45%  2021-12-21T10:20:00+0530
adx : 41.63  aroonosc : 92.86
-----------------------------------------------
10:24:41 : SCANNING : COCHINSHIP
circuit : 1.31%  2021-12-21T10:20:00+0530
adx : 22.68  aroonosc : 14.29
-----------------------------------------------
10:24:42 : SCANNING : COFORGE
circuit : 2.0%  2021-12-21T10:20:00+0530
adx : 40.34  aroonosc : 57.14
-----------------------------------------------
10:24:42 : SCANNING : COLPAL
circuit : 1.53%  2021-12-21T10:20:00+0530
adx : 42.26  aroonosc : 64.29
-----------------------------------------------
10:24:43 : SCANNING : CONCOR
circuit : -0.38%  2021-12-21T10:20:00+0530
adx : 16.73  aroonosc : 28.57
-----------------------------------------------
10:24:43 : SCANNING : COROMANDEL
circuit : 0.19%  2021-12-21T10:20:00+0530
adx : 12.39  aroonosc : 14.29
-----------------------------------------------
10:24:43 : SCANNING : CREDITACC
circuit : -1.5%  2021-12-21T10:20:00+0530
adx : 12.68  aroonosc : 7.14
-----------------------------------------------
10:24:44 : SCANNING : CRISIL
circuit : 1.54%  2021-12-21T10:20:00+0530
adx : 30.44  aroonosc : 21.43
-----------------------------------------------
10:24:44 : SCANNING : CROMPTON
circuit : 0.91%  2021-12-21T10:20:00+0530
adx : 23.21  aroonosc : 92.86
-----------------------------------------------
10:24:44 : SCANNING : CSBBANK
circuit : 0.95%  2021-12-21T10:20:00+0530
adx : 19.03  aroonosc : 42.86
-----------------------------------------------
10:24:45 : SCANNING : CUB
circuit : 0.7%  2021-12-21T10:20:00+0530
adx : 31.56  aroonosc : 14.29
-----------------------------------------------
10:24:45 : SCANNING : CUMMINSIND
circuit : 1.1%  2021-12-21T10:20:00+0530
adx : 33.44  aroonosc : 14.29
-----------------------------------------------
10:24:45 : SCANNING : CYIENT
circuit : 0.07%  2021-12-21T10:20:00+0530
adx : 19.2  aroonosc : 14.29
-----------------------------------------------
10:24:46 : SCANNING : DABUR
circuit : 0.48%  2021-12-21T10:20:00+0530
adx : 43.03  aroonosc : 0.0
-----------------------------------------------
10:24:47 : SCANNING : DALBHARAT
circuit : 3.62%  2021-12-21T10:20:00+0530
adx : 41.75  aroonosc : 100.0
-----------------------------------------------
10:24:47 : SCANNING : DBL
circuit : -0.42%  2021-12-21T10:20:00+0530
adx : 46.2  aroonosc : 7.14
-----------------------------------------------
10:24:47 : SCANNING : DCAL
circuit : 2.26%  2021-12-21T10:20:00+0530
adx : 20.11  aroonosc : 92.86
-----------------------------------------------
10:24:48 : SCANNING : DCBBANK
circuit : 2.43%  2021-12-21T10:20:00+0530
adx : 36.28  aroonosc : 14.29
-----------------------------------------------
10:24:48 : SCANNING : DCMSHRIRAM
circuit : 1.11%  2021-12-21T10:20:00+0530
adx : 18.56  aroonosc : 85.71
-----------------------------------------------
10:24:49 : SCANNING : DEEPAKNTR
circuit : 1.62%  2021-12-21T10:20:00+0530
adx : 37.75  aroonosc : 100.0
-----------------------------------------------
10:24:49 : SCANNING : DELTACORP
circuit : 0.67%  2021-12-21T10:20:00+0530
adx : 23.1  aroonosc : 14.29
-----------------------------------------------
10:24:49 : SCANNING : DHANI
circuit : 3.03%  2021-12-21T10:20:00+0530
adx : 27.82  aroonosc : 14.29
-----------------------------------------------
10:24:50 : SCANNING : DHANUKA
circuit : -0.3%  2021-12-21T10:20:00+0530
adx : 18.3  aroonosc : -35.71
-----------------------------------------------
10:24:50 : SCANNING : DISHTV
circuit : 2.99%  2021-12-21T10:20:00+0530
adx : 41.53  aroonosc : -21.43
-----------------------------------------------
10:24:51 : SCANNING : DIVISLAB
circuit : -1.24%  2021-12-21T10:20:00+0530
adx : 22.29  aroonosc : -92.86
-----------------------------------------------
10:24:51 : SCANNING : DIXON
circuit : 1.38%  2021-12-21T10:20:00+0530
adx : 40.66  aroonosc : 14.29
-----------------------------------------------
10:24:51 : SCANNING : DLF
circuit : 0.99%  2021-12-21T10:20:00+0530
adx : 40.53  aroonosc : 100.0
-----------------------------------------------
10:24:52 : SCANNING : DMART
circuit : 0.4%  2021-12-21T10:20:00+0530
adx : 20.05  aroonosc : 7.14
-----------------------------------------------
10:24:52 : SCANNING : DRREDDY
circuit : 0.75%  2021-12-21T10:20:00+0530
adx : 26.88  aroonosc : 7.14
-----------------------------------------------
10:24:53 : SCANNING : ECLERX
circuit : 1.43%  2021-12-21T10:20:00+0530
adx : 18.21  aroonosc : 7.14
-----------------------------------------------
10:24:53 : SCANNING : EDELWEISS
circuit : 0.15%  2021-12-21T10:20:00+0530
adx : 19.04  aroonosc : 7.14
-----------------------------------------------
10:24:54 : SCANNING : EICHERMOT
-----------------------------------------------
10:24:54 : SCANNING : EIDPARRY
circuit : 1.95%  2021-12-21T10:20:00+0530
adx : 27.99  aroonosc : 14.29
-----------------------------------------------
10:24:55 : SCANNING : EIHOTEL
circuit : 1.86%  2021-12-21T10:20:00+0530
adx : 14.72  aroonosc : 21.43
-----------------------------------------------
10:24:55 : SCANNING : ELGIEQUIP
circuit : 2.17%  2021-12-21T10:20:00+0530
adx : 37.18  aroonosc : 35.71
-----------------------------------------------
10:24:56 : SCANNING : EMAMILTD
circuit : -0.81%  2021-12-21T10:20:00+0530
adx : 39.22  aroonosc : 14.29
-----------------------------------------------
10:24:56 : SCANNING : ENDURANCE
circuit : -0.05%  2021-12-21T10:20:00+0530
adx : 24.26  aroonosc : 28.57
-----------------------------------------------
10:24:57 : SCANNING : ENGINERSIN
circuit : -0.07%  2021-12-21T10:20:00+0530
adx : 21.09  aroonosc : 14.29
-----------------------------------------------
10:24:57 : SCANNING : EPL
circuit : 0.6%  2021-12-21T10:20:00+0530
adx : 22.41  aroonosc : 100.0
-----------------------------------------------
10:24:58 : SCANNING : EQUITAS
circuit : -1.31%  2021-12-21T10:20:00+0530
adx : 28.87  aroonosc : 7.14
-----------------------------------------------
10:24:58 : SCANNING : ERIS
circuit : -0.11%  2021-12-21T10:20:00+0530
adx : 24.22  aroonosc : 7.14
-----------------------------------------------
10:24:59 : SCANNING : ESCORTS
circuit : 0.52%  2021-12-21T10:20:00+0530
adx : 27.85  aroonosc : 57.14
-----------------------------------------------
10:24:59 : SCANNING : EXIDEIND
circuit : 0.67%  2021-12-21T10:20:00+0530
adx : 44.95  aroonosc : 57.14
-----------------------------------------------
10:25:00 : SCANNING : FCONSUMER
circuit : -6.51%  2021-12-21T10:20:00+0530
adx : 38.99  aroonosc : -7.14
-----------------------------------------------
10:25:00 : SCANNING : FDC
circuit : 0.56%  2021-12-21T10:20:00+0530
adx : 19.63  aroonosc : 21.43
-----------------------------------------------
10:25:00 : SCANNING : FEDERALBNK
circuit : -0.73%  2021-12-21T10:20:00+0530
adx : 24.22  aroonosc : -21.43
-----------------------------------------------
10:25:01 : SCANNING : FINCABLES
circuit : 1.0%  2021-12-21T10:20:00+0530
adx : 11.62  aroonosc : 21.43
-----------------------------------------------
10:25:01 : SCANNING : FINEORG
circuit : 1.24%  2021-12-21T10:20:00+0530
adx : 18.1  aroonosc : 14.29
-----------------------------------------------
10:25:01 : SCANNING : FINPIPE
circuit : 3.07%  2021-12-21T10:20:00+0530
adx : 29.49  aroonosc : 100.0
-----------------------------------------------
10:25:02 : SCANNING : FLUOROCHEM
circuit : 3.22%  2021-12-21T10:25:00+0530
adx : 35.22  aroonosc : 50.0
-----------------------------------------------
10:25:02 : SCANNING : FORTIS
circuit : 3.21%  2021-12-21T10:20:00+0530
adx : 39.1  aroonosc : 92.86
-----------------------------------------------
10:25:03 : SCANNING : FRETAIL
circuit : -9.03%  2021-12-21T10:20:00+0530
adx : 47.4  aroonosc : -7.14
-----------------------------------------------
10:25:03 : SCANNING : FSL
circuit : 1.06%  2021-12-21T10:20:00+0530
adx : 14.13  aroonosc : 14.29
-----------------------------------------------
10:25:03 : SCANNING : GAEL
circuit : 1.87%  2021-12-21T10:25:00+0530
adx : 15.43  aroonosc : 78.57
-----------------------------------------------
10:25:04 : SCANNING : GAIL
circuit : 1.1%  2021-12-21T10:20:00+0530
adx : 36.87  aroonosc : 100.0
-----------------------------------------------
10:25:04 : SCANNING : GALAXYSURF
circuit : -0.55%  2021-12-21T10:20:00+0530
adx : 34.23  aroonosc : -7.14
-----------------------------------------------
10:25:05 : SCANNING : GARFIBRES
circuit : -0.43%  2021-12-21T10:25:00+0530
adx : 37.68  aroonosc : 14.29
-----------------------------------------------
10:25:05 : SCANNING : GEPIL
circuit : 1.75%  2021-12-21T10:25:00+0530
adx : 15.5  aroonosc : 14.29
-----------------------------------------------
10:25:06 : SCANNING : GESHIP
circuit : 1.61%  2021-12-21T10:25:00+0530
adx : 28.15  aroonosc : 57.14
-----------------------------------------------
10:25:06 : SCANNING : GICRE
circuit : 1.16%  2021-12-21T10:25:00+0530
adx : 17.03  aroonosc : 0.0
-----------------------------------------------
10:25:07 : SCANNING : GILLETTE
circuit : 1.12%  2021-12-21T10:25:00+0530
adx : 20.08  aroonosc : 0.0
-----------------------------------------------
10:25:07 : SCANNING : GLAND
circuit : 1.05%  2021-12-21T10:25:00+0530
adx : 22.08  aroonosc : 92.86
-----------------------------------------------
10:25:08 : SCANNING : GLAXO
circuit : 1.77%  2021-12-21T10:25:00+0530
adx : 38.45  aroonosc : 64.29
-----------------------------------------------
10:25:09 : SCANNING : GLENMARK
circuit : -0.41%  2021-12-21T10:25:00+0530
adx : 19.93  aroonosc : -21.43
-----------------------------------------------
10:25:09 : SCANNING : GMMPFAUDLR
circuit : 2.37%  2021-12-21T10:25:00+0530
adx : 47.23  aroonosc : 85.71
-----------------------------------------------
10:25:10 : SCANNING : GMRINFRA
circuit : 1.38%  2021-12-21T10:25:00+0530
adx : 29.41  aroonosc : 50.0
-----------------------------------------------
10:25:10 : SCANNING : GNFC
circuit : 1.55%  2021-12-21T10:25:00+0530
adx : 27.83  aroonosc : 92.86
-----------------------------------------------
10:25:10 : SCANNING : GODFRYPHLP
circuit : 0.09%  2021-12-21T10:20:00+0530
adx : 15.43  aroonosc : 7.14
-----------------------------------------------
10:25:11 : SCANNING : GODREJAGRO
circuit : -0.8%  2021-12-21T10:25:00+0530
adx : 29.13  aroonosc : -28.57
-----------------------------------------------
10:25:11 : SCANNING : GODREJCP
circuit : 3.29%  2021-12-21T10:20:00+0530
adx : 37.42  aroonosc : 100.0
-----------------------------------------------
10:25:12 : SCANNING : GODREJIND
circuit : 2.86%  2021-12-21T10:25:00+0530
adx : 44.02  aroonosc : 64.29
-----------------------------------------------
10:25:12 : SCANNING : GODREJPROP
circuit : 1.58%  2021-12-21T10:20:00+0530
adx : 19.28  aroonosc : 78.57
-----------------------------------------------
10:25:13 : SCANNING : GPPL
circuit : 0.26%  2021-12-21T10:25:00+0530
adx : 34.66  aroonosc : -21.43
-----------------------------------------------
10:25:13 : SCANNING : GRANULES
circuit : -0.5%  2021-12-21T10:25:00+0530
adx : 10.84  aroonosc : 21.43
-----------------------------------------------
10:25:14 : SCANNING : GRAPHITE
circuit : 0.15%  2021-12-21T10:25:00+0530
adx : 26.76  aroonosc : -28.57
-----------------------------------------------
10:25:14 : SCANNING : GRASIM
circuit : 2.22%  2021-12-21T10:25:00+0530
adx : 53.06  aroonosc : 85.71
-----------------------------------------------
10:25:14 : SCANNING : GREAVESCOT
circuit : 1.59%  2021-12-21T10:20:00+0530
adx : 36.19  aroonosc : 71.43
-----------------------------------------------
10:25:14 : SCANNING : GRINDWELL
circuit : -0.37%  2021-12-21T10:25:00+0530
adx : 26.45  aroonosc : -42.86
-----------------------------------------------
10:25:15 : SCANNING : GRSE
circuit : 2.59%  2021-12-21T10:25:00+0530
adx : 16.94  aroonosc : 100.0
-----------------------------------------------
10:25:15 : SCANNING : GSFC
circuit : 0.65%  2021-12-21T10:25:00+0530
adx : 19.4  aroonosc : 7.14
-----------------------------------------------
10:25:16 : SCANNING : GSPL
circuit : 0.89%  2021-12-21T10:25:00+0530
adx : 30.46  aroonosc : 21.43
-----------------------------------------------
10:25:17 : SCANNING : GUJALKALI
circuit : 0.54%  2021-12-21T10:25:00+0530
adx : 43.55  aroonosc : 14.29
-----------------------------------------------
10:25:17 : SCANNING : GUJGASLTD
circuit : 1.66%  2021-12-21T10:25:00+0530
adx : 50.03  aroonosc : 85.71
-----------------------------------------------
10:25:18 : SCANNING : GULFOILLUB
circuit : -0.22%  2021-12-21T10:25:00+0530
adx : 22.31  aroonosc : -35.71
-----------------------------------------------
10:25:18 : SCANNING : HAL
circuit : 0.32%  2021-12-21T10:25:00+0530
adx : 32.24  aroonosc : -21.43
-----------------------------------------------
10:25:19 : SCANNING : HATSUN
circuit : -1.81%  2021-12-21T10:20:00+0530
adx : 22.86  aroonosc : -21.43
-----------------------------------------------
10:25:19 : SCANNING : HAVELLS
circuit : 3.3%  2021-12-21T10:25:00+0530
adx : 40.67  aroonosc : 14.29
-----------------------------------------------
10:25:19 : SCANNING : HCLTECH
circuit : 3.29%  2021-12-21T10:20:00+0530
adx : 54.36  aroonosc : 85.71
-----------------------------------------------
10:25:20 : SCANNING : HDFC
circuit : -0.76%  2021-12-21T10:20:00+0530
adx : 44.45  aroonosc : -21.43
-----------------------------------------------
10:25:20 : SCANNING : HDFCAMC
circuit : 0.21%  2021-12-21T10:25:00+0530
adx : 23.99  aroonosc : 7.14
-----------------------------------------------
10:25:21 : SCANNING : HDFCBANK
circuit : 0.01%  2021-12-21T10:20:00+0530
adx : 12.32  aroonosc : 14.29
-----------------------------------------------
10:25:21 : SCANNING : HDFCLIFE
circuit : -0.37%  2021-12-21T10:25:00+0530
adx : 27.44  aroonosc : -35.71
-----------------------------------------------
10:25:21 : SCANNING : HEG
circuit : -0.57%  2021-12-21T10:25:00+0530
adx : 17.95  aroonosc : -57.14
-----------------------------------------------
10:25:22 : SCANNING : HEIDELBERG
circuit : 0.92%  2021-12-21T10:25:00+0530
adx : 23.95  aroonosc : 92.86
-----------------------------------------------
10:25:22 : SCANNING : HEMIPROP
circuit : 1.52%  2021-12-21T10:25:00+0530
adx : 27.97  aroonosc : 7.14
-----------------------------------------------
10:25:23 : SCANNING : HEROMOTOCO
circuit : -1.26%  2021-12-21T10:20:00+0530
adx : 38.91  aroonosc : -21.43
-----------------------------------------------
10:25:23 : SCANNING : HINDALCO
circuit : 1.88%  2021-12-21T10:25:00+0530
adx : 54.74  aroonosc : 85.71
-----------------------------------------------
10:25:24 : SCANNING : HINDCOPPER
circuit : 0.92%  2021-12-21T10:25:00+0530
adx : 34.81  aroonosc : 50.0
-----------------------------------------------
10:25:24 : SCANNING : HINDPETRO
circuit : 0.81%  2021-12-21T10:25:00+0530
adx : 18.43  aroonosc : -28.57
-----------------------------------------------
10:25:24 : SCANNING : HINDUNILVR
circuit : -0.26%  2021-12-21T10:20:00+0530
adx : 33.83  aroonosc : 7.14
-----------------------------------------------
10:25:25 : SCANNING : HINDZINC
circuit : 1.8%  2021-12-21T10:25:00+0530
adx : 25.46  aroonosc : 21.43
-----------------------------------------------
10:25:25 : SCANNING : HONAUT
circuit : -0.32%  2021-12-21T10:25:00+0530
adx : 23.51  aroonosc : 0.0
-----------------------------------------------
10:25:26 : SCANNING : HSCL
circuit : 1.53%  2021-12-21T10:25:00+0530
adx : 45.93  aroonosc : 0.0
-----------------------------------------------
10:25:26 : SCANNING : HUDCO
circuit : 0.77%  2021-12-21T10:25:00+0530
adx : 26.52  aroonosc : 64.29
-----------------------------------------------
10:25:27 : SCANNING : HUHTAMAKI
circuit : 1.04%  2021-12-21T10:25:00+0530
adx : 10.74  aroonosc : 7.14
-----------------------------------------------
10:25:27 : SCANNING : IBREALEST
circuit : 3.67%  2021-12-21T10:20:00+0530
adx : 40.48  aroonosc : 100.0
-----------------------------------------------
10:25:28 : SCANNING : IBULHSGFIN
circuit : 1.06%  2021-12-21T10:20:00+0530
adx : 28.77  aroonosc : 21.43
-----------------------------------------------
10:25:28 : SCANNING : ICICIBANK
circuit : 0.59%  2021-12-21T10:25:00+0530
adx : 44.39  aroonosc : 14.29
-----------------------------------------------
10:25:28 : SCANNING : ICICIGI
circuit : 1.62%  2021-12-21T10:25:00+0530
adx : 36.41  aroonosc : 100.0
-----------------------------------------------
10:25:29 : SCANNING : ICICIPRULI
circuit : 1.55%  2021-12-21T10:25:00+0530
adx : 33.52  aroonosc : 64.29
-----------------------------------------------
10:25:29 : SCANNING : ICIL
circuit : -1.02%  2021-12-21T10:25:00+0530
adx : 23.05  aroonosc : -28.57
-----------------------------------------------
10:25:29 : SCANNING : IDBI
circuit : 2.96%  2021-12-21T10:25:00+0530
adx : 46.8  aroonosc : 64.29
-----------------------------------------------
10:25:30 : SCANNING : IDEA
circuit : 2.89%  2021-12-21T10:20:00+0530
adx : 37.09  aroonosc : 100.0
-----------------------------------------------
10:25:30 : SCANNING : IDFC
circuit : 1.47%  2021-12-21T10:25:00+0530
adx : 40.32  aroonosc : 14.29
-----------------------------------------------
10:25:31 : SCANNING : IDFCFIRSTB
circuit : 0.22%  2021-12-21T10:25:00+0530
adx : 11.98  aroonosc : 14.29
-----------------------------------------------
10:25:31 : SCANNING : IEX
circuit : 2.06%  2021-12-21T10:20:00+0530
adx : 33.64  aroonosc : 100.0
-----------------------------------------------
10:25:31 : SCANNING : IFBIND
circuit : 0.32%  2021-12-21T10:20:00+0530
adx : 35.94  aroonosc : 64.29
-----------------------------------------------
10:25:32 : SCANNING : IGL
circuit : 0.68%  2021-12-21T10:20:00+0530
adx : 35.14  aroonosc : 100.0
-----------------------------------------------
10:25:32 : SCANNING : IIFL
circuit : 0.4%  2021-12-21T10:25:00+0530
adx : 27.27  aroonosc : 35.71
-----------------------------------------------
10:25:32 : SCANNING : IIFLWAM
circuit : -0.8%  2021-12-21T10:25:00+0530
adx : 18.75  aroonosc : 7.14
-----------------------------------------------
10:25:33 : SCANNING : INDHOTEL
circuit : -0.41%  2021-12-21T10:20:00+0530
adx : 13.43  aroonosc : -21.43
-----------------------------------------------
10:25:33 : SCANNING : INDIACEM
circuit : 1.3%  2021-12-21T10:25:00+0530
adx : 35.64  aroonosc : 0.0
-----------------------------------------------
10:25:34 : SCANNING : INDIAMART
circuit : -0.08%  2021-12-21T10:25:00+0530
adx : 12.05  aroonosc : 14.29
-----------------------------------------------
10:25:34 : SCANNING : INDIANB
circuit : 1.0%  2021-12-21T10:25:00+0530
adx : 32.06  aroonosc : 14.29
-----------------------------------------------
10:25:34 : SCANNING : INDIGO
circuit : -0.84%  2021-12-21T10:25:00+0530
adx : 21.01  aroonosc : -35.71
-----------------------------------------------
10:25:35 : SCANNING : INDOCO
circuit : 0.87%  2021-12-21T10:25:00+0530
adx : 23.02  aroonosc : 0.0
-----------------------------------------------
10:25:35 : SCANNING : INDUSINDBK
circuit : 0.46%  2021-12-21T10:25:00+0530
adx : 27.24  aroonosc : 14.29
-----------------------------------------------
10:25:35 : SCANNING : INDUSTOWER
circuit : 3.17%  2021-12-21T10:25:00+0530
adx : 43.08  aroonosc : 92.86
-----------------------------------------------
10:25:36 : SCANNING : INFIBEAM
circuit : 1.79%  2021-12-21T10:25:00+0530
adx : 41.81  aroonosc : 21.43
-----------------------------------------------
10:25:36 : SCANNING : INFY
circuit : 1.11%  2021-12-21T10:20:00+0530
adx : 30.36  aroonosc : 57.14
-----------------------------------------------
10:25:37 : SCANNING : INGERRAND
circuit : 0.64%  2021-12-21T10:25:00+0530
adx : 24.16  aroonosc : 42.86
-----------------------------------------------
10:25:37 : SCANNING : INOXLEISUR
circuit : 3.39%  2021-12-21T10:25:00+0530
adx : 48.25  aroonosc : 0.0
-----------------------------------------------
10:25:37 : SCANNING : INTELLECT
circuit : 0.6%  2021-12-21T10:25:00+0530
adx : 19.16  aroonosc : -14.29
-----------------------------------------------
10:25:38 : SCANNING : IOB
circuit : 1.49%  2021-12-21T10:25:00+0530
adx : 36.93  aroonosc : 14.29
-----------------------------------------------
10:25:38 : SCANNING : IOC
circuit : 0.09%  2021-12-21T10:20:00+0530
adx : 13.83  aroonosc : 21.43
-----------------------------------------------
10:25:39 : SCANNING : IOLCP
circuit : -0.58%  2021-12-21T10:25:00+0530
adx : 51.23  aroonosc : -28.57
-----------------------------------------------
10:25:39 : SCANNING : IPCALAB
circuit : 0.32%  2021-12-21T10:25:00+0530
adx : 10.81  aroonosc : 21.43
-----------------------------------------------
10:25:39 : SCANNING : IRB
circuit : -0.98%  2021-12-21T10:25:00+0530
adx : 19.03  aroonosc : -7.14
-----------------------------------------------
10:25:40 : SCANNING : IRCON
circuit : 0.33%  2021-12-21T10:25:00+0530
adx : 28.03  aroonosc : -14.29
-----------------------------------------------
10:25:40 : SCANNING : IRCTC
circuit : 0.6%  2021-12-21T10:25:00+0530
adx : 29.56  aroonosc : 7.14
-----------------------------------------------
10:25:41 : SCANNING : ISEC
circuit : 1.27%  2021-12-21T10:25:00+0530
adx : 29.61  aroonosc : 0.0
-----------------------------------------------
10:25:41 : SCANNING : ITC
circuit : -0.02%  2021-12-21T10:20:00+0530
adx : 19.72  aroonosc : -14.29
-----------------------------------------------
10:25:42 : SCANNING : ITI
circuit : 1.51%  2021-12-21T10:25:00+0530
adx : 22.33  aroonosc : 50.0
-----------------------------------------------
10:25:42 : SCANNING : J&KBANK
circuit : 2.17%  2021-12-21T10:25:00+0530
adx : 28.28  aroonosc : 35.71
-----------------------------------------------
10:25:42 : SCANNING : JAMNAAUTO
circuit : 3.26%  2021-12-21T10:25:00+0530
adx : 25.75  aroonosc : 92.86
-----------------------------------------------
10:25:43 : SCANNING : JBCHEPHARM
circuit : -0.51%  2021-12-21T10:25:00+0530
adx : 52.08  aroonosc : -78.57
-----------------------------------------------
10:25:43 : SCANNING : JCHAC
circuit : 1.73%  2021-12-21T10:25:00+0530
adx : 34.12  aroonosc : 0.0
-----------------------------------------------
10:25:44 : SCANNING : JINDALSAW
circuit : 1.78%  2021-12-21T10:25:00+0530
adx : 25.44  aroonosc : 50.0
-----------------------------------------------
10:25:44 : SCANNING : JINDALSTEL
circuit : 2.1%  2021-12-21T10:20:00+0530
adx : 47.44  aroonosc : 71.43
-----------------------------------------------
10:25:44 : SCANNING : JKCEMENT
circuit : 2.28%  2021-12-21T10:25:00+0530
adx : 22.92  aroonosc : 100.0
-----------------------------------------------
10:25:45 : SCANNING : JKLAKSHMI
circuit : 0.8%  2021-12-21T10:25:00+0530
adx : 19.25  aroonosc : -21.43
-----------------------------------------------
10:25:45 : SCANNING : JKPAPER
circuit : 0.87%  2021-12-21T10:25:00+0530
adx : 30.6  aroonosc : 57.14
-----------------------------------------------
10:25:46 : SCANNING : JKTYRE
circuit : 2.34%  2021-12-21T10:20:00+0530
adx : 36.41  aroonosc : 100.0
-----------------------------------------------
10:25:46 : SCANNING : JMFINANCIL
circuit : -0.55%  2021-12-21T10:25:00+0530
adx : 27.56  aroonosc : -21.43
-----------------------------------------------
10:25:47 : SCANNING : JSL
circuit : 3.33%  2021-12-21T10:25:00+0530
adx : 25.35  aroonosc : 78.57
-----------------------------------------------
10:25:47 : SCANNING : JSLHISAR
circuit : 3.23%  2021-12-21T10:25:00+0530
adx : 22.86  aroonosc : 92.86
-----------------------------------------------
10:25:47 : SCANNING : JSWSTEEL
circuit : 2.25%  2021-12-21T10:20:00+0530
adx : 61.87  aroonosc : 64.29
-----------------------------------------------
10:25:48 : SCANNING : JTEKTINDIA
circuit : 1.4%  2021-12-21T10:25:00+0530
adx : 22.85  aroonosc : 92.86
-----------------------------------------------
10:25:48 : SCANNING : JUBLFOOD
circuit : -0.26%  2021-12-21T10:25:00+0530
adx : 14.98  aroonosc : 14.29
-----------------------------------------------
10:25:49 : SCANNING : JUSTDIAL
circuit : 2.74%  2021-12-21T10:25:00+0530
adx : 36.95  aroonosc : 57.14
-----------------------------------------------
10:25:49 : SCANNING : JYOTHYLAB
circuit : 0.68%  2021-12-21T10:25:00+0530
adx : 25.16  aroonosc : 0.0
-----------------------------------------------
10:25:49 : SCANNING : KAJARIACER
circuit : 1.73%  2021-12-21T10:25:00+0530
adx : 25.7  aroonosc : 7.14
-----------------------------------------------
10:25:50 : SCANNING : KALPATPOWR
circuit : 0.83%  2021-12-21T10:25:00+0530
adx : 16.54  aroonosc : -21.43
-----------------------------------------------
10:25:50 : SCANNING : KANSAINER
circuit : -0.19%  2021-12-21T10:25:00+0530
adx : 18.99  aroonosc : 21.43
-----------------------------------------------
10:25:51 : SCANNING : KARURVYSYA
-----------------------------------------------
10:25:51 : SCANNING : KEC
circuit : 0.69%  2021-12-21T10:25:00+0530
adx : 15.17  aroonosc : 0.0
-----------------------------------------------
10:25:51 : SCANNING : KEI
circuit : -0.62%  2021-12-21T10:25:00+0530
adx : 14.61  aroonosc : -21.43
-----------------------------------------------
10:25:52 : SCANNING : KNRCON
circuit : 0.29%  2021-12-21T10:25:00+0530
adx : 11.47  aroonosc : 14.29
-----------------------------------------------
10:25:52 : SCANNING : KOTAKBANK
circuit : -0.4%  2021-12-21T10:20:00+0530
adx : 21.64  aroonosc : 7.14
-----------------------------------------------
10:25:52 : SCANNING : KPITTECH
circuit : 3.6%  2021-12-21T10:25:00+0530
adx : 37.75  aroonosc : 50.0
-----------------------------------------------
10:25:53 : SCANNING : KPRMILL
circuit : 2.26%  2021-12-21T10:25:00+0530
adx : 22.19  aroonosc : 7.14
-----------------------------------------------
10:25:53 : SCANNING : KRBL
circuit : 0.46%  2021-12-21T10:25:00+0530
adx : 19.62  aroonosc : -28.57
-----------------------------------------------
10:25:54 : SCANNING : KSB
circuit : 1.0%  2021-12-21T10:25:00+0530
adx : 13.35  aroonosc : 28.57
-----------------------------------------------
10:25:54 : SCANNING : KSCL
circuit : -1.06%  2021-12-21T10:25:00+0530
adx : 24.38  aroonosc : -71.43
-----------------------------------------------
10:25:55 : SCANNING : L&TFH
circuit : 3.25%  2021-12-21T10:20:00+0530
adx : 50.79  aroonosc : 100.0
-----------------------------------------------
10:25:55 : SCANNING : LALPATHLAB
circuit : -0.13%  2021-12-21T10:25:00+0530
adx : 18.71  aroonosc : 7.14
-----------------------------------------------
10:25:55 : SCANNING : LAOPALA
circuit : 3.69%  2021-12-21T10:25:00+0530
adx : 41.49  aroonosc : 14.29
-----------------------------------------------
10:25:56 : SCANNING : LAURUSLABS
circuit : 0.93%  2021-12-21T10:25:00+0530
adx : 18.63  aroonosc : 14.29
-----------------------------------------------
10:25:56 : SCANNING : LAXMIMACH
circuit : 3.41%  2021-12-21T10:25:00+0530
adx : 28.09  aroonosc : 64.29
-----------------------------------------------
10:25:57 : SCANNING : LEMONTREE
circuit : 4.01%  2021-12-21T10:25:00+0530
adx : 32.94  aroonosc : 14.29
-----------------------------------------------
10:25:58 : SCANNING : LICHSGFIN
circuit : 0.21%  2021-12-21T10:25:00+0530
adx : 36.1  aroonosc : 14.29
-----------------------------------------------
10:25:58 : SCANNING : LINDEINDIA
circuit : 0.88%  2021-12-21T10:25:00+0530
adx : 16.86  aroonosc : 7.14
-----------------------------------------------
10:25:58 : SCANNING : LT
circuit : 0.28%  2021-12-21T10:20:00+0530
adx : 28.96  aroonosc : 14.29
-----------------------------------------------
10:25:59 : SCANNING : LTI
circuit : 2.54%  2021-12-21T10:20:00+0530
adx : 28.55  aroonosc : 100.0
-----------------------------------------------
10:25:59 : SCANNING : LTTS
circuit : 1.39%  2021-12-21T10:25:00+0530
adx : 23.31  aroonosc : 64.29
-----------------------------------------------
10:26:00 : SCANNING : LUPIN
circuit : 0.34%  2021-12-21T10:25:00+0530
adx : 33.92  aroonosc : -21.43
-----------------------------------------------
10:26:00 : SCANNING : LUXIND
circuit : 0.1%  2021-12-21T10:25:00+0530
adx : 30.72  aroonosc : -28.57
-----------------------------------------------
10:26:01 : SCANNING : M&M
circuit : -0.48%  2021-12-21T10:25:00+0530
adx : 28.81  aroonosc : -64.29
-----------------------------------------------
10:26:02 : SCANNING : M&MFIN
circuit : 0.75%  2021-12-21T10:25:00+0530
adx : 20.22  aroonosc : 14.29
-----------------------------------------------
10:26:02 : SCANNING : MAHABANK
circuit : 0.53%  2021-12-21T10:25:00+0530
adx : 18.16  aroonosc : -35.71
-----------------------------------------------
10:26:03 : SCANNING : MAHINDCIE
circuit : 1.37%  2021-12-21T10:25:00+0530
adx : 20.9  aroonosc : 7.14
-----------------------------------------------
10:26:03 : SCANNING : MAHLOG
circuit : -0.78%  2021-12-21T10:25:00+0530
adx : 14.46  aroonosc : -21.43
-----------------------------------------------
10:26:04 : SCANNING : MAHSCOOTER
circuit : 1.63%  2021-12-21T10:25:00+0530
adx : 25.76  aroonosc : 0.0
-----------------------------------------------
10:26:04 : SCANNING : MAHSEAMLES
circuit : 1.63%  2021-12-21T10:25:00+0530
adx : 40.37  aroonosc : 64.29
-----------------------------------------------
10:26:05 : SCANNING : MANAPPURAM
circuit : -0.69%  2021-12-21T10:25:00+0530
adx : 34.52  aroonosc : 14.29
-----------------------------------------------
10:26:05 : SCANNING : MARICO
circuit : 0.22%  2021-12-21T10:25:00+0530
adx : 25.83  aroonosc : -28.57
-----------------------------------------------
10:26:06 : SCANNING : MARUTI
circuit : 0.28%  2021-12-21T10:25:00+0530
adx : 36.18  aroonosc : -28.57
-----------------------------------------------
10:26:06 : SCANNING : MASFIN
circuit : 2.04%  2021-12-21T10:25:00+0530
adx : 22.97  aroonosc : 64.29
-----------------------------------------------
10:26:07 : SCANNING : MAXHEALTH
circuit : 2.87%  2021-12-21T10:25:00+0530
adx : 40.82  aroonosc : 78.57
-----------------------------------------------
10:26:07 : SCANNING : MAZDOCK
circuit : 1.47%  2021-12-21T10:25:00+0530
adx : 28.28  aroonosc : 92.86
-----------------------------------------------
10:26:08 : SCANNING : MCDOWELL-N
circuit : 2.25%  2021-12-21T10:25:00+0530
adx : 36.47  aroonosc : 92.86
-----------------------------------------------
10:26:09 : SCANNING : MCX
circuit : 1.12%  2021-12-21T10:25:00+0530
adx : 33.96  aroonosc : 57.14
-----------------------------------------------
10:26:12 : SCANNING : METROPOLIS
circuit : 2.16%  2021-12-21T10:25:00+0530
adx : 26.5  aroonosc : 100.0
-----------------------------------------------
10:26:13 : SCANNING : MFSL
circuit : 3.47%  2021-12-21T10:25:00+0530
adx : 17.38  aroonosc : 100.0
-----------------------------------------------
10:26:14 : SCANNING : MGL
circuit : 0.32%  2021-12-21T10:25:00+0530
adx : 30.6  aroonosc : 14.29
-----------------------------------------------
10:26:14 : SCANNING : MHRIL
circuit : -0.36%  2021-12-21T10:25:00+0530
adx : 19.86  aroonosc : -21.43
-----------------------------------------------
10:26:15 : SCANNING : MIDHANI
circuit : 0.94%  2021-12-21T10:25:00+0530
adx : 16.26  aroonosc : 0.0
-----------------------------------------------
10:26:15 : SCANNING : MINDACORP
circuit : 1.19%  2021-12-21T10:25:00+0530
adx : 30.61  aroonosc : 92.86
-----------------------------------------------
10:26:16 : SCANNING : MINDAIND
circuit : 0.78%  2021-12-21T10:25:00+0530
adx : 34.9  aroonosc : -21.43
-----------------------------------------------
10:26:16 : SCANNING : MINDTREE
circuit : 1.06%  2021-12-21T10:25:00+0530
adx : 41.4  aroonosc : 57.14
-----------------------------------------------
10:26:16 : SCANNING : MMTC
circuit : 1.6%  2021-12-21T10:25:00+0530
adx : 34.65  aroonosc : 35.71
-----------------------------------------------
10:26:17 : SCANNING : MOIL
circuit : 1.27%  2021-12-21T10:25:00+0530
adx : 29.73  aroonosc : 42.86
-----------------------------------------------
10:26:17 : SCANNING : MOTILALOFS
circuit : 0.44%  2021-12-21T10:25:00+0530
adx : 25.9  aroonosc : -21.43
-----------------------------------------------
10:26:18 : SCANNING : MPHASIS
circuit : 0.54%  2021-12-21T10:25:00+0530
adx : 34.27  aroonosc : 14.29
-----------------------------------------------
10:26:18 : SCANNING : MRF
circuit : 0.47%  2021-12-21T10:25:00+0530
adx : 20.03  aroonosc : 14.29
-----------------------------------------------
10:26:19 : SCANNING : MRPL
circuit : 0.24%  2021-12-21T10:25:00+0530
adx : 32.53  aroonosc : 50.0
-----------------------------------------------
10:26:19 : SCANNING : MUTHOOTFIN
circuit : 0.45%  2021-12-21T10:25:00+0530
adx : 18.82  aroonosc : 0.0
-----------------------------------------------
10:26:19 : SCANNING : NAM-INDIA
circuit : 0.84%  2021-12-21T10:25:00+0530
adx : 14.27  aroonosc : -35.71
-----------------------------------------------
10:26:20 : SCANNING : NATCOPHARM
circuit : 2.59%  2021-12-21T10:25:00+0530
adx : 16.6  aroonosc : 71.43
-----------------------------------------------
10:26:20 : SCANNING : NATIONALUM
circuit : 2.69%  2021-12-21T10:25:00+0530
adx : 52.31  aroonosc : 71.43
-----------------------------------------------
10:26:21 : SCANNING : NAUKRI
circuit : 0.36%  2021-12-21T10:25:00+0530
adx : 20.62  aroonosc : -35.71
-----------------------------------------------
10:26:21 : SCANNING : NAVINFLUOR
circuit : 3.26%  2021-12-21T10:25:00+0530
adx : 52.48  aroonosc : 92.86
-----------------------------------------------
10:26:22 : SCANNING : NBCC
circuit : 0.48%  2021-12-21T10:25:00+0530
adx : 29.7  aroonosc : 85.71
-----------------------------------------------
10:26:22 : SCANNING : NCC
circuit : 0.51%  2021-12-21T10:25:00+0530
adx : 38.44  aroonosc : 78.57
-----------------------------------------------
10:26:23 : SCANNING : NESCO
circuit : 1.41%  2021-12-21T10:25:00+0530
adx : 19.36  aroonosc : 21.43
-----------------------------------------------
10:26:23 : SCANNING : NESTLEIND
circuit : 0.45%  2021-12-21T10:25:00+0530
adx : 40.57  aroonosc : 100.0
-----------------------------------------------
10:26:24 : SCANNING : NETWORK18
circuit : 2.46%  2021-12-21T10:25:00+0530
adx : 28.31  aroonosc : 92.86
-----------------------------------------------
10:26:25 : SCANNING : NFL
circuit : 1.83%  2021-12-21T10:25:00+0530
adx : 28.65  aroonosc : 100.0
-----------------------------------------------
10:26:25 : SCANNING : NH
circuit : 0.74%  2021-12-21T10:25:00+0530
adx : 10.72  aroonosc : -28.57
-----------------------------------------------
10:26:26 : SCANNING : NHPC
circuit : 1.85%  2021-12-21T10:25:00+0530
adx : 34.9  aroonosc : 100.0
-----------------------------------------------
10:26:26 : SCANNING : NIACL
-----------------------------------------------
10:26:26 : SCANNING : NILKAMAL
circuit : 0.05%  2021-12-21T10:25:00+0530
adx : 12.92  aroonosc : -35.71
-----------------------------------------------
10:26:27 : SCANNING : NLCINDIA
circuit : 1.03%  2021-12-21T10:25:00+0530
adx : 30.33  aroonosc : 21.43
-----------------------------------------------
10:26:27 : SCANNING : NMDC
circuit : 6.96%  2021-12-21T10:25:00+0530
adx : 21.76  aroonosc : 57.14
-----------------------------------------------
10:26:28 : SCANNING : NOCIL
circuit : -0.36%  2021-12-21T10:25:00+0530
adx : 29.49  aroonosc : 7.14
-----------------------------------------------
10:26:29 : SCANNING : NTPC
circuit : 0.2%  2021-12-21T10:25:00+0530
adx : 38.77  aroonosc : 57.14
rpt : 1190.0
{'candle': 'green', 'type': 'BUY', 'instrument': 'NTPC', 'price': 120.2, 'qty': 4949, 'target': 120.35, 'stoploss': 120.05, 'volume': 82550, 'adx': 50.48648436642578, 'aroonosc': 64.28571428571429, 'atr': 0.35497661662436336, 'open': 120.15, 'high': 120.35, 'low': 120.05, 'close': 120.35, 'product': 'MIS', 'time': '2021-12-20T13:45:00+0530'}
10:26:30 : Validation Failed : Time Gap in Seconds : 74489
-----------------------------------------------
10:26:30 : SCANNING : OBEROIRLTY
circuit : 0.6%  2021-12-21T10:25:00+0530
adx : 24.87  aroonosc : -21.43
-----------------------------------------------
10:26:31 : SCANNING : OFSS
circuit : 1.71%  2021-12-21T10:25:00+0530
adx : 48.2  aroonosc : 92.86
-----------------------------------------------
10:26:31 : SCANNING : OIL
circuit : 1.41%  2021-12-21T10:25:00+0530
adx : 20.78  aroonosc : 7.14
-----------------------------------------------
10:26:32 : SCANNING : ONGC
circuit : -0.07%  2021-12-21T10:25:00+0530
adx : 31.97  aroonosc : -21.43
-----------------------------------------------
10:26:32 : SCANNING : ORIENTELEC
circuit : 1.96%  2021-12-21T10:25:00+0530
adx : 16.42  aroonosc : 7.14
-----------------------------------------------
10:26:33 : SCANNING : PAGEIND
circuit : 1.33%  2021-12-21T10:25:00+0530
adx : 24.81  aroonosc : 92.86
-----------------------------------------------
10:26:33 : SCANNING : PEL
circuit : 1.21%  2021-12-21T10:25:00+0530
adx : 19.83  aroonosc : 100.0
-----------------------------------------------
10:26:34 : SCANNING : PERSISTENT
circuit : -1.15%  2021-12-21T10:25:00+0530
adx : 28.87  aroonosc : -21.43
-----------------------------------------------
10:26:34 : SCANNING : PETRONET
circuit : -0.17%  2021-12-21T10:25:00+0530
adx : 15.49  aroonosc : -14.29
-----------------------------------------------
10:26:35 : SCANNING : PFC
circuit : 0.73%  2021-12-21T10:25:00+0530
adx : 17.26  aroonosc : 100.0
-----------------------------------------------
10:26:36 : SCANNING : PFIZER
circuit : 1.15%  2021-12-21T10:25:00+0530
adx : 19.51  aroonosc : 21.43
-----------------------------------------------
10:26:36 : SCANNING : PGHH
circuit : 0.51%  2021-12-21T10:25:00+0530
adx : 25.73  aroonosc : 0.0
-----------------------------------------------
10:26:37 : SCANNING : PGHL
circuit : -0.66%  2021-12-21T10:25:00+0530
adx : 24.78  aroonosc : 42.86
-----------------------------------------------
10:26:37 : SCANNING : PHILIPCARB
circuit : 1.19%  2021-12-21T10:25:00+0530
adx : 9.91  aroonosc : 7.14
-----------------------------------------------
10:26:38 : SCANNING : PHOENIXLTD
circuit : -3.46%  2021-12-21T10:25:00+0530
adx : 38.21  aroonosc : -92.86
-----------------------------------------------
10:26:39 : SCANNING : PIDILITIND
circuit : 0.54%  2021-12-21T10:25:00+0530
adx : 37.86  aroonosc : -14.29
-----------------------------------------------
10:26:39 : SCANNING : PIIND
circuit : 1.0%  2021-12-21T10:25:00+0530
adx : 31.79  aroonosc : 100.0
-----------------------------------------------
10:26:39 : SCANNING : PNB
circuit : 1.08%  2021-12-21T10:25:00+0530
adx : 25.27  aroonosc : 14.29
-----------------------------------------------
10:26:40 : SCANNING : PNBHOUSING
circuit : 2.86%  2021-12-21T10:25:00+0530
adx : 49.77  aroonosc : 64.29
-----------------------------------------------
10:26:41 : SCANNING : PNCINFRA
circuit : -0.47%  2021-12-21T10:25:00+0530
adx : 33.47  aroonosc : -35.71
-----------------------------------------------
10:26:41 : SCANNING : POLYCAB
circuit : 0.13%  2021-12-21T10:25:00+0530
adx : 41.29  aroonosc : -21.43
-----------------------------------------------
10:26:41 : SCANNING : POLYMED
circuit : -0.6%  2021-12-21T10:25:00+0530
adx : 23.95  aroonosc : -14.29
-----------------------------------------------
10:26:42 : SCANNING : POLYPLEX
circuit : 1.18%  2021-12-21T10:25:00+0530
adx : 20.83  aroonosc : -28.57
-----------------------------------------------
10:26:42 : SCANNING : POWERGRID
circuit : -1.18%  2021-12-21T10:25:00+0530
adx : 15.7  aroonosc : -64.29
-----------------------------------------------
10:26:43 : SCANNING : POWERINDIA
circuit : 0.98%  2021-12-21T10:25:00+0530
adx : 28.76  aroonosc : 7.14
-----------------------------------------------
10:26:44 : SCANNING : PRESTIGE
circuit : 1.04%  2021-12-21T10:25:00+0530
adx : 23.39  aroonosc : -21.43
-----------------------------------------------
10:26:44 : SCANNING : PRINCEPIPE
circuit : 1.78%  2021-12-21T10:25:00+0530
adx : 30.14  aroonosc : 7.14
-----------------------------------------------
10:26:45 : SCANNING : PRSMJOHNSN
circuit : 3.78%  2021-12-21T10:25:00+0530
adx : 36.09  aroonosc : 92.86
-----------------------------------------------
10:26:46 : SCANNING : PSB
circuit : 1.88%  2021-12-21T10:25:00+0530
adx : 26.18  aroonosc : 92.86
-----------------------------------------------
10:26:47 : SCANNING : PVR
circuit : 0.58%  2021-12-21T10:25:00+0530
adx : 23.24  aroonosc : -28.57
-----------------------------------------------
10:26:47 : SCANNING : QUESS
circuit : 1.31%  2021-12-21T10:25:00+0530
adx : 24.9  aroonosc : 71.43
-----------------------------------------------
10:26:48 : SCANNING : RADICO
circuit : 0.46%  2021-12-21T10:25:00+0530
adx : 21.76  aroonosc : 0.0
-----------------------------------------------
10:26:48 : SCANNING : RAIN
circuit : -0.51%  2021-12-21T10:25:00+0530
adx : 15.41  aroonosc : -21.43
-----------------------------------------------
10:26:49 : SCANNING : RAJESHEXPO
circuit : 0.24%  2021-12-21T10:25:00+0530
adx : 12.29  aroonosc : 7.14
-----------------------------------------------
10:26:49 : SCANNING : RALLIS
circuit : 0.02%  2021-12-21T10:25:00+0530
adx : 13.23  aroonosc : 7.14
-----------------------------------------------
10:26:50 : SCANNING : RAMCOCEM
circuit : 1.63%  2021-12-21T10:25:00+0530
adx : 24.26  aroonosc : 64.29
-----------------------------------------------
10:26:50 : SCANNING : RATNAMANI
circuit : 3.64%  2021-12-21T10:25:00+0530
adx : 40.75  aroonosc : 7.14
-----------------------------------------------
10:26:51 : SCANNING : RAYMOND
circuit : 0.69%  2021-12-21T10:25:00+0530
adx : 33.72  aroonosc : -35.71
-----------------------------------------------
10:26:51 : SCANNING : RBLBANK
circuit : -0.18%  2021-12-21T10:25:00+0530
adx : 19.97  aroonosc : -28.57
-----------------------------------------------
10:26:52 : SCANNING : RCF
circuit : 1.32%  2021-12-21T10:25:00+0530
adx : 24.0  aroonosc : 57.14
-----------------------------------------------
10:26:52 : SCANNING : RECLTD
circuit : 0.79%  2021-12-21T10:25:00+0530
adx : 40.5  aroonosc : 35.71
-----------------------------------------------
10:26:52 : SCANNING : REDINGTON
circuit : 0.85%  2021-12-21T10:25:00+0530
adx : 18.47  aroonosc : -14.29
-----------------------------------------------
10:26:53 : SCANNING : RELAXO
circuit : 2.5%  2021-12-21T10:25:00+0530
adx : 33.83  aroonosc : 85.71
-----------------------------------------------
10:26:53 : SCANNING : RELIANCE
circuit : 0.71%  2021-12-21T10:25:00+0530
adx : 47.42  aroonosc : 71.43
-----------------------------------------------
10:26:54 : SCANNING : RESPONIND
circuit : 2.28%  2021-12-21T10:25:00+0530
adx : 24.73  aroonosc : 57.14
-----------------------------------------------
10:26:54 : SCANNING : RHIM
circuit : 1.45%  2021-12-21T10:25:00+0530
adx : 33.27  aroonosc : 92.86
-----------------------------------------------
10:26:55 : SCANNING : RITES
circuit : -0.51%  2021-12-21T10:25:00+0530
adx : 12.81  aroonosc : -42.86
-----------------------------------------------
10:26:55 : SCANNING : ROSSARI
circuit : 0.47%  2021-12-21T10:25:00+0530
adx : 28.36  aroonosc : 0.0
-----------------------------------------------
10:26:56 : SCANNING : ROUTE
circuit : 1.09%  2021-12-21T10:25:00+0530
adx : 26.66  aroonosc : 14.29
-----------------------------------------------
10:26:56 : SCANNING : RVNL
circuit : 1.19%  2021-12-21T10:25:00+0530
adx : 48.27  aroonosc : 85.71
-----------------------------------------------
10:26:56 : SCANNING : SAIL
circuit : 2.19%  2021-12-21T10:25:00+0530
adx : 33.36  aroonosc : 78.57
-----------------------------------------------
10:26:57 : SCANNING : SANOFI
circuit : 0.07%  2021-12-21T10:25:00+0530
adx : 23.11  aroonosc : -28.57
-----------------------------------------------
10:26:57 : SCANNING : SBICARD
circuit : -0.17%  2021-12-21T10:25:00+0530
adx : 35.35  aroonosc : 14.29
-----------------------------------------------
10:26:57 : SCANNING : SBILIFE
circuit : -0.85%  2021-12-21T10:25:00+0530
adx : 19.49  aroonosc : -35.71
-----------------------------------------------
10:26:58 : SCANNING : SBIN
circuit : -0.16%  2021-12-21T10:25:00+0530
adx : 35.76  aroonosc : 14.29
-----------------------------------------------
10:26:58 : SCANNING : SCHAEFFLER
circuit : 2.44%  2021-12-21T10:25:00+0530
adx : 43.16  aroonosc : 100.0
-----------------------------------------------
10:26:58 : SCANNING : SCHNEIDER
circuit : -1.26%  2021-12-21T10:25:00+0530
adx : 21.84  aroonosc : 7.14
-----------------------------------------------
10:26:59 : SCANNING : SCI
circuit : 1.68%  2021-12-21T10:25:00+0530
adx : 20.74  aroonosc : 71.43
-----------------------------------------------
10:26:59 : SCANNING : SEQUENT
circuit : 0.06%  2021-12-21T10:25:00+0530
adx : 22.25  aroonosc : 57.14
-----------------------------------------------
10:26:59 : SCANNING : SFL
circuit : 1.0%  2021-12-21T10:25:00+0530
adx : 28.8  aroonosc : 14.29
-----------------------------------------------
10:27:00 : SCANNING : SHARDACROP
circuit : -2.77%  2021-12-21T10:25:00+0530
adx : 29.73  aroonosc : 0.0
-----------------------------------------------
10:27:00 : SCANNING : SHILPAMED
circuit : 2.39%  2021-12-21T10:25:00+0530
adx : 45.68  aroonosc : 100.0
-----------------------------------------------
10:27:01 : SCANNING : SHOPERSTOP
circuit : 1.45%  2021-12-21T10:25:00+0530
adx : 15.55  aroonosc : 0.0
-----------------------------------------------
10:27:01 : SCANNING : SHREECEM
circuit : 1.79%  2021-12-21T10:25:00+0530
adx : 41.18  aroonosc : 85.71
-----------------------------------------------
10:27:01 : SCANNING : SHRIRAMCIT
circuit : -2.54%  2021-12-21T10:25:00+0530
adx : 14.65  aroonosc : -35.71
-----------------------------------------------
10:27:02 : SCANNING : SIEMENS
circuit : 0.45%  2021-12-21T10:25:00+0530
adx : 24.33  aroonosc : 14.29
-----------------------------------------------
10:27:02 : SCANNING : SIS
circuit : 0.49%  2021-12-21T10:25:00+0530
adx : 43.47  aroonosc : 42.86
-----------------------------------------------
10:27:03 : SCANNING : SJVN
circuit : 0.72%  2021-12-21T10:25:00+0530
adx : 28.32  aroonosc : 14.29
-----------------------------------------------
10:27:03 : SCANNING : SKFINDIA
circuit : 0.03%  2021-12-21T10:25:00+0530
adx : 14.66  aroonosc : -42.86
-----------------------------------------------
10:27:03 : SCANNING : SOBHA
circuit : 0.82%  2021-12-21T10:25:00+0530
adx : 22.46  aroonosc : -21.43
-----------------------------------------------
10:27:04 : SCANNING : SOLARA
circuit : -0.01%  2021-12-21T10:25:00+0530
adx : 24.04  aroonosc : -100.0
-----------------------------------------------
10:27:04 : SCANNING : SOLARINDS
circuit : 0.01%  2021-12-21T10:25:00+0530
adx : 17.33  aroonosc : 0.0
-----------------------------------------------
10:27:04 : SCANNING : SONATSOFTW
circuit : 2.63%  2021-12-21T10:25:00+0530
adx : 32.97  aroonosc : 64.29
-----------------------------------------------
10:27:05 : SCANNING : SPANDANA
circuit : 0.34%  2021-12-21T10:25:00+0530
adx : 27.12  aroonosc : 35.71
-----------------------------------------------
10:27:05 : SCANNING : SPARC
circuit : 1.98%  2021-12-21T10:25:00+0530
adx : 14.72  aroonosc : 71.43
-----------------------------------------------
10:27:06 : SCANNING : SPICEJET
circuit : 0.23%  2021-12-21T10:25:00+0530
adx : 29.06  aroonosc : 64.29
-----------------------------------------------
10:27:06 : SCANNING : SRF
circuit : 1.43%  2021-12-21T10:25:00+0530
adx : 31.35  aroonosc : 35.71
-----------------------------------------------
10:27:06 : SCANNING : SRTRANSFIN
circuit : -2.39%  2021-12-21T10:25:00+0530
adx : 20.4  aroonosc : -85.71
-----------------------------------------------
10:27:07 : SCANNING : STAR
circuit : -0.13%  2021-12-21T10:25:00+0530
adx : 15.75  aroonosc : -28.57
-----------------------------------------------
10:27:07 : SCANNING : STARCEMENT
circuit : 0.64%  2021-12-21T10:25:00+0530
adx : 22.83  aroonosc : -35.71
-----------------------------------------------
10:27:07 : SCANNING : STLTECH
circuit : 1.04%  2021-12-21T10:25:00+0530
adx : 31.24  aroonosc : 7.14
-----------------------------------------------
10:27:08 : SCANNING : SUDARSCHEM
circuit : 1.77%  2021-12-21T10:25:00+0530
adx : 33.67  aroonosc : 100.0
-----------------------------------------------
10:27:08 : SCANNING : SUMICHEM
circuit : 1.33%  2021-12-21T10:25:00+0530
adx : 21.3  aroonosc : 100.0
-----------------------------------------------
10:27:08 : SCANNING : SUNCLAYLTD
circuit : 1.29%  2021-12-21T10:25:00+0530
adx : 15.26  aroonosc : -35.71
-----------------------------------------------
10:27:09 : SCANNING : SUNDARMFIN
circuit : -0.55%  2021-12-21T10:25:00+0530
adx : 21.54  aroonosc : -50.0
-----------------------------------------------
10:27:09 : SCANNING : SUNDRMFAST
circuit : -2.31%  2021-12-21T10:25:00+0530
adx : 24.52  aroonosc : -21.43
-----------------------------------------------
10:27:10 : SCANNING : SUNPHARMA
circuit : 2.13%  2021-12-21T10:25:00+0530
adx : 40.97  aroonosc : 78.57
-----------------------------------------------
10:27:10 : SCANNING : SUNTECK
circuit : 1.59%  2021-12-21T10:25:00+0530
adx : 33.48  aroonosc : 57.14
-----------------------------------------------
10:27:11 : SCANNING : SUNTV
circuit : -0.01%  2021-12-21T10:25:00+0530
adx : 28.78  aroonosc : 64.29
-----------------------------------------------
10:27:11 : SCANNING : SUPPETRO
circuit : 1.41%  2021-12-21T10:25:00+0530
adx : 32.23  aroonosc : 64.29
-----------------------------------------------
10:27:11 : SCANNING : SUPRAJIT
circuit : 1.29%  2021-12-21T10:25:00+0530
adx : 35.59  aroonosc : -28.57
-----------------------------------------------
10:27:12 : SCANNING : SUPREMEIND
circuit : 4.61%  2021-12-21T10:25:00+0530
adx : 60.91  aroonosc : 0.0
-----------------------------------------------
10:27:12 : SCANNING : SUVENPHAR
circuit : 1.22%  2021-12-21T10:25:00+0530
adx : 17.76  aroonosc : 7.14
-----------------------------------------------
10:27:13 : SCANNING : SUZLON
circuit : 2.05%  2021-12-21T10:25:00+0530
adx : 43.84  aroonosc : 100.0
-----------------------------------------------
10:27:13 : SCANNING : SWANENERGY
circuit : 3.3%  2021-12-21T10:25:00+0530
adx : 34.89  aroonosc : 0.0
-----------------------------------------------
10:27:13 : SCANNING : SWSOLAR
circuit : 0.24%  2021-12-21T10:25:00+0530
adx : 18.65  aroonosc : 7.14
-----------------------------------------------
10:27:14 : SCANNING : SYMPHONY
circuit : 0.65%  2021-12-21T10:25:00+0530
adx : 39.98  aroonosc : 0.0
-----------------------------------------------
10:27:14 : SCANNING : SYNGENE
circuit : 0.17%  2021-12-21T10:25:00+0530
adx : 31.38  aroonosc : 0.0
-----------------------------------------------
10:27:14 : SCANNING : TASTYBITE
circuit : -1.6%  2021-12-21T10:25:00+0530
adx : 31.91  aroonosc : -71.43
-----------------------------------------------
10:27:15 : SCANNING : TATACHEM
circuit : 1.56%  2021-12-21T10:25:00+0530
adx : 33.11  aroonosc : 78.57
-----------------------------------------------
10:27:15 : SCANNING : TATACOFFEE
circuit : 1.53%  2021-12-21T10:25:00+0530
adx : 26.87  aroonosc : 92.86
-----------------------------------------------
10:27:16 : SCANNING : TATACOMM
circuit : -0.19%  2021-12-21T10:25:00+0530
adx : 18.49  aroonosc : -14.29
-----------------------------------------------
10:27:16 : SCANNING : TATACONSUM
circuit : 1.46%  2021-12-21T10:25:00+0530
adx : 44.02  aroonosc : 14.29
-----------------------------------------------
10:27:16 : SCANNING : TATAELXSI
circuit : 0.27%  2021-12-21T10:25:00+0530
adx : 12.32  aroonosc : -21.43
-----------------------------------------------
10:27:17 : SCANNING : TATAINVEST
circuit : 0.21%  2021-12-21T10:25:00+0530
adx : 33.36  aroonosc : -14.29
-----------------------------------------------
10:27:17 : SCANNING : TATAMOTORS
circuit : 1.01%  2021-12-21T10:25:00+0530
adx : 25.15  aroonosc : 14.29
-----------------------------------------------
10:27:17 : SCANNING : TATAPOWER
circuit : 0.68%  2021-12-21T10:25:00+0530
adx : 37.93  aroonosc : 7.14
-----------------------------------------------
10:27:18 : SCANNING : TATASTEEL
circuit : 1.75%  2021-12-21T10:25:00+0530
adx : 44.14  aroonosc : 78.57
-----------------------------------------------
10:27:18 : SCANNING : TCIEXP
circuit : 1.92%  2021-12-21T10:25:00+0530
adx : 14.35  aroonosc : 100.0
-----------------------------------------------
10:27:19 : SCANNING : TCNSBRANDS
circuit : 2.51%  2021-12-21T10:25:00+0530
adx : 21.25  aroonosc : 0.0
-----------------------------------------------
10:27:19 : SCANNING : TCS
circuit : 1.4%  2021-12-21T10:25:00+0530
adx : 44.75  aroonosc : 78.57
-----------------------------------------------
10:27:19 : SCANNING : TEAMLEASE
circuit : 0.31%  2021-12-21T10:25:00+0530
adx : 13.93  aroonosc : 0.0
-----------------------------------------------
10:27:20 : SCANNING : TECHM
circuit : 1.78%  2021-12-21T10:25:00+0530
adx : 34.08  aroonosc : 50.0
-----------------------------------------------
10:27:20 : SCANNING : THERMAX
circuit : 1.64%  2021-12-21T10:25:00+0530
adx : 34.34  aroonosc : 92.86
-----------------------------------------------
10:27:20 : SCANNING : THYROCARE
circuit : -0.92%  2021-12-21T10:25:00+0530
adx : 15.52  aroonosc : -100.0
-----------------------------------------------
10:27:21 : SCANNING : TIINDIA
circuit : -0.49%  2021-12-21T10:25:00+0530
adx : 26.49  aroonosc : -42.86
-----------------------------------------------
10:27:21 : SCANNING : TIMKEN
circuit : 2.16%  2021-12-21T10:25:00+0530
adx : 36.14  aroonosc : 100.0
-----------------------------------------------
10:27:23 : SCANNING : TITAN
circuit : 1.84%  2021-12-21T10:25:00+0530
adx : 37.21  aroonosc : 21.43
-----------------------------------------------
10:27:23 : SCANNING : TORNTPHARM
circuit : 2.45%  2021-12-21T10:25:00+0530
adx : 27.94  aroonosc : 92.86
-----------------------------------------------
10:27:24 : SCANNING : TORNTPOWER
circuit : 0.25%  2021-12-21T10:25:00+0530
adx : 29.43  aroonosc : 14.29
-----------------------------------------------
10:27:24 : SCANNING : TRENT
circuit : -0.4%  2021-12-21T10:25:00+0530
adx : 22.93  aroonosc : 0.0
-----------------------------------------------
10:27:24 : SCANNING : TRIDENT
circuit : 5.54%  2021-12-21T10:25:00+0530
adx : 16.64  aroonosc : 64.29
-----------------------------------------------
10:27:25 : SCANNING : TRITURBINE
circuit : -0.71%  2021-12-21T10:25:00+0530
adx : 53.29  aroonosc : -28.57
-----------------------------------------------
10:27:25 : SCANNING : TTKPRESTIG
circuit : 2.46%  2021-12-21T10:25:00+0530
adx : 25.81  aroonosc : 7.14
-----------------------------------------------
10:27:25 : SCANNING : TV18BRDCST
circuit : -0.34%  2021-12-21T10:25:00+0530
adx : 11.82  aroonosc : 14.29
-----------------------------------------------
10:27:26 : SCANNING : TVSMOTOR
circuit : 1.21%  2021-12-21T10:25:00+0530
adx : 43.25  aroonosc : 57.14
-----------------------------------------------
10:27:26 : SCANNING : UBL
circuit : 2.29%  2021-12-21T10:25:00+0530
adx : 29.73  aroonosc : 78.57
-----------------------------------------------
10:27:26 : SCANNING : UCOBANK
circuit : 1.18%  2021-12-21T10:25:00+0530
adx : 46.96  aroonosc : 14.29
-----------------------------------------------
10:27:27 : SCANNING : UFLEX
circuit : -1.37%  2021-12-21T10:25:00+0530
adx : 35.37  aroonosc : -35.71
-----------------------------------------------
10:27:27 : SCANNING : UJJIVAN
-----------------------------------------------
10:27:27 : SCANNING : UJJIVANSFB
-----------------------------------------------
10:27:28 : SCANNING : ULTRACEMCO
circuit : 0.71%  2021-12-21T10:25:00+0530
adx : 28.37  aroonosc : 57.14
-----------------------------------------------
10:27:28 : SCANNING : UNIONBANK
circuit : 1.18%  2021-12-21T10:25:00+0530
adx : 11.79  aroonosc : 14.29
-----------------------------------------------
10:27:29 : SCANNING : UPL
circuit : 1.32%  2021-12-21T10:25:00+0530
adx : 39.07  aroonosc : 57.14
-----------------------------------------------
10:27:29 : SCANNING : UTIAMC
circuit : 1.64%  2021-12-21T10:25:00+0530
adx : 16.22  aroonosc : 7.14
-----------------------------------------------
10:27:29 : SCANNING : VAIBHAVGBL
circuit : -0.18%  2021-12-21T10:25:00+0530
adx : 17.56  aroonosc : -28.57
-----------------------------------------------
10:27:30 : SCANNING : VAKRANGEE
circuit : 1.55%  2021-12-21T10:25:00+0530
adx : 27.69  aroonosc : 71.43
-----------------------------------------------
10:27:30 : SCANNING : VALIANTORG
circuit : 0.8%  2021-12-21T10:25:00+0530
adx : 12.57  aroonosc : 100.0
-----------------------------------------------
10:27:30 : SCANNING : VARROC
circuit : 2.67%  2021-12-21T10:25:00+0530
adx : 21.92  aroonosc : 100.0
-----------------------------------------------
10:27:31 : SCANNING : VBL
circuit : 0.6%  2021-12-21T10:25:00+0530
adx : 15.8  aroonosc : 7.14
-----------------------------------------------
10:27:31 : SCANNING : VEDL
circuit : 1.28%  2021-12-21T10:25:00+0530
adx : 51.46  aroonosc : 85.71
-----------------------------------------------
10:27:32 : SCANNING : VENKEYS
circuit : -0.28%  2021-12-21T10:25:00+0530
adx : 27.96  aroonosc : -21.43
-----------------------------------------------
10:27:32 : SCANNING : VGUARD
circuit : 0.22%  2021-12-21T10:25:00+0530
adx : 15.25  aroonosc : -21.43
-----------------------------------------------
10:27:32 : SCANNING : VINATIORGA
circuit : -2.93%  2021-12-21T10:25:00+0530
adx : 21.78  aroonosc : -78.57
-----------------------------------------------
10:27:33 : SCANNING : VIPIND
circuit : 3.33%  2021-12-21T10:25:00+0530
adx : 23.56  aroonosc : 100.0
-----------------------------------------------
10:27:33 : SCANNING : VMART
circuit : -1.01%  2021-12-21T10:25:00+0530
adx : 25.93  aroonosc : -35.71
-----------------------------------------------
10:27:33 : SCANNING : VOLTAS
circuit : 0.89%  2021-12-21T10:25:00+0530
adx : 38.02  aroonosc : 64.29
-----------------------------------------------
10:27:34 : SCANNING : VSTIND
circuit : 0.08%  2021-12-21T10:25:00+0530
adx : 19.1  aroonosc : 0.0
-----------------------------------------------
10:27:34 : SCANNING : VTL
circuit : 5.64%  2021-12-21T10:25:00+0530
adx : 44.48  aroonosc : 57.14
-----------------------------------------------
10:27:34 : SCANNING : WABCOINDIA
circuit : 0.7%  2021-12-21T10:25:00+0530
adx : 11.35  aroonosc : 0.0
-----------------------------------------------
10:27:35 : SCANNING : WELCORP
circuit : 3.66%  2021-12-21T10:25:00+0530
adx : 42.44  aroonosc : 57.14
-----------------------------------------------
10:27:35 : SCANNING : WELSPUNIND
circuit : 1.32%  2021-12-21T10:25:00+0530
adx : 23.16  aroonosc : 7.14
-----------------------------------------------
10:27:35 : SCANNING : WESTLIFE
circuit : 0.18%  2021-12-21T10:25:00+0530
adx : 22.39  aroonosc : -21.43
-----------------------------------------------
10:27:36 : SCANNING : WHIRLPOOL
circuit : 0.77%  2021-12-21T10:25:00+0530
adx : 20.44  aroonosc : 57.14
-----------------------------------------------
10:27:36 : SCANNING : WIPRO
circuit : 1.57%  2021-12-21T10:25:00+0530
adx : 54.41  aroonosc : 85.71
-----------------------------------------------
10:27:37 : SCANNING : WOCKPHARMA
circuit : 0.48%  2021-12-21T10:25:00+0530
adx : 24.72  aroonosc : -28.57
-----------------------------------------------
10:27:37 : SCANNING : YESBANK
-----------------------------------------------
10:27:37 : SCANNING : ZEEL
circuit : 2.07%  2021-12-21T10:25:00+0530
adx : 25.6  aroonosc : 57.14
-----------------------------------------------
10:27:38 : SCANNING : ZENSARTECH
circuit : 3.64%  2021-12-21T10:25:00+0530
adx : 41.82  aroonosc : 64.29
-----------------------------------------------
10:27:38 : SCANNING : ZYDUSWELL
circuit : -1.06%  2021-12-21T10:25:00+0530
adx : 36.66  aroonosc : -35.71
-----------------------------------------------
10:27:39 : SCANNING : PAYTM
circuit : 1.78%  2021-12-21T10:25:00+0530
adx : 27.82  aroonosc : 14.29
-----------------------------------------------
===================================================
10:27:39 : END
===================================================
Start Time     : 2021-12-21 10:24:01.999192
End Time       : 2021-12-21 10:27:39.299269
Time Taken     : 3.0
===================================================
