===================================================
10:26:02 : START
===================================================
10:26:02 : PROCESSING INSTRUMENTS SYMBOLS
-----------------------------------------------
10:26:03 : SCANNING : 3MINDIA
circuit : -0.34%  2021-12-21T10:25:00+0530
adx : 27.4  aroonosc : 0.0
-----------------------------------------------
10:26:03 : SCANNING : AARTIDRUGS
circuit : 0.45%  2021-12-21T10:25:00+0530
adx : 12.06  aroonosc : 92.86
-----------------------------------------------
10:26:04 : SCANNING : AARTIIND
circuit : 1.2%  2021-12-21T10:25:00+0530
adx : 32.98  aroonosc : 0.0
-----------------------------------------------
10:26:04 : SCANNING : AAVAS
circuit : -0.41%  2021-12-21T10:25:00+0530
adx : 48.47  aroonosc : -7.14
-----------------------------------------------
10:26:04 : SCANNING : ABB
circuit : 0.04%  2021-12-21T10:25:00+0530
adx : 18.72  aroonosc : -28.57
-----------------------------------------------
10:26:05 : SCANNING : ABBOTINDIA
circuit : -0.22%  2021-12-21T10:25:00+0530
adx : 30.91  aroonosc : -35.71
-----------------------------------------------
10:26:05 : SCANNING : ABCAPITAL
circuit : 2.9%  2021-12-21T10:25:00+0530
adx : 30.2  aroonosc : 57.14
-----------------------------------------------
10:26:06 : SCANNING : ABFRL
circuit : 2.72%  2021-12-21T10:25:00+0530
adx : 44.19  aroonosc : 64.29
-----------------------------------------------
10:26:06 : SCANNING : ACC
circuit : 1.27%  2021-12-21T10:25:00+0530
adx : 42.98  aroonosc : 92.86
-----------------------------------------------
10:26:07 : SCANNING : ADANIENT
circuit : 0.72%  2021-12-21T10:25:00+0530
adx : 36.32  aroonosc : 64.29
-----------------------------------------------
10:26:08 : SCANNING : ADANIGREEN
circuit : 0.22%  2021-12-21T10:25:00+0530
adx : 24.88  aroonosc : -28.57
-----------------------------------------------
10:26:09 : SCANNING : ADANIPORTS
circuit : -0.45%  2021-12-21T10:25:00+0530
adx : 24.89  aroonosc : -14.29
-----------------------------------------------
10:26:12 : SCANNING : ADVENZYMES
circuit : 1.41%  2021-12-21T10:25:00+0530
adx : 24.78  aroonosc : 71.43
-----------------------------------------------
10:26:13 : SCANNING : AEGISCHEM
circuit : -2.24%  2021-12-21T10:25:00+0530
adx : 43.4  aroonosc : -35.71
-----------------------------------------------
10:26:14 : SCANNING : AFFLE
circuit : 1.33%  2021-12-21T10:25:00+0530
adx : 17.11  aroonosc : 7.14
-----------------------------------------------
10:26:14 : SCANNING : AIAENG
circuit : -0.64%  2021-12-21T10:25:00+0530
adx : 13.61  aroonosc : -35.71
-----------------------------------------------
10:26:15 : SCANNING : AJANTPHARM
circuit : -0.56%  2021-12-21T10:25:00+0530
adx : 17.21  aroonosc : -28.57
-----------------------------------------------
10:26:15 : SCANNING : AKZOINDIA
circuit : -1.29%  2021-12-21T10:25:00+0530
adx : 30.81  aroonosc : -78.57
-----------------------------------------------
10:26:16 : SCANNING : ALEMBICLTD
circuit : -0.67%  2021-12-21T10:25:00+0530
adx : 13.76  aroonosc : -21.43
-----------------------------------------------
10:26:16 : SCANNING : ALKEM
circuit : 0.18%  2021-12-21T10:25:00+0530
adx : 12.6  aroonosc : 28.57
-----------------------------------------------
10:26:16 : SCANNING : ALKYLAMINE
circuit : -1.76%  2021-12-21T10:25:00+0530
adx : 42.33  aroonosc : -57.14
-----------------------------------------------
10:26:17 : SCANNING : ALOKINDS
circuit : 1.32%  2021-12-21T10:25:00+0530
adx : 43.73  aroonosc : 14.29
-----------------------------------------------
10:26:17 : SCANNING : AMARAJABAT
circuit : 0.11%  2021-12-21T10:25:00+0530
adx : 32.78  aroonosc : -21.43
-----------------------------------------------
10:26:18 : SCANNING : AMBER
circuit : 3.18%  2021-12-21T10:25:00+0530
adx : 41.58  aroonosc : 92.86
-----------------------------------------------
10:26:18 : SCANNING : AMBUJACEM
circuit : 2.17%  2021-12-21T10:25:00+0530
adx : 41.03  aroonosc : 100.0
-----------------------------------------------
10:26:19 : SCANNING : ANGELBRKG
circuit : 2.88%  2021-12-21T10:25:00+0530
adx : 41.96  aroonosc : 100.0
-----------------------------------------------
10:26:19 : SCANNING : APLAPOLLO
circuit : 1.96%  2021-12-21T10:25:00+0530
adx : 15.59  aroonosc : 7.14
-----------------------------------------------
10:26:20 : SCANNING : APLLTD
circuit : -1.11%  2021-12-21T10:25:00+0530
adx : 50.39  aroonosc : -14.29
-----------------------------------------------
10:26:20 : SCANNING : APOLLOHOSP
circuit : -0.34%  2021-12-21T10:25:00+0530
adx : 30.47  aroonosc : -35.71
-----------------------------------------------
10:26:21 : SCANNING : APOLLOTYRE
circuit : 0.49%  2021-12-21T10:25:00+0530
adx : 19.9  aroonosc : -14.29
-----------------------------------------------
10:26:21 : SCANNING : ASAHIINDIA
circuit : -1.61%  2021-12-21T10:25:00+0530
adx : 33.09  aroonosc : -35.71
-----------------------------------------------
10:26:22 : SCANNING : ASHOKA
circuit : 0.44%  2021-12-21T10:25:00+0530
adx : 25.55  aroonosc : -78.57
-----------------------------------------------
10:26:22 : SCANNING : ASHOKLEY
circuit : 2.17%  2021-12-21T10:25:00+0530
adx : 39.33  aroonosc : 85.71
-----------------------------------------------
10:26:23 : SCANNING : ASIANPAINT
circuit : 0.63%  2021-12-21T10:25:00+0530
adx : 36.08  aroonosc : -21.43
-----------------------------------------------
10:26:23 : SCANNING : ASTERDM
circuit : -0.88%  2021-12-21T10:25:00+0530
adx : 40.0  aroonosc : -35.71
-----------------------------------------------
10:26:24 : SCANNING : ASTRAL
circuit : -1.73%  2021-12-21T10:25:00+0530
adx : 19.46  aroonosc : -21.43
-----------------------------------------------
10:26:25 : SCANNING : ASTRAZEN
circuit : 0.06%  2021-12-21T10:25:00+0530
adx : 34.85  aroonosc : 78.57
-----------------------------------------------
10:26:25 : SCANNING : ATUL
circuit : 0.12%  2021-12-21T10:25:00+0530
adx : 18.52  aroonosc : 85.71
-----------------------------------------------
10:26:25 : SCANNING : AUBANK
circuit : 3.88%  2021-12-21T10:25:00+0530
adx : 43.73  aroonosc : 92.86
-----------------------------------------------
10:26:26 : SCANNING : AUROPHARMA
circuit : -0.22%  2021-12-21T10:25:00+0530
adx : 19.36  aroonosc : -28.57
-----------------------------------------------
10:26:26 : SCANNING : AVANTIFEED
circuit : -0.3%  2021-12-21T10:25:00+0530
adx : 41.45  aroonosc : -28.57
-----------------------------------------------
10:26:27 : SCANNING : AXISBANK
circuit : -1.13%  2021-12-21T10:25:00+0530
adx : 21.33  aroonosc : -21.43
-----------------------------------------------
10:26:27 : SCANNING : BAJAJ-AUTO
circuit : 0.95%  2021-12-21T10:25:00+0530
adx : 49.48  aroonosc : 100.0
-----------------------------------------------
10:26:28 : SCANNING : BAJAJCON
circuit : 0.3%  2021-12-21T10:25:00+0530
adx : 24.59  aroonosc : 57.14
-----------------------------------------------
10:26:28 : SCANNING : BAJAJELEC
circuit : -1.21%  2021-12-21T10:25:00+0530
adx : 19.17  aroonosc : -92.86
-----------------------------------------------
10:26:29 : SCANNING : BAJAJFINSV
circuit : -0.8%  2021-12-21T10:25:00+0530
adx : 39.44  aroonosc : -28.57
-----------------------------------------------
10:26:30 : SCANNING : BAJAJHLDNG
circuit : 0.29%  2021-12-21T10:25:00+0530
adx : 15.37  aroonosc : 0.0
-----------------------------------------------
10:26:30 : SCANNING : BAJFINANCE
circuit : 0.06%  2021-12-21T10:25:00+0530
adx : 31.45  aroonosc : -7.14
-----------------------------------------------
10:26:31 : SCANNING : BALAMINES
circuit : -0.02%  2021-12-21T10:25:00+0530
adx : 14.86  aroonosc : -50.0
-----------------------------------------------
10:26:32 : SCANNING : BALKRISIND
circuit : -1.02%  2021-12-21T10:25:00+0530
adx : 15.61  aroonosc : 0.0
-----------------------------------------------
10:26:32 : SCANNING : BALMLAWRIE
circuit : 0.97%  2021-12-21T10:25:00+0530
adx : 26.76  aroonosc : 0.0
-----------------------------------------------
10:26:33 : SCANNING : BALRAMCHIN
circuit : 1.99%  2021-12-21T10:25:00+0530
adx : 45.16  aroonosc : 78.57
-----------------------------------------------
10:26:33 : SCANNING : BANDHANBNK
circuit : 0.28%  2021-12-21T10:25:00+0530
adx : 24.37  aroonosc : 14.29
-----------------------------------------------
10:26:33 : SCANNING : BANKBARODA
circuit : 0.87%  2021-12-21T10:25:00+0530
adx : 17.27  aroonosc : 14.29
-----------------------------------------------
10:26:34 : SCANNING : BANKINDIA
circuit : 1.39%  2021-12-21T10:25:00+0530
adx : 42.83  aroonosc : 7.14
-----------------------------------------------
10:26:35 : SCANNING : BASF
circuit : 0.72%  2021-12-21T10:25:00+0530
adx : 49.6  aroonosc : 0.0
-----------------------------------------------
10:26:36 : SCANNING : BATAINDIA
circuit : 1.09%  2021-12-21T10:25:00+0530
adx : 30.3  aroonosc : 21.43
-----------------------------------------------
10:26:36 : SCANNING : BAYERCROP
circuit : -1.39%  2021-12-21T10:25:00+0530
adx : 26.94  aroonosc : -85.71
-----------------------------------------------
10:26:37 : SCANNING : BBTC
circuit : 0.1%  2021-12-21T10:25:00+0530
adx : 22.84  aroonosc : -35.71
-----------------------------------------------
10:26:38 : SCANNING : BDL
circuit : 1.9%  2021-12-21T10:25:00+0530
adx : 32.36  aroonosc : 0.0
-----------------------------------------------
10:26:38 : SCANNING : BEL
circuit : 1.41%  2021-12-21T10:25:00+0530
adx : 34.5  aroonosc : 14.29
-----------------------------------------------
10:26:39 : SCANNING : BEML
circuit : 2.61%  2021-12-21T10:25:00+0530
adx : 49.7  aroonosc : 14.29
-----------------------------------------------
10:26:39 : SCANNING : BERGEPAINT
circuit : 0.61%  2021-12-21T10:25:00+0530
adx : 35.64  aroonosc : 14.29
-----------------------------------------------
10:26:40 : SCANNING : BHARATFORG
circuit : 1.21%  2021-12-21T10:25:00+0530
adx : 23.46  aroonosc : 92.86
-----------------------------------------------
10:26:40 : SCANNING : BHARATRAS
circuit : 2.12%  2021-12-21T10:25:00+0530
adx : 43.8  aroonosc : 7.14
-----------------------------------------------
10:26:41 : SCANNING : BHARTIARTL
circuit : 0.07%  2021-12-21T10:25:00+0530
adx : 35.71  aroonosc : 14.29
-----------------------------------------------
10:26:41 : SCANNING : BHEL
circuit : 0.95%  2021-12-21T10:25:00+0530
adx : 18.22  aroonosc : -21.43
-----------------------------------------------
10:26:42 : SCANNING : BIOCON
circuit : 0.74%  2021-12-21T10:25:00+0530
adx : 11.92  aroonosc : 92.86
-----------------------------------------------
10:26:42 : SCANNING : BIRLACORPN
circuit : 1.41%  2021-12-21T10:25:00+0530
adx : 16.05  aroonosc : 78.57
-----------------------------------------------
10:26:43 : SCANNING : BLISSGVS
circuit : 1.05%  2021-12-21T10:25:00+0530
adx : 21.95  aroonosc : 14.29
-----------------------------------------------
10:26:43 : SCANNING : BLUEDART
circuit : 2.37%  2021-12-21T10:25:00+0530
adx : 43.79  aroonosc : 71.43
-----------------------------------------------
10:26:44 : SCANNING : BLUESTARCO
circuit : -0.95%  2021-12-21T10:25:00+0530
adx : 26.4  aroonosc : -42.86
-----------------------------------------------
10:26:45 : SCANNING : BOSCHLTD
circuit : 3.17%  2021-12-21T10:25:00+0530
adx : 51.54  aroonosc : 64.29
-----------------------------------------------
10:26:45 : SCANNING : BPCL
circuit : -0.74%  2021-12-21T10:25:00+0530
adx : 20.1  aroonosc : -35.71
-----------------------------------------------
10:26:46 : SCANNING : BRIGADE
circuit : 2.29%  2021-12-21T10:25:00+0530
adx : 33.0  aroonosc : 85.71
-----------------------------------------------
10:26:47 : SCANNING : BRITANNIA
circuit : 0.91%  2021-12-21T10:25:00+0530
adx : 25.65  aroonosc : 85.71
-----------------------------------------------
10:26:48 : SCANNING : BSE
circuit : -0.91%  2021-12-21T10:25:00+0530
adx : 16.22  aroonosc : -92.86
-----------------------------------------------
10:26:48 : SCANNING : BSOFT
circuit : -0.2%  2021-12-21T10:25:00+0530
adx : 23.83  aroonosc : 7.14
-----------------------------------------------
10:26:48 : SCANNING : BURGERKING
circuit : 0.97%  2021-12-21T10:25:00+0530
adx : 29.2  aroonosc : 14.29
-----------------------------------------------
10:26:49 : SCANNING : CADILAHC
circuit : 1.05%  2021-12-21T10:25:00+0530
adx : 36.02  aroonosc : 92.86
-----------------------------------------------
10:26:50 : SCANNING : CAMS
circuit : -0.27%  2021-12-21T10:25:00+0530
adx : 28.98  aroonosc : -14.29
-----------------------------------------------
10:26:50 : SCANNING : CANBK
circuit : 0.13%  2021-12-21T10:25:00+0530
adx : 26.42  aroonosc : 14.29
-----------------------------------------------
10:26:51 : SCANNING : CANFINHOME
circuit : 0.55%  2021-12-21T10:25:00+0530
adx : 21.53  aroonosc : 7.14
-----------------------------------------------
10:26:51 : SCANNING : CAPLIPOINT
circuit : 0.72%  2021-12-21T10:25:00+0530
adx : 29.15  aroonosc : 7.14
-----------------------------------------------
10:26:52 : SCANNING : CARBORUNIV
circuit : 2.34%  2021-12-21T10:25:00+0530
adx : 18.08  aroonosc : 100.0
-----------------------------------------------
10:26:52 : SCANNING : CASTROLIND
circuit : -0.77%  2021-12-21T10:25:00+0530
adx : 17.59  aroonosc : -35.71
-----------------------------------------------
10:26:52 : SCANNING : CCL
circuit : 1.77%  2021-12-21T10:25:00+0530
adx : 34.54  aroonosc : 14.29
-----------------------------------------------
10:26:53 : SCANNING : CEATLTD
circuit : -0.03%  2021-12-21T10:25:00+0530
adx : 17.83  aroonosc : 7.14
-----------------------------------------------
10:26:53 : SCANNING : CENTRALBK
circuit : 1.66%  2021-12-21T10:25:00+0530
adx : 39.32  aroonosc : 14.29
-----------------------------------------------
10:26:54 : SCANNING : CENTURYPLY
circuit : 1.1%  2021-12-21T10:25:00+0530
adx : 15.08  aroonosc : 7.14
-----------------------------------------------
10:26:54 : SCANNING : CENTURYTEX
circuit : 3.17%  2021-12-21T10:25:00+0530
adx : 24.75  aroonosc : 100.0
-----------------------------------------------
10:26:55 : SCANNING : CERA
circuit : 3.99%  2021-12-21T10:25:00+0530
adx : 35.43  aroonosc : 85.71
-----------------------------------------------
10:26:55 : SCANNING : CESC
circuit : 1.4%  2021-12-21T10:25:00+0530
adx : 36.24  aroonosc : 78.57
-----------------------------------------------
10:26:56 : SCANNING : CGCL
circuit : -0.2%  2021-12-21T10:25:00+0530
adx : 27.85  aroonosc : -78.57
-----------------------------------------------
10:26:56 : SCANNING : CHALET
circuit : 0.11%  2021-12-21T10:25:00+0530
adx : 10.27  aroonosc : -14.29
-----------------------------------------------
10:26:56 : SCANNING : CHAMBLFERT
circuit : 0.32%  2021-12-21T10:25:00+0530
adx : 25.12  aroonosc : -21.43
-----------------------------------------------
10:26:57 : SCANNING : CHOLAFIN
circuit : 1.73%  2021-12-21T10:25:00+0530
adx : 33.14  aroonosc : 92.86
-----------------------------------------------
10:26:57 : SCANNING : CHOLAHLDNG
circuit : 0.45%  2021-12-21T10:25:00+0530
adx : 18.55  aroonosc : -21.43
-----------------------------------------------
10:26:57 : SCANNING : CIPLA
circuit : -0.27%  2021-12-21T10:25:00+0530
adx : 17.19  aroonosc : 7.14
-----------------------------------------------
10:26:58 : SCANNING : COALINDIA
circuit : 1.66%  2021-12-21T10:25:00+0530
adx : 42.24  aroonosc : 100.0
-----------------------------------------------
10:26:58 : SCANNING : COCHINSHIP
circuit : 1.3%  2021-12-21T10:25:00+0530
adx : 21.58  aroonosc : 7.14
-----------------------------------------------
10:26:59 : SCANNING : COFORGE
circuit : 2.02%  2021-12-21T10:25:00+0530
adx : 41.43  aroonosc : 50.0
-----------------------------------------------
10:26:59 : SCANNING : COLPAL
circuit : 1.52%  2021-12-21T10:25:00+0530
adx : 42.77  aroonosc : 57.14
-----------------------------------------------
10:26:59 : SCANNING : CONCOR
circuit : -0.38%  2021-12-21T10:25:00+0530
adx : 15.89  aroonosc : 21.43
-----------------------------------------------
10:27:00 : SCANNING : COROMANDEL
circuit : 0.36%  2021-12-21T10:25:00+0530
adx : 11.85  aroonosc : -21.43
-----------------------------------------------
10:27:00 : SCANNING : CREDITACC
circuit : -1.71%  2021-12-21T10:25:00+0530
adx : 12.86  aroonosc : 0.0
-----------------------------------------------
10:27:00 : SCANNING : CRISIL
circuit : 1.69%  2021-12-21T10:25:00+0530
adx : 30.56  aroonosc : 14.29
-----------------------------------------------
10:27:01 : SCANNING : CROMPTON
circuit : 0.7%  2021-12-21T10:25:00+0530
adx : 22.64  aroonosc : 100.0
-----------------------------------------------
10:27:01 : SCANNING : CSBBANK
circuit : 1.21%  2021-12-21T10:25:00+0530
adx : 18.79  aroonosc : 35.71
-----------------------------------------------
10:27:02 : SCANNING : CUB
circuit : 0.44%  2021-12-21T10:25:00+0530
adx : 30.84  aroonosc : -28.57
-----------------------------------------------
10:27:02 : SCANNING : CUMMINSIND
circuit : 1.12%  2021-12-21T10:25:00+0530
adx : 33.78  aroonosc : 14.29
-----------------------------------------------
10:27:02 : SCANNING : CYIENT
circuit : 0.07%  2021-12-21T10:25:00+0530
adx : 18.76  aroonosc : -21.43
-----------------------------------------------
10:27:03 : SCANNING : DABUR
circuit : 0.65%  2021-12-21T10:25:00+0530
adx : 44.64  aroonosc : 92.86
-----------------------------------------------
10:27:03 : SCANNING : DALBHARAT
circuit : 3.47%  2021-12-21T10:25:00+0530
adx : 42.78  aroonosc : 92.86
-----------------------------------------------
10:27:03 : SCANNING : DBL
circuit : -0.62%  2021-12-21T10:25:00+0530
adx : 46.49  aroonosc : -28.57
-----------------------------------------------
10:27:04 : SCANNING : DCAL
circuit : 2.45%  2021-12-21T10:25:00+0530
adx : 21.6  aroonosc : 85.71
-----------------------------------------------
10:27:04 : SCANNING : DCBBANK
circuit : 2.3%  2021-12-21T10:25:00+0530
adx : 36.53  aroonosc : 7.14
-----------------------------------------------
10:27:05 : SCANNING : DCMSHRIRAM
circuit : 1.09%  2021-12-21T10:25:00+0530
adx : 19.05  aroonosc : 78.57
-----------------------------------------------
10:27:05 : SCANNING : DEEPAKNTR
circuit : 1.38%  2021-12-21T10:25:00+0530
adx : 38.53  aroonosc : 71.43
-----------------------------------------------
10:27:06 : SCANNING : DELTACORP
circuit : 0.69%  2021-12-21T10:25:00+0530
adx : 23.48  aroonosc : 7.14
-----------------------------------------------
10:27:06 : SCANNING : DHANI
circuit : 3.47%  2021-12-21T10:25:00+0530
adx : 28.53  aroonosc : 14.29
-----------------------------------------------
10:27:06 : SCANNING : DHANUKA
circuit : -0.32%  2021-12-21T10:25:00+0530
adx : 17.36  aroonosc : -28.57
-----------------------------------------------
10:27:07 : SCANNING : DISHTV
circuit : 1.8%  2021-12-21T10:25:00+0530
adx : 41.86  aroonosc : -21.43
-----------------------------------------------
10:27:07 : SCANNING : DIVISLAB
circuit : -1.4%  2021-12-21T10:25:00+0530
adx : 22.09  aroonosc : -92.86
-----------------------------------------------
10:27:07 : SCANNING : DIXON
circuit : 1.65%  2021-12-21T10:25:00+0530
adx : 41.1  aroonosc : 7.14
-----------------------------------------------
10:27:08 : SCANNING : DLF
circuit : 1.02%  2021-12-21T10:25:00+0530
adx : 41.46  aroonosc : 100.0
-----------------------------------------------
10:27:08 : SCANNING : DMART
circuit : 0.38%  2021-12-21T10:25:00+0530
adx : 18.76  aroonosc : 0.0
-----------------------------------------------
10:27:08 : SCANNING : DRREDDY
circuit : 0.8%  2021-12-21T10:25:00+0530
adx : 27.42  aroonosc : 7.14
-----------------------------------------------
10:27:09 : SCANNING : ECLERX
circuit : 1.49%  2021-12-21T10:25:00+0530
adx : 18.67  aroonosc : 0.0
-----------------------------------------------
10:27:09 : SCANNING : EDELWEISS
circuit : 0.51%  2021-12-21T10:25:00+0530
adx : 17.87  aroonosc : -85.71
-----------------------------------------------
10:27:09 : SCANNING : EICHERMOT
circuit : -0.09%  2021-12-21T10:25:00+0530
adx : 35.32  aroonosc : -21.43
-----------------------------------------------
10:27:10 : SCANNING : EIDPARRY
circuit : 1.2%  2021-12-21T10:25:00+0530
adx : 27.39  aroonosc : -28.57
-----------------------------------------------
10:27:10 : SCANNING : EIHOTEL
circuit : 1.94%  2021-12-21T10:25:00+0530
adx : 14.36  aroonosc : 14.29
-----------------------------------------------
10:27:11 : SCANNING : ELGIEQUIP
circuit : 2.04%  2021-12-21T10:25:00+0530
adx : 36.92  aroonosc : 28.57
-----------------------------------------------
10:27:11 : SCANNING : EMAMILTD
circuit : -0.83%  2021-12-21T10:25:00+0530
adx : 39.09  aroonosc : 14.29
-----------------------------------------------
10:27:11 : SCANNING : ENDURANCE
circuit : -0.06%  2021-12-21T10:25:00+0530
adx : 23.2  aroonosc : 21.43
-----------------------------------------------
10:27:12 : SCANNING : ENGINERSIN
circuit : -0.07%  2021-12-21T10:25:00+0530
adx : 19.88  aroonosc : -21.43
-----------------------------------------------
10:27:12 : SCANNING : EPL
circuit : 1.24%  2021-12-21T10:25:00+0530
adx : 24.94  aroonosc : 71.43
-----------------------------------------------
10:27:13 : SCANNING : EQUITAS
circuit : -1.31%  2021-12-21T10:25:00+0530
adx : 27.25  aroonosc : -92.86
-----------------------------------------------
10:27:13 : SCANNING : ERIS
circuit : -0.32%  2021-12-21T10:25:00+0530
adx : 23.28  aroonosc : -28.57
-----------------------------------------------
10:27:13 : SCANNING : ESCORTS
circuit : 0.58%  2021-12-21T10:25:00+0530
adx : 27.55  aroonosc : 50.0
-----------------------------------------------
10:27:14 : SCANNING : EXIDEIND
circuit : 0.64%  2021-12-21T10:25:00+0530
adx : 45.19  aroonosc : 50.0
-----------------------------------------------
10:27:14 : SCANNING : FCONSUMER
circuit : -6.51%  2021-12-21T10:25:00+0530
adx : 36.68  aroonosc : -7.14
-----------------------------------------------
10:27:14 : SCANNING : FDC
circuit : 0.31%  2021-12-21T10:25:00+0530
adx : 18.51  aroonosc : 14.29
-----------------------------------------------
10:27:15 : SCANNING : FEDERALBNK
circuit : -0.73%  2021-12-21T10:25:00+0530
adx : 23.58  aroonosc : -21.43
-----------------------------------------------
10:27:15 : SCANNING : FINCABLES
circuit : 0.81%  2021-12-21T10:25:00+0530
adx : 11.08  aroonosc : 14.29
-----------------------------------------------
10:27:16 : SCANNING : FINEORG
circuit : 1.15%  2021-12-21T10:25:00+0530
adx : 18.28  aroonosc : 7.14
-----------------------------------------------
10:27:16 : SCANNING : FINPIPE
circuit : 3.19%  2021-12-21T10:25:00+0530
adx : 30.39  aroonosc : 100.0
-----------------------------------------------
10:27:16 : SCANNING : FLUOROCHEM
circuit : 3.29%  2021-12-21T10:25:00+0530
adx : 35.22  aroonosc : 50.0
-----------------------------------------------
10:27:17 : SCANNING : FORTIS
circuit : 3.54%  2021-12-21T10:25:00+0530
adx : 40.54  aroonosc : 100.0
-----------------------------------------------
10:27:17 : SCANNING : FRETAIL
circuit : -8.71%  2021-12-21T10:25:00+0530
adx : 45.1  aroonosc : -7.14
-----------------------------------------------
10:27:17 : SCANNING : FSL
circuit : 0.77%  2021-12-21T10:25:00+0530
adx : 13.49  aroonosc : 7.14
-----------------------------------------------
10:27:18 : SCANNING : GAEL
circuit : 1.8%  2021-12-21T10:25:00+0530
adx : 15.43  aroonosc : 78.57
-----------------------------------------------
10:27:18 : SCANNING : GAIL
circuit : 1.02%  2021-12-21T10:25:00+0530
adx : 37.41  aroonosc : 100.0
-----------------------------------------------
10:27:19 : SCANNING : GALAXYSURF
circuit : -0.63%  2021-12-21T10:25:00+0530
adx : 34.01  aroonosc : 0.0
-----------------------------------------------
10:27:19 : SCANNING : GARFIBRES
circuit : -0.59%  2021-12-21T10:25:00+0530
adx : 37.12  aroonosc : 14.29
-----------------------------------------------
10:27:19 : SCANNING : GEPIL
circuit : 1.62%  2021-12-21T10:25:00+0530
adx : 14.81  aroonosc : 14.29
-----------------------------------------------
10:27:20 : SCANNING : GESHIP
circuit : 1.54%  2021-12-21T10:25:00+0530
adx : 28.15  aroonosc : 57.14
-----------------------------------------------
10:27:20 : SCANNING : GICRE
circuit : 1.16%  2021-12-21T10:25:00+0530
adx : 17.03  aroonosc : 0.0
-----------------------------------------------
10:27:21 : SCANNING : GILLETTE
circuit : 1.23%  2021-12-21T10:25:00+0530
adx : 20.35  aroonosc : 0.0
-----------------------------------------------
10:27:21 : SCANNING : GLAND
circuit : 0.89%  2021-12-21T10:25:00+0530
adx : 21.94  aroonosc : 92.86
-----------------------------------------------
10:27:21 : SCANNING : GLAXO
circuit : 1.75%  2021-12-21T10:25:00+0530
adx : 38.46  aroonosc : 64.29
-----------------------------------------------
10:27:23 : SCANNING : GLENMARK
circuit : -0.13%  2021-12-21T10:25:00+0530
adx : 20.57  aroonosc : -21.43
-----------------------------------------------
10:27:23 : SCANNING : GMMPFAUDLR
circuit : 2.29%  2021-12-21T10:25:00+0530
adx : 47.23  aroonosc : 100.0
-----------------------------------------------
10:27:24 : SCANNING : GMRINFRA
circuit : 1.38%  2021-12-21T10:25:00+0530
adx : 29.41  aroonosc : 50.0
-----------------------------------------------
10:27:24 : SCANNING : GNFC
circuit : 1.66%  2021-12-21T10:25:00+0530
adx : 27.83  aroonosc : 92.86
-----------------------------------------------
10:27:24 : SCANNING : GODFRYPHLP
circuit : 0.1%  2021-12-21T10:25:00+0530
adx : 14.66  aroonosc : -85.71
-----------------------------------------------
10:27:25 : SCANNING : GODREJAGRO
circuit : -0.8%  2021-12-21T10:25:00+0530
adx : 29.13  aroonosc : -28.57
-----------------------------------------------
10:27:25 : SCANNING : GODREJCP
circuit : 3.33%  2021-12-21T10:25:00+0530
adx : 38.83  aroonosc : 100.0
-----------------------------------------------
10:27:25 : SCANNING : GODREJIND
circuit : 2.67%  2021-12-21T10:25:00+0530
adx : 44.02  aroonosc : 64.29
-----------------------------------------------
10:27:26 : SCANNING : GODREJPROP
circuit : 1.7%  2021-12-21T10:25:00+0530
adx : 20.09  aroonosc : 50.0
-----------------------------------------------
10:27:26 : SCANNING : GPPL
circuit : 0.36%  2021-12-21T10:25:00+0530
adx : 35.25  aroonosc : -21.43
-----------------------------------------------
10:27:26 : SCANNING : GRANULES
circuit : -0.45%  2021-12-21T10:25:00+0530
adx : 10.84  aroonosc : 21.43
-----------------------------------------------
10:27:27 : SCANNING : GRAPHITE
circuit : 0.18%  2021-12-21T10:25:00+0530
adx : 26.76  aroonosc : -28.57
-----------------------------------------------
10:27:27 : SCANNING : GRASIM
circuit : 2.14%  2021-12-21T10:25:00+0530
adx : 53.06  aroonosc : 85.71
-----------------------------------------------
10:27:28 : SCANNING : GREAVESCOT
circuit : 1.48%  2021-12-21T10:25:00+0530
adx : 36.36  aroonosc : 35.71
-----------------------------------------------
10:27:28 : SCANNING : GRINDWELL
circuit : -0.04%  2021-12-21T10:25:00+0530
adx : 26.45  aroonosc : -42.86
-----------------------------------------------
10:27:28 : SCANNING : GRSE
circuit : 3.32%  2021-12-21T10:25:00+0530
adx : 18.0  aroonosc : 100.0
-----------------------------------------------
10:27:29 : SCANNING : GSFC
circuit : 0.78%  2021-12-21T10:25:00+0530
adx : 19.4  aroonosc : 7.14
-----------------------------------------------
10:27:29 : SCANNING : GSPL
circuit : 0.68%  2021-12-21T10:25:00+0530
adx : 29.72  aroonosc : 21.43
-----------------------------------------------
10:27:30 : SCANNING : GUJALKALI
circuit : 0.22%  2021-12-21T10:25:00+0530
adx : 43.12  aroonosc : 14.29
-----------------------------------------------
10:27:30 : SCANNING : GUJGASLTD
circuit : 1.52%  2021-12-21T10:25:00+0530
adx : 49.3  aroonosc : 85.71
-----------------------------------------------
10:27:31 : SCANNING : GULFOILLUB
circuit : -0.24%  2021-12-21T10:25:00+0530
adx : 22.33  aroonosc : -35.71
-----------------------------------------------
10:27:31 : SCANNING : HAL
circuit : 0.33%  2021-12-21T10:25:00+0530
adx : 32.39  aroonosc : -21.43
-----------------------------------------------
10:27:31 : SCANNING : HATSUN
circuit : -1.83%  2021-12-21T10:25:00+0530
adx : 21.77  aroonosc : -14.29
-----------------------------------------------
10:27:32 : SCANNING : HAVELLS
circuit : 3.15%  2021-12-21T10:25:00+0530
adx : 40.5  aroonosc : 14.29
-----------------------------------------------
10:27:32 : SCANNING : HCLTECH
circuit : 3.26%  2021-12-21T10:25:00+0530
adx : 55.97  aroonosc : 78.57
-----------------------------------------------
10:27:32 : SCANNING : HDFC
circuit : -0.69%  2021-12-21T10:25:00+0530
adx : 45.09  aroonosc : -21.43
-----------------------------------------------
10:27:33 : SCANNING : HDFCAMC
circuit : 0.21%  2021-12-21T10:25:00+0530
adx : 23.99  aroonosc : 7.14
-----------------------------------------------
10:27:33 : SCANNING : HDFCBANK
circuit : 0.03%  2021-12-21T10:25:00+0530
adx : 12.22  aroonosc : -14.29
-----------------------------------------------
10:27:33 : SCANNING : HDFCLIFE
circuit : -0.37%  2021-12-21T10:25:00+0530
adx : 27.31  aroonosc : -35.71
-----------------------------------------------
10:27:34 : SCANNING : HEG
circuit : -0.5%  2021-12-21T10:25:00+0530
adx : 17.95  aroonosc : -57.14
-----------------------------------------------
10:27:34 : SCANNING : HEIDELBERG
circuit : 0.92%  2021-12-21T10:25:00+0530
adx : 23.85  aroonosc : 92.86
-----------------------------------------------
10:27:34 : SCANNING : HEMIPROP
circuit : 1.48%  2021-12-21T10:25:00+0530
adx : 28.08  aroonosc : 7.14
-----------------------------------------------
10:27:35 : SCANNING : HEROMOTOCO
circuit : -1.28%  2021-12-21T10:25:00+0530
adx : 39.39  aroonosc : -21.43
-----------------------------------------------
10:27:35 : SCANNING : HINDALCO
circuit : 1.77%  2021-12-21T10:25:00+0530
adx : 54.74  aroonosc : 85.71
-----------------------------------------------
10:27:36 : SCANNING : HINDCOPPER
circuit : 1.27%  2021-12-21T10:25:00+0530
adx : 35.73  aroonosc : 100.0
-----------------------------------------------
10:27:36 : SCANNING : HINDPETRO
circuit : 0.74%  2021-12-21T10:25:00+0530
adx : 18.54  aroonosc : -28.57
-----------------------------------------------
10:27:36 : SCANNING : HINDUNILVR
circuit : -0.31%  2021-12-21T10:25:00+0530
adx : 33.6  aroonosc : -21.43
-----------------------------------------------
10:27:37 : SCANNING : HINDZINC
circuit : 1.92%  2021-12-21T10:25:00+0530
adx : 25.76  aroonosc : 21.43
-----------------------------------------------
10:27:37 : SCANNING : HONAUT
circuit : -0.68%  2021-12-21T10:25:00+0530
adx : 23.19  aroonosc : -100.0
-----------------------------------------------
10:27:37 : SCANNING : HSCL
circuit : 1.65%  2021-12-21T10:25:00+0530
adx : 45.93  aroonosc : 0.0
-----------------------------------------------
10:27:38 : SCANNING : HUDCO
circuit : 0.9%  2021-12-21T10:25:00+0530
adx : 26.52  aroonosc : 64.29
-----------------------------------------------
10:27:38 : SCANNING : HUHTAMAKI
circuit : 1.04%  2021-12-21T10:25:00+0530
adx : 10.74  aroonosc : 7.14
-----------------------------------------------
10:27:39 : SCANNING : IBREALEST
circuit : 3.64%  2021-12-21T10:25:00+0530
adx : 41.87  aroonosc : 92.86
-----------------------------------------------
10:27:39 : SCANNING : IBULHSGFIN
circuit : 1.19%  2021-12-21T10:25:00+0530
adx : 29.28  aroonosc : 14.29
-----------------------------------------------
10:27:39 : SCANNING : ICICIBANK
circuit : 0.55%  2021-12-21T10:25:00+0530
adx : 44.39  aroonosc : 14.29
-----------------------------------------------
10:27:40 : SCANNING : ICICIGI
circuit : 1.43%  2021-12-21T10:25:00+0530
adx : 36.41  aroonosc : 100.0
-----------------------------------------------
10:27:40 : SCANNING : ICICIPRULI
circuit : 1.57%  2021-12-21T10:25:00+0530
adx : 33.52  aroonosc : 64.29
-----------------------------------------------
10:27:40 : SCANNING : ICIL
circuit : -1.04%  2021-12-21T10:25:00+0530
adx : 23.05  aroonosc : -28.57
-----------------------------------------------
10:27:41 : SCANNING : IDBI
circuit : 2.85%  2021-12-21T10:25:00+0530
adx : 46.8  aroonosc : 64.29
-----------------------------------------------
10:27:41 : SCANNING : IDEA
circuit : 3.25%  2021-12-21T10:25:00+0530
adx : 38.31  aroonosc : 100.0
-----------------------------------------------
10:27:42 : SCANNING : IDFC
circuit : 1.47%  2021-12-21T10:25:00+0530
adx : 40.32  aroonosc : 14.29
-----------------------------------------------
10:27:42 : SCANNING : IDFCFIRSTB
circuit : 0.33%  2021-12-21T10:25:00+0530
adx : 11.98  aroonosc : 14.29
-----------------------------------------------
10:27:43 : SCANNING : IEX
circuit : 2.24%  2021-12-21T10:25:00+0530
adx : 35.54  aroonosc : 100.0
-----------------------------------------------
10:27:43 : SCANNING : IFBIND
circuit : 0.26%  2021-12-21T10:25:00+0530
adx : 35.26  aroonosc : 57.14
-----------------------------------------------
10:27:43 : SCANNING : IGL
circuit : 0.62%  2021-12-21T10:25:00+0530
adx : 35.28  aroonosc : 92.86
-----------------------------------------------
10:27:44 : SCANNING : IIFL
circuit : 0.84%  2021-12-21T10:25:00+0530
adx : 27.45  aroonosc : 35.71
-----------------------------------------------
10:27:44 : SCANNING : IIFLWAM
circuit : -0.9%  2021-12-21T10:25:00+0530
adx : 18.75  aroonosc : 7.14
-----------------------------------------------
10:27:44 : SCANNING : INDHOTEL
circuit : -0.3%  2021-12-21T10:25:00+0530
adx : 13.18  aroonosc : -21.43
-----------------------------------------------
10:27:45 : SCANNING : INDIACEM
circuit : 1.16%  2021-12-21T10:25:00+0530
adx : 35.64  aroonosc : 0.0
-----------------------------------------------
10:27:45 : SCANNING : INDIAMART
circuit : 0.02%  2021-12-21T10:25:00+0530
adx : 12.05  aroonosc : 14.29
-----------------------------------------------
10:27:46 : SCANNING : INDIANB
circuit : 1.07%  2021-12-21T10:25:00+0530
adx : 32.06  aroonosc : 14.29
-----------------------------------------------
10:27:46 : SCANNING : INDIGO
circuit : -0.74%  2021-12-21T10:25:00+0530
adx : 21.01  aroonosc : -35.71
-----------------------------------------------
10:27:46 : SCANNING : INDOCO
circuit : 1.02%  2021-12-21T10:25:00+0530
adx : 23.02  aroonosc : 0.0
-----------------------------------------------
10:27:47 : SCANNING : INDUSINDBK
circuit : 0.42%  2021-12-21T10:25:00+0530
adx : 27.24  aroonosc : 14.29
-----------------------------------------------
10:27:47 : SCANNING : INDUSTOWER
circuit : 3.37%  2021-12-21T10:25:00+0530
adx : 43.08  aroonosc : 92.86
-----------------------------------------------
10:27:48 : SCANNING : INFIBEAM
circuit : 1.79%  2021-12-21T10:25:00+0530
adx : 42.0  aroonosc : 21.43
-----------------------------------------------
10:27:48 : SCANNING : INFY
circuit : 1.21%  2021-12-21T10:25:00+0530
adx : 30.63  aroonosc : 50.0
-----------------------------------------------
10:27:48 : SCANNING : INGERRAND
circuit : 0.64%  2021-12-21T10:25:00+0530
adx : 25.11  aroonosc : 42.86
-----------------------------------------------
10:27:49 : SCANNING : INOXLEISUR
circuit : 3.29%  2021-12-21T10:25:00+0530
adx : 48.26  aroonosc : 0.0
-----------------------------------------------
10:27:49 : SCANNING : INTELLECT
circuit : 0.59%  2021-12-21T10:25:00+0530
adx : 19.23  aroonosc : -14.29
-----------------------------------------------
10:27:50 : SCANNING : IOB
circuit : 1.73%  2021-12-21T10:25:00+0530
adx : 37.31  aroonosc : 14.29
-----------------------------------------------
10:27:51 : SCANNING : IOC
circuit : 0.05%  2021-12-21T10:25:00+0530
adx : 13.53  aroonosc : -21.43
-----------------------------------------------
10:27:51 : SCANNING : IOLCP
circuit : -0.6%  2021-12-21T10:25:00+0530
adx : 51.25  aroonosc : -28.57
-----------------------------------------------
10:27:52 : SCANNING : IPCALAB
circuit : 0.28%  2021-12-21T10:25:00+0530
adx : 10.59  aroonosc : 21.43
-----------------------------------------------
10:27:52 : SCANNING : IRB
circuit : -1.05%  2021-12-21T10:25:00+0530
adx : 19.03  aroonosc : -7.14
-----------------------------------------------
10:27:52 : SCANNING : IRCON
circuit : 0.33%  2021-12-21T10:25:00+0530
adx : 28.03  aroonosc : -14.29
-----------------------------------------------
10:27:53 : SCANNING : IRCTC
circuit : 0.61%  2021-12-21T10:25:00+0530
adx : 29.59  aroonosc : 7.14
-----------------------------------------------
10:27:53 : SCANNING : ISEC
circuit : 1.25%  2021-12-21T10:25:00+0530
adx : 29.61  aroonosc : 0.0
-----------------------------------------------
10:27:53 : SCANNING : ITC
circuit : -0.07%  2021-12-21T10:25:00+0530
adx : 20.36  aroonosc : -14.29
-----------------------------------------------
10:27:54 : SCANNING : ITI
circuit : 1.29%  2021-12-21T10:25:00+0530
adx : 22.33  aroonosc : 50.0
-----------------------------------------------
10:27:54 : SCANNING : J&KBANK
circuit : 2.17%  2021-12-21T10:25:00+0530
adx : 28.28  aroonosc : 35.71
-----------------------------------------------
10:27:54 : SCANNING : JAMNAAUTO
circuit : 3.01%  2021-12-21T10:25:00+0530
adx : 25.75  aroonosc : 92.86
-----------------------------------------------
10:27:55 : SCANNING : JBCHEPHARM
circuit : -0.52%  2021-12-21T10:25:00+0530
adx : 52.14  aroonosc : -78.57
-----------------------------------------------
10:27:55 : SCANNING : JCHAC
circuit : 1.71%  2021-12-21T10:25:00+0530
adx : 34.12  aroonosc : 0.0
-----------------------------------------------
10:27:55 : SCANNING : JINDALSAW
circuit : 1.89%  2021-12-21T10:25:00+0530
adx : 25.44  aroonosc : 50.0
-----------------------------------------------
10:27:56 : SCANNING : JINDALSTEL
circuit : 1.98%  2021-12-21T10:25:00+0530
adx : 48.4  aroonosc : 64.29
-----------------------------------------------
10:27:56 : SCANNING : JKCEMENT
circuit : 2.31%  2021-12-21T10:25:00+0530
adx : 23.02  aroonosc : 100.0
-----------------------------------------------
10:27:56 : SCANNING : JKLAKSHMI
circuit : 0.77%  2021-12-21T10:25:00+0530
adx : 19.25  aroonosc : -21.43
-----------------------------------------------
10:27:57 : SCANNING : JKPAPER
circuit : 0.92%  2021-12-21T10:25:00+0530
adx : 30.72  aroonosc : 57.14
-----------------------------------------------
10:27:57 : SCANNING : JKTYRE
circuit : 2.42%  2021-12-21T10:25:00+0530
adx : 36.92  aroonosc : 92.86
-----------------------------------------------
10:27:57 : SCANNING : JMFINANCIL
circuit : -0.76%  2021-12-21T10:25:00+0530
adx : 27.31  aroonosc : -21.43
-----------------------------------------------
10:27:58 : SCANNING : JSL
circuit : 3.41%  2021-12-21T10:25:00+0530
adx : 25.14  aroonosc : 78.57
-----------------------------------------------
10:27:58 : SCANNING : JSLHISAR
circuit : 2.96%  2021-12-21T10:25:00+0530
adx : 22.69  aroonosc : 92.86
-----------------------------------------------
10:27:58 : SCANNING : JSWSTEEL
circuit : 2.23%  2021-12-21T10:25:00+0530
adx : 62.56  aroonosc : 57.14
-----------------------------------------------
10:27:59 : SCANNING : JTEKTINDIA
circuit : 1.23%  2021-12-21T10:25:00+0530
adx : 22.49  aroonosc : 92.86
-----------------------------------------------
10:27:59 : SCANNING : JUBLFOOD
circuit : -0.2%  2021-12-21T10:25:00+0530
adx : 15.09  aroonosc : 14.29
-----------------------------------------------
10:27:59 : SCANNING : JUSTDIAL
circuit : 2.78%  2021-12-21T10:25:00+0530
adx : 36.95  aroonosc : 57.14
-----------------------------------------------
10:28:00 : SCANNING : JYOTHYLAB
circuit : 0.64%  2021-12-21T10:25:00+0530
adx : 25.03  aroonosc : 0.0
-----------------------------------------------
10:28:00 : SCANNING : KAJARIACER
circuit : 1.65%  2021-12-21T10:25:00+0530
adx : 25.7  aroonosc : 7.14
-----------------------------------------------
10:28:00 : SCANNING : KALPATPOWR
circuit : 0.87%  2021-12-21T10:25:00+0530
adx : 16.5  aroonosc : -21.43
-----------------------------------------------
10:28:01 : SCANNING : KANSAINER
circuit : -0.09%  2021-12-21T10:25:00+0530
adx : 18.99  aroonosc : 21.43
-----------------------------------------------
10:28:01 : SCANNING : KARURVYSYA
circuit : -0.11%  2021-12-21T10:25:00+0530
adx : 35.95  aroonosc : 64.29
-----------------------------------------------
10:28:01 : SCANNING : KEC
circuit : 0.56%  2021-12-21T10:25:00+0530
adx : 15.17  aroonosc : 0.0
-----------------------------------------------
10:28:02 : SCANNING : KEI
circuit : -0.62%  2021-12-21T10:25:00+0530
adx : 14.69  aroonosc : -21.43
-----------------------------------------------
10:28:02 : SCANNING : KNRCON
circuit : 0.36%  2021-12-21T10:25:00+0530
adx : 11.52  aroonosc : 14.29
-----------------------------------------------
10:28:03 : SCANNING : KOTAKBANK
circuit : -0.43%  2021-12-21T10:25:00+0530
adx : 21.81  aroonosc : -21.43
-----------------------------------------------
10:28:03 : SCANNING : KPITTECH
circuit : 3.55%  2021-12-21T10:25:00+0530
adx : 37.75  aroonosc : 50.0
-----------------------------------------------
10:28:03 : SCANNING : KPRMILL
circuit : 2.2%  2021-12-21T10:25:00+0530
adx : 22.18  aroonosc : 7.14
-----------------------------------------------
10:28:04 : SCANNING : KRBL
circuit : 0.25%  2021-12-21T10:25:00+0530
adx : 19.89  aroonosc : -28.57
-----------------------------------------------
10:28:04 : SCANNING : KSB
circuit : 1.35%  2021-12-21T10:25:00+0530
adx : 13.88  aroonosc : 100.0
-----------------------------------------------
10:28:04 : SCANNING : KSCL
circuit : -1.11%  2021-12-21T10:25:00+0530
adx : 24.38  aroonosc : -71.43
-----------------------------------------------
10:28:05 : SCANNING : L&TFH
circuit : 3.39%  2021-12-21T10:25:00+0530
adx : 52.08  aroonosc : 100.0
-----------------------------------------------
10:28:05 : SCANNING : LALPATHLAB
circuit : -0.13%  2021-12-21T10:25:00+0530
adx : 18.64  aroonosc : 7.14
-----------------------------------------------
10:28:06 : SCANNING : LAOPALA
circuit : 3.76%  2021-12-21T10:25:00+0530
adx : 41.64  aroonosc : 14.29
-----------------------------------------------
10:28:06 : SCANNING : LAURUSLABS
circuit : 1.14%  2021-12-21T10:25:00+0530
adx : 19.05  aroonosc : 14.29
-----------------------------------------------
10:28:06 : SCANNING : LAXMIMACH
circuit : 3.34%  2021-12-21T10:25:00+0530
adx : 28.09  aroonosc : 64.29
-----------------------------------------------
10:28:07 : SCANNING : LEMONTREE
circuit : 4.36%  2021-12-21T10:25:00+0530
adx : 33.52  aroonosc : 14.29
-----------------------------------------------
10:28:07 : SCANNING : LICHSGFIN
circuit : 0.23%  2021-12-21T10:25:00+0530
adx : 36.1  aroonosc : 14.29
-----------------------------------------------
10:28:07 : SCANNING : LINDEINDIA
circuit : 0.85%  2021-12-21T10:25:00+0530
adx : 16.86  aroonosc : 7.14
-----------------------------------------------
10:28:08 : SCANNING : LT
circuit : 0.23%  2021-12-21T10:25:00+0530
adx : 28.49  aroonosc : 7.14
-----------------------------------------------
10:28:08 : SCANNING : LTI
circuit : 2.51%  2021-12-21T10:25:00+0530
adx : 29.85  aroonosc : 100.0
-----------------------------------------------
10:28:09 : SCANNING : LTTS
circuit : 1.48%  2021-12-21T10:25:00+0530
adx : 23.4  aroonosc : 64.29
-----------------------------------------------
10:28:09 : SCANNING : LUPIN
circuit : 0.31%  2021-12-21T10:25:00+0530
adx : 34.03  aroonosc : -21.43
-----------------------------------------------
10:28:09 : SCANNING : LUXIND
circuit : 0.11%  2021-12-21T10:25:00+0530
adx : 30.72  aroonosc : -28.57
-----------------------------------------------
10:28:10 : SCANNING : M&M
circuit : -0.38%  2021-12-21T10:25:00+0530
adx : 29.12  aroonosc : -64.29
-----------------------------------------------
10:28:10 : SCANNING : M&MFIN
circuit : 0.86%  2021-12-21T10:25:00+0530
adx : 20.29  aroonosc : 14.29
-----------------------------------------------
10:28:10 : SCANNING : MAHABANK
circuit : 0.79%  2021-12-21T10:25:00+0530
adx : 18.16  aroonosc : -35.71
-----------------------------------------------
10:28:11 : SCANNING : MAHINDCIE
circuit : 1.26%  2021-12-21T10:25:00+0530
adx : 20.9  aroonosc : 7.14
-----------------------------------------------
10:28:11 : SCANNING : MAHLOG
circuit : -0.93%  2021-12-21T10:25:00+0530
adx : 14.17  aroonosc : -21.43
-----------------------------------------------
10:28:12 : SCANNING : MAHSCOOTER
circuit : 1.63%  2021-12-21T10:25:00+0530
adx : 25.76  aroonosc : 0.0
-----------------------------------------------
10:28:12 : SCANNING : MAHSEAMLES
circuit : 1.65%  2021-12-21T10:25:00+0530
adx : 40.37  aroonosc : 64.29
-----------------------------------------------
10:28:12 : SCANNING : MANAPPURAM
circuit : -0.66%  2021-12-21T10:25:00+0530
adx : 34.52  aroonosc : 14.29
-----------------------------------------------
10:28:13 : SCANNING : MARICO
circuit : 0.21%  2021-12-21T10:25:00+0530
adx : 25.83  aroonosc : -28.57
-----------------------------------------------
10:28:13 : SCANNING : MARUTI
circuit : 0.23%  2021-12-21T10:25:00+0530
adx : 36.18  aroonosc : -28.57
-----------------------------------------------
10:28:14 : SCANNING : MASFIN
circuit : 2.04%  2021-12-21T10:25:00+0530
adx : 22.97  aroonosc : 64.29
-----------------------------------------------
10:28:14 : SCANNING : MAXHEALTH
circuit : 2.66%  2021-12-21T10:25:00+0530
adx : 40.82  aroonosc : 78.57
-----------------------------------------------
10:28:14 : SCANNING : MAZDOCK
circuit : 1.33%  2021-12-21T10:25:00+0530
adx : 28.2  aroonosc : 92.86
-----------------------------------------------
10:28:15 : SCANNING : MCDOWELL-N
circuit : 2.25%  2021-12-21T10:25:00+0530
adx : 36.53  aroonosc : 100.0
-----------------------------------------------
10:28:15 : SCANNING : MCX
circuit : 1.47%  2021-12-21T10:25:00+0530
adx : 34.45  aroonosc : 100.0
-----------------------------------------------
10:28:16 : SCANNING : METROPOLIS
circuit : 2.37%  2021-12-21T10:25:00+0530
adx : 26.69  aroonosc : 100.0
-----------------------------------------------
10:28:16 : SCANNING : MFSL
circuit : 3.51%  2021-12-21T10:25:00+0530
adx : 17.41  aroonosc : 100.0
-----------------------------------------------
10:28:16 : SCANNING : MGL
circuit : 0.32%  2021-12-21T10:25:00+0530
adx : 29.95  aroonosc : 14.29
-----------------------------------------------
10:28:17 : SCANNING : MHRIL
circuit : -0.21%  2021-12-21T10:25:00+0530
adx : 20.16  aroonosc : -21.43
-----------------------------------------------
10:28:17 : SCANNING : MIDHANI
circuit : 0.97%  2021-12-21T10:25:00+0530
adx : 16.4  aroonosc : 0.0
-----------------------------------------------
10:28:17 : SCANNING : MINDACORP
circuit : 1.25%  2021-12-21T10:25:00+0530
adx : 30.76  aroonosc : 100.0
-----------------------------------------------
10:28:18 : SCANNING : MINDAIND
circuit : 1.23%  2021-12-21T10:25:00+0530
adx : 35.31  aroonosc : -21.43
-----------------------------------------------
10:28:18 : SCANNING : MINDTREE
circuit : 1.04%  2021-12-21T10:25:00+0530
adx : 41.4  aroonosc : 57.14
-----------------------------------------------
10:28:19 : SCANNING : MMTC
circuit : 1.35%  2021-12-21T10:25:00+0530
adx : 34.65  aroonosc : 35.71
-----------------------------------------------
10:28:19 : SCANNING : MOIL
circuit : 1.36%  2021-12-21T10:25:00+0530
adx : 29.97  aroonosc : 42.86
-----------------------------------------------
10:28:19 : SCANNING : MOTILALOFS
circuit : 0.54%  2021-12-21T10:25:00+0530
adx : 25.9  aroonosc : -21.43
-----------------------------------------------
10:28:20 : SCANNING : MPHASIS
circuit : 0.61%  2021-12-21T10:25:00+0530
adx : 34.27  aroonosc : 14.29
-----------------------------------------------
10:28:20 : SCANNING : MRF
circuit : 0.5%  2021-12-21T10:25:00+0530
adx : 20.03  aroonosc : 14.29
-----------------------------------------------
10:28:20 : SCANNING : MRPL
-----------------------------------------------
10:28:21 : SCANNING : MUTHOOTFIN
circuit : 0.48%  2021-12-21T10:25:00+0530
adx : 18.82  aroonosc : 0.0
-----------------------------------------------
10:28:21 : SCANNING : NAM-INDIA
circuit : 1.12%  2021-12-21T10:25:00+0530
adx : 14.71  aroonosc : -35.71
-----------------------------------------------
10:28:21 : SCANNING : NATCOPHARM
circuit : 2.65%  2021-12-21T10:25:00+0530
adx : 16.6  aroonosc : 71.43
-----------------------------------------------
10:28:22 : SCANNING : NATIONALUM
circuit : 2.64%  2021-12-21T10:25:00+0530
adx : 52.36  aroonosc : 71.43
-----------------------------------------------
10:28:22 : SCANNING : NAUKRI
circuit : 0.37%  2021-12-21T10:25:00+0530
adx : 20.62  aroonosc : -35.71
-----------------------------------------------
10:28:22 : SCANNING : NAVINFLUOR
circuit : 3.45%  2021-12-21T10:25:00+0530
adx : 52.54  aroonosc : 100.0
-----------------------------------------------
10:28:23 : SCANNING : NBCC
circuit : 0.48%  2021-12-21T10:25:00+0530
adx : 29.7  aroonosc : 85.71
-----------------------------------------------
10:28:23 : SCANNING : NCC
circuit : 0.58%  2021-12-21T10:25:00+0530
adx : 38.44  aroonosc : 78.57
-----------------------------------------------
10:28:24 : SCANNING : NESCO
circuit : 1.32%  2021-12-21T10:25:00+0530
adx : 19.38  aroonosc : 21.43
-----------------------------------------------
10:28:24 : SCANNING : NESTLEIND
circuit : 0.33%  2021-12-21T10:25:00+0530
adx : 40.57  aroonosc : 100.0
-----------------------------------------------
10:28:24 : SCANNING : NETWORK18
circuit : 2.52%  2021-12-21T10:25:00+0530
adx : 28.31  aroonosc : 92.86
-----------------------------------------------
10:28:25 : SCANNING : NFL
circuit : 1.42%  2021-12-21T10:25:00+0530
adx : 28.65  aroonosc : 100.0
-----------------------------------------------
10:28:25 : SCANNING : NH
circuit : 0.65%  2021-12-21T10:25:00+0530
adx : 10.72  aroonosc : -28.57
-----------------------------------------------
10:28:25 : SCANNING : NHPC
circuit : 1.85%  2021-12-21T10:25:00+0530
adx : 34.9  aroonosc : 100.0
-----------------------------------------------
10:28:26 : SCANNING : NIACL
circuit : -0.11%  2021-12-21T10:25:00+0530
adx : 23.6  aroonosc : -28.57
-----------------------------------------------
10:28:26 : SCANNING : NILKAMAL
circuit : 0.21%  2021-12-21T10:25:00+0530
adx : 12.92  aroonosc : -35.71
-----------------------------------------------
10:28:26 : SCANNING : NLCINDIA
circuit : 0.86%  2021-12-21T10:25:00+0530
adx : 30.33  aroonosc : 21.43
-----------------------------------------------
10:28:27 : SCANNING : NMDC
circuit : 6.88%  2021-12-21T10:25:00+0530
adx : 21.76  aroonosc : 57.14
-----------------------------------------------
10:28:27 : SCANNING : NOCIL
circuit : -0.36%  2021-12-21T10:25:00+0530
adx : 29.49  aroonosc : 7.14
-----------------------------------------------
10:28:27 : SCANNING : NTPC
circuit : 0.2%  2021-12-21T10:25:00+0530
adx : 38.87  aroonosc : 57.14
rpt : 1190.0
{'candle': 'green', 'type': 'BUY', 'instrument': 'NTPC', 'price': 120.2, 'qty': 4949, 'target': 120.35, 'stoploss': 120.05, 'volume': 82550, 'adx': 50.48648436642578, 'aroonosc': 64.28571428571429, 'atr': 0.35497661662436336, 'open': 120.15, 'high': 120.35, 'low': 120.05, 'close': 120.35, 'product': 'MIS', 'time': '2021-12-20T13:45:00+0530'}
10:28:28 : Validation Failed : Time Gap in Seconds : 74608
-----------------------------------------------
10:28:28 : SCANNING : OBEROIRLTY
circuit : 0.65%  2021-12-21T10:25:00+0530
adx : 24.87  aroonosc : -21.43
-----------------------------------------------
10:28:29 : SCANNING : OFSS
circuit : 1.7%  2021-12-21T10:25:00+0530
adx : 48.2  aroonosc : 92.86
-----------------------------------------------
10:28:29 : SCANNING : OIL
circuit : 1.35%  2021-12-21T10:25:00+0530
adx : 20.78  aroonosc : 7.14
-----------------------------------------------
10:28:29 : SCANNING : ONGC
circuit : -0.07%  2021-12-21T10:25:00+0530
adx : 31.97  aroonosc : -21.43
-----------------------------------------------
10:28:30 : SCANNING : ORIENTELEC
circuit : 1.96%  2021-12-21T10:25:00+0530
adx : 16.42  aroonosc : 7.14
-----------------------------------------------
10:28:30 : SCANNING : PAGEIND
circuit : 1.28%  2021-12-21T10:25:00+0530
adx : 24.35  aroonosc : 92.86
-----------------------------------------------
10:28:31 : SCANNING : PEL
circuit : 1.21%  2021-12-21T10:25:00+0530
adx : 19.95  aroonosc : 100.0
-----------------------------------------------
10:28:31 : SCANNING : PERSISTENT
circuit : -1.11%  2021-12-21T10:25:00+0530
adx : 29.31  aroonosc : -21.43
-----------------------------------------------
10:28:31 : SCANNING : PETRONET
circuit : -0.14%  2021-12-21T10:25:00+0530
adx : 15.69  aroonosc : -14.29
-----------------------------------------------
10:28:32 : SCANNING : PFC
circuit : 0.73%  2021-12-21T10:25:00+0530
adx : 17.37  aroonosc : 100.0
-----------------------------------------------
10:28:32 : SCANNING : PFIZER
circuit : 1.14%  2021-12-21T10:25:00+0530
adx : 19.51  aroonosc : 21.43
-----------------------------------------------
10:28:33 : SCANNING : PGHH
circuit : 0.5%  2021-12-21T10:25:00+0530
adx : 25.73  aroonosc : 0.0
-----------------------------------------------
10:28:33 : SCANNING : PGHL
circuit : -1.16%  2021-12-21T10:25:00+0530
adx : 25.27  aroonosc : -42.86
-----------------------------------------------
10:28:33 : SCANNING : PHILIPCARB
circuit : 1.46%  2021-12-21T10:25:00+0530
adx : 10.07  aroonosc : 7.14
-----------------------------------------------
10:28:34 : SCANNING : PHOENIXLTD
circuit : -3.25%  2021-12-21T10:25:00+0530
adx : 38.45  aroonosc : -92.86
-----------------------------------------------
10:28:34 : SCANNING : PIDILITIND
circuit : 0.46%  2021-12-21T10:25:00+0530
adx : 37.86  aroonosc : -14.29
-----------------------------------------------
10:28:35 : SCANNING : PIIND
circuit : 0.99%  2021-12-21T10:25:00+0530
adx : 31.79  aroonosc : 100.0
-----------------------------------------------
10:28:35 : SCANNING : PNB
circuit : 1.08%  2021-12-21T10:25:00+0530
adx : 25.27  aroonosc : 14.29
-----------------------------------------------
10:28:35 : SCANNING : PNBHOUSING
circuit : 3.28%  2021-12-21T10:25:00+0530
adx : 50.7  aroonosc : 100.0
-----------------------------------------------
10:28:36 : SCANNING : PNCINFRA
circuit : -0.75%  2021-12-21T10:25:00+0530
adx : 33.47  aroonosc : -35.71
-----------------------------------------------
10:28:36 : SCANNING : POLYCAB
circuit : 0.04%  2021-12-21T10:25:00+0530
adx : 41.32  aroonosc : -21.43
-----------------------------------------------
10:28:36 : SCANNING : POLYMED
circuit : -0.66%  2021-12-21T10:25:00+0530
adx : 24.02  aroonosc : -14.29
-----------------------------------------------
10:28:37 : SCANNING : POLYPLEX
circuit : 0.92%  2021-12-21T10:25:00+0530
adx : 20.83  aroonosc : -28.57
-----------------------------------------------
10:28:37 : SCANNING : POWERGRID
circuit : -1.21%  2021-12-21T10:25:00+0530
adx : 15.59  aroonosc : -64.29
-----------------------------------------------
10:28:37 : SCANNING : POWERINDIA
circuit : 0.8%  2021-12-21T10:25:00+0530
adx : 28.76  aroonosc : 7.14
-----------------------------------------------
10:28:38 : SCANNING : PRESTIGE
circuit : 0.8%  2021-12-21T10:25:00+0530
adx : 23.39  aroonosc : -21.43
-----------------------------------------------
10:28:38 : SCANNING : PRINCEPIPE
circuit : 1.94%  2021-12-21T10:25:00+0530
adx : 30.28  aroonosc : 7.14
-----------------------------------------------
10:28:39 : SCANNING : PRSMJOHNSN
circuit : 3.82%  2021-12-21T10:25:00+0530
adx : 36.09  aroonosc : 92.86
-----------------------------------------------
10:28:39 : SCANNING : PSB
circuit : 1.88%  2021-12-21T10:25:00+0530
adx : 25.38  aroonosc : 100.0
-----------------------------------------------
10:28:40 : SCANNING : PVR
circuit : 0.55%  2021-12-21T10:25:00+0530
adx : 23.27  aroonosc : 64.29
-----------------------------------------------
10:28:40 : SCANNING : QUESS
circuit : 1.08%  2021-12-21T10:25:00+0530
adx : 24.9  aroonosc : 71.43
-----------------------------------------------
10:28:40 : SCANNING : RADICO
circuit : 0.51%  2021-12-21T10:25:00+0530
adx : 21.76  aroonosc : 0.0
-----------------------------------------------
10:28:41 : SCANNING : RAIN
circuit : -0.34%  2021-12-21T10:25:00+0530
adx : 15.41  aroonosc : -21.43
-----------------------------------------------
10:28:41 : SCANNING : RAJESHEXPO
circuit : 0.05%  2021-12-21T10:25:00+0530
adx : 12.29  aroonosc : 7.14
-----------------------------------------------
10:28:41 : SCANNING : RALLIS
circuit : 0.06%  2021-12-21T10:25:00+0530
adx : 13.48  aroonosc : 7.14
-----------------------------------------------
10:28:42 : SCANNING : RAMCOCEM
circuit : 1.57%  2021-12-21T10:25:00+0530
adx : 24.26  aroonosc : 64.29
-----------------------------------------------
10:28:42 : SCANNING : RATNAMANI
circuit : 4.03%  2021-12-21T10:25:00+0530
adx : 40.78  aroonosc : 7.14
-----------------------------------------------
10:28:43 : SCANNING : RAYMOND
circuit : 0.74%  2021-12-21T10:25:00+0530
adx : 33.72  aroonosc : -35.71
-----------------------------------------------
10:28:43 : SCANNING : RBLBANK
circuit : -0.15%  2021-12-21T10:25:00+0530
adx : 19.97  aroonosc : -28.57
-----------------------------------------------
10:28:43 : SCANNING : RCF
circuit : 1.39%  2021-12-21T10:25:00+0530
adx : 24.0  aroonosc : 57.14
-----------------------------------------------
10:28:44 : SCANNING : RECLTD
circuit : 1.02%  2021-12-21T10:25:00+0530
adx : 40.94  aroonosc : 35.71
-----------------------------------------------
10:28:44 : SCANNING : REDINGTON
circuit : 0.92%  2021-12-21T10:25:00+0530
adx : 18.73  aroonosc : -14.29
-----------------------------------------------
10:28:45 : SCANNING : RELAXO
circuit : 2.46%  2021-12-21T10:25:00+0530
adx : 33.31  aroonosc : 85.71
-----------------------------------------------
10:28:45 : SCANNING : RELIANCE
circuit : 0.66%  2021-12-21T10:25:00+0530
adx : 47.42  aroonosc : 71.43
-----------------------------------------------
10:28:45 : SCANNING : RESPONIND
circuit : 2.43%  2021-12-21T10:25:00+0530
adx : 24.73  aroonosc : 57.14
-----------------------------------------------
10:28:46 : SCANNING : RHIM
circuit : 1.44%  2021-12-21T10:25:00+0530
adx : 33.27  aroonosc : 92.86
-----------------------------------------------
10:28:46 : SCANNING : RITES
circuit : -0.59%  2021-12-21T10:25:00+0530
adx : 12.81  aroonosc : -42.86
-----------------------------------------------
10:28:46 : SCANNING : ROSSARI
circuit : 0.6%  2021-12-21T10:25:00+0530
adx : 28.36  aroonosc : 0.0
-----------------------------------------------
10:28:47 : SCANNING : ROUTE
circuit : 1.08%  2021-12-21T10:25:00+0530
adx : 26.66  aroonosc : 14.29
-----------------------------------------------
10:28:47 : SCANNING : RVNL
circuit : 1.19%  2021-12-21T10:25:00+0530
adx : 48.27  aroonosc : 85.71
-----------------------------------------------
10:28:48 : SCANNING : SAIL
circuit : 1.95%  2021-12-21T10:25:00+0530
adx : 33.5  aroonosc : 78.57
-----------------------------------------------
10:28:48 : SCANNING : SANOFI
circuit : -0.15%  2021-12-21T10:25:00+0530
adx : 23.25  aroonosc : -28.57
-----------------------------------------------
10:28:48 : SCANNING : SBICARD
circuit : -0.22%  2021-12-21T10:25:00+0530
adx : 35.18  aroonosc : 14.29
-----------------------------------------------
10:28:49 : SCANNING : SBILIFE
circuit : -0.85%  2021-12-21T10:25:00+0530
adx : 19.49  aroonosc : -35.71
-----------------------------------------------
10:28:49 : SCANNING : SBIN
circuit : -0.15%  2021-12-21T10:25:00+0530
adx : 35.87  aroonosc : 14.29
-----------------------------------------------
10:28:49 : SCANNING : SCHAEFFLER
circuit : 2.29%  2021-12-21T10:25:00+0530
adx : 43.16  aroonosc : 100.0
-----------------------------------------------
10:28:50 : SCANNING : SCHNEIDER
circuit : -1.26%  2021-12-21T10:25:00+0530
adx : 21.84  aroonosc : 7.14
-----------------------------------------------
10:28:50 : SCANNING : SCI
circuit : 1.79%  2021-12-21T10:25:00+0530
adx : 20.86  aroonosc : 71.43
-----------------------------------------------
10:28:51 : SCANNING : SEQUENT
circuit : 0.19%  2021-12-21T10:25:00+0530
adx : 22.25  aroonosc : 64.29
-----------------------------------------------
10:28:51 : SCANNING : SFL
circuit : 1.35%  2021-12-21T10:25:00+0530
adx : 28.8  aroonosc : 14.29
-----------------------------------------------
10:28:51 : SCANNING : SHARDACROP
circuit : -2.77%  2021-12-21T10:25:00+0530
adx : 29.73  aroonosc : 0.0
-----------------------------------------------
10:28:52 : SCANNING : SHILPAMED
circuit : 2.48%  2021-12-21T10:25:00+0530
adx : 45.97  aroonosc : 100.0
-----------------------------------------------
10:28:52 : SCANNING : SHOPERSTOP
circuit : 1.38%  2021-12-21T10:25:00+0530
adx : 15.62  aroonosc : 0.0
-----------------------------------------------
10:28:53 : SCANNING : SHREECEM
circuit : 1.8%  2021-12-21T10:25:00+0530
adx : 41.18  aroonosc : 85.71
-----------------------------------------------
10:28:54 : SCANNING : SHRIRAMCIT
circuit : -2.36%  2021-12-21T10:25:00+0530
adx : 14.32  aroonosc : -35.71
-----------------------------------------------
10:28:54 : SCANNING : SIEMENS
circuit : 0.46%  2021-12-21T10:25:00+0530
adx : 24.33  aroonosc : 14.29
-----------------------------------------------
10:28:55 : SCANNING : SIS
circuit : 0.4%  2021-12-21T10:25:00+0530
adx : 43.47  aroonosc : 42.86
-----------------------------------------------
10:28:55 : SCANNING : SJVN
circuit : 0.72%  2021-12-21T10:25:00+0530
adx : 28.32  aroonosc : 14.29
-----------------------------------------------
10:28:55 : SCANNING : SKFINDIA
circuit : 0.05%  2021-12-21T10:25:00+0530
adx : 14.61  aroonosc : -42.86
-----------------------------------------------
10:28:56 : SCANNING : SOBHA
circuit : 0.89%  2021-12-21T10:25:00+0530
adx : 22.46  aroonosc : -21.43
-----------------------------------------------
10:28:56 : SCANNING : SOLARA
circuit : 0.18%  2021-12-21T10:25:00+0530
adx : 24.05  aroonosc : -100.0
-----------------------------------------------
10:28:57 : SCANNING : SOLARINDS
circuit : 0.16%  2021-12-21T10:25:00+0530
adx : 17.33  aroonosc : 0.0
-----------------------------------------------
10:28:57 : SCANNING : SONATSOFTW
circuit : 2.69%  2021-12-21T10:25:00+0530
adx : 32.97  aroonosc : 64.29
-----------------------------------------------
10:28:58 : SCANNING : SPANDANA
circuit : 0.53%  2021-12-21T10:25:00+0530
adx : 27.12  aroonosc : 35.71
-----------------------------------------------
10:28:58 : SCANNING : SPARC
circuit : 1.92%  2021-12-21T10:25:00+0530
adx : 14.72  aroonosc : 71.43
-----------------------------------------------
10:28:58 : SCANNING : SPICEJET
circuit : 0.23%  2021-12-21T10:25:00+0530
adx : 29.06  aroonosc : 64.29
-----------------------------------------------
10:29:00 : SCANNING : SRF
circuit : 1.44%  2021-12-21T10:25:00+0530
adx : 31.35  aroonosc : 35.71
-----------------------------------------------
10:29:00 : SCANNING : SRTRANSFIN
circuit : -2.29%  2021-12-21T10:25:00+0530
adx : 20.44  aroonosc : -85.71
-----------------------------------------------
10:29:00 : SCANNING : STAR
circuit : -0.18%  2021-12-21T10:25:00+0530
adx : 15.83  aroonosc : -28.57
-----------------------------------------------
10:29:01 : SCANNING : STARCEMENT
circuit : 0.64%  2021-12-21T10:25:00+0530
adx : 22.83  aroonosc : -35.71
-----------------------------------------------
10:29:01 : SCANNING : STLTECH
circuit : 1.09%  2021-12-21T10:25:00+0530
adx : 31.24  aroonosc : 7.14
-----------------------------------------------
10:29:01 : SCANNING : SUDARSCHEM
circuit : 1.71%  2021-12-21T10:25:00+0530
adx : 33.67  aroonosc : 100.0
-----------------------------------------------
10:29:02 : SCANNING : SUMICHEM
circuit : 1.46%  2021-12-21T10:25:00+0530
adx : 21.33  aroonosc : 100.0
-----------------------------------------------
10:29:02 : SCANNING : SUNCLAYLTD
circuit : 1.44%  2021-12-21T10:25:00+0530
adx : 15.57  aroonosc : -35.71
-----------------------------------------------
10:29:03 : SCANNING : SUNDARMFIN
circuit : -0.53%  2021-12-21T10:25:00+0530
adx : 21.54  aroonosc : -50.0
-----------------------------------------------
10:29:03 : SCANNING : SUNDRMFAST
circuit : -2.32%  2021-12-21T10:25:00+0530
adx : 24.52  aroonosc : -21.43
-----------------------------------------------
10:29:03 : SCANNING : SUNPHARMA
circuit : 2.34%  2021-12-21T10:25:00+0530
adx : 40.97  aroonosc : 78.57
-----------------------------------------------
10:29:04 : SCANNING : SUNTECK
circuit : 1.52%  2021-12-21T10:25:00+0530
adx : 33.48  aroonosc : 57.14
-----------------------------------------------
10:29:04 : SCANNING : SUNTV
circuit : -0.01%  2021-12-21T10:25:00+0530
adx : 28.78  aroonosc : 64.29
-----------------------------------------------
10:29:05 : SCANNING : SUPPETRO
circuit : 1.43%  2021-12-21T10:25:00+0530
adx : 32.23  aroonosc : 64.29
-----------------------------------------------
10:29:05 : SCANNING : SUPRAJIT
circuit : 1.43%  2021-12-21T10:25:00+0530
adx : 35.59  aroonosc : -28.57
-----------------------------------------------
10:29:05 : SCANNING : SUPREMEIND
circuit : 4.93%  2021-12-21T10:25:00+0530
adx : 60.91  aroonosc : 0.0
-----------------------------------------------
10:29:06 : SCANNING : SUVENPHAR
circuit : 1.38%  2021-12-21T10:25:00+0530
adx : 17.32  aroonosc : 7.14
-----------------------------------------------
10:29:06 : SCANNING : SUZLON
circuit : 2.05%  2021-12-21T10:25:00+0530
adx : 43.84  aroonosc : 100.0
-----------------------------------------------
10:29:06 : SCANNING : SWANENERGY
circuit : 3.19%  2021-12-21T10:25:00+0530
adx : 34.89  aroonosc : 0.0
-----------------------------------------------
10:29:07 : SCANNING : SWSOLAR
circuit : 0.38%  2021-12-21T10:25:00+0530
adx : 18.97  aroonosc : 7.14
-----------------------------------------------
10:29:07 : SCANNING : SYMPHONY
circuit : 0.58%  2021-12-21T10:25:00+0530
adx : 39.98  aroonosc : 0.0
-----------------------------------------------
10:29:08 : SCANNING : SYNGENE
circuit : 0.22%  2021-12-21T10:25:00+0530
adx : 31.38  aroonosc : 0.0
-----------------------------------------------
10:29:08 : SCANNING : TASTYBITE
circuit : -1.6%  2021-12-21T10:25:00+0530
adx : 31.91  aroonosc : -71.43
-----------------------------------------------
10:29:08 : SCANNING : TATACHEM
circuit : 1.73%  2021-12-21T10:25:00+0530
adx : 33.36  aroonosc : 100.0
-----------------------------------------------
10:29:09 : SCANNING : TATACOFFEE
circuit : 1.66%  2021-12-21T10:25:00+0530
adx : 26.87  aroonosc : 92.86
-----------------------------------------------
10:29:09 : SCANNING : TATACOMM
circuit : -0.25%  2021-12-21T10:25:00+0530
adx : 18.49  aroonosc : -14.29
-----------------------------------------------
10:29:09 : SCANNING : TATACONSUM
circuit : 1.51%  2021-12-21T10:25:00+0530
adx : 44.02  aroonosc : 14.29
-----------------------------------------------
10:29:10 : SCANNING : TATAELXSI
circuit : 0.24%  2021-12-21T10:25:00+0530
adx : 12.32  aroonosc : -21.43
-----------------------------------------------
10:29:10 : SCANNING : TATAINVEST
circuit : 0.04%  2021-12-21T10:25:00+0530
adx : 33.32  aroonosc : -14.29
-----------------------------------------------
10:29:11 : SCANNING : TATAMOTORS
circuit : 1.05%  2021-12-21T10:25:00+0530
adx : 25.17  aroonosc : 14.29
-----------------------------------------------
10:29:11 : SCANNING : TATAPOWER
circuit : 0.77%  2021-12-21T10:25:00+0530
adx : 37.93  aroonosc : 7.14
-----------------------------------------------
10:29:11 : SCANNING : TATASTEEL
circuit : 1.86%  2021-12-21T10:25:00+0530
adx : 44.26  aroonosc : 78.57
-----------------------------------------------
10:29:12 : SCANNING : TCIEXP
circuit : 2.74%  2021-12-21T10:25:00+0530
adx : 15.49  aroonosc : 100.0
-----------------------------------------------
10:29:12 : SCANNING : TCNSBRANDS
circuit : 2.51%  2021-12-21T10:25:00+0530
adx : 21.25  aroonosc : 0.0
-----------------------------------------------
10:29:13 : SCANNING : TCS
circuit : 1.44%  2021-12-21T10:25:00+0530
adx : 44.87  aroonosc : 78.57
-----------------------------------------------
10:29:13 : SCANNING : TEAMLEASE
circuit : 0.41%  2021-12-21T10:25:00+0530
adx : 13.93  aroonosc : 0.0
-----------------------------------------------
10:29:14 : SCANNING : TECHM
circuit : 1.91%  2021-12-21T10:25:00+0530
adx : 34.62  aroonosc : 50.0
-----------------------------------------------
10:29:14 : SCANNING : THERMAX
circuit : 1.82%  2021-12-21T10:25:00+0530
adx : 34.35  aroonosc : 100.0
-----------------------------------------------
10:29:14 : SCANNING : THYROCARE
circuit : -0.97%  2021-12-21T10:25:00+0530
adx : 16.68  aroonosc : -100.0
-----------------------------------------------
10:29:15 : SCANNING : TIINDIA
circuit : -0.49%  2021-12-21T10:25:00+0530
adx : 26.49  aroonosc : -42.86
-----------------------------------------------
10:29:15 : SCANNING : TIMKEN
circuit : 2.43%  2021-12-21T10:25:00+0530
adx : 36.54  aroonosc : 100.0
-----------------------------------------------
10:29:16 : SCANNING : TITAN
circuit : 1.93%  2021-12-21T10:25:00+0530
adx : 37.21  aroonosc : 21.43
-----------------------------------------------
10:29:16 : SCANNING : TORNTPHARM
circuit : 2.61%  2021-12-21T10:25:00+0530
adx : 28.01  aroonosc : 100.0
-----------------------------------------------
10:29:16 : SCANNING : TORNTPOWER
circuit : 0.21%  2021-12-21T10:25:00+0530
adx : 29.43  aroonosc : 14.29
-----------------------------------------------
10:29:17 : SCANNING : TRENT
circuit : -0.04%  2021-12-21T10:25:00+0530
adx : 24.34  aroonosc : 100.0
-----------------------------------------------
10:29:17 : SCANNING : TRIDENT
circuit : 5.54%  2021-12-21T10:25:00+0530
adx : 16.64  aroonosc : 64.29
-----------------------------------------------
10:29:17 : SCANNING : TRITURBINE
circuit : -0.76%  2021-12-21T10:25:00+0530
adx : 53.12  aroonosc : -28.57
-----------------------------------------------
10:29:18 : SCANNING : TTKPRESTIG
circuit : 2.4%  2021-12-21T10:25:00+0530
adx : 25.62  aroonosc : 7.14
-----------------------------------------------
10:29:18 : SCANNING : TV18BRDCST
circuit : 0.11%  2021-12-21T10:25:00+0530
adx : 11.59  aroonosc : 14.29
-----------------------------------------------
10:29:18 : SCANNING : TVSMOTOR
circuit : 1.18%  2021-12-21T10:25:00+0530
adx : 43.25  aroonosc : 57.14
-----------------------------------------------
10:29:19 : SCANNING : UBL
circuit : 2.35%  2021-12-21T10:25:00+0530
adx : 29.73  aroonosc : 78.57
-----------------------------------------------
10:29:19 : SCANNING : UCOBANK
circuit : 1.18%  2021-12-21T10:25:00+0530
adx : 46.96  aroonosc : 14.29
-----------------------------------------------
10:29:20 : SCANNING : UFLEX
circuit : -1.45%  2021-12-21T10:25:00+0530
adx : 35.37  aroonosc : -35.71
-----------------------------------------------
10:29:20 : SCANNING : UJJIVAN
circuit : 0.23%  2021-12-21T10:25:00+0530
adx : 26.76  aroonosc : 7.14
-----------------------------------------------
10:29:20 : SCANNING : UJJIVANSFB
-----------------------------------------------
10:29:21 : SCANNING : ULTRACEMCO
circuit : 0.86%  2021-12-21T10:25:00+0530
adx : 28.77  aroonosc : 100.0
-----------------------------------------------
10:29:21 : SCANNING : UNIONBANK
circuit : 1.18%  2021-12-21T10:25:00+0530
adx : 11.79  aroonosc : 14.29
-----------------------------------------------
10:29:21 : SCANNING : UPL
circuit : 1.38%  2021-12-21T10:25:00+0530
adx : 39.07  aroonosc : 57.14
-----------------------------------------------
10:29:22 : SCANNING : UTIAMC
circuit : 1.7%  2021-12-21T10:25:00+0530
adx : 16.27  aroonosc : 7.14
-----------------------------------------------
10:29:22 : SCANNING : VAIBHAVGBL
circuit : -0.12%  2021-12-21T10:25:00+0530
adx : 17.56  aroonosc : -28.57
-----------------------------------------------
10:29:22 : SCANNING : VAKRANGEE
circuit : 1.41%  2021-12-21T10:25:00+0530
adx : 27.93  aroonosc : 71.43
-----------------------------------------------
10:29:23 : SCANNING : VALIANTORG
circuit : 0.6%  2021-12-21T10:25:00+0530
adx : 12.57  aroonosc : 100.0
-----------------------------------------------
10:29:23 : SCANNING : VARROC
circuit : 2.46%  2021-12-21T10:25:00+0530
adx : 21.92  aroonosc : 100.0
-----------------------------------------------
10:29:24 : SCANNING : VBL
circuit : 0.6%  2021-12-21T10:25:00+0530
adx : 15.8  aroonosc : 7.14
-----------------------------------------------
10:29:24 : SCANNING : VEDL
circuit : 1.38%  2021-12-21T10:25:00+0530
adx : 51.39  aroonosc : 85.71
-----------------------------------------------
10:29:24 : SCANNING : VENKEYS
circuit : -0.16%  2021-12-21T10:25:00+0530
adx : 27.96  aroonosc : -21.43
-----------------------------------------------
10:29:25 : SCANNING : VGUARD
circuit : 0.44%  2021-12-21T10:25:00+0530
adx : 15.25  aroonosc : -21.43
-----------------------------------------------
10:29:25 : SCANNING : VINATIORGA
circuit : -2.75%  2021-12-21T10:25:00+0530
adx : 21.78  aroonosc : -78.57
-----------------------------------------------
10:29:26 : SCANNING : VIPIND
circuit : 3.34%  2021-12-21T10:25:00+0530
adx : 23.56  aroonosc : 100.0
-----------------------------------------------
10:29:27 : SCANNING : VMART
circuit : -0.89%  2021-12-21T10:25:00+0530
adx : 25.83  aroonosc : -35.71
-----------------------------------------------
10:29:27 : SCANNING : VOLTAS
circuit : 0.86%  2021-12-21T10:25:00+0530
adx : 38.02  aroonosc : 64.29
-----------------------------------------------
10:29:28 : SCANNING : VSTIND
circuit : 0.37%  2021-12-21T10:25:00+0530
adx : 19.1  aroonosc : 0.0
-----------------------------------------------
10:29:28 : SCANNING : VTL
circuit : 5.68%  2021-12-21T10:25:00+0530
adx : 44.48  aroonosc : 57.14
-----------------------------------------------
10:29:28 : SCANNING : WABCOINDIA
circuit : 0.7%  2021-12-21T10:25:00+0530
adx : 11.35  aroonosc : 0.0
-----------------------------------------------
10:29:29 : SCANNING : WELCORP
circuit : 3.91%  2021-12-21T10:25:00+0530
adx : 42.47  aroonosc : 57.14
-----------------------------------------------
10:29:29 : SCANNING : WELSPUNIND
circuit : 1.32%  2021-12-21T10:25:00+0530
adx : 23.16  aroonosc : 7.14
-----------------------------------------------
10:29:29 : SCANNING : WESTLIFE
circuit : 0.22%  2021-12-21T10:25:00+0530
adx : 22.51  aroonosc : -21.43
-----------------------------------------------
10:29:30 : SCANNING : WHIRLPOOL
circuit : 0.93%  2021-12-21T10:25:00+0530
adx : 20.44  aroonosc : 57.14
-----------------------------------------------
10:29:30 : SCANNING : WIPRO
circuit : 1.58%  2021-12-21T10:25:00+0530
adx : 54.2  aroonosc : 85.71
-----------------------------------------------
10:29:30 : SCANNING : WOCKPHARMA
circuit : 0.51%  2021-12-21T10:25:00+0530
adx : 24.72  aroonosc : -28.57
-----------------------------------------------
10:29:31 : SCANNING : YESBANK
-----------------------------------------------
10:29:31 : SCANNING : ZEEL
circuit : 2.12%  2021-12-21T10:25:00+0530
adx : 25.6  aroonosc : 57.14
-----------------------------------------------
10:29:32 : SCANNING : ZENSARTECH
circuit : 3.74%  2021-12-21T10:25:00+0530
adx : 41.75  aroonosc : 64.29
-----------------------------------------------
10:29:32 : SCANNING : ZYDUSWELL
circuit : -1.06%  2021-12-21T10:25:00+0530
adx : 36.55  aroonosc : -35.71
-----------------------------------------------
10:29:32 : SCANNING : PAYTM
circuit : 1.75%  2021-12-21T10:25:00+0530
adx : 27.78  aroonosc : 14.29
-----------------------------------------------
===================================================
10:29:32 : END
===================================================
Start Time     : 2021-12-21 10:26:02.447927
End Time       : 2021-12-21 10:29:32.813264
Time Taken     : 3.0
===================================================
