===================================================
10:20:04 : START
===================================================
10:20:04 : PROCESSING INSTRUMENTS SYMBOLS
-----------------------------------------------
10:20:05 : SCANNING : 3MINDIA
circuit : -0.53%  2021-12-21T10:15:00+0530
adx : 25.31  aroonosc : 7.14
-----------------------------------------------
10:20:05 : SCANNING : AARTIDRUGS
circuit : 0.88%  2021-12-21T10:20:00+0530
adx : 10.69  aroonosc : 100.0
-----------------------------------------------
10:20:05 : SCANNING : AARTIIND
circuit : 1.04%  2021-12-21T10:20:00+0530
adx : 32.01  aroonosc : 7.14
-----------------------------------------------
10:20:06 : SCANNING : AAVAS
circuit : -0.88%  2021-12-21T10:20:00+0530
adx : 47.44  aroonosc : -7.14
-----------------------------------------------
10:20:06 : SCANNING : ABB
circuit : 0.05%  2021-12-21T10:15:00+0530
adx : 19.22  aroonosc : 14.29
-----------------------------------------------
10:20:06 : SCANNING : ABBOTINDIA
circuit : -0.24%  2021-12-21T10:20:00+0530
adx : 31.54  aroonosc : 7.14
-----------------------------------------------
10:20:07 : SCANNING : ABCAPITAL
circuit : 2.77%  2021-12-21T10:20:00+0530
adx : 29.35  aroonosc : 64.29
-----------------------------------------------
10:20:07 : SCANNING : ABFRL
circuit : 2.91%  2021-12-21T10:20:00+0530
adx : 43.13  aroonosc : 71.43
-----------------------------------------------
10:20:07 : SCANNING : ACC
circuit : 1.22%  2021-12-21T10:20:00+0530
adx : 41.82  aroonosc : 92.86
-----------------------------------------------
10:20:08 : SCANNING : ADANIENT
circuit : 0.9%  2021-12-21T10:15:00+0530
adx : 33.24  aroonosc : 92.86
-----------------------------------------------
10:20:08 : SCANNING : ADANIGREEN
circuit : 0.35%  2021-12-21T10:20:00+0530
adx : 25.77  aroonosc : 7.14
-----------------------------------------------
10:20:08 : SCANNING : ADANIPORTS
circuit : -0.89%  2021-12-21T10:15:00+0530
adx : 26.3  aroonosc : 21.43
-----------------------------------------------
10:20:09 : SCANNING : ADVENZYMES
circuit : 1.59%  2021-12-21T10:20:00+0530
adx : 23.85  aroonosc : 100.0
-----------------------------------------------
10:20:09 : SCANNING : AEGISCHEM
circuit : -2.02%  2021-12-21T10:20:00+0530
adx : 43.51  aroonosc : -35.71
-----------------------------------------------
10:20:09 : SCANNING : AFFLE
circuit : 0.91%  2021-12-21T10:20:00+0530
adx : 16.74  aroonosc : 14.29
-----------------------------------------------
10:20:10 : SCANNING : AIAENG
circuit : -0.48%  2021-12-21T10:15:00+0530
adx : 14.59  aroonosc : 14.29
-----------------------------------------------
10:20:10 : SCANNING : AJANTPHARM
circuit : -0.52%  2021-12-21T10:15:00+0530
adx : 17.25  aroonosc : -28.57
-----------------------------------------------
10:20:10 : SCANNING : AKZOINDIA
circuit : -0.74%  2021-12-21T10:15:00+0530
adx : 30.0  aroonosc : 35.71
-----------------------------------------------
10:20:11 : SCANNING : ALEMBICLTD
circuit : -0.77%  2021-12-21T10:15:00+0530
adx : 14.07  aroonosc : 14.29
-----------------------------------------------
10:20:11 : SCANNING : ALKEM
circuit : 0.34%  2021-12-21T10:20:00+0530
adx : 12.41  aroonosc : 28.57
-----------------------------------------------
10:20:11 : SCANNING : ALKYLAMINE
circuit : -1.78%  2021-12-21T10:20:00+0530
adx : 41.03  aroonosc : -57.14
-----------------------------------------------
10:20:12 : SCANNING : ALOKINDS
circuit : 1.54%  2021-12-21T10:20:00+0530
adx : 43.52  aroonosc : 21.43
-----------------------------------------------
10:20:12 : SCANNING : AMARAJABAT
circuit : 0.07%  2021-12-21T10:20:00+0530
adx : 32.75  aroonosc : 14.29
-----------------------------------------------
10:20:12 : SCANNING : AMBER
circuit : 2.85%  2021-12-21T10:20:00+0530
adx : 40.53  aroonosc : 78.57
-----------------------------------------------
10:20:13 : SCANNING : AMBUJACEM
circuit : 1.94%  2021-12-21T10:20:00+0530
adx : 39.35  aroonosc : 92.86
-----------------------------------------------
10:20:13 : SCANNING : ANGELBRKG
circuit : 2.46%  2021-12-21T10:15:00+0530
adx : 41.0  aroonosc : 64.29
-----------------------------------------------
10:20:14 : SCANNING : APLAPOLLO
circuit : 1.71%  2021-12-21T10:15:00+0530
adx : 16.93  aroonosc : 14.29
-----------------------------------------------
10:20:14 : SCANNING : APLLTD
circuit : -1.05%  2021-12-21T10:20:00+0530
adx : 50.91  aroonosc : -14.29
-----------------------------------------------
10:20:14 : SCANNING : APOLLOHOSP
circuit : -0.45%  2021-12-21T10:20:00+0530
adx : 30.34  aroonosc : -35.71
-----------------------------------------------
10:20:15 : SCANNING : APOLLOTYRE
-----------------------------------------------
10:20:15 : SCANNING : ASAHIINDIA
circuit : -1.93%  2021-12-21T10:20:00+0530
adx : 34.14  aroonosc : 7.14
-----------------------------------------------
10:20:15 : SCANNING : ASHOKA
circuit : 0.28%  2021-12-21T10:20:00+0530
adx : 26.85  aroonosc : 14.29
-----------------------------------------------
10:20:16 : SCANNING : ASHOKLEY
circuit : 2.04%  2021-12-21T10:15:00+0530
adx : 36.58  aroonosc : 92.86
-----------------------------------------------
10:20:16 : SCANNING : ASIANPAINT
circuit : 0.41%  2021-12-21T10:20:00+0530
adx : 35.44  aroonosc : 14.29
-----------------------------------------------
10:20:16 : SCANNING : ASTERDM
circuit : -0.51%  2021-12-21T10:20:00+0530
adx : 40.85  aroonosc : -35.71
-----------------------------------------------
10:20:17 : SCANNING : ASTRAL
circuit : -1.87%  2021-12-21T10:20:00+0530
adx : 19.17  aroonosc : 7.14
-----------------------------------------------
10:20:17 : SCANNING : ASTRAZEN
circuit : 0.13%  2021-12-21T10:20:00+0530
adx : 33.23  aroonosc : 78.57
-----------------------------------------------
10:20:17 : SCANNING : ATUL
circuit : -0.03%  2021-12-21T10:20:00+0530
adx : 16.85  aroonosc : 21.43
-----------------------------------------------
10:20:18 : SCANNING : AUBANK
circuit : 3.68%  2021-12-21T10:15:00+0530
adx : 39.89  aroonosc : 100.0
-----------------------------------------------
10:20:18 : SCANNING : AUROPHARMA
circuit : -0.88%  2021-12-21T10:20:00+0530
adx : 18.15  aroonosc : -28.57
-----------------------------------------------
10:20:18 : SCANNING : AVANTIFEED
circuit : -0.53%  2021-12-21T10:20:00+0530
adx : 40.68  aroonosc : 14.29
-----------------------------------------------
10:20:19 : SCANNING : AXISBANK
circuit : -1.05%  2021-12-21T10:15:00+0530
adx : 21.81  aroonosc : -21.43
-----------------------------------------------
10:20:19 : SCANNING : BAJAJ-AUTO
circuit : 0.92%  2021-12-21T10:15:00+0530
adx : 48.34  aroonosc : 85.71
-----------------------------------------------
10:20:19 : SCANNING : BAJAJCON
circuit : 0.23%  2021-12-21T10:20:00+0530
adx : 24.86  aroonosc : 64.29
-----------------------------------------------
10:20:20 : SCANNING : BAJAJELEC
circuit : -1.44%  2021-12-21T10:15:00+0530
adx : 17.04  aroonosc : 14.29
-----------------------------------------------
10:20:20 : SCANNING : BAJAJFINSV
circuit : -1.33%  2021-12-21T10:20:00+0530
adx : 38.84  aroonosc : 7.14
-----------------------------------------------
10:20:20 : SCANNING : BAJAJHLDNG
circuit : 0.05%  2021-12-21T10:20:00+0530
adx : 14.76  aroonosc : 7.14
-----------------------------------------------
10:20:21 : SCANNING : BAJFINANCE
circuit : -0.15%  2021-12-21T10:15:00+0530
adx : 30.32  aroonosc : 21.43
-----------------------------------------------
10:20:21 : SCANNING : BALAMINES
circuit : 0.08%  2021-12-21T10:15:00+0530
adx : 16.27  aroonosc : 7.14
-----------------------------------------------
10:20:22 : SCANNING : BALKRISIND
circuit : -1.18%  2021-12-21T10:20:00+0530
adx : 16.33  aroonosc : 0.0
-----------------------------------------------
10:20:22 : SCANNING : BALMLAWRIE
circuit : 0.97%  2021-12-21T10:20:00+0530
adx : 27.07  aroonosc : 7.14
-----------------------------------------------
10:20:22 : SCANNING : BALRAMCHIN
circuit : 2.01%  2021-12-21T10:20:00+0530
adx : 45.42  aroonosc : 85.71
-----------------------------------------------
10:20:23 : SCANNING : BANDHANBNK
circuit : 0.22%  2021-12-21T10:20:00+0530
adx : 23.91  aroonosc : 21.43
-----------------------------------------------
10:20:23 : SCANNING : BANKBARODA
circuit : 0.74%  2021-12-21T10:15:00+0530
adx : 18.97  aroonosc : 21.43
-----------------------------------------------
10:20:23 : SCANNING : BANKINDIA
circuit : 0.99%  2021-12-21T10:20:00+0530
adx : 41.73  aroonosc : 14.29
-----------------------------------------------
10:20:24 : SCANNING : BASF
circuit : 0.76%  2021-12-21T10:20:00+0530
adx : 49.72  aroonosc : 7.14
-----------------------------------------------
10:20:24 : SCANNING : BATAINDIA
circuit : 1.3%  2021-12-21T10:20:00+0530
adx : 32.66  aroonosc : 28.57
-----------------------------------------------
10:20:24 : SCANNING : BAYERCROP
circuit : -1.59%  2021-12-21T10:20:00+0530
adx : 29.05  aroonosc : 7.14
-----------------------------------------------
10:20:25 : SCANNING : BBTC
circuit : 0.03%  2021-12-21T10:20:00+0530
adx : 22.82  aroonosc : -35.71
-----------------------------------------------
10:20:25 : SCANNING : BDL
circuit : 1.94%  2021-12-21T10:20:00+0530
adx : 32.84  aroonosc : 7.14
-----------------------------------------------
10:20:25 : SCANNING : BEL
circuit : 1.28%  2021-12-21T10:20:00+0530
adx : 33.97  aroonosc : 21.43
-----------------------------------------------
10:20:26 : SCANNING : BEML
circuit : 2.38%  2021-12-21T10:15:00+0530
adx : 51.97  aroonosc : 21.43
-----------------------------------------------
10:20:26 : SCANNING : BERGEPAINT
circuit : 0.34%  2021-12-21T10:20:00+0530
adx : 34.41  aroonosc : 21.43
-----------------------------------------------
10:20:26 : SCANNING : BHARATFORG
circuit : 1.0%  2021-12-21T10:20:00+0530
adx : 21.99  aroonosc : 64.29
-----------------------------------------------
10:20:27 : SCANNING : BHARATRAS
circuit : 2.12%  2021-12-21T10:20:00+0530
adx : 44.44  aroonosc : 42.86
-----------------------------------------------
10:20:27 : SCANNING : BHARTIARTL
circuit : 0.03%  2021-12-21T10:20:00+0530
adx : 34.81  aroonosc : 21.43
-----------------------------------------------
10:20:27 : SCANNING : BHEL
circuit : 0.35%  2021-12-21T10:15:00+0530
adx : 16.1  aroonosc : 21.43
-----------------------------------------------
10:20:28 : SCANNING : BIOCON
circuit : 0.74%  2021-12-21T10:20:00+0530
adx : 11.48  aroonosc : 92.86
-----------------------------------------------
10:20:28 : SCANNING : BIRLACORPN
circuit : 1.38%  2021-12-21T10:20:00+0530
adx : 17.05  aroonosc : 85.71
-----------------------------------------------
10:20:29 : SCANNING : BLISSGVS
circuit : 1.16%  2021-12-21T10:20:00+0530
adx : 20.82  aroonosc : 21.43
-----------------------------------------------
10:20:29 : SCANNING : BLUEDART
circuit : 2.37%  2021-12-21T10:20:00+0530
adx : 42.45  aroonosc : 78.57
-----------------------------------------------
10:20:29 : SCANNING : BLUESTARCO
circuit : -1.09%  2021-12-21T10:20:00+0530
adx : 25.8  aroonosc : -42.86
-----------------------------------------------
10:20:30 : SCANNING : BOSCHLTD
circuit : 3.21%  2021-12-21T10:20:00+0530
adx : 49.85  aroonosc : 71.43
-----------------------------------------------
10:20:30 : SCANNING : BPCL
circuit : -0.93%  2021-12-21T10:15:00+0530
adx : 21.94  aroonosc : -35.71
-----------------------------------------------
10:20:30 : SCANNING : BRIGADE
circuit : 3.16%  2021-12-21T10:20:00+0530
adx : 34.02  aroonosc : 92.86
-----------------------------------------------
10:20:31 : SCANNING : BRITANNIA
circuit : 0.84%  2021-12-21T10:15:00+0530
adx : 24.01  aroonosc : 92.86
-----------------------------------------------
10:20:31 : SCANNING : BSE
circuit : -1.07%  2021-12-21T10:20:00+0530
adx : 17.64  aroonosc : 7.14
-----------------------------------------------
10:20:32 : SCANNING : BSOFT
circuit : -0.68%  2021-12-21T10:20:00+0530
adx : 22.27  aroonosc : 14.29
-----------------------------------------------
10:20:32 : SCANNING : BURGERKING
circuit : 0.97%  2021-12-21T10:20:00+0530
adx : 28.85  aroonosc : 21.43
-----------------------------------------------
10:20:32 : SCANNING : CADILAHC
circuit : 0.92%  2021-12-21T10:15:00+0530
adx : 33.31  aroonosc : 92.86
-----------------------------------------------
10:20:33 : SCANNING : CAMS
-----------------------------------------------
10:20:33 : SCANNING : CANBK
circuit : -0.23%  2021-12-21T10:20:00+0530
adx : 25.87  aroonosc : 21.43
-----------------------------------------------
10:20:33 : SCANNING : CANFINHOME
circuit : 0.38%  2021-12-21T10:20:00+0530
adx : 21.55  aroonosc : 14.29
-----------------------------------------------
10:20:34 : SCANNING : CAPLIPOINT
circuit : 0.52%  2021-12-21T10:20:00+0530
adx : 29.45  aroonosc : 14.29
-----------------------------------------------
10:20:34 : SCANNING : CARBORUNIV
circuit : 1.88%  2021-12-21T10:20:00+0530
adx : 18.84  aroonosc : 92.86
-----------------------------------------------
10:20:34 : SCANNING : CASTROLIND
circuit : -0.77%  2021-12-21T10:20:00+0530
adx : 19.06  aroonosc : -35.71
-----------------------------------------------
10:20:35 : SCANNING : CCL
circuit : 1.63%  2021-12-21T10:20:00+0530
adx : 33.04  aroonosc : 21.43
-----------------------------------------------
10:20:35 : SCANNING : CEATLTD
circuit : 0.25%  2021-12-21T10:20:00+0530
adx : 18.2  aroonosc : 14.29
-----------------------------------------------
10:20:36 : SCANNING : CENTRALBK
circuit : 1.9%  2021-12-21T10:20:00+0530
adx : 39.72  aroonosc : 14.29
-----------------------------------------------
10:20:37 : SCANNING : CENTURYPLY
circuit : 0.97%  2021-12-21T10:20:00+0530
adx : 16.19  aroonosc : 14.29
-----------------------------------------------
10:20:37 : SCANNING : CENTURYTEX
circuit : 2.72%  2021-12-21T10:20:00+0530
adx : 22.99  aroonosc : 100.0
-----------------------------------------------
10:20:37 : SCANNING : CERA
circuit : 3.77%  2021-12-21T10:20:00+0530
adx : 35.66  aroonosc : 92.86
-----------------------------------------------
10:20:38 : SCANNING : CESC
circuit : 1.34%  2021-12-21T10:20:00+0530
adx : 35.39  aroonosc : 85.71
-----------------------------------------------
10:20:38 : SCANNING : CGCL
circuit : -0.25%  2021-12-21T10:20:00+0530
adx : 28.24  aroonosc : -78.57
-----------------------------------------------
10:20:38 : SCANNING : CHALET
circuit : 0.2%  2021-12-21T10:20:00+0530
adx : 9.89  aroonosc : -14.29
-----------------------------------------------
10:20:39 : SCANNING : CHAMBLFERT
circuit : 0.45%  2021-12-21T10:20:00+0530
adx : 26.68  aroonosc : 7.14
-----------------------------------------------
10:20:39 : SCANNING : CHOLAFIN
circuit : 1.36%  2021-12-21T10:20:00+0530
adx : 31.35  aroonosc : 85.71
-----------------------------------------------
10:20:39 : SCANNING : CHOLAHLDNG
circuit : 0.37%  2021-12-21T10:20:00+0530
adx : 18.5  aroonosc : -21.43
-----------------------------------------------
10:20:40 : SCANNING : CIPLA
circuit : -0.23%  2021-12-21T10:15:00+0530
adx : 17.03  aroonosc : -14.29
-----------------------------------------------
10:20:40 : SCANNING : COALINDIA
circuit : 1.34%  2021-12-21T10:20:00+0530
adx : 41.63  aroonosc : 92.86
-----------------------------------------------
10:20:40 : SCANNING : COCHINSHIP
circuit : 1.25%  2021-12-21T10:20:00+0530
adx : 22.68  aroonosc : 14.29
-----------------------------------------------
10:20:41 : SCANNING : COFORGE
circuit : 2.25%  2021-12-21T10:15:00+0530
adx : 39.16  aroonosc : 57.14
-----------------------------------------------
10:20:41 : SCANNING : COLPAL
circuit : 1.47%  2021-12-21T10:20:00+0530
adx : 42.08  aroonosc : 64.29
-----------------------------------------------
10:20:41 : SCANNING : CONCOR
circuit : -0.62%  2021-12-21T10:20:00+0530
adx : 16.52  aroonosc : 28.57
-----------------------------------------------
10:20:42 : SCANNING : COROMANDEL
circuit : 0.19%  2021-12-21T10:20:00+0530
adx : 12.39  aroonosc : 14.29
-----------------------------------------------
10:20:42 : SCANNING : CREDITACC
circuit : -1.52%  2021-12-21T10:20:00+0530
adx : 12.68  aroonosc : 7.14
-----------------------------------------------
10:20:43 : SCANNING : CRISIL
circuit : 1.45%  2021-12-21T10:20:00+0530
adx : 30.15  aroonosc : 21.43
-----------------------------------------------
10:20:43 : SCANNING : CROMPTON
circuit : 0.46%  2021-12-21T10:20:00+0530
adx : 24.89  aroonosc : 78.57
-----------------------------------------------
10:20:43 : SCANNING : CSBBANK
circuit : 0.89%  2021-12-21T10:20:00+0530
adx : 19.03  aroonosc : 42.86
-----------------------------------------------
10:20:44 : SCANNING : CUB
circuit : 0.41%  2021-12-21T10:20:00+0530
adx : 31.28  aroonosc : 14.29
-----------------------------------------------
10:20:44 : SCANNING : CUMMINSIND
circuit : 1.16%  2021-12-21T10:20:00+0530
adx : 33.21  aroonosc : 14.29
-----------------------------------------------
10:20:44 : SCANNING : CYIENT
circuit : 0.03%  2021-12-21T10:20:00+0530
adx : 19.2  aroonosc : 14.29
-----------------------------------------------
10:20:45 : SCANNING : DABUR
circuit : 0.5%  2021-12-21T10:20:00+0530
adx : 43.03  aroonosc : 0.0
-----------------------------------------------
10:20:45 : SCANNING : DALBHARAT
circuit : 3.43%  2021-12-21T10:20:00+0530
adx : 41.7  aroonosc : 92.86
-----------------------------------------------
10:20:45 : SCANNING : DBL
circuit : -0.88%  2021-12-21T10:20:00+0530
adx : 45.85  aroonosc : 7.14
-----------------------------------------------
10:20:45 : SCANNING : DCAL
circuit : 2.37%  2021-12-21T10:20:00+0530
adx : 20.11  aroonosc : 92.86
-----------------------------------------------
10:20:46 : SCANNING : DCBBANK
circuit : 2.49%  2021-12-21T10:20:00+0530
adx : 36.28  aroonosc : 14.29
-----------------------------------------------
10:20:46 : SCANNING : DCMSHRIRAM
circuit : 1.53%  2021-12-21T10:20:00+0530
adx : 18.56  aroonosc : 85.71
-----------------------------------------------
10:20:47 : SCANNING : DEEPAKNTR
circuit : 1.67%  2021-12-21T10:15:00+0530
adx : 36.63  aroonosc : 100.0
-----------------------------------------------
10:20:47 : SCANNING : DELTACORP
circuit : 0.48%  2021-12-21T10:20:00+0530
adx : 23.03  aroonosc : 14.29
-----------------------------------------------
10:20:47 : SCANNING : DHANI
circuit : 2.96%  2021-12-21T10:15:00+0530
adx : 27.62  aroonosc : 14.29
-----------------------------------------------
10:20:48 : SCANNING : DHANUKA
circuit : -0.3%  2021-12-21T10:20:00+0530
adx : 18.4  aroonosc : -35.71
-----------------------------------------------
10:20:48 : SCANNING : DISHTV
circuit : 2.69%  2021-12-21T10:20:00+0530
adx : 41.53  aroonosc : -21.43
-----------------------------------------------
10:20:48 : SCANNING : DIVISLAB
circuit : -1.18%  2021-12-21T10:15:00+0530
adx : 23.51  aroonosc : -21.43
-----------------------------------------------
10:20:49 : SCANNING : DIXON
circuit : 1.42%  2021-12-21T10:15:00+0530
adx : 40.19  aroonosc : 14.29
-----------------------------------------------
10:20:49 : SCANNING : DLF
circuit : 0.73%  2021-12-21T10:20:00+0530
adx : 39.79  aroonosc : 21.43
-----------------------------------------------
10:20:50 : SCANNING : DMART
circuit : 0.53%  2021-12-21T10:20:00+0530
adx : 20.28  aroonosc : 7.14
-----------------------------------------------
10:20:50 : SCANNING : DRREDDY
circuit : 0.74%  2021-12-21T10:15:00+0530
adx : 26.37  aroonosc : 7.14
-----------------------------------------------
10:20:50 : SCANNING : ECLERX
circuit : 1.42%  2021-12-21T10:20:00+0530
adx : 18.21  aroonosc : 7.14
-----------------------------------------------
10:20:51 : SCANNING : EDELWEISS
-----------------------------------------------
10:20:51 : SCANNING : EICHERMOT
circuit : -0.09%  2021-12-21T10:20:00+0530
adx : 34.68  aroonosc : -21.43
-----------------------------------------------
10:20:51 : SCANNING : EIDPARRY
circuit : 1.77%  2021-12-21T10:20:00+0530
adx : 27.9  aroonosc : 14.29
-----------------------------------------------
10:20:52 : SCANNING : EIHOTEL
circuit : 1.86%  2021-12-21T10:20:00+0530
adx : 14.58  aroonosc : 21.43
-----------------------------------------------
10:20:52 : SCANNING : ELGIEQUIP
circuit : 2.17%  2021-12-21T10:20:00+0530
adx : 37.18  aroonosc : 35.71
-----------------------------------------------
10:20:52 : SCANNING : EMAMILTD
circuit : -0.77%  2021-12-21T10:20:00+0530
adx : 39.22  aroonosc : 14.29
-----------------------------------------------
10:20:53 : SCANNING : ENDURANCE
circuit : -0.05%  2021-12-21T10:20:00+0530
adx : 24.26  aroonosc : 28.57
-----------------------------------------------
10:20:53 : SCANNING : ENGINERSIN
circuit : -0.07%  2021-12-21T10:20:00+0530
adx : 21.01  aroonosc : 14.29
-----------------------------------------------
10:20:54 : SCANNING : EPL
circuit : 0.42%  2021-12-21T10:15:00+0530
adx : 19.83  aroonosc : 100.0
-----------------------------------------------
10:20:54 : SCANNING : EQUITAS
circuit : -1.31%  2021-12-21T10:20:00+0530
adx : 28.67  aroonosc : 7.14
-----------------------------------------------
10:20:54 : SCANNING : ERIS
circuit : -0.12%  2021-12-21T10:20:00+0530
adx : 24.28  aroonosc : 7.14
-----------------------------------------------
10:20:55 : SCANNING : ESCORTS
circuit : 0.67%  2021-12-21T10:20:00+0530
adx : 27.89  aroonosc : 57.14
-----------------------------------------------
10:20:55 : SCANNING : EXIDEIND
circuit : 0.64%  2021-12-21T10:15:00+0530
adx : 44.75  aroonosc : 57.14
-----------------------------------------------
10:20:55 : SCANNING : FCONSUMER
circuit : -5.33%  2021-12-21T10:20:00+0530
adx : 38.6  aroonosc : -7.14
-----------------------------------------------
10:20:56 : SCANNING : FDC
circuit : 0.5%  2021-12-21T10:20:00+0530
adx : 19.63  aroonosc : 21.43
-----------------------------------------------
10:20:56 : SCANNING : FEDERALBNK
circuit : -0.79%  2021-12-21T10:20:00+0530
adx : 24.06  aroonosc : -21.43
-----------------------------------------------
10:20:57 : SCANNING : FINCABLES
circuit : 0.75%  2021-12-21T10:20:00+0530
adx : 11.72  aroonosc : 21.43
-----------------------------------------------
10:20:57 : SCANNING : FINEORG
circuit : 1.01%  2021-12-21T10:20:00+0530
adx : 17.61  aroonosc : 14.29
-----------------------------------------------
10:20:57 : SCANNING : FINPIPE
circuit : 3.07%  2021-12-21T10:20:00+0530
adx : 29.37  aroonosc : 100.0
-----------------------------------------------
10:20:58 : SCANNING : FLUOROCHEM
circuit : 3.19%  2021-12-21T10:20:00+0530
adx : 36.79  aroonosc : 57.14
-----------------------------------------------
10:20:58 : SCANNING : FORTIS
circuit : 3.19%  2021-12-21T10:15:00+0530
adx : 37.65  aroonosc : 92.86
-----------------------------------------------
10:20:58 : SCANNING : FRETAIL
circuit : -8.23%  2021-12-21T10:20:00+0530
adx : 48.37  aroonosc : -7.14
-----------------------------------------------
10:20:59 : SCANNING : FSL
circuit : 0.84%  2021-12-21T10:20:00+0530
adx : 13.88  aroonosc : 14.29
-----------------------------------------------
10:20:59 : SCANNING : GAEL
circuit : 1.28%  2021-12-21T10:20:00+0530
adx : 13.77  aroonosc : 14.29
-----------------------------------------------
10:20:59 : SCANNING : GAIL
circuit : 0.91%  2021-12-21T10:15:00+0530
adx : 36.38  aroonosc : 64.29
-----------------------------------------------
10:21:00 : SCANNING : GALAXYSURF
circuit : -0.61%  2021-12-21T10:20:00+0530
adx : 34.23  aroonosc : -7.14
-----------------------------------------------
10:21:00 : SCANNING : GARFIBRES
circuit : -0.38%  2021-12-21T10:20:00+0530
adx : 38.67  aroonosc : 0.0
-----------------------------------------------
10:21:01 : SCANNING : GEPIL
circuit : 1.94%  2021-12-21T10:20:00+0530
adx : 15.94  aroonosc : 21.43
-----------------------------------------------
10:21:01 : SCANNING : GESHIP
circuit : 1.34%  2021-12-21T10:20:00+0530
adx : 26.75  aroonosc : 64.29
-----------------------------------------------
10:21:01 : SCANNING : GICRE
circuit : 1.05%  2021-12-21T10:20:00+0530
adx : 17.8  aroonosc : 7.14
-----------------------------------------------
10:21:02 : SCANNING : GILLETTE
circuit : 0.99%  2021-12-21T10:20:00+0530
adx : 18.95  aroonosc : 0.0
-----------------------------------------------
10:21:02 : SCANNING : GLAND
circuit : 1.11%  2021-12-21T10:20:00+0530
adx : 23.52  aroonosc : 85.71
-----------------------------------------------
10:21:02 : SCANNING : GLAXO
circuit : 1.57%  2021-12-21T10:20:00+0530
adx : 36.65  aroonosc : 85.71
-----------------------------------------------
10:21:03 : SCANNING : GLENMARK
circuit : -0.46%  2021-12-21T10:20:00+0530
adx : 20.59  aroonosc : 14.29
-----------------------------------------------
10:21:03 : SCANNING : GMMPFAUDLR
circuit : 2.09%  2021-12-21T10:20:00+0530
adx : 46.22  aroonosc : 92.86
-----------------------------------------------
10:21:04 : SCANNING : GMRINFRA
circuit : 1.13%  2021-12-21T10:20:00+0530
adx : 27.65  aroonosc : 92.86
-----------------------------------------------
10:21:05 : SCANNING : GNFC
circuit : 1.77%  2021-12-21T10:20:00+0530
adx : 26.57  aroonosc : 100.0
-----------------------------------------------
10:21:06 : SCANNING : GODFRYPHLP
circuit : 0.04%  2021-12-21T10:20:00+0530
adx : 15.5  aroonosc : 7.14
-----------------------------------------------
10:21:06 : SCANNING : GODREJAGRO
circuit : -0.74%  2021-12-21T10:20:00+0530
adx : 29.75  aroonosc : -28.57
-----------------------------------------------
10:21:07 : SCANNING : GODREJCP
circuit : 3.09%  2021-12-21T10:20:00+0530
adx : 37.2  aroonosc : 100.0
-----------------------------------------------
10:21:07 : SCANNING : GODREJIND
circuit : 2.54%  2021-12-21T10:20:00+0530
adx : 43.8  aroonosc : 71.43
-----------------------------------------------
10:21:08 : SCANNING : GODREJPROP
circuit : 1.35%  2021-12-21T10:20:00+0530
adx : 18.87  aroonosc : 78.57
-----------------------------------------------
10:21:08 : SCANNING : GPPL
circuit : 0.26%  2021-12-21T10:20:00+0530
adx : 34.8  aroonosc : 7.14
-----------------------------------------------
10:21:08 : SCANNING : GRANULES
circuit : -0.4%  2021-12-21T10:20:00+0530
adx : 11.48  aroonosc : 21.43
-----------------------------------------------
10:21:09 : SCANNING : GRAPHITE
circuit : 0.16%  2021-12-21T10:20:00+0530
adx : 26.99  aroonosc : -28.57
-----------------------------------------------
10:21:09 : SCANNING : GRASIM
circuit : 2.2%  2021-12-21T10:20:00+0530
adx : 52.69  aroonosc : 92.86
-----------------------------------------------
10:21:09 : SCANNING : GREAVESCOT
circuit : 1.52%  2021-12-21T10:20:00+0530
adx : 36.15  aroonosc : 71.43
-----------------------------------------------
10:21:10 : SCANNING : GRINDWELL
circuit : 1.04%  2021-12-21T10:20:00+0530
adx : 21.36  aroonosc : 57.14
-----------------------------------------------
10:21:10 : SCANNING : GRSE
circuit : 2.26%  2021-12-21T10:20:00+0530
adx : 16.89  aroonosc : 92.86
-----------------------------------------------
10:21:11 : SCANNING : GSFC
circuit : 0.82%  2021-12-21T10:20:00+0530
adx : 20.45  aroonosc : 14.29
-----------------------------------------------
10:21:11 : SCANNING : GSPL
circuit : 0.77%  2021-12-21T10:20:00+0530
adx : 30.53  aroonosc : 28.57
-----------------------------------------------
10:21:12 : SCANNING : GUJALKALI
circuit : 0.34%  2021-12-21T10:20:00+0530
adx : 43.79  aroonosc : 21.43
-----------------------------------------------
10:21:13 : SCANNING : GUJGASLTD
circuit : 1.65%  2021-12-21T10:20:00+0530
adx : 48.13  aroonosc : 92.86
-----------------------------------------------
10:21:13 : SCANNING : GULFOILLUB
circuit : -0.28%  2021-12-21T10:20:00+0530
adx : 22.51  aroonosc : 7.14
-----------------------------------------------
10:21:14 : SCANNING : HAL
circuit : 0.28%  2021-12-21T10:20:00+0530
adx : 32.08  aroonosc : 7.14
-----------------------------------------------
10:21:14 : SCANNING : HATSUN
circuit : -1.77%  2021-12-21T10:20:00+0530
adx : 22.86  aroonosc : -21.43
-----------------------------------------------
10:21:15 : SCANNING : HAVELLS
circuit : 3.13%  2021-12-21T10:20:00+0530
adx : 40.25  aroonosc : 21.43
-----------------------------------------------
10:21:15 : SCANNING : HCLTECH
circuit : 3.19%  2021-12-21T10:20:00+0530
adx : 54.65  aroonosc : 85.71
-----------------------------------------------
10:21:15 : SCANNING : HDFC
circuit : -0.86%  2021-12-21T10:20:00+0530
adx : 44.24  aroonosc : -21.43
-----------------------------------------------
10:21:16 : SCANNING : HDFCAMC
circuit : 0.17%  2021-12-21T10:20:00+0530
adx : 23.4  aroonosc : 14.29
-----------------------------------------------
10:21:16 : SCANNING : HDFCBANK
circuit : -0.01%  2021-12-21T10:20:00+0530
adx : 12.32  aroonosc : 14.29
-----------------------------------------------
10:21:16 : SCANNING : HDFCLIFE
circuit : -0.31%  2021-12-21T10:20:00+0530
adx : 26.82  aroonosc : 7.14
-----------------------------------------------
10:21:17 : SCANNING : HEG
circuit : -0.53%  2021-12-21T10:20:00+0530
adx : 19.34  aroonosc : 14.29
-----------------------------------------------
10:21:17 : SCANNING : HEIDELBERG
circuit : 1.18%  2021-12-21T10:20:00+0530
adx : 24.12  aroonosc : 100.0
-----------------------------------------------
10:21:18 : SCANNING : HEMIPROP
circuit : 1.4%  2021-12-21T10:20:00+0530
adx : 28.09  aroonosc : 14.29
-----------------------------------------------
10:21:18 : SCANNING : HEROMOTOCO
circuit : -1.26%  2021-12-21T10:20:00+0530
adx : 38.91  aroonosc : -21.43
-----------------------------------------------
10:21:19 : SCANNING : HINDALCO
circuit : 1.83%  2021-12-21T10:20:00+0530
adx : 53.67  aroonosc : 92.86
-----------------------------------------------
10:21:19 : SCANNING : HINDCOPPER
circuit : 0.74%  2021-12-21T10:20:00+0530
adx : 34.36  aroonosc : 57.14
-----------------------------------------------
10:21:20 : SCANNING : HINDPETRO
circuit : 0.74%  2021-12-21T10:20:00+0530
adx : 18.05  aroonosc : 7.14
-----------------------------------------------
10:21:21 : SCANNING : HINDUNILVR
circuit : -0.32%  2021-12-21T10:20:00+0530
adx : 33.83  aroonosc : 7.14
-----------------------------------------------
10:21:21 : SCANNING : HINDZINC
circuit : 1.8%  2021-12-21T10:20:00+0530
adx : 25.12  aroonosc : 28.57
-----------------------------------------------
10:21:22 : SCANNING : HONAUT
circuit : -0.16%  2021-12-21T10:20:00+0530
adx : 24.51  aroonosc : 7.14
-----------------------------------------------
10:21:22 : SCANNING : HSCL
circuit : 1.53%  2021-12-21T10:20:00+0530
adx : 45.32  aroonosc : 7.14
-----------------------------------------------
10:21:22 : SCANNING : HUDCO
circuit : 0.9%  2021-12-21T10:20:00+0530
adx : 27.69  aroonosc : 71.43
-----------------------------------------------
10:21:23 : SCANNING : HUHTAMAKI
circuit : 1.04%  2021-12-21T10:20:00+0530
adx : 11.34  aroonosc : 7.14
-----------------------------------------------
10:21:23 : SCANNING : IBREALEST
circuit : 3.7%  2021-12-21T10:20:00+0530
adx : 40.35  aroonosc : 100.0
-----------------------------------------------
10:21:24 : SCANNING : IBULHSGFIN
circuit : 0.92%  2021-12-21T10:20:00+0530
adx : 28.55  aroonosc : 21.43
-----------------------------------------------
10:21:24 : SCANNING : ICICIBANK
circuit : 0.52%  2021-12-21T10:20:00+0530
adx : 43.45  aroonosc : 21.43
-----------------------------------------------
10:21:24 : SCANNING : ICICIGI
circuit : 1.22%  2021-12-21T10:20:00+0530
adx : 34.33  aroonosc : 78.57
-----------------------------------------------
10:21:25 : SCANNING : ICICIPRULI
circuit : 1.46%  2021-12-21T10:20:00+0530
adx : 32.13  aroonosc : 71.43
-----------------------------------------------
10:21:25 : SCANNING : ICIL
circuit : -1.36%  2021-12-21T10:20:00+0530
adx : 22.73  aroonosc : 14.29
-----------------------------------------------
10:21:25 : SCANNING : IDBI
circuit : 3.07%  2021-12-21T10:20:00+0530
adx : 45.88  aroonosc : 71.43
-----------------------------------------------
10:21:26 : SCANNING : IDEA
circuit : 2.17%  2021-12-21T10:20:00+0530
adx : 36.53  aroonosc : 71.43
-----------------------------------------------
10:21:26 : SCANNING : IDFC
circuit : 1.68%  2021-12-21T10:20:00+0530
adx : 40.31  aroonosc : 14.29
-----------------------------------------------
10:21:26 : SCANNING : IDFCFIRSTB
circuit : 0.22%  2021-12-21T10:20:00+0530
adx : 12.34  aroonosc : 21.43
-----------------------------------------------
10:21:27 : SCANNING : IEX
circuit : 1.56%  2021-12-21T10:20:00+0530
adx : 33.24  aroonosc : 14.29
-----------------------------------------------
10:21:27 : SCANNING : IFBIND
circuit : 0.42%  2021-12-21T10:20:00+0530
adx : 36.02  aroonosc : 64.29
-----------------------------------------------
10:21:27 : SCANNING : IGL
circuit : 0.6%  2021-12-21T10:20:00+0530
adx : 34.9  aroonosc : 64.29
-----------------------------------------------
10:21:28 : SCANNING : IIFL
circuit : 0.86%  2021-12-21T10:20:00+0530
adx : 27.92  aroonosc : 35.71
-----------------------------------------------
10:21:28 : SCANNING : IIFLWAM
circuit : -1.01%  2021-12-21T10:20:00+0530
adx : 18.35  aroonosc : 7.14
-----------------------------------------------
10:21:29 : SCANNING : INDHOTEL
circuit : -0.43%  2021-12-21T10:20:00+0530
adx : 13.43  aroonosc : -21.43
-----------------------------------------------
10:21:29 : SCANNING : INDIACEM
circuit : 1.11%  2021-12-21T10:20:00+0530
adx : 34.46  aroonosc : 7.14
-----------------------------------------------
10:21:29 : SCANNING : INDIAMART
circuit : 0.18%  2021-12-21T10:20:00+0530
adx : 12.95  aroonosc : 21.43
-----------------------------------------------
10:21:30 : SCANNING : INDIANB
circuit : 0.82%  2021-12-21T10:20:00+0530
adx : 31.56  aroonosc : 21.43
-----------------------------------------------
10:21:30 : SCANNING : INDIGO
circuit : -0.76%  2021-12-21T10:20:00+0530
adx : 22.11  aroonosc : -35.71
-----------------------------------------------
10:21:31 : SCANNING : INDOCO
circuit : 0.85%  2021-12-21T10:20:00+0530
adx : 22.6  aroonosc : 7.14
-----------------------------------------------
10:21:31 : SCANNING : INDUSINDBK
circuit : 0.26%  2021-12-21T10:20:00+0530
adx : 26.78  aroonosc : 21.43
-----------------------------------------------
10:21:31 : SCANNING : INDUSTOWER
circuit : 3.31%  2021-12-21T10:20:00+0530
adx : 41.76  aroonosc : 100.0
-----------------------------------------------
10:21:32 : SCANNING : INFIBEAM
circuit : 1.66%  2021-12-21T10:20:00+0530
adx : 41.28  aroonosc : 28.57
-----------------------------------------------
10:21:32 : SCANNING : INFY
circuit : 1.07%  2021-12-21T10:20:00+0530
adx : 30.36  aroonosc : 57.14
-----------------------------------------------
10:21:32 : SCANNING : INGERRAND
circuit : 1.44%  2021-12-21T10:20:00+0530
adx : 26.75  aroonosc : 50.0
-----------------------------------------------
10:21:33 : SCANNING : INOXLEISUR
circuit : 3.45%  2021-12-21T10:20:00+0530
adx : 47.98  aroonosc : 7.14
-----------------------------------------------
10:21:33 : SCANNING : INTELLECT
circuit : 0.45%  2021-12-21T10:20:00+0530
adx : 18.77  aroonosc : 21.43
-----------------------------------------------
10:21:34 : SCANNING : IOB
circuit : 1.24%  2021-12-21T10:20:00+0530
adx : 37.03  aroonosc : 21.43
-----------------------------------------------
10:21:34 : SCANNING : IOC
-----------------------------------------------
10:21:34 : SCANNING : IOLCP
circuit : -0.71%  2021-12-21T10:20:00+0530
adx : 50.59  aroonosc : 7.14
-----------------------------------------------
10:21:35 : SCANNING : IPCALAB
circuit : 0.42%  2021-12-21T10:20:00+0530
adx : 11.27  aroonosc : 28.57
-----------------------------------------------
10:21:35 : SCANNING : IRB
circuit : -1.03%  2021-12-21T10:20:00+0530
adx : 19.09  aroonosc : 21.43
-----------------------------------------------
10:21:35 : SCANNING : IRCON
circuit : 0.33%  2021-12-21T10:20:00+0530
adx : 28.24  aroonosc : 14.29
-----------------------------------------------
10:21:36 : SCANNING : IRCTC
circuit : 0.37%  2021-12-21T10:20:00+0530
adx : 28.26  aroonosc : 14.29
-----------------------------------------------
10:21:37 : SCANNING : ISEC
circuit : 1.17%  2021-12-21T10:20:00+0530
adx : 30.22  aroonosc : 7.14
-----------------------------------------------
10:21:37 : SCANNING : ITC
circuit : -0.12%  2021-12-21T10:20:00+0530
adx : 19.56  aroonosc : -14.29
-----------------------------------------------
10:21:38 : SCANNING : ITI
circuit : 1.29%  2021-12-21T10:20:00+0530
adx : 21.62  aroonosc : 92.86
-----------------------------------------------
10:21:38 : SCANNING : J&KBANK
circuit : 2.02%  2021-12-21T10:20:00+0530
adx : 27.94  aroonosc : 42.86
-----------------------------------------------
10:21:39 : SCANNING : JAMNAAUTO
circuit : 2.91%  2021-12-21T10:20:00+0530
adx : 23.83  aroonosc : 7.14
-----------------------------------------------
10:21:39 : SCANNING : JBCHEPHARM
circuit : -0.51%  2021-12-21T10:20:00+0530
adx : 51.19  aroonosc : 14.29
-----------------------------------------------
10:21:39 : SCANNING : JCHAC
circuit : 1.44%  2021-12-21T10:20:00+0530
adx : 33.24  aroonosc : 0.0
-----------------------------------------------
10:21:40 : SCANNING : JINDALSAW
circuit : 1.78%  2021-12-21T10:20:00+0530
adx : 27.07  aroonosc : 57.14
-----------------------------------------------
10:21:40 : SCANNING : JINDALSTEL
circuit : 1.86%  2021-12-21T10:20:00+0530
adx : 47.44  aroonosc : 71.43
-----------------------------------------------
10:21:40 : SCANNING : JKCEMENT
circuit : 2.11%  2021-12-21T10:20:00+0530
adx : 21.78  aroonosc : 64.29
-----------------------------------------------
10:21:41 : SCANNING : JKLAKSHMI
circuit : 0.62%  2021-12-21T10:20:00+0530
adx : 19.83  aroonosc : 14.29
-----------------------------------------------
10:21:41 : SCANNING : JKPAPER
circuit : 0.64%  2021-12-21T10:20:00+0530
adx : 32.53  aroonosc : 64.29
-----------------------------------------------
10:21:42 : SCANNING : JKTYRE
circuit : 2.42%  2021-12-21T10:20:00+0530
adx : 36.41  aroonosc : 100.0
-----------------------------------------------
10:21:42 : SCANNING : JMFINANCIL
circuit : -0.55%  2021-12-21T10:20:00+0530
adx : 28.65  aroonosc : 7.14
-----------------------------------------------
10:21:42 : SCANNING : JSL
circuit : 3.5%  2021-12-21T10:20:00+0530
adx : 24.32  aroonosc : 85.71
-----------------------------------------------
10:21:43 : SCANNING : JSLHISAR
circuit : 3.19%  2021-12-21T10:20:00+0530
adx : 22.06  aroonosc : 100.0
-----------------------------------------------
10:21:43 : SCANNING : JSWSTEEL
circuit : 2.33%  2021-12-21T10:20:00+0530
adx : 62.06  aroonosc : 64.29
-----------------------------------------------
10:21:43 : SCANNING : JTEKTINDIA
circuit : 1.58%  2021-12-21T10:20:00+0530
adx : 23.96  aroonosc : 92.86
-----------------------------------------------
10:21:44 : SCANNING : JUBLFOOD
circuit : -0.36%  2021-12-21T10:20:00+0530
adx : 15.49  aroonosc : 21.43
-----------------------------------------------
10:21:44 : SCANNING : JUSTDIAL
circuit : 2.8%  2021-12-21T10:20:00+0530
adx : 37.03  aroonosc : 64.29
-----------------------------------------------
10:21:44 : SCANNING : JYOTHYLAB
circuit : 0.5%  2021-12-21T10:20:00+0530
adx : 25.32  aroonosc : 7.14
-----------------------------------------------
10:21:45 : SCANNING : KAJARIACER
circuit : 1.52%  2021-12-21T10:20:00+0530
adx : 26.63  aroonosc : 14.29
-----------------------------------------------
10:21:45 : SCANNING : KALPATPOWR
circuit : 0.8%  2021-12-21T10:20:00+0530
adx : 17.27  aroonosc : -21.43
-----------------------------------------------
10:21:46 : SCANNING : KANSAINER
circuit : -0.25%  2021-12-21T10:20:00+0530
adx : 18.71  aroonosc : -7.14
-----------------------------------------------
10:21:46 : SCANNING : KARURVYSYA
circuit : -0.22%  2021-12-21T10:20:00+0530
adx : 36.26  aroonosc : 71.43
-----------------------------------------------
10:21:46 : SCANNING : KEC
circuit : 0.71%  2021-12-21T10:20:00+0530
adx : 15.51  aroonosc : -7.14
-----------------------------------------------
10:21:47 : SCANNING : KEI
circuit : -0.7%  2021-12-21T10:20:00+0530
adx : 15.37  aroonosc : 14.29
-----------------------------------------------
10:21:47 : SCANNING : KNRCON
circuit : 0.36%  2021-12-21T10:20:00+0530
adx : 12.44  aroonosc : 21.43
-----------------------------------------------
10:21:47 : SCANNING : KOTAKBANK
circuit : -0.51%  2021-12-21T10:20:00+0530
adx : 21.28  aroonosc : 7.14
-----------------------------------------------
10:21:48 : SCANNING : KPITTECH
circuit : 3.62%  2021-12-21T10:20:00+0530
adx : 37.45  aroonosc : 57.14
-----------------------------------------------
10:21:48 : SCANNING : KPRMILL
circuit : 2.22%  2021-12-21T10:20:00+0530
adx : 22.85  aroonosc : 14.29
-----------------------------------------------
10:21:48 : SCANNING : KRBL
circuit : 0.29%  2021-12-21T10:20:00+0530
adx : 20.81  aroonosc : 21.43
-----------------------------------------------
10:21:49 : SCANNING : KSB
circuit : 1.01%  2021-12-21T10:20:00+0530
adx : 14.3  aroonosc : 35.71
-----------------------------------------------
10:21:49 : SCANNING : KSCL
circuit : -1.06%  2021-12-21T10:20:00+0530
adx : 24.12  aroonosc : 7.14
-----------------------------------------------
10:21:50 : SCANNING : L&TFH
circuit : 3.12%  2021-12-21T10:20:00+0530
adx : 50.65  aroonosc : 100.0
-----------------------------------------------
10:21:50 : SCANNING : LALPATHLAB
circuit : -0.13%  2021-12-21T10:20:00+0530
adx : 18.94  aroonosc : 7.14
-----------------------------------------------
10:21:50 : SCANNING : LAOPALA
circuit : 3.4%  2021-12-21T10:20:00+0530
adx : 41.91  aroonosc : 21.43
-----------------------------------------------
10:21:51 : SCANNING : LAURUSLABS
circuit : 0.85%  2021-12-21T10:20:00+0530
adx : 19.41  aroonosc : 21.43
-----------------------------------------------
10:21:51 : SCANNING : LAXMIMACH
circuit : 3.41%  2021-12-21T10:20:00+0530
adx : 28.74  aroonosc : 64.29
-----------------------------------------------
10:21:51 : SCANNING : LEMONTREE
circuit : 4.01%  2021-12-21T10:20:00+0530
adx : 32.62  aroonosc : 14.29
-----------------------------------------------
10:21:52 : SCANNING : LICHSGFIN
circuit : 0.06%  2021-12-21T10:20:00+0530
adx : 35.61  aroonosc : 21.43
-----------------------------------------------
10:21:52 : SCANNING : LINDEINDIA
circuit : 0.88%  2021-12-21T10:20:00+0530
adx : 17.82  aroonosc : 14.29
-----------------------------------------------
10:21:53 : SCANNING : LT
circuit : 0.27%  2021-12-21T10:20:00+0530
adx : 28.96  aroonosc : 14.29
-----------------------------------------------
10:21:53 : SCANNING : LTI
circuit : 2.48%  2021-12-21T10:20:00+0530
adx : 28.47  aroonosc : 92.86
-----------------------------------------------
10:21:54 : SCANNING : LTTS
circuit : 1.29%  2021-12-21T10:20:00+0530
adx : 22.14  aroonosc : 92.86
-----------------------------------------------
10:21:54 : SCANNING : LUPIN
circuit : 0.31%  2021-12-21T10:20:00+0530
adx : 33.54  aroonosc : 21.43
-----------------------------------------------
10:21:54 : SCANNING : LUXIND
circuit : 0.22%  2021-12-21T10:20:00+0530
adx : 30.66  aroonosc : 14.29
-----------------------------------------------
10:21:55 : SCANNING : M&M
circuit : -0.69%  2021-12-21T10:20:00+0530
adx : 29.66  aroonosc : 7.14
-----------------------------------------------
10:21:55 : SCANNING : M&MFIN
circuit : 0.34%  2021-12-21T10:20:00+0530
adx : 18.53  aroonosc : 21.43
-----------------------------------------------
10:21:55 : SCANNING : MAHABANK
circuit : 0.79%  2021-12-21T10:20:00+0530
adx : 20.15  aroonosc : 7.14
-----------------------------------------------
10:21:56 : SCANNING : MAHINDCIE
circuit : 1.12%  2021-12-21T10:20:00+0530
adx : 20.63  aroonosc : 14.29
-----------------------------------------------
10:21:56 : SCANNING : MAHLOG
circuit : -0.89%  2021-12-21T10:20:00+0530
adx : 14.98  aroonosc : 7.14
-----------------------------------------------
10:21:57 : SCANNING : MAHSCOOTER
circuit : 1.63%  2021-12-21T10:20:00+0530
adx : 26.94  aroonosc : 0.0
-----------------------------------------------
10:21:57 : SCANNING : MAHSEAMLES
circuit : 1.64%  2021-12-21T10:20:00+0530
adx : 39.22  aroonosc : 64.29
-----------------------------------------------
10:21:57 : SCANNING : MANAPPURAM
circuit : -0.73%  2021-12-21T10:20:00+0530
adx : 34.84  aroonosc : 21.43
-----------------------------------------------
10:21:58 : SCANNING : MARICO
circuit : 0.1%  2021-12-21T10:20:00+0530
adx : 25.16  aroonosc : -28.57
-----------------------------------------------
10:21:58 : SCANNING : MARUTI
circuit : 0.21%  2021-12-21T10:20:00+0530
adx : 37.05  aroonosc : 7.14
-----------------------------------------------
10:21:58 : SCANNING : MASFIN
circuit : 2.04%  2021-12-21T10:20:00+0530
adx : 22.83  aroonosc : 71.43
-----------------------------------------------
10:21:59 : SCANNING : MAXHEALTH
circuit : 3.21%  2021-12-21T10:20:00+0530
adx : 40.43  aroonosc : 85.71
-----------------------------------------------
10:21:59 : SCANNING : MAZDOCK
circuit : 1.43%  2021-12-21T10:20:00+0530
adx : 27.23  aroonosc : 100.0
-----------------------------------------------
10:22:00 : SCANNING : MCDOWELL-N
circuit : 2.07%  2021-12-21T10:20:00+0530
adx : 34.58  aroonosc : 100.0
-----------------------------------------------
10:22:00 : SCANNING : MCX
circuit : 0.83%  2021-12-21T10:20:00+0530
adx : 33.31  aroonosc : 64.29
-----------------------------------------------
10:22:00 : SCANNING : METROPOLIS
circuit : 1.78%  2021-12-21T10:20:00+0530
adx : 24.55  aroonosc : 85.71
-----------------------------------------------
10:22:01 : SCANNING : MFSL
circuit : 3.41%  2021-12-21T10:20:00+0530
adx : 16.88  aroonosc : 100.0
-----------------------------------------------
10:22:01 : SCANNING : MGL
circuit : 0.31%  2021-12-21T10:20:00+0530
adx : 30.61  aroonosc : 14.29
-----------------------------------------------
10:22:02 : SCANNING : MHRIL
circuit : -0.36%  2021-12-21T10:20:00+0530
adx : 20.18  aroonosc : 7.14
-----------------------------------------------
10:22:02 : SCANNING : MIDHANI
circuit : 0.86%  2021-12-21T10:20:00+0530
adx : 16.95  aroonosc : 0.0
-----------------------------------------------
10:22:03 : SCANNING : MINDACORP
circuit : 1.06%  2021-12-21T10:20:00+0530
adx : 30.06  aroonosc : 100.0
-----------------------------------------------
10:22:03 : SCANNING : MINDAIND
circuit : 0.48%  2021-12-21T10:20:00+0530
adx : 34.17  aroonosc : 7.14
-----------------------------------------------
10:22:04 : SCANNING : MINDTREE
circuit : 0.94%  2021-12-21T10:20:00+0530
adx : 41.08  aroonosc : 64.29
-----------------------------------------------
10:22:04 : SCANNING : MMTC
circuit : 1.47%  2021-12-21T10:20:00+0530
adx : 34.45  aroonosc : 71.43
-----------------------------------------------
10:22:04 : SCANNING : MOIL
circuit : 1.18%  2021-12-21T10:20:00+0530
adx : 29.85  aroonosc : 50.0
-----------------------------------------------
10:22:05 : SCANNING : MOTILALOFS
circuit : 0.52%  2021-12-21T10:20:00+0530
adx : 26.32  aroonosc : -21.43
-----------------------------------------------
10:22:05 : SCANNING : MPHASIS
circuit : 0.4%  2021-12-21T10:20:00+0530
adx : 35.55  aroonosc : 21.43
-----------------------------------------------
10:22:06 : SCANNING : MRF
circuit : 0.33%  2021-12-21T10:20:00+0530
adx : 20.06  aroonosc : 21.43
-----------------------------------------------
10:22:06 : SCANNING : MRPL
circuit : 0.24%  2021-12-21T10:20:00+0530
adx : 32.41  aroonosc : 57.14
-----------------------------------------------
10:22:06 : SCANNING : MUTHOOTFIN
circuit : 0.36%  2021-12-21T10:20:00+0530
adx : 18.49  aroonosc : 7.14
-----------------------------------------------
10:22:07 : SCANNING : NAM-INDIA
circuit : 0.7%  2021-12-21T10:20:00+0530
adx : 13.65  aroonosc : 7.14
-----------------------------------------------
10:22:07 : SCANNING : NATCOPHARM
circuit : 2.57%  2021-12-21T10:20:00+0530
adx : 16.28  aroonosc : 78.57
-----------------------------------------------
10:22:08 : SCANNING : NATIONALUM
circuit : 2.64%  2021-12-21T10:20:00+0530
adx : 51.58  aroonosc : 78.57
-----------------------------------------------
10:22:08 : SCANNING : NAUKRI
circuit : 0.29%  2021-12-21T10:20:00+0530
adx : 20.39  aroonosc : 7.14
-----------------------------------------------
10:22:09 : SCANNING : NAVINFLUOR
circuit : 3.25%  2021-12-21T10:20:00+0530
adx : 50.54  aroonosc : 100.0
-----------------------------------------------
10:22:09 : SCANNING : NBCC
circuit : 0.48%  2021-12-21T10:20:00+0530
adx : 29.53  aroonosc : 92.86
-----------------------------------------------
10:22:09 : SCANNING : NCC
circuit : 0.51%  2021-12-21T10:20:00+0530
adx : 37.99  aroonosc : 100.0
-----------------------------------------------
10:22:10 : SCANNING : NESCO
circuit : 1.41%  2021-12-21T10:20:00+0530
adx : 20.15  aroonosc : 28.57
-----------------------------------------------
10:22:10 : SCANNING : NESTLEIND
circuit : 0.31%  2021-12-21T10:20:00+0530
adx : 39.58  aroonosc : 92.86
-----------------------------------------------
10:22:11 : SCANNING : NETWORK18
circuit : 2.29%  2021-12-21T10:20:00+0530
adx : 28.0  aroonosc : 14.29
-----------------------------------------------
10:22:11 : SCANNING : NFL
circuit : 0.91%  2021-12-21T10:20:00+0530
adx : 27.28  aroonosc : 21.43
-----------------------------------------------
10:22:11 : SCANNING : NH
circuit : 0.66%  2021-12-21T10:20:00+0530
adx : 11.41  aroonosc : 14.29
-----------------------------------------------
10:22:12 : SCANNING : NHPC
circuit : 1.85%  2021-12-21T10:20:00+0530
adx : 34.71  aroonosc : 100.0
-----------------------------------------------
10:22:12 : SCANNING : NIACL
circuit : 0.07%  2021-12-21T10:20:00+0530
adx : 23.37  aroonosc : 14.29
-----------------------------------------------
10:22:13 : SCANNING : NILKAMAL
circuit : 0.08%  2021-12-21T10:20:00+0530
adx : 12.88  aroonosc : 21.43
-----------------------------------------------
10:22:13 : SCANNING : NLCINDIA
circuit : 0.77%  2021-12-21T10:20:00+0530
adx : 29.39  aroonosc : 28.57
-----------------------------------------------
10:22:14 : SCANNING : NMDC
circuit : 6.96%  2021-12-21T10:20:00+0530
adx : 22.23  aroonosc : 57.14
-----------------------------------------------
10:22:14 : SCANNING : NOCIL
circuit : -0.43%  2021-12-21T10:20:00+0530
adx : 30.13  aroonosc : 14.29
-----------------------------------------------
10:22:15 : SCANNING : NTPC
circuit : 0.04%  2021-12-21T10:20:00+0530
adx : 39.87  aroonosc : 64.29
rpt : 1190.0
{'candle': 'green', 'type': 'BUY', 'instrument': 'NTPC', 'price': 120.2, 'qty': 4949, 'target': 120.35, 'stoploss': 120.05, 'volume': 82550, 'adx': 50.48648436642578, 'aroonosc': 64.28571428571429, 'atr': 0.35497661662436336, 'open': 120.15, 'high': 120.35, 'low': 120.05, 'close': 120.35, 'product': 'MIS', 'time': '2021-12-20T13:45:00+0530'}
10:22:15 : Validation Failed : Time Gap in Seconds : 74235
-----------------------------------------------
10:22:15 : SCANNING : OBEROIRLTY
circuit : 0.78%  2021-12-21T10:20:00+0530
adx : 24.99  aroonosc : 21.43
-----------------------------------------------
10:22:16 : SCANNING : OFSS
circuit : 1.5%  2021-12-21T10:20:00+0530
adx : 46.09  aroonosc : 50.0
-----------------------------------------------
10:22:16 : SCANNING : OIL
circuit : 1.15%  2021-12-21T10:20:00+0530
adx : 21.23  aroonosc : 14.29
-----------------------------------------------
10:22:16 : SCANNING : ONGC
circuit : -0.07%  2021-12-21T10:20:00+0530
adx : 31.68  aroonosc : -21.43
-----------------------------------------------
10:22:17 : SCANNING : ORIENTELEC
circuit : 2.03%  2021-12-21T10:20:00+0530
adx : 16.71  aroonosc : 14.29
-----------------------------------------------
10:22:17 : SCANNING : PAGEIND
circuit : 1.39%  2021-12-21T10:20:00+0530
adx : 24.34  aroonosc : 100.0
-----------------------------------------------
10:22:18 : SCANNING : PEL
circuit : 0.64%  2021-12-21T10:20:00+0530
adx : 17.76  aroonosc : 92.86
-----------------------------------------------
10:22:18 : SCANNING : PERSISTENT
circuit : -1.11%  2021-12-21T10:20:00+0530
adx : 28.36  aroonosc : -21.43
-----------------------------------------------
10:22:19 : SCANNING : PETRONET
-----------------------------------------------
10:22:19 : SCANNING : PFC
circuit : 0.47%  2021-12-21T10:20:00+0530
adx : 16.72  aroonosc : 28.57
-----------------------------------------------
10:22:19 : SCANNING : PFIZER
circuit : 1.05%  2021-12-21T10:20:00+0530
adx : 18.18  aroonosc : 28.57
-----------------------------------------------
10:22:20 : SCANNING : PGHH
circuit : 0.42%  2021-12-21T10:20:00+0530
adx : 26.06  aroonosc : 7.14
-----------------------------------------------
10:22:20 : SCANNING : PGHL
circuit : -0.75%  2021-12-21T10:20:00+0530
adx : 26.3  aroonosc : 42.86
-----------------------------------------------
10:22:21 : SCANNING : PHILIPCARB
circuit : 1.37%  2021-12-21T10:20:00+0530
adx : 10.61  aroonosc : 14.29
-----------------------------------------------
10:22:21 : SCANNING : PHOENIXLTD
circuit : -3.41%  2021-12-21T10:20:00+0530
adx : 40.04  aroonosc : -100.0
-----------------------------------------------
10:22:22 : SCANNING : PIDILITIND
circuit : 0.36%  2021-12-21T10:20:00+0530
adx : 36.9  aroonosc : 14.29
-----------------------------------------------
10:22:22 : SCANNING : PIIND
circuit : 1.03%  2021-12-21T10:20:00+0530
adx : 31.38  aroonosc : 100.0
-----------------------------------------------
10:22:23 : SCANNING : PNB
circuit : 1.22%  2021-12-21T10:20:00+0530
adx : 26.25  aroonosc : 21.43
-----------------------------------------------
10:22:23 : SCANNING : PNBHOUSING
circuit : 2.46%  2021-12-21T10:20:00+0530
adx : 51.35  aroonosc : 64.29
-----------------------------------------------
10:22:23 : SCANNING : PNCINFRA
circuit : -0.62%  2021-12-21T10:20:00+0530
adx : 35.39  aroonosc : -35.71
-----------------------------------------------
10:22:24 : SCANNING : POLYCAB
circuit : -0.07%  2021-12-21T10:20:00+0530
adx : 40.65  aroonosc : 28.57
-----------------------------------------------
10:22:24 : SCANNING : POLYMED
circuit : -0.59%  2021-12-21T10:20:00+0530
adx : 24.09  aroonosc : -42.86
-----------------------------------------------
10:22:25 : SCANNING : POLYPLEX
circuit : 0.91%  2021-12-21T10:20:00+0530
adx : 20.14  aroonosc : 7.14
-----------------------------------------------
10:22:25 : SCANNING : POWERGRID
circuit : -1.37%  2021-12-21T10:20:00+0530
adx : 16.76  aroonosc : -64.29
-----------------------------------------------
10:22:25 : SCANNING : POWERINDIA
circuit : 0.8%  2021-12-21T10:20:00+0530
adx : 29.49  aroonosc : 14.29
-----------------------------------------------
10:22:26 : SCANNING : PRESTIGE
circuit : 0.68%  2021-12-21T10:20:00+0530
adx : 22.91  aroonosc : 14.29
-----------------------------------------------
10:22:27 : SCANNING : PRINCEPIPE
circuit : 1.74%  2021-12-21T10:20:00+0530
adx : 28.93  aroonosc : 14.29
-----------------------------------------------
10:22:27 : SCANNING : PRSMJOHNSN
circuit : 4.19%  2021-12-21T10:20:00+0530
adx : 35.91  aroonosc : 100.0
-----------------------------------------------
10:22:28 : SCANNING : PSB
circuit : 2.19%  2021-12-21T10:20:00+0530
adx : 26.32  aroonosc : 92.86
-----------------------------------------------
10:22:28 : SCANNING : PVR
circuit : 0.6%  2021-12-21T10:20:00+0530
adx : 22.47  aroonosc : -28.57
-----------------------------------------------
10:22:28 : SCANNING : QUESS
circuit : 1.38%  2021-12-21T10:20:00+0530
adx : 25.15  aroonosc : 78.57
-----------------------------------------------
10:22:29 : SCANNING : RADICO
circuit : 0.52%  2021-12-21T10:20:00+0530
adx : 22.15  aroonosc : 7.14
-----------------------------------------------
10:22:29 : SCANNING : RAIN
circuit : -0.39%  2021-12-21T10:20:00+0530
adx : 15.4  aroonosc : 7.14
-----------------------------------------------
10:22:29 : SCANNING : RAJESHEXPO
circuit : -0.13%  2021-12-21T10:20:00+0530
adx : 13.19  aroonosc : 14.29
-----------------------------------------------
10:22:30 : SCANNING : RALLIS
circuit : 0.2%  2021-12-21T10:20:00+0530
adx : 13.43  aroonosc : 7.14
-----------------------------------------------
10:22:30 : SCANNING : RAMCOCEM
circuit : 1.53%  2021-12-21T10:20:00+0530
adx : 24.42  aroonosc : 71.43
-----------------------------------------------
10:22:31 : SCANNING : RATNAMANI
circuit : 3.79%  2021-12-21T10:20:00+0530
adx : 40.08  aroonosc : 14.29
-----------------------------------------------
10:22:31 : SCANNING : RAYMOND
circuit : 0.65%  2021-12-21T10:20:00+0530
adx : 33.13  aroonosc : 7.14
-----------------------------------------------
10:22:31 : SCANNING : RBLBANK
circuit : -0.44%  2021-12-21T10:20:00+0530
adx : 19.32  aroonosc : 14.29
-----------------------------------------------
10:22:32 : SCANNING : RCF
circuit : 1.39%  2021-12-21T10:20:00+0530
adx : 24.19  aroonosc : 64.29
-----------------------------------------------
10:22:32 : SCANNING : RECLTD
circuit : 0.75%  2021-12-21T10:20:00+0530
adx : 39.98  aroonosc : 42.86
-----------------------------------------------
10:22:33 : SCANNING : REDINGTON
circuit : 0.55%  2021-12-21T10:20:00+0530
adx : 17.6  aroonosc : 14.29
-----------------------------------------------
10:22:33 : SCANNING : RELAXO
circuit : 2.55%  2021-12-21T10:20:00+0530
adx : 33.0  aroonosc : 85.71
-----------------------------------------------
10:22:33 : SCANNING : RELIANCE
circuit : 0.51%  2021-12-21T10:20:00+0530
adx : 45.78  aroonosc : 78.57
-----------------------------------------------
10:22:34 : SCANNING : RESPONIND
circuit : 2.67%  2021-12-21T10:20:00+0530
adx : 25.12  aroonosc : 64.29
-----------------------------------------------
10:22:34 : SCANNING : RHIM
circuit : 1.42%  2021-12-21T10:20:00+0530
adx : 32.0  aroonosc : 100.0
-----------------------------------------------
10:22:35 : SCANNING : RITES
circuit : -0.59%  2021-12-21T10:20:00+0530
adx : 13.28  aroonosc : -42.86
-----------------------------------------------
10:22:35 : SCANNING : ROSSARI
circuit : 0.62%  2021-12-21T10:20:00+0530
adx : 27.95  aroonosc : 7.14
-----------------------------------------------
10:22:36 : SCANNING : ROUTE
circuit : 1.12%  2021-12-21T10:20:00+0530
adx : 27.51  aroonosc : 21.43
-----------------------------------------------
10:22:36 : SCANNING : RVNL
circuit : 1.19%  2021-12-21T10:20:00+0530
adx : 47.8  aroonosc : 92.86
-----------------------------------------------
10:22:37 : SCANNING : SAIL
circuit : 2.0%  2021-12-21T10:20:00+0530
adx : 32.87  aroonosc : 85.71
-----------------------------------------------
10:22:37 : SCANNING : SANOFI
circuit : -0.27%  2021-12-21T10:20:00+0530
adx : 20.69  aroonosc : -35.71
-----------------------------------------------
10:22:38 : SCANNING : SBICARD
circuit : -0.18%  2021-12-21T10:20:00+0530
adx : 35.54  aroonosc : 21.43
-----------------------------------------------
10:22:38 : SCANNING : SBILIFE
circuit : -0.76%  2021-12-21T10:20:00+0530
adx : 20.76  aroonosc : 7.14
-----------------------------------------------
10:22:38 : SCANNING : SBIN
circuit : -0.21%  2021-12-21T10:20:00+0530
adx : 35.8  aroonosc : 21.43
-----------------------------------------------
10:22:39 : SCANNING : SCHAEFFLER
circuit : 2.15%  2021-12-21T10:20:00+0530
adx : 40.86  aroonosc : 21.43
-----------------------------------------------
10:22:39 : SCANNING : SCHNEIDER
circuit : -1.51%  2021-12-21T10:20:00+0530
adx : 21.98  aroonosc : 14.29
-----------------------------------------------
10:22:40 : SCANNING : SCI
circuit : 1.72%  2021-12-21T10:20:00+0530
adx : 20.97  aroonosc : 78.57
-----------------------------------------------
10:22:40 : SCANNING : SEQUENT
circuit : 0.06%  2021-12-21T10:20:00+0530
adx : 22.78  aroonosc : 100.0
-----------------------------------------------
10:22:41 : SCANNING : SFL
circuit : 1.35%  2021-12-21T10:20:00+0530
adx : 29.94  aroonosc : 14.29
-----------------------------------------------
10:22:41 : SCANNING : SHARDACROP
circuit : -2.72%  2021-12-21T10:20:00+0530
adx : 30.71  aroonosc : 7.14
-----------------------------------------------
10:22:41 : SCANNING : SHILPAMED
circuit : 2.14%  2021-12-21T10:20:00+0530
adx : 44.37  aroonosc : 100.0
-----------------------------------------------
10:22:42 : SCANNING : SHOPERSTOP
circuit : 1.45%  2021-12-21T10:20:00+0530
adx : 16.59  aroonosc : 7.14
-----------------------------------------------
10:22:43 : SCANNING : SHREECEM
circuit : 1.72%  2021-12-21T10:20:00+0530
adx : 40.01  aroonosc : 92.86
-----------------------------------------------
10:22:43 : SCANNING : SHRIRAMCIT
circuit : -2.73%  2021-12-21T10:20:00+0530
adx : 15.75  aroonosc : -35.71
-----------------------------------------------
10:22:44 : SCANNING : SIEMENS
circuit : 0.36%  2021-12-21T10:20:00+0530
adx : 22.81  aroonosc : 21.43
-----------------------------------------------
10:22:44 : SCANNING : SIS
circuit : 0.42%  2021-12-21T10:20:00+0530
adx : 42.04  aroonosc : 71.43
-----------------------------------------------
10:22:45 : SCANNING : SJVN
circuit : 0.72%  2021-12-21T10:20:00+0530
adx : 27.96  aroonosc : 21.43
-----------------------------------------------
10:22:45 : SCANNING : SKFINDIA
circuit : -0.12%  2021-12-21T10:20:00+0530
adx : 15.68  aroonosc : 7.14
-----------------------------------------------
10:22:46 : SCANNING : SOBHA
circuit : 0.86%  2021-12-21T10:20:00+0530
adx : 23.28  aroonosc : 14.29
-----------------------------------------------
10:22:46 : SCANNING : SOLARA
circuit : 0.35%  2021-12-21T10:20:00+0530
adx : 25.64  aroonosc : 7.14
-----------------------------------------------
10:22:46 : SCANNING : SOLARINDS
circuit : -0.02%  2021-12-21T10:20:00+0530
adx : 17.86  aroonosc : 0.0
-----------------------------------------------
10:22:47 : SCANNING : SONATSOFTW
circuit : 2.57%  2021-12-21T10:20:00+0530
adx : 31.9  aroonosc : 71.43
-----------------------------------------------
10:22:47 : SCANNING : SPANDANA
circuit : 0.35%  2021-12-21T10:20:00+0530
adx : 26.7  aroonosc : 64.29
-----------------------------------------------
10:22:48 : SCANNING : SPARC
circuit : 1.82%  2021-12-21T10:20:00+0530
adx : 14.9  aroonosc : 78.57
-----------------------------------------------
10:22:48 : SCANNING : SPICEJET
circuit : 0.54%  2021-12-21T10:20:00+0530
adx : 29.33  aroonosc : 92.86
-----------------------------------------------
10:22:48 : SCANNING : SRF
circuit : 1.41%  2021-12-21T10:20:00+0530
adx : 30.55  aroonosc : 71.43
-----------------------------------------------
10:22:49 : SCANNING : SRTRANSFIN
circuit : -2.45%  2021-12-21T10:20:00+0530
adx : 20.61  aroonosc : -85.71
-----------------------------------------------
10:22:49 : SCANNING : STAR
circuit : -0.51%  2021-12-21T10:20:00+0530
adx : 15.67  aroonosc : 7.14
-----------------------------------------------
10:22:50 : SCANNING : STARCEMENT
circuit : 0.64%  2021-12-21T10:20:00+0530
adx : 23.42  aroonosc : -35.71
-----------------------------------------------
10:22:50 : SCANNING : STLTECH
circuit : 1.09%  2021-12-21T10:20:00+0530
adx : 31.53  aroonosc : 14.29
-----------------------------------------------
10:22:51 : SCANNING : SUDARSCHEM
circuit : 1.27%  2021-12-21T10:20:00+0530
adx : 32.54  aroonosc : 92.86
-----------------------------------------------
10:22:51 : SCANNING : SUMICHEM
circuit : 1.26%  2021-12-21T10:20:00+0530
adx : 21.03  aroonosc : 21.43
-----------------------------------------------
10:22:51 : SCANNING : SUNCLAYLTD
circuit : 1.32%  2021-12-21T10:20:00+0530
adx : 15.33  aroonosc : 7.14
-----------------------------------------------
10:22:52 : SCANNING : SUNDARMFIN
circuit : -0.42%  2021-12-21T10:20:00+0530
adx : 20.58  aroonosc : -50.0
-----------------------------------------------
10:22:52 : SCANNING : SUNDRMFAST
circuit : -1.95%  2021-12-21T10:20:00+0530
adx : 26.78  aroonosc : -21.43
-----------------------------------------------
10:22:53 : SCANNING : SUNPHARMA
circuit : 2.33%  2021-12-21T10:20:00+0530
adx : 40.99  aroonosc : 85.71
-----------------------------------------------
10:22:53 : SCANNING : SUNTECK
circuit : 1.51%  2021-12-21T10:20:00+0530
adx : 33.88  aroonosc : 64.29
-----------------------------------------------
10:22:54 : SCANNING : SUNTV
circuit : 0.05%  2021-12-21T10:20:00+0530
adx : 27.93  aroonosc : 100.0
-----------------------------------------------
10:22:54 : SCANNING : SUPPETRO
circuit : 1.66%  2021-12-21T10:20:00+0530
adx : 31.23  aroonosc : 71.43
-----------------------------------------------
10:22:55 : SCANNING : SUPRAJIT
circuit : 1.27%  2021-12-21T10:20:00+0530
adx : 34.59  aroonosc : 14.29
-----------------------------------------------
10:22:55 : SCANNING : SUPREMEIND
circuit : 4.77%  2021-12-21T10:20:00+0530
adx : 59.49  aroonosc : 0.0
-----------------------------------------------
10:22:56 : SCANNING : SUVENPHAR
circuit : 1.2%  2021-12-21T10:20:00+0530
adx : 18.34  aroonosc : 14.29
-----------------------------------------------
10:22:56 : SCANNING : SUZLON
circuit : 2.05%  2021-12-21T10:20:00+0530
adx : 45.17  aroonosc : 100.0
-----------------------------------------------
10:22:56 : SCANNING : SWANENERGY
circuit : 3.15%  2021-12-21T10:20:00+0530
adx : 35.03  aroonosc : 0.0
-----------------------------------------------
10:22:57 : SCANNING : SWSOLAR
circuit : 0.17%  2021-12-21T10:20:00+0530
adx : 19.21  aroonosc : 14.29
-----------------------------------------------
10:22:57 : SCANNING : SYMPHONY
circuit : 0.68%  2021-12-21T10:20:00+0530
adx : 39.68  aroonosc : 7.14
-----------------------------------------------
10:22:58 : SCANNING : SYNGENE
circuit : 0.16%  2021-12-21T10:20:00+0530
adx : 30.29  aroonosc : 7.14
-----------------------------------------------
10:22:58 : SCANNING : TASTYBITE
circuit : -1.52%  2021-12-21T10:20:00+0530
adx : 32.88  aroonosc : -78.57
-----------------------------------------------
10:22:58 : SCANNING : TATACHEM
circuit : 1.29%  2021-12-21T10:20:00+0530
adx : 31.88  aroonosc : 85.71
-----------------------------------------------
10:22:59 : SCANNING : TATACOFFEE
circuit : 1.94%  2021-12-21T10:20:00+0530
adx : 26.57  aroonosc : 100.0
-----------------------------------------------
10:22:59 : SCANNING : TATACOMM
circuit : -0.31%  2021-12-21T10:20:00+0530
adx : 18.41  aroonosc : -14.29
-----------------------------------------------
10:23:00 : SCANNING : TATACONSUM
circuit : 1.46%  2021-12-21T10:20:00+0530
adx : 43.43  aroonosc : 21.43
-----------------------------------------------
10:23:00 : SCANNING : TATAELXSI
circuit : 0.18%  2021-12-21T10:20:00+0530
adx : 13.08  aroonosc : 7.14
-----------------------------------------------
10:23:01 : SCANNING : TATAINVEST
circuit : 0.22%  2021-12-21T10:20:00+0530
adx : 34.32  aroonosc : 21.43
-----------------------------------------------
10:23:01 : SCANNING : TATAMOTORS
circuit : 0.82%  2021-12-21T10:20:00+0530
adx : 24.16  aroonosc : 21.43
-----------------------------------------------
10:23:02 : SCANNING : TATAPOWER
circuit : 0.63%  2021-12-21T10:20:00+0530
adx : 37.33  aroonosc : 14.29
-----------------------------------------------
10:23:02 : SCANNING : TATASTEEL
circuit : 1.75%  2021-12-21T10:20:00+0530
adx : 43.74  aroonosc : 85.71
-----------------------------------------------
10:23:02 : SCANNING : TCIEXP
circuit : 1.35%  2021-12-21T10:20:00+0530
adx : 14.38  aroonosc : 0.0
-----------------------------------------------
10:23:03 : SCANNING : TCNSBRANDS
circuit : 2.25%  2021-12-21T10:20:00+0530
adx : 22.57  aroonosc : 7.14
-----------------------------------------------
10:23:03 : SCANNING : TCS
circuit : 1.32%  2021-12-21T10:20:00+0530
adx : 43.62  aroonosc : 85.71
-----------------------------------------------
10:23:03 : SCANNING : TEAMLEASE
circuit : 0.28%  2021-12-21T10:20:00+0530
adx : 14.84  aroonosc : 7.14
-----------------------------------------------
10:23:04 : SCANNING : TECHM
circuit : 1.6%  2021-12-21T10:20:00+0530
adx : 34.52  aroonosc : 57.14
-----------------------------------------------
10:23:04 : SCANNING : THERMAX
circuit : 1.52%  2021-12-21T10:20:00+0530
adx : 33.64  aroonosc : 64.29
-----------------------------------------------
10:23:05 : SCANNING : THYROCARE
circuit : -0.84%  2021-12-21T10:20:00+0530
adx : 15.9  aroonosc : 7.14
-----------------------------------------------
10:23:05 : SCANNING : TIINDIA
circuit : -0.59%  2021-12-21T10:20:00+0530
adx : 27.4  aroonosc : 7.14
-----------------------------------------------
10:23:06 : SCANNING : TIMKEN
circuit : 1.81%  2021-12-21T10:20:00+0530
adx : 34.96  aroonosc : 92.86
-----------------------------------------------
10:23:06 : SCANNING : TITAN
circuit : 1.78%  2021-12-21T10:20:00+0530
adx : 36.36  aroonosc : 28.57
-----------------------------------------------
10:23:06 : SCANNING : TORNTPHARM
circuit : 2.45%  2021-12-21T10:20:00+0530
adx : 26.96  aroonosc : 92.86
-----------------------------------------------
10:23:07 : SCANNING : TORNTPOWER
circuit : 0.14%  2021-12-21T10:20:00+0530
adx : 29.4  aroonosc : 21.43
-----------------------------------------------
10:23:07 : SCANNING : TRENT
circuit : -0.46%  2021-12-21T10:20:00+0530
adx : 23.26  aroonosc : 7.14
-----------------------------------------------
10:23:08 : SCANNING : TRIDENT
circuit : 5.93%  2021-12-21T10:20:00+0530
adx : 16.23  aroonosc : 64.29
-----------------------------------------------
10:23:08 : SCANNING : TRITURBINE
circuit : -0.73%  2021-12-21T10:20:00+0530
adx : 53.06  aroonosc : -35.71
-----------------------------------------------
10:23:08 : SCANNING : TTKPRESTIG
circuit : 2.39%  2021-12-21T10:20:00+0530
adx : 26.64  aroonosc : 14.29
-----------------------------------------------
10:23:09 : SCANNING : TV18BRDCST
circuit : -0.45%  2021-12-21T10:20:00+0530
adx : 12.97  aroonosc : 21.43
-----------------------------------------------
10:23:09 : SCANNING : TVSMOTOR
circuit : 1.15%  2021-12-21T10:20:00+0530
adx : 43.0  aroonosc : 85.71
-----------------------------------------------
10:23:10 : SCANNING : UBL
circuit : 2.26%  2021-12-21T10:20:00+0530
adx : 29.07  aroonosc : 78.57
-----------------------------------------------
10:23:10 : SCANNING : UCOBANK
circuit : 1.57%  2021-12-21T10:20:00+0530
adx : 46.68  aroonosc : 21.43
-----------------------------------------------
10:23:11 : SCANNING : UFLEX
circuit : -1.79%  2021-12-21T10:20:00+0530
adx : 33.96  aroonosc : 7.14
-----------------------------------------------
10:23:11 : SCANNING : UJJIVAN
circuit : -0.04%  2021-12-21T10:20:00+0530
adx : 26.61  aroonosc : 14.29
-----------------------------------------------
10:23:12 : SCANNING : UJJIVANSFB
-----------------------------------------------
10:23:13 : SCANNING : ULTRACEMCO
circuit : 0.57%  2021-12-21T10:20:00+0530
adx : 27.83  aroonosc : 64.29
-----------------------------------------------
10:23:13 : SCANNING : UNIONBANK
circuit : 1.18%  2021-12-21T10:20:00+0530
adx : 12.36  aroonosc : 21.43
-----------------------------------------------
10:23:14 : SCANNING : UPL
circuit : 1.3%  2021-12-21T10:20:00+0530
adx : 38.56  aroonosc : 64.29
-----------------------------------------------
10:23:14 : SCANNING : UTIAMC
circuit : 1.47%  2021-12-21T10:20:00+0530
adx : 16.48  aroonosc : 7.14
-----------------------------------------------
10:23:14 : SCANNING : VAIBHAVGBL
circuit : -0.34%  2021-12-21T10:20:00+0530
adx : 17.98  aroonosc : -28.57
-----------------------------------------------
10:23:15 : SCANNING : VAKRANGEE
circuit : 1.41%  2021-12-21T10:20:00+0530
adx : 27.91  aroonosc : 78.57
-----------------------------------------------
10:23:15 : SCANNING : VALIANTORG
circuit : 0.6%  2021-12-21T10:20:00+0530
adx : 11.64  aroonosc : 14.29
-----------------------------------------------
10:23:16 : SCANNING : VARROC
circuit : 2.62%  2021-12-21T10:20:00+0530
adx : 20.92  aroonosc : 100.0
-----------------------------------------------
10:23:16 : SCANNING : VBL
circuit : 0.57%  2021-12-21T10:20:00+0530
adx : 16.19  aroonosc : 14.29
-----------------------------------------------
10:23:17 : SCANNING : VEDL
circuit : 1.38%  2021-12-21T10:20:00+0530
adx : 50.31  aroonosc : 92.86
-----------------------------------------------
10:23:17 : SCANNING : VENKEYS
circuit : -0.48%  2021-12-21T10:20:00+0530
adx : 26.88  aroonosc : 14.29
-----------------------------------------------
10:23:18 : SCANNING : VGUARD
circuit : 0.22%  2021-12-21T10:20:00+0530
adx : 15.99  aroonosc : 14.29
-----------------------------------------------
10:23:19 : SCANNING : VINATIORGA
circuit : -2.69%  2021-12-21T10:20:00+0530
adx : 21.87  aroonosc : -78.57
-----------------------------------------------
10:23:19 : SCANNING : VIPIND
circuit : 3.01%  2021-12-21T10:20:00+0530
adx : 22.32  aroonosc : 78.57
-----------------------------------------------
10:23:19 : SCANNING : VMART
circuit : -0.69%  2021-12-21T10:20:00+0530
adx : 27.44  aroonosc : -35.71
-----------------------------------------------
10:23:20 : SCANNING : VOLTAS
circuit : 0.73%  2021-12-21T10:20:00+0530
adx : 37.29  aroonosc : 64.29
-----------------------------------------------
10:23:20 : SCANNING : VSTIND
circuit : 0.65%  2021-12-21T10:20:00+0530
adx : 21.34  aroonosc : 7.14
-----------------------------------------------
10:23:21 : SCANNING : VTL
circuit : 5.38%  2021-12-21T10:20:00+0530
adx : 44.56  aroonosc : 64.29
-----------------------------------------------
10:23:21 : SCANNING : WABCOINDIA
circuit : 0.65%  2021-12-21T10:20:00+0530
adx : 12.26  aroonosc : 7.14
-----------------------------------------------
10:23:22 : SCANNING : WELCORP
circuit : 3.46%  2021-12-21T10:20:00+0530
adx : 42.41  aroonosc : 64.29
-----------------------------------------------
10:23:22 : SCANNING : WELSPUNIND
circuit : 1.1%  2021-12-21T10:20:00+0530
adx : 23.39  aroonosc : 14.29
-----------------------------------------------
10:23:23 : SCANNING : WESTLIFE
circuit : 0.28%  2021-12-21T10:20:00+0530
adx : 22.58  aroonosc : 7.14
-----------------------------------------------
10:23:23 : SCANNING : WHIRLPOOL
circuit : 1.14%  2021-12-21T10:20:00+0530
adx : 21.74  aroonosc : 64.29
-----------------------------------------------
10:23:23 : SCANNING : WIPRO
circuit : 1.55%  2021-12-21T10:20:00+0530
adx : 53.25  aroonosc : 92.86
-----------------------------------------------
10:23:24 : SCANNING : WOCKPHARMA
circuit : 0.49%  2021-12-21T10:20:00+0530
adx : 24.99  aroonosc : 7.14
-----------------------------------------------
10:23:24 : SCANNING : YESBANK
-----------------------------------------------
10:23:25 : SCANNING : ZEEL
circuit : 2.25%  2021-12-21T10:20:00+0530
adx : 24.31  aroonosc : 57.14
-----------------------------------------------
10:23:25 : SCANNING : ZENSARTECH
circuit : 3.91%  2021-12-21T10:20:00+0530
adx : 40.43  aroonosc : 71.43
-----------------------------------------------
10:23:25 : SCANNING : ZYDUSWELL
circuit : -0.91%  2021-12-21T10:20:00+0530
adx : 36.6  aroonosc : -35.71
-----------------------------------------------
10:23:26 : SCANNING : PAYTM
circuit : 1.79%  2021-12-21T10:20:00+0530
adx : 27.9  aroonosc : 21.43
-----------------------------------------------
===================================================
10:23:26 : END
===================================================
Start Time     : 2021-12-21 10:20:04.534639
End Time       : 2021-12-21 10:23:26.238335
Time Taken     : 3.0
===================================================
