===================================================
10:36:01 : START
===================================================
10:36:01 : PROCESSING INSTRUMENTS SYMBOLS
-----------------------------------------------
10:36:02 : SCANNING : 3MINDIA
circuit : 0.18%  2021-12-21T10:35:00+0530
adx : 32.57  aroonosc : 78.57
-----------------------------------------------
10:36:02 : SCANNING : AARTIDRUGS
circuit : 0.5%  2021-12-21T10:35:00+0530
adx : 13.04  aroonosc : 71.43
-----------------------------------------------
10:36:02 : SCANNING : AARTIIND
circuit : 1.15%  2021-12-21T10:35:00+0530
adx : 35.8  aroonosc : 71.43
-----------------------------------------------
10:36:03 : SCANNING : AAVAS
circuit : -0.18%  2021-12-21T10:35:00+0530
adx : 50.67  aroonosc : 92.86
-----------------------------------------------
10:36:03 : SCANNING : ABB
circuit : 1.39%  2021-12-21T10:35:00+0530
adx : 17.81  aroonosc : 85.71
-----------------------------------------------
10:36:03 : SCANNING : ABBOTINDIA
circuit : -0.2%  2021-12-21T10:35:00+0530
adx : 29.96  aroonosc : -21.43
-----------------------------------------------
10:36:04 : SCANNING : ABCAPITAL
circuit : 2.95%  2021-12-21T10:35:00+0530
adx : 32.9  aroonosc : 78.57
-----------------------------------------------
10:36:04 : SCANNING : ABFRL
circuit : 2.1%  2021-12-21T10:35:00+0530
adx : 42.01  aroonosc : 35.71
-----------------------------------------------
10:36:04 : SCANNING : ACC
circuit : 1.25%  2021-12-21T10:35:00+0530
adx : 44.91  aroonosc : 71.43
-----------------------------------------------
10:36:05 : SCANNING : ADANIENT
circuit : 0.86%  2021-12-21T10:35:00+0530
adx : 39.21  aroonosc : 64.29
-----------------------------------------------
10:36:05 : SCANNING : ADANIGREEN
circuit : 0.21%  2021-12-21T10:35:00+0530
adx : 25.05  aroonosc : -14.29
-----------------------------------------------
10:36:06 : SCANNING : ADANIPORTS
circuit : -0.72%  2021-12-21T10:35:00+0530
adx : 23.48  aroonosc : -14.29
-----------------------------------------------
10:36:06 : SCANNING : ADVENZYMES
circuit : 1.22%  2021-12-21T10:35:00+0530
adx : 22.25  aroonosc : 71.43
-----------------------------------------------
10:36:06 : SCANNING : AEGISCHEM
circuit : -2.0%  2021-12-21T10:35:00+0530
adx : 43.16  aroonosc : -21.43
-----------------------------------------------
10:36:07 : SCANNING : AFFLE
circuit : 1.23%  2021-12-21T10:35:00+0530
adx : 16.48  aroonosc : -21.43
-----------------------------------------------
10:36:07 : SCANNING : AIAENG
circuit : -0.68%  2021-12-21T10:35:00+0530
adx : 12.87  aroonosc : -28.57
-----------------------------------------------
10:36:07 : SCANNING : AJANTPHARM
circuit : -0.66%  2021-12-21T10:35:00+0530
adx : 18.08  aroonosc : -14.29
-----------------------------------------------
10:36:08 : SCANNING : AKZOINDIA
circuit : -1.14%  2021-12-21T10:35:00+0530
adx : 31.98  aroonosc : -78.57
-----------------------------------------------
10:36:08 : SCANNING : ALEMBICLTD
circuit : -0.82%  2021-12-21T10:35:00+0530
adx : 15.62  aroonosc : -14.29
-----------------------------------------------
10:36:08 : SCANNING : ALKEM
circuit : 0.67%  2021-12-21T10:35:00+0530
adx : 11.95  aroonosc : 7.14
-----------------------------------------------
10:36:09 : SCANNING : ALKYLAMINE
circuit : -1.72%  2021-12-21T10:35:00+0530
adx : 44.13  aroonosc : -50.0
-----------------------------------------------
10:36:09 : SCANNING : ALOKINDS
circuit : 1.32%  2021-12-21T10:35:00+0530
adx : 42.47  aroonosc : -28.57
-----------------------------------------------
10:36:09 : SCANNING : AMARAJABAT
circuit : 0.48%  2021-12-21T10:35:00+0530
adx : 34.89  aroonosc : -14.29
-----------------------------------------------
10:36:10 : SCANNING : AMBER
circuit : 2.87%  2021-12-21T10:35:00+0530
adx : 42.19  aroonosc : 78.57
-----------------------------------------------
10:36:10 : SCANNING : AMBUJACEM
circuit : 2.21%  2021-12-21T10:35:00+0530
adx : 43.95  aroonosc : 78.57
-----------------------------------------------
10:36:10 : SCANNING : ANGELBRKG
circuit : 2.82%  2021-12-21T10:35:00+0530
adx : 42.71  aroonosc : 78.57
-----------------------------------------------
10:36:11 : SCANNING : APLAPOLLO
circuit : 2.15%  2021-12-21T10:35:00+0530
adx : 14.98  aroonosc : -14.29
-----------------------------------------------
10:36:11 : SCANNING : APLLTD
circuit : -1.04%  2021-12-21T10:35:00+0530
adx : 49.57  aroonosc : -14.29
-----------------------------------------------
10:36:11 : SCANNING : APOLLOHOSP
circuit : -0.34%  2021-12-21T10:35:00+0530
adx : 30.55  aroonosc : -14.29
-----------------------------------------------
10:36:12 : SCANNING : APOLLOTYRE
circuit : 0.52%  2021-12-21T10:35:00+0530
adx : 21.89  aroonosc : -14.29
-----------------------------------------------
10:36:12 : SCANNING : ASAHIINDIA
circuit : -1.14%  2021-12-21T10:35:00+0530
adx : 32.65  aroonosc : -21.43
-----------------------------------------------
10:36:12 : SCANNING : ASHOKA
circuit : 0.39%  2021-12-21T10:35:00+0530
adx : 23.22  aroonosc : -71.43
-----------------------------------------------
10:36:13 : SCANNING : ASHOKLEY
circuit : 2.54%  2021-12-21T10:35:00+0530
adx : 42.73  aroonosc : 85.71
-----------------------------------------------
10:36:13 : SCANNING : ASIANPAINT
circuit : 0.63%  2021-12-21T10:35:00+0530
adx : 37.4  aroonosc : 85.71
-----------------------------------------------
10:36:14 : SCANNING : ASTERDM
circuit : -0.99%  2021-12-21T10:35:00+0530
adx : 39.35  aroonosc : -21.43
-----------------------------------------------
10:36:14 : SCANNING : ASTRAL
circuit : -1.85%  2021-12-21T10:35:00+0530
adx : 18.44  aroonosc : 0.0
-----------------------------------------------
10:36:14 : SCANNING : ASTRAZEN
circuit : -0.12%  2021-12-21T10:35:00+0530
adx : 36.97  aroonosc : 50.0
-----------------------------------------------
10:36:15 : SCANNING : ATUL
circuit : 0.09%  2021-12-21T10:35:00+0530
adx : 18.95  aroonosc : 64.29
-----------------------------------------------
10:36:15 : SCANNING : AUBANK
circuit : 4.04%  2021-12-21T10:35:00+0530
adx : 48.02  aroonosc : 92.86
-----------------------------------------------
10:36:15 : SCANNING : AUROPHARMA
circuit : -0.43%  2021-12-21T10:35:00+0530
adx : 21.67  aroonosc : 71.43
-----------------------------------------------
10:36:16 : SCANNING : AVANTIFEED
circuit : -0.43%  2021-12-21T10:35:00+0530
adx : 42.53  aroonosc : -21.43
-----------------------------------------------
10:36:16 : SCANNING : AXISBANK
circuit : -1.14%  2021-12-21T10:35:00+0530
adx : 20.91  aroonosc : -14.29
-----------------------------------------------
10:36:17 : SCANNING : BAJAJ-AUTO
circuit : 0.87%  2021-12-21T10:35:00+0530
adx : 48.45  aroonosc : 85.71
-----------------------------------------------
10:36:17 : SCANNING : BAJAJCON
circuit : 0.15%  2021-12-21T10:35:00+0530
adx : 23.34  aroonosc : 28.57
-----------------------------------------------
10:36:17 : SCANNING : BAJAJELEC
circuit : -1.9%  2021-12-21T10:35:00+0530
adx : 21.28  aroonosc : -100.0
-----------------------------------------------
10:36:18 : SCANNING : BAJAJFINSV
circuit : -1.02%  2021-12-21T10:35:00+0530
adx : 40.08  aroonosc : -14.29
-----------------------------------------------
10:36:18 : SCANNING : BAJAJHLDNG
circuit : 0.21%  2021-12-21T10:35:00+0530
adx : 16.54  aroonosc : 42.86
-----------------------------------------------
10:36:19 : SCANNING : BAJFINANCE
circuit : -0.04%  2021-12-21T10:35:00+0530
adx : 31.9  aroonosc : -7.14
-----------------------------------------------
10:36:19 : SCANNING : BALAMINES
circuit : 0.31%  2021-12-21T10:35:00+0530
adx : 13.07  aroonosc : -35.71
-----------------------------------------------
10:36:20 : SCANNING : BALKRISIND
circuit : -0.71%  2021-12-21T10:35:00+0530
adx : 15.0  aroonosc : -71.43
-----------------------------------------------
10:36:20 : SCANNING : BALMLAWRIE
circuit : 0.97%  2021-12-21T10:35:00+0530
adx : 27.69  aroonosc : 85.71
-----------------------------------------------
10:36:20 : SCANNING : BALRAMCHIN
circuit : 1.99%  2021-12-21T10:35:00+0530
adx : 45.64  aroonosc : 42.86
-----------------------------------------------
10:36:21 : SCANNING : BANDHANBNK
circuit : 0.24%  2021-12-21T10:35:00+0530
adx : 24.23  aroonosc : -14.29
-----------------------------------------------
10:36:21 : SCANNING : BANKBARODA
circuit : 0.87%  2021-12-21T10:35:00+0530
adx : 16.53  aroonosc : -71.43
-----------------------------------------------
10:36:21 : SCANNING : BANKINDIA
circuit : 1.29%  2021-12-21T10:35:00+0530
adx : 44.89  aroonosc : -14.29
-----------------------------------------------
10:36:22 : SCANNING : BASF
circuit : 0.72%  2021-12-21T10:35:00+0530
adx : 48.73  aroonosc : 21.43
-----------------------------------------------
10:36:22 : SCANNING : BATAINDIA
circuit : 0.72%  2021-12-21T10:35:00+0530
adx : 27.43  aroonosc : -21.43
-----------------------------------------------
10:36:22 : SCANNING : BAYERCROP
circuit : -1.55%  2021-12-21T10:35:00+0530
adx : 24.22  aroonosc : -57.14
-----------------------------------------------
10:36:23 : SCANNING : BBTC
circuit : 0.2%  2021-12-21T10:35:00+0530
adx : 22.9  aroonosc : -28.57
-----------------------------------------------
10:36:23 : SCANNING : BDL
circuit : 1.9%  2021-12-21T10:35:00+0530
adx : 33.12  aroonosc : 28.57
-----------------------------------------------
10:36:24 : SCANNING : BEL
circuit : 1.31%  2021-12-21T10:35:00+0530
adx : 34.74  aroonosc : -57.14
-----------------------------------------------
10:36:24 : SCANNING : BEML
circuit : 2.33%  2021-12-21T10:35:00+0530
adx : 48.07  aroonosc : -64.29
-----------------------------------------------
10:36:24 : SCANNING : BERGEPAINT
circuit : 0.46%  2021-12-21T10:35:00+0530
adx : 37.27  aroonosc : -14.29
-----------------------------------------------
10:36:24 : SCANNING : BHARATFORG
circuit : 1.26%  2021-12-21T10:35:00+0530
adx : 26.03  aroonosc : 71.43
-----------------------------------------------
10:36:25 : SCANNING : BHARATRAS
circuit : 2.28%  2021-12-21T10:35:00+0530
adx : 42.64  aroonosc : 7.14
-----------------------------------------------
10:36:25 : SCANNING : BHARTIARTL
circuit : -0.16%  2021-12-21T10:35:00+0530
adx : 35.0  aroonosc : -14.29
-----------------------------------------------
10:36:26 : SCANNING : BHEL
circuit : 0.87%  2021-12-21T10:35:00+0530
adx : 20.04  aroonosc : -21.43
-----------------------------------------------
10:36:26 : SCANNING : BIOCON
circuit : 0.7%  2021-12-21T10:35:00+0530
adx : 12.56  aroonosc : 78.57
-----------------------------------------------
10:36:26 : SCANNING : BIRLACORPN
circuit : 1.45%  2021-12-21T10:35:00+0530
adx : 13.86  aroonosc : 42.86
-----------------------------------------------
10:36:27 : SCANNING : BLISSGVS
circuit : 0.95%  2021-12-21T10:35:00+0530
adx : 22.41  aroonosc : -14.29
-----------------------------------------------
10:36:27 : SCANNING : BLUEDART
circuit : 2.34%  2021-12-21T10:35:00+0530
adx : 45.46  aroonosc : 50.0
-----------------------------------------------
10:36:27 : SCANNING : BLUESTARCO
circuit : -0.93%  2021-12-21T10:35:00+0530
adx : 27.72  aroonosc : -28.57
-----------------------------------------------
10:36:28 : SCANNING : BOSCHLTD
circuit : 3.5%  2021-12-21T10:35:00+0530
adx : 54.58  aroonosc : 42.86
-----------------------------------------------
10:36:28 : SCANNING : BPCL
circuit : -0.78%  2021-12-21T10:35:00+0530
adx : 19.52  aroonosc : -21.43
-----------------------------------------------
10:36:29 : SCANNING : BRIGADE
circuit : 3.43%  2021-12-21T10:35:00+0530
adx : 32.52  aroonosc : 57.14
-----------------------------------------------
10:36:29 : SCANNING : BRITANNIA
circuit : 0.99%  2021-12-21T10:35:00+0530
adx : 27.75  aroonosc : 78.57
-----------------------------------------------
10:36:29 : SCANNING : BSE
circuit : -1.27%  2021-12-21T10:35:00+0530
adx : 14.34  aroonosc : -78.57
-----------------------------------------------
10:36:30 : SCANNING : BSOFT
circuit : -0.04%  2021-12-21T10:35:00+0530
adx : 27.72  aroonosc : 92.86
-----------------------------------------------
10:36:30 : SCANNING : BURGERKING
circuit : 0.84%  2021-12-21T10:35:00+0530
adx : 29.24  aroonosc : -7.14
-----------------------------------------------
10:36:30 : SCANNING : CADILAHC
circuit : 1.11%  2021-12-21T10:35:00+0530
adx : 38.36  aroonosc : 64.29
-----------------------------------------------
10:36:31 : SCANNING : CAMS
-----------------------------------------------
10:36:31 : SCANNING : CANBK
circuit : 0.1%  2021-12-21T10:35:00+0530
adx : 26.1  aroonosc : -21.43
-----------------------------------------------
10:36:31 : SCANNING : CANFINHOME
circuit : 0.73%  2021-12-21T10:35:00+0530
adx : 22.72  aroonosc : 71.43
-----------------------------------------------
10:36:32 : SCANNING : CAPLIPOINT
circuit : 0.61%  2021-12-21T10:35:00+0530
adx : 28.03  aroonosc : -7.14
-----------------------------------------------
10:36:32 : SCANNING : CARBORUNIV
circuit : 1.89%  2021-12-21T10:35:00+0530
adx : 16.44  aroonosc : 71.43
-----------------------------------------------
10:36:32 : SCANNING : CASTROLIND
circuit : -0.9%  2021-12-21T10:35:00+0530
adx : 15.68  aroonosc : -28.57
-----------------------------------------------
10:36:33 : SCANNING : CCL
circuit : 1.89%  2021-12-21T10:35:00+0530
adx : 36.75  aroonosc : -35.71
-----------------------------------------------
10:36:33 : SCANNING : CEATLTD
circuit : 0.31%  2021-12-21T10:35:00+0530
adx : 16.81  aroonosc : 78.57
-----------------------------------------------
10:36:33 : SCANNING : CENTRALBK
circuit : 1.66%  2021-12-21T10:35:00+0530
adx : 39.36  aroonosc : -7.14
-----------------------------------------------
10:36:34 : SCANNING : CENTURYPLY
circuit : 1.07%  2021-12-21T10:35:00+0530
adx : 13.4  aroonosc : -57.14
-----------------------------------------------
10:36:34 : SCANNING : CENTURYTEX
circuit : 2.54%  2021-12-21T10:35:00+0530
adx : 24.88  aroonosc : 64.29
-----------------------------------------------
10:36:34 : SCANNING : CERA
circuit : 4.33%  2021-12-21T10:35:00+0530
adx : 36.37  aroonosc : 71.43
-----------------------------------------------
10:36:35 : SCANNING : CESC
circuit : 1.64%  2021-12-21T10:35:00+0530
adx : 38.61  aroonosc : 85.71
-----------------------------------------------
10:36:35 : SCANNING : CGCL
circuit : -0.21%  2021-12-21T10:35:00+0530
adx : 25.76  aroonosc : -64.29
-----------------------------------------------
10:36:35 : SCANNING : CHALET
circuit : 0.29%  2021-12-21T10:35:00+0530
adx : 11.55  aroonosc : -14.29
-----------------------------------------------
10:36:36 : SCANNING : CHAMBLFERT
circuit : 0.18%  2021-12-21T10:35:00+0530
adx : 23.64  aroonosc : 50.0
-----------------------------------------------
10:36:36 : SCANNING : CHOLAFIN
circuit : 2.1%  2021-12-21T10:35:00+0530
adx : 36.25  aroonosc : 92.86
-----------------------------------------------
10:36:36 : SCANNING : CHOLAHLDNG
circuit : 0.26%  2021-12-21T10:35:00+0530
adx : 17.15  aroonosc : -21.43
-----------------------------------------------
10:36:37 : SCANNING : CIPLA
circuit : -0.4%  2021-12-21T10:35:00+0530
adx : 15.64  aroonosc : -14.29
-----------------------------------------------
10:36:37 : SCANNING : COALINDIA
circuit : 1.62%  2021-12-21T10:35:00+0530
adx : 41.54  aroonosc : 71.43
-----------------------------------------------
10:36:37 : SCANNING : COCHINSHIP
circuit : 1.33%  2021-12-21T10:35:00+0530
adx : 19.63  aroonosc : -14.29
-----------------------------------------------
10:36:38 : SCANNING : COFORGE
circuit : 1.91%  2021-12-21T10:35:00+0530
adx : 43.42  aroonosc : 28.57
-----------------------------------------------
10:36:38 : SCANNING : COLPAL
circuit : 1.33%  2021-12-21T10:35:00+0530
adx : 42.06  aroonosc : 42.86
-----------------------------------------------
10:36:38 : SCANNING : CONCOR
circuit : 0.21%  2021-12-21T10:35:00+0530
adx : 18.12  aroonosc : -71.43
-----------------------------------------------
10:36:39 : SCANNING : COROMANDEL
circuit : 0.37%  2021-12-21T10:35:00+0530
adx : 10.94  aroonosc : -14.29
-----------------------------------------------
10:36:39 : SCANNING : CREDITACC
circuit : -2.02%  2021-12-21T10:35:00+0530
adx : 13.41  aroonosc : -21.43
-----------------------------------------------
10:36:39 : SCANNING : CRISIL
circuit : 1.8%  2021-12-21T10:35:00+0530
adx : 31.69  aroonosc : 71.43
-----------------------------------------------
10:36:40 : SCANNING : CROMPTON
circuit : 0.58%  2021-12-21T10:35:00+0530
adx : 21.62  aroonosc : 85.71
-----------------------------------------------
10:36:40 : SCANNING : CSBBANK
circuit : 1.23%  2021-12-21T10:35:00+0530
adx : 18.77  aroonosc : 92.86
-----------------------------------------------
10:36:40 : SCANNING : CUB
circuit : 0.41%  2021-12-21T10:35:00+0530
adx : 28.95  aroonosc : -21.43
-----------------------------------------------
10:36:41 : SCANNING : CUMMINSIND
circuit : 0.92%  2021-12-21T10:35:00+0530
adx : 31.7  aroonosc : -21.43
-----------------------------------------------
10:36:41 : SCANNING : CYIENT
circuit : -0.02%  2021-12-21T10:35:00+0530
adx : 17.24  aroonosc : -14.29
-----------------------------------------------
10:36:41 : SCANNING : DABUR
circuit : 0.6%  2021-12-21T10:35:00+0530
adx : 47.19  aroonosc : 85.71
-----------------------------------------------
10:36:42 : SCANNING : DALBHARAT
circuit : 4.05%  2021-12-21T10:35:00+0530
adx : 46.15  aroonosc : 50.0
-----------------------------------------------
10:36:42 : SCANNING : DBL
circuit : -0.79%  2021-12-21T10:35:00+0530
adx : 46.79  aroonosc : 64.29
-----------------------------------------------
10:36:42 : SCANNING : DCAL
circuit : 2.0%  2021-12-21T10:35:00+0530
adx : 24.62  aroonosc : 64.29
-----------------------------------------------
10:36:43 : SCANNING : DCBBANK
circuit : 2.43%  2021-12-21T10:35:00+0530
adx : 36.27  aroonosc : -7.14
-----------------------------------------------
10:36:43 : SCANNING : DCMSHRIRAM
circuit : 0.59%  2021-12-21T10:35:00+0530
adx : 18.02  aroonosc : 35.71
-----------------------------------------------
10:36:43 : SCANNING : DEEPAKNTR
circuit : 1.63%  2021-12-21T10:35:00+0530
adx : 39.51  aroonosc : 85.71
-----------------------------------------------
10:36:44 : SCANNING : DELTACORP
circuit : 0.54%  2021-12-21T10:35:00+0530
adx : 23.84  aroonosc : -14.29
-----------------------------------------------
10:36:44 : SCANNING : DHANI
circuit : 3.3%  2021-12-21T10:35:00+0530
adx : 29.65  aroonosc : 78.57
-----------------------------------------------
10:36:44 : SCANNING : DHANUKA
circuit : -0.29%  2021-12-21T10:35:00+0530
adx : 15.11  aroonosc : -14.29
-----------------------------------------------
10:36:45 : SCANNING : DISHTV
circuit : 1.8%  2021-12-21T10:35:00+0530
adx : 42.46  aroonosc : -21.43
-----------------------------------------------
10:36:45 : SCANNING : DIVISLAB
circuit : -1.3%  2021-12-21T10:35:00+0530
adx : 21.95  aroonosc : -71.43
-----------------------------------------------
10:36:45 : SCANNING : DIXON
circuit : 2.0%  2021-12-21T10:35:00+0530
adx : 42.35  aroonosc : 64.29
-----------------------------------------------
10:36:46 : SCANNING : DLF
circuit : 0.99%  2021-12-21T10:35:00+0530
adx : 43.12  aroonosc : 64.29
-----------------------------------------------
10:36:46 : SCANNING : DMART
circuit : 0.46%  2021-12-21T10:35:00+0530
adx : 16.46  aroonosc : 35.71
-----------------------------------------------
10:36:46 : SCANNING : DRREDDY
circuit : 0.69%  2021-12-21T10:35:00+0530
adx : 27.39  aroonosc : 71.43
-----------------------------------------------
10:36:47 : SCANNING : ECLERX
circuit : 1.35%  2021-12-21T10:35:00+0530
adx : 18.23  aroonosc : -21.43
-----------------------------------------------
10:36:47 : SCANNING : EDELWEISS
circuit : 0.65%  2021-12-21T10:35:00+0530
adx : 15.95  aroonosc : -71.43
-----------------------------------------------
10:36:47 : SCANNING : EICHERMOT
circuit : -0.17%  2021-12-21T10:35:00+0530
adx : 34.62  aroonosc : 71.43
-----------------------------------------------
10:36:48 : SCANNING : EIDPARRY
circuit : 1.18%  2021-12-21T10:35:00+0530
adx : 25.84  aroonosc : 64.29
-----------------------------------------------
10:36:48 : SCANNING : EIHOTEL
circuit : 1.66%  2021-12-21T10:35:00+0530
adx : 13.46  aroonosc : -21.43
-----------------------------------------------
10:36:49 : SCANNING : ELGIEQUIP
circuit : 2.04%  2021-12-21T10:35:00+0530
adx : 36.32  aroonosc : 14.29
-----------------------------------------------
10:36:49 : SCANNING : EMAMILTD
circuit : -0.8%  2021-12-21T10:35:00+0530
adx : 38.47  aroonosc : -21.43
-----------------------------------------------
10:36:49 : SCANNING : ENDURANCE
circuit : 0.03%  2021-12-21T10:35:00+0530
adx : 21.85  aroonosc : -57.14
-----------------------------------------------
10:36:50 : SCANNING : ENGINERSIN
circuit : 0.07%  2021-12-21T10:35:00+0530
adx : 17.7  aroonosc : -14.29
-----------------------------------------------
10:36:50 : SCANNING : EPL
circuit : 1.39%  2021-12-21T10:35:00+0530
adx : 30.24  aroonosc : 71.43
-----------------------------------------------
10:36:50 : SCANNING : EQUITAS
circuit : -1.61%  2021-12-21T10:35:00+0530
adx : 26.17  aroonosc : -92.86
-----------------------------------------------
10:36:51 : SCANNING : ERIS
circuit : -0.24%  2021-12-21T10:35:00+0530
adx : 21.61  aroonosc : -14.29
-----------------------------------------------
10:36:51 : SCANNING : ESCORTS
circuit : 0.52%  2021-12-21T10:35:00+0530
adx : 25.46  aroonosc : 35.71
-----------------------------------------------
10:36:51 : SCANNING : EXIDEIND
circuit : 0.51%  2021-12-21T10:35:00+0530
adx : 44.71  aroonosc : 28.57
-----------------------------------------------
10:36:52 : SCANNING : FCONSUMER
circuit : -7.1%  2021-12-21T10:35:00+0530
adx : 32.54  aroonosc : 78.57
-----------------------------------------------
10:36:52 : SCANNING : FDC
circuit : 0.31%  2021-12-21T10:35:00+0530
adx : 15.98  aroonosc : -7.14
-----------------------------------------------
10:36:53 : SCANNING : FEDERALBNK
circuit : -0.55%  2021-12-21T10:35:00+0530
adx : 24.03  aroonosc : -21.43
-----------------------------------------------
10:36:53 : SCANNING : FINCABLES
circuit : 0.97%  2021-12-21T10:35:00+0530
adx : 10.31  aroonosc : -64.29
-----------------------------------------------
10:36:53 : SCANNING : FINEORG
circuit : 1.25%  2021-12-21T10:35:00+0530
adx : 18.55  aroonosc : 21.43
-----------------------------------------------
10:36:53 : SCANNING : FINPIPE
circuit : 3.36%  2021-12-21T10:35:00+0530
adx : 32.66  aroonosc : 85.71
-----------------------------------------------
10:36:54 : SCANNING : FLUOROCHEM
circuit : 3.98%  2021-12-21T10:35:00+0530
adx : 33.87  aroonosc : 28.57
-----------------------------------------------
10:36:54 : SCANNING : FORTIS
circuit : 3.82%  2021-12-21T10:35:00+0530
adx : 43.89  aroonosc : 92.86
-----------------------------------------------
10:36:54 : SCANNING : FRETAIL
circuit : -9.11%  2021-12-21T10:35:00+0530
adx : 40.87  aroonosc : 57.14
-----------------------------------------------
10:36:55 : SCANNING : FSL
circuit : 0.65%  2021-12-21T10:35:00+0530
adx : 14.61  aroonosc : -92.86
-----------------------------------------------
10:36:55 : SCANNING : GAEL
circuit : 1.28%  2021-12-21T10:35:00+0530
adx : 15.91  aroonosc : 78.57
-----------------------------------------------
10:36:56 : SCANNING : GAIL
circuit : 1.06%  2021-12-21T10:35:00+0530
adx : 38.38  aroonosc : 71.43
-----------------------------------------------
10:36:56 : SCANNING : GALAXYSURF
circuit : -0.63%  2021-12-21T10:35:00+0530
adx : 33.54  aroonosc : -71.43
-----------------------------------------------
10:36:56 : SCANNING : GARFIBRES
circuit : -0.43%  2021-12-21T10:35:00+0530
adx : 34.36  aroonosc : -14.29
-----------------------------------------------
10:36:56 : SCANNING : GEPIL
circuit : 2.09%  2021-12-21T10:35:00+0530
adx : 14.15  aroonosc : -28.57
-----------------------------------------------
10:36:57 : SCANNING : GESHIP
circuit : 1.48%  2021-12-21T10:35:00+0530
adx : 29.65  aroonosc : 21.43
-----------------------------------------------
10:36:57 : SCANNING : GICRE
circuit : 1.12%  2021-12-21T10:35:00+0530
adx : 16.36  aroonosc : -21.43
-----------------------------------------------
10:36:58 : SCANNING : GILLETTE
circuit : 1.07%  2021-12-21T10:35:00+0530
adx : 22.01  aroonosc : 35.71
-----------------------------------------------
10:36:58 : SCANNING : GLAND
circuit : 1.51%  2021-12-21T10:35:00+0530
adx : 19.9  aroonosc : 92.86
-----------------------------------------------
10:36:58 : SCANNING : GLAXO
circuit : 1.79%  2021-12-21T10:35:00+0530
adx : 42.2  aroonosc : 64.29
-----------------------------------------------
10:36:59 : SCANNING : GLENMARK
circuit : -0.22%  2021-12-21T10:35:00+0530
adx : 20.48  aroonosc : -14.29
-----------------------------------------------
10:36:59 : SCANNING : GMMPFAUDLR
circuit : 2.38%  2021-12-21T10:35:00+0530
adx : 49.1  aroonosc : 85.71
-----------------------------------------------
10:36:59 : SCANNING : GMRINFRA
circuit : 1.25%  2021-12-21T10:35:00+0530
adx : 31.74  aroonosc : 57.14
-----------------------------------------------
10:37:00 : SCANNING : GNFC
circuit : 1.52%  2021-12-21T10:35:00+0530
adx : 29.09  aroonosc : 64.29
-----------------------------------------------
10:37:00 : SCANNING : GODFRYPHLP
circuit : -0.15%  2021-12-21T10:35:00+0530
adx : 14.53  aroonosc : -100.0
-----------------------------------------------
10:37:00 : SCANNING : GODREJAGRO
circuit : -0.81%  2021-12-21T10:35:00+0530
adx : 27.65  aroonosc : -14.29
-----------------------------------------------
10:37:01 : SCANNING : GODREJCP
circuit : 4.38%  2021-12-21T10:35:00+0530
adx : 43.26  aroonosc : 92.86
-----------------------------------------------
10:37:01 : SCANNING : GODREJIND
circuit : 2.45%  2021-12-21T10:35:00+0530
adx : 43.69  aroonosc : 50.0
-----------------------------------------------
10:37:01 : SCANNING : GODREJPROP
circuit : 1.27%  2021-12-21T10:35:00+0530
adx : 20.86  aroonosc : 50.0
-----------------------------------------------
10:37:02 : SCANNING : GPPL
circuit : 0.31%  2021-12-21T10:35:00+0530
adx : 36.06  aroonosc : -7.14
-----------------------------------------------
10:37:02 : SCANNING : GRANULES
circuit : -0.55%  2021-12-21T10:35:00+0530
adx : 10.25  aroonosc : -35.71
-----------------------------------------------
10:37:02 : SCANNING : GRAPHITE
circuit : 0.16%  2021-12-21T10:35:00+0530
adx : 27.86  aroonosc : -92.86
-----------------------------------------------
10:37:03 : SCANNING : GRASIM
circuit : 2.12%  2021-12-21T10:35:00+0530
adx : 53.49  aroonosc : 64.29
-----------------------------------------------
10:37:03 : SCANNING : GREAVESCOT
circuit : 1.37%  2021-12-21T10:35:00+0530
adx : 36.11  aroonosc : 78.57
-----------------------------------------------
10:37:03 : SCANNING : GRINDWELL
circuit : 0.1%  2021-12-21T10:35:00+0530
adx : 29.89  aroonosc : -42.86
-----------------------------------------------
10:37:04 : SCANNING : GRSE
circuit : 2.9%  2021-12-21T10:35:00+0530
adx : 19.93  aroonosc : 64.29
-----------------------------------------------
10:37:04 : SCANNING : GSFC
circuit : 1.0%  2021-12-21T10:35:00+0530
adx : 18.48  aroonosc : 35.71
-----------------------------------------------
10:37:04 : SCANNING : GSPL
circuit : 1.03%  2021-12-21T10:35:00+0530
adx : 28.39  aroonosc : -21.43
-----------------------------------------------
10:37:05 : SCANNING : GUJALKALI
circuit : 0.08%  2021-12-21T10:35:00+0530
adx : 40.67  aroonosc : -21.43
-----------------------------------------------
10:37:05 : SCANNING : GUJGASLTD
circuit : 1.51%  2021-12-21T10:35:00+0530
adx : 51.48  aroonosc : 71.43
-----------------------------------------------
10:37:05 : SCANNING : GULFOILLUB
circuit : -0.22%  2021-12-21T10:35:00+0530
adx : 22.81  aroonosc : -21.43
-----------------------------------------------
10:37:06 : SCANNING : HAL
circuit : 0.37%  2021-12-21T10:35:00+0530
adx : 32.58  aroonosc : -7.14
-----------------------------------------------
10:37:06 : SCANNING : HATSUN
circuit : -1.95%  2021-12-21T10:35:00+0530
adx : 19.33  aroonosc : 28.57
-----------------------------------------------
10:37:07 : SCANNING : HAVELLS
circuit : 3.2%  2021-12-21T10:35:00+0530
adx : 40.53  aroonosc : -35.71
-----------------------------------------------
10:37:07 : SCANNING : HCLTECH
circuit : 3.51%  2021-12-21T10:35:00+0530
adx : 58.49  aroonosc : 64.29
-----------------------------------------------
10:37:08 : SCANNING : HDFC
circuit : -0.42%  2021-12-21T10:35:00+0530
adx : 47.69  aroonosc : 85.71
-----------------------------------------------
10:37:08 : SCANNING : HDFCAMC
circuit : 0.6%  2021-12-21T10:35:00+0530
adx : 26.56  aroonosc : 92.86
-----------------------------------------------
10:37:08 : SCANNING : HDFCBANK
circuit : 0.21%  2021-12-21T10:35:00+0530
adx : 14.19  aroonosc : 85.71
-----------------------------------------------
10:37:09 : SCANNING : HDFCLIFE
circuit : -0.16%  2021-12-21T10:35:00+0530
adx : 28.67  aroonosc : 78.57
-----------------------------------------------
10:37:09 : SCANNING : HEG
circuit : -0.06%  2021-12-21T10:35:00+0530
adx : 16.1  aroonosc : -50.0
-----------------------------------------------
10:37:09 : SCANNING : HEIDELBERG
circuit : 0.51%  2021-12-21T10:35:00+0530
adx : 19.96  aroonosc : 64.29
-----------------------------------------------
10:37:10 : SCANNING : HEMIPROP
circuit : 1.64%  2021-12-21T10:35:00+0530
adx : 28.04  aroonosc : -14.29
-----------------------------------------------
10:37:10 : SCANNING : HEROMOTOCO
circuit : -1.38%  2021-12-21T10:35:00+0530
adx : 38.01  aroonosc : 42.86
-----------------------------------------------
10:37:11 : SCANNING : HINDALCO
circuit : 1.72%  2021-12-21T10:35:00+0530
adx : 55.89  aroonosc : 64.29
-----------------------------------------------
10:37:11 : SCANNING : HINDCOPPER
circuit : 1.09%  2021-12-21T10:35:00+0530
adx : 37.28  aroonosc : 71.43
-----------------------------------------------
10:37:11 : SCANNING : HINDPETRO
circuit : 1.08%  2021-12-21T10:35:00+0530
adx : 19.68  aroonosc : -14.29
-----------------------------------------------
10:37:12 : SCANNING : HINDUNILVR
circuit : -0.19%  2021-12-21T10:35:00+0530
adx : 32.28  aroonosc : 14.29
-----------------------------------------------
10:37:12 : SCANNING : HINDZINC
circuit : 1.96%  2021-12-21T10:35:00+0530
adx : 27.52  aroonosc : -14.29
-----------------------------------------------
10:37:12 : SCANNING : HONAUT
circuit : -0.3%  2021-12-21T10:35:00+0530
adx : 20.47  aroonosc : -85.71
-----------------------------------------------
10:37:13 : SCANNING : HSCL
circuit : 1.65%  2021-12-21T10:35:00+0530
adx : 47.31  aroonosc : 21.43
-----------------------------------------------
10:37:13 : SCANNING : HUDCO
circuit : 0.9%  2021-12-21T10:35:00+0530
adx : 24.33  aroonosc : 42.86
-----------------------------------------------
10:37:13 : SCANNING : HUHTAMAKI
circuit : 1.34%  2021-12-21T10:35:00+0530
adx : 12.41  aroonosc : -14.29
-----------------------------------------------
10:37:14 : SCANNING : IBREALEST
circuit : 3.41%  2021-12-21T10:35:00+0530
adx : 44.19  aroonosc : 64.29
-----------------------------------------------
10:37:14 : SCANNING : IBULHSGFIN
circuit : 0.92%  2021-12-21T10:35:00+0530
adx : 29.27  aroonosc : -21.43
-----------------------------------------------
10:37:14 : SCANNING : ICICIBANK
circuit : 0.54%  2021-12-21T10:35:00+0530
adx : 45.81  aroonosc : -14.29
-----------------------------------------------
10:37:15 : SCANNING : ICICIGI
circuit : 1.27%  2021-12-21T10:35:00+0530
adx : 38.78  aroonosc : 85.71
-----------------------------------------------
10:37:15 : SCANNING : ICICIPRULI
circuit : 1.91%  2021-12-21T10:35:00+0530
adx : 37.18  aroonosc : 64.29
-----------------------------------------------
10:37:15 : SCANNING : ICIL
circuit : -1.32%  2021-12-21T10:35:00+0530
adx : 22.2  aroonosc : -21.43
-----------------------------------------------
10:37:16 : SCANNING : IDBI
circuit : 3.18%  2021-12-21T10:35:00+0530
adx : 47.19  aroonosc : 35.71
-----------------------------------------------
10:37:16 : SCANNING : IDEA
circuit : 5.42%  2021-12-21T10:35:00+0530
adx : 43.3  aroonosc : 71.43
-----------------------------------------------
10:37:16 : SCANNING : IDFC
circuit : 1.68%  2021-12-21T10:35:00+0530
adx : 41.55  aroonosc : -14.29
-----------------------------------------------
10:37:17 : SCANNING : IDFCFIRSTB
circuit : 0.44%  2021-12-21T10:35:00+0530
adx : 11.5  aroonosc : -71.43
-----------------------------------------------
10:37:17 : SCANNING : IEX
circuit : 1.61%  2021-12-21T10:35:00+0530
adx : 37.25  aroonosc : 71.43
-----------------------------------------------
10:37:17 : SCANNING : IFBIND
circuit : 0.29%  2021-12-21T10:35:00+0530
adx : 33.85  aroonosc : 35.71
-----------------------------------------------
10:37:18 : SCANNING : IGL
circuit : 0.93%  2021-12-21T10:35:00+0530
adx : 36.57  aroonosc : 85.71
-----------------------------------------------
10:37:18 : SCANNING : IIFL
circuit : 0.77%  2021-12-21T10:35:00+0530
adx : 26.31  aroonosc : 35.71
-----------------------------------------------
10:37:18 : SCANNING : IIFLWAM
circuit : -1.27%  2021-12-21T10:35:00+0530
adx : 21.24  aroonosc : -92.86
-----------------------------------------------
10:37:19 : SCANNING : INDHOTEL
-----------------------------------------------
10:37:19 : SCANNING : INDIACEM
circuit : 1.36%  2021-12-21T10:35:00+0530
adx : 37.47  aroonosc : 85.71
-----------------------------------------------
10:37:19 : SCANNING : INDIAMART
circuit : 0.07%  2021-12-21T10:35:00+0530
adx : 10.64  aroonosc : -21.43
-----------------------------------------------
10:37:20 : SCANNING : INDIANB
circuit : 0.89%  2021-12-21T10:35:00+0530
adx : 31.83  aroonosc : -14.29
-----------------------------------------------
10:37:20 : SCANNING : INDIGO
circuit : 0.11%  2021-12-21T10:35:00+0530
adx : 21.58  aroonosc : 78.57
-----------------------------------------------
10:37:21 : SCANNING : INDOCO
circuit : 1.26%  2021-12-21T10:35:00+0530
adx : 25.2  aroonosc : 92.86
-----------------------------------------------
10:37:21 : SCANNING : INDUSINDBK
circuit : 0.42%  2021-12-21T10:35:00+0530
adx : 27.09  aroonosc : -14.29
-----------------------------------------------
10:37:21 : SCANNING : INDUSTOWER
circuit : 3.21%  2021-12-21T10:35:00+0530
adx : 44.62  aroonosc : 64.29
-----------------------------------------------
10:37:22 : SCANNING : INFIBEAM
circuit : 1.66%  2021-12-21T10:35:00+0530
adx : 42.73  aroonosc : -14.29
-----------------------------------------------
10:37:22 : SCANNING : INFY
circuit : 1.35%  2021-12-21T10:35:00+0530
adx : 32.5  aroonosc : 28.57
-----------------------------------------------
10:37:23 : SCANNING : INGERRAND
circuit : 1.12%  2021-12-21T10:35:00+0530
adx : 22.65  aroonosc : -57.14
-----------------------------------------------
10:37:23 : SCANNING : INOXLEISUR
circuit : 3.45%  2021-12-21T10:35:00+0530
adx : 48.77  aroonosc : -14.29
-----------------------------------------------
10:37:24 : SCANNING : INTELLECT
circuit : 0.7%  2021-12-21T10:35:00+0530
adx : 20.13  aroonosc : -14.29
-----------------------------------------------
10:37:24 : SCANNING : IOB
circuit : 1.49%  2021-12-21T10:35:00+0530
adx : 38.71  aroonosc : -7.14
-----------------------------------------------
10:37:25 : SCANNING : IOC
-----------------------------------------------
10:37:25 : SCANNING : IOLCP
circuit : -0.94%  2021-12-21T10:35:00+0530
adx : 49.6  aroonosc : -14.29
-----------------------------------------------
10:37:25 : SCANNING : IPCALAB
circuit : 0.3%  2021-12-21T10:35:00+0530
adx : 10.02  aroonosc : -42.86
-----------------------------------------------
10:37:26 : SCANNING : IRB
circuit : -1.57%  2021-12-21T10:35:00+0530
adx : 17.53  aroonosc : -100.0
-----------------------------------------------
10:37:26 : SCANNING : IRCON
circuit : 0.22%  2021-12-21T10:35:00+0530
adx : 27.65  aroonosc : -7.14
-----------------------------------------------
10:37:26 : SCANNING : IRCTC
circuit : 0.66%  2021-12-21T10:35:00+0530
adx : 31.91  aroonosc : -7.14
-----------------------------------------------
10:37:27 : SCANNING : ISEC
circuit : 1.05%  2021-12-21T10:35:00+0530
adx : 25.78  aroonosc : -100.0
-----------------------------------------------
10:37:27 : SCANNING : ITC
circuit : -0.12%  2021-12-21T10:35:00+0530
adx : 21.05  aroonosc : -14.29
-----------------------------------------------
10:37:27 : SCANNING : ITI
circuit : 1.2%  2021-12-21T10:35:00+0530
adx : 23.61  aroonosc : 50.0
-----------------------------------------------
10:37:28 : SCANNING : J&KBANK
circuit : 2.17%  2021-12-21T10:35:00+0530
adx : 28.9  aroonosc : 0.0
-----------------------------------------------
10:37:28 : SCANNING : JAMNAAUTO
circuit : 3.11%  2021-12-21T10:35:00+0530
adx : 27.21  aroonosc : 64.29
-----------------------------------------------
10:37:28 : SCANNING : JBCHEPHARM
circuit : -0.51%  2021-12-21T10:35:00+0530
adx : 50.15  aroonosc : -92.86
-----------------------------------------------
10:37:29 : SCANNING : JCHAC
circuit : 1.68%  2021-12-21T10:35:00+0530
adx : 35.71  aroonosc : 35.71
-----------------------------------------------
10:37:29 : SCANNING : JINDALSAW
circuit : 2.2%  2021-12-21T10:35:00+0530
adx : 25.24  aroonosc : 21.43
-----------------------------------------------
10:37:29 : SCANNING : JINDALSTEL
circuit : 1.94%  2021-12-21T10:35:00+0530
adx : 49.38  aroonosc : 50.0
-----------------------------------------------
10:37:30 : SCANNING : JKCEMENT
circuit : 2.5%  2021-12-21T10:35:00+0530
adx : 24.72  aroonosc : 85.71
-----------------------------------------------
10:37:30 : SCANNING : JKLAKSHMI
circuit : 0.67%  2021-12-21T10:35:00+0530
adx : 17.49  aroonosc : -14.29
-----------------------------------------------
10:37:30 : SCANNING : JKPAPER
circuit : 1.23%  2021-12-21T10:35:00+0530
adx : 29.52  aroonosc : 28.57
-----------------------------------------------
10:37:31 : SCANNING : JKTYRE
circuit : 2.34%  2021-12-21T10:35:00+0530
adx : 36.89  aroonosc : 85.71
-----------------------------------------------
10:37:31 : SCANNING : JMFINANCIL
circuit : -0.69%  2021-12-21T10:35:00+0530
adx : 23.98  aroonosc : 35.71
-----------------------------------------------
10:37:31 : SCANNING : JSL
circuit : 3.22%  2021-12-21T10:35:00+0530
adx : 26.28  aroonosc : 57.14
-----------------------------------------------
10:37:32 : SCANNING : JSLHISAR
circuit : 3.09%  2021-12-21T10:35:00+0530
adx : 22.69  aroonosc : 64.29
-----------------------------------------------
10:37:32 : SCANNING : JSWSTEEL
circuit : 2.22%  2021-12-21T10:35:00+0530
adx : 63.82  aroonosc : 35.71
-----------------------------------------------
10:37:32 : SCANNING : JTEKTINDIA
circuit : 1.81%  2021-12-21T10:35:00+0530
adx : 20.25  aroonosc : 92.86
-----------------------------------------------
10:37:33 : SCANNING : JUBLFOOD
circuit : 0.15%  2021-12-21T10:35:00+0530
adx : 16.46  aroonosc : -35.71
-----------------------------------------------
10:37:33 : SCANNING : JUSTDIAL
circuit : 2.74%  2021-12-21T10:35:00+0530
adx : 37.95  aroonosc : 35.71
-----------------------------------------------
10:37:34 : SCANNING : JYOTHYLAB
circuit : 0.46%  2021-12-21T10:35:00+0530
adx : 24.78  aroonosc : -21.43
-----------------------------------------------
10:37:34 : SCANNING : KAJARIACER
circuit : 1.64%  2021-12-21T10:35:00+0530
adx : 23.47  aroonosc : -21.43
-----------------------------------------------
10:37:34 : SCANNING : KALPATPOWR
circuit : 0.78%  2021-12-21T10:35:00+0530
adx : 15.69  aroonosc : -14.29
-----------------------------------------------
10:37:35 : SCANNING : KANSAINER
circuit : 1.0%  2021-12-21T10:35:00+0530
adx : 25.37  aroonosc : 78.57
-----------------------------------------------
10:37:35 : SCANNING : KARURVYSYA
circuit : -0.11%  2021-12-21T10:35:00+0530
adx : 34.57  aroonosc : 42.86
-----------------------------------------------
10:37:35 : SCANNING : KEC
circuit : 0.64%  2021-12-21T10:35:00+0530
adx : 14.32  aroonosc : -21.43
-----------------------------------------------
10:37:36 : SCANNING : KEI
circuit : -0.56%  2021-12-21T10:35:00+0530
adx : 13.13  aroonosc : -14.29
-----------------------------------------------
10:37:36 : SCANNING : KNRCON
circuit : 0.36%  2021-12-21T10:35:00+0530
adx : 10.11  aroonosc : -7.14
-----------------------------------------------
10:37:36 : SCANNING : KOTAKBANK
circuit : -0.37%  2021-12-21T10:35:00+0530
adx : 22.24  aroonosc : -7.14
-----------------------------------------------
10:37:37 : SCANNING : KPITTECH
circuit : 3.02%  2021-12-21T10:35:00+0530
adx : 35.46  aroonosc : 28.57
-----------------------------------------------
10:37:37 : SCANNING : KPRMILL
circuit : 2.22%  2021-12-21T10:35:00+0530
adx : 20.98  aroonosc : 35.71
-----------------------------------------------
10:37:37 : SCANNING : KRBL
circuit : 0.5%  2021-12-21T10:35:00+0530
adx : 18.56  aroonosc : -28.57
-----------------------------------------------
10:37:38 : SCANNING : KSB
circuit : 1.67%  2021-12-21T10:35:00+0530
adx : 14.0  aroonosc : 57.14
-----------------------------------------------
10:37:38 : SCANNING : KSCL
circuit : -0.84%  2021-12-21T10:35:00+0530
adx : 23.86  aroonosc : 14.29
-----------------------------------------------
10:37:38 : SCANNING : L&TFH
circuit : 3.59%  2021-12-21T10:35:00+0530
adx : 54.54  aroonosc : 100.0
-----------------------------------------------
10:37:39 : SCANNING : LALPATHLAB
circuit : -0.17%  2021-12-21T10:35:00+0530
adx : 17.88  aroonosc : -14.29
-----------------------------------------------
10:37:39 : SCANNING : LAOPALA
circuit : 3.56%  2021-12-21T10:35:00+0530
adx : 41.07  aroonosc : 0.0
-----------------------------------------------
10:37:39 : SCANNING : LAURUSLABS
circuit : 1.47%  2021-12-21T10:35:00+0530
adx : 20.54  aroonosc : -64.29
-----------------------------------------------
10:37:40 : SCANNING : LAXMIMACH
circuit : 3.06%  2021-12-21T10:35:00+0530
adx : 25.79  aroonosc : 35.71
-----------------------------------------------
10:37:40 : SCANNING : LEMONTREE
circuit : 4.36%  2021-12-21T10:35:00+0530
adx : 35.13  aroonosc : -21.43
-----------------------------------------------
10:37:41 : SCANNING : LICHSGFIN
circuit : 0.31%  2021-12-21T10:35:00+0530
adx : 36.71  aroonosc : -21.43
-----------------------------------------------
10:37:41 : SCANNING : LINDEINDIA
circuit : 1.17%  2021-12-21T10:35:00+0530
adx : 15.23  aroonosc : 42.86
-----------------------------------------------
10:37:41 : SCANNING : LT
circuit : 0.12%  2021-12-21T10:35:00+0530
adx : 26.56  aroonosc : -14.29
-----------------------------------------------
10:37:41 : SCANNING : LTI
circuit : 2.4%  2021-12-21T10:35:00+0530
adx : 29.87  aroonosc : 78.57
-----------------------------------------------
10:37:42 : SCANNING : LTTS
circuit : 1.06%  2021-12-21T10:35:00+0530
adx : 23.53  aroonosc : 64.29
-----------------------------------------------
10:37:42 : SCANNING : LUPIN
circuit : 0.11%  2021-12-21T10:35:00+0530
adx : 33.18  aroonosc : -21.43
-----------------------------------------------
10:37:42 : SCANNING : LUXIND
circuit : 0.02%  2021-12-21T10:35:00+0530
adx : 31.04  aroonosc : -21.43
-----------------------------------------------
10:37:43 : SCANNING : M&M
circuit : -0.48%  2021-12-21T10:35:00+0530
adx : 28.33  aroonosc : -50.0
-----------------------------------------------
10:37:43 : SCANNING : M&MFIN
circuit : 0.68%  2021-12-21T10:35:00+0530
adx : 21.21  aroonosc : -21.43
-----------------------------------------------
10:37:43 : SCANNING : MAHABANK
circuit : 0.53%  2021-12-21T10:35:00+0530
adx : 15.89  aroonosc : -21.43
-----------------------------------------------
10:37:44 : SCANNING : MAHINDCIE
circuit : 1.43%  2021-12-21T10:35:00+0530
adx : 21.46  aroonosc : -7.14
-----------------------------------------------
10:37:44 : SCANNING : MAHLOG
circuit : -1.45%  2021-12-21T10:35:00+0530
adx : 12.63  aroonosc : -7.14
-----------------------------------------------
10:37:44 : SCANNING : MAHSCOOTER
circuit : 1.82%  2021-12-21T10:35:00+0530
adx : 24.81  aroonosc : -28.57
-----------------------------------------------
10:37:45 : SCANNING : MAHSEAMLES
circuit : 1.72%  2021-12-21T10:35:00+0530
adx : 43.56  aroonosc : 42.86
-----------------------------------------------
10:37:45 : SCANNING : MANAPPURAM
circuit : -0.41%  2021-12-21T10:35:00+0530
adx : 34.86  aroonosc : -21.43
-----------------------------------------------
10:37:45 : SCANNING : MARICO
circuit : 0.25%  2021-12-21T10:35:00+0530
adx : 27.01  aroonosc : -14.29
-----------------------------------------------
10:37:46 : SCANNING : MARUTI
circuit : 0.14%  2021-12-21T10:35:00+0530
adx : 33.67  aroonosc : -14.29
-----------------------------------------------
10:37:46 : SCANNING : MASFIN
circuit : 2.05%  2021-12-21T10:35:00+0530
adx : 22.08  aroonosc : 28.57
-----------------------------------------------
10:37:47 : SCANNING : MAXHEALTH
circuit : 2.02%  2021-12-21T10:35:00+0530
adx : 38.99  aroonosc : 57.14
-----------------------------------------------
10:37:47 : SCANNING : MAZDOCK
circuit : 1.03%  2021-12-21T10:35:00+0530
adx : 27.68  aroonosc : 71.43
-----------------------------------------------
10:37:48 : SCANNING : MCDOWELL-N
circuit : 2.26%  2021-12-21T10:35:00+0530
adx : 39.9  aroonosc : 78.57
-----------------------------------------------
10:37:48 : SCANNING : MCX
circuit : 1.14%  2021-12-21T10:35:00+0530
adx : 37.0  aroonosc : 64.29
-----------------------------------------------
10:37:49 : SCANNING : METROPOLIS
circuit : 3.09%  2021-12-21T10:35:00+0530
adx : 31.33  aroonosc : 92.86
-----------------------------------------------
10:37:49 : SCANNING : MFSL
circuit : 3.55%  2021-12-21T10:35:00+0530
adx : 18.4  aroonosc : 78.57
-----------------------------------------------
10:37:49 : SCANNING : MGL
circuit : 0.32%  2021-12-21T10:35:00+0530
adx : 28.76  aroonosc : -14.29
-----------------------------------------------
10:37:50 : SCANNING : MHRIL
-----------------------------------------------
10:37:50 : SCANNING : MIDHANI
circuit : 1.11%  2021-12-21T10:35:00+0530
adx : 17.79  aroonosc : 92.86
-----------------------------------------------
10:37:50 : SCANNING : MINDACORP
circuit : 1.53%  2021-12-21T10:35:00+0530
adx : 32.33  aroonosc : 92.86
-----------------------------------------------
10:37:51 : SCANNING : MINDAIND
circuit : 0.77%  2021-12-21T10:35:00+0530
adx : 36.66  aroonosc : 78.57
-----------------------------------------------
10:37:51 : SCANNING : MINDTREE
circuit : 1.12%  2021-12-21T10:35:00+0530
adx : 41.31  aroonosc : 35.71
-----------------------------------------------
10:37:51 : SCANNING : MMTC
circuit : 1.72%  2021-12-21T10:35:00+0530
adx : 35.4  aroonosc : 35.71
-----------------------------------------------
10:37:52 : SCANNING : MOIL
circuit : 1.75%  2021-12-21T10:35:00+0530
adx : 31.76  aroonosc : 78.57
-----------------------------------------------
10:37:52 : SCANNING : MOTILALOFS
circuit : 0.54%  2021-12-21T10:35:00+0530
adx : 25.27  aroonosc : 57.14
-----------------------------------------------
10:37:53 : SCANNING : MPHASIS
circuit : 0.43%  2021-12-21T10:35:00+0530
adx : 31.14  aroonosc : -100.0
-----------------------------------------------
10:37:53 : SCANNING : MRF
circuit : 0.54%  2021-12-21T10:35:00+0530
adx : 20.9  aroonosc : -21.43
-----------------------------------------------
10:37:53 : SCANNING : MRPL
circuit : 0.24%  2021-12-21T10:35:00+0530
adx : 32.76  aroonosc : 14.29
-----------------------------------------------
10:37:54 : SCANNING : MUTHOOTFIN
circuit : 0.42%  2021-12-21T10:35:00+0530
adx : 17.69  aroonosc : 78.57
-----------------------------------------------
10:37:54 : SCANNING : NAM-INDIA
circuit : 2.0%  2021-12-21T10:35:00+0530
adx : 19.19  aroonosc : 78.57
-----------------------------------------------
10:37:54 : SCANNING : NATCOPHARM
circuit : 2.62%  2021-12-21T10:35:00+0530
adx : 16.83  aroonosc : 35.71
-----------------------------------------------
10:37:55 : SCANNING : NATIONALUM
circuit : 2.48%  2021-12-21T10:35:00+0530
adx : 53.04  aroonosc : 50.0
-----------------------------------------------
10:37:55 : SCANNING : NAUKRI
circuit : 0.31%  2021-12-21T10:35:00+0530
adx : 20.11  aroonosc : -21.43
-----------------------------------------------
10:37:55 : SCANNING : NAVINFLUOR
circuit : 3.7%  2021-12-21T10:35:00+0530
adx : 56.22  aroonosc : 85.71
-----------------------------------------------
10:37:56 : SCANNING : NBCC
circuit : 0.48%  2021-12-21T10:35:00+0530
adx : 32.03  aroonosc : 85.71
-----------------------------------------------
10:37:56 : SCANNING : NCC
circuit : 0.51%  2021-12-21T10:35:00+0530
adx : 39.59  aroonosc : 85.71
-----------------------------------------------
10:37:56 : SCANNING : NESCO
circuit : 1.37%  2021-12-21T10:35:00+0530
adx : 18.11  aroonosc : -92.86
-----------------------------------------------
10:37:57 : SCANNING : NESTLEIND
circuit : 0.43%  2021-12-21T10:35:00+0530
adx : 42.42  aroonosc : 92.86
-----------------------------------------------
10:37:57 : SCANNING : NETWORK18
circuit : 2.76%  2021-12-21T10:35:00+0530
adx : 28.61  aroonosc : 85.71
-----------------------------------------------
10:37:59 : SCANNING : NFL
circuit : 1.32%  2021-12-21T10:35:00+0530
adx : 30.62  aroonosc : 71.43
-----------------------------------------------
10:37:59 : SCANNING : NH
circuit : 0.64%  2021-12-21T10:35:00+0530
adx : 9.84  aroonosc : -21.43
-----------------------------------------------
10:38:00 : SCANNING : NHPC
circuit : 2.02%  2021-12-21T10:35:00+0530
adx : 35.24  aroonosc : 78.57
-----------------------------------------------
10:38:00 : SCANNING : NIACL
circuit : -0.11%  2021-12-21T10:35:00+0530
adx : 23.89  aroonosc : -21.43
-----------------------------------------------
10:38:00 : SCANNING : NILKAMAL
circuit : 0.17%  2021-12-21T10:35:00+0530
adx : 11.89  aroonosc : -35.71
-----------------------------------------------
10:38:01 : SCANNING : NLCINDIA
circuit : 0.6%  2021-12-21T10:35:00+0530
adx : 29.65  aroonosc : 0.0
-----------------------------------------------
10:38:01 : SCANNING : NMDC
circuit : 7.32%  2021-12-21T10:35:00+0530
adx : 19.78  aroonosc : 92.86
-----------------------------------------------
10:38:02 : SCANNING : NOCIL
circuit : 0.07%  2021-12-21T10:35:00+0530
adx : 29.16  aroonosc : -35.71
-----------------------------------------------
10:38:02 : SCANNING : NTPC
circuit : 0.36%  2021-12-21T10:35:00+0530
adx : 37.66  aroonosc : -35.71
rpt : 1190.0
{'candle': 'green', 'type': 'BUY', 'instrument': 'NTPC', 'price': 120.2, 'qty': 4949, 'target': 120.35, 'stoploss': 120.05, 'volume': 82550, 'adx': 50.48648436642578, 'aroonosc': 64.28571428571429, 'atr': 0.35497661662436336, 'open': 120.15, 'high': 120.35, 'low': 120.05, 'close': 120.35, 'product': 'MIS', 'time': '2021-12-20T13:45:00+0530'}
10:38:02 : Validation Failed : Time Gap in Seconds : 75182
-----------------------------------------------
10:38:03 : SCANNING : OBEROIRLTY
circuit : 0.76%  2021-12-21T10:35:00+0530
adx : 25.16  aroonosc : 71.43
-----------------------------------------------
10:38:03 : SCANNING : OFSS
circuit : 1.36%  2021-12-21T10:35:00+0530
adx : 47.8  aroonosc : 78.57
-----------------------------------------------
10:38:04 : SCANNING : OIL
circuit : 1.47%  2021-12-21T10:35:00+0530
adx : 20.22  aroonosc : -21.43
-----------------------------------------------
10:38:04 : SCANNING : ONGC
circuit : -0.15%  2021-12-21T10:35:00+0530
adx : 32.73  aroonosc : -7.14
-----------------------------------------------
10:38:04 : SCANNING : ORIENTELEC
circuit : 2.18%  2021-12-21T10:35:00+0530
adx : 16.04  aroonosc : -7.14
-----------------------------------------------
10:38:05 : SCANNING : PAGEIND
circuit : 1.46%  2021-12-21T10:35:00+0530
adx : 24.6  aroonosc : 71.43
-----------------------------------------------
10:38:05 : SCANNING : PEL
circuit : 1.41%  2021-12-21T10:35:00+0530
adx : 22.86  aroonosc : 78.57
-----------------------------------------------
10:38:05 : SCANNING : PERSISTENT
circuit : -0.44%  2021-12-21T10:35:00+0530
adx : 32.48  aroonosc : -7.14
-----------------------------------------------
10:38:06 : SCANNING : PETRONET
circuit : 0.05%  2021-12-21T10:35:00+0530
adx : 15.77  aroonosc : -14.29
-----------------------------------------------
10:38:06 : SCANNING : PFC
circuit : 0.65%  2021-12-21T10:35:00+0530
adx : 19.07  aroonosc : 78.57
-----------------------------------------------
10:38:06 : SCANNING : PFIZER
circuit : 1.02%  2021-12-21T10:35:00+0530
adx : 18.53  aroonosc : 7.14
-----------------------------------------------
10:38:07 : SCANNING : PGHH
circuit : 0.49%  2021-12-21T10:35:00+0530
adx : 25.44  aroonosc : 21.43
-----------------------------------------------
10:38:07 : SCANNING : PGHL
circuit : -0.63%  2021-12-21T10:35:00+0530
adx : 23.12  aroonosc : -42.86
-----------------------------------------------
10:38:07 : SCANNING : PHILIPCARB
circuit : 1.21%  2021-12-21T10:35:00+0530
adx : 8.98  aroonosc : 21.43
-----------------------------------------------
10:38:08 : SCANNING : PHOENIXLTD
circuit : -3.35%  2021-12-21T10:35:00+0530
adx : 35.99  aroonosc : -78.57
-----------------------------------------------
10:38:08 : SCANNING : PIDILITIND
circuit : 0.45%  2021-12-21T10:35:00+0530
adx : 38.34  aroonosc : 78.57
-----------------------------------------------
10:38:08 : SCANNING : PIIND
circuit : 1.35%  2021-12-21T10:35:00+0530
adx : 33.61  aroonosc : 78.57
-----------------------------------------------
10:38:09 : SCANNING : PNB
circuit : 1.08%  2021-12-21T10:35:00+0530
adx : 23.51  aroonosc : -71.43
-----------------------------------------------
10:38:09 : SCANNING : PNBHOUSING
circuit : 3.27%  2021-12-21T10:35:00+0530
adx : 49.66  aroonosc : 78.57
-----------------------------------------------
10:38:09 : SCANNING : PNCINFRA
circuit : -0.06%  2021-12-21T10:35:00+0530
adx : 29.95  aroonosc : -21.43
-----------------------------------------------
10:38:10 : SCANNING : POLYCAB
circuit : 0.58%  2021-12-21T10:35:00+0530
adx : 43.1  aroonosc : -21.43
-----------------------------------------------
10:38:10 : SCANNING : POLYMED
circuit : -0.79%  2021-12-21T10:35:00+0530
adx : 22.83  aroonosc : -14.29
-----------------------------------------------
10:38:10 : SCANNING : POLYPLEX
circuit : 1.25%  2021-12-21T10:35:00+0530
adx : 22.72  aroonosc : 85.71
-----------------------------------------------
10:38:11 : SCANNING : POWERGRID
circuit : -1.18%  2021-12-21T10:35:00+0530
adx : 14.68  aroonosc : -64.29
-----------------------------------------------
10:38:11 : SCANNING : POWERINDIA
circuit : 0.07%  2021-12-21T10:35:00+0530
adx : 25.44  aroonosc : -57.14
-----------------------------------------------
10:38:11 : SCANNING : PRESTIGE
circuit : 0.93%  2021-12-21T10:35:00+0530
adx : 23.46  aroonosc : 28.57
-----------------------------------------------
10:38:12 : SCANNING : PRINCEPIPE
circuit : 1.88%  2021-12-21T10:35:00+0530
adx : 32.74  aroonosc : 64.29
-----------------------------------------------
10:38:12 : SCANNING : PRSMJOHNSN
circuit : 3.82%  2021-12-21T10:35:00+0530
adx : 36.04  aroonosc : 50.0
-----------------------------------------------
10:38:12 : SCANNING : PSB
circuit : 1.57%  2021-12-21T10:35:00+0530
adx : 23.69  aroonosc : 50.0
-----------------------------------------------
10:38:13 : SCANNING : PVR
circuit : 0.9%  2021-12-21T10:35:00+0530
adx : 25.78  aroonosc : 78.57
-----------------------------------------------
10:38:13 : SCANNING : QUESS
circuit : 0.88%  2021-12-21T10:35:00+0530
adx : 23.36  aroonosc : 57.14
-----------------------------------------------
10:38:14 : SCANNING : RADICO
circuit : 0.58%  2021-12-21T10:35:00+0530
adx : 21.7  aroonosc : -14.29
-----------------------------------------------
10:38:14 : SCANNING : RAIN
circuit : -0.49%  2021-12-21T10:35:00+0530
adx : 15.44  aroonosc : -7.14
-----------------------------------------------
10:38:14 : SCANNING : RAJESHEXPO
circuit : 0.07%  2021-12-21T10:35:00+0530
adx : 11.06  aroonosc : -71.43
-----------------------------------------------
10:38:15 : SCANNING : RALLIS
circuit : 0.39%  2021-12-21T10:35:00+0530
adx : 12.17  aroonosc : -14.29
-----------------------------------------------
10:38:15 : SCANNING : RAMCOCEM
circuit : 1.63%  2021-12-21T10:35:00+0530
adx : 23.46  aroonosc : 35.71
-----------------------------------------------
10:38:16 : SCANNING : RATNAMANI
circuit : 3.67%  2021-12-21T10:35:00+0530
adx : 41.36  aroonosc : -7.14
-----------------------------------------------
10:38:16 : SCANNING : RAYMOND
circuit : 0.57%  2021-12-21T10:35:00+0530
adx : 34.73  aroonosc : -21.43
-----------------------------------------------
10:38:16 : SCANNING : RBLBANK
circuit : 0.26%  2021-12-21T10:35:00+0530
adx : 21.33  aroonosc : -21.43
-----------------------------------------------
10:38:17 : SCANNING : RCF
circuit : 1.8%  2021-12-21T10:35:00+0530
adx : 25.9  aroonosc : 78.57
-----------------------------------------------
10:38:17 : SCANNING : RECLTD
circuit : 0.79%  2021-12-21T10:35:00+0530
adx : 43.17  aroonosc : 71.43
-----------------------------------------------
10:38:18 : SCANNING : REDINGTON
circuit : 0.24%  2021-12-21T10:35:00+0530
adx : 17.11  aroonosc : -7.14
-----------------------------------------------
10:38:18 : SCANNING : RELAXO
circuit : 2.54%  2021-12-21T10:35:00+0530
adx : 33.23  aroonosc : 64.29
-----------------------------------------------
10:38:19 : SCANNING : RELIANCE
circuit : 0.85%  2021-12-21T10:35:00+0530
adx : 49.93  aroonosc : 92.86
-----------------------------------------------
10:38:19 : SCANNING : RESPONIND
circuit : 2.77%  2021-12-21T10:35:00+0530
adx : 24.93  aroonosc : 7.14
-----------------------------------------------
10:38:20 : SCANNING : RHIM
circuit : 1.36%  2021-12-21T10:35:00+0530
adx : 34.66  aroonosc : 57.14
-----------------------------------------------
10:38:20 : SCANNING : RITES
circuit : -0.36%  2021-12-21T10:35:00+0530
adx : 12.9  aroonosc : -35.71
-----------------------------------------------
10:38:21 : SCANNING : ROSSARI
circuit : 0.28%  2021-12-21T10:35:00+0530
adx : 27.38  aroonosc : -21.43
-----------------------------------------------
10:38:21 : SCANNING : ROUTE
circuit : 1.0%  2021-12-21T10:35:00+0530
adx : 23.49  aroonosc : -14.29
-----------------------------------------------
10:38:21 : SCANNING : RVNL
circuit : 1.34%  2021-12-21T10:35:00+0530
adx : 50.3  aroonosc : 71.43
-----------------------------------------------
10:38:22 : SCANNING : SAIL
circuit : 1.86%  2021-12-21T10:35:00+0530
adx : 33.95  aroonosc : 57.14
-----------------------------------------------
10:38:22 : SCANNING : SANOFI
circuit : 0.08%  2021-12-21T10:35:00+0530
adx : 25.29  aroonosc : -14.29
-----------------------------------------------
10:38:22 : SCANNING : SBICARD
circuit : 0.15%  2021-12-21T10:35:00+0530
adx : 36.57  aroonosc : -71.43
-----------------------------------------------
10:38:23 : SCANNING : SBILIFE
circuit : -0.69%  2021-12-21T10:35:00+0530
adx : 17.4  aroonosc : -21.43
-----------------------------------------------
10:38:23 : SCANNING : SBIN
circuit : -0.2%  2021-12-21T10:35:00+0530
adx : 35.64  aroonosc : -7.14
-----------------------------------------------
10:38:23 : SCANNING : SCHAEFFLER
circuit : 2.49%  2021-12-21T10:35:00+0530
adx : 46.4  aroonosc : 85.71
-----------------------------------------------
10:38:24 : SCANNING : SCHNEIDER
circuit : -1.36%  2021-12-21T10:35:00+0530
adx : 21.27  aroonosc : -21.43
-----------------------------------------------
10:38:24 : SCANNING : SCI
circuit : 1.61%  2021-12-21T10:35:00+0530
adx : 20.76  aroonosc : 78.57
-----------------------------------------------
10:38:24 : SCANNING : SEQUENT
circuit : -0.19%  2021-12-21T10:35:00+0530
adx : 20.1  aroonosc : 64.29
-----------------------------------------------
10:38:25 : SCANNING : SFL
circuit : 1.64%  2021-12-21T10:35:00+0530
adx : 27.22  aroonosc : -21.43
-----------------------------------------------
10:38:25 : SCANNING : SHARDACROP
circuit : -2.96%  2021-12-21T10:35:00+0530
adx : 27.86  aroonosc : -21.43
-----------------------------------------------
10:38:26 : SCANNING : SHILPAMED
circuit : 2.56%  2021-12-21T10:35:00+0530
adx : 48.85  aroonosc : 50.0
-----------------------------------------------
10:38:26 : SCANNING : SHOPERSTOP
circuit : 1.69%  2021-12-21T10:35:00+0530
adx : 15.3  aroonosc : 92.86
-----------------------------------------------
10:38:26 : SCANNING : SHREECEM
circuit : 1.76%  2021-12-21T10:35:00+0530
adx : 42.09  aroonosc : 64.29
-----------------------------------------------
10:38:27 : SCANNING : SHRIRAMCIT
circuit : -2.48%  2021-12-21T10:35:00+0530
adx : 12.47  aroonosc : -21.43
-----------------------------------------------
10:38:27 : SCANNING : SIEMENS
circuit : 0.49%  2021-12-21T10:35:00+0530
adx : 25.44  aroonosc : -14.29
-----------------------------------------------
10:38:28 : SCANNING : SIS
circuit : 0.4%  2021-12-21T10:35:00+0530
adx : 46.12  aroonosc : 42.86
-----------------------------------------------
10:38:28 : SCANNING : SJVN
circuit : 0.54%  2021-12-21T10:35:00+0530
adx : 28.97  aroonosc : -64.29
-----------------------------------------------
10:38:28 : SCANNING : SKFINDIA
circuit : -0.02%  2021-12-21T10:35:00+0530
adx : 12.69  aroonosc : -21.43
-----------------------------------------------
10:38:29 : SCANNING : SOBHA
circuit : 1.19%  2021-12-21T10:35:00+0530
adx : 21.12  aroonosc : -14.29
-----------------------------------------------
10:38:29 : SCANNING : SOLARA
circuit : 0.33%  2021-12-21T10:35:00+0530
adx : 21.6  aroonosc : -85.71
-----------------------------------------------
10:38:30 : SCANNING : SOLARINDS
circuit : -0.01%  2021-12-21T10:35:00+0530
adx : 16.64  aroonosc : -92.86
-----------------------------------------------
10:38:30 : SCANNING : SONATSOFTW
circuit : 3.29%  2021-12-21T10:35:00+0530
adx : 35.79  aroonosc : 35.71
-----------------------------------------------
10:38:30 : SCANNING : SPANDANA
circuit : 0.38%  2021-12-21T10:35:00+0530
adx : 28.23  aroonosc : 35.71
-----------------------------------------------
10:38:31 : SCANNING : SPARC
circuit : 1.62%  2021-12-21T10:35:00+0530
adx : 15.02  aroonosc : 50.0
-----------------------------------------------
10:38:31 : SCANNING : SPICEJET
circuit : 0.08%  2021-12-21T10:35:00+0530
adx : 28.16  aroonosc : 64.29
-----------------------------------------------
10:38:31 : SCANNING : SRF
circuit : 1.56%  2021-12-21T10:35:00+0530
adx : 33.27  aroonosc : 85.71
-----------------------------------------------
10:38:32 : SCANNING : SRTRANSFIN
circuit : -2.45%  2021-12-21T10:35:00+0530
adx : 20.26  aroonosc : -71.43
-----------------------------------------------
10:38:32 : SCANNING : STAR
circuit : -0.87%  2021-12-21T10:35:00+0530
adx : 14.56  aroonosc : -14.29
-----------------------------------------------
10:38:32 : SCANNING : STARCEMENT
circuit : 0.64%  2021-12-21T10:35:00+0530
adx : 20.55  aroonosc : -14.29
-----------------------------------------------
10:38:33 : SCANNING : STLTECH
circuit : 1.12%  2021-12-21T10:35:00+0530
adx : 30.56  aroonosc : -28.57
-----------------------------------------------
10:38:33 : SCANNING : SUDARSCHEM
circuit : 1.23%  2021-12-21T10:35:00+0530
adx : 34.54  aroonosc : 57.14
-----------------------------------------------
10:38:34 : SCANNING : SUMICHEM
circuit : 1.05%  2021-12-21T10:35:00+0530
adx : 19.12  aroonosc : 71.43
-----------------------------------------------
10:38:34 : SCANNING : SUNCLAYLTD
circuit : 1.79%  2021-12-21T10:35:00+0530
adx : 18.74  aroonosc : 71.43
-----------------------------------------------
10:38:34 : SCANNING : SUNDARMFIN
circuit : -0.54%  2021-12-21T10:35:00+0530
adx : 23.35  aroonosc : -42.86
-----------------------------------------------
10:38:35 : SCANNING : SUNDRMFAST
circuit : -2.22%  2021-12-21T10:35:00+0530
adx : 21.98  aroonosc : -7.14
-----------------------------------------------
10:38:35 : SCANNING : SUNPHARMA
circuit : 2.14%  2021-12-21T10:35:00+0530
adx : 41.34  aroonosc : 42.86
-----------------------------------------------
10:38:35 : SCANNING : SUNTECK
circuit : 1.27%  2021-12-21T10:35:00+0530
adx : 31.62  aroonosc : -57.14
-----------------------------------------------
10:38:36 : SCANNING : SUNTV
circuit : 0.11%  2021-12-21T10:35:00+0530
adx : 28.74  aroonosc : 78.57
-----------------------------------------------
10:38:36 : SCANNING : SUPPETRO
circuit : 1.34%  2021-12-21T10:35:00+0530
adx : 33.11  aroonosc : 50.0
-----------------------------------------------
10:38:36 : SCANNING : SUPRAJIT
circuit : 2.01%  2021-12-21T10:35:00+0530
adx : 38.43  aroonosc : 78.57
-----------------------------------------------
10:38:36 : SCANNING : SUPREMEIND
circuit : 4.85%  2021-12-21T10:35:00+0530
adx : 63.25  aroonosc : 71.43
-----------------------------------------------
10:38:37 : SCANNING : SUVENPHAR
circuit : 1.4%  2021-12-21T10:35:00+0530
adx : 15.98  aroonosc : 85.71
-----------------------------------------------
10:38:37 : SCANNING : SUZLON
circuit : 2.05%  2021-12-21T10:35:00+0530
adx : 41.47  aroonosc : 21.43
-----------------------------------------------
10:38:38 : SCANNING : SWANENERGY
circuit : 2.86%  2021-12-21T10:35:00+0530
adx : 32.19  aroonosc : -28.57
-----------------------------------------------
10:38:38 : SCANNING : SWSOLAR
circuit : 0.2%  2021-12-21T10:35:00+0530
adx : 18.07  aroonosc : -21.43
-----------------------------------------------
10:38:39 : SCANNING : SYMPHONY
circuit : 0.53%  2021-12-21T10:35:00+0530
adx : 40.08  aroonosc : -14.29
-----------------------------------------------
10:38:39 : SCANNING : SYNGENE
circuit : 0.69%  2021-12-21T10:35:00+0530
adx : 34.13  aroonosc : 64.29
-----------------------------------------------
10:38:40 : SCANNING : TASTYBITE
circuit : -1.35%  2021-12-21T10:35:00+0530
adx : 30.18  aroonosc : -35.71
-----------------------------------------------
10:38:40 : SCANNING : TATACHEM
circuit : 1.53%  2021-12-21T10:35:00+0530
adx : 35.25  aroonosc : 71.43
-----------------------------------------------
10:38:40 : SCANNING : TATACOFFEE
circuit : 1.53%  2021-12-21T10:35:00+0530
adx : 27.41  aroonosc : 64.29
-----------------------------------------------
10:38:41 : SCANNING : TATACOMM
circuit : -0.12%  2021-12-21T10:35:00+0530
adx : 17.53  aroonosc : -14.29
-----------------------------------------------
10:38:41 : SCANNING : TATACONSUM
circuit : 1.52%  2021-12-21T10:35:00+0530
adx : 45.2  aroonosc : -7.14
-----------------------------------------------
10:38:41 : SCANNING : TATAELXSI
circuit : 0.2%  2021-12-21T10:35:00+0530
adx : 11.12  aroonosc : 78.57
-----------------------------------------------
10:38:42 : SCANNING : TATAINVEST
circuit : 0.43%  2021-12-21T10:35:00+0530
adx : 32.14  aroonosc : -14.29
-----------------------------------------------
10:38:42 : SCANNING : TATAMOTORS
circuit : 1.06%  2021-12-21T10:35:00+0530
adx : 26.54  aroonosc : 64.29
-----------------------------------------------
10:38:42 : SCANNING : TATAPOWER
circuit : 0.68%  2021-12-21T10:35:00+0530
adx : 39.22  aroonosc : -21.43
-----------------------------------------------
10:38:43 : SCANNING : TATASTEEL
circuit : 1.85%  2021-12-21T10:35:00+0530
adx : 44.84  aroonosc : 64.29
-----------------------------------------------
10:38:43 : SCANNING : TCIEXP
circuit : 3.65%  2021-12-21T10:35:00+0530
adx : 18.94  aroonosc : 92.86
-----------------------------------------------
10:38:43 : SCANNING : TCNSBRANDS
circuit : 2.51%  2021-12-21T10:35:00+0530
adx : 18.78  aroonosc : -21.43
-----------------------------------------------
10:38:44 : SCANNING : TCS
circuit : 1.56%  2021-12-21T10:35:00+0530
adx : 47.01  aroonosc : 85.71
-----------------------------------------------
10:38:44 : SCANNING : TEAMLEASE
circuit : 0.41%  2021-12-21T10:35:00+0530
adx : 12.65  aroonosc : 7.14
-----------------------------------------------
10:38:44 : SCANNING : TECHM
circuit : 2.29%  2021-12-21T10:35:00+0530
adx : 35.38  aroonosc : -14.29
-----------------------------------------------
10:38:45 : SCANNING : THERMAX
circuit : 1.65%  2021-12-21T10:35:00+0530
adx : 34.19  aroonosc : 64.29
-----------------------------------------------
10:38:45 : SCANNING : THYROCARE
circuit : -1.23%  2021-12-21T10:35:00+0530
adx : 17.56  aroonosc : -78.57
-----------------------------------------------
10:38:46 : SCANNING : TIINDIA
circuit : -0.48%  2021-12-21T10:35:00+0530
adx : 24.39  aroonosc : -28.57
-----------------------------------------------
10:38:46 : SCANNING : TIMKEN
circuit : 2.38%  2021-12-21T10:35:00+0530
adx : 39.79  aroonosc : 85.71
-----------------------------------------------
10:38:46 : SCANNING : TITAN
circuit : 2.11%  2021-12-21T10:35:00+0530
adx : 38.85  aroonosc : -7.14
-----------------------------------------------
10:38:47 : SCANNING : TORNTPHARM
circuit : 2.43%  2021-12-21T10:35:00+0530
adx : 29.78  aroonosc : 85.71
-----------------------------------------------
10:38:47 : SCANNING : TORNTPOWER
circuit : 0.13%  2021-12-21T10:35:00+0530
adx : 27.91  aroonosc : -28.57
-----------------------------------------------
10:38:47 : SCANNING : TRENT
circuit : -0.39%  2021-12-21T10:35:00+0530
adx : 25.35  aroonosc : 71.43
-----------------------------------------------
10:38:48 : SCANNING : TRIDENT
circuit : 5.44%  2021-12-21T10:35:00+0530
adx : 15.84  aroonosc : 42.86
-----------------------------------------------
10:38:48 : SCANNING : TRITURBINE
circuit : -0.95%  2021-12-21T10:35:00+0530
adx : 53.06  aroonosc : 14.29
-----------------------------------------------
10:38:49 : SCANNING : TTKPRESTIG
circuit : 2.45%  2021-12-21T10:35:00+0530
adx : 23.61  aroonosc : -7.14
-----------------------------------------------
10:38:49 : SCANNING : TV18BRDCST
circuit : 0.34%  2021-12-21T10:35:00+0530
adx : 12.43  aroonosc : -21.43
-----------------------------------------------
10:38:49 : SCANNING : TVSMOTOR
circuit : 1.17%  2021-12-21T10:35:00+0530
adx : 42.06  aroonosc : 57.14
-----------------------------------------------
10:38:50 : SCANNING : UBL
circuit : 2.19%  2021-12-21T10:35:00+0530
adx : 29.91  aroonosc : 64.29
-----------------------------------------------
10:38:50 : SCANNING : UCOBANK
circuit : 1.18%  2021-12-21T10:35:00+0530
adx : 47.46  aroonosc : -78.57
-----------------------------------------------
10:38:51 : SCANNING : UFLEX
circuit : -1.17%  2021-12-21T10:35:00+0530
adx : 37.05  aroonosc : 71.43
-----------------------------------------------
10:38:51 : SCANNING : UJJIVAN
circuit : -0.12%  2021-12-21T10:35:00+0530
adx : 26.42  aroonosc : -14.29
-----------------------------------------------
10:38:51 : SCANNING : UJJIVANSFB
-----------------------------------------------
10:38:52 : SCANNING : ULTRACEMCO
circuit : 0.57%  2021-12-21T10:35:00+0530
adx : 28.48  aroonosc : 71.43
-----------------------------------------------
10:38:52 : SCANNING : UNIONBANK
circuit : 1.18%  2021-12-21T10:35:00+0530
adx : 10.75  aroonosc : -21.43
-----------------------------------------------
10:38:52 : SCANNING : UPL
circuit : 1.58%  2021-12-21T10:35:00+0530
adx : 39.96  aroonosc : 78.57
-----------------------------------------------
10:38:53 : SCANNING : UTIAMC
circuit : 1.65%  2021-12-21T10:35:00+0530
adx : 16.22  aroonosc : 0.0
-----------------------------------------------
10:38:53 : SCANNING : VAIBHAVGBL
circuit : 0.2%  2021-12-21T10:35:00+0530
adx : 18.83  aroonosc : 78.57
-----------------------------------------------
10:38:54 : SCANNING : VAKRANGEE
circuit : 1.83%  2021-12-21T10:35:00+0530
adx : 28.41  aroonosc : 92.86
-----------------------------------------------
10:38:54 : SCANNING : VALIANTORG
circuit : 1.46%  2021-12-21T10:35:00+0530
adx : 15.05  aroonosc : 92.86
-----------------------------------------------
10:38:55 : SCANNING : VARROC
circuit : 2.3%  2021-12-21T10:35:00+0530
adx : 22.56  aroonosc : 71.43
-----------------------------------------------
10:38:55 : SCANNING : VBL
circuit : 0.5%  2021-12-21T10:35:00+0530
adx : 14.7  aroonosc : 0.0
-----------------------------------------------
10:38:55 : SCANNING : VEDL
circuit : 1.66%  2021-12-21T10:35:00+0530
adx : 53.69  aroonosc : 64.29
-----------------------------------------------
10:38:56 : SCANNING : VENKEYS
circuit : -0.2%  2021-12-21T10:35:00+0530
adx : 28.52  aroonosc : 78.57
-----------------------------------------------
10:38:56 : SCANNING : VGUARD
circuit : 0.29%  2021-12-21T10:35:00+0530
adx : 14.28  aroonosc : -14.29
-----------------------------------------------
10:38:57 : SCANNING : VINATIORGA
circuit : -2.83%  2021-12-21T10:35:00+0530
adx : 20.18  aroonosc : -64.29
-----------------------------------------------
10:38:57 : SCANNING : VIPIND
circuit : 4.18%  2021-12-21T10:35:00+0530
adx : 26.97  aroonosc : 57.14
-----------------------------------------------
10:38:57 : SCANNING : VMART
circuit : -0.72%  2021-12-21T10:35:00+0530
adx : 23.44  aroonosc : 42.86
-----------------------------------------------
10:38:58 : SCANNING : VOLTAS
circuit : 0.83%  2021-12-21T10:35:00+0530
adx : 38.27  aroonosc : 35.71
-----------------------------------------------
10:38:58 : SCANNING : VSTIND
circuit : 0.55%  2021-12-21T10:35:00+0530
adx : 17.01  aroonosc : -85.71
-----------------------------------------------
10:38:59 : SCANNING : VTL
circuit : 6.01%  2021-12-21T10:35:00+0530
adx : 44.12  aroonosc : 21.43
-----------------------------------------------
10:38:59 : SCANNING : WABCOINDIA
circuit : 0.77%  2021-12-21T10:35:00+0530
adx : 10.2  aroonosc : -78.57
-----------------------------------------------
10:38:59 : SCANNING : WELCORP
circuit : 4.36%  2021-12-21T10:35:00+0530
adx : 43.34  aroonosc : 85.71
-----------------------------------------------
10:39:00 : SCANNING : WELSPUNIND
circuit : 1.17%  2021-12-21T10:35:00+0530
adx : 22.74  aroonosc : -14.29
-----------------------------------------------
10:39:00 : SCANNING : WESTLIFE
circuit : 0.33%  2021-12-21T10:35:00+0530
adx : 22.94  aroonosc : -7.14
-----------------------------------------------
10:39:00 : SCANNING : WHIRLPOOL
circuit : 0.98%  2021-12-21T10:35:00+0530
adx : 18.17  aroonosc : 35.71
-----------------------------------------------
10:39:01 : SCANNING : WIPRO
circuit : 1.46%  2021-12-21T10:35:00+0530
adx : 54.97  aroonosc : 71.43
-----------------------------------------------
10:39:01 : SCANNING : WOCKPHARMA
circuit : 0.05%  2021-12-21T10:35:00+0530
adx : 22.86  aroonosc : -14.29
-----------------------------------------------
10:39:02 : SCANNING : YESBANK
-----------------------------------------------
10:39:02 : SCANNING : ZEEL
circuit : 2.52%  2021-12-21T10:35:00+0530
adx : 27.22  aroonosc : 78.57
-----------------------------------------------
10:39:02 : SCANNING : ZENSARTECH
circuit : 3.57%  2021-12-21T10:35:00+0530
adx : 43.91  aroonosc : 35.71
-----------------------------------------------
10:39:03 : SCANNING : ZYDUSWELL
circuit : -0.9%  2021-12-21T10:35:00+0530
adx : 36.75  aroonosc : -21.43
-----------------------------------------------
10:39:03 : SCANNING : PAYTM
circuit : 1.77%  2021-12-21T10:35:00+0530
adx : 25.31  aroonosc : -100.0
-----------------------------------------------
===================================================
10:39:03 : END
===================================================
Start Time     : 2021-12-21 10:36:01.933590
End Time       : 2021-12-21 10:39:03.756016
Time Taken     : 3.0
===================================================
