===================================================
10:34:01 : START
===================================================
10:34:01 : PROCESSING INSTRUMENTS SYMBOLS
-----------------------------------------------
10:34:02 : SCANNING : 3MINDIA
circuit : 0.33%  2021-12-21T10:30:00+0530
adx : 30.73  aroonosc : 78.57
-----------------------------------------------
10:34:02 : SCANNING : AARTIDRUGS
circuit : 0.62%  2021-12-21T10:30:00+0530
adx : 12.76  aroonosc : 71.43
-----------------------------------------------
10:34:03 : SCANNING : AARTIIND
circuit : 1.41%  2021-12-21T10:30:00+0530
adx : 34.96  aroonosc : 71.43
-----------------------------------------------
10:34:03 : SCANNING : AAVAS
circuit : 0.04%  2021-12-21T10:30:00+0530
adx : 49.67  aroonosc : 100.0
-----------------------------------------------
10:34:03 : SCANNING : ABB
circuit : 1.08%  2021-12-21T10:30:00+0530
adx : 17.53  aroonosc : 78.57
-----------------------------------------------
10:34:04 : SCANNING : ABBOTINDIA
circuit : -0.2%  2021-12-21T10:30:00+0530
adx : 30.42  aroonosc : -21.43
-----------------------------------------------
10:34:04 : SCANNING : ABCAPITAL
circuit : 2.95%  2021-12-21T10:30:00+0530
adx : 31.85  aroonosc : 78.57
-----------------------------------------------
10:34:04 : SCANNING : ABFRL
circuit : 2.08%  2021-12-21T10:30:00+0530
adx : 42.27  aroonosc : 35.71
-----------------------------------------------
10:34:05 : SCANNING : ACC
circuit : 1.24%  2021-12-21T10:30:00+0530
adx : 44.02  aroonosc : 71.43
-----------------------------------------------
10:34:05 : SCANNING : ADANIENT
circuit : 0.98%  2021-12-21T10:30:00+0530
adx : 37.8  aroonosc : 64.29
-----------------------------------------------
10:34:05 : SCANNING : ADANIGREEN
circuit : 0.4%  2021-12-21T10:30:00+0530
adx : 24.88  aroonosc : -14.29
-----------------------------------------------
10:34:06 : SCANNING : ADANIPORTS
circuit : -0.67%  2021-12-21T10:30:00+0530
adx : 24.16  aroonosc : -14.29
-----------------------------------------------
10:34:06 : SCANNING : ADVENZYMES
circuit : 1.18%  2021-12-21T10:30:00+0530
adx : 23.17  aroonosc : 71.43
-----------------------------------------------
10:34:06 : SCANNING : AEGISCHEM
circuit : -1.92%  2021-12-21T10:30:00+0530
adx : 43.27  aroonosc : -21.43
-----------------------------------------------
10:34:07 : SCANNING : AFFLE
circuit : 1.14%  2021-12-21T10:30:00+0530
adx : 16.78  aroonosc : -28.57
-----------------------------------------------
10:34:08 : SCANNING : AIAENG
circuit : -0.64%  2021-12-21T10:30:00+0530
adx : 13.17  aroonosc : -35.71
-----------------------------------------------
10:34:08 : SCANNING : AJANTPHARM
circuit : -0.64%  2021-12-21T10:30:00+0530
adx : 17.68  aroonosc : -21.43
-----------------------------------------------
10:34:09 : SCANNING : AKZOINDIA
circuit : -1.14%  2021-12-21T10:30:00+0530
adx : 31.42  aroonosc : -78.57
-----------------------------------------------
10:34:09 : SCANNING : ALEMBICLTD
circuit : -0.36%  2021-12-21T10:30:00+0530
adx : 16.13  aroonosc : -21.43
-----------------------------------------------
10:34:09 : SCANNING : ALKEM
circuit : 0.49%  2021-12-21T10:30:00+0530
adx : 12.03  aroonosc : 21.43
-----------------------------------------------
10:34:09 : SCANNING : ALKYLAMINE
circuit : -1.71%  2021-12-21T10:30:00+0530
adx : 43.17  aroonosc : -57.14
-----------------------------------------------
10:34:10 : SCANNING : ALOKINDS
circuit : 1.54%  2021-12-21T10:30:00+0530
adx : 43.08  aroonosc : -28.57
-----------------------------------------------
10:34:10 : SCANNING : AMARAJABAT
circuit : 0.51%  2021-12-21T10:30:00+0530
adx : 34.09  aroonosc : -21.43
-----------------------------------------------
10:34:11 : SCANNING : AMBER
circuit : 2.95%  2021-12-21T10:30:00+0530
adx : 42.18  aroonosc : 78.57
-----------------------------------------------
10:34:11 : SCANNING : AMBUJACEM
circuit : 2.25%  2021-12-21T10:30:00+0530
adx : 42.54  aroonosc : 78.57
-----------------------------------------------
10:34:11 : SCANNING : ANGELBRKG
circuit : 3.0%  2021-12-21T10:30:00+0530
adx : 42.43  aroonosc : 92.86
-----------------------------------------------
10:34:12 : SCANNING : APLAPOLLO
circuit : 2.13%  2021-12-21T10:30:00+0530
adx : 15.26  aroonosc : -21.43
-----------------------------------------------
10:34:12 : SCANNING : APLLTD
circuit : -1.04%  2021-12-21T10:30:00+0530
adx : 50.19  aroonosc : -14.29
-----------------------------------------------
10:34:13 : SCANNING : APOLLOHOSP
circuit : -0.34%  2021-12-21T10:30:00+0530
adx : 30.59  aroonosc : -14.29
-----------------------------------------------
10:34:13 : SCANNING : APOLLOTYRE
circuit : 0.54%  2021-12-21T10:30:00+0530
adx : 21.18  aroonosc : -14.29
-----------------------------------------------
10:34:13 : SCANNING : ASAHIINDIA
circuit : -1.02%  2021-12-21T10:30:00+0530
adx : 32.94  aroonosc : -28.57
-----------------------------------------------
10:34:14 : SCANNING : ASHOKA
circuit : 0.33%  2021-12-21T10:30:00+0530
adx : 24.34  aroonosc : -78.57
-----------------------------------------------
10:34:14 : SCANNING : ASHOKLEY
circuit : 2.04%  2021-12-21T10:30:00+0530
adx : 40.57  aroonosc : 57.14
-----------------------------------------------
10:34:14 : SCANNING : ASIANPAINT
circuit : 0.67%  2021-12-21T10:30:00+0530
adx : 36.71  aroonosc : -21.43
-----------------------------------------------
10:34:15 : SCANNING : ASTERDM
circuit : -0.76%  2021-12-21T10:30:00+0530
adx : 39.77  aroonosc : -28.57
-----------------------------------------------
10:34:15 : SCANNING : ASTRAL
circuit : -1.87%  2021-12-21T10:30:00+0530
adx : 18.93  aroonosc : -14.29
-----------------------------------------------
10:34:15 : SCANNING : ASTRAZEN
circuit : -0.03%  2021-12-21T10:30:00+0530
adx : 35.95  aroonosc : 50.0
-----------------------------------------------
10:34:16 : SCANNING : ATUL
circuit : 0.07%  2021-12-21T10:30:00+0530
adx : 18.74  aroonosc : 85.71
-----------------------------------------------
10:34:16 : SCANNING : AUBANK
circuit : 4.08%  2021-12-21T10:30:00+0530
adx : 46.02  aroonosc : 100.0
-----------------------------------------------
10:34:16 : SCANNING : AUROPHARMA
circuit : -0.38%  2021-12-21T10:30:00+0530
adx : 20.8  aroonosc : 71.43
-----------------------------------------------
10:34:17 : SCANNING : AVANTIFEED
circuit : -0.33%  2021-12-21T10:30:00+0530
adx : 42.03  aroonosc : -28.57
-----------------------------------------------
10:34:17 : SCANNING : AXISBANK
circuit : -1.13%  2021-12-21T10:30:00+0530
adx : 21.11  aroonosc : -21.43
-----------------------------------------------
10:34:17 : SCANNING : BAJAJ-AUTO
circuit : 0.78%  2021-12-21T10:30:00+0530
adx : 48.95  aroonosc : 92.86
-----------------------------------------------
10:34:18 : SCANNING : BAJAJCON
circuit : 0.05%  2021-12-21T10:30:00+0530
adx : 23.94  aroonosc : 28.57
-----------------------------------------------
10:34:18 : SCANNING : BAJAJELEC
circuit : -1.74%  2021-12-21T10:30:00+0530
adx : 20.2  aroonosc : -85.71
-----------------------------------------------
10:34:18 : SCANNING : BAJAJFINSV
circuit : -1.03%  2021-12-21T10:30:00+0530
adx : 39.8  aroonosc : -14.29
-----------------------------------------------
10:34:19 : SCANNING : BAJAJHLDNG
circuit : 0.2%  2021-12-21T10:30:00+0530
adx : 16.08  aroonosc : 42.86
-----------------------------------------------
10:34:19 : SCANNING : BAJFINANCE
circuit : 0.04%  2021-12-21T10:30:00+0530
adx : 31.69  aroonosc : -7.14
-----------------------------------------------
10:34:19 : SCANNING : BALAMINES
circuit : 0.15%  2021-12-21T10:30:00+0530
adx : 13.93  aroonosc : -42.86
-----------------------------------------------
10:34:20 : SCANNING : BALKRISIND
circuit : -0.9%  2021-12-21T10:30:00+0530
adx : 14.5  aroonosc : -78.57
-----------------------------------------------
10:34:20 : SCANNING : BALMLAWRIE
circuit : 1.1%  2021-12-21T10:30:00+0530
adx : 27.43  aroonosc : 85.71
-----------------------------------------------
10:34:20 : SCANNING : BALRAMCHIN
circuit : 2.12%  2021-12-21T10:30:00+0530
adx : 45.52  aroonosc : 42.86
-----------------------------------------------
10:34:21 : SCANNING : BANDHANBNK
circuit : 0.22%  2021-12-21T10:30:00+0530
adx : 24.51  aroonosc : -14.29
-----------------------------------------------
10:34:21 : SCANNING : BANKBARODA
circuit : 0.87%  2021-12-21T10:30:00+0530
adx : 16.96  aroonosc : -71.43
-----------------------------------------------
10:34:22 : SCANNING : BANKINDIA
circuit : 1.19%  2021-12-21T10:30:00+0530
adx : 43.95  aroonosc : -21.43
-----------------------------------------------
10:34:22 : SCANNING : BASF
circuit : 0.69%  2021-12-21T10:30:00+0530
adx : 49.18  aroonosc : 21.43
-----------------------------------------------
10:34:22 : SCANNING : BATAINDIA
circuit : 0.73%  2021-12-21T10:30:00+0530
adx : 28.83  aroonosc : -21.43
-----------------------------------------------
10:34:23 : SCANNING : BAYERCROP
circuit : -1.55%  2021-12-21T10:30:00+0530
adx : 25.53  aroonosc : -78.57
-----------------------------------------------
10:34:23 : SCANNING : BBTC
circuit : 0.03%  2021-12-21T10:30:00+0530
adx : 22.83  aroonosc : -35.71
-----------------------------------------------
10:34:23 : SCANNING : BDL
circuit : 1.98%  2021-12-21T10:30:00+0530
adx : 33.0  aroonosc : -28.57
-----------------------------------------------
10:34:24 : SCANNING : BEL
circuit : 1.33%  2021-12-21T10:30:00+0530
adx : 34.63  aroonosc : -57.14
-----------------------------------------------
10:34:24 : SCANNING : BEML
circuit : 2.47%  2021-12-21T10:30:00+0530
adx : 48.99  aroonosc : 7.14
-----------------------------------------------
10:34:24 : SCANNING : BERGEPAINT
circuit : 0.53%  2021-12-21T10:30:00+0530
adx : 36.7  aroonosc : -14.29
-----------------------------------------------
10:34:25 : SCANNING : BHARATFORG
circuit : 1.46%  2021-12-21T10:30:00+0530
adx : 24.79  aroonosc : 71.43
-----------------------------------------------
10:34:25 : SCANNING : BHARATRAS
circuit : 2.28%  2021-12-21T10:30:00+0530
adx : 43.2  aroonosc : 7.14
-----------------------------------------------
10:34:25 : SCANNING : BHARTIARTL
circuit : 0.03%  2021-12-21T10:30:00+0530
adx : 35.76  aroonosc : -14.29
-----------------------------------------------
10:34:25 : SCANNING : BHEL
circuit : 0.95%  2021-12-21T10:30:00+0530
adx : 19.16  aroonosc : -21.43
-----------------------------------------------
10:34:26 : SCANNING : BIOCON
circuit : 0.77%  2021-12-21T10:30:00+0530
adx : 12.33  aroonosc : 78.57
-----------------------------------------------
10:34:26 : SCANNING : BIRLACORPN
circuit : 1.47%  2021-12-21T10:30:00+0530
adx : 14.8  aroonosc : 42.86
-----------------------------------------------
10:34:27 : SCANNING : BLISSGVS
circuit : 1.1%  2021-12-21T10:30:00+0530
adx : 22.2  aroonosc : -14.29
-----------------------------------------------
10:34:27 : SCANNING : BLUEDART
circuit : 2.34%  2021-12-21T10:30:00+0530
adx : 44.89  aroonosc : 64.29
-----------------------------------------------
10:34:27 : SCANNING : BLUESTARCO
circuit : -0.98%  2021-12-21T10:30:00+0530
adx : 27.09  aroonosc : -28.57
-----------------------------------------------
10:34:28 : SCANNING : BOSCHLTD
circuit : 3.56%  2021-12-21T10:30:00+0530
adx : 53.12  aroonosc : 57.14
-----------------------------------------------
10:34:28 : SCANNING : BPCL
circuit : -0.66%  2021-12-21T10:30:00+0530
adx : 20.09  aroonosc : -28.57
-----------------------------------------------
10:34:28 : SCANNING : BRIGADE
circuit : 2.4%  2021-12-21T10:30:00+0530
adx : 31.86  aroonosc : 57.14
-----------------------------------------------
10:34:29 : SCANNING : BRITANNIA
circuit : 1.04%  2021-12-21T10:30:00+0530
adx : 26.74  aroonosc : 78.57
-----------------------------------------------
10:34:29 : SCANNING : BSE
circuit : -1.27%  2021-12-21T10:30:00+0530
adx : 15.32  aroonosc : -85.71
-----------------------------------------------
10:34:29 : SCANNING : BSOFT
circuit : 0.04%  2021-12-21T10:30:00+0530
adx : 25.61  aroonosc : -14.29
-----------------------------------------------
10:34:30 : SCANNING : BURGERKING
circuit : 0.94%  2021-12-21T10:30:00+0530
adx : 29.23  aroonosc : -7.14
-----------------------------------------------
10:34:30 : SCANNING : CADILAHC
circuit : 1.12%  2021-12-21T10:30:00+0530
adx : 37.23  aroonosc : 64.29
-----------------------------------------------
10:34:30 : SCANNING : CAMS
circuit : -0.03%  2021-12-21T10:30:00+0530
adx : 28.18  aroonosc : -14.29
-----------------------------------------------
10:34:31 : SCANNING : CANBK
circuit : 0.05%  2021-12-21T10:30:00+0530
adx : 26.27  aroonosc : -21.43
-----------------------------------------------
10:34:32 : SCANNING : CANFINHOME
circuit : 1.05%  2021-12-21T10:30:00+0530
adx : 22.15  aroonosc : -28.57
-----------------------------------------------
10:34:32 : SCANNING : CAPLIPOINT
circuit : 0.66%  2021-12-21T10:30:00+0530
adx : 28.6  aroonosc : -14.29
-----------------------------------------------
10:34:32 : SCANNING : CARBORUNIV
circuit : 2.07%  2021-12-21T10:30:00+0530
adx : 17.48  aroonosc : 71.43
-----------------------------------------------
10:34:32 : SCANNING : CASTROLIND
circuit : -0.81%  2021-12-21T10:30:00+0530
adx : 16.35  aroonosc : -35.71
-----------------------------------------------
10:34:33 : SCANNING : CCL
circuit : 1.9%  2021-12-21T10:30:00+0530
adx : 35.69  aroonosc : 7.14
-----------------------------------------------
10:34:33 : SCANNING : CEATLTD
circuit : 0.06%  2021-12-21T10:30:00+0530
adx : 17.55  aroonosc : -28.57
-----------------------------------------------
10:34:34 : SCANNING : CENTRALBK
circuit : 1.66%  2021-12-21T10:30:00+0530
adx : 39.34  aroonosc : -7.14
-----------------------------------------------
10:34:34 : SCANNING : CENTURYPLY
circuit : 1.1%  2021-12-21T10:30:00+0530
adx : 14.21  aroonosc : -64.29
-----------------------------------------------
10:34:35 : SCANNING : CENTURYTEX
circuit : 2.73%  2021-12-21T10:30:00+0530
adx : 24.88  aroonosc : 64.29
-----------------------------------------------
10:34:35 : SCANNING : CERA
circuit : 4.47%  2021-12-21T10:30:00+0530
adx : 36.0  aroonosc : 78.57
-----------------------------------------------
10:34:35 : SCANNING : CESC
circuit : 1.46%  2021-12-21T10:30:00+0530
adx : 37.22  aroonosc : 85.71
-----------------------------------------------
10:34:36 : SCANNING : CGCL
circuit : -0.17%  2021-12-21T10:30:00+0530
adx : 27.01  aroonosc : -71.43
-----------------------------------------------
10:34:36 : SCANNING : CHALET
circuit : 0.32%  2021-12-21T10:30:00+0530
adx : 11.05  aroonosc : -14.29
-----------------------------------------------
10:34:36 : SCANNING : CHAMBLFERT
circuit : 0.53%  2021-12-21T10:30:00+0530
adx : 24.4  aroonosc : 50.0
-----------------------------------------------
10:34:37 : SCANNING : CHOLAFIN
circuit : 2.19%  2021-12-21T10:30:00+0530
adx : 34.58  aroonosc : 100.0
-----------------------------------------------
10:34:37 : SCANNING : CHOLAHLDNG
circuit : 0.4%  2021-12-21T10:30:00+0530
adx : 17.83  aroonosc : -21.43
-----------------------------------------------
10:34:38 : SCANNING : CIPLA
circuit : -0.42%  2021-12-21T10:30:00+0530
adx : 16.34  aroonosc : -21.43
-----------------------------------------------
10:34:38 : SCANNING : COALINDIA
circuit : 1.66%  2021-12-21T10:30:00+0530
adx : 41.88  aroonosc : 92.86
-----------------------------------------------
10:34:38 : SCANNING : COCHINSHIP
circuit : 1.36%  2021-12-21T10:30:00+0530
adx : 20.57  aroonosc : -21.43
-----------------------------------------------
10:34:38 : SCANNING : COFORGE
circuit : 2.04%  2021-12-21T10:30:00+0530
adx : 42.51  aroonosc : 28.57
-----------------------------------------------
10:34:39 : SCANNING : COLPAL
circuit : 1.55%  2021-12-21T10:30:00+0530
adx : 42.98  aroonosc : 50.0
-----------------------------------------------
10:34:39 : SCANNING : CONCOR
circuit : 0.01%  2021-12-21T10:30:00+0530
adx : 17.11  aroonosc : -71.43
-----------------------------------------------
10:34:39 : SCANNING : COROMANDEL
circuit : 0.37%  2021-12-21T10:30:00+0530
adx : 11.39  aroonosc : -21.43
-----------------------------------------------
10:34:40 : SCANNING : CREDITACC
circuit : -1.84%  2021-12-21T10:30:00+0530
adx : 13.06  aroonosc : -21.43
-----------------------------------------------
10:34:40 : SCANNING : CRISIL
circuit : 1.87%  2021-12-21T10:30:00+0530
adx : 31.3  aroonosc : 71.43
-----------------------------------------------
10:34:40 : SCANNING : CROMPTON
circuit : 0.7%  2021-12-21T10:30:00+0530
adx : 22.11  aroonosc : 92.86
-----------------------------------------------
10:34:41 : SCANNING : CSBBANK
circuit : 1.06%  2021-12-21T10:30:00+0530
adx : 18.34  aroonosc : 28.57
-----------------------------------------------
10:34:41 : SCANNING : CUB
circuit : 0.33%  2021-12-21T10:30:00+0530
adx : 30.04  aroonosc : -28.57
-----------------------------------------------
10:34:42 : SCANNING : CUMMINSIND
circuit : 0.86%  2021-12-21T10:30:00+0530
adx : 32.51  aroonosc : -21.43
-----------------------------------------------
10:34:42 : SCANNING : CYIENT
circuit : 0.01%  2021-12-21T10:30:00+0530
adx : 17.91  aroonosc : -21.43
-----------------------------------------------
10:34:42 : SCANNING : DABUR
circuit : 0.64%  2021-12-21T10:30:00+0530
adx : 46.02  aroonosc : 85.71
-----------------------------------------------
10:34:43 : SCANNING : DALBHARAT
circuit : 3.94%  2021-12-21T10:30:00+0530
adx : 44.79  aroonosc : 92.86
-----------------------------------------------
10:34:43 : SCANNING : DBL
circuit : -0.71%  2021-12-21T10:30:00+0530
adx : 46.76  aroonosc : 64.29
-----------------------------------------------
10:34:43 : SCANNING : DCAL
circuit : 2.21%  2021-12-21T10:30:00+0530
adx : 23.46  aroonosc : 64.29
-----------------------------------------------
10:34:44 : SCANNING : DCBBANK
circuit : 2.24%  2021-12-21T10:30:00+0530
adx : 36.27  aroonosc : 0.0
-----------------------------------------------
10:34:44 : SCANNING : DCMSHRIRAM
circuit : 0.59%  2021-12-21T10:30:00+0530
adx : 18.52  aroonosc : 35.71
-----------------------------------------------
10:34:44 : SCANNING : DEEPAKNTR
circuit : 1.84%  2021-12-21T10:30:00+0530
adx : 38.9  aroonosc : 85.71
-----------------------------------------------
10:34:45 : SCANNING : DELTACORP
circuit : 0.59%  2021-12-21T10:30:00+0530
adx : 23.76  aroonosc : -21.43
-----------------------------------------------
10:34:45 : SCANNING : DHANI
circuit : 3.51%  2021-12-21T10:30:00+0530
adx : 29.18  aroonosc : 78.57
-----------------------------------------------
10:34:45 : SCANNING : DHANUKA
circuit : -0.26%  2021-12-21T10:30:00+0530
adx : 16.2  aroonosc : -14.29
-----------------------------------------------
10:34:46 : SCANNING : DISHTV
circuit : 1.8%  2021-12-21T10:30:00+0530
adx : 42.17  aroonosc : -21.43
-----------------------------------------------
10:34:46 : SCANNING : DIVISLAB
circuit : -1.21%  2021-12-21T10:30:00+0530
adx : 22.17  aroonosc : -100.0
-----------------------------------------------
10:34:47 : SCANNING : DIXON
circuit : 1.85%  2021-12-21T10:30:00+0530
adx : 41.82  aroonosc : 64.29
-----------------------------------------------
10:34:47 : SCANNING : DLF
circuit : 1.03%  2021-12-21T10:30:00+0530
adx : 42.32  aroonosc : 64.29
-----------------------------------------------
10:34:48 : SCANNING : DMART
circuit : 0.38%  2021-12-21T10:30:00+0530
adx : 17.57  aroonosc : 35.71
-----------------------------------------------
10:34:48 : SCANNING : DRREDDY
circuit : 0.7%  2021-12-21T10:30:00+0530
adx : 27.73  aroonosc : -21.43
-----------------------------------------------
10:34:48 : SCANNING : ECLERX
circuit : 1.39%  2021-12-21T10:30:00+0530
adx : 18.22  aroonosc : -21.43
-----------------------------------------------
10:34:49 : SCANNING : EDELWEISS
circuit : 0.58%  2021-12-21T10:30:00+0530
adx : 16.67  aroonosc : -71.43
-----------------------------------------------
10:34:49 : SCANNING : EICHERMOT
circuit : -0.12%  2021-12-21T10:30:00+0530
adx : 34.82  aroonosc : 71.43
-----------------------------------------------
10:34:49 : SCANNING : EIDPARRY
circuit : 1.26%  2021-12-21T10:30:00+0530
adx : 26.83  aroonosc : -28.57
-----------------------------------------------
10:34:50 : SCANNING : EIHOTEL
circuit : 1.78%  2021-12-21T10:30:00+0530
adx : 13.85  aroonosc : -21.43
-----------------------------------------------
10:34:50 : SCANNING : ELGIEQUIP
circuit : 2.17%  2021-12-21T10:30:00+0530
adx : 36.61  aroonosc : 14.29
-----------------------------------------------
10:34:51 : SCANNING : EMAMILTD
circuit : -0.79%  2021-12-21T10:30:00+0530
adx : 38.77  aroonosc : -21.43
-----------------------------------------------
10:34:51 : SCANNING : ENDURANCE
circuit : 0.03%  2021-12-21T10:30:00+0530
adx : 22.5  aroonosc : -57.14
-----------------------------------------------
10:34:51 : SCANNING : ENGINERSIN
circuit : 0.07%  2021-12-21T10:30:00+0530
adx : 18.75  aroonosc : -21.43
-----------------------------------------------
10:34:52 : SCANNING : EPL
circuit : 1.24%  2021-12-21T10:30:00+0530
adx : 27.8  aroonosc : 71.43
-----------------------------------------------
10:34:52 : SCANNING : EQUITAS
circuit : -1.82%  2021-12-21T10:30:00+0530
adx : 26.69  aroonosc : -92.86
-----------------------------------------------
10:34:52 : SCANNING : ERIS
circuit : -0.24%  2021-12-21T10:30:00+0530
adx : 22.42  aroonosc : -21.43
-----------------------------------------------
10:34:53 : SCANNING : ESCORTS
circuit : 0.44%  2021-12-21T10:30:00+0530
adx : 26.46  aroonosc : 42.86
-----------------------------------------------
10:34:53 : SCANNING : EXIDEIND
circuit : 0.57%  2021-12-21T10:30:00+0530
adx : 44.94  aroonosc : 28.57
-----------------------------------------------
10:34:54 : SCANNING : FCONSUMER
circuit : -6.51%  2021-12-21T10:30:00+0530
adx : 34.53  aroonosc : 85.71
-----------------------------------------------
10:34:54 : SCANNING : FDC
circuit : 0.23%  2021-12-21T10:30:00+0530
adx : 17.2  aroonosc : 7.14
-----------------------------------------------
10:34:54 : SCANNING : FEDERALBNK
circuit : -0.55%  2021-12-21T10:30:00+0530
adx : 24.04  aroonosc : -21.43
-----------------------------------------------
10:34:55 : SCANNING : FINCABLES
circuit : 0.86%  2021-12-21T10:30:00+0530
adx : 10.66  aroonosc : -64.29
-----------------------------------------------
10:34:55 : SCANNING : FINEORG
circuit : 1.28%  2021-12-21T10:30:00+0530
adx : 18.46  aroonosc : -28.57
-----------------------------------------------
10:34:55 : SCANNING : FINPIPE
circuit : 3.46%  2021-12-21T10:30:00+0530
adx : 31.57  aroonosc : 78.57
-----------------------------------------------
10:34:56 : SCANNING : FLUOROCHEM
circuit : 4.13%  2021-12-21T10:30:00+0530
adx : 34.52  aroonosc : 28.57
-----------------------------------------------
10:34:56 : SCANNING : FORTIS
circuit : 3.67%  2021-12-21T10:30:00+0530
adx : 42.31  aroonosc : 78.57
-----------------------------------------------
10:34:57 : SCANNING : FRETAIL
circuit : -9.27%  2021-12-21T10:30:00+0530
adx : 42.91  aroonosc : 0.0
-----------------------------------------------
10:34:57 : SCANNING : FSL
circuit : 0.45%  2021-12-21T10:30:00+0530
adx : 14.39  aroonosc : -100.0
-----------------------------------------------
10:34:58 : SCANNING : GAEL
circuit : 1.44%  2021-12-21T10:30:00+0530
adx : 15.68  aroonosc : 78.57
-----------------------------------------------
10:34:58 : SCANNING : GAIL
circuit : 1.06%  2021-12-21T10:30:00+0530
adx : 37.91  aroonosc : 71.43
-----------------------------------------------
10:34:58 : SCANNING : GALAXYSURF
circuit : -0.56%  2021-12-21T10:30:00+0530
adx : 33.81  aroonosc : -78.57
-----------------------------------------------
10:34:59 : SCANNING : GARFIBRES
circuit : -0.43%  2021-12-21T10:30:00+0530
adx : 35.69  aroonosc : 7.14
-----------------------------------------------
10:34:59 : SCANNING : GEPIL
circuit : 2.09%  2021-12-21T10:30:00+0530
adx : 14.53  aroonosc : -28.57
-----------------------------------------------
10:34:59 : SCANNING : GESHIP
circuit : 1.54%  2021-12-21T10:30:00+0530
adx : 28.92  aroonosc : 50.0
-----------------------------------------------
10:35:00 : SCANNING : GICRE
circuit : 1.27%  2021-12-21T10:30:00+0530
adx : 16.68  aroonosc : -28.57
-----------------------------------------------
10:35:00 : SCANNING : GILLETTE
circuit : 1.07%  2021-12-21T10:30:00+0530
adx : 21.21  aroonosc : 35.71
-----------------------------------------------
10:35:01 : SCANNING : GLAND
circuit : 1.47%  2021-12-21T10:30:00+0530
adx : 20.87  aroonosc : 85.71
-----------------------------------------------
10:35:01 : SCANNING : GLAXO
circuit : 1.89%  2021-12-21T10:30:00+0530
adx : 40.6  aroonosc : 64.29
-----------------------------------------------
10:35:01 : SCANNING : GLENMARK
circuit : -0.12%  2021-12-21T10:35:00+0530
adx : 20.48  aroonosc : -14.29
-----------------------------------------------
10:35:02 : SCANNING : GMMPFAUDLR
circuit : 2.36%  2021-12-21T10:30:00+0530
adx : 48.2  aroonosc : 100.0
-----------------------------------------------
10:35:02 : SCANNING : GMRINFRA
circuit : 1.25%  2021-12-21T10:30:00+0530
adx : 30.7  aroonosc : 57.14
-----------------------------------------------
10:35:02 : SCANNING : GNFC
circuit : 1.57%  2021-12-21T10:35:00+0530
adx : 29.71  aroonosc : 64.29
-----------------------------------------------
10:35:03 : SCANNING : GODFRYPHLP
circuit : -0.05%  2021-12-21T10:30:00+0530
adx : 14.69  aroonosc : -92.86
-----------------------------------------------
10:35:03 : SCANNING : GODREJAGRO
circuit : -0.74%  2021-12-21T10:35:00+0530
adx : 27.65  aroonosc : -14.29
-----------------------------------------------
10:35:03 : SCANNING : GODREJCP
circuit : 4.17%  2021-12-21T10:30:00+0530
adx : 41.26  aroonosc : 100.0
-----------------------------------------------
10:35:04 : SCANNING : GODREJIND
circuit : 2.52%  2021-12-21T10:30:00+0530
adx : 43.88  aroonosc : 57.14
-----------------------------------------------
10:35:04 : SCANNING : GODREJPROP
circuit : 1.33%  2021-12-21T10:35:00+0530
adx : 21.01  aroonosc : 50.0
-----------------------------------------------
10:35:04 : SCANNING : GPPL
circuit : 0.36%  2021-12-21T10:35:00+0530
adx : 36.06  aroonosc : -7.14
-----------------------------------------------
10:35:05 : SCANNING : GRANULES
circuit : -0.58%  2021-12-21T10:35:00+0530
adx : 10.25  aroonosc : -35.71
-----------------------------------------------
10:35:05 : SCANNING : GRAPHITE
circuit : 0.09%  2021-12-21T10:35:00+0530
adx : 27.86  aroonosc : -92.86
-----------------------------------------------
10:35:06 : SCANNING : GRASIM
circuit : 2.22%  2021-12-21T10:30:00+0530
adx : 53.28  aroonosc : 78.57
-----------------------------------------------
10:35:06 : SCANNING : GREAVESCOT
circuit : 1.63%  2021-12-21T10:30:00+0530
adx : 36.12  aroonosc : 78.57
-----------------------------------------------
10:35:06 : SCANNING : GRINDWELL
circuit : 0.39%  2021-12-21T10:35:00+0530
adx : 29.53  aroonosc : -42.86
-----------------------------------------------
10:35:07 : SCANNING : GRSE
circuit : 3.06%  2021-12-21T10:35:00+0530
adx : 19.88  aroonosc : 64.29
-----------------------------------------------
10:35:07 : SCANNING : GSFC
circuit : 1.0%  2021-12-21T10:35:00+0530
adx : 18.48  aroonosc : 35.71
-----------------------------------------------
10:35:08 : SCANNING : GSPL
circuit : 1.01%  2021-12-21T10:35:00+0530
adx : 28.34  aroonosc : -21.43
-----------------------------------------------
10:35:08 : SCANNING : GUJALKALI
circuit : 0.08%  2021-12-21T10:35:00+0530
adx : 40.67  aroonosc : -21.43
-----------------------------------------------
10:35:08 : SCANNING : GUJGASLTD
circuit : 1.56%  2021-12-21T10:35:00+0530
adx : 51.48  aroonosc : 71.43
-----------------------------------------------
10:35:09 : SCANNING : GULFOILLUB
circuit : -0.11%  2021-12-21T10:35:00+0530
adx : 23.01  aroonosc : -21.43
-----------------------------------------------
10:35:09 : SCANNING : HAL
circuit : 0.34%  2021-12-21T10:35:00+0530
adx : 32.58  aroonosc : -7.14
-----------------------------------------------
10:35:09 : SCANNING : HATSUN
circuit : -1.6%  2021-12-21T10:35:00+0530
adx : 19.33  aroonosc : 28.57
-----------------------------------------------
10:35:10 : SCANNING : HAVELLS
circuit : 3.2%  2021-12-21T10:35:00+0530
adx : 40.53  aroonosc : -35.71
-----------------------------------------------
10:35:10 : SCANNING : HCLTECH
circuit : 3.35%  2021-12-21T10:30:00+0530
adx : 57.54  aroonosc : 71.43
-----------------------------------------------
10:35:10 : SCANNING : HDFC
circuit : -0.56%  2021-12-21T10:30:00+0530
adx : 46.61  aroonosc : 85.71
-----------------------------------------------
10:35:11 : SCANNING : HDFCAMC
circuit : 0.47%  2021-12-21T10:35:00+0530
adx : 26.17  aroonosc : 92.86
-----------------------------------------------
10:35:11 : SCANNING : HDFCBANK
circuit : 0.17%  2021-12-21T10:35:00+0530
adx : 14.49  aroonosc : 85.71
-----------------------------------------------
10:35:11 : SCANNING : HDFCLIFE
circuit : -0.17%  2021-12-21T10:35:00+0530
adx : 28.67  aroonosc : 71.43
-----------------------------------------------
10:35:12 : SCANNING : HEG
circuit : -0.2%  2021-12-21T10:35:00+0530
adx : 15.83  aroonosc : -50.0
-----------------------------------------------
10:35:12 : SCANNING : HEIDELBERG
circuit : 0.49%  2021-12-21T10:35:00+0530
adx : 19.96  aroonosc : 64.29
-----------------------------------------------
10:35:12 : SCANNING : HEMIPROP
circuit : 1.64%  2021-12-21T10:35:00+0530
adx : 28.04  aroonosc : -14.29
-----------------------------------------------
10:35:13 : SCANNING : HEROMOTOCO
circuit : -1.39%  2021-12-21T10:35:00+0530
adx : 38.01  aroonosc : 42.86
-----------------------------------------------
10:35:13 : SCANNING : HINDALCO
circuit : 1.82%  2021-12-21T10:30:00+0530
adx : 55.3  aroonosc : 78.57
-----------------------------------------------
10:35:13 : SCANNING : HINDCOPPER
circuit : 1.18%  2021-12-21T10:30:00+0530
adx : 36.79  aroonosc : 71.43
-----------------------------------------------
10:35:14 : SCANNING : HINDPETRO
circuit : 1.14%  2021-12-21T10:35:00+0530
adx : 19.68  aroonosc : -14.29
-----------------------------------------------
10:35:14 : SCANNING : HINDUNILVR
circuit : -0.31%  2021-12-21T10:30:00+0530
adx : 32.83  aroonosc : 14.29
-----------------------------------------------
10:35:14 : SCANNING : HINDZINC
circuit : 1.95%  2021-12-21T10:35:00+0530
adx : 27.52  aroonosc : -14.29
-----------------------------------------------
10:35:15 : SCANNING : HONAUT
circuit : -0.31%  2021-12-21T10:35:00+0530
adx : 20.47  aroonosc : -85.71
-----------------------------------------------
10:35:15 : SCANNING : HSCL
circuit : 1.76%  2021-12-21T10:30:00+0530
adx : 46.64  aroonosc : -28.57
-----------------------------------------------
10:35:16 : SCANNING : HUDCO
circuit : 0.9%  2021-12-21T10:30:00+0530
adx : 25.39  aroonosc : 42.86
-----------------------------------------------
10:35:16 : SCANNING : HUHTAMAKI
circuit : 1.34%  2021-12-21T10:35:00+0530
adx : 12.41  aroonosc : -14.29
-----------------------------------------------
10:35:16 : SCANNING : IBREALEST
circuit : 3.51%  2021-12-21T10:30:00+0530
adx : 43.16  aroonosc : 64.29
-----------------------------------------------
10:35:17 : SCANNING : IBULHSGFIN
circuit : 0.9%  2021-12-21T10:35:00+0530
adx : 29.46  aroonosc : -21.43
-----------------------------------------------
10:35:17 : SCANNING : ICICIBANK
circuit : 0.62%  2021-12-21T10:35:00+0530
adx : 45.96  aroonosc : -14.29
-----------------------------------------------
10:35:17 : SCANNING : ICICIGI
circuit : 1.46%  2021-12-21T10:35:00+0530
adx : 39.34  aroonosc : 85.71
-----------------------------------------------
10:35:18 : SCANNING : ICICIPRULI
circuit : 2.02%  2021-12-21T10:35:00+0530
adx : 37.18  aroonosc : 64.29
-----------------------------------------------
10:35:18 : SCANNING : ICIL
circuit : -1.2%  2021-12-21T10:35:00+0530
adx : 22.2  aroonosc : -21.43
-----------------------------------------------
10:35:19 : SCANNING : IDBI
circuit : 2.63%  2021-12-21T10:30:00+0530
adx : 46.78  aroonosc : 35.71
-----------------------------------------------
10:35:19 : SCANNING : IDEA
circuit : 5.42%  2021-12-21T10:30:00+0530
adx : 41.3  aroonosc : 64.29
-----------------------------------------------
10:35:19 : SCANNING : IDFC
circuit : 1.68%  2021-12-21T10:35:00+0530
adx : 41.55  aroonosc : -14.29
-----------------------------------------------
10:35:20 : SCANNING : IDFCFIRSTB
circuit : 0.44%  2021-12-21T10:35:00+0530
adx : 11.5  aroonosc : -71.43
-----------------------------------------------
10:35:20 : SCANNING : IEX
circuit : 1.65%  2021-12-21T10:30:00+0530
adx : 36.54  aroonosc : 71.43
-----------------------------------------------
10:35:20 : SCANNING : IFBIND
circuit : 0.29%  2021-12-21T10:35:00+0530
adx : 33.85  aroonosc : 35.71
-----------------------------------------------
10:35:21 : SCANNING : IGL
circuit : 0.86%  2021-12-21T10:35:00+0530
adx : 36.49  aroonosc : 78.57
-----------------------------------------------
10:35:21 : SCANNING : IIFL
circuit : 0.77%  2021-12-21T10:35:00+0530
adx : 26.64  aroonosc : 35.71
-----------------------------------------------
10:35:21 : SCANNING : IIFLWAM
circuit : -1.27%  2021-12-21T10:35:00+0530
adx : 21.24  aroonosc : -92.86
-----------------------------------------------
10:35:22 : SCANNING : INDHOTEL
circuit : 0.03%  2021-12-21T10:35:00+0530
adx : 13.78  aroonosc : -21.43
-----------------------------------------------
10:35:22 : SCANNING : INDIACEM
circuit : 1.36%  2021-12-21T10:35:00+0530
adx : 37.47  aroonosc : 78.57
-----------------------------------------------
10:35:22 : SCANNING : INDIAMART
circuit : 0.1%  2021-12-21T10:35:00+0530
adx : 10.53  aroonosc : -21.43
-----------------------------------------------
10:35:23 : SCANNING : INDIANB
circuit : 0.86%  2021-12-21T10:35:00+0530
adx : 31.83  aroonosc : -14.29
-----------------------------------------------
10:35:23 : SCANNING : INDIGO
circuit : -0.08%  2021-12-21T10:35:00+0530
adx : 20.94  aroonosc : 78.57
-----------------------------------------------
10:35:23 : SCANNING : INDOCO
circuit : 1.44%  2021-12-21T10:35:00+0530
adx : 25.1  aroonosc : 92.86
-----------------------------------------------
10:35:24 : SCANNING : INDUSINDBK
circuit : 0.36%  2021-12-21T10:35:00+0530
adx : 27.09  aroonosc : -14.29
-----------------------------------------------
10:35:24 : SCANNING : INDUSTOWER
circuit : 3.27%  2021-12-21T10:30:00+0530
adx : 44.3  aroonosc : 92.86
-----------------------------------------------
10:35:24 : SCANNING : INFIBEAM
circuit : 1.92%  2021-12-21T10:35:00+0530
adx : 43.28  aroonosc : -14.29
-----------------------------------------------
10:35:25 : SCANNING : INFY
circuit : 1.24%  2021-12-21T10:30:00+0530
adx : 31.79  aroonosc : 42.86
-----------------------------------------------
10:35:26 : SCANNING : INGERRAND
circuit : 0.8%  2021-12-21T10:30:00+0530
adx : 24.35  aroonosc : -57.14
-----------------------------------------------
10:35:26 : SCANNING : INOXLEISUR
circuit : 3.26%  2021-12-21T10:35:00+0530
adx : 48.77  aroonosc : -14.29
-----------------------------------------------
10:35:26 : SCANNING : INTELLECT
circuit : 0.61%  2021-12-21T10:35:00+0530
adx : 20.13  aroonosc : -14.29
-----------------------------------------------
10:35:27 : SCANNING : IOB
circuit : 1.73%  2021-12-21T10:35:00+0530
adx : 38.71  aroonosc : -7.14
-----------------------------------------------
10:35:27 : SCANNING : IOC
circuit : -0.05%  2021-12-21T10:35:00+0530
adx : 13.08  aroonosc : -21.43
-----------------------------------------------
10:35:28 : SCANNING : IOLCP
circuit : -0.88%  2021-12-21T10:35:00+0530
adx : 50.18  aroonosc : -14.29
-----------------------------------------------
10:35:28 : SCANNING : IPCALAB
circuit : 0.36%  2021-12-21T10:30:00+0530
adx : 10.3  aroonosc : 14.29
-----------------------------------------------
10:35:29 : SCANNING : IRB
circuit : -1.33%  2021-12-21T10:35:00+0530
adx : 18.14  aroonosc : -7.14
-----------------------------------------------
10:35:29 : SCANNING : IRCON
circuit : 0.11%  2021-12-21T10:35:00+0530
adx : 27.65  aroonosc : -7.14
-----------------------------------------------
10:35:29 : SCANNING : IRCTC
circuit : 0.63%  2021-12-21T10:30:00+0530
adx : 30.88  aroonosc : -14.29
-----------------------------------------------
10:35:30 : SCANNING : ISEC
circuit : 0.88%  2021-12-21T10:35:00+0530
adx : 25.78  aroonosc : -100.0
-----------------------------------------------
10:35:30 : SCANNING : ITC
circuit : -0.07%  2021-12-21T10:35:00+0530
adx : 21.51  aroonosc : -14.29
-----------------------------------------------
10:35:30 : SCANNING : ITI
circuit : 1.2%  2021-12-21T10:35:00+0530
adx : 23.61  aroonosc : 50.0
-----------------------------------------------
10:35:31 : SCANNING : J&KBANK
circuit : 2.02%  2021-12-21T10:35:00+0530
adx : 28.9  aroonosc : 0.0
-----------------------------------------------
10:35:31 : SCANNING : JAMNAAUTO
circuit : 3.16%  2021-12-21T10:35:00+0530
adx : 27.21  aroonosc : 64.29
-----------------------------------------------
10:35:31 : SCANNING : JBCHEPHARM
circuit : -0.51%  2021-12-21T10:35:00+0530
adx : 50.15  aroonosc : -92.86
-----------------------------------------------
10:35:32 : SCANNING : JCHAC
circuit : 1.59%  2021-12-21T10:35:00+0530
adx : 35.56  aroonosc : 35.71
-----------------------------------------------
10:35:32 : SCANNING : JINDALSAW
circuit : 2.15%  2021-12-21T10:35:00+0530
adx : 25.24  aroonosc : 21.43
-----------------------------------------------
10:35:32 : SCANNING : JINDALSTEL
circuit : 2.02%  2021-12-21T10:30:00+0530
adx : 48.91  aroonosc : 57.14
-----------------------------------------------
10:35:33 : SCANNING : JKCEMENT
circuit : 2.42%  2021-12-21T10:35:00+0530
adx : 24.72  aroonosc : 85.71
-----------------------------------------------
10:35:33 : SCANNING : JKLAKSHMI
circuit : 0.64%  2021-12-21T10:35:00+0530
adx : 17.49  aroonosc : -14.29
-----------------------------------------------
10:35:33 : SCANNING : JKPAPER
circuit : 1.15%  2021-12-21T10:35:00+0530
adx : 29.3  aroonosc : 28.57
-----------------------------------------------
10:35:34 : SCANNING : JKTYRE
circuit : 2.38%  2021-12-21T10:35:00+0530
adx : 37.03  aroonosc : 85.71
-----------------------------------------------
10:35:34 : SCANNING : JMFINANCIL
circuit : -0.89%  2021-12-21T10:35:00+0530
adx : 23.98  aroonosc : 35.71
-----------------------------------------------
10:35:34 : SCANNING : JSL
circuit : 3.33%  2021-12-21T10:35:00+0530
adx : 26.6  aroonosc : 57.14
-----------------------------------------------
10:35:35 : SCANNING : JSLHISAR
circuit : 3.09%  2021-12-21T10:35:00+0530
adx : 22.91  aroonosc : 64.29
-----------------------------------------------
10:35:35 : SCANNING : JSWSTEEL
circuit : 2.26%  2021-12-21T10:30:00+0530
adx : 63.22  aroonosc : 50.0
-----------------------------------------------
10:35:35 : SCANNING : JTEKTINDIA
circuit : 1.4%  2021-12-21T10:35:00+0530
adx : 19.66  aroonosc : 71.43
-----------------------------------------------
10:35:36 : SCANNING : JUBLFOOD
circuit : 0.15%  2021-12-21T10:35:00+0530
adx : 16.46  aroonosc : -35.71
-----------------------------------------------
10:35:36 : SCANNING : JUSTDIAL
circuit : 2.67%  2021-12-21T10:30:00+0530
adx : 37.82  aroonosc : 35.71
-----------------------------------------------
10:35:37 : SCANNING : JYOTHYLAB
circuit : 0.57%  2021-12-21T10:35:00+0530
adx : 24.78  aroonosc : -21.43
-----------------------------------------------
10:35:37 : SCANNING : KAJARIACER
circuit : 1.64%  2021-12-21T10:35:00+0530
adx : 23.47  aroonosc : -21.43
-----------------------------------------------
10:35:37 : SCANNING : KALPATPOWR
circuit : 0.78%  2021-12-21T10:35:00+0530
adx : 15.69  aroonosc : -14.29
-----------------------------------------------
10:35:38 : SCANNING : KANSAINER
circuit : 0.66%  2021-12-21T10:35:00+0530
adx : 25.37  aroonosc : 78.57
-----------------------------------------------
10:35:38 : SCANNING : KARURVYSYA
circuit : -0.11%  2021-12-21T10:35:00+0530
adx : 34.57  aroonosc : 42.86
-----------------------------------------------
10:35:38 : SCANNING : KEC
circuit : 0.69%  2021-12-21T10:35:00+0530
adx : 14.44  aroonosc : -21.43
-----------------------------------------------
10:35:39 : SCANNING : KEI
circuit : -0.58%  2021-12-21T10:30:00+0530
adx : 13.88  aroonosc : -21.43
-----------------------------------------------
10:35:39 : SCANNING : KNRCON
circuit : 0.23%  2021-12-21T10:35:00+0530
adx : 10.11  aroonosc : -7.14
-----------------------------------------------
10:35:39 : SCANNING : KOTAKBANK
circuit : -0.41%  2021-12-21T10:35:00+0530
adx : 22.27  aroonosc : -7.14
-----------------------------------------------
10:35:39 : SCANNING : KPITTECH
circuit : 3.01%  2021-12-21T10:35:00+0530
adx : 35.46  aroonosc : 28.57
-----------------------------------------------
10:35:40 : SCANNING : KPRMILL
circuit : 2.24%  2021-12-21T10:35:00+0530
adx : 20.98  aroonosc : 35.71
-----------------------------------------------
10:35:40 : SCANNING : KRBL
circuit : 0.44%  2021-12-21T10:35:00+0530
adx : 18.56  aroonosc : -28.57
-----------------------------------------------
10:35:41 : SCANNING : KSB
circuit : 1.73%  2021-12-21T10:35:00+0530
adx : 14.0  aroonosc : 57.14
-----------------------------------------------
10:35:41 : SCANNING : KSCL
circuit : -0.93%  2021-12-21T10:35:00+0530
adx : 23.65  aroonosc : 14.29
-----------------------------------------------
10:35:41 : SCANNING : L&TFH
circuit : 3.59%  2021-12-21T10:30:00+0530
adx : 53.34  aroonosc : 100.0
-----------------------------------------------
10:35:42 : SCANNING : LALPATHLAB
circuit : -0.19%  2021-12-21T10:35:00+0530
adx : 17.54  aroonosc : -14.29
-----------------------------------------------
10:35:42 : SCANNING : LAOPALA
circuit : 3.63%  2021-12-21T10:30:00+0530
adx : 41.4  aroonosc : 7.14
-----------------------------------------------
10:35:42 : SCANNING : LAURUSLABS
circuit : 1.56%  2021-12-21T10:30:00+0530
adx : 20.2  aroonosc : -64.29
-----------------------------------------------
10:35:43 : SCANNING : LAXMIMACH
circuit : 3.06%  2021-12-21T10:35:00+0530
adx : 25.79  aroonosc : 35.71
-----------------------------------------------
10:35:44 : SCANNING : LEMONTREE
circuit : 4.47%  2021-12-21T10:35:00+0530
adx : 35.13  aroonosc : -21.43
-----------------------------------------------
10:35:44 : SCANNING : LICHSGFIN
circuit : 0.24%  2021-12-21T10:35:00+0530
adx : 36.71  aroonosc : -21.43
-----------------------------------------------
10:35:45 : SCANNING : LINDEINDIA
circuit : 0.77%  2021-12-21T10:35:00+0530
adx : 15.09  aroonosc : 42.86
-----------------------------------------------
10:35:46 : SCANNING : LT
circuit : 0.09%  2021-12-21T10:35:00+0530
adx : 26.78  aroonosc : -14.29
-----------------------------------------------
10:35:46 : SCANNING : LTI
circuit : 2.16%  2021-12-21T10:30:00+0530
adx : 29.86  aroonosc : 78.57
-----------------------------------------------
10:35:47 : SCANNING : LTTS
circuit : 0.84%  2021-12-21T10:35:00+0530
adx : 23.53  aroonosc : 64.29
-----------------------------------------------
10:35:47 : SCANNING : LUPIN
circuit : 0.1%  2021-12-21T10:30:00+0530
adx : 33.59  aroonosc : -21.43
-----------------------------------------------
10:35:47 : SCANNING : LUXIND
circuit : 0.05%  2021-12-21T10:35:00+0530
adx : 31.04  aroonosc : -21.43
-----------------------------------------------
10:35:48 : SCANNING : M&M
circuit : -0.46%  2021-12-21T10:35:00+0530
adx : 28.33  aroonosc : -50.0
-----------------------------------------------
10:35:48 : SCANNING : M&MFIN
circuit : 0.82%  2021-12-21T10:30:00+0530
adx : 20.76  aroonosc : -21.43
-----------------------------------------------
10:35:48 : SCANNING : MAHABANK
circuit : 0.79%  2021-12-21T10:35:00+0530
adx : 15.89  aroonosc : -21.43
-----------------------------------------------
10:35:49 : SCANNING : MAHINDCIE
circuit : 1.57%  2021-12-21T10:35:00+0530
adx : 21.46  aroonosc : -7.14
-----------------------------------------------
10:35:49 : SCANNING : MAHLOG
circuit : -1.34%  2021-12-21T10:35:00+0530
adx : 12.47  aroonosc : -7.14
-----------------------------------------------
10:35:49 : SCANNING : MAHSCOOTER
circuit : 1.94%  2021-12-21T10:35:00+0530
adx : 24.81  aroonosc : -28.57
-----------------------------------------------
10:35:49 : SCANNING : MAHSEAMLES
circuit : 1.86%  2021-12-21T10:35:00+0530
adx : 43.56  aroonosc : 42.86
-----------------------------------------------
10:35:50 : SCANNING : MANAPPURAM
circuit : -0.44%  2021-12-21T10:30:00+0530
adx : 34.79  aroonosc : -21.43
-----------------------------------------------
10:35:50 : SCANNING : MARICO
circuit : 0.21%  2021-12-21T10:35:00+0530
adx : 27.01  aroonosc : -14.29
-----------------------------------------------
10:35:50 : SCANNING : MARUTI
circuit : 0.13%  2021-12-21T10:30:00+0530
adx : 34.88  aroonosc : -14.29
-----------------------------------------------
10:35:51 : SCANNING : MASFIN
circuit : 2.05%  2021-12-21T10:35:00+0530
adx : 22.08  aroonosc : 28.57
-----------------------------------------------
10:35:51 : SCANNING : MAXHEALTH
circuit : 2.41%  2021-12-21T10:35:00+0530
adx : 40.23  aroonosc : 57.14
-----------------------------------------------
10:35:51 : SCANNING : MAZDOCK
circuit : 1.09%  2021-12-21T10:35:00+0530
adx : 27.9  aroonosc : 71.43
-----------------------------------------------
10:35:52 : SCANNING : MCDOWELL-N
circuit : 2.25%  2021-12-21T10:35:00+0530
adx : 40.04  aroonosc : 78.57
-----------------------------------------------
10:35:52 : SCANNING : MCX
circuit : 1.09%  2021-12-21T10:35:00+0530
adx : 37.0  aroonosc : 64.29
-----------------------------------------------
10:35:52 : SCANNING : METROPOLIS
circuit : 2.72%  2021-12-21T10:35:00+0530
adx : 30.94  aroonosc : 92.86
-----------------------------------------------
10:35:53 : SCANNING : MFSL
circuit : 3.55%  2021-12-21T10:35:00+0530
adx : 18.3  aroonosc : 78.57
-----------------------------------------------
10:35:53 : SCANNING : MGL
circuit : 0.32%  2021-12-21T10:35:00+0530
adx : 28.76  aroonosc : -14.29
-----------------------------------------------
10:35:53 : SCANNING : MHRIL
circuit : -0.05%  2021-12-21T10:35:00+0530
adx : 20.13  aroonosc : -7.14
-----------------------------------------------
10:35:54 : SCANNING : MIDHANI
circuit : 1.25%  2021-12-21T10:35:00+0530
adx : 17.79  aroonosc : 92.86
-----------------------------------------------
10:35:54 : SCANNING : MINDACORP
circuit : 1.38%  2021-12-21T10:35:00+0530
adx : 32.02  aroonosc : 92.86
-----------------------------------------------
10:35:54 : SCANNING : MINDAIND
circuit : 0.86%  2021-12-21T10:30:00+0530
adx : 35.97  aroonosc : -14.29
-----------------------------------------------
10:35:55 : SCANNING : MINDTREE
circuit : 1.05%  2021-12-21T10:30:00+0530
adx : 41.31  aroonosc : 35.71
-----------------------------------------------
10:35:55 : SCANNING : MMTC
circuit : 1.47%  2021-12-21T10:35:00+0530
adx : 35.01  aroonosc : 35.71
-----------------------------------------------
10:35:56 : SCANNING : MOIL
circuit : 1.6%  2021-12-21T10:35:00+0530
adx : 31.51  aroonosc : 78.57
-----------------------------------------------
10:35:56 : SCANNING : MOTILALOFS
circuit : 0.55%  2021-12-21T10:35:00+0530
adx : 25.27  aroonosc : 57.14
-----------------------------------------------
10:35:56 : SCANNING : MPHASIS
circuit : 0.32%  2021-12-21T10:35:00+0530
adx : 31.29  aroonosc : -78.57
-----------------------------------------------
10:35:57 : SCANNING : MRF
circuit : 0.53%  2021-12-21T10:30:00+0530
adx : 20.7  aroonosc : -21.43
-----------------------------------------------
10:35:57 : SCANNING : MRPL
circuit : 0.12%  2021-12-21T10:35:00+0530
adx : 32.76  aroonosc : 14.29
-----------------------------------------------
10:35:58 : SCANNING : MUTHOOTFIN
circuit : 0.32%  2021-12-21T10:35:00+0530
adx : 17.69  aroonosc : 78.57
-----------------------------------------------
10:35:58 : SCANNING : NAM-INDIA
circuit : 1.97%  2021-12-21T10:35:00+0530
adx : 18.97  aroonosc : 78.57
-----------------------------------------------
10:35:58 : SCANNING : NATCOPHARM
circuit : 2.64%  2021-12-21T10:35:00+0530
adx : 16.83  aroonosc : 35.71
-----------------------------------------------
10:35:59 : SCANNING : NATIONALUM
circuit : 2.53%  2021-12-21T10:35:00+0530
adx : 53.67  aroonosc : 50.0
-----------------------------------------------
10:35:59 : SCANNING : NAUKRI
circuit : 0.31%  2021-12-21T10:35:00+0530
adx : 20.11  aroonosc : -21.43
-----------------------------------------------
10:35:59 : SCANNING : NAVINFLUOR
circuit : 3.49%  2021-12-21T10:35:00+0530
adx : 56.1  aroonosc : 78.57
-----------------------------------------------
10:36:00 : SCANNING : NBCC
circuit : 0.6%  2021-12-21T10:35:00+0530
adx : 32.03  aroonosc : 78.57
-----------------------------------------------
10:36:00 : SCANNING : NCC
circuit : 0.51%  2021-12-21T10:35:00+0530
adx : 39.59  aroonosc : 85.71
-----------------------------------------------
10:36:00 : SCANNING : NESCO
circuit : 1.35%  2021-12-21T10:35:00+0530
adx : 18.11  aroonosc : -92.86
-----------------------------------------------
10:36:01 : SCANNING : NESTLEIND
circuit : 0.41%  2021-12-21T10:35:00+0530
adx : 42.39  aroonosc : 92.86
-----------------------------------------------
10:36:01 : SCANNING : NETWORK18
circuit : 2.76%  2021-12-21T10:35:00+0530
adx : 28.61  aroonosc : 85.71
-----------------------------------------------
10:36:01 : SCANNING : NFL
circuit : 1.52%  2021-12-21T10:35:00+0530
adx : 30.62  aroonosc : 71.43
-----------------------------------------------
10:36:02 : SCANNING : NH
circuit : 0.73%  2021-12-21T10:35:00+0530
adx : 9.84  aroonosc : -21.43
-----------------------------------------------
10:36:02 : SCANNING : NHPC
circuit : 1.85%  2021-12-21T10:35:00+0530
adx : 35.24  aroonosc : 78.57
-----------------------------------------------
10:36:02 : SCANNING : NIACL
circuit : -0.15%  2021-12-21T10:35:00+0530
adx : 23.89  aroonosc : -21.43
-----------------------------------------------
10:36:03 : SCANNING : NILKAMAL
circuit : 0.16%  2021-12-21T10:35:00+0530
adx : 11.89  aroonosc : -35.71
-----------------------------------------------
10:36:03 : SCANNING : NLCINDIA
circuit : 0.77%  2021-12-21T10:35:00+0530
adx : 30.0  aroonosc : 0.0
-----------------------------------------------
10:36:03 : SCANNING : NMDC
circuit : 7.12%  2021-12-21T10:35:00+0530
adx : 20.26  aroonosc : 35.71
-----------------------------------------------
10:36:04 : SCANNING : NOCIL
circuit : -0.18%  2021-12-21T10:35:00+0530
adx : 28.69  aroonosc : -35.71
-----------------------------------------------
10:36:04 : SCANNING : NTPC
circuit : 0.36%  2021-12-21T10:35:00+0530
adx : 37.66  aroonosc : -35.71
rpt : 1190.0
{'candle': 'green', 'type': 'BUY', 'instrument': 'NTPC', 'price': 120.2, 'qty': 4949, 'target': 120.35, 'stoploss': 120.05, 'volume': 82550, 'adx': 50.48648436642578, 'aroonosc': 64.28571428571429, 'atr': 0.35497661662436336, 'open': 120.15, 'high': 120.35, 'low': 120.05, 'close': 120.35, 'product': 'MIS', 'time': '2021-12-20T13:45:00+0530'}
10:36:04 : Validation Failed : Time Gap in Seconds : 75064
-----------------------------------------------
10:36:05 : SCANNING : OBEROIRLTY
circuit : 0.77%  2021-12-21T10:35:00+0530
adx : 25.17  aroonosc : 71.43
-----------------------------------------------
10:36:05 : SCANNING : OFSS
circuit : 1.38%  2021-12-21T10:35:00+0530
adx : 47.8  aroonosc : 78.57
-----------------------------------------------
10:36:05 : SCANNING : OIL
circuit : 1.27%  2021-12-21T10:35:00+0530
adx : 20.17  aroonosc : -21.43
-----------------------------------------------
10:36:06 : SCANNING : ONGC
circuit : -0.15%  2021-12-21T10:35:00+0530
adx : 32.73  aroonosc : -7.14
-----------------------------------------------
10:36:06 : SCANNING : ORIENTELEC
circuit : 2.03%  2021-12-21T10:35:00+0530
adx : 15.97  aroonosc : -7.14
-----------------------------------------------
10:36:06 : SCANNING : PAGEIND
circuit : 1.49%  2021-12-21T10:35:00+0530
adx : 24.6  aroonosc : 71.43
-----------------------------------------------
10:36:07 : SCANNING : PEL
circuit : 1.33%  2021-12-21T10:35:00+0530
adx : 22.75  aroonosc : 71.43
-----------------------------------------------
10:36:07 : SCANNING : PERSISTENT
circuit : -0.59%  2021-12-21T10:35:00+0530
adx : 32.48  aroonosc : -7.14
-----------------------------------------------
10:36:07 : SCANNING : PETRONET
circuit : 0.02%  2021-12-21T10:35:00+0530
adx : 15.48  aroonosc : -14.29
-----------------------------------------------
10:36:08 : SCANNING : PFC
circuit : 0.65%  2021-12-21T10:35:00+0530
adx : 19.07  aroonosc : 78.57
-----------------------------------------------
10:36:08 : SCANNING : PFIZER
circuit : 0.97%  2021-12-21T10:35:00+0530
adx : 18.53  aroonosc : 7.14
-----------------------------------------------
10:36:08 : SCANNING : PGHH
circuit : 0.49%  2021-12-21T10:35:00+0530
adx : 25.44  aroonosc : 21.43
-----------------------------------------------
10:36:09 : SCANNING : PGHL
circuit : -0.73%  2021-12-21T10:35:00+0530
adx : 23.12  aroonosc : -42.86
-----------------------------------------------
10:36:09 : SCANNING : PHILIPCARB
circuit : 1.21%  2021-12-21T10:35:00+0530
adx : 8.98  aroonosc : 21.43
-----------------------------------------------
10:36:09 : SCANNING : PHOENIXLTD
circuit : -3.4%  2021-12-21T10:35:00+0530
adx : 35.99  aroonosc : -78.57
-----------------------------------------------
10:36:10 : SCANNING : PIDILITIND
circuit : 0.32%  2021-12-21T10:35:00+0530
adx : 38.64  aroonosc : 78.57
-----------------------------------------------
10:36:10 : SCANNING : PIIND
circuit : 1.35%  2021-12-21T10:35:00+0530
adx : 33.61  aroonosc : 78.57
-----------------------------------------------
10:36:10 : SCANNING : PNB
circuit : 1.08%  2021-12-21T10:35:00+0530
adx : 23.51  aroonosc : -71.43
-----------------------------------------------
10:36:11 : SCANNING : PNBHOUSING
circuit : 3.14%  2021-12-21T10:35:00+0530
adx : 49.53  aroonosc : 78.57
-----------------------------------------------
10:36:11 : SCANNING : PNCINFRA
circuit : -0.37%  2021-12-21T10:35:00+0530
adx : 30.56  aroonosc : -21.43
-----------------------------------------------
10:36:12 : SCANNING : POLYCAB
circuit : 0.58%  2021-12-21T10:35:00+0530
adx : 43.08  aroonosc : -21.43
-----------------------------------------------
10:36:12 : SCANNING : POLYMED
circuit : -0.77%  2021-12-21T10:35:00+0530
adx : 22.67  aroonosc : -14.29
-----------------------------------------------
10:36:12 : SCANNING : POLYPLEX
circuit : 1.11%  2021-12-21T10:35:00+0530
adx : 22.71  aroonosc : 78.57
-----------------------------------------------
10:36:13 : SCANNING : POWERGRID
circuit : -1.18%  2021-12-21T10:35:00+0530
adx : 14.68  aroonosc : -64.29
-----------------------------------------------
10:36:13 : SCANNING : POWERINDIA
circuit : 0.24%  2021-12-21T10:35:00+0530
adx : 25.18  aroonosc : -50.0
-----------------------------------------------
10:36:13 : SCANNING : PRESTIGE
circuit : 0.76%  2021-12-21T10:35:00+0530
adx : 23.46  aroonosc : 28.57
-----------------------------------------------
10:36:14 : SCANNING : PRINCEPIPE
circuit : 1.95%  2021-12-21T10:35:00+0530
adx : 32.94  aroonosc : 64.29
-----------------------------------------------
10:36:14 : SCANNING : PRSMJOHNSN
circuit : 3.66%  2021-12-21T10:35:00+0530
adx : 36.04  aroonosc : 50.0
-----------------------------------------------
10:36:14 : SCANNING : PSB
circuit : 1.88%  2021-12-21T10:35:00+0530
adx : 23.69  aroonosc : 50.0
-----------------------------------------------
10:36:15 : SCANNING : PVR
circuit : 0.94%  2021-12-21T10:35:00+0530
adx : 25.64  aroonosc : 71.43
-----------------------------------------------
10:36:15 : SCANNING : QUESS
circuit : 0.89%  2021-12-21T10:35:00+0530
adx : 23.52  aroonosc : 57.14
-----------------------------------------------
10:36:16 : SCANNING : RADICO
circuit : 0.54%  2021-12-21T10:35:00+0530
adx : 21.73  aroonosc : -14.29
-----------------------------------------------
10:36:16 : SCANNING : RAIN
circuit : -0.49%  2021-12-21T10:35:00+0530
adx : 15.44  aroonosc : -7.14
-----------------------------------------------
10:36:16 : SCANNING : RAJESHEXPO
circuit : 0.1%  2021-12-21T10:35:00+0530
adx : 11.08  aroonosc : -71.43
-----------------------------------------------
10:36:17 : SCANNING : RALLIS
circuit : 0.22%  2021-12-21T10:35:00+0530
adx : 12.48  aroonosc : -14.29
-----------------------------------------------
10:36:17 : SCANNING : RAMCOCEM
circuit : 1.53%  2021-12-21T10:35:00+0530
adx : 23.46  aroonosc : 35.71
-----------------------------------------------
10:36:17 : SCANNING : RATNAMANI
circuit : 3.5%  2021-12-21T10:35:00+0530
adx : 41.36  aroonosc : -7.14
-----------------------------------------------
10:36:18 : SCANNING : RAYMOND
circuit : 0.77%  2021-12-21T10:35:00+0530
adx : 35.09  aroonosc : -21.43
-----------------------------------------------
10:36:18 : SCANNING : RBLBANK
circuit : 0.15%  2021-12-21T10:35:00+0530
adx : 21.23  aroonosc : -21.43
-----------------------------------------------
10:36:19 : SCANNING : RCF
circuit : 1.59%  2021-12-21T10:35:00+0530
adx : 25.9  aroonosc : 78.57
-----------------------------------------------
10:36:19 : SCANNING : RECLTD
circuit : 0.82%  2021-12-21T10:35:00+0530
adx : 43.44  aroonosc : 71.43
-----------------------------------------------
10:36:20 : SCANNING : REDINGTON
circuit : 0.41%  2021-12-21T10:35:00+0530
adx : 17.63  aroonosc : -7.14
-----------------------------------------------
10:36:20 : SCANNING : RELAXO
circuit : 2.39%  2021-12-21T10:35:00+0530
adx : 33.0  aroonosc : 64.29
-----------------------------------------------
10:36:21 : SCANNING : RELIANCE
circuit : 0.72%  2021-12-21T10:35:00+0530
adx : 49.8  aroonosc : 85.71
-----------------------------------------------
10:36:21 : SCANNING : RESPONIND
circuit : 2.08%  2021-12-21T10:35:00+0530
adx : 24.57  aroonosc : 7.14
-----------------------------------------------
10:36:21 : SCANNING : RHIM
circuit : 1.34%  2021-12-21T10:35:00+0530
adx : 34.66  aroonosc : 57.14
-----------------------------------------------
10:36:22 : SCANNING : RITES
circuit : -0.38%  2021-12-21T10:35:00+0530
adx : 12.83  aroonosc : -35.71
-----------------------------------------------
10:36:22 : SCANNING : ROSSARI
circuit : 0.36%  2021-12-21T10:35:00+0530
adx : 27.38  aroonosc : -21.43
-----------------------------------------------
10:36:22 : SCANNING : ROUTE
circuit : 1.04%  2021-12-21T10:35:00+0530
adx : 23.49  aroonosc : -14.29
-----------------------------------------------
10:36:23 : SCANNING : RVNL
circuit : 1.34%  2021-12-21T10:35:00+0530
adx : 50.3  aroonosc : 71.43
-----------------------------------------------
10:36:23 : SCANNING : SAIL
circuit : 1.81%  2021-12-21T10:35:00+0530
adx : 34.12  aroonosc : 57.14
-----------------------------------------------
10:36:23 : SCANNING : SANOFI
circuit : 0.08%  2021-12-21T10:35:00+0530
adx : 25.29  aroonosc : -14.29
-----------------------------------------------
10:36:24 : SCANNING : SBICARD
circuit : 0.18%  2021-12-21T10:35:00+0530
adx : 36.57  aroonosc : -71.43
-----------------------------------------------
10:36:24 : SCANNING : SBILIFE
circuit : -0.8%  2021-12-21T10:35:00+0530
adx : 17.1  aroonosc : -21.43
-----------------------------------------------
10:36:24 : SCANNING : SBIN
circuit : -0.25%  2021-12-21T10:35:00+0530
adx : 35.82  aroonosc : -7.14
-----------------------------------------------
10:36:25 : SCANNING : SCHAEFFLER
circuit : 2.54%  2021-12-21T10:35:00+0530
adx : 46.4  aroonosc : 85.71
-----------------------------------------------
10:36:25 : SCANNING : SCHNEIDER
circuit : -1.41%  2021-12-21T10:35:00+0530
adx : 21.27  aroonosc : -21.43
-----------------------------------------------
10:36:25 : SCANNING : SCI
circuit : 1.72%  2021-12-21T10:35:00+0530
adx : 20.96  aroonosc : 78.57
-----------------------------------------------
10:36:26 : SCANNING : SEQUENT
circuit : -0.19%  2021-12-21T10:35:00+0530
adx : 20.1  aroonosc : 64.29
-----------------------------------------------
10:36:26 : SCANNING : SFL
circuit : 1.63%  2021-12-21T10:35:00+0530
adx : 27.19  aroonosc : -21.43
-----------------------------------------------
10:36:27 : SCANNING : SHARDACROP
circuit : -3.11%  2021-12-21T10:35:00+0530
adx : 27.55  aroonosc : -21.43
-----------------------------------------------
10:36:27 : SCANNING : SHILPAMED
circuit : 2.65%  2021-12-21T10:35:00+0530
adx : 48.85  aroonosc : 50.0
-----------------------------------------------
10:36:27 : SCANNING : SHOPERSTOP
circuit : 2.0%  2021-12-21T10:35:00+0530
adx : 15.3  aroonosc : 92.86
-----------------------------------------------
10:36:28 : SCANNING : SHREECEM
circuit : 1.73%  2021-12-21T10:35:00+0530
adx : 41.99  aroonosc : 64.29
-----------------------------------------------
10:36:28 : SCANNING : SHRIRAMCIT
circuit : -2.57%  2021-12-21T10:35:00+0530
adx : 12.47  aroonosc : -21.43
-----------------------------------------------
10:36:28 : SCANNING : SIEMENS
circuit : 0.38%  2021-12-21T10:35:00+0530
adx : 25.44  aroonosc : -14.29
-----------------------------------------------
10:36:29 : SCANNING : SIS
circuit : 0.57%  2021-12-21T10:35:00+0530
adx : 46.12  aroonosc : 42.86
-----------------------------------------------
10:36:29 : SCANNING : SJVN
circuit : 0.72%  2021-12-21T10:35:00+0530
adx : 28.97  aroonosc : -64.29
-----------------------------------------------
10:36:30 : SCANNING : SKFINDIA
circuit : -0.03%  2021-12-21T10:35:00+0530
adx : 12.69  aroonosc : -21.43
-----------------------------------------------
10:36:30 : SCANNING : SOBHA
circuit : 0.96%  2021-12-21T10:35:00+0530
adx : 20.97  aroonosc : -14.29
-----------------------------------------------
10:36:30 : SCANNING : SOLARA
circuit : 0.19%  2021-12-21T10:35:00+0530
adx : 21.6  aroonosc : -85.71
-----------------------------------------------
10:36:31 : SCANNING : SOLARINDS
circuit : 0.09%  2021-12-21T10:35:00+0530
adx : 16.64  aroonosc : -92.86
-----------------------------------------------
10:36:31 : SCANNING : SONATSOFTW
circuit : 2.96%  2021-12-21T10:35:00+0530
adx : 35.65  aroonosc : 35.71
-----------------------------------------------
10:36:31 : SCANNING : SPANDANA
circuit : 0.43%  2021-12-21T10:35:00+0530
adx : 28.21  aroonosc : 35.71
-----------------------------------------------
10:36:32 : SCANNING : SPARC
circuit : 2.02%  2021-12-21T10:35:00+0530
adx : 15.38  aroonosc : 50.0
-----------------------------------------------
10:36:32 : SCANNING : SPICEJET
circuit : 0.08%  2021-12-21T10:35:00+0530
adx : 28.16  aroonosc : 64.29
-----------------------------------------------
10:36:32 : SCANNING : SRF
circuit : 1.46%  2021-12-21T10:35:00+0530
adx : 33.12  aroonosc : 35.71
-----------------------------------------------
10:36:33 : SCANNING : SRTRANSFIN
circuit : -2.37%  2021-12-21T10:35:00+0530
adx : 20.26  aroonosc : -71.43
-----------------------------------------------
10:36:33 : SCANNING : STAR
circuit : -0.97%  2021-12-21T10:35:00+0530
adx : 14.71  aroonosc : -14.29
-----------------------------------------------
10:36:33 : SCANNING : STARCEMENT
circuit : 0.43%  2021-12-21T10:35:00+0530
adx : 20.55  aroonosc : -14.29
-----------------------------------------------
10:36:34 : SCANNING : STLTECH
circuit : 1.09%  2021-12-21T10:35:00+0530
adx : 30.56  aroonosc : -28.57
-----------------------------------------------
10:36:34 : SCANNING : SUDARSCHEM
circuit : 1.35%  2021-12-21T10:35:00+0530
adx : 34.75  aroonosc : 57.14
-----------------------------------------------
10:36:34 : SCANNING : SUMICHEM
circuit : 1.04%  2021-12-21T10:35:00+0530
adx : 19.12  aroonosc : 71.43
-----------------------------------------------
10:36:35 : SCANNING : SUNCLAYLTD
circuit : 1.79%  2021-12-21T10:35:00+0530
adx : 18.74  aroonosc : 71.43
-----------------------------------------------
10:36:35 : SCANNING : SUNDARMFIN
circuit : -0.54%  2021-12-21T10:35:00+0530
adx : 23.35  aroonosc : -42.86
-----------------------------------------------
10:36:35 : SCANNING : SUNDRMFAST
circuit : -2.53%  2021-12-21T10:35:00+0530
adx : 21.64  aroonosc : -7.14
-----------------------------------------------
10:36:36 : SCANNING : SUNPHARMA
circuit : 2.17%  2021-12-21T10:35:00+0530
adx : 41.34  aroonosc : 42.86
-----------------------------------------------
10:36:36 : SCANNING : SUNTECK
circuit : 1.06%  2021-12-21T10:35:00+0530
adx : 31.62  aroonosc : -57.14
-----------------------------------------------
10:36:36 : SCANNING : SUNTV
circuit : -0.14%  2021-12-21T10:35:00+0530
adx : 28.52  aroonosc : 64.29
-----------------------------------------------
10:36:37 : SCANNING : SUPPETRO
circuit : 1.29%  2021-12-21T10:35:00+0530
adx : 33.11  aroonosc : 50.0
-----------------------------------------------
10:36:37 : SCANNING : SUPRAJIT
circuit : 1.92%  2021-12-21T10:35:00+0530
adx : 38.43  aroonosc : 78.57
-----------------------------------------------
10:36:37 : SCANNING : SUPREMEIND
circuit : 4.72%  2021-12-21T10:35:00+0530
adx : 63.25  aroonosc : 71.43
-----------------------------------------------
10:36:38 : SCANNING : SUVENPHAR
circuit : 1.66%  2021-12-21T10:35:00+0530
adx : 16.13  aroonosc : 85.71
-----------------------------------------------
10:36:38 : SCANNING : SUZLON
circuit : 2.05%  2021-12-21T10:35:00+0530
adx : 41.47  aroonosc : 21.43
-----------------------------------------------
10:36:38 : SCANNING : SWANENERGY
circuit : 2.83%  2021-12-21T10:35:00+0530
adx : 32.19  aroonosc : -28.57
-----------------------------------------------
10:36:39 : SCANNING : SWSOLAR
circuit : 0.22%  2021-12-21T10:35:00+0530
adx : 18.12  aroonosc : -21.43
-----------------------------------------------
10:36:39 : SCANNING : SYMPHONY
circuit : 0.67%  2021-12-21T10:35:00+0530
adx : 40.53  aroonosc : -14.29
-----------------------------------------------
10:36:39 : SCANNING : SYNGENE
circuit : 0.52%  2021-12-21T10:35:00+0530
adx : 34.61  aroonosc : 64.29
-----------------------------------------------
10:36:40 : SCANNING : TASTYBITE
circuit : -1.35%  2021-12-21T10:35:00+0530
adx : 30.18  aroonosc : -35.71
-----------------------------------------------
10:36:40 : SCANNING : TATACHEM
circuit : 1.42%  2021-12-21T10:35:00+0530
adx : 35.25  aroonosc : 71.43
-----------------------------------------------
10:36:40 : SCANNING : TATACOFFEE
circuit : 1.56%  2021-12-21T10:35:00+0530
adx : 27.41  aroonosc : 64.29
-----------------------------------------------
10:36:41 : SCANNING : TATACOMM
circuit : -0.16%  2021-12-21T10:35:00+0530
adx : 17.53  aroonosc : -14.29
-----------------------------------------------
10:36:41 : SCANNING : TATACONSUM
circuit : 1.51%  2021-12-21T10:35:00+0530
adx : 45.08  aroonosc : -7.14
-----------------------------------------------
10:36:41 : SCANNING : TATAELXSI
circuit : 0.22%  2021-12-21T10:35:00+0530
adx : 11.12  aroonosc : 78.57
-----------------------------------------------
10:36:42 : SCANNING : TATAINVEST
circuit : 0.22%  2021-12-21T10:35:00+0530
adx : 31.54  aroonosc : -14.29
-----------------------------------------------
10:36:42 : SCANNING : TATAMOTORS
circuit : 1.01%  2021-12-21T10:35:00+0530
adx : 26.54  aroonosc : 64.29
-----------------------------------------------
10:36:42 : SCANNING : TATAPOWER
circuit : 0.77%  2021-12-21T10:35:00+0530
adx : 39.22  aroonosc : -21.43
-----------------------------------------------
10:36:43 : SCANNING : TATASTEEL
circuit : 1.89%  2021-12-21T10:35:00+0530
adx : 45.39  aroonosc : 64.29
-----------------------------------------------
10:36:43 : SCANNING : TCIEXP
circuit : 3.14%  2021-12-21T10:35:00+0530
adx : 18.82  aroonosc : 85.71
-----------------------------------------------
10:36:43 : SCANNING : TCNSBRANDS
circuit : 2.51%  2021-12-21T10:35:00+0530
adx : 18.78  aroonosc : -21.43
-----------------------------------------------
10:36:44 : SCANNING : TCS
circuit : 1.35%  2021-12-21T10:35:00+0530
adx : 47.01  aroonosc : 85.71
-----------------------------------------------
10:36:44 : SCANNING : TEAMLEASE
circuit : 0.38%  2021-12-21T10:35:00+0530
adx : 12.65  aroonosc : 7.14
-----------------------------------------------
10:36:44 : SCANNING : TECHM
circuit : 1.89%  2021-12-21T10:35:00+0530
adx : 35.38  aroonosc : -14.29
-----------------------------------------------
10:36:44 : SCANNING : THERMAX
circuit : 1.76%  2021-12-21T10:35:00+0530
adx : 34.19  aroonosc : 64.29
-----------------------------------------------
10:36:45 : SCANNING : THYROCARE
circuit : -1.12%  2021-12-21T10:35:00+0530
adx : 17.77  aroonosc : -78.57
-----------------------------------------------
10:36:45 : SCANNING : TIINDIA
circuit : -0.5%  2021-12-21T10:35:00+0530
adx : 24.39  aroonosc : -28.57
-----------------------------------------------
10:36:45 : SCANNING : TIMKEN
circuit : 2.7%  2021-12-21T10:35:00+0530
adx : 39.79  aroonosc : 85.71
-----------------------------------------------
10:36:46 : SCANNING : TITAN
circuit : 1.95%  2021-12-21T10:35:00+0530
adx : 38.68  aroonosc : -7.14
-----------------------------------------------
10:36:46 : SCANNING : TORNTPHARM
circuit : 2.56%  2021-12-21T10:35:00+0530
adx : 29.78  aroonosc : 85.71
-----------------------------------------------
10:36:46 : SCANNING : TORNTPOWER
circuit : 0.17%  2021-12-21T10:35:00+0530
adx : 27.91  aroonosc : -28.57
-----------------------------------------------
10:36:47 : SCANNING : TRENT
circuit : -0.39%  2021-12-21T10:35:00+0530
adx : 25.35  aroonosc : 71.43
-----------------------------------------------
10:36:47 : SCANNING : TRIDENT
circuit : 5.14%  2021-12-21T10:35:00+0530
adx : 15.61  aroonosc : 42.86
-----------------------------------------------
10:36:47 : SCANNING : TRITURBINE
circuit : -0.79%  2021-12-21T10:35:00+0530
adx : 53.12  aroonosc : 14.29
-----------------------------------------------
10:36:48 : SCANNING : TTKPRESTIG
circuit : 2.38%  2021-12-21T10:35:00+0530
adx : 23.72  aroonosc : -7.14
-----------------------------------------------
10:36:48 : SCANNING : TV18BRDCST
circuit : 0.45%  2021-12-21T10:35:00+0530
adx : 12.43  aroonosc : -21.43
-----------------------------------------------
10:36:48 : SCANNING : TVSMOTOR
circuit : 1.22%  2021-12-21T10:35:00+0530
adx : 42.06  aroonosc : 57.14
-----------------------------------------------
10:36:49 : SCANNING : UBL
circuit : 2.12%  2021-12-21T10:35:00+0530
adx : 29.91  aroonosc : 64.29
-----------------------------------------------
10:36:49 : SCANNING : UCOBANK
circuit : 1.18%  2021-12-21T10:35:00+0530
adx : 47.46  aroonosc : -78.57
-----------------------------------------------
10:36:49 : SCANNING : UFLEX
circuit : -1.33%  2021-12-21T10:35:00+0530
adx : 37.05  aroonosc : 71.43
-----------------------------------------------
10:36:50 : SCANNING : UJJIVAN
circuit : -0.12%  2021-12-21T10:35:00+0530
adx : 26.42  aroonosc : -14.29
-----------------------------------------------
10:36:50 : SCANNING : UJJIVANSFB
-----------------------------------------------
10:36:51 : SCANNING : ULTRACEMCO
circuit : 0.58%  2021-12-21T10:35:00+0530
adx : 28.48  aroonosc : 71.43
-----------------------------------------------
10:36:51 : SCANNING : UNIONBANK
circuit : 1.18%  2021-12-21T10:35:00+0530
adx : 10.75  aroonosc : -21.43
-----------------------------------------------
10:36:51 : SCANNING : UPL
circuit : 1.35%  2021-12-21T10:35:00+0530
adx : 39.58  aroonosc : 21.43
-----------------------------------------------
10:36:51 : SCANNING : UTIAMC
circuit : 1.61%  2021-12-21T10:35:00+0530
adx : 16.22  aroonosc : 0.0
-----------------------------------------------
10:36:52 : SCANNING : VAIBHAVGBL
circuit : 0.21%  2021-12-21T10:35:00+0530
adx : 18.83  aroonosc : 78.57
-----------------------------------------------
10:36:52 : SCANNING : VAKRANGEE
circuit : 1.83%  2021-12-21T10:35:00+0530
adx : 28.41  aroonosc : 92.86
-----------------------------------------------
10:36:53 : SCANNING : VALIANTORG
circuit : 1.06%  2021-12-21T10:35:00+0530
adx : 14.25  aroonosc : 78.57
-----------------------------------------------
10:36:53 : SCANNING : VARROC
circuit : 2.28%  2021-12-21T10:35:00+0530
adx : 22.56  aroonosc : 71.43
-----------------------------------------------
10:36:53 : SCANNING : VBL
circuit : 0.59%  2021-12-21T10:35:00+0530
adx : 14.7  aroonosc : 0.0
-----------------------------------------------
10:36:54 : SCANNING : VEDL
circuit : 1.61%  2021-12-21T10:35:00+0530
adx : 53.68  aroonosc : 64.29
-----------------------------------------------
10:36:54 : SCANNING : VENKEYS
circuit : -0.36%  2021-12-21T10:35:00+0530
adx : 28.52  aroonosc : 78.57
-----------------------------------------------
10:36:54 : SCANNING : VGUARD
circuit : 0.44%  2021-12-21T10:35:00+0530
adx : 14.45  aroonosc : -14.29
-----------------------------------------------
10:36:55 : SCANNING : VINATIORGA
circuit : -2.66%  2021-12-21T10:35:00+0530
adx : 19.97  aroonosc : -64.29
-----------------------------------------------
10:36:55 : SCANNING : VIPIND
circuit : 3.94%  2021-12-21T10:35:00+0530
adx : 26.97  aroonosc : 57.14
-----------------------------------------------
10:36:55 : SCANNING : VMART
circuit : -0.9%  2021-12-21T10:35:00+0530
adx : 23.44  aroonosc : 42.86
-----------------------------------------------
10:36:56 : SCANNING : VOLTAS
circuit : 0.7%  2021-12-21T10:35:00+0530
adx : 38.27  aroonosc : 35.71
-----------------------------------------------
10:36:56 : SCANNING : VSTIND
circuit : 0.36%  2021-12-21T10:35:00+0530
adx : 17.18  aroonosc : -85.71
-----------------------------------------------
10:36:56 : SCANNING : VTL
circuit : 5.45%  2021-12-21T10:35:00+0530
adx : 43.85  aroonosc : 21.43
-----------------------------------------------
10:36:57 : SCANNING : WABCOINDIA
circuit : 0.77%  2021-12-21T10:35:00+0530
adx : 10.2  aroonosc : -78.57
-----------------------------------------------
10:36:57 : SCANNING : WELCORP
circuit : 4.07%  2021-12-21T10:35:00+0530
adx : 43.15  aroonosc : 28.57
-----------------------------------------------
10:36:57 : SCANNING : WELSPUNIND
circuit : 1.32%  2021-12-21T10:35:00+0530
adx : 22.74  aroonosc : -14.29
-----------------------------------------------
10:36:58 : SCANNING : WESTLIFE
circuit : 0.21%  2021-12-21T10:35:00+0530
adx : 22.71  aroonosc : -7.14
-----------------------------------------------
10:36:58 : SCANNING : WHIRLPOOL
circuit : 1.02%  2021-12-21T10:35:00+0530
adx : 18.17  aroonosc : 35.71
-----------------------------------------------
10:36:59 : SCANNING : WIPRO
circuit : 1.41%  2021-12-21T10:35:00+0530
adx : 54.97  aroonosc : 71.43
-----------------------------------------------
10:36:59 : SCANNING : WOCKPHARMA
circuit : 0.13%  2021-12-21T10:35:00+0530
adx : 23.18  aroonosc : -14.29
-----------------------------------------------
10:36:59 : SCANNING : YESBANK
circuit : 0.38%  2021-12-21T10:35:00+0530
adx : 41.22  aroonosc : 78.57
-----------------------------------------------
10:37:00 : SCANNING : ZEEL
circuit : 2.07%  2021-12-21T10:35:00+0530
adx : 26.86  aroonosc : 57.14
-----------------------------------------------
10:37:00 : SCANNING : ZENSARTECH
circuit : 3.65%  2021-12-21T10:35:00+0530
adx : 43.91  aroonosc : 35.71
-----------------------------------------------
10:37:00 : SCANNING : ZYDUSWELL
circuit : -1.04%  2021-12-21T10:35:00+0530
adx : 36.46  aroonosc : -21.43
-----------------------------------------------
10:37:00 : SCANNING : PAYTM
circuit : 1.29%  2021-12-21T10:35:00+0530
adx : 25.31  aroonosc : -100.0
-----------------------------------------------
===================================================
10:37:00 : END
===================================================
Start Time     : 2021-12-21 10:34:01.750270
End Time       : 2021-12-21 10:37:00.975131
Time Taken     : 2.0
===================================================
