===================================================
10:30:02 : START
===================================================
10:30:02 : PROCESSING INSTRUMENTS SYMBOLS
-----------------------------------------------
10:30:03 : SCANNING : 3MINDIA
circuit : 0.29%  2021-12-21T10:25:00+0530
adx : 28.55  aroonosc : 100.0
-----------------------------------------------
10:30:03 : SCANNING : AARTIDRUGS
circuit : 0.9%  2021-12-21T10:25:00+0530
adx : 12.06  aroonosc : 92.86
-----------------------------------------------
10:30:03 : SCANNING : AARTIIND
circuit : 1.48%  2021-12-21T10:30:00+0530
adx : 34.96  aroonosc : 71.43
-----------------------------------------------
10:30:04 : SCANNING : AAVAS
circuit : -0.2%  2021-12-21T10:30:00+0530
adx : 49.4  aroonosc : 100.0
-----------------------------------------------
10:30:04 : SCANNING : ABB
circuit : 0.56%  2021-12-21T10:30:00+0530
adx : 17.02  aroonosc : -21.43
-----------------------------------------------
10:30:05 : SCANNING : ABBOTINDIA
circuit : -0.21%  2021-12-21T10:30:00+0530
adx : 30.36  aroonosc : -21.43
-----------------------------------------------
10:30:05 : SCANNING : ABCAPITAL
circuit : 3.22%  2021-12-21T10:30:00+0530
adx : 31.99  aroonosc : 78.57
-----------------------------------------------
10:30:05 : SCANNING : ABFRL
circuit : 2.25%  2021-12-21T10:30:00+0530
adx : 42.36  aroonosc : 35.71
-----------------------------------------------
10:30:06 : SCANNING : ACC
circuit : 1.33%  2021-12-21T10:30:00+0530
adx : 44.19  aroonosc : 71.43
-----------------------------------------------
10:30:06 : SCANNING : ADANIENT
circuit : 0.83%  2021-12-21T10:25:00+0530
adx : 36.32  aroonosc : 64.29
-----------------------------------------------
10:30:06 : SCANNING : ADANIGREEN
circuit : 0.12%  2021-12-21T10:30:00+0530
adx : 24.14  aroonosc : -14.29
-----------------------------------------------
10:30:07 : SCANNING : ADANIPORTS
circuit : -0.64%  2021-12-21T10:30:00+0530
adx : 24.29  aroonosc : -14.29
-----------------------------------------------
10:30:08 : SCANNING : ADVENZYMES
circuit : 1.16%  2021-12-21T10:30:00+0530
adx : 23.76  aroonosc : 71.43
-----------------------------------------------
10:30:09 : SCANNING : AEGISCHEM
circuit : -2.05%  2021-12-21T10:30:00+0530
adx : 43.27  aroonosc : -21.43
-----------------------------------------------
10:30:09 : SCANNING : AFFLE
circuit : 1.14%  2021-12-21T10:30:00+0530
adx : 16.78  aroonosc : -28.57
-----------------------------------------------
10:30:10 : SCANNING : AIAENG
circuit : -0.57%  2021-12-21T10:25:00+0530
adx : 13.61  aroonosc : -35.71
-----------------------------------------------
10:30:10 : SCANNING : AJANTPHARM
circuit : -0.54%  2021-12-21T10:25:00+0530
adx : 17.42  aroonosc : -28.57
-----------------------------------------------
10:30:10 : SCANNING : AKZOINDIA
circuit : -1.2%  2021-12-21T10:30:00+0530
adx : 31.42  aroonosc : -78.57
-----------------------------------------------
10:30:11 : SCANNING : ALEMBICLTD
circuit : -0.15%  2021-12-21T10:25:00+0530
adx : 15.06  aroonosc : -21.43
-----------------------------------------------
10:30:11 : SCANNING : ALKEM
circuit : 0.7%  2021-12-21T10:25:00+0530
adx : 12.22  aroonosc : 28.57
-----------------------------------------------
10:30:12 : SCANNING : ALKYLAMINE
circuit : -1.75%  2021-12-21T10:30:00+0530
adx : 43.17  aroonosc : -57.14
-----------------------------------------------
10:30:12 : SCANNING : ALOKINDS
circuit : 1.54%  2021-12-21T10:30:00+0530
adx : 43.93  aroonosc : -28.57
-----------------------------------------------
10:30:12 : SCANNING : AMARAJABAT
circuit : 0.26%  2021-12-21T10:30:00+0530
adx : 33.78  aroonosc : -21.43
-----------------------------------------------
10:30:13 : SCANNING : AMBER
circuit : 3.28%  2021-12-21T10:30:00+0530
adx : 42.63  aroonosc : 78.57
-----------------------------------------------
10:30:13 : SCANNING : AMBUJACEM
circuit : 2.25%  2021-12-21T10:30:00+0530
adx : 42.5  aroonosc : 71.43
-----------------------------------------------
10:30:14 : SCANNING : ANGELBRKG
circuit : 3.0%  2021-12-21T10:30:00+0530
adx : 42.73  aroonosc : 92.86
-----------------------------------------------
10:30:14 : SCANNING : APLAPOLLO
circuit : 2.02%  2021-12-21T10:30:00+0530
adx : 14.99  aroonosc : -21.43
-----------------------------------------------
10:30:14 : SCANNING : APLLTD
circuit : -1.03%  2021-12-21T10:25:00+0530
adx : 50.53  aroonosc : -14.29
-----------------------------------------------
10:30:15 : SCANNING : APOLLOHOSP
circuit : -0.38%  2021-12-21T10:25:00+0530
adx : 30.47  aroonosc : -35.71
-----------------------------------------------
10:30:15 : SCANNING : APOLLOTYRE
circuit : 0.59%  2021-12-21T10:30:00+0530
adx : 21.18  aroonosc : -14.29
-----------------------------------------------
10:30:15 : SCANNING : ASAHIINDIA
circuit : -1.43%  2021-12-21T10:30:00+0530
adx : 32.45  aroonosc : -28.57
-----------------------------------------------
10:30:16 : SCANNING : ASHOKA
circuit : 0.44%  2021-12-21T10:30:00+0530
adx : 24.34  aroonosc : -78.57
-----------------------------------------------
10:30:16 : SCANNING : ASHOKLEY
circuit : 2.08%  2021-12-21T10:30:00+0530
adx : 40.57  aroonosc : 57.14
-----------------------------------------------
10:30:16 : SCANNING : ASIANPAINT
circuit : 0.59%  2021-12-21T10:30:00+0530
adx : 36.62  aroonosc : -21.43
-----------------------------------------------
10:30:17 : SCANNING : ASTERDM
circuit : -0.68%  2021-12-21T10:30:00+0530
adx : 39.65  aroonosc : -28.57
-----------------------------------------------
10:30:17 : SCANNING : ASTRAL
circuit : -1.78%  2021-12-21T10:30:00+0530
adx : 19.43  aroonosc : -14.29
-----------------------------------------------
10:30:18 : SCANNING : ASTRAZEN
circuit : -0.1%  2021-12-21T10:30:00+0530
adx : 36.34  aroonosc : 50.0
-----------------------------------------------
10:30:18 : SCANNING : ATUL
circuit : 0.12%  2021-12-21T10:30:00+0530
adx : 18.74  aroonosc : 85.71
-----------------------------------------------
10:30:18 : SCANNING : AUBANK
circuit : 4.28%  2021-12-21T10:25:00+0530
adx : 43.86  aroonosc : 100.0
-----------------------------------------------
10:30:19 : SCANNING : AUROPHARMA
circuit : -0.15%  2021-12-21T10:25:00+0530
adx : 19.87  aroonosc : -28.57
-----------------------------------------------
10:30:19 : SCANNING : AVANTIFEED
circuit : -0.43%  2021-12-21T10:30:00+0530
adx : 42.03  aroonosc : -28.57
-----------------------------------------------
10:30:20 : SCANNING : AXISBANK
circuit : -1.03%  2021-12-21T10:30:00+0530
adx : 21.11  aroonosc : -21.43
-----------------------------------------------
10:30:21 : SCANNING : BAJAJ-AUTO
circuit : 0.88%  2021-12-21T10:25:00+0530
adx : 49.48  aroonosc : 100.0
-----------------------------------------------
10:30:21 : SCANNING : BAJAJCON
circuit : 0.3%  2021-12-21T10:30:00+0530
adx : 24.34  aroonosc : 28.57
-----------------------------------------------
10:30:21 : SCANNING : BAJAJELEC
circuit : -1.44%  2021-12-21T10:25:00+0530
adx : 19.11  aroonosc : -92.86
-----------------------------------------------
10:30:22 : SCANNING : BAJAJFINSV
circuit : -1.05%  2021-12-21T10:25:00+0530
adx : 39.49  aroonosc : -28.57
-----------------------------------------------
10:30:22 : SCANNING : BAJAJHLDNG
circuit : 0.29%  2021-12-21T10:30:00+0530
adx : 16.04  aroonosc : 42.86
-----------------------------------------------
10:30:22 : SCANNING : BAJFINANCE
circuit : -0.02%  2021-12-21T10:30:00+0530
adx : 31.96  aroonosc : -7.14
-----------------------------------------------
10:30:23 : SCANNING : BALAMINES
circuit : 0.15%  2021-12-21T10:30:00+0530
adx : 13.93  aroonosc : -42.86
-----------------------------------------------
10:30:23 : SCANNING : BALKRISIND
circuit : -1.15%  2021-12-21T10:30:00+0530
adx : 14.97  aroonosc : -78.57
-----------------------------------------------
10:30:23 : SCANNING : BALMLAWRIE
circuit : 1.01%  2021-12-21T10:30:00+0530
adx : 26.93  aroonosc : -14.29
-----------------------------------------------
10:30:24 : SCANNING : BALRAMCHIN
circuit : 2.07%  2021-12-21T10:30:00+0530
adx : 45.52  aroonosc : 42.86
-----------------------------------------------
10:30:24 : SCANNING : BANDHANBNK
circuit : 0.34%  2021-12-21T10:25:00+0530
adx : 24.41  aroonosc : 14.29
-----------------------------------------------
10:30:24 : SCANNING : BANKBARODA
circuit : 0.93%  2021-12-21T10:30:00+0530
adx : 16.81  aroonosc : -71.43
-----------------------------------------------
10:30:25 : SCANNING : BANKINDIA
circuit : 1.39%  2021-12-21T10:30:00+0530
adx : 43.95  aroonosc : -21.43
-----------------------------------------------
10:30:25 : SCANNING : BASF
circuit : 0.79%  2021-12-21T10:30:00+0530
adx : 49.49  aroonosc : 21.43
-----------------------------------------------
10:30:25 : SCANNING : BATAINDIA
circuit : 0.89%  2021-12-21T10:30:00+0530
adx : 29.18  aroonosc : -21.43
-----------------------------------------------
10:30:26 : SCANNING : BAYERCROP
circuit : -1.66%  2021-12-21T10:30:00+0530
adx : 25.37  aroonosc : -78.57
-----------------------------------------------
10:30:26 : SCANNING : BBTC
circuit : 0.09%  2021-12-21T10:30:00+0530
adx : 22.73  aroonosc : -35.71
-----------------------------------------------
10:30:26 : SCANNING : BDL
circuit : 2.0%  2021-12-21T10:30:00+0530
adx : 33.0  aroonosc : -28.57
-----------------------------------------------
10:30:27 : SCANNING : BEL
circuit : 1.38%  2021-12-21T10:30:00+0530
adx : 34.99  aroonosc : -57.14
-----------------------------------------------
10:30:27 : SCANNING : BEML
circuit : 2.34%  2021-12-21T10:30:00+0530
adx : 48.99  aroonosc : 7.14
-----------------------------------------------
10:30:28 : SCANNING : BERGEPAINT
circuit : 0.65%  2021-12-21T10:30:00+0530
adx : 36.84  aroonosc : -14.29
-----------------------------------------------
10:30:28 : SCANNING : BHARATFORG
circuit : 1.27%  2021-12-21T10:30:00+0530
adx : 24.56  aroonosc : 64.29
-----------------------------------------------
10:30:28 : SCANNING : BHARATRAS
circuit : 2.12%  2021-12-21T10:30:00+0530
adx : 43.2  aroonosc : 7.14
-----------------------------------------------
10:30:29 : SCANNING : BHARTIARTL
circuit : 0.01%  2021-12-21T10:30:00+0530
adx : 35.76  aroonosc : -14.29
-----------------------------------------------
10:30:29 : SCANNING : BHEL
circuit : 0.95%  2021-12-21T10:25:00+0530
adx : 18.22  aroonosc : -21.43
-----------------------------------------------
10:30:29 : SCANNING : BIOCON
circuit : 0.75%  2021-12-21T10:25:00+0530
adx : 11.92  aroonosc : 100.0
-----------------------------------------------
10:30:30 : SCANNING : BIRLACORPN
circuit : 1.46%  2021-12-21T10:30:00+0530
adx : 14.8  aroonosc : 42.86
-----------------------------------------------
10:30:30 : SCANNING : BLISSGVS
circuit : 1.0%  2021-12-21T10:30:00+0530
adx : 22.2  aroonosc : -14.29
-----------------------------------------------
10:30:30 : SCANNING : BLUEDART
circuit : 2.39%  2021-12-21T10:30:00+0530
adx : 45.11  aroonosc : 64.29
-----------------------------------------------
10:30:31 : SCANNING : BLUESTARCO
circuit : -0.88%  2021-12-21T10:30:00+0530
adx : 27.09  aroonosc : -28.57
-----------------------------------------------
10:30:31 : SCANNING : BOSCHLTD
circuit : 3.45%  2021-12-21T10:30:00+0530
adx : 53.02  aroonosc : 57.14
-----------------------------------------------
10:30:31 : SCANNING : BPCL
circuit : -0.66%  2021-12-21T10:30:00+0530
adx : 20.09  aroonosc : -28.57
-----------------------------------------------
10:30:32 : SCANNING : BRIGADE
circuit : 2.01%  2021-12-21T10:30:00+0530
adx : 31.75  aroonosc : 57.14
-----------------------------------------------
10:30:32 : SCANNING : BRITANNIA
circuit : 0.88%  2021-12-21T10:30:00+0530
adx : 26.38  aroonosc : 57.14
-----------------------------------------------
10:30:33 : SCANNING : BSE
circuit : -0.98%  2021-12-21T10:30:00+0530
adx : 15.41  aroonosc : -85.71
-----------------------------------------------
10:30:33 : SCANNING : BSOFT
circuit : -0.26%  2021-12-21T10:30:00+0530
adx : 25.57  aroonosc : -14.29
-----------------------------------------------
10:30:34 : SCANNING : BURGERKING
circuit : 0.94%  2021-12-21T10:30:00+0530
adx : 29.23  aroonosc : -7.14
-----------------------------------------------
10:30:34 : SCANNING : CADILAHC
circuit : 1.09%  2021-12-21T10:30:00+0530
adx : 37.23  aroonosc : 64.29
-----------------------------------------------
10:30:34 : SCANNING : CAMS
circuit : -0.09%  2021-12-21T10:30:00+0530
adx : 27.91  aroonosc : -14.29
-----------------------------------------------
10:30:35 : SCANNING : CANBK
circuit : 0.13%  2021-12-21T10:25:00+0530
adx : 26.51  aroonosc : 14.29
-----------------------------------------------
10:30:35 : SCANNING : CANFINHOME
circuit : 0.58%  2021-12-21T10:30:00+0530
adx : 20.91  aroonosc : -28.57
-----------------------------------------------
10:30:35 : SCANNING : CAPLIPOINT
circuit : 0.71%  2021-12-21T10:30:00+0530
adx : 28.63  aroonosc : -14.29
-----------------------------------------------
10:30:36 : SCANNING : CARBORUNIV
circuit : 2.14%  2021-12-21T10:30:00+0530
adx : 17.48  aroonosc : 71.43
-----------------------------------------------
10:30:36 : SCANNING : CASTROLIND
circuit : -0.61%  2021-12-21T10:30:00+0530
adx : 16.47  aroonosc : -35.71
-----------------------------------------------
10:30:37 : SCANNING : CCL
circuit : 1.87%  2021-12-21T10:30:00+0530
adx : 35.6  aroonosc : 7.14
-----------------------------------------------
10:30:37 : SCANNING : CEATLTD
circuit : 0.17%  2021-12-21T10:30:00+0530
adx : 17.55  aroonosc : -28.57
-----------------------------------------------
10:30:37 : SCANNING : CENTRALBK
circuit : 1.9%  2021-12-21T10:30:00+0530
adx : 39.34  aroonosc : -7.14
-----------------------------------------------
10:30:38 : SCANNING : CENTURYPLY
circuit : 1.1%  2021-12-21T10:30:00+0530
adx : 14.05  aroonosc : -64.29
-----------------------------------------------
10:30:38 : SCANNING : CENTURYTEX
circuit : 2.97%  2021-12-21T10:25:00+0530
adx : 24.75  aroonosc : 100.0
-----------------------------------------------
10:30:38 : SCANNING : CERA
circuit : 4.24%  2021-12-21T10:30:00+0530
adx : 35.86  aroonosc : 78.57
-----------------------------------------------
10:30:39 : SCANNING : CESC
circuit : 1.34%  2021-12-21T10:30:00+0530
adx : 37.03  aroonosc : 57.14
-----------------------------------------------
10:30:39 : SCANNING : CGCL
circuit : -0.17%  2021-12-21T10:30:00+0530
adx : 27.01  aroonosc : -71.43
-----------------------------------------------
10:30:40 : SCANNING : CHALET
circuit : 0.38%  2021-12-21T10:30:00+0530
adx : 10.99  aroonosc : -14.29
-----------------------------------------------
10:30:40 : SCANNING : CHAMBLFERT
circuit : 0.49%  2021-12-21T10:30:00+0530
adx : 24.33  aroonosc : 50.0
-----------------------------------------------
10:30:41 : SCANNING : CHOLAFIN
circuit : 1.9%  2021-12-21T10:30:00+0530
adx : 34.32  aroonosc : 85.71
-----------------------------------------------
10:30:41 : SCANNING : CHOLAHLDNG
circuit : 0.4%  2021-12-21T10:30:00+0530
adx : 18.18  aroonosc : -21.43
-----------------------------------------------
10:30:42 : SCANNING : CIPLA
circuit : -0.29%  2021-12-21T10:25:00+0530
adx : 17.09  aroonosc : 7.14
-----------------------------------------------
10:30:42 : SCANNING : COALINDIA
circuit : 1.62%  2021-12-21T10:30:00+0530
adx : 42.62  aroonosc : 92.86
-----------------------------------------------
10:30:42 : SCANNING : COCHINSHIP
circuit : 1.36%  2021-12-21T10:30:00+0530
adx : 20.57  aroonosc : -21.43
-----------------------------------------------
10:30:43 : SCANNING : COFORGE
circuit : 2.1%  2021-12-21T10:30:00+0530
adx : 42.44  aroonosc : 28.57
-----------------------------------------------
10:30:43 : SCANNING : COLPAL
circuit : 1.51%  2021-12-21T10:25:00+0530
adx : 42.77  aroonosc : 57.14
-----------------------------------------------
10:30:44 : SCANNING : CONCOR
circuit : -0.11%  2021-12-21T10:30:00+0530
adx : 16.77  aroonosc : -71.43
-----------------------------------------------
10:30:44 : SCANNING : COROMANDEL
circuit : 0.29%  2021-12-21T10:30:00+0530
adx : 11.39  aroonosc : -21.43
-----------------------------------------------
10:30:44 : SCANNING : CREDITACC
circuit : -1.82%  2021-12-21T10:30:00+0530
adx : 12.93  aroonosc : -21.43
-----------------------------------------------
10:30:45 : SCANNING : CRISIL
circuit : 1.8%  2021-12-21T10:30:00+0530
adx : 31.29  aroonosc : 64.29
-----------------------------------------------
10:30:45 : SCANNING : CROMPTON
circuit : 0.51%  2021-12-21T10:30:00+0530
adx : 22.11  aroonosc : 92.86
-----------------------------------------------
10:30:45 : SCANNING : CSBBANK
circuit : 1.01%  2021-12-21T10:30:00+0530
adx : 18.34  aroonosc : 28.57
-----------------------------------------------
10:30:46 : SCANNING : CUB
circuit : 0.63%  2021-12-21T10:30:00+0530
adx : 30.04  aroonosc : -28.57
-----------------------------------------------
10:30:46 : SCANNING : CUMMINSIND
circuit : 0.93%  2021-12-21T10:30:00+0530
adx : 32.99  aroonosc : -21.43
-----------------------------------------------
10:30:46 : SCANNING : CYIENT
circuit : -0.04%  2021-12-21T10:30:00+0530
adx : 18.11  aroonosc : -21.43
-----------------------------------------------
10:30:47 : SCANNING : DABUR
circuit : 0.72%  2021-12-21T10:30:00+0530
adx : 46.02  aroonosc : 78.57
-----------------------------------------------
10:30:47 : SCANNING : DALBHARAT
circuit : 4.13%  2021-12-21T10:30:00+0530
adx : 44.79  aroonosc : 92.86
-----------------------------------------------
10:30:48 : SCANNING : DBL
circuit : -0.64%  2021-12-21T10:30:00+0530
adx : 46.76  aroonosc : 64.29
-----------------------------------------------
10:30:48 : SCANNING : DCAL
circuit : 2.68%  2021-12-21T10:30:00+0530
adx : 24.18  aroonosc : 64.29
-----------------------------------------------
10:30:48 : SCANNING : DCBBANK
circuit : 2.43%  2021-12-21T10:30:00+0530
adx : 36.27  aroonosc : 0.0
-----------------------------------------------
10:30:49 : SCANNING : DCMSHRIRAM
circuit : 1.25%  2021-12-21T10:30:00+0530
adx : 19.51  aroonosc : 35.71
-----------------------------------------------
10:30:49 : SCANNING : DEEPAKNTR
circuit : 1.47%  2021-12-21T10:25:00+0530
adx : 38.24  aroonosc : 71.43
-----------------------------------------------
10:30:50 : SCANNING : DELTACORP
circuit : 0.63%  2021-12-21T10:25:00+0530
adx : 23.48  aroonosc : 7.14
-----------------------------------------------
10:30:50 : SCANNING : DHANI
circuit : 3.37%  2021-12-21T10:30:00+0530
adx : 29.1  aroonosc : -14.29
-----------------------------------------------
10:30:50 : SCANNING : DHANUKA
circuit : -0.32%  2021-12-21T10:30:00+0530
adx : 16.49  aroonosc : -14.29
-----------------------------------------------
10:30:51 : SCANNING : DISHTV
circuit : 1.8%  2021-12-21T10:30:00+0530
adx : 42.17  aroonosc : -21.43
-----------------------------------------------
10:30:51 : SCANNING : DIVISLAB
circuit : -1.38%  2021-12-21T10:25:00+0530
adx : 22.13  aroonosc : -100.0
-----------------------------------------------
10:30:51 : SCANNING : DIXON
circuit : 2.01%  2021-12-21T10:25:00+0530
adx : 41.25  aroonosc : 100.0
-----------------------------------------------
10:30:52 : SCANNING : DLF
circuit : 0.9%  2021-12-21T10:30:00+0530
adx : 42.32  aroonosc : 64.29
-----------------------------------------------
10:30:52 : SCANNING : DMART
circuit : 0.41%  2021-12-21T10:30:00+0530
adx : 17.57  aroonosc : 35.71
-----------------------------------------------
10:30:53 : SCANNING : DRREDDY
circuit : 0.78%  2021-12-21T10:30:00+0530
adx : 27.93  aroonosc : -21.43
-----------------------------------------------
10:30:53 : SCANNING : ECLERX
circuit : 1.35%  2021-12-21T10:30:00+0530
adx : 18.23  aroonosc : -21.43
-----------------------------------------------
10:30:54 : SCANNING : EDELWEISS
circuit : 0.07%  2021-12-21T10:30:00+0530
adx : 16.67  aroonosc : -71.43
-----------------------------------------------
10:30:54 : SCANNING : EICHERMOT
circuit : -0.06%  2021-12-21T10:25:00+0530
adx : 34.97  aroonosc : -21.43
-----------------------------------------------
10:30:54 : SCANNING : EIDPARRY
circuit : 1.32%  2021-12-21T10:30:00+0530
adx : 26.83  aroonosc : -28.57
-----------------------------------------------
10:30:55 : SCANNING : EIHOTEL
circuit : 1.78%  2021-12-21T10:30:00+0530
adx : 13.85  aroonosc : -21.43
-----------------------------------------------
10:30:55 : SCANNING : ELGIEQUIP
circuit : 2.17%  2021-12-21T10:30:00+0530
adx : 36.69  aroonosc : 14.29
-----------------------------------------------
10:30:55 : SCANNING : EMAMILTD
circuit : -0.79%  2021-12-21T10:30:00+0530
adx : 38.98  aroonosc : -21.43
-----------------------------------------------
10:30:56 : SCANNING : ENDURANCE
circuit : -0.05%  2021-12-21T10:30:00+0530
adx : 22.22  aroonosc : -57.14
-----------------------------------------------
10:30:56 : SCANNING : ENGINERSIN
circuit : 0.07%  2021-12-21T10:30:00+0530
adx : 18.75  aroonosc : -21.43
-----------------------------------------------
10:30:57 : SCANNING : EPL
circuit : 1.14%  2021-12-21T10:30:00+0530
adx : 27.8  aroonosc : 71.43
-----------------------------------------------
10:30:57 : SCANNING : EQUITAS
circuit : -1.36%  2021-12-21T10:30:00+0530
adx : 25.74  aroonosc : -85.71
-----------------------------------------------
10:30:58 : SCANNING : ERIS
circuit : -0.24%  2021-12-21T10:30:00+0530
adx : 22.42  aroonosc : -21.43
-----------------------------------------------
10:30:58 : SCANNING : ESCORTS
circuit : 0.59%  2021-12-21T10:30:00+0530
adx : 27.27  aroonosc : 42.86
-----------------------------------------------
10:30:59 : SCANNING : EXIDEIND
circuit : 0.61%  2021-12-21T10:30:00+0530
adx : 45.42  aroonosc : 28.57
-----------------------------------------------
10:31:00 : SCANNING : FCONSUMER
circuit : -5.92%  2021-12-21T10:30:00+0530
adx : 34.53  aroonosc : 85.71
-----------------------------------------------
10:31:00 : SCANNING : FDC
circuit : 0.31%  2021-12-21T10:30:00+0530
adx : 17.47  aroonosc : 7.14
-----------------------------------------------
10:31:01 : SCANNING : FEDERALBNK
circuit : -0.49%  2021-12-21T10:30:00+0530
adx : 24.04  aroonosc : -21.43
-----------------------------------------------
10:31:02 : SCANNING : FINCABLES
circuit : 0.85%  2021-12-21T10:30:00+0530
adx : 10.66  aroonosc : -64.29
-----------------------------------------------
10:31:02 : SCANNING : FINEORG
circuit : 1.07%  2021-12-21T10:30:00+0530
adx : 18.6  aroonosc : -28.57
-----------------------------------------------
10:31:03 : SCANNING : FINPIPE
circuit : 3.12%  2021-12-21T10:30:00+0530
adx : 31.23  aroonosc : 78.57
-----------------------------------------------
10:31:03 : SCANNING : FLUOROCHEM
circuit : 3.81%  2021-12-21T10:30:00+0530
adx : 34.25  aroonosc : 28.57
-----------------------------------------------
10:31:04 : SCANNING : FORTIS
circuit : 3.59%  2021-12-21T10:30:00+0530
adx : 42.31  aroonosc : 78.57
-----------------------------------------------
10:31:04 : SCANNING : FRETAIL
circuit : -9.44%  2021-12-21T10:30:00+0530
adx : 42.98  aroonosc : 0.0
-----------------------------------------------
10:31:05 : SCANNING : FSL
circuit : 0.32%  2021-12-21T10:30:00+0530
adx : 14.2  aroonosc : -100.0
-----------------------------------------------
10:31:06 : SCANNING : GAEL
circuit : 1.44%  2021-12-21T10:30:00+0530
adx : 15.99  aroonosc : 78.57
-----------------------------------------------
10:31:06 : SCANNING : GAIL
circuit : 1.06%  2021-12-21T10:30:00+0530
adx : 37.91  aroonosc : 71.43
-----------------------------------------------
10:31:08 : SCANNING : GALAXYSURF
circuit : -0.56%  2021-12-21T10:30:00+0530
adx : 33.81  aroonosc : -78.57
-----------------------------------------------
10:31:09 : SCANNING : GARFIBRES
circuit : -0.59%  2021-12-21T10:30:00+0530
adx : 35.69  aroonosc : 7.14
-----------------------------------------------
10:31:09 : SCANNING : GEPIL
circuit : 1.65%  2021-12-21T10:30:00+0530
adx : 14.02  aroonosc : -28.57
-----------------------------------------------
10:31:10 : SCANNING : GESHIP
circuit : 1.52%  2021-12-21T10:30:00+0530
adx : 29.13  aroonosc : 50.0
-----------------------------------------------
10:31:11 : SCANNING : GICRE
circuit : 1.12%  2021-12-21T10:30:00+0530
adx : 16.44  aroonosc : -28.57
-----------------------------------------------
10:31:11 : SCANNING : GILLETTE
circuit : 1.23%  2021-12-21T10:30:00+0530
adx : 21.21  aroonosc : 35.71
-----------------------------------------------
10:31:12 : SCANNING : GLAND
circuit : 1.32%  2021-12-21T10:30:00+0530
adx : 20.66  aroonosc : 85.71
-----------------------------------------------
10:31:13 : SCANNING : GLAXO
circuit : 1.84%  2021-12-21T10:30:00+0530
adx : 40.6  aroonosc : 64.29
-----------------------------------------------
10:31:13 : SCANNING : GLENMARK
circuit : -0.14%  2021-12-21T10:30:00+0530
adx : 20.57  aroonosc : -21.43
-----------------------------------------------
10:31:14 : SCANNING : GMMPFAUDLR
circuit : 2.33%  2021-12-21T10:30:00+0530
adx : 48.18  aroonosc : 92.86
-----------------------------------------------
10:31:14 : SCANNING : GMRINFRA
circuit : 1.5%  2021-12-21T10:30:00+0530
adx : 31.22  aroonosc : 57.14
-----------------------------------------------
10:31:15 : SCANNING : GNFC
circuit : 1.59%  2021-12-21T10:30:00+0530
adx : 28.99  aroonosc : 64.29
-----------------------------------------------
10:31:16 : SCANNING : GODFRYPHLP
circuit : -0.08%  2021-12-21T10:30:00+0530
adx : 14.69  aroonosc : -92.86
-----------------------------------------------
10:31:16 : SCANNING : GODREJAGRO
circuit : -0.79%  2021-12-21T10:30:00+0530
adx : 27.99  aroonosc : -14.29
-----------------------------------------------
10:31:17 : SCANNING : GODREJCP
circuit : 3.82%  2021-12-21T10:30:00+0530
adx : 41.09  aroonosc : 100.0
-----------------------------------------------
10:31:17 : SCANNING : GODREJIND
circuit : 2.59%  2021-12-21T10:30:00+0530
adx : 44.17  aroonosc : 57.14
-----------------------------------------------
10:31:18 : SCANNING : GODREJPROP
circuit : 1.5%  2021-12-21T10:30:00+0530
adx : 20.84  aroonosc : 50.0
-----------------------------------------------
10:31:19 : SCANNING : GPPL
circuit : 0.21%  2021-12-21T10:30:00+0530
adx : 35.67  aroonosc : -14.29
-----------------------------------------------
10:31:19 : SCANNING : GRANULES
circuit : -0.48%  2021-12-21T10:30:00+0530
adx : 10.25  aroonosc : -35.71
-----------------------------------------------
10:31:20 : SCANNING : GRAPHITE
circuit : 0.11%  2021-12-21T10:30:00+0530
adx : 26.55  aroonosc : -21.43
-----------------------------------------------
10:31:20 : SCANNING : GRASIM
circuit : 2.2%  2021-12-21T10:30:00+0530
adx : 53.28  aroonosc : 78.57
-----------------------------------------------
10:31:20 : SCANNING : GREAVESCOT
circuit : 1.52%  2021-12-21T10:30:00+0530
adx : 36.07  aroonosc : 35.71
-----------------------------------------------
10:31:21 : SCANNING : GRINDWELL
circuit : 0.7%  2021-12-21T10:30:00+0530
adx : 28.05  aroonosc : -42.86
-----------------------------------------------
10:31:23 : SCANNING : GRSE
circuit : 2.97%  2021-12-21T10:30:00+0530
adx : 18.97  aroonosc : 64.29
-----------------------------------------------
10:31:24 : SCANNING : GSFC
circuit : 1.08%  2021-12-21T10:30:00+0530
adx : 18.93  aroonosc : -14.29
-----------------------------------------------
10:31:24 : SCANNING : GSPL
circuit : 0.91%  2021-12-21T10:30:00+0530
adx : 28.73  aroonosc : -21.43
-----------------------------------------------
10:31:25 : SCANNING : GUJALKALI
circuit : 0.17%  2021-12-21T10:30:00+0530
adx : 42.07  aroonosc : -21.43
-----------------------------------------------
10:31:25 : SCANNING : GUJGASLTD
circuit : 1.51%  2021-12-21T10:30:00+0530
adx : 50.39  aroonosc : 78.57
-----------------------------------------------
10:31:26 : SCANNING : GULFOILLUB
circuit : -0.1%  2021-12-21T10:30:00+0530
adx : 22.86  aroonosc : -28.57
-----------------------------------------------
10:31:26 : SCANNING : HAL
circuit : 0.26%  2021-12-21T10:30:00+0530
adx : 32.49  aroonosc : -7.14
-----------------------------------------------
10:31:26 : SCANNING : HATSUN
circuit : -1.84%  2021-12-21T10:30:00+0530
adx : 20.73  aroonosc : 28.57
-----------------------------------------------
10:31:27 : SCANNING : HAVELLS
circuit : 3.12%  2021-12-21T10:30:00+0530
adx : 40.72  aroonosc : -35.71
-----------------------------------------------
10:31:27 : SCANNING : HCLTECH
circuit : 3.36%  2021-12-21T10:30:00+0530
adx : 57.54  aroonosc : 71.43
-----------------------------------------------
10:31:28 : SCANNING : HDFC
circuit : -0.56%  2021-12-21T10:30:00+0530
adx : 46.35  aroonosc : -14.29
-----------------------------------------------
10:31:28 : SCANNING : HDFCAMC
circuit : 0.21%  2021-12-21T10:30:00+0530
adx : 24.42  aroonosc : -14.29
-----------------------------------------------
10:31:29 : SCANNING : HDFCBANK
circuit : 0.3%  2021-12-21T10:30:00+0530
adx : 13.73  aroonosc : 85.71
-----------------------------------------------
10:31:29 : SCANNING : HDFCLIFE
circuit : -0.24%  2021-12-21T10:30:00+0530
adx : 27.86  aroonosc : -28.57
-----------------------------------------------
10:31:30 : SCANNING : HEG
circuit : -0.45%  2021-12-21T10:30:00+0530
adx : 17.39  aroonosc : -57.14
-----------------------------------------------
10:31:30 : SCANNING : HEIDELBERG
circuit : 0.62%  2021-12-21T10:30:00+0530
adx : 21.27  aroonosc : 64.29
-----------------------------------------------
10:31:30 : SCANNING : HEMIPROP
circuit : 1.68%  2021-12-21T10:30:00+0530
adx : 28.09  aroonosc : -21.43
-----------------------------------------------
10:31:31 : SCANNING : HEROMOTOCO
circuit : -1.38%  2021-12-21T10:30:00+0530
adx : 38.91  aroonosc : -14.29
-----------------------------------------------
10:31:31 : SCANNING : HINDALCO
circuit : 1.72%  2021-12-21T10:30:00+0530
adx : 55.3  aroonosc : 78.57
-----------------------------------------------
10:31:31 : SCANNING : HINDCOPPER
circuit : 1.27%  2021-12-21T10:30:00+0530
adx : 36.79  aroonosc : 71.43
-----------------------------------------------
10:31:32 : SCANNING : HINDPETRO
circuit : 0.76%  2021-12-21T10:30:00+0530
adx : 18.71  aroonosc : -14.29
-----------------------------------------------
10:31:32 : SCANNING : HINDUNILVR
circuit : -0.32%  2021-12-21T10:30:00+0530
adx : 32.83  aroonosc : 14.29
-----------------------------------------------
10:31:32 : SCANNING : HINDZINC
circuit : 1.9%  2021-12-21T10:30:00+0530
adx : 26.55  aroonosc : -14.29
-----------------------------------------------
10:31:33 : SCANNING : HONAUT
circuit : -0.38%  2021-12-21T10:30:00+0530
adx : 22.0  aroonosc : -92.86
-----------------------------------------------
10:31:33 : SCANNING : HSCL
circuit : 1.53%  2021-12-21T10:30:00+0530
adx : 46.49  aroonosc : -28.57
-----------------------------------------------
10:31:33 : SCANNING : HUDCO
circuit : 0.64%  2021-12-21T10:30:00+0530
adx : 25.39  aroonosc : 42.86
-----------------------------------------------
10:31:34 : SCANNING : HUHTAMAKI
circuit : 1.32%  2021-12-21T10:30:00+0530
adx : 11.61  aroonosc : -28.57
-----------------------------------------------
10:31:34 : SCANNING : IBREALEST
circuit : 3.67%  2021-12-21T10:30:00+0530
adx : 43.16  aroonosc : 64.29
-----------------------------------------------
10:31:34 : SCANNING : IBULHSGFIN
circuit : 1.13%  2021-12-21T10:30:00+0530
adx : 29.75  aroonosc : -21.43
-----------------------------------------------
10:31:35 : SCANNING : ICICIBANK
circuit : 0.63%  2021-12-21T10:30:00+0530
adx : 45.23  aroonosc : -14.29
-----------------------------------------------
10:31:35 : SCANNING : ICICIGI
circuit : 1.44%  2021-12-21T10:30:00+0530
adx : 37.88  aroonosc : 78.57
-----------------------------------------------
10:31:35 : SCANNING : ICICIPRULI
circuit : 2.03%  2021-12-21T10:30:00+0530
adx : 35.44  aroonosc : 64.29
-----------------------------------------------
10:31:36 : SCANNING : ICIL
circuit : -1.2%  2021-12-21T10:30:00+0530
adx : 22.61  aroonosc : -28.57
-----------------------------------------------
10:31:36 : SCANNING : IDBI
circuit : 2.63%  2021-12-21T10:30:00+0530
adx : 47.23  aroonosc : 35.71
-----------------------------------------------
10:31:36 : SCANNING : IDEA
circuit : 4.33%  2021-12-21T10:30:00+0530
adx : 41.06  aroonosc : 57.14
-----------------------------------------------
10:31:36 : SCANNING : IDFC
circuit : 1.47%  2021-12-21T10:30:00+0530
adx : 40.66  aroonosc : -14.29
-----------------------------------------------
10:31:37 : SCANNING : IDFCFIRSTB
circuit : 0.33%  2021-12-21T10:30:00+0530
adx : 11.73  aroonosc : -71.43
-----------------------------------------------
10:31:37 : SCANNING : IEX
circuit : 1.71%  2021-12-21T10:30:00+0530
adx : 36.54  aroonosc : 71.43
-----------------------------------------------
10:31:38 : SCANNING : IFBIND
circuit : 0.15%  2021-12-21T10:30:00+0530
adx : 34.47  aroonosc : 35.71
-----------------------------------------------
10:31:38 : SCANNING : IGL
circuit : 0.68%  2021-12-21T10:30:00+0530
adx : 35.7  aroonosc : 71.43
-----------------------------------------------
10:31:38 : SCANNING : IIFL
circuit : 0.92%  2021-12-21T10:30:00+0530
adx : 27.04  aroonosc : 35.71
-----------------------------------------------
10:31:39 : SCANNING : IIFLWAM
circuit : -1.03%  2021-12-21T10:30:00+0530
adx : 19.45  aroonosc : -14.29
-----------------------------------------------
10:31:39 : SCANNING : INDHOTEL
circuit : -0.08%  2021-12-21T10:30:00+0530
adx : 13.28  aroonosc : -21.43
-----------------------------------------------
10:31:39 : SCANNING : INDIACEM
circuit : 1.25%  2021-12-21T10:30:00+0530
adx : 36.48  aroonosc : 64.29
-----------------------------------------------
10:31:40 : SCANNING : INDIAMART
circuit : 0.18%  2021-12-21T10:30:00+0530
adx : 11.36  aroonosc : -21.43
-----------------------------------------------
10:31:40 : SCANNING : INDIANB
circuit : 0.97%  2021-12-21T10:30:00+0530
adx : 32.22  aroonosc : -14.29
-----------------------------------------------
10:31:40 : SCANNING : INDIGO
circuit : -0.43%  2021-12-21T10:30:00+0530
adx : 21.01  aroonosc : -28.57
-----------------------------------------------
10:31:41 : SCANNING : INDOCO
circuit : 1.23%  2021-12-21T10:30:00+0530
adx : 24.07  aroonosc : 78.57
-----------------------------------------------
10:31:41 : SCANNING : INDUSINDBK
circuit : 0.42%  2021-12-21T10:30:00+0530
adx : 27.34  aroonosc : -14.29
-----------------------------------------------
10:31:41 : SCANNING : INDUSTOWER
circuit : 3.29%  2021-12-21T10:30:00+0530
adx : 44.3  aroonosc : 92.86
-----------------------------------------------
10:31:42 : SCANNING : INFIBEAM
circuit : 1.79%  2021-12-21T10:30:00+0530
adx : 42.48  aroonosc : -14.29
-----------------------------------------------
10:31:42 : SCANNING : INFY
circuit : 1.4%  2021-12-21T10:30:00+0530
adx : 31.73  aroonosc : 42.86
-----------------------------------------------
10:31:42 : SCANNING : INGERRAND
circuit : 0.78%  2021-12-21T10:30:00+0530
adx : 24.35  aroonosc : -57.14
-----------------------------------------------
10:31:43 : SCANNING : INOXLEISUR
circuit : 3.52%  2021-12-21T10:30:00+0530
adx : 48.55  aroonosc : -14.29
-----------------------------------------------
10:31:43 : SCANNING : INTELLECT
circuit : 0.53%  2021-12-21T10:30:00+0530
adx : 19.52  aroonosc : -14.29
-----------------------------------------------
10:31:43 : SCANNING : IOB
circuit : 1.98%  2021-12-21T10:30:00+0530
adx : 38.19  aroonosc : -7.14
-----------------------------------------------
10:31:44 : SCANNING : IOC
-----------------------------------------------
10:31:44 : SCANNING : IOLCP
circuit : -0.68%  2021-12-21T10:30:00+0530
adx : 51.86  aroonosc : -21.43
-----------------------------------------------
10:31:44 : SCANNING : IPCALAB
circuit : 0.26%  2021-12-21T10:30:00+0530
adx : 9.96  aroonosc : 14.29
-----------------------------------------------
10:31:45 : SCANNING : IRB
circuit : -1.21%  2021-12-21T10:30:00+0530
adx : 18.62  aroonosc : -7.14
-----------------------------------------------
10:31:45 : SCANNING : IRCON
circuit : 0.33%  2021-12-21T10:30:00+0530
adx : 27.83  aroonosc : -14.29
-----------------------------------------------
10:31:45 : SCANNING : IRCTC
circuit : 0.58%  2021-12-21T10:30:00+0530
adx : 30.94  aroonosc : -14.29
-----------------------------------------------
10:31:46 : SCANNING : ISEC
circuit : 1.13%  2021-12-21T10:30:00+0530
adx : 28.49  aroonosc : -78.57
-----------------------------------------------
10:31:46 : SCANNING : ITC
circuit : -0.07%  2021-12-21T10:30:00+0530
adx : 20.96  aroonosc : -14.29
-----------------------------------------------
10:31:47 : SCANNING : ITI
circuit : 1.2%  2021-12-21T10:30:00+0530
adx : 22.99  aroonosc : 50.0
-----------------------------------------------
10:31:47 : SCANNING : J&KBANK
circuit : 2.17%  2021-12-21T10:30:00+0530
adx : 28.6  aroonosc : 0.0
-----------------------------------------------
10:31:47 : SCANNING : JAMNAAUTO
circuit : 3.16%  2021-12-21T10:30:00+0530
adx : 26.37  aroonosc : 64.29
-----------------------------------------------
10:31:48 : SCANNING : JBCHEPHARM
circuit : -0.33%  2021-12-21T10:30:00+0530
adx : 51.14  aroonosc : -78.57
-----------------------------------------------
10:31:48 : SCANNING : JCHAC
circuit : 1.45%  2021-12-21T10:30:00+0530
adx : 34.75  aroonosc : 35.71
-----------------------------------------------
10:31:49 : SCANNING : JINDALSAW
circuit : 1.99%  2021-12-21T10:30:00+0530
adx : 25.81  aroonosc : 21.43
-----------------------------------------------
10:31:49 : SCANNING : JINDALSTEL
circuit : 1.81%  2021-12-21T10:30:00+0530
adx : 48.91  aroonosc : 57.14
-----------------------------------------------
10:31:49 : SCANNING : JKCEMENT
circuit : 2.4%  2021-12-21T10:30:00+0530
adx : 23.77  aroonosc : 92.86
-----------------------------------------------
10:31:50 : SCANNING : JKLAKSHMI
circuit : 0.74%  2021-12-21T10:30:00+0530
adx : 18.34  aroonosc : -21.43
-----------------------------------------------
10:31:50 : SCANNING : JKPAPER
circuit : 0.82%  2021-12-21T10:30:00+0530
adx : 30.13  aroonosc : 28.57
-----------------------------------------------
10:31:50 : SCANNING : JKTYRE
circuit : 2.42%  2021-12-21T10:30:00+0530
adx : 36.97  aroonosc : 85.71
-----------------------------------------------
10:31:51 : SCANNING : JMFINANCIL
circuit : -0.76%  2021-12-21T10:30:00+0530
adx : 26.07  aroonosc : -14.29
-----------------------------------------------
10:31:51 : SCANNING : JSL
circuit : 3.44%  2021-12-21T10:30:00+0530
adx : 25.89  aroonosc : 57.14
-----------------------------------------------
10:31:51 : SCANNING : JSLHISAR
circuit : 3.03%  2021-12-21T10:30:00+0530
adx : 22.67  aroonosc : 64.29
-----------------------------------------------
10:31:52 : SCANNING : JSWSTEEL
circuit : 2.31%  2021-12-21T10:30:00+0530
adx : 63.2  aroonosc : 50.0
-----------------------------------------------
10:31:52 : SCANNING : JTEKTINDIA
circuit : 1.52%  2021-12-21T10:30:00+0530
adx : 21.02  aroonosc : 85.71
-----------------------------------------------
10:31:53 : SCANNING : JUBLFOOD
circuit : -0.06%  2021-12-21T10:30:00+0530
adx : 15.17  aroonosc : -35.71
-----------------------------------------------
10:31:53 : SCANNING : JUSTDIAL
circuit : 3.04%  2021-12-21T10:30:00+0530
adx : 37.89  aroonosc : 35.71
-----------------------------------------------
10:31:53 : SCANNING : JYOTHYLAB
circuit : 0.57%  2021-12-21T10:30:00+0530
adx : 24.85  aroonosc : -28.57
-----------------------------------------------
10:31:54 : SCANNING : KAJARIACER
circuit : 1.64%  2021-12-21T10:30:00+0530
adx : 24.71  aroonosc : -28.57
-----------------------------------------------
10:31:54 : SCANNING : KALPATPOWR
circuit : 0.81%  2021-12-21T10:30:00+0530
adx : 15.77  aroonosc : -21.43
-----------------------------------------------
10:31:54 : SCANNING : KANSAINER
circuit : 0.98%  2021-12-21T10:30:00+0530
adx : 23.42  aroonosc : 78.57
-----------------------------------------------
10:31:55 : SCANNING : KARURVYSYA
circuit : -0.22%  2021-12-21T10:30:00+0530
adx : 35.23  aroonosc : 42.86
-----------------------------------------------
10:31:55 : SCANNING : KEC
circuit : 0.7%  2021-12-21T10:30:00+0530
adx : 14.85  aroonosc : -28.57
-----------------------------------------------
10:31:55 : SCANNING : KEI
circuit : -0.71%  2021-12-21T10:30:00+0530
adx : 13.88  aroonosc : -21.43
-----------------------------------------------
10:31:56 : SCANNING : KNRCON
circuit : 0.4%  2021-12-21T10:30:00+0530
adx : 10.79  aroonosc : -7.14
-----------------------------------------------
10:31:56 : SCANNING : KOTAKBANK
circuit : -0.4%  2021-12-21T10:30:00+0530
adx : 22.23  aroonosc : -14.29
-----------------------------------------------
10:31:56 : SCANNING : KPITTECH
circuit : 3.44%  2021-12-21T10:30:00+0530
adx : 37.73  aroonosc : 28.57
-----------------------------------------------
10:31:57 : SCANNING : KPRMILL
circuit : 2.13%  2021-12-21T10:30:00+0530
adx : 21.56  aroonosc : -14.29
-----------------------------------------------
10:31:58 : SCANNING : KRBL
circuit : 0.33%  2021-12-21T10:30:00+0530
adx : 19.3  aroonosc : -28.57
-----------------------------------------------
10:31:58 : SCANNING : KSB
circuit : 1.43%  2021-12-21T10:30:00+0530
adx : 13.49  aroonosc : 42.86
-----------------------------------------------
10:31:58 : SCANNING : KSCL
circuit : -1.12%  2021-12-21T10:30:00+0530
adx : 24.48  aroonosc : 14.29
-----------------------------------------------
10:31:59 : SCANNING : L&TFH
circuit : 3.45%  2021-12-21T10:30:00+0530
adx : 53.29  aroonosc : 100.0
-----------------------------------------------
10:31:59 : SCANNING : LALPATHLAB
circuit : -0.14%  2021-12-21T10:30:00+0530
adx : 18.32  aroonosc : -21.43
-----------------------------------------------
10:31:59 : SCANNING : LAOPALA
circuit : 3.79%  2021-12-21T10:30:00+0530
adx : 41.65  aroonosc : 7.14
-----------------------------------------------
10:32:00 : SCANNING : LAURUSLABS
circuit : 1.35%  2021-12-21T10:30:00+0530
adx : 20.12  aroonosc : -64.29
-----------------------------------------------
10:32:00 : SCANNING : LAXMIMACH
circuit : 3.15%  2021-12-21T10:30:00+0530
adx : 26.85  aroonosc : 35.71
-----------------------------------------------
10:32:01 : SCANNING : LEMONTREE
circuit : 4.24%  2021-12-21T10:30:00+0530
adx : 34.35  aroonosc : -21.43
-----------------------------------------------
10:32:01 : SCANNING : LICHSGFIN
circuit : 0.28%  2021-12-21T10:30:00+0530
adx : 36.47  aroonosc : -21.43
-----------------------------------------------
10:32:02 : SCANNING : LINDEINDIA
circuit : 0.88%  2021-12-21T10:30:00+0530
adx : 15.97  aroonosc : -28.57
-----------------------------------------------
10:32:02 : SCANNING : LT
circuit : 0.14%  2021-12-21T10:30:00+0530
adx : 27.74  aroonosc : -21.43
-----------------------------------------------
10:32:02 : SCANNING : LTI
circuit : 2.34%  2021-12-21T10:30:00+0530
adx : 30.5  aroonosc : 78.57
-----------------------------------------------
10:32:03 : SCANNING : LTTS
circuit : 1.1%  2021-12-21T10:30:00+0530
adx : 24.18  aroonosc : 64.29
-----------------------------------------------
10:32:03 : SCANNING : LUPIN
circuit : 0.25%  2021-12-21T10:30:00+0530
adx : 34.02  aroonosc : -21.43
-----------------------------------------------
10:32:03 : SCANNING : LUXIND
circuit : 0.03%  2021-12-21T10:30:00+0530
adx : 30.89  aroonosc : -28.57
-----------------------------------------------
10:32:04 : SCANNING : M&M
circuit : -0.56%  2021-12-21T10:30:00+0530
adx : 28.71  aroonosc : -50.0
-----------------------------------------------
10:32:04 : SCANNING : M&MFIN
circuit : 0.65%  2021-12-21T10:30:00+0530
adx : 20.76  aroonosc : -21.43
-----------------------------------------------
10:32:05 : SCANNING : MAHABANK
circuit : 0.79%  2021-12-21T10:30:00+0530
adx : 16.98  aroonosc : -21.43
-----------------------------------------------
10:32:05 : SCANNING : MAHINDCIE
circuit : 1.37%  2021-12-21T10:30:00+0530
adx : 20.97  aroonosc : -14.29
-----------------------------------------------
10:32:06 : SCANNING : MAHLOG
circuit : -0.78%  2021-12-21T10:30:00+0530
adx : 13.29  aroonosc : -14.29
-----------------------------------------------
10:32:06 : SCANNING : MAHSCOOTER
circuit : 1.94%  2021-12-21T10:30:00+0530
adx : 25.17  aroonosc : -35.71
-----------------------------------------------
10:32:09 : SCANNING : MAHSEAMLES
circuit : 1.97%  2021-12-21T10:30:00+0530
adx : 42.03  aroonosc : 57.14
-----------------------------------------------
10:32:10 : SCANNING : MANAPPURAM
circuit : -0.6%  2021-12-21T10:30:00+0530
adx : 34.79  aroonosc : -21.43
-----------------------------------------------
10:32:10 : SCANNING : MARICO
circuit : 0.23%  2021-12-21T10:30:00+0530
adx : 26.44  aroonosc : -14.29
-----------------------------------------------
10:32:10 : SCANNING : MARUTI
circuit : 0.12%  2021-12-21T10:30:00+0530
adx : 34.88  aroonosc : -14.29
-----------------------------------------------
10:32:11 : SCANNING : MASFIN
circuit : 2.05%  2021-12-21T10:30:00+0530
adx : 22.31  aroonosc : 28.57
-----------------------------------------------
10:32:11 : SCANNING : MAXHEALTH
circuit : 2.78%  2021-12-21T10:30:00+0530
adx : 41.19  aroonosc : 71.43
-----------------------------------------------
10:32:11 : SCANNING : MAZDOCK
circuit : 1.07%  2021-12-21T10:30:00+0530
adx : 28.04  aroonosc : 71.43
-----------------------------------------------
10:32:12 : SCANNING : MCDOWELL-N
circuit : 2.33%  2021-12-21T10:30:00+0530
adx : 38.24  aroonosc : 92.86
-----------------------------------------------
10:32:12 : SCANNING : MCX
circuit : 1.52%  2021-12-21T10:30:00+0530
adx : 35.97  aroonosc : 64.29
-----------------------------------------------
10:32:12 : SCANNING : METROPOLIS
circuit : 2.28%  2021-12-21T10:30:00+0530
adx : 28.41  aroonosc : 100.0
-----------------------------------------------
10:32:13 : SCANNING : MFSL
circuit : 3.49%  2021-12-21T10:30:00+0530
adx : 17.95  aroonosc : 92.86
-----------------------------------------------
10:32:13 : SCANNING : MGL
circuit : 0.31%  2021-12-21T10:30:00+0530
adx : 29.33  aroonosc : -14.29
-----------------------------------------------
10:32:14 : SCANNING : MHRIL
circuit : -0.21%  2021-12-21T10:30:00+0530
adx : 20.1  aroonosc : -14.29
-----------------------------------------------
10:32:14 : SCANNING : MIDHANI
circuit : 0.86%  2021-12-21T10:30:00+0530
adx : 15.38  aroonosc : -14.29
-----------------------------------------------
10:32:15 : SCANNING : MINDACORP
circuit : 1.25%  2021-12-21T10:30:00+0530
adx : 31.41  aroonosc : 85.71
-----------------------------------------------
10:32:15 : SCANNING : MINDAIND
circuit : 0.66%  2021-12-21T10:30:00+0530
adx : 35.97  aroonosc : -14.29
-----------------------------------------------
10:32:15 : SCANNING : MINDTREE
circuit : 1.06%  2021-12-21T10:30:00+0530
adx : 41.31  aroonosc : 35.71
-----------------------------------------------
10:32:16 : SCANNING : MMTC
circuit : 1.47%  2021-12-21T10:30:00+0530
adx : 34.84  aroonosc : 35.71
-----------------------------------------------
10:32:16 : SCANNING : MOIL
circuit : 1.48%  2021-12-21T10:30:00+0530
adx : 30.59  aroonosc : 100.0
-----------------------------------------------
10:32:16 : SCANNING : MOTILALOFS
circuit : 0.51%  2021-12-21T10:30:00+0530
adx : 25.58  aroonosc : -21.43
-----------------------------------------------
10:32:17 : SCANNING : MPHASIS
circuit : 0.5%  2021-12-21T10:30:00+0530
adx : 33.59  aroonosc : -78.57
-----------------------------------------------
10:32:17 : SCANNING : MRF
circuit : 0.59%  2021-12-21T10:30:00+0530
adx : 20.7  aroonosc : -21.43
-----------------------------------------------
10:32:17 : SCANNING : MRPL
circuit : 0.24%  2021-12-21T10:30:00+0530
adx : 32.65  aroonosc : 14.29
-----------------------------------------------
10:32:18 : SCANNING : MUTHOOTFIN
circuit : 0.2%  2021-12-21T10:30:00+0530
adx : 18.24  aroonosc : 78.57
-----------------------------------------------
10:32:18 : SCANNING : NAM-INDIA
circuit : 1.21%  2021-12-21T10:30:00+0530
adx : 16.56  aroonosc : 64.29
-----------------------------------------------
10:32:19 : SCANNING : NATCOPHARM
circuit : 2.58%  2021-12-21T10:30:00+0530
adx : 16.72  aroonosc : 64.29
-----------------------------------------------
10:32:19 : SCANNING : NATIONALUM
circuit : 2.64%  2021-12-21T10:30:00+0530
adx : 53.25  aroonosc : 64.29
-----------------------------------------------
10:32:19 : SCANNING : NAUKRI
circuit : 0.24%  2021-12-21T10:30:00+0530
adx : 20.22  aroonosc : -28.57
-----------------------------------------------
10:32:20 : SCANNING : NAVINFLUOR
circuit : 3.35%  2021-12-21T10:30:00+0530
adx : 54.23  aroonosc : 92.86
-----------------------------------------------
10:32:20 : SCANNING : NBCC
circuit : 0.48%  2021-12-21T10:30:00+0530
adx : 31.11  aroonosc : 78.57
-----------------------------------------------
10:32:20 : SCANNING : NCC
circuit : 0.66%  2021-12-21T10:30:00+0530
adx : 39.2  aroonosc : 85.71
-----------------------------------------------
10:32:21 : SCANNING : NESCO
circuit : 1.25%  2021-12-21T10:30:00+0530
adx : 18.74  aroonosc : 14.29
-----------------------------------------------
10:32:21 : SCANNING : NESTLEIND
circuit : 0.38%  2021-12-21T10:30:00+0530
adx : 41.49  aroonosc : 78.57
-----------------------------------------------
10:32:22 : SCANNING : NETWORK18
circuit : 2.76%  2021-12-21T10:30:00+0530
adx : 28.47  aroonosc : 78.57
-----------------------------------------------
10:32:22 : SCANNING : NFL
circuit : 1.42%  2021-12-21T10:30:00+0530
adx : 29.67  aroonosc : 71.43
-----------------------------------------------
10:32:23 : SCANNING : NH
circuit : 0.69%  2021-12-21T10:30:00+0530
adx : 9.92  aroonosc : -28.57
-----------------------------------------------
10:32:23 : SCANNING : NHPC
circuit : 1.85%  2021-12-21T10:30:00+0530
adx : 35.08  aroonosc : 100.0
-----------------------------------------------
10:32:24 : SCANNING : NIACL
-----------------------------------------------
10:32:24 : SCANNING : NILKAMAL
circuit : 0.3%  2021-12-21T10:30:00+0530
adx : 12.39  aroonosc : -35.71
-----------------------------------------------
10:32:24 : SCANNING : NLCINDIA
circuit : 0.86%  2021-12-21T10:30:00+0530
adx : 30.51  aroonosc : 0.0
-----------------------------------------------
10:32:25 : SCANNING : NMDC
circuit : 6.8%  2021-12-21T10:30:00+0530
adx : 21.32  aroonosc : 50.0
-----------------------------------------------
10:32:25 : SCANNING : NOCIL
circuit : -0.34%  2021-12-21T10:30:00+0530
adx : 28.9  aroonosc : -42.86
-----------------------------------------------
10:32:26 : SCANNING : NTPC
circuit : 0.2%  2021-12-21T10:30:00+0530
adx : 37.95  aroonosc : 50.0
rpt : 1190.0
{'candle': 'green', 'type': 'BUY', 'instrument': 'NTPC', 'price': 120.2, 'qty': 4949, 'target': 120.35, 'stoploss': 120.05, 'volume': 82550, 'adx': 50.48648436642578, 'aroonosc': 64.28571428571429, 'atr': 0.35497661662436336, 'open': 120.15, 'high': 120.35, 'low': 120.05, 'close': 120.35, 'product': 'MIS', 'time': '2021-12-20T13:45:00+0530'}
10:32:26 : Validation Failed : Time Gap in Seconds : 74846
-----------------------------------------------
10:32:26 : SCANNING : OBEROIRLTY
circuit : 0.72%  2021-12-21T10:30:00+0530
adx : 24.85  aroonosc : -21.43
-----------------------------------------------
10:32:27 : SCANNING : OFSS
circuit : 1.41%  2021-12-21T10:30:00+0530
adx : 48.39  aroonosc : 85.71
-----------------------------------------------
10:32:27 : SCANNING : OIL
circuit : 1.32%  2021-12-21T10:30:00+0530
adx : 20.5  aroonosc : -28.57
-----------------------------------------------
10:32:27 : SCANNING : ONGC
circuit : -0.19%  2021-12-21T10:30:00+0530
adx : 32.55  aroonosc : -7.14
-----------------------------------------------
10:32:28 : SCANNING : ORIENTELEC
circuit : 2.1%  2021-12-21T10:30:00+0530
adx : 16.16  aroonosc : -14.29
-----------------------------------------------
10:32:28 : SCANNING : PAGEIND
circuit : 1.44%  2021-12-21T10:30:00+0530
adx : 24.03  aroonosc : 85.71
-----------------------------------------------
10:32:28 : SCANNING : PEL
circuit : 1.21%  2021-12-21T10:30:00+0530
adx : 21.33  aroonosc : 64.29
-----------------------------------------------
10:32:29 : SCANNING : PERSISTENT
circuit : -0.66%  2021-12-21T10:30:00+0530
adx : 31.09  aroonosc : -7.14
-----------------------------------------------
10:32:29 : SCANNING : PETRONET
-----------------------------------------------
10:32:30 : SCANNING : PFC
circuit : 0.69%  2021-12-21T10:30:00+0530
adx : 18.34  aroonosc : 78.57
-----------------------------------------------
10:32:30 : SCANNING : PFIZER
circuit : 0.85%  2021-12-21T10:30:00+0530
adx : 19.29  aroonosc : 14.29
-----------------------------------------------
10:32:30 : SCANNING : PGHH
circuit : 0.55%  2021-12-21T10:30:00+0530
adx : 25.58  aroonosc : 21.43
-----------------------------------------------
10:32:31 : SCANNING : PGHL
circuit : -0.84%  2021-12-21T10:30:00+0530
adx : 24.32  aroonosc : -42.86
-----------------------------------------------
10:32:31 : SCANNING : PHILIPCARB
circuit : 1.34%  2021-12-21T10:30:00+0530
adx : 9.57  aroonosc : -21.43
-----------------------------------------------
10:32:31 : SCANNING : PHOENIXLTD
circuit : -3.26%  2021-12-21T10:30:00+0530
adx : 37.25  aroonosc : -78.57
-----------------------------------------------
10:32:32 : SCANNING : PIDILITIND
circuit : 0.33%  2021-12-21T10:30:00+0530
adx : 38.49  aroonosc : -14.29
-----------------------------------------------
10:32:32 : SCANNING : PIIND
circuit : 1.25%  2021-12-21T10:30:00+0530
adx : 32.69  aroonosc : 71.43
-----------------------------------------------
10:32:32 : SCANNING : PNB
circuit : 0.95%  2021-12-21T10:30:00+0530
adx : 24.36  aroonosc : -71.43
-----------------------------------------------
10:32:33 : SCANNING : PNBHOUSING
circuit : 3.01%  2021-12-21T10:30:00+0530
adx : 50.09  aroonosc : 92.86
-----------------------------------------------
10:32:33 : SCANNING : PNCINFRA
circuit : -0.64%  2021-12-21T10:30:00+0530
adx : 31.95  aroonosc : -28.57
-----------------------------------------------
10:32:33 : SCANNING : POLYCAB
circuit : 0.26%  2021-12-21T10:30:00+0530
adx : 42.01  aroonosc : -21.43
-----------------------------------------------
10:32:34 : SCANNING : POLYMED
circuit : -0.44%  2021-12-21T10:30:00+0530
adx : 23.08  aroonosc : -14.29
-----------------------------------------------
10:32:34 : SCANNING : POLYPLEX
circuit : 1.08%  2021-12-21T10:30:00+0530
adx : 21.34  aroonosc : -21.43
-----------------------------------------------
10:32:35 : SCANNING : POWERGRID
circuit : -1.16%  2021-12-21T10:30:00+0530
adx : 15.12  aroonosc : -64.29
-----------------------------------------------
10:32:35 : SCANNING : POWERINDIA
circuit : 0.4%  2021-12-21T10:30:00+0530
adx : 26.95  aroonosc : -100.0
-----------------------------------------------
10:32:35 : SCANNING : PRESTIGE
circuit : 0.84%  2021-12-21T10:30:00+0530
adx : 23.43  aroonosc : -21.43
-----------------------------------------------
10:32:36 : SCANNING : PRINCEPIPE
circuit : 2.12%  2021-12-21T10:30:00+0530
adx : 31.74  aroonosc : 64.29
-----------------------------------------------
10:32:36 : SCANNING : PRSMJOHNSN
circuit : 3.66%  2021-12-21T10:30:00+0530
adx : 36.06  aroonosc : 85.71
-----------------------------------------------
10:32:36 : SCANNING : PSB
circuit : 1.57%  2021-12-21T10:30:00+0530
adx : 24.51  aroonosc : 50.0
-----------------------------------------------
10:32:37 : SCANNING : PVR
circuit : 0.84%  2021-12-21T10:30:00+0530
adx : 24.37  aroonosc : 71.43
-----------------------------------------------
10:32:37 : SCANNING : QUESS
circuit : 0.94%  2021-12-21T10:30:00+0530
adx : 24.15  aroonosc : 57.14
-----------------------------------------------
10:32:38 : SCANNING : RADICO
circuit : 0.56%  2021-12-21T10:30:00+0530
adx : 21.74  aroonosc : -21.43
-----------------------------------------------
10:32:38 : SCANNING : RAIN
circuit : -0.44%  2021-12-21T10:30:00+0530
adx : 15.43  aroonosc : -14.29
-----------------------------------------------
10:32:39 : SCANNING : RAJESHEXPO
circuit : 0.09%  2021-12-21T10:30:00+0530
adx : 11.66  aroonosc : -78.57
-----------------------------------------------
10:32:39 : SCANNING : RALLIS
circuit : 0.28%  2021-12-21T10:30:00+0530
adx : 13.11  aroonosc : -21.43
-----------------------------------------------
10:32:39 : SCANNING : RAMCOCEM
circuit : 1.63%  2021-12-21T10:30:00+0530
adx : 23.94  aroonosc : 57.14
-----------------------------------------------
10:32:40 : SCANNING : RATNAMANI
circuit : 3.92%  2021-12-21T10:30:00+0530
adx : 41.36  aroonosc : 0.0
-----------------------------------------------
10:32:40 : SCANNING : RAYMOND
circuit : 0.89%  2021-12-21T10:30:00+0530
adx : 34.65  aroonosc : -28.57
-----------------------------------------------
10:32:40 : SCANNING : RBLBANK
circuit : 0.09%  2021-12-21T10:30:00+0530
adx : 20.72  aroonosc : -28.57
-----------------------------------------------
10:32:41 : SCANNING : RCF
circuit : 1.73%  2021-12-21T10:30:00+0530
adx : 24.73  aroonosc : 78.57
-----------------------------------------------
10:32:41 : SCANNING : RECLTD
circuit : 0.98%  2021-12-21T10:30:00+0530
adx : 42.37  aroonosc : 92.86
-----------------------------------------------
10:32:41 : SCANNING : REDINGTON
circuit : 0.68%  2021-12-21T10:30:00+0530
adx : 18.79  aroonosc : -14.29
-----------------------------------------------
10:32:41 : SCANNING : RELAXO
circuit : 2.4%  2021-12-21T10:30:00+0530
adx : 33.08  aroonosc : 64.29
-----------------------------------------------
10:32:42 : SCANNING : RELIANCE
circuit : 0.64%  2021-12-21T10:30:00+0530
adx : 48.55  aroonosc : 71.43
-----------------------------------------------
10:32:42 : SCANNING : RESPONIND
circuit : 2.43%  2021-12-21T10:30:00+0530
adx : 24.99  aroonosc : 50.0
-----------------------------------------------
10:32:43 : SCANNING : RHIM
circuit : 1.29%  2021-12-21T10:30:00+0530
adx : 33.97  aroonosc : 57.14
-----------------------------------------------
10:32:43 : SCANNING : RITES
circuit : -0.38%  2021-12-21T10:30:00+0530
adx : 12.86  aroonosc : -42.86
-----------------------------------------------
10:32:43 : SCANNING : ROSSARI
circuit : 0.29%  2021-12-21T10:30:00+0530
adx : 28.04  aroonosc : -28.57
-----------------------------------------------
10:32:44 : SCANNING : ROUTE
circuit : 1.0%  2021-12-21T10:30:00+0530
adx : 24.86  aroonosc : -14.29
-----------------------------------------------
10:32:44 : SCANNING : RVNL
circuit : 1.19%  2021-12-21T10:30:00+0530
adx : 49.53  aroonosc : 71.43
-----------------------------------------------
10:32:44 : SCANNING : SAIL
circuit : 1.95%  2021-12-21T10:30:00+0530
adx : 34.08  aroonosc : 71.43
-----------------------------------------------
10:32:45 : SCANNING : SANOFI
circuit : 0.01%  2021-12-21T10:30:00+0530
adx : 24.19  aroonosc : -14.29
-----------------------------------------------
10:32:45 : SCANNING : SBICARD
circuit : 0.15%  2021-12-21T10:30:00+0530
adx : 36.06  aroonosc : -71.43
-----------------------------------------------
10:32:45 : SCANNING : SBILIFE
circuit : -0.83%  2021-12-21T10:30:00+0530
adx : 18.25  aroonosc : -28.57
-----------------------------------------------
10:32:46 : SCANNING : SBIN
circuit : -0.22%  2021-12-21T10:30:00+0530
adx : 36.06  aroonosc : -7.14
-----------------------------------------------
10:32:46 : SCANNING : SCHAEFFLER
circuit : 2.41%  2021-12-21T10:30:00+0530
adx : 44.8  aroonosc : 92.86
-----------------------------------------------
10:32:47 : SCANNING : SCHNEIDER
circuit : -1.36%  2021-12-21T10:30:00+0530
adx : 21.71  aroonosc : -28.57
-----------------------------------------------
10:32:47 : SCANNING : SCI
circuit : 1.68%  2021-12-21T10:30:00+0530
adx : 20.94  aroonosc : 78.57
-----------------------------------------------
10:32:47 : SCANNING : SEQUENT
circuit : 0.16%  2021-12-21T10:30:00+0530
adx : 21.75  aroonosc : 64.29
-----------------------------------------------
10:32:48 : SCANNING : SFL
circuit : 1.43%  2021-12-21T10:30:00+0530
adx : 27.75  aroonosc : -21.43
-----------------------------------------------
10:32:48 : SCANNING : SHARDACROP
circuit : -3.1%  2021-12-21T10:30:00+0530
adx : 28.62  aroonosc : -28.57
-----------------------------------------------
10:32:48 : SCANNING : SHILPAMED
circuit : 2.53%  2021-12-21T10:30:00+0530
adx : 47.46  aroonosc : 92.86
-----------------------------------------------
10:32:49 : SCANNING : SHOPERSTOP
circuit : 1.59%  2021-12-21T10:30:00+0530
adx : 14.64  aroonosc : -14.29
-----------------------------------------------
10:32:49 : SCANNING : SHREECEM
circuit : 1.75%  2021-12-21T10:30:00+0530
adx : 41.92  aroonosc : 78.57
-----------------------------------------------
10:32:49 : SCANNING : SHRIRAMCIT
circuit : -2.59%  2021-12-21T10:30:00+0530
adx : 13.31  aroonosc : -28.57
-----------------------------------------------
10:32:50 : SCANNING : SIEMENS
circuit : 0.41%  2021-12-21T10:30:00+0530
adx : 24.9  aroonosc : -14.29
-----------------------------------------------
10:32:50 : SCANNING : SIS
circuit : 0.37%  2021-12-21T10:30:00+0530
adx : 44.79  aroonosc : 42.86
-----------------------------------------------
10:32:51 : SCANNING : SJVN
circuit : 0.72%  2021-12-21T10:30:00+0530
adx : 28.66  aroonosc : -64.29
-----------------------------------------------
10:32:51 : SCANNING : SKFINDIA
circuit : -0.04%  2021-12-21T10:30:00+0530
adx : 13.61  aroonosc : -21.43
-----------------------------------------------
10:32:51 : SCANNING : SOBHA
circuit : 0.94%  2021-12-21T10:30:00+0530
adx : 21.65  aroonosc : -21.43
-----------------------------------------------
10:32:52 : SCANNING : SOLARA
circuit : 0.48%  2021-12-21T10:30:00+0530
adx : 22.57  aroonosc : -85.71
-----------------------------------------------
10:32:52 : SCANNING : SOLARINDS
circuit : -0.02%  2021-12-21T10:30:00+0530
adx : 16.91  aroonosc : -85.71
-----------------------------------------------
10:32:52 : SCANNING : SONATSOFTW
circuit : 2.89%  2021-12-21T10:30:00+0530
adx : 34.32  aroonosc : 57.14
-----------------------------------------------
10:32:53 : SCANNING : SPANDANA
circuit : 0.26%  2021-12-21T10:30:00+0530
adx : 27.75  aroonosc : 35.71
-----------------------------------------------
10:32:53 : SCANNING : SPARC
circuit : 1.98%  2021-12-21T10:30:00+0530
adx : 14.22  aroonosc : 50.0
-----------------------------------------------
10:32:53 : SCANNING : SPICEJET
circuit : -0.08%  2021-12-21T10:30:00+0530
adx : 28.59  aroonosc : 64.29
-----------------------------------------------
10:32:54 : SCANNING : SRF
circuit : 1.44%  2021-12-21T10:30:00+0530
adx : 32.33  aroonosc : 35.71
-----------------------------------------------
10:32:54 : SCANNING : SRTRANSFIN
circuit : -2.44%  2021-12-21T10:30:00+0530
adx : 20.35  aroonosc : -71.43
-----------------------------------------------
10:32:54 : SCANNING : STAR
circuit : -0.18%  2021-12-21T10:30:00+0530
adx : 15.64  aroonosc : -21.43
-----------------------------------------------
10:32:55 : SCANNING : STARCEMENT
circuit : 0.64%  2021-12-21T10:30:00+0530
adx : 21.85  aroonosc : -14.29
-----------------------------------------------
10:32:55 : SCANNING : STLTECH
circuit : 1.05%  2021-12-21T10:30:00+0530
adx : 30.98  aroonosc : -35.71
-----------------------------------------------
10:32:56 : SCANNING : SUDARSCHEM
circuit : 1.49%  2021-12-21T10:30:00+0530
adx : 34.37  aroonosc : 92.86
-----------------------------------------------
10:32:56 : SCANNING : SUMICHEM
circuit : 1.08%  2021-12-21T10:30:00+0530
adx : 20.5  aroonosc : 71.43
-----------------------------------------------
10:32:57 : SCANNING : SUNCLAYLTD
circuit : 1.84%  2021-12-21T10:30:00+0530
adx : 16.82  aroonosc : 71.43
-----------------------------------------------
10:32:58 : SCANNING : SUNDARMFIN
circuit : -0.44%  2021-12-21T10:30:00+0530
adx : 22.26  aroonosc : -50.0
-----------------------------------------------
10:32:58 : SCANNING : SUNDRMFAST
circuit : -2.47%  2021-12-21T10:30:00+0530
adx : 22.94  aroonosc : -14.29
-----------------------------------------------
10:32:58 : SCANNING : SUNPHARMA
circuit : 2.17%  2021-12-21T10:30:00+0530
adx : 41.21  aroonosc : 71.43
-----------------------------------------------
10:32:59 : SCANNING : SUNTECK
circuit : 1.28%  2021-12-21T10:30:00+0530
adx : 32.79  aroonosc : 50.0
-----------------------------------------------
10:32:59 : SCANNING : SUNTV
circuit : -0.2%  2021-12-21T10:30:00+0530
adx : 28.64  aroonosc : 64.29
-----------------------------------------------
10:33:00 : SCANNING : SUPPETRO
circuit : 1.43%  2021-12-21T10:30:00+0530
adx : 33.19  aroonosc : 57.14
-----------------------------------------------
10:33:00 : SCANNING : SUPRAJIT
circuit : 1.53%  2021-12-21T10:30:00+0530
adx : 36.71  aroonosc : 71.43
-----------------------------------------------
10:33:00 : SCANNING : SUPREMEIND
circuit : 4.75%  2021-12-21T10:30:00+0530
adx : 62.22  aroonosc : 71.43
-----------------------------------------------
10:33:01 : SCANNING : SUVENPHAR
circuit : 1.66%  2021-12-21T10:30:00+0530
adx : 16.71  aroonosc : 78.57
-----------------------------------------------
10:33:01 : SCANNING : SUZLON
circuit : 2.05%  2021-12-21T10:30:00+0530
adx : 42.61  aroonosc : 100.0
-----------------------------------------------
10:33:02 : SCANNING : SWANENERGY
circuit : 3.15%  2021-12-21T10:30:00+0530
adx : 33.69  aroonosc : -28.57
-----------------------------------------------
10:33:02 : SCANNING : SWSOLAR
circuit : 0.26%  2021-12-21T10:30:00+0530
adx : 18.53  aroonosc : -28.57
-----------------------------------------------
10:33:02 : SCANNING : SYMPHONY
circuit : 0.53%  2021-12-21T10:30:00+0530
adx : 40.26  aroonosc : -21.43
-----------------------------------------------
10:33:03 : SCANNING : SYNGENE
circuit : 0.83%  2021-12-21T10:30:00+0530
adx : 33.17  aroonosc : 64.29
-----------------------------------------------
10:33:03 : SCANNING : TASTYBITE
circuit : -1.35%  2021-12-21T10:30:00+0530
adx : 31.01  aroonosc : -64.29
-----------------------------------------------
10:33:03 : SCANNING : TATACHEM
circuit : 1.36%  2021-12-21T10:30:00+0530
adx : 34.35  aroonosc : 71.43
-----------------------------------------------
10:33:04 : SCANNING : TATACOFFEE
circuit : 1.63%  2021-12-21T10:30:00+0530
adx : 27.15  aroonosc : 64.29
-----------------------------------------------
10:33:04 : SCANNING : TATACOMM
circuit : -0.28%  2021-12-21T10:30:00+0530
adx : 18.05  aroonosc : -14.29
-----------------------------------------------
10:33:04 : SCANNING : TATACONSUM
circuit : 1.51%  2021-12-21T10:30:00+0530
adx : 44.57  aroonosc : -7.14
-----------------------------------------------
10:33:05 : SCANNING : TATAELXSI
circuit : 0.25%  2021-12-21T10:30:00+0530
adx : 11.71  aroonosc : 78.57
-----------------------------------------------
10:33:05 : SCANNING : TATAINVEST
circuit : 0.22%  2021-12-21T10:30:00+0530
adx : 32.4  aroonosc : -14.29
-----------------------------------------------
10:33:05 : SCANNING : TATAMOTORS
circuit : 0.95%  2021-12-21T10:30:00+0530
adx : 25.99  aroonosc : 64.29
-----------------------------------------------
10:33:06 : SCANNING : TATAPOWER
circuit : 0.85%  2021-12-21T10:30:00+0530
adx : 38.59  aroonosc : -28.57
-----------------------------------------------
10:33:06 : SCANNING : TATASTEEL
circuit : 1.93%  2021-12-21T10:30:00+0530
adx : 44.92  aroonosc : 71.43
-----------------------------------------------
10:33:07 : SCANNING : TCIEXP
circuit : 2.99%  2021-12-21T10:30:00+0530
adx : 17.04  aroonosc : 85.71
-----------------------------------------------
10:33:07 : SCANNING : TCNSBRANDS
circuit : 2.51%  2021-12-21T10:30:00+0530
adx : 19.97  aroonosc : -21.43
-----------------------------------------------
10:33:07 : SCANNING : TCS
circuit : 1.46%  2021-12-21T10:30:00+0530
adx : 46.04  aroonosc : 100.0
-----------------------------------------------
10:33:08 : SCANNING : TEAMLEASE
circuit : 0.42%  2021-12-21T10:30:00+0530
adx : 13.26  aroonosc : -28.57
-----------------------------------------------
10:33:08 : SCANNING : TECHM
circuit : 2.08%  2021-12-21T10:30:00+0530
adx : 35.41  aroonosc : 42.86
-----------------------------------------------
10:33:08 : SCANNING : THERMAX
circuit : 1.75%  2021-12-21T10:30:00+0530
adx : 34.27  aroonosc : 64.29
-----------------------------------------------
10:33:09 : SCANNING : THYROCARE
circuit : -1.09%  2021-12-21T10:30:00+0530
adx : 17.24  aroonosc : -92.86
-----------------------------------------------
10:33:09 : SCANNING : TIINDIA
circuit : -0.43%  2021-12-21T10:30:00+0530
adx : 25.4  aroonosc : -28.57
-----------------------------------------------
10:33:09 : SCANNING : TIMKEN
circuit : 2.46%  2021-12-21T10:30:00+0530
adx : 38.14  aroonosc : 71.43
-----------------------------------------------
10:33:10 : SCANNING : TITAN
circuit : 1.93%  2021-12-21T10:30:00+0530
adx : 37.93  aroonosc : -7.14
-----------------------------------------------
10:33:10 : SCANNING : TORNTPHARM
circuit : 2.49%  2021-12-21T10:30:00+0530
adx : 29.18  aroonosc : 92.86
-----------------------------------------------
10:33:10 : SCANNING : TORNTPOWER
circuit : 0.19%  2021-12-21T10:30:00+0530
adx : 28.64  aroonosc : -28.57
-----------------------------------------------
10:33:11 : SCANNING : TRENT
circuit : -0.32%  2021-12-21T10:30:00+0530
adx : 25.33  aroonosc : 71.43
-----------------------------------------------
10:33:11 : SCANNING : TRIDENT
circuit : 4.95%  2021-12-21T10:30:00+0530
adx : 16.0  aroonosc : 57.14
-----------------------------------------------
10:33:12 : SCANNING : TRITURBINE
circuit : -0.9%  2021-12-21T10:30:00+0530
adx : 53.12  aroonosc : -21.43
-----------------------------------------------
10:33:12 : SCANNING : TTKPRESTIG
circuit : 2.34%  2021-12-21T10:30:00+0530
adx : 24.68  aroonosc : -14.29
-----------------------------------------------
10:33:12 : SCANNING : TV18BRDCST
circuit : 0.67%  2021-12-21T10:30:00+0530
adx : 12.43  aroonosc : -21.43
-----------------------------------------------
10:33:13 : SCANNING : TVSMOTOR
circuit : 0.94%  2021-12-21T10:30:00+0530
adx : 42.63  aroonosc : 57.14
-----------------------------------------------
10:33:13 : SCANNING : UBL
circuit : 2.29%  2021-12-21T10:30:00+0530
adx : 30.22  aroonosc : 71.43
-----------------------------------------------
10:33:14 : SCANNING : UCOBANK
circuit : 1.18%  2021-12-21T10:30:00+0530
adx : 47.22  aroonosc : -78.57
-----------------------------------------------
10:33:14 : SCANNING : UFLEX
circuit : -1.27%  2021-12-21T10:30:00+0530
adx : 36.0  aroonosc : 57.14
-----------------------------------------------
10:33:15 : SCANNING : UJJIVAN
circuit : -0.15%  2021-12-21T10:30:00+0530
adx : 26.79  aroonosc : -21.43
-----------------------------------------------
10:33:15 : SCANNING : UJJIVANSFB
-----------------------------------------------
10:33:15 : SCANNING : ULTRACEMCO
circuit : 0.45%  2021-12-21T10:30:00+0530
adx : 28.62  aroonosc : 71.43
-----------------------------------------------
10:33:16 : SCANNING : UNIONBANK
circuit : 1.18%  2021-12-21T10:30:00+0530
adx : 11.25  aroonosc : -21.43
-----------------------------------------------
10:33:16 : SCANNING : UPL
circuit : 1.26%  2021-12-21T10:30:00+0530
adx : 39.3  aroonosc : 50.0
-----------------------------------------------
10:33:16 : SCANNING : UTIAMC
circuit : 1.6%  2021-12-21T10:30:00+0530
adx : 16.32  aroonosc : -7.14
-----------------------------------------------
10:33:17 : SCANNING : VAIBHAVGBL
circuit : -0.29%  2021-12-21T10:30:00+0530
adx : 16.71  aroonosc : -21.43
-----------------------------------------------
10:33:17 : SCANNING : VAKRANGEE
circuit : 1.83%  2021-12-21T10:30:00+0530
adx : 28.18  aroonosc : 85.71
-----------------------------------------------
10:33:17 : SCANNING : VALIANTORG
circuit : 1.06%  2021-12-21T10:30:00+0530
adx : 13.43  aroonosc : 78.57
-----------------------------------------------
10:33:18 : SCANNING : VARROC
circuit : 2.31%  2021-12-21T10:30:00+0530
adx : 22.25  aroonosc : 71.43
-----------------------------------------------
10:33:18 : SCANNING : VBL
circuit : 0.6%  2021-12-21T10:30:00+0530
adx : 15.44  aroonosc : -7.14
-----------------------------------------------
10:33:18 : SCANNING : VEDL
circuit : 1.55%  2021-12-21T10:30:00+0530
adx : 52.57  aroonosc : 78.57
-----------------------------------------------
10:33:19 : SCANNING : VENKEYS
circuit : -0.29%  2021-12-21T10:30:00+0530
adx : 28.25  aroonosc : -21.43
-----------------------------------------------
10:33:19 : SCANNING : VGUARD
circuit : 0.36%  2021-12-21T10:30:00+0530
adx : 14.55  aroonosc : -21.43
-----------------------------------------------
10:33:19 : SCANNING : VINATIORGA
circuit : -2.52%  2021-12-21T10:30:00+0530
adx : 20.84  aroonosc : -71.43
-----------------------------------------------
10:33:20 : SCANNING : VIPIND
circuit : 3.94%  2021-12-21T10:30:00+0530
adx : 25.02  aroonosc : 50.0
-----------------------------------------------
10:33:21 : SCANNING : VMART
circuit : -0.94%  2021-12-21T10:30:00+0530
adx : 24.59  aroonosc : 42.86
-----------------------------------------------
10:33:21 : SCANNING : VOLTAS
circuit : 0.82%  2021-12-21T10:30:00+0530
adx : 38.46  aroonosc : 35.71
-----------------------------------------------
10:33:21 : SCANNING : VSTIND
circuit : 0.26%  2021-12-21T10:30:00+0530
adx : 18.1  aroonosc : -92.86
-----------------------------------------------
10:33:22 : SCANNING : VTL
circuit : 5.45%  2021-12-21T10:30:00+0530
adx : 44.16  aroonosc : 50.0
-----------------------------------------------
10:33:22 : SCANNING : WABCOINDIA
circuit : 0.75%  2021-12-21T10:30:00+0530
adx : 10.76  aroonosc : -85.71
-----------------------------------------------
10:33:23 : SCANNING : WELCORP
circuit : 4.11%  2021-12-21T10:30:00+0530
adx : 42.71  aroonosc : 28.57
-----------------------------------------------
10:33:23 : SCANNING : WELSPUNIND
circuit : 1.17%  2021-12-21T10:30:00+0530
adx : 22.94  aroonosc : -21.43
-----------------------------------------------
10:33:24 : SCANNING : WESTLIFE
circuit : 0.2%  2021-12-21T10:30:00+0530
adx : 22.62  aroonosc : -14.29
-----------------------------------------------
10:33:25 : SCANNING : WHIRLPOOL
circuit : 0.94%  2021-12-21T10:30:00+0530
adx : 19.23  aroonosc : 35.71
-----------------------------------------------
10:33:25 : SCANNING : WIPRO
circuit : 1.46%  2021-12-21T10:30:00+0530
adx : 54.67  aroonosc : 78.57
-----------------------------------------------
10:33:25 : SCANNING : WOCKPHARMA
circuit : 0.25%  2021-12-21T10:30:00+0530
adx : 24.21  aroonosc : -21.43
-----------------------------------------------
10:33:26 : SCANNING : YESBANK
circuit : 0.38%  2021-12-21T10:30:00+0530
adx : 39.74  aroonosc : 71.43
-----------------------------------------------
10:33:26 : SCANNING : ZEEL
circuit : 2.19%  2021-12-21T10:30:00+0530
adx : 26.25  aroonosc : 57.14
-----------------------------------------------
10:33:26 : SCANNING : ZENSARTECH
circuit : 3.69%  2021-12-21T10:30:00+0530
adx : 43.03  aroonosc : 35.71
-----------------------------------------------
10:33:27 : SCANNING : ZYDUSWELL
circuit : -1.15%  2021-12-21T10:30:00+0530
adx : 36.51  aroonosc : -28.57
-----------------------------------------------
10:33:28 : SCANNING : PAYTM
circuit : 1.58%  2021-12-21T10:30:00+0530
adx : 27.17  aroonosc : -57.14
-----------------------------------------------
===================================================
10:33:28 : END
===================================================
Start Time     : 2021-12-21 10:30:02.764950
End Time       : 2021-12-21 10:33:28.022530
Time Taken     : 3.0
===================================================
