===================================================
10:32:02 : START
===================================================
10:32:02 : PROCESSING INSTRUMENTS SYMBOLS
-----------------------------------------------
10:32:03 : SCANNING : 3MINDIA
circuit : 0.29%  2021-12-21T10:30:00+0530
adx : 30.73  aroonosc : 78.57
-----------------------------------------------
10:32:03 : SCANNING : AARTIDRUGS
circuit : 0.8%  2021-12-21T10:30:00+0530
adx : 12.76  aroonosc : 71.43
-----------------------------------------------
10:32:03 : SCANNING : AARTIIND
circuit : 1.41%  2021-12-21T10:30:00+0530
adx : 34.96  aroonosc : 71.43
-----------------------------------------------
10:32:04 : SCANNING : AAVAS
circuit : -0.06%  2021-12-21T10:30:00+0530
adx : 49.51  aroonosc : 100.0
-----------------------------------------------
10:32:04 : SCANNING : ABB
circuit : 0.71%  2021-12-21T10:30:00+0530
adx : 17.53  aroonosc : 78.57
-----------------------------------------------
10:32:04 : SCANNING : ABBOTINDIA
circuit : -0.21%  2021-12-21T10:30:00+0530
adx : 30.36  aroonosc : -21.43
-----------------------------------------------
10:32:05 : SCANNING : ABCAPITAL
circuit : 2.86%  2021-12-21T10:30:00+0530
adx : 31.85  aroonosc : 78.57
-----------------------------------------------
10:32:05 : SCANNING : ABFRL
circuit : 1.95%  2021-12-21T10:30:00+0530
adx : 42.27  aroonosc : 35.71
-----------------------------------------------
10:32:06 : SCANNING : ACC
circuit : 1.26%  2021-12-21T10:30:00+0530
adx : 44.02  aroonosc : 71.43
-----------------------------------------------
10:32:08 : SCANNING : ADANIENT
circuit : 0.8%  2021-12-21T10:30:00+0530
adx : 37.67  aroonosc : 64.29
-----------------------------------------------
10:32:10 : SCANNING : ADANIGREEN
circuit : 0.4%  2021-12-21T10:30:00+0530
adx : 24.55  aroonosc : -14.29
-----------------------------------------------
10:32:10 : SCANNING : ADANIPORTS
circuit : -0.7%  2021-12-21T10:30:00+0530
adx : 24.16  aroonosc : -14.29
-----------------------------------------------
10:32:10 : SCANNING : ADVENZYMES
circuit : 1.19%  2021-12-21T10:30:00+0530
adx : 23.26  aroonosc : 71.43
-----------------------------------------------
10:32:10 : SCANNING : AEGISCHEM
circuit : -2.02%  2021-12-21T10:30:00+0530
adx : 43.27  aroonosc : -21.43
-----------------------------------------------
10:32:11 : SCANNING : AFFLE
circuit : 1.14%  2021-12-21T10:30:00+0530
adx : 16.78  aroonosc : -28.57
-----------------------------------------------
10:32:11 : SCANNING : AIAENG
circuit : -0.64%  2021-12-21T10:30:00+0530
adx : 13.17  aroonosc : -35.71
-----------------------------------------------
10:32:12 : SCANNING : AJANTPHARM
circuit : -0.52%  2021-12-21T10:30:00+0530
adx : 17.59  aroonosc : -21.43
-----------------------------------------------
10:32:12 : SCANNING : AKZOINDIA
circuit : -1.14%  2021-12-21T10:30:00+0530
adx : 31.42  aroonosc : -78.57
-----------------------------------------------
10:32:12 : SCANNING : ALEMBICLTD
circuit : -0.26%  2021-12-21T10:30:00+0530
adx : 16.13  aroonosc : -21.43
-----------------------------------------------
10:32:13 : SCANNING : ALKEM
circuit : 0.46%  2021-12-21T10:30:00+0530
adx : 12.03  aroonosc : 21.43
-----------------------------------------------
10:32:13 : SCANNING : ALKYLAMINE
circuit : -1.78%  2021-12-21T10:30:00+0530
adx : 43.17  aroonosc : -57.14
-----------------------------------------------
10:32:14 : SCANNING : ALOKINDS
circuit : 1.1%  2021-12-21T10:30:00+0530
adx : 43.08  aroonosc : -28.57
-----------------------------------------------
10:32:14 : SCANNING : AMARAJABAT
circuit : 0.32%  2021-12-21T10:30:00+0530
adx : 33.81  aroonosc : -21.43
-----------------------------------------------
10:32:14 : SCANNING : AMBER
circuit : 3.15%  2021-12-21T10:30:00+0530
adx : 42.63  aroonosc : 78.57
-----------------------------------------------
10:32:15 : SCANNING : AMBUJACEM
circuit : 2.21%  2021-12-21T10:30:00+0530
adx : 42.53  aroonosc : 78.57
-----------------------------------------------
10:32:15 : SCANNING : ANGELBRKG
circuit : 2.89%  2021-12-21T10:30:00+0530
adx : 42.43  aroonosc : 92.86
-----------------------------------------------
10:32:16 : SCANNING : APLAPOLLO
circuit : 1.99%  2021-12-21T10:30:00+0530
adx : 14.99  aroonosc : -21.43
-----------------------------------------------
10:32:16 : SCANNING : APLLTD
circuit : -1.04%  2021-12-21T10:30:00+0530
adx : 50.19  aroonosc : -14.29
-----------------------------------------------
10:32:16 : SCANNING : APOLLOHOSP
circuit : -0.36%  2021-12-21T10:30:00+0530
adx : 30.59  aroonosc : -14.29
-----------------------------------------------
10:32:17 : SCANNING : APOLLOTYRE
circuit : 0.47%  2021-12-21T10:30:00+0530
adx : 21.18  aroonosc : -14.29
-----------------------------------------------
10:32:17 : SCANNING : ASAHIINDIA
circuit : -1.05%  2021-12-21T10:30:00+0530
adx : 32.81  aroonosc : -28.57
-----------------------------------------------
10:32:17 : SCANNING : ASHOKA
circuit : 0.44%  2021-12-21T10:30:00+0530
adx : 24.34  aroonosc : -78.57
-----------------------------------------------
10:32:18 : SCANNING : ASHOKLEY
circuit : 2.0%  2021-12-21T10:30:00+0530
adx : 40.57  aroonosc : 57.14
-----------------------------------------------
10:32:18 : SCANNING : ASIANPAINT
circuit : 0.6%  2021-12-21T10:30:00+0530
adx : 36.62  aroonosc : -21.43
-----------------------------------------------
10:32:19 : SCANNING : ASTERDM
circuit : -0.59%  2021-12-21T10:30:00+0530
adx : 39.77  aroonosc : -28.57
-----------------------------------------------
10:32:19 : SCANNING : ASTRAL
circuit : -1.88%  2021-12-21T10:30:00+0530
adx : 18.93  aroonosc : -14.29
-----------------------------------------------
10:32:19 : SCANNING : ASTRAZEN
circuit : -0.1%  2021-12-21T10:30:00+0530
adx : 36.34  aroonosc : 50.0
-----------------------------------------------
10:32:20 : SCANNING : ATUL
circuit : 0.17%  2021-12-21T10:30:00+0530
adx : 18.74  aroonosc : 85.71
-----------------------------------------------
10:32:20 : SCANNING : AUBANK
circuit : 4.65%  2021-12-21T10:30:00+0530
adx : 46.02  aroonosc : 100.0
-----------------------------------------------
10:32:20 : SCANNING : AUROPHARMA
circuit : -0.36%  2021-12-21T10:30:00+0530
adx : 20.8  aroonosc : 71.43
-----------------------------------------------
10:32:21 : SCANNING : AVANTIFEED
circuit : -0.43%  2021-12-21T10:30:00+0530
adx : 42.03  aroonosc : -28.57
-----------------------------------------------
10:32:21 : SCANNING : AXISBANK
circuit : -1.09%  2021-12-21T10:30:00+0530
adx : 21.11  aroonosc : -21.43
-----------------------------------------------
10:32:22 : SCANNING : BAJAJ-AUTO
circuit : 0.76%  2021-12-21T10:30:00+0530
adx : 48.95  aroonosc : 92.86
-----------------------------------------------
10:32:22 : SCANNING : BAJAJCON
circuit : 0.2%  2021-12-21T10:30:00+0530
adx : 24.34  aroonosc : 28.57
-----------------------------------------------
10:32:23 : SCANNING : BAJAJELEC
circuit : -1.77%  2021-12-21T10:30:00+0530
adx : 20.2  aroonosc : -85.71
-----------------------------------------------
10:32:23 : SCANNING : BAJAJFINSV
circuit : -1.15%  2021-12-21T10:30:00+0530
adx : 39.8  aroonosc : -14.29
-----------------------------------------------
10:32:24 : SCANNING : BAJAJHLDNG
circuit : 0.38%  2021-12-21T10:30:00+0530
adx : 16.08  aroonosc : 42.86
-----------------------------------------------
10:32:24 : SCANNING : BAJFINANCE
circuit : -0.06%  2021-12-21T10:30:00+0530
adx : 31.94  aroonosc : -7.14
-----------------------------------------------
10:32:24 : SCANNING : BALAMINES
circuit : 0.15%  2021-12-21T10:30:00+0530
adx : 13.93  aroonosc : -42.86
-----------------------------------------------
10:32:25 : SCANNING : BALKRISIND
circuit : -1.16%  2021-12-21T10:30:00+0530
adx : 14.97  aroonosc : -78.57
-----------------------------------------------
10:32:25 : SCANNING : BALMLAWRIE
circuit : 1.1%  2021-12-21T10:30:00+0530
adx : 27.2  aroonosc : -14.29
-----------------------------------------------
10:32:26 : SCANNING : BALRAMCHIN
circuit : 1.95%  2021-12-21T10:30:00+0530
adx : 45.52  aroonosc : 42.86
-----------------------------------------------
10:32:26 : SCANNING : BANDHANBNK
circuit : 0.3%  2021-12-21T10:30:00+0530
adx : 24.71  aroonosc : -14.29
-----------------------------------------------
10:32:26 : SCANNING : BANKBARODA
circuit : 0.87%  2021-12-21T10:30:00+0530
adx : 16.96  aroonosc : -71.43
-----------------------------------------------
10:32:27 : SCANNING : BANKINDIA
circuit : 1.29%  2021-12-21T10:30:00+0530
adx : 43.95  aroonosc : -21.43
-----------------------------------------------
10:32:27 : SCANNING : BASF
circuit : 0.79%  2021-12-21T10:30:00+0530
adx : 49.49  aroonosc : 21.43
-----------------------------------------------
10:32:28 : SCANNING : BATAINDIA
circuit : 0.73%  2021-12-21T10:30:00+0530
adx : 28.83  aroonosc : -21.43
-----------------------------------------------
10:32:28 : SCANNING : BAYERCROP
circuit : -1.71%  2021-12-21T10:30:00+0530
adx : 25.53  aroonosc : -78.57
-----------------------------------------------
10:32:28 : SCANNING : BBTC
circuit : 0.09%  2021-12-21T10:30:00+0530
adx : 22.73  aroonosc : -35.71
-----------------------------------------------
10:32:29 : SCANNING : BDL
circuit : 1.98%  2021-12-21T10:30:00+0530
adx : 33.0  aroonosc : -28.57
-----------------------------------------------
10:32:29 : SCANNING : BEL
circuit : 1.33%  2021-12-21T10:30:00+0530
adx : 34.63  aroonosc : -57.14
-----------------------------------------------
10:32:29 : SCANNING : BEML
circuit : 2.47%  2021-12-21T10:30:00+0530
adx : 48.99  aroonosc : 7.14
-----------------------------------------------
10:32:30 : SCANNING : BERGEPAINT
circuit : 0.58%  2021-12-21T10:30:00+0530
adx : 36.75  aroonosc : -14.29
-----------------------------------------------
10:32:30 : SCANNING : BHARATFORG
circuit : 1.23%  2021-12-21T10:30:00+0530
adx : 24.56  aroonosc : 71.43
-----------------------------------------------
10:32:30 : SCANNING : BHARATRAS
circuit : 2.12%  2021-12-21T10:30:00+0530
adx : 43.2  aroonosc : 7.14
-----------------------------------------------
10:32:31 : SCANNING : BHARTIARTL
circuit : 0.01%  2021-12-21T10:30:00+0530
adx : 35.76  aroonosc : -14.29
-----------------------------------------------
10:32:31 : SCANNING : BHEL
circuit : 0.78%  2021-12-21T10:30:00+0530
adx : 19.16  aroonosc : -21.43
-----------------------------------------------
10:32:31 : SCANNING : BIOCON
circuit : 0.75%  2021-12-21T10:30:00+0530
adx : 12.33  aroonosc : 78.57
-----------------------------------------------
10:32:32 : SCANNING : BIRLACORPN
circuit : 1.36%  2021-12-21T10:30:00+0530
adx : 14.8  aroonosc : 42.86
-----------------------------------------------
10:32:32 : SCANNING : BLISSGVS
circuit : 1.1%  2021-12-21T10:30:00+0530
adx : 22.2  aroonosc : -14.29
-----------------------------------------------
10:32:33 : SCANNING : BLUEDART
circuit : 2.33%  2021-12-21T10:30:00+0530
adx : 44.89  aroonosc : 64.29
-----------------------------------------------
10:32:33 : SCANNING : BLUESTARCO
circuit : -1.04%  2021-12-21T10:30:00+0530
adx : 27.09  aroonosc : -28.57
-----------------------------------------------
10:32:33 : SCANNING : BOSCHLTD
circuit : 3.4%  2021-12-21T10:30:00+0530
adx : 53.02  aroonosc : 57.14
-----------------------------------------------
10:32:34 : SCANNING : BPCL
circuit : -0.7%  2021-12-21T10:30:00+0530
adx : 20.09  aroonosc : -28.57
-----------------------------------------------
10:32:34 : SCANNING : BRIGADE
circuit : 2.02%  2021-12-21T10:30:00+0530
adx : 31.75  aroonosc : 57.14
-----------------------------------------------
10:32:34 : SCANNING : BRITANNIA
circuit : 0.84%  2021-12-21T10:30:00+0530
adx : 26.18  aroonosc : 57.14
-----------------------------------------------
10:32:35 : SCANNING : BSE
circuit : -1.26%  2021-12-21T10:30:00+0530
adx : 15.32  aroonosc : -85.71
-----------------------------------------------
10:32:35 : SCANNING : BSOFT
circuit : -0.07%  2021-12-21T10:30:00+0530
adx : 25.57  aroonosc : -14.29
-----------------------------------------------
10:32:35 : SCANNING : BURGERKING
circuit : 0.97%  2021-12-21T10:30:00+0530
adx : 29.23  aroonosc : -7.14
-----------------------------------------------
10:32:36 : SCANNING : CADILAHC
circuit : 1.1%  2021-12-21T10:30:00+0530
adx : 37.23  aroonosc : 64.29
-----------------------------------------------
10:32:36 : SCANNING : CAMS
circuit : 0.02%  2021-12-21T10:30:00+0530
adx : 28.16  aroonosc : -14.29
-----------------------------------------------
10:32:37 : SCANNING : CANBK
-----------------------------------------------
10:32:37 : SCANNING : CANFINHOME
circuit : 1.03%  2021-12-21T10:30:00+0530
adx : 21.78  aroonosc : -28.57
-----------------------------------------------
10:32:37 : SCANNING : CAPLIPOINT
circuit : 0.79%  2021-12-21T10:30:00+0530
adx : 28.6  aroonosc : -14.29
-----------------------------------------------
10:32:38 : SCANNING : CARBORUNIV
circuit : 2.2%  2021-12-21T10:30:00+0530
adx : 17.48  aroonosc : 71.43
-----------------------------------------------
10:32:38 : SCANNING : CASTROLIND
circuit : -0.81%  2021-12-21T10:30:00+0530
adx : 16.35  aroonosc : -35.71
-----------------------------------------------
10:32:39 : SCANNING : CCL
circuit : 2.03%  2021-12-21T10:30:00+0530
adx : 35.69  aroonosc : 7.14
-----------------------------------------------
10:32:39 : SCANNING : CEATLTD
circuit : 0.11%  2021-12-21T10:30:00+0530
adx : 17.55  aroonosc : -28.57
-----------------------------------------------
10:32:40 : SCANNING : CENTRALBK
circuit : 1.9%  2021-12-21T10:30:00+0530
adx : 39.34  aroonosc : -7.14
-----------------------------------------------
10:32:40 : SCANNING : CENTURYPLY
circuit : 1.03%  2021-12-21T10:30:00+0530
adx : 14.21  aroonosc : -64.29
-----------------------------------------------
10:32:40 : SCANNING : CENTURYTEX
circuit : 2.73%  2021-12-21T10:30:00+0530
adx : 25.3  aroonosc : 64.29
-----------------------------------------------
10:32:40 : SCANNING : CERA
circuit : 4.19%  2021-12-21T10:30:00+0530
adx : 35.86  aroonosc : 78.57
-----------------------------------------------
10:32:41 : SCANNING : CESC
circuit : 1.4%  2021-12-21T10:30:00+0530
adx : 37.13  aroonosc : 57.14
-----------------------------------------------
10:32:41 : SCANNING : CGCL
circuit : -0.17%  2021-12-21T10:30:00+0530
adx : 27.01  aroonosc : -71.43
-----------------------------------------------
10:32:41 : SCANNING : CHALET
circuit : 0.45%  2021-12-21T10:30:00+0530
adx : 11.05  aroonosc : -14.29
-----------------------------------------------
10:32:42 : SCANNING : CHAMBLFERT
circuit : 0.42%  2021-12-21T10:30:00+0530
adx : 24.33  aroonosc : 50.0
-----------------------------------------------
10:32:42 : SCANNING : CHOLAFIN
circuit : 2.11%  2021-12-21T10:30:00+0530
adx : 34.53  aroonosc : 100.0
-----------------------------------------------
10:32:43 : SCANNING : CHOLAHLDNG
circuit : 0.27%  2021-12-21T10:30:00+0530
adx : 17.83  aroonosc : -21.43
-----------------------------------------------
10:32:43 : SCANNING : CIPLA
circuit : -0.43%  2021-12-21T10:30:00+0530
adx : 16.62  aroonosc : -21.43
-----------------------------------------------
10:32:43 : SCANNING : COALINDIA
circuit : 1.52%  2021-12-21T10:30:00+0530
adx : 41.88  aroonosc : 92.86
-----------------------------------------------
10:32:44 : SCANNING : COCHINSHIP
circuit : 1.24%  2021-12-21T10:30:00+0530
adx : 20.57  aroonosc : -21.43
-----------------------------------------------
10:32:44 : SCANNING : COFORGE
circuit : 2.1%  2021-12-21T10:30:00+0530
adx : 42.48  aroonosc : 28.57
-----------------------------------------------
10:32:44 : SCANNING : COLPAL
circuit : 1.54%  2021-12-21T10:30:00+0530
adx : 42.98  aroonosc : 50.0
-----------------------------------------------
10:32:45 : SCANNING : CONCOR
circuit : -0.07%  2021-12-21T10:30:00+0530
adx : 16.77  aroonosc : -71.43
-----------------------------------------------
10:32:45 : SCANNING : COROMANDEL
circuit : 0.36%  2021-12-21T10:30:00+0530
adx : 11.39  aroonosc : -21.43
-----------------------------------------------
10:32:46 : SCANNING : CREDITACC
circuit : -1.82%  2021-12-21T10:30:00+0530
adx : 13.06  aroonosc : -21.43
-----------------------------------------------
10:32:46 : SCANNING : CRISIL
circuit : 1.86%  2021-12-21T10:30:00+0530
adx : 31.29  aroonosc : 64.29
-----------------------------------------------
10:32:46 : SCANNING : CROMPTON
circuit : 0.56%  2021-12-21T10:30:00+0530
adx : 22.11  aroonosc : 92.86
-----------------------------------------------
10:32:47 : SCANNING : CSBBANK
circuit : 1.01%  2021-12-21T10:30:00+0530
adx : 18.34  aroonosc : 28.57
-----------------------------------------------
10:32:47 : SCANNING : CUB
circuit : 0.59%  2021-12-21T10:30:00+0530
adx : 30.04  aroonosc : -28.57
-----------------------------------------------
10:32:47 : SCANNING : CUMMINSIND
circuit : 0.89%  2021-12-21T10:30:00+0530
adx : 32.59  aroonosc : -21.43
-----------------------------------------------
10:32:48 : SCANNING : CYIENT
circuit : -0.01%  2021-12-21T10:30:00+0530
adx : 17.91  aroonosc : -21.43
-----------------------------------------------
10:32:48 : SCANNING : DABUR
circuit : 0.58%  2021-12-21T10:30:00+0530
adx : 46.02  aroonosc : 85.71
-----------------------------------------------
10:32:48 : SCANNING : DALBHARAT
circuit : 3.94%  2021-12-21T10:30:00+0530
adx : 44.79  aroonosc : 92.86
-----------------------------------------------
10:32:49 : SCANNING : DBL
circuit : -0.6%  2021-12-21T10:30:00+0530
adx : 46.76  aroonosc : 64.29
-----------------------------------------------
10:32:49 : SCANNING : DCAL
circuit : 1.95%  2021-12-21T10:30:00+0530
adx : 23.46  aroonosc : 64.29
-----------------------------------------------
10:32:50 : SCANNING : DCBBANK
circuit : 2.43%  2021-12-21T10:30:00+0530
adx : 36.27  aroonosc : 0.0
-----------------------------------------------
10:32:50 : SCANNING : DCMSHRIRAM
circuit : 1.22%  2021-12-21T10:30:00+0530
adx : 19.51  aroonosc : 35.71
-----------------------------------------------
10:32:50 : SCANNING : DEEPAKNTR
circuit : 1.59%  2021-12-21T10:30:00+0530
adx : 38.69  aroonosc : 71.43
-----------------------------------------------
10:32:50 : SCANNING : DELTACORP
circuit : 0.67%  2021-12-21T10:30:00+0530
adx : 23.76  aroonosc : -21.43
-----------------------------------------------
10:32:51 : SCANNING : DHANI
circuit : 3.44%  2021-12-21T10:30:00+0530
adx : 29.04  aroonosc : -14.29
-----------------------------------------------
10:32:51 : SCANNING : DHANUKA
circuit : -0.24%  2021-12-21T10:30:00+0530
adx : 16.28  aroonosc : -14.29
-----------------------------------------------
10:32:52 : SCANNING : DISHTV
circuit : 1.5%  2021-12-21T10:30:00+0530
adx : 42.17  aroonosc : -21.43
-----------------------------------------------
10:32:52 : SCANNING : DIVISLAB
circuit : -1.35%  2021-12-21T10:30:00+0530
adx : 22.17  aroonosc : -100.0
-----------------------------------------------
10:32:52 : SCANNING : DIXON
circuit : 1.86%  2021-12-21T10:30:00+0530
adx : 41.82  aroonosc : 64.29
-----------------------------------------------
10:32:53 : SCANNING : DLF
circuit : 0.87%  2021-12-21T10:30:00+0530
adx : 42.32  aroonosc : 64.29
-----------------------------------------------
10:32:53 : SCANNING : DMART
circuit : 0.44%  2021-12-21T10:30:00+0530
adx : 17.57  aroonosc : 35.71
-----------------------------------------------
10:32:53 : SCANNING : DRREDDY
circuit : 0.7%  2021-12-21T10:30:00+0530
adx : 27.76  aroonosc : -21.43
-----------------------------------------------
10:32:53 : SCANNING : ECLERX
circuit : 1.39%  2021-12-21T10:30:00+0530
adx : 18.22  aroonosc : -21.43
-----------------------------------------------
10:32:54 : SCANNING : EDELWEISS
circuit : 0.22%  2021-12-21T10:30:00+0530
adx : 16.67  aroonosc : -71.43
-----------------------------------------------
10:32:54 : SCANNING : EICHERMOT
circuit : -0.17%  2021-12-21T10:30:00+0530
adx : 34.82  aroonosc : 71.43
-----------------------------------------------
10:32:55 : SCANNING : EIDPARRY
circuit : 1.34%  2021-12-21T10:30:00+0530
adx : 26.83  aroonosc : -28.57
-----------------------------------------------
10:32:55 : SCANNING : EIHOTEL
circuit : 1.78%  2021-12-21T10:30:00+0530
adx : 13.85  aroonosc : -21.43
-----------------------------------------------
10:32:55 : SCANNING : ELGIEQUIP
circuit : 2.09%  2021-12-21T10:30:00+0530
adx : 36.61  aroonosc : 14.29
-----------------------------------------------
10:32:56 : SCANNING : EMAMILTD
circuit : -0.79%  2021-12-21T10:30:00+0530
adx : 38.98  aroonosc : -21.43
-----------------------------------------------
10:32:57 : SCANNING : ENDURANCE
circuit : -0.02%  2021-12-21T10:30:00+0530
adx : 22.31  aroonosc : -57.14
-----------------------------------------------
10:32:58 : SCANNING : ENGINERSIN
circuit : -0.07%  2021-12-21T10:30:00+0530
adx : 18.75  aroonosc : -21.43
-----------------------------------------------
10:32:58 : SCANNING : EPL
circuit : 1.36%  2021-12-21T10:30:00+0530
adx : 27.8  aroonosc : 71.43
-----------------------------------------------
10:32:58 : SCANNING : EQUITAS
circuit : -1.27%  2021-12-21T10:30:00+0530
adx : 25.74  aroonosc : -92.86
-----------------------------------------------
10:32:59 : SCANNING : ERIS
circuit : -0.24%  2021-12-21T10:30:00+0530
adx : 22.42  aroonosc : -21.43
-----------------------------------------------
10:32:59 : SCANNING : ESCORTS
circuit : 0.44%  2021-12-21T10:30:00+0530
adx : 26.46  aroonosc : 42.86
-----------------------------------------------
10:33:00 : SCANNING : EXIDEIND
circuit : 0.54%  2021-12-21T10:30:00+0530
adx : 44.94  aroonosc : 28.57
-----------------------------------------------
10:33:00 : SCANNING : FCONSUMER
circuit : -5.92%  2021-12-21T10:30:00+0530
adx : 34.53  aroonosc : 85.71
-----------------------------------------------
10:33:00 : SCANNING : FDC
circuit : 0.23%  2021-12-21T10:30:00+0530
adx : 17.2  aroonosc : 7.14
-----------------------------------------------
10:33:01 : SCANNING : FEDERALBNK
circuit : -0.49%  2021-12-21T10:30:00+0530
adx : 24.04  aroonosc : -21.43
-----------------------------------------------
10:33:01 : SCANNING : FINCABLES
circuit : 0.93%  2021-12-21T10:30:00+0530
adx : 10.66  aroonosc : -64.29
-----------------------------------------------
10:33:01 : SCANNING : FINEORG
circuit : 1.16%  2021-12-21T10:30:00+0530
adx : 18.46  aroonosc : -28.57
-----------------------------------------------
10:33:02 : SCANNING : FINPIPE
circuit : 3.14%  2021-12-21T10:30:00+0530
adx : 31.23  aroonosc : 78.57
-----------------------------------------------
10:33:02 : SCANNING : FLUOROCHEM
circuit : 3.71%  2021-12-21T10:30:00+0530
adx : 34.39  aroonosc : 28.57
-----------------------------------------------
10:33:02 : SCANNING : FORTIS
circuit : 3.5%  2021-12-21T10:30:00+0530
adx : 42.31  aroonosc : 78.57
-----------------------------------------------
10:33:03 : SCANNING : FRETAIL
circuit : -9.27%  2021-12-21T10:30:00+0530
adx : 42.91  aroonosc : 0.0
-----------------------------------------------
10:33:03 : SCANNING : FSL
circuit : 0.32%  2021-12-21T10:30:00+0530
adx : 14.39  aroonosc : -100.0
-----------------------------------------------
10:33:03 : SCANNING : GAEL
circuit : 1.37%  2021-12-21T10:30:00+0530
adx : 15.68  aroonosc : 78.57
-----------------------------------------------
10:33:04 : SCANNING : GAIL
circuit : 1.06%  2021-12-21T10:30:00+0530
adx : 37.91  aroonosc : 71.43
-----------------------------------------------
10:33:04 : SCANNING : GALAXYSURF
circuit : -0.56%  2021-12-21T10:30:00+0530
adx : 33.81  aroonosc : -78.57
-----------------------------------------------
10:33:04 : SCANNING : GARFIBRES
circuit : -0.5%  2021-12-21T10:30:00+0530
adx : 35.69  aroonosc : 7.14
-----------------------------------------------
10:33:05 : SCANNING : GEPIL
circuit : 2.02%  2021-12-21T10:30:00+0530
adx : 14.4  aroonosc : -28.57
-----------------------------------------------
10:33:05 : SCANNING : GESHIP
circuit : 1.45%  2021-12-21T10:30:00+0530
adx : 28.92  aroonosc : 50.0
-----------------------------------------------
10:33:05 : SCANNING : GICRE
circuit : 1.16%  2021-12-21T10:30:00+0530
adx : 16.56  aroonosc : -28.57
-----------------------------------------------
10:33:06 : SCANNING : GILLETTE
circuit : 1.23%  2021-12-21T10:30:00+0530
adx : 21.21  aroonosc : 35.71
-----------------------------------------------
10:33:06 : SCANNING : GLAND
circuit : 1.35%  2021-12-21T10:30:00+0530
adx : 20.78  aroonosc : 85.71
-----------------------------------------------
10:33:07 : SCANNING : GLAXO
circuit : 1.81%  2021-12-21T10:30:00+0530
adx : 40.6  aroonosc : 64.29
-----------------------------------------------
10:33:07 : SCANNING : GLENMARK
circuit : -0.14%  2021-12-21T10:30:00+0530
adx : 20.57  aroonosc : -21.43
-----------------------------------------------
10:33:07 : SCANNING : GMMPFAUDLR
circuit : 2.39%  2021-12-21T10:30:00+0530
adx : 48.2  aroonosc : 100.0
-----------------------------------------------
10:33:08 : SCANNING : GMRINFRA
circuit : 1.5%  2021-12-21T10:30:00+0530
adx : 31.22  aroonosc : 57.14
-----------------------------------------------
10:33:08 : SCANNING : GNFC
circuit : 1.57%  2021-12-21T10:30:00+0530
adx : 28.8  aroonosc : 64.29
-----------------------------------------------
10:33:08 : SCANNING : GODFRYPHLP
circuit : -0.05%  2021-12-21T10:30:00+0530
adx : 14.69  aroonosc : -92.86
-----------------------------------------------
10:33:09 : SCANNING : GODREJAGRO
circuit : -0.76%  2021-12-21T10:30:00+0530
adx : 27.99  aroonosc : -14.29
-----------------------------------------------
10:33:09 : SCANNING : GODREJCP
circuit : 4.01%  2021-12-21T10:30:00+0530
adx : 41.18  aroonosc : 100.0
-----------------------------------------------
10:33:09 : SCANNING : GODREJIND
circuit : 2.55%  2021-12-21T10:30:00+0530
adx : 43.88  aroonosc : 57.14
-----------------------------------------------
10:33:10 : SCANNING : GODREJPROP
circuit : 1.29%  2021-12-21T10:30:00+0530
adx : 20.56  aroonosc : 50.0
-----------------------------------------------
10:33:10 : SCANNING : GPPL
circuit : 0.42%  2021-12-21T10:30:00+0530
adx : 35.67  aroonosc : -14.29
-----------------------------------------------
10:33:10 : SCANNING : GRANULES
circuit : -0.55%  2021-12-21T10:30:00+0530
adx : 10.25  aroonosc : -35.71
-----------------------------------------------
10:33:11 : SCANNING : GRAPHITE
circuit : 0.11%  2021-12-21T10:30:00+0530
adx : 26.55  aroonosc : -21.43
-----------------------------------------------
10:33:11 : SCANNING : GRASIM
circuit : 2.16%  2021-12-21T10:30:00+0530
adx : 53.28  aroonosc : 78.57
-----------------------------------------------
10:33:12 : SCANNING : GREAVESCOT
circuit : 1.34%  2021-12-21T10:30:00+0530
adx : 36.07  aroonosc : 35.71
-----------------------------------------------
10:33:12 : SCANNING : GRINDWELL
circuit : 0.78%  2021-12-21T10:30:00+0530
adx : 28.05  aroonosc : -42.86
-----------------------------------------------
10:33:13 : SCANNING : GRSE
circuit : 2.9%  2021-12-21T10:30:00+0530
adx : 18.97  aroonosc : 64.29
-----------------------------------------------
10:33:13 : SCANNING : GSFC
circuit : 1.0%  2021-12-21T10:30:00+0530
adx : 18.93  aroonosc : -14.29
-----------------------------------------------
10:33:14 : SCANNING : GSPL
circuit : 0.91%  2021-12-21T10:30:00+0530
adx : 28.73  aroonosc : -21.43
-----------------------------------------------
10:33:14 : SCANNING : GUJALKALI
circuit : 0.23%  2021-12-21T10:30:00+0530
adx : 42.07  aroonosc : -21.43
-----------------------------------------------
10:33:14 : SCANNING : GUJGASLTD
circuit : 1.51%  2021-12-21T10:30:00+0530
adx : 50.39  aroonosc : 78.57
-----------------------------------------------
10:33:15 : SCANNING : GULFOILLUB
circuit : -0.1%  2021-12-21T10:30:00+0530
adx : 22.86  aroonosc : -28.57
-----------------------------------------------
10:33:15 : SCANNING : HAL
circuit : 0.31%  2021-12-21T10:30:00+0530
adx : 32.49  aroonosc : -7.14
-----------------------------------------------
10:33:15 : SCANNING : HATSUN
circuit : -1.85%  2021-12-21T10:30:00+0530
adx : 20.45  aroonosc : 28.57
-----------------------------------------------
10:33:16 : SCANNING : HAVELLS
circuit : 3.15%  2021-12-21T10:30:00+0530
adx : 40.64  aroonosc : -35.71
-----------------------------------------------
10:33:16 : SCANNING : HCLTECH
circuit : 3.36%  2021-12-21T10:30:00+0530
adx : 57.54  aroonosc : 71.43
-----------------------------------------------
10:33:16 : SCANNING : HDFC
circuit : -0.45%  2021-12-21T10:30:00+0530
adx : 46.61  aroonosc : 85.71
-----------------------------------------------
10:33:17 : SCANNING : HDFCAMC
circuit : 0.27%  2021-12-21T10:30:00+0530
adx : 24.65  aroonosc : -14.29
-----------------------------------------------
10:33:17 : SCANNING : HDFCBANK
circuit : 0.24%  2021-12-21T10:30:00+0530
adx : 13.73  aroonosc : 85.71
-----------------------------------------------
10:33:17 : SCANNING : HDFCLIFE
circuit : -0.2%  2021-12-21T10:30:00+0530
adx : 28.01  aroonosc : -28.57
-----------------------------------------------
10:33:18 : SCANNING : HEG
circuit : -0.37%  2021-12-21T10:30:00+0530
adx : 17.19  aroonosc : -57.14
-----------------------------------------------
10:33:18 : SCANNING : HEIDELBERG
circuit : 0.32%  2021-12-21T10:30:00+0530
adx : 21.17  aroonosc : 64.29
-----------------------------------------------
10:33:18 : SCANNING : HEMIPROP
circuit : 1.68%  2021-12-21T10:30:00+0530
adx : 28.09  aroonosc : -21.43
-----------------------------------------------
10:33:19 : SCANNING : HEROMOTOCO
circuit : -1.42%  2021-12-21T10:30:00+0530
adx : 38.55  aroonosc : -14.29
-----------------------------------------------
10:33:19 : SCANNING : HINDALCO
circuit : 1.76%  2021-12-21T10:30:00+0530
adx : 55.3  aroonosc : 78.57
-----------------------------------------------
10:33:19 : SCANNING : HINDCOPPER
circuit : 1.18%  2021-12-21T10:30:00+0530
adx : 36.79  aroonosc : 71.43
-----------------------------------------------
10:33:20 : SCANNING : HINDPETRO
circuit : 0.96%  2021-12-21T10:30:00+0530
adx : 18.95  aroonosc : -14.29
-----------------------------------------------
10:33:21 : SCANNING : HINDUNILVR
circuit : -0.27%  2021-12-21T10:30:00+0530
adx : 32.83  aroonosc : 14.29
-----------------------------------------------
10:33:21 : SCANNING : HINDZINC
circuit : 1.84%  2021-12-21T10:30:00+0530
adx : 26.55  aroonosc : -14.29
-----------------------------------------------
10:33:21 : SCANNING : HONAUT
circuit : -0.4%  2021-12-21T10:30:00+0530
adx : 22.0  aroonosc : -92.86
-----------------------------------------------
10:33:22 : SCANNING : HSCL
circuit : 1.65%  2021-12-21T10:30:00+0530
adx : 46.64  aroonosc : -28.57
-----------------------------------------------
10:33:22 : SCANNING : HUDCO
circuit : 0.77%  2021-12-21T10:30:00+0530
adx : 25.39  aroonosc : 42.86
-----------------------------------------------
10:33:23 : SCANNING : HUHTAMAKI
circuit : 1.32%  2021-12-21T10:30:00+0530
adx : 11.61  aroonosc : -28.57
-----------------------------------------------
10:33:23 : SCANNING : IBREALEST
circuit : 3.57%  2021-12-21T10:30:00+0530
adx : 43.16  aroonosc : 64.29
-----------------------------------------------
10:33:24 : SCANNING : IBULHSGFIN
circuit : 1.06%  2021-12-21T10:30:00+0530
adx : 29.5  aroonosc : -21.43
-----------------------------------------------
10:33:25 : SCANNING : ICICIBANK
circuit : 0.59%  2021-12-21T10:30:00+0530
adx : 45.23  aroonosc : -14.29
-----------------------------------------------
10:33:25 : SCANNING : ICICIGI
circuit : 1.47%  2021-12-21T10:30:00+0530
adx : 37.93  aroonosc : 85.71
-----------------------------------------------
10:33:25 : SCANNING : ICICIPRULI
circuit : 2.1%  2021-12-21T10:30:00+0530
adx : 35.52  aroonosc : 64.29
-----------------------------------------------
10:33:26 : SCANNING : ICIL
circuit : -1.2%  2021-12-21T10:30:00+0530
adx : 22.61  aroonosc : -28.57
-----------------------------------------------
10:33:26 : SCANNING : IDBI
circuit : 2.41%  2021-12-21T10:30:00+0530
adx : 46.78  aroonosc : 35.71
-----------------------------------------------
10:33:26 : SCANNING : IDEA
circuit : 5.05%  2021-12-21T10:30:00+0530
adx : 41.19  aroonosc : 64.29
-----------------------------------------------
10:33:27 : SCANNING : IDFC
circuit : 1.68%  2021-12-21T10:30:00+0530
adx : 40.81  aroonosc : -14.29
-----------------------------------------------
10:33:27 : SCANNING : IDFCFIRSTB
circuit : 0.44%  2021-12-21T10:30:00+0530
adx : 11.73  aroonosc : -71.43
-----------------------------------------------
10:33:28 : SCANNING : IEX
circuit : 1.71%  2021-12-21T10:30:00+0530
adx : 36.54  aroonosc : 71.43
-----------------------------------------------
10:33:28 : SCANNING : IFBIND
circuit : 0.15%  2021-12-21T10:30:00+0530
adx : 34.47  aroonosc : 35.71
-----------------------------------------------
10:33:29 : SCANNING : IGL
circuit : 0.68%  2021-12-21T10:30:00+0530
adx : 35.7  aroonosc : 71.43
-----------------------------------------------
10:33:29 : SCANNING : IIFL
circuit : 0.73%  2021-12-21T10:30:00+0530
adx : 27.04  aroonosc : 35.71
-----------------------------------------------
10:33:29 : SCANNING : IIFLWAM
circuit : -1.28%  2021-12-21T10:30:00+0530
adx : 20.04  aroonosc : -100.0
-----------------------------------------------
10:33:30 : SCANNING : INDHOTEL
circuit : -0.11%  2021-12-21T10:30:00+0530
adx : 13.28  aroonosc : -21.43
-----------------------------------------------
10:33:30 : SCANNING : INDIACEM
circuit : 1.25%  2021-12-21T10:30:00+0530
adx : 36.52  aroonosc : 78.57
-----------------------------------------------
10:33:30 : SCANNING : INDIAMART
circuit : 0.22%  2021-12-21T10:30:00+0530
adx : 11.35  aroonosc : -21.43
-----------------------------------------------
10:33:31 : SCANNING : INDIANB
circuit : 0.89%  2021-12-21T10:30:00+0530
adx : 31.96  aroonosc : -14.29
-----------------------------------------------
10:33:31 : SCANNING : INDIGO
circuit : -0.7%  2021-12-21T10:30:00+0530
adx : 21.08  aroonosc : -28.57
-----------------------------------------------
10:33:31 : SCANNING : INDOCO
circuit : 1.28%  2021-12-21T10:30:00+0530
adx : 24.07  aroonosc : 78.57
-----------------------------------------------
10:33:32 : SCANNING : INDUSINDBK
circuit : 0.4%  2021-12-21T10:30:00+0530
adx : 27.34  aroonosc : -14.29
-----------------------------------------------
10:33:32 : SCANNING : INDUSTOWER
circuit : 3.31%  2021-12-21T10:30:00+0530
adx : 44.3  aroonosc : 92.86
-----------------------------------------------
10:33:32 : SCANNING : INFIBEAM
circuit : 1.79%  2021-12-21T10:30:00+0530
adx : 42.66  aroonosc : -14.29
-----------------------------------------------
10:33:33 : SCANNING : INFY
circuit : 1.33%  2021-12-21T10:30:00+0530
adx : 31.79  aroonosc : 42.86
-----------------------------------------------
10:33:33 : SCANNING : INGERRAND
circuit : 0.56%  2021-12-21T10:30:00+0530
adx : 24.35  aroonosc : -57.14
-----------------------------------------------
10:33:34 : SCANNING : INOXLEISUR
circuit : 3.39%  2021-12-21T10:30:00+0530
adx : 48.55  aroonosc : -14.29
-----------------------------------------------
10:33:34 : SCANNING : INTELLECT
circuit : 0.61%  2021-12-21T10:30:00+0530
adx : 19.52  aroonosc : -14.29
-----------------------------------------------
10:33:34 : SCANNING : IOB
circuit : 1.73%  2021-12-21T10:30:00+0530
adx : 38.19  aroonosc : -7.14
-----------------------------------------------
10:33:35 : SCANNING : IOC
-----------------------------------------------
10:33:35 : SCANNING : IOLCP
circuit : -0.86%  2021-12-21T10:30:00+0530
adx : 51.06  aroonosc : -21.43
-----------------------------------------------
10:33:36 : SCANNING : IPCALAB
circuit : 0.42%  2021-12-21T10:30:00+0530
adx : 10.3  aroonosc : 14.29
-----------------------------------------------
10:33:39 : SCANNING : IRB
circuit : -1.31%  2021-12-21T10:30:00+0530
adx : 18.48  aroonosc : -7.14
-----------------------------------------------
10:33:39 : SCANNING : IRCON
circuit : 0.11%  2021-12-21T10:30:00+0530
adx : 27.83  aroonosc : -14.29
-----------------------------------------------
10:33:39 : SCANNING : IRCTC
circuit : 0.57%  2021-12-21T10:30:00+0530
adx : 30.88  aroonosc : -14.29
-----------------------------------------------
10:33:40 : SCANNING : ISEC
circuit : 1.1%  2021-12-21T10:30:00+0530
adx : 28.15  aroonosc : -78.57
-----------------------------------------------
10:33:40 : SCANNING : ITC
circuit : -0.07%  2021-12-21T10:30:00+0530
adx : 20.96  aroonosc : -14.29
-----------------------------------------------
10:33:40 : SCANNING : ITI
circuit : 1.2%  2021-12-21T10:30:00+0530
adx : 22.99  aroonosc : 50.0
-----------------------------------------------
10:33:41 : SCANNING : J&KBANK
circuit : 2.31%  2021-12-21T10:30:00+0530
adx : 28.6  aroonosc : 0.0
-----------------------------------------------
10:33:41 : SCANNING : JAMNAAUTO
circuit : 3.16%  2021-12-21T10:30:00+0530
adx : 26.37  aroonosc : 64.29
-----------------------------------------------
10:33:41 : SCANNING : JBCHEPHARM
circuit : -0.52%  2021-12-21T10:30:00+0530
adx : 51.14  aroonosc : -100.0
-----------------------------------------------
10:33:42 : SCANNING : JCHAC
circuit : 1.45%  2021-12-21T10:30:00+0530
adx : 34.75  aroonosc : 35.71
-----------------------------------------------
10:33:42 : SCANNING : JINDALSAW
circuit : 1.99%  2021-12-21T10:30:00+0530
adx : 25.81  aroonosc : 21.43
-----------------------------------------------
10:33:42 : SCANNING : JINDALSTEL
circuit : 2.08%  2021-12-21T10:30:00+0530
adx : 48.91  aroonosc : 57.14
-----------------------------------------------
10:33:43 : SCANNING : JKCEMENT
circuit : 2.36%  2021-12-21T10:30:00+0530
adx : 23.93  aroonosc : 100.0
-----------------------------------------------
10:33:43 : SCANNING : JKLAKSHMI
circuit : 0.62%  2021-12-21T10:30:00+0530
adx : 18.34  aroonosc : -21.43
-----------------------------------------------
10:33:44 : SCANNING : JKPAPER
circuit : 0.95%  2021-12-21T10:30:00+0530
adx : 30.13  aroonosc : 28.57
-----------------------------------------------
10:33:44 : SCANNING : JKTYRE
circuit : 2.27%  2021-12-21T10:30:00+0530
adx : 36.97  aroonosc : 85.71
-----------------------------------------------
10:33:44 : SCANNING : JMFINANCIL
circuit : -0.76%  2021-12-21T10:30:00+0530
adx : 25.59  aroonosc : -14.29
-----------------------------------------------
10:33:45 : SCANNING : JSL
circuit : 3.36%  2021-12-21T10:30:00+0530
adx : 25.89  aroonosc : 57.14
-----------------------------------------------
10:33:45 : SCANNING : JSLHISAR
circuit : 3.09%  2021-12-21T10:30:00+0530
adx : 22.67  aroonosc : 64.29
-----------------------------------------------
10:33:45 : SCANNING : JSWSTEEL
circuit : 2.27%  2021-12-21T10:30:00+0530
adx : 63.2  aroonosc : 50.0
-----------------------------------------------
10:33:46 : SCANNING : JTEKTINDIA
circuit : 1.4%  2021-12-21T10:30:00+0530
adx : 21.02  aroonosc : 85.71
-----------------------------------------------
10:33:46 : SCANNING : JUBLFOOD
circuit : 0.15%  2021-12-21T10:30:00+0530
adx : 15.59  aroonosc : -35.71
-----------------------------------------------
10:33:47 : SCANNING : JUSTDIAL
circuit : 2.82%  2021-12-21T10:30:00+0530
adx : 37.89  aroonosc : 35.71
-----------------------------------------------
10:33:47 : SCANNING : JYOTHYLAB
circuit : 0.5%  2021-12-21T10:30:00+0530
adx : 24.85  aroonosc : -28.57
-----------------------------------------------
10:33:47 : SCANNING : KAJARIACER
circuit : 1.67%  2021-12-21T10:30:00+0530
adx : 24.54  aroonosc : -28.57
-----------------------------------------------
10:33:48 : SCANNING : KALPATPOWR
circuit : 0.78%  2021-12-21T10:30:00+0530
adx : 15.77  aroonosc : -21.43
-----------------------------------------------
10:33:48 : SCANNING : KANSAINER
circuit : 0.67%  2021-12-21T10:30:00+0530
adx : 23.42  aroonosc : 78.57
-----------------------------------------------
10:33:48 : SCANNING : KARURVYSYA
-----------------------------------------------
10:33:49 : SCANNING : KEC
circuit : 0.72%  2021-12-21T10:30:00+0530
adx : 14.79  aroonosc : -28.57
-----------------------------------------------
10:33:49 : SCANNING : KEI
circuit : -0.56%  2021-12-21T10:30:00+0530
adx : 13.88  aroonosc : -21.43
-----------------------------------------------
10:33:50 : SCANNING : KNRCON
circuit : 0.34%  2021-12-21T10:30:00+0530
adx : 10.79  aroonosc : -7.14
-----------------------------------------------
10:33:50 : SCANNING : KOTAKBANK
circuit : -0.35%  2021-12-21T10:30:00+0530
adx : 22.23  aroonosc : -14.29
-----------------------------------------------
10:33:50 : SCANNING : KPITTECH
circuit : 3.26%  2021-12-21T10:30:00+0530
adx : 37.69  aroonosc : 28.57
-----------------------------------------------
10:33:51 : SCANNING : KPRMILL
circuit : 2.24%  2021-12-21T10:30:00+0530
adx : 21.56  aroonosc : -14.29
-----------------------------------------------
10:33:51 : SCANNING : KRBL
circuit : 0.33%  2021-12-21T10:30:00+0530
adx : 19.3  aroonosc : -28.57
-----------------------------------------------
10:33:51 : SCANNING : KSB
circuit : 1.73%  2021-12-21T10:30:00+0530
adx : 13.94  aroonosc : 50.0
-----------------------------------------------
10:33:52 : SCANNING : KSCL
circuit : -0.92%  2021-12-21T10:30:00+0530
adx : 24.0  aroonosc : 14.29
-----------------------------------------------
10:33:52 : SCANNING : L&TFH
circuit : 3.45%  2021-12-21T10:30:00+0530
adx : 53.29  aroonosc : 100.0
-----------------------------------------------
10:33:53 : SCANNING : LALPATHLAB
circuit : -0.13%  2021-12-21T10:30:00+0530
adx : 18.32  aroonosc : -21.43
-----------------------------------------------
10:33:53 : SCANNING : LAOPALA
circuit : 3.43%  2021-12-21T10:30:00+0530
adx : 41.63  aroonosc : 7.14
-----------------------------------------------
10:33:53 : SCANNING : LAURUSLABS
circuit : 1.63%  2021-12-21T10:30:00+0530
adx : 20.2  aroonosc : -64.29
-----------------------------------------------
10:33:54 : SCANNING : LAXMIMACH
circuit : 3.15%  2021-12-21T10:30:00+0530
adx : 26.85  aroonosc : 35.71
-----------------------------------------------
10:33:54 : SCANNING : LEMONTREE
circuit : 4.47%  2021-12-21T10:30:00+0530
adx : 34.35  aroonosc : -21.43
-----------------------------------------------
10:33:54 : SCANNING : LICHSGFIN
circuit : 0.19%  2021-12-21T10:30:00+0530
adx : 36.47  aroonosc : -21.43
-----------------------------------------------
10:33:55 : SCANNING : LINDEINDIA
circuit : 0.86%  2021-12-21T10:30:00+0530
adx : 15.97  aroonosc : -28.57
-----------------------------------------------
10:33:55 : SCANNING : LT
circuit : 0.18%  2021-12-21T10:30:00+0530
adx : 27.74  aroonosc : -21.43
-----------------------------------------------
10:33:56 : SCANNING : LTI
circuit : 2.25%  2021-12-21T10:30:00+0530
adx : 30.04  aroonosc : 78.57
-----------------------------------------------
10:33:56 : SCANNING : LTTS
circuit : 0.89%  2021-12-21T10:30:00+0530
adx : 23.47  aroonosc : 64.29
-----------------------------------------------
10:33:57 : SCANNING : LUPIN
circuit : 0.2%  2021-12-21T10:30:00+0530
adx : 33.62  aroonosc : -21.43
-----------------------------------------------
10:33:57 : SCANNING : LUXIND
circuit : 0.14%  2021-12-21T10:30:00+0530
adx : 30.89  aroonosc : -28.57
-----------------------------------------------
10:33:57 : SCANNING : M&M
circuit : -0.47%  2021-12-21T10:30:00+0530
adx : 28.71  aroonosc : -50.0
-----------------------------------------------
10:33:58 : SCANNING : M&MFIN
circuit : 0.72%  2021-12-21T10:30:00+0530
adx : 20.76  aroonosc : -21.43
-----------------------------------------------
10:33:58 : SCANNING : MAHABANK
circuit : 0.53%  2021-12-21T10:30:00+0530
adx : 16.98  aroonosc : -21.43
-----------------------------------------------
10:33:58 : SCANNING : MAHINDCIE
circuit : 1.52%  2021-12-21T10:30:00+0530
adx : 21.14  aroonosc : -14.29
-----------------------------------------------
10:33:59 : SCANNING : MAHLOG
circuit : -1.27%  2021-12-21T10:30:00+0530
adx : 13.29  aroonosc : -14.29
-----------------------------------------------
10:33:59 : SCANNING : MAHSCOOTER
circuit : 1.94%  2021-12-21T10:30:00+0530
adx : 25.17  aroonosc : -35.71
-----------------------------------------------
10:33:59 : SCANNING : MAHSEAMLES
circuit : 1.92%  2021-12-21T10:30:00+0530
adx : 42.03  aroonosc : 57.14
-----------------------------------------------
10:34:00 : SCANNING : MANAPPURAM
circuit : -0.57%  2021-12-21T10:30:00+0530
adx : 34.79  aroonosc : -21.43
-----------------------------------------------
10:34:00 : SCANNING : MARICO
circuit : 0.26%  2021-12-21T10:30:00+0530
adx : 26.47  aroonosc : -14.29
-----------------------------------------------
10:34:00 : SCANNING : MARUTI
circuit : 0.18%  2021-12-21T10:30:00+0530
adx : 34.88  aroonosc : -14.29
-----------------------------------------------
10:34:01 : SCANNING : MASFIN
circuit : 2.05%  2021-12-21T10:30:00+0530
adx : 22.31  aroonosc : 28.57
-----------------------------------------------
10:34:01 : SCANNING : MAXHEALTH
circuit : 2.53%  2021-12-21T10:30:00+0530
adx : 40.92  aroonosc : 71.43
-----------------------------------------------
10:34:01 : SCANNING : MAZDOCK
circuit : 1.27%  2021-12-21T10:30:00+0530
adx : 28.04  aroonosc : 71.43
-----------------------------------------------
10:34:02 : SCANNING : MCDOWELL-N
circuit : 2.5%  2021-12-21T10:30:00+0530
adx : 38.37  aroonosc : 100.0
-----------------------------------------------
10:34:02 : SCANNING : MCX
circuit : 1.31%  2021-12-21T10:30:00+0530
adx : 35.97  aroonosc : 64.29
-----------------------------------------------
10:34:02 : SCANNING : METROPOLIS
circuit : 2.65%  2021-12-21T10:30:00+0530
adx : 28.82  aroonosc : 100.0
-----------------------------------------------
10:34:03 : SCANNING : MFSL
circuit : 3.49%  2021-12-21T10:30:00+0530
adx : 17.95  aroonosc : 92.86
-----------------------------------------------
10:34:03 : SCANNING : MGL
circuit : 0.32%  2021-12-21T10:30:00+0530
adx : 29.33  aroonosc : -14.29
-----------------------------------------------
10:34:03 : SCANNING : MHRIL
circuit : -0.1%  2021-12-21T10:30:00+0530
adx : 20.1  aroonosc : -14.29
-----------------------------------------------
10:34:04 : SCANNING : MIDHANI
circuit : 1.11%  2021-12-21T10:30:00+0530
adx : 16.57  aroonosc : -14.29
-----------------------------------------------
10:34:04 : SCANNING : MINDACORP
circuit : 1.31%  2021-12-21T10:30:00+0530
adx : 31.41  aroonosc : 85.71
-----------------------------------------------
10:34:05 : SCANNING : MINDAIND
circuit : 0.76%  2021-12-21T10:30:00+0530
adx : 35.97  aroonosc : -14.29
-----------------------------------------------
10:34:05 : SCANNING : MINDTREE
circuit : 1.05%  2021-12-21T10:30:00+0530
adx : 41.31  aroonosc : 35.71
-----------------------------------------------
10:34:05 : SCANNING : MMTC
circuit : 1.47%  2021-12-21T10:30:00+0530
adx : 34.84  aroonosc : 35.71
-----------------------------------------------
10:34:06 : SCANNING : MOIL
circuit : 1.51%  2021-12-21T10:30:00+0530
adx : 30.66  aroonosc : 100.0
-----------------------------------------------
10:34:06 : SCANNING : MOTILALOFS
circuit : 0.5%  2021-12-21T10:30:00+0530
adx : 25.58  aroonosc : -21.43
-----------------------------------------------
10:34:06 : SCANNING : MPHASIS
circuit : 0.31%  2021-12-21T10:30:00+0530
adx : 32.72  aroonosc : -78.57
-----------------------------------------------
10:34:07 : SCANNING : MRF
circuit : 0.52%  2021-12-21T10:30:00+0530
adx : 20.7  aroonosc : -21.43
-----------------------------------------------
10:34:08 : SCANNING : MRPL
-----------------------------------------------
10:34:08 : SCANNING : MUTHOOTFIN
circuit : 0.42%  2021-12-21T10:30:00+0530
adx : 18.24  aroonosc : 78.57
-----------------------------------------------
10:34:09 : SCANNING : NAM-INDIA
circuit : 1.61%  2021-12-21T10:30:00+0530
adx : 16.91  aroonosc : 71.43
-----------------------------------------------
10:34:09 : SCANNING : NATCOPHARM
circuit : 2.64%  2021-12-21T10:30:00+0530
adx : 16.72  aroonosc : 64.29
-----------------------------------------------
10:34:09 : SCANNING : NATIONALUM
circuit : 2.58%  2021-12-21T10:30:00+0530
adx : 53.04  aroonosc : 64.29
-----------------------------------------------
10:34:09 : SCANNING : NAUKRI
circuit : 0.31%  2021-12-21T10:30:00+0530
adx : 20.22  aroonosc : -28.57
-----------------------------------------------
10:34:10 : SCANNING : NAVINFLUOR
circuit : 3.52%  2021-12-21T10:30:00+0530
adx : 54.34  aroonosc : 100.0
-----------------------------------------------
10:34:10 : SCANNING : NBCC
circuit : 0.48%  2021-12-21T10:30:00+0530
adx : 31.11  aroonosc : 78.57
-----------------------------------------------
10:34:11 : SCANNING : NCC
circuit : 0.66%  2021-12-21T10:30:00+0530
adx : 39.2  aroonosc : 85.71
-----------------------------------------------
10:34:11 : SCANNING : NESCO
circuit : 1.37%  2021-12-21T10:30:00+0530
adx : 18.74  aroonosc : 14.29
-----------------------------------------------
10:34:11 : SCANNING : NESTLEIND
circuit : 0.39%  2021-12-21T10:30:00+0530
adx : 41.49  aroonosc : 78.57
-----------------------------------------------
10:34:12 : SCANNING : NETWORK18
circuit : 2.76%  2021-12-21T10:30:00+0530
adx : 28.47  aroonosc : 78.57
-----------------------------------------------
10:34:12 : SCANNING : NFL
circuit : 1.42%  2021-12-21T10:30:00+0530
adx : 29.67  aroonosc : 71.43
-----------------------------------------------
10:34:13 : SCANNING : NH
circuit : 0.85%  2021-12-21T10:30:00+0530
adx : 10.24  aroonosc : -28.57
-----------------------------------------------
10:34:13 : SCANNING : NHPC
circuit : 2.02%  2021-12-21T10:30:00+0530
adx : 35.08  aroonosc : 100.0
-----------------------------------------------
10:34:13 : SCANNING : NIACL
circuit : -0.04%  2021-12-21T10:30:00+0530
adx : 23.75  aroonosc : -28.57
-----------------------------------------------
10:34:13 : SCANNING : NILKAMAL
circuit : 0.15%  2021-12-21T10:30:00+0530
adx : 12.39  aroonosc : -35.71
-----------------------------------------------
10:34:14 : SCANNING : NLCINDIA
circuit : 0.86%  2021-12-21T10:30:00+0530
adx : 30.51  aroonosc : 0.0
-----------------------------------------------
10:34:14 : SCANNING : NMDC
circuit : 6.96%  2021-12-21T10:30:00+0530
adx : 21.21  aroonosc : 50.0
-----------------------------------------------
10:34:15 : SCANNING : NOCIL
circuit : -0.27%  2021-12-21T10:30:00+0530
adx : 28.9  aroonosc : -42.86
-----------------------------------------------
10:34:15 : SCANNING : NTPC
circuit : 0.36%  2021-12-21T10:30:00+0530
adx : 38.24  aroonosc : 50.0
rpt : 1190.0
{'candle': 'green', 'type': 'BUY', 'instrument': 'NTPC', 'price': 120.2, 'qty': 4949, 'target': 120.35, 'stoploss': 120.05, 'volume': 82550, 'adx': 50.48648436642578, 'aroonosc': 64.28571428571429, 'atr': 0.35497661662436336, 'open': 120.15, 'high': 120.35, 'low': 120.05, 'close': 120.35, 'product': 'MIS', 'time': '2021-12-20T13:45:00+0530'}
10:34:15 : Validation Failed : Time Gap in Seconds : 74955
-----------------------------------------------
10:34:16 : SCANNING : OBEROIRLTY
circuit : 1.03%  2021-12-21T10:30:00+0530
adx : 25.05  aroonosc : 71.43
-----------------------------------------------
10:34:16 : SCANNING : OFSS
circuit : 1.38%  2021-12-21T10:30:00+0530
adx : 47.99  aroonosc : 85.71
-----------------------------------------------
10:34:16 : SCANNING : OIL
circuit : 1.32%  2021-12-21T10:30:00+0530
adx : 20.5  aroonosc : -28.57
-----------------------------------------------
10:34:17 : SCANNING : ONGC
circuit : -0.11%  2021-12-21T10:30:00+0530
adx : 32.55  aroonosc : -7.14
-----------------------------------------------
10:34:17 : SCANNING : ORIENTELEC
circuit : 1.99%  2021-12-21T10:30:00+0530
adx : 16.16  aroonosc : -14.29
-----------------------------------------------
10:34:17 : SCANNING : PAGEIND
circuit : 1.51%  2021-12-21T10:30:00+0530
adx : 24.23  aroonosc : 100.0
-----------------------------------------------
10:34:18 : SCANNING : PEL
circuit : 1.33%  2021-12-21T10:30:00+0530
adx : 21.4  aroonosc : 71.43
-----------------------------------------------
10:34:18 : SCANNING : PERSISTENT
circuit : -0.55%  2021-12-21T10:30:00+0530
adx : 31.16  aroonosc : -7.14
-----------------------------------------------
10:34:18 : SCANNING : PETRONET
circuit : 0.02%  2021-12-21T10:30:00+0530
adx : 15.58  aroonosc : -14.29
-----------------------------------------------
10:34:19 : SCANNING : PFC
circuit : 0.6%  2021-12-21T10:30:00+0530
adx : 18.34  aroonosc : 78.57
-----------------------------------------------
10:34:19 : SCANNING : PFIZER
circuit : 0.79%  2021-12-21T10:30:00+0530
adx : 19.0  aroonosc : 14.29
-----------------------------------------------
10:34:19 : SCANNING : PGHH
circuit : 0.52%  2021-12-21T10:30:00+0530
adx : 25.58  aroonosc : 21.43
-----------------------------------------------
10:34:20 : SCANNING : PGHL
circuit : -0.62%  2021-12-21T10:30:00+0530
adx : 24.16  aroonosc : -42.86
-----------------------------------------------
10:34:20 : SCANNING : PHILIPCARB
circuit : 1.34%  2021-12-21T10:30:00+0530
adx : 9.57  aroonosc : -21.43
-----------------------------------------------
10:34:20 : SCANNING : PHOENIXLTD
circuit : -3.3%  2021-12-21T10:30:00+0530
adx : 37.25  aroonosc : -78.57
-----------------------------------------------
10:34:21 : SCANNING : PIDILITIND
circuit : 0.41%  2021-12-21T10:30:00+0530
adx : 38.28  aroonosc : -14.29
-----------------------------------------------
10:34:21 : SCANNING : PIIND
circuit : 1.25%  2021-12-21T10:30:00+0530
adx : 32.75  aroonosc : 71.43
-----------------------------------------------
10:34:21 : SCANNING : PNB
circuit : 1.08%  2021-12-21T10:30:00+0530
adx : 24.36  aroonosc : -71.43
-----------------------------------------------
10:34:22 : SCANNING : PNBHOUSING
circuit : 3.06%  2021-12-21T10:30:00+0530
adx : 50.09  aroonosc : 92.86
-----------------------------------------------
10:34:22 : SCANNING : PNCINFRA
circuit : -0.49%  2021-12-21T10:30:00+0530
adx : 31.95  aroonosc : -28.57
-----------------------------------------------
10:34:22 : SCANNING : POLYCAB
circuit : 0.34%  2021-12-21T10:30:00+0530
adx : 42.08  aroonosc : -21.43
-----------------------------------------------
10:34:23 : SCANNING : POLYMED
circuit : -0.39%  2021-12-21T10:30:00+0530
adx : 22.88  aroonosc : -14.29
-----------------------------------------------
10:34:23 : SCANNING : POLYPLEX
circuit : 1.26%  2021-12-21T10:30:00+0530
adx : 21.81  aroonosc : -21.43
-----------------------------------------------
10:34:23 : SCANNING : POWERGRID
circuit : -1.21%  2021-12-21T10:30:00+0530
adx : 15.12  aroonosc : -64.29
-----------------------------------------------
10:34:24 : SCANNING : POWERINDIA
circuit : 0.43%  2021-12-21T10:30:00+0530
adx : 26.9  aroonosc : -100.0
-----------------------------------------------
10:34:24 : SCANNING : PRESTIGE
circuit : 0.97%  2021-12-21T10:30:00+0530
adx : 23.43  aroonosc : -21.43
-----------------------------------------------
10:34:25 : SCANNING : PRINCEPIPE
circuit : 2.12%  2021-12-21T10:30:00+0530
adx : 31.74  aroonosc : 64.29
-----------------------------------------------
10:34:25 : SCANNING : PRSMJOHNSN
circuit : 3.66%  2021-12-21T10:30:00+0530
adx : 36.06  aroonosc : 85.71
-----------------------------------------------
10:34:25 : SCANNING : PSB
circuit : 1.88%  2021-12-21T10:30:00+0530
adx : 24.51  aroonosc : 50.0
-----------------------------------------------
10:34:26 : SCANNING : PVR
circuit : 1.0%  2021-12-21T10:30:00+0530
adx : 24.58  aroonosc : 71.43
-----------------------------------------------
10:34:26 : SCANNING : QUESS
circuit : 0.89%  2021-12-21T10:30:00+0530
adx : 24.15  aroonosc : 57.14
-----------------------------------------------
10:34:26 : SCANNING : RADICO
circuit : 0.59%  2021-12-21T10:30:00+0530
adx : 21.74  aroonosc : -21.43
-----------------------------------------------
10:34:27 : SCANNING : RAIN
circuit : -0.56%  2021-12-21T10:30:00+0530
adx : 15.43  aroonosc : -14.29
-----------------------------------------------
10:34:27 : SCANNING : RAJESHEXPO
circuit : 0.1%  2021-12-21T10:30:00+0530
adx : 11.66  aroonosc : -78.57
-----------------------------------------------
10:34:27 : SCANNING : RALLIS
circuit : 0.2%  2021-12-21T10:30:00+0530
adx : 12.96  aroonosc : -21.43
-----------------------------------------------
10:34:28 : SCANNING : RAMCOCEM
circuit : 1.58%  2021-12-21T10:30:00+0530
adx : 23.94  aroonosc : 57.14
-----------------------------------------------
10:34:28 : SCANNING : RATNAMANI
circuit : 3.56%  2021-12-21T10:30:00+0530
adx : 41.19  aroonosc : 0.0
-----------------------------------------------
10:34:28 : SCANNING : RAYMOND
circuit : 0.78%  2021-12-21T10:30:00+0530
adx : 34.65  aroonosc : -28.57
-----------------------------------------------
10:34:29 : SCANNING : RBLBANK
circuit : 0.09%  2021-12-21T10:30:00+0530
adx : 20.72  aroonosc : -28.57
-----------------------------------------------
10:34:29 : SCANNING : RCF
circuit : 1.94%  2021-12-21T10:30:00+0530
adx : 25.05  aroonosc : 78.57
-----------------------------------------------
10:34:29 : SCANNING : RECLTD
circuit : 0.9%  2021-12-21T10:30:00+0530
adx : 42.37  aroonosc : 92.86
-----------------------------------------------
10:34:30 : SCANNING : REDINGTON
circuit : 0.55%  2021-12-21T10:30:00+0530
adx : 18.2  aroonosc : -14.29
-----------------------------------------------
10:34:30 : SCANNING : RELAXO
circuit : 2.44%  2021-12-21T10:30:00+0530
adx : 33.08  aroonosc : 64.29
-----------------------------------------------
10:34:31 : SCANNING : RELIANCE
circuit : 0.76%  2021-12-21T10:30:00+0530
adx : 48.6  aroonosc : 71.43
-----------------------------------------------
10:34:32 : SCANNING : RESPONIND
circuit : 2.08%  2021-12-21T10:30:00+0530
adx : 24.65  aroonosc : 50.0
-----------------------------------------------
10:34:32 : SCANNING : RHIM
circuit : 1.56%  2021-12-21T10:30:00+0530
adx : 33.97  aroonosc : 57.14
-----------------------------------------------
10:34:32 : SCANNING : RITES
circuit : -0.4%  2021-12-21T10:30:00+0530
adx : 12.86  aroonosc : -42.86
-----------------------------------------------
10:34:32 : SCANNING : ROSSARI
circuit : 0.39%  2021-12-21T10:30:00+0530
adx : 28.04  aroonosc : -28.57
-----------------------------------------------
10:34:33 : SCANNING : ROUTE
circuit : 1.05%  2021-12-21T10:30:00+0530
adx : 24.86  aroonosc : -14.29
-----------------------------------------------
10:34:33 : SCANNING : RVNL
circuit : 1.34%  2021-12-21T10:30:00+0530
adx : 49.53  aroonosc : 71.43
-----------------------------------------------
10:34:34 : SCANNING : SAIL
circuit : 1.91%  2021-12-21T10:30:00+0530
adx : 34.08  aroonosc : 71.43
-----------------------------------------------
10:34:34 : SCANNING : SANOFI
-----------------------------------------------
10:34:34 : SCANNING : SBICARD
circuit : 0.18%  2021-12-21T10:30:00+0530
adx : 36.06  aroonosc : -71.43
-----------------------------------------------
10:34:35 : SCANNING : SBILIFE
circuit : -0.85%  2021-12-21T10:30:00+0530
adx : 18.25  aroonosc : -28.57
-----------------------------------------------
10:34:35 : SCANNING : SBIN
circuit : -0.23%  2021-12-21T10:30:00+0530
adx : 35.88  aroonosc : -7.14
-----------------------------------------------
10:34:36 : SCANNING : SCHAEFFLER
circuit : 2.46%  2021-12-21T10:30:00+0530
adx : 44.8  aroonosc : 92.86
-----------------------------------------------
10:34:36 : SCANNING : SCHNEIDER
circuit : -1.36%  2021-12-21T10:30:00+0530
adx : 21.6  aroonosc : -28.57
-----------------------------------------------
10:34:36 : SCANNING : SCI
circuit : 1.79%  2021-12-21T10:30:00+0530
adx : 20.94  aroonosc : 78.57
-----------------------------------------------
10:34:37 : SCANNING : SEQUENT
circuit : -0.19%  2021-12-21T10:30:00+0530
adx : 21.44  aroonosc : 64.29
-----------------------------------------------
10:34:37 : SCANNING : SFL
circuit : 1.5%  2021-12-21T10:30:00+0530
adx : 27.76  aroonosc : -21.43
-----------------------------------------------
10:34:37 : SCANNING : SHARDACROP
circuit : -3.1%  2021-12-21T10:30:00+0530
adx : 28.62  aroonosc : -28.57
-----------------------------------------------
10:34:38 : SCANNING : SHILPAMED
circuit : 2.66%  2021-12-21T10:30:00+0530
adx : 47.46  aroonosc : 92.86
-----------------------------------------------
10:34:38 : SCANNING : SHOPERSTOP
circuit : 1.9%  2021-12-21T10:30:00+0530
adx : 15.34  aroonosc : -14.29
-----------------------------------------------
10:34:38 : SCANNING : SHREECEM
circuit : 1.65%  2021-12-21T10:30:00+0530
adx : 41.62  aroonosc : 78.57
-----------------------------------------------
10:34:39 : SCANNING : SHRIRAMCIT
circuit : -2.39%  2021-12-21T10:30:00+0530
adx : 13.31  aroonosc : -28.57
-----------------------------------------------
10:34:39 : SCANNING : SIEMENS
circuit : 0.43%  2021-12-21T10:30:00+0530
adx : 24.9  aroonosc : -14.29
-----------------------------------------------
10:34:39 : SCANNING : SIS
circuit : 0.37%  2021-12-21T10:30:00+0530
adx : 44.79  aroonosc : 42.86
-----------------------------------------------
10:34:40 : SCANNING : SJVN
circuit : 0.72%  2021-12-21T10:30:00+0530
adx : 28.66  aroonosc : -64.29
-----------------------------------------------
10:34:40 : SCANNING : SKFINDIA
circuit : -0.06%  2021-12-21T10:30:00+0530
adx : 13.61  aroonosc : -21.43
-----------------------------------------------
10:34:40 : SCANNING : SOBHA
circuit : 1.02%  2021-12-21T10:30:00+0530
adx : 21.69  aroonosc : -21.43
-----------------------------------------------
10:34:41 : SCANNING : SOLARA
circuit : 0.48%  2021-12-21T10:30:00+0530
adx : 22.57  aroonosc : -85.71
-----------------------------------------------
10:34:41 : SCANNING : SOLARINDS
circuit : -0.04%  2021-12-21T10:30:00+0530
adx : 16.97  aroonosc : -100.0
-----------------------------------------------
10:34:42 : SCANNING : SONATSOFTW
circuit : 2.84%  2021-12-21T10:30:00+0530
adx : 34.38  aroonosc : 57.14
-----------------------------------------------
10:34:42 : SCANNING : SPANDANA
circuit : 0.35%  2021-12-21T10:30:00+0530
adx : 27.75  aroonosc : 35.71
-----------------------------------------------
10:34:42 : SCANNING : SPARC
circuit : 2.27%  2021-12-21T10:30:00+0530
adx : 15.06  aroonosc : 50.0
-----------------------------------------------
10:34:43 : SCANNING : SPICEJET
circuit : 0.23%  2021-12-21T10:30:00+0530
adx : 28.59  aroonosc : 64.29
-----------------------------------------------
10:34:43 : SCANNING : SRF
circuit : 1.52%  2021-12-21T10:30:00+0530
adx : 32.33  aroonosc : 35.71
-----------------------------------------------
10:34:43 : SCANNING : SRTRANSFIN
circuit : -2.37%  2021-12-21T10:30:00+0530
adx : 20.35  aroonosc : -71.43
-----------------------------------------------
10:34:44 : SCANNING : STAR
circuit : -0.68%  2021-12-21T10:30:00+0530
adx : 15.35  aroonosc : -21.43
-----------------------------------------------
10:34:44 : SCANNING : STARCEMENT
circuit : 0.43%  2021-12-21T10:30:00+0530
adx : 21.65  aroonosc : -14.29
-----------------------------------------------
10:34:44 : SCANNING : STLTECH
circuit : 0.95%  2021-12-21T10:30:00+0530
adx : 30.79  aroonosc : -35.71
-----------------------------------------------
10:34:45 : SCANNING : SUDARSCHEM
circuit : 1.49%  2021-12-21T10:30:00+0530
adx : 34.23  aroonosc : 92.86
-----------------------------------------------
10:34:45 : SCANNING : SUMICHEM
circuit : 0.95%  2021-12-21T10:30:00+0530
adx : 20.2  aroonosc : 71.43
-----------------------------------------------
10:34:45 : SCANNING : SUNCLAYLTD
circuit : 1.79%  2021-12-21T10:30:00+0530
adx : 17.22  aroonosc : 71.43
-----------------------------------------------
10:34:46 : SCANNING : SUNDARMFIN
circuit : -0.45%  2021-12-21T10:30:00+0530
adx : 22.26  aroonosc : -50.0
-----------------------------------------------
10:34:46 : SCANNING : SUNDRMFAST
circuit : -2.44%  2021-12-21T10:30:00+0530
adx : 22.94  aroonosc : -14.29
-----------------------------------------------
10:34:47 : SCANNING : SUNPHARMA
circuit : 2.2%  2021-12-21T10:30:00+0530
adx : 41.21  aroonosc : 71.43
-----------------------------------------------
10:34:47 : SCANNING : SUNTECK
circuit : 1.31%  2021-12-21T10:30:00+0530
adx : 32.79  aroonosc : 50.0
-----------------------------------------------
10:34:48 : SCANNING : SUNTV
circuit : -0.06%  2021-12-21T10:30:00+0530
adx : 28.64  aroonosc : 64.29
-----------------------------------------------
10:34:48 : SCANNING : SUPPETRO
circuit : 1.2%  2021-12-21T10:30:00+0530
adx : 32.69  aroonosc : 57.14
-----------------------------------------------
10:34:48 : SCANNING : SUPRAJIT
circuit : 1.88%  2021-12-21T10:30:00+0530
adx : 37.01  aroonosc : 71.43
-----------------------------------------------
10:34:49 : SCANNING : SUPREMEIND
circuit : 4.78%  2021-12-21T10:30:00+0530
adx : 62.22  aroonosc : 71.43
-----------------------------------------------
10:34:49 : SCANNING : SUVENPHAR
circuit : 1.56%  2021-12-21T10:30:00+0530
adx : 16.71  aroonosc : 78.57
-----------------------------------------------
10:34:49 : SCANNING : SUZLON
circuit : 2.05%  2021-12-21T10:30:00+0530
adx : 42.61  aroonosc : 100.0
-----------------------------------------------
10:34:50 : SCANNING : SWANENERGY
circuit : 3.15%  2021-12-21T10:30:00+0530
adx : 33.49  aroonosc : -28.57
-----------------------------------------------
10:34:50 : SCANNING : SWSOLAR
circuit : 0.21%  2021-12-21T10:30:00+0530
adx : 18.53  aroonosc : -28.57
-----------------------------------------------
10:34:50 : SCANNING : SYMPHONY
circuit : 0.53%  2021-12-21T10:30:00+0530
adx : 40.26  aroonosc : -21.43
-----------------------------------------------
10:34:51 : SCANNING : SYNGENE
circuit : 0.68%  2021-12-21T10:30:00+0530
adx : 33.17  aroonosc : 64.29
-----------------------------------------------
10:34:51 : SCANNING : TASTYBITE
circuit : -1.35%  2021-12-21T10:30:00+0530
adx : 31.01  aroonosc : -64.29
-----------------------------------------------
10:34:51 : SCANNING : TATACHEM
circuit : 1.42%  2021-12-21T10:30:00+0530
adx : 34.35  aroonosc : 71.43
-----------------------------------------------
10:34:52 : SCANNING : TATACOFFEE
circuit : 1.53%  2021-12-21T10:30:00+0530
adx : 27.15  aroonosc : 64.29
-----------------------------------------------
10:34:52 : SCANNING : TATACOMM
circuit : -0.38%  2021-12-21T10:30:00+0530
adx : 18.05  aroonosc : -14.29
-----------------------------------------------
10:34:52 : SCANNING : TATACONSUM
circuit : 1.5%  2021-12-21T10:30:00+0530
adx : 44.57  aroonosc : -7.14
-----------------------------------------------
10:34:53 : SCANNING : TATAELXSI
circuit : 0.28%  2021-12-21T10:30:00+0530
adx : 11.71  aroonosc : 78.57
-----------------------------------------------
10:34:53 : SCANNING : TATAINVEST
circuit : 0.22%  2021-12-21T10:30:00+0530
adx : 32.4  aroonosc : -14.29
-----------------------------------------------
10:34:54 : SCANNING : TATAMOTORS
circuit : 1.02%  2021-12-21T10:30:00+0530
adx : 25.99  aroonosc : 64.29
-----------------------------------------------
10:34:54 : SCANNING : TATAPOWER
circuit : 0.87%  2021-12-21T10:30:00+0530
adx : 38.59  aroonosc : -28.57
-----------------------------------------------
10:34:54 : SCANNING : TATASTEEL
circuit : 1.93%  2021-12-21T10:30:00+0530
adx : 44.92  aroonosc : 71.43
-----------------------------------------------
10:34:55 : SCANNING : TCIEXP
circuit : 3.21%  2021-12-21T10:30:00+0530
adx : 17.04  aroonosc : 85.71
-----------------------------------------------
10:34:55 : SCANNING : TCNSBRANDS
circuit : 2.51%  2021-12-21T10:30:00+0530
adx : 19.97  aroonosc : -21.43
-----------------------------------------------
10:34:55 : SCANNING : TCS
circuit : 1.53%  2021-12-21T10:30:00+0530
adx : 46.22  aroonosc : 100.0
-----------------------------------------------
10:34:56 : SCANNING : TEAMLEASE
circuit : 0.38%  2021-12-21T10:30:00+0530
adx : 13.26  aroonosc : -28.57
-----------------------------------------------
10:34:56 : SCANNING : TECHM
circuit : 2.07%  2021-12-21T10:30:00+0530
adx : 35.41  aroonosc : 42.86
-----------------------------------------------
10:34:56 : SCANNING : THERMAX
circuit : 1.53%  2021-12-21T10:30:00+0530
adx : 34.27  aroonosc : 64.29
-----------------------------------------------
10:34:57 : SCANNING : THYROCARE
circuit : -1.17%  2021-12-21T10:30:00+0530
adx : 17.24  aroonosc : -92.86
-----------------------------------------------
10:34:57 : SCANNING : TIINDIA
circuit : -0.52%  2021-12-21T10:30:00+0530
adx : 25.4  aroonosc : -28.57
-----------------------------------------------
10:34:58 : SCANNING : TIMKEN
circuit : 2.55%  2021-12-21T10:30:00+0530
adx : 38.14  aroonosc : 71.43
-----------------------------------------------
10:34:58 : SCANNING : TITAN
circuit : 1.99%  2021-12-21T10:30:00+0530
adx : 37.97  aroonosc : -7.14
-----------------------------------------------
10:34:58 : SCANNING : TORNTPHARM
circuit : 2.54%  2021-12-21T10:30:00+0530
adx : 29.18  aroonosc : 92.86
-----------------------------------------------
10:34:59 : SCANNING : TORNTPOWER
circuit : 0.23%  2021-12-21T10:30:00+0530
adx : 28.64  aroonosc : -28.57
-----------------------------------------------
10:34:59 : SCANNING : TRENT
circuit : -0.46%  2021-12-21T10:30:00+0530
adx : 25.31  aroonosc : 71.43
-----------------------------------------------
10:35:00 : SCANNING : TRIDENT
circuit : 4.95%  2021-12-21T10:30:00+0530
adx : 16.0  aroonosc : 57.14
-----------------------------------------------
10:35:00 : SCANNING : TRITURBINE
circuit : -0.82%  2021-12-21T10:30:00+0530
adx : 53.12  aroonosc : -21.43
-----------------------------------------------
10:35:00 : SCANNING : TTKPRESTIG
circuit : 2.3%  2021-12-21T10:30:00+0530
adx : 24.68  aroonosc : -14.29
-----------------------------------------------
10:35:01 : SCANNING : TV18BRDCST
circuit : 0.45%  2021-12-21T10:30:00+0530
adx : 12.43  aroonosc : -21.43
-----------------------------------------------
10:35:01 : SCANNING : TVSMOTOR
circuit : 1.23%  2021-12-21T10:35:00+0530
adx : 42.06  aroonosc : 57.14
-----------------------------------------------
10:35:02 : SCANNING : UBL
circuit : 2.23%  2021-12-21T10:30:00+0530
adx : 30.22  aroonosc : 71.43
-----------------------------------------------
10:35:02 : SCANNING : UCOBANK
circuit : 1.57%  2021-12-21T10:35:00+0530
adx : 47.46  aroonosc : -78.57
-----------------------------------------------
10:35:02 : SCANNING : UFLEX
circuit : -1.26%  2021-12-21T10:30:00+0530
adx : 36.24  aroonosc : 71.43
-----------------------------------------------
10:35:03 : SCANNING : UJJIVAN
circuit : -0.15%  2021-12-21T10:35:00+0530
adx : 26.42  aroonosc : -14.29
-----------------------------------------------
10:35:03 : SCANNING : UJJIVANSFB
-----------------------------------------------
10:35:03 : SCANNING : ULTRACEMCO
circuit : 0.53%  2021-12-21T10:35:00+0530
adx : 28.48  aroonosc : 71.43
-----------------------------------------------
10:35:04 : SCANNING : UNIONBANK
circuit : 1.06%  2021-12-21T10:35:00+0530
adx : 10.75  aroonosc : -21.43
-----------------------------------------------
10:35:04 : SCANNING : UPL
circuit : 1.33%  2021-12-21T10:30:00+0530
adx : 39.3  aroonosc : 50.0
-----------------------------------------------
10:35:04 : SCANNING : UTIAMC
circuit : 1.58%  2021-12-21T10:35:00+0530
adx : 16.29  aroonosc : 0.0
-----------------------------------------------
10:35:05 : SCANNING : VAIBHAVGBL
circuit : 0.52%  2021-12-21T10:35:00+0530
adx : 18.83  aroonosc : 78.57
-----------------------------------------------
10:35:05 : SCANNING : VAKRANGEE
circuit : 1.69%  2021-12-21T10:35:00+0530
adx : 28.41  aroonosc : 85.71
-----------------------------------------------
10:35:05 : SCANNING : VALIANTORG
circuit : 1.06%  2021-12-21T10:35:00+0530
adx : 14.25  aroonosc : 78.57
-----------------------------------------------
10:35:06 : SCANNING : VARROC
circuit : 2.11%  2021-12-21T10:30:00+0530
adx : 22.25  aroonosc : 71.43
-----------------------------------------------
10:35:06 : SCANNING : VBL
circuit : 0.59%  2021-12-21T10:35:00+0530
adx : 14.7  aroonosc : 0.0
-----------------------------------------------
10:35:06 : SCANNING : VEDL
circuit : 1.61%  2021-12-21T10:35:00+0530
adx : 53.68  aroonosc : 64.29
-----------------------------------------------
10:35:07 : SCANNING : VENKEYS
circuit : -0.36%  2021-12-21T10:30:00+0530
adx : 28.25  aroonosc : -21.43
-----------------------------------------------
10:35:07 : SCANNING : VGUARD
circuit : 0.4%  2021-12-21T10:35:00+0530
adx : 14.45  aroonosc : -14.29
-----------------------------------------------
10:35:08 : SCANNING : VINATIORGA
circuit : -2.65%  2021-12-21T10:35:00+0530
adx : 19.97  aroonosc : -64.29
-----------------------------------------------
10:35:08 : SCANNING : VIPIND
circuit : 4.34%  2021-12-21T10:35:00+0530
adx : 26.97  aroonosc : 57.14
-----------------------------------------------
10:35:08 : SCANNING : VMART
circuit : -0.79%  2021-12-21T10:35:00+0530
adx : 23.44  aroonosc : 42.86
-----------------------------------------------
10:35:09 : SCANNING : VOLTAS
circuit : 0.74%  2021-12-21T10:35:00+0530
adx : 38.35  aroonosc : 35.71
-----------------------------------------------
10:35:09 : SCANNING : VSTIND
circuit : 0.36%  2021-12-21T10:30:00+0530
adx : 18.1  aroonosc : -92.86
-----------------------------------------------
10:35:09 : SCANNING : VTL
circuit : 5.35%  2021-12-21T10:35:00+0530
adx : 43.85  aroonosc : 21.43
-----------------------------------------------
10:35:10 : SCANNING : WABCOINDIA
circuit : 0.77%  2021-12-21T10:30:00+0530
adx : 10.76  aroonosc : -85.71
-----------------------------------------------
10:35:10 : SCANNING : WELCORP
circuit : 4.14%  2021-12-21T10:35:00+0530
adx : 43.15  aroonosc : 28.57
-----------------------------------------------
10:35:11 : SCANNING : WELSPUNIND
circuit : 1.1%  2021-12-21T10:35:00+0530
adx : 22.74  aroonosc : -14.29
-----------------------------------------------
10:35:11 : SCANNING : WESTLIFE
circuit : 0.24%  2021-12-21T10:35:00+0530
adx : 22.71  aroonosc : -7.14
-----------------------------------------------
10:35:11 : SCANNING : WHIRLPOOL
circuit : 0.95%  2021-12-21T10:35:00+0530
adx : 18.11  aroonosc : 35.71
-----------------------------------------------
10:35:11 : SCANNING : WIPRO
circuit : 1.38%  2021-12-21T10:30:00+0530
adx : 54.6  aroonosc : 78.57
-----------------------------------------------
10:35:12 : SCANNING : WOCKPHARMA
circuit : 0.14%  2021-12-21T10:35:00+0530
adx : 23.37  aroonosc : -14.29
-----------------------------------------------
10:35:12 : SCANNING : YESBANK
circuit : 0.38%  2021-12-21T10:35:00+0530
adx : 41.22  aroonosc : 78.57
-----------------------------------------------
10:35:13 : SCANNING : ZEEL
circuit : 2.16%  2021-12-21T10:30:00+0530
adx : 26.25  aroonosc : 57.14
-----------------------------------------------
10:35:13 : SCANNING : ZENSARTECH
circuit : 3.58%  2021-12-21T10:30:00+0530
adx : 42.95  aroonosc : 35.71
-----------------------------------------------
10:35:13 : SCANNING : ZYDUSWELL
circuit : -1.04%  2021-12-21T10:30:00+0530
adx : 36.51  aroonosc : -28.57
-----------------------------------------------
10:35:14 : SCANNING : PAYTM
circuit : 1.44%  2021-12-21T10:35:00+0530
adx : 25.45  aroonosc : -92.86
-----------------------------------------------
===================================================
10:35:14 : END
===================================================
Start Time     : 2021-12-21 10:32:02.656681
End Time       : 2021-12-21 10:35:14.104715
Time Taken     : 3.0
===================================================
