===================================================
10:46:02 : START
===================================================
10:46:02 : PROCESSING INSTRUMENTS SYMBOLS
-----------------------------------------------
10:46:02 : SCANNING : 3MINDIA
circuit : -0.21%  2021-12-21T10:45:00+0530
adx : 29.55  aroonosc : 78.57
-----------------------------------------------
10:46:03 : SCANNING : AARTIDRUGS
circuit : 0.44%  2021-12-21T10:45:00+0530
adx : 11.81  aroonosc : 64.29
-----------------------------------------------
10:46:03 : SCANNING : AARTIIND
circuit : 1.37%  2021-12-21T10:45:00+0530
adx : 37.06  aroonosc : 71.43
-----------------------------------------------
10:46:04 : SCANNING : AAVAS
circuit : 0.32%  2021-12-21T10:45:00+0530
adx : 52.28  aroonosc : 100.0
-----------------------------------------------
10:46:04 : SCANNING : ABB
circuit : 1.8%  2021-12-21T10:45:00+0530
adx : 19.96  aroonosc : 92.86
-----------------------------------------------
10:46:04 : SCANNING : ABBOTINDIA
circuit : -0.13%  2021-12-21T10:45:00+0530
adx : 30.26  aroonosc : 78.57
-----------------------------------------------
10:46:04 : SCANNING : ABCAPITAL
circuit : 2.68%  2021-12-21T10:45:00+0530
adx : 34.17  aroonosc : 71.43
-----------------------------------------------
10:46:05 : SCANNING : ABFRL
circuit : 2.06%  2021-12-21T10:45:00+0530
adx : 41.21  aroonosc : 35.71
-----------------------------------------------
10:46:05 : SCANNING : ACC
circuit : 1.38%  2021-12-21T10:45:00+0530
adx : 45.59  aroonosc : 100.0
-----------------------------------------------
10:46:06 : SCANNING : ADANIENT
circuit : 0.85%  2021-12-21T10:45:00+0530
adx : 40.21  aroonosc : 64.29
-----------------------------------------------
10:46:06 : SCANNING : ADANIGREEN
circuit : 0.06%  2021-12-21T10:45:00+0530
adx : 24.61  aroonosc : 28.57
-----------------------------------------------
10:46:06 : SCANNING : ADANIPORTS
circuit : -0.67%  2021-12-21T10:45:00+0530
adx : 22.34  aroonosc : 28.57
-----------------------------------------------
10:46:07 : SCANNING : ADVENZYMES
circuit : 1.53%  2021-12-21T10:45:00+0530
adx : 21.82  aroonosc : 57.14
-----------------------------------------------
10:46:07 : SCANNING : AEGISCHEM
circuit : -2.2%  2021-12-21T10:45:00+0530
adx : 40.72  aroonosc : 78.57
-----------------------------------------------
10:46:07 : SCANNING : AFFLE
circuit : 1.19%  2021-12-21T10:45:00+0530
adx : 16.21  aroonosc : 21.43
-----------------------------------------------
10:46:08 : SCANNING : AIAENG
circuit : -0.65%  2021-12-21T10:45:00+0530
adx : 12.31  aroonosc : 21.43
-----------------------------------------------
10:46:08 : SCANNING : AJANTPHARM
circuit : -0.64%  2021-12-21T10:45:00+0530
adx : 19.12  aroonosc : 57.14
-----------------------------------------------
10:46:08 : SCANNING : AKZOINDIA
circuit : -1.24%  2021-12-21T10:45:00+0530
adx : 33.56  aroonosc : -64.29
-----------------------------------------------
10:46:09 : SCANNING : ALEMBICLTD
circuit : -0.67%  2021-12-21T10:45:00+0530
adx : 13.09  aroonosc : 78.57
-----------------------------------------------
10:46:09 : SCANNING : ALKEM
circuit : 0.73%  2021-12-21T10:45:00+0530
adx : 11.51  aroonosc : -71.43
-----------------------------------------------
10:46:09 : SCANNING : ALKYLAMINE
circuit : -1.75%  2021-12-21T10:45:00+0530
adx : 45.85  aroonosc : -35.71
-----------------------------------------------
10:46:10 : SCANNING : ALOKINDS
circuit : 1.54%  2021-12-21T10:45:00+0530
adx : 41.82  aroonosc : 85.71
-----------------------------------------------
10:46:10 : SCANNING : AMARAJABAT
circuit : 0.53%  2021-12-21T10:45:00+0530
adx : 36.46  aroonosc : 92.86
-----------------------------------------------
10:46:10 : SCANNING : AMBER
circuit : 3.2%  2021-12-21T10:45:00+0530
adx : 42.3  aroonosc : 71.43
-----------------------------------------------
10:46:11 : SCANNING : AMBUJACEM
circuit : 2.42%  2021-12-21T10:45:00+0530
adx : 46.74  aroonosc : 100.0
-----------------------------------------------
10:46:11 : SCANNING : ANGELBRKG
circuit : 2.6%  2021-12-21T10:45:00+0530
adx : 42.28  aroonosc : 64.29
-----------------------------------------------
10:46:11 : SCANNING : APLAPOLLO
circuit : 2.99%  2021-12-21T10:45:00+0530
adx : 16.82  aroonosc : 85.71
-----------------------------------------------
10:46:12 : SCANNING : APLLTD
circuit : -0.96%  2021-12-21T10:45:00+0530
adx : 48.44  aroonosc : 21.43
-----------------------------------------------
10:46:12 : SCANNING : APOLLOHOSP
circuit : -0.42%  2021-12-21T10:45:00+0530
adx : 29.53  aroonosc : 42.86
-----------------------------------------------
10:46:13 : SCANNING : APOLLOTYRE
circuit : 0.39%  2021-12-21T10:45:00+0530
adx : 21.61  aroonosc : 71.43
-----------------------------------------------
10:46:13 : SCANNING : ASAHIINDIA
circuit : -0.75%  2021-12-21T10:45:00+0530
adx : 32.64  aroonosc : 14.29
-----------------------------------------------
10:46:13 : SCANNING : ASHOKA
circuit : 0.28%  2021-12-21T10:45:00+0530
adx : 20.3  aroonosc : -42.86
-----------------------------------------------
10:46:13 : SCANNING : ASHOKLEY
circuit : 2.17%  2021-12-21T10:45:00+0530
adx : 44.36  aroonosc : 85.71
-----------------------------------------------
10:46:14 : SCANNING : ASIANPAINT
circuit : 0.77%  2021-12-21T10:45:00+0530
adx : 39.41  aroonosc : 92.86
-----------------------------------------------
10:46:14 : SCANNING : ASTERDM
circuit : -0.79%  2021-12-21T10:45:00+0530
adx : 38.2  aroonosc : 42.86
-----------------------------------------------
10:46:14 : SCANNING : ASTRAL
circuit : -1.83%  2021-12-21T10:45:00+0530
adx : 17.32  aroonosc : 35.71
-----------------------------------------------
10:46:15 : SCANNING : ASTRAZEN
circuit : -0.79%  2021-12-21T10:45:00+0530
adx : 30.52  aroonosc : -42.86
-----------------------------------------------
10:46:15 : SCANNING : ATUL
circuit : 0.25%  2021-12-21T10:45:00+0530
adx : 20.86  aroonosc : 64.29
-----------------------------------------------
10:46:15 : SCANNING : AUBANK
circuit : 3.93%  2021-12-21T10:45:00+0530
adx : 50.64  aroonosc : 71.43
-----------------------------------------------
10:46:16 : SCANNING : AUROPHARMA
circuit : -0.29%  2021-12-21T10:45:00+0530
adx : 23.4  aroonosc : 71.43
-----------------------------------------------
10:46:16 : SCANNING : AVANTIFEED
circuit : -0.55%  2021-12-21T10:45:00+0530
adx : 43.16  aroonosc : 14.29
-----------------------------------------------
10:46:16 : SCANNING : AXISBANK
circuit : -1.11%  2021-12-21T10:45:00+0530
adx : 20.15  aroonosc : 28.57
-----------------------------------------------
10:46:17 : SCANNING : BAJAJ-AUTO
circuit : 0.91%  2021-12-21T10:45:00+0530
adx : 47.3  aroonosc : 71.43
-----------------------------------------------
10:46:17 : SCANNING : BAJAJCON
circuit : 0.15%  2021-12-21T10:45:00+0530
adx : 22.26  aroonosc : 28.57
-----------------------------------------------
10:46:17 : SCANNING : BAJAJELEC
circuit : -0.73%  2021-12-21T10:45:00+0530
adx : 21.34  aroonosc : -85.71
-----------------------------------------------
10:46:18 : SCANNING : BAJAJFINSV
circuit : -0.97%  2021-12-21T10:45:00+0530
adx : 39.64  aroonosc : 71.43
-----------------------------------------------
10:46:18 : SCANNING : BAJAJHLDNG
circuit : 0.08%  2021-12-21T10:45:00+0530
adx : 15.69  aroonosc : 50.0
-----------------------------------------------
10:46:18 : SCANNING : BAJFINANCE
circuit : -0.1%  2021-12-21T10:45:00+0530
adx : 30.48  aroonosc : 64.29
-----------------------------------------------
10:46:19 : SCANNING : BALAMINES
circuit : 0.29%  2021-12-21T10:45:00+0530
adx : 12.47  aroonosc : -21.43
-----------------------------------------------
10:46:19 : SCANNING : BALKRISIND
circuit : -0.68%  2021-12-21T10:45:00+0530
adx : 14.83  aroonosc : -57.14
-----------------------------------------------
10:46:19 : SCANNING : BALMLAWRIE
circuit : 1.45%  2021-12-21T10:45:00+0530
adx : 29.37  aroonosc : 100.0
-----------------------------------------------
10:46:20 : SCANNING : BALRAMCHIN
circuit : 1.99%  2021-12-21T10:45:00+0530
adx : 44.6  aroonosc : 42.86
-----------------------------------------------
10:46:20 : SCANNING : BANDHANBNK
circuit : 0.24%  2021-12-21T10:45:00+0530
adx : 24.07  aroonosc : 28.57
-----------------------------------------------
10:46:20 : SCANNING : BANKBARODA
circuit : 0.87%  2021-12-21T10:45:00+0530
adx : 15.35  aroonosc : -28.57
-----------------------------------------------
10:46:21 : SCANNING : BANKINDIA
circuit : 1.29%  2021-12-21T10:45:00+0530
adx : 46.57  aroonosc : 71.43
-----------------------------------------------
10:46:21 : SCANNING : BASF
circuit : 0.55%  2021-12-21T10:45:00+0530
adx : 40.38  aroonosc : -71.43
-----------------------------------------------
10:46:21 : SCANNING : BATAINDIA
circuit : 0.55%  2021-12-21T10:45:00+0530
adx : 23.68  aroonosc : -50.0
-----------------------------------------------
10:46:22 : SCANNING : BAYERCROP
circuit : -1.65%  2021-12-21T10:45:00+0530
adx : 20.82  aroonosc : -57.14
-----------------------------------------------
10:46:22 : SCANNING : BBTC
circuit : 0.25%  2021-12-21T10:45:00+0530
adx : 22.69  aroonosc : -14.29
-----------------------------------------------
10:46:22 : SCANNING : BDL
circuit : 1.75%  2021-12-21T10:45:00+0530
adx : 33.53  aroonosc : 28.57
-----------------------------------------------
10:46:23 : SCANNING : BEL
circuit : 1.38%  2021-12-21T10:45:00+0530
adx : 35.08  aroonosc : -42.86
-----------------------------------------------
10:46:23 : SCANNING : BEML
circuit : 1.93%  2021-12-21T10:45:00+0530
adx : 44.89  aroonosc : -85.71
-----------------------------------------------
10:46:23 : SCANNING : BERGEPAINT
circuit : 0.52%  2021-12-21T10:45:00+0530
adx : 38.18  aroonosc : 71.43
-----------------------------------------------
10:46:24 : SCANNING : BHARATFORG
circuit : 0.98%  2021-12-21T10:45:00+0530
adx : 24.45  aroonosc : 71.43
-----------------------------------------------
10:46:24 : SCANNING : BHARATRAS
circuit : 2.43%  2021-12-21T10:45:00+0530
adx : 41.95  aroonosc : 7.14
-----------------------------------------------
10:46:24 : SCANNING : BHARTIARTL
circuit : -0.12%  2021-12-21T10:45:00+0530
adx : 32.85  aroonosc : 35.71
-----------------------------------------------
10:46:25 : SCANNING : BHEL
circuit : 0.69%  2021-12-21T10:45:00+0530
adx : 20.47  aroonosc : 57.14
-----------------------------------------------
10:46:25 : SCANNING : BIOCON
circuit : 0.64%  2021-12-21T10:45:00+0530
adx : 12.05  aroonosc : 78.57
-----------------------------------------------
10:46:25 : SCANNING : BIRLACORPN
circuit : 1.38%  2021-12-21T10:45:00+0530
adx : 12.18  aroonosc : 42.86
-----------------------------------------------
10:46:26 : SCANNING : BLISSGVS
circuit : 1.26%  2021-12-21T10:45:00+0530
adx : 24.64  aroonosc : 92.86
-----------------------------------------------
10:46:26 : SCANNING : BLUEDART
circuit : 1.48%  2021-12-21T10:45:00+0530
adx : 39.44  aroonosc : 42.86
-----------------------------------------------
10:46:26 : SCANNING : BLUESTARCO
circuit : -1.08%  2021-12-21T10:45:00+0530
adx : 27.8  aroonosc : 42.86
-----------------------------------------------
10:46:27 : SCANNING : BOSCHLTD
circuit : 3.56%  2021-12-21T10:45:00+0530
adx : 57.21  aroonosc : 35.71
-----------------------------------------------
10:46:27 : SCANNING : BPCL
circuit : -0.37%  2021-12-21T10:45:00+0530
adx : 21.21  aroonosc : 85.71
-----------------------------------------------
10:46:27 : SCANNING : BRIGADE
circuit : 3.16%  2021-12-21T10:45:00+0530
adx : 33.4  aroonosc : 57.14
-----------------------------------------------
10:46:28 : SCANNING : BRITANNIA
circuit : 1.36%  2021-12-21T10:45:00+0530
adx : 30.84  aroonosc : 100.0
-----------------------------------------------
10:46:28 : SCANNING : BSE
circuit : -1.55%  2021-12-21T10:45:00+0530
adx : 13.13  aroonosc : -71.43
-----------------------------------------------
10:46:28 : SCANNING : BSOFT
circuit : 0.67%  2021-12-21T10:45:00+0530
adx : 32.91  aroonosc : 85.71
-----------------------------------------------
10:46:29 : SCANNING : BURGERKING
circuit : 0.73%  2021-12-21T10:45:00+0530
adx : 26.49  aroonosc : 28.57
-----------------------------------------------
10:46:29 : SCANNING : CADILAHC
circuit : 1.19%  2021-12-21T10:45:00+0530
adx : 40.77  aroonosc : 100.0
-----------------------------------------------
10:46:29 : SCANNING : CAMS
circuit : -0.13%  2021-12-21T10:45:00+0530
adx : 25.98  aroonosc : 14.29
-----------------------------------------------
10:46:30 : SCANNING : CANBK
circuit : -0.03%  2021-12-21T10:45:00+0530
adx : 24.09  aroonosc : 21.43
-----------------------------------------------
10:46:30 : SCANNING : CANFINHOME
circuit : 0.7%  2021-12-21T10:45:00+0530
adx : 23.28  aroonosc : 71.43
-----------------------------------------------
10:46:30 : SCANNING : CAPLIPOINT
circuit : 0.72%  2021-12-21T10:45:00+0530
adx : 26.4  aroonosc : 21.43
-----------------------------------------------
10:46:31 : SCANNING : CARBORUNIV
circuit : 1.92%  2021-12-21T10:45:00+0530
adx : 14.11  aroonosc : 71.43
-----------------------------------------------
10:46:31 : SCANNING : CASTROLIND
circuit : -1.02%  2021-12-21T10:45:00+0530
adx : 14.94  aroonosc : -7.14
-----------------------------------------------
10:46:31 : SCANNING : CCL
circuit : 2.02%  2021-12-21T10:45:00+0530
adx : 39.36  aroonosc : 71.43
-----------------------------------------------
10:46:32 : SCANNING : CEATLTD
circuit : 0.28%  2021-12-21T10:45:00+0530
adx : 14.82  aroonosc : 85.71
-----------------------------------------------
10:46:32 : SCANNING : CENTRALBK
circuit : 1.9%  2021-12-21T10:45:00+0530
adx : 39.4  aroonosc : 42.86
-----------------------------------------------
10:46:32 : SCANNING : CENTURYPLY
circuit : 1.42%  2021-12-21T10:45:00+0530
adx : 13.05  aroonosc : -42.86
-----------------------------------------------
10:46:33 : SCANNING : CENTURYTEX
circuit : 2.59%  2021-12-21T10:45:00+0530
adx : 24.13  aroonosc : 64.29
-----------------------------------------------
10:46:33 : SCANNING : CERA
circuit : 3.72%  2021-12-21T10:45:00+0530
adx : 36.0  aroonosc : 57.14
-----------------------------------------------
10:46:34 : SCANNING : CESC
circuit : 1.4%  2021-12-21T10:45:00+0530
adx : 38.81  aroonosc : 78.57
-----------------------------------------------
10:46:34 : SCANNING : CGCL
circuit : -0.42%  2021-12-21T10:45:00+0530
adx : 22.35  aroonosc : -7.14
-----------------------------------------------
10:46:34 : SCANNING : CHALET
circuit : 0.25%  2021-12-21T10:45:00+0530
adx : 10.59  aroonosc : 85.71
-----------------------------------------------
10:46:35 : SCANNING : CHAMBLFERT
circuit : 0.05%  2021-12-21T10:45:00+0530
adx : 20.94  aroonosc : 42.86
-----------------------------------------------
10:46:35 : SCANNING : CHOLAFIN
circuit : 1.62%  2021-12-21T10:45:00+0530
adx : 35.36  aroonosc : 78.57
-----------------------------------------------
10:46:35 : SCANNING : CHOLAHLDNG
circuit : 0.84%  2021-12-21T10:45:00+0530
adx : 18.65  aroonosc : 78.57
-----------------------------------------------
10:46:36 : SCANNING : CIPLA
circuit : -0.43%  2021-12-21T10:45:00+0530
adx : 14.38  aroonosc : 57.14
-----------------------------------------------
10:46:36 : SCANNING : COALINDIA
circuit : 1.76%  2021-12-21T10:45:00+0530
adx : 41.44  aroonosc : 100.0
-----------------------------------------------
10:46:36 : SCANNING : COCHINSHIP
circuit : 1.37%  2021-12-21T10:45:00+0530
adx : 18.56  aroonosc : 21.43
-----------------------------------------------
10:46:37 : SCANNING : COFORGE
circuit : 2.04%  2021-12-21T10:45:00+0530
adx : 45.04  aroonosc : 21.43
-----------------------------------------------
10:46:37 : SCANNING : COLPAL
circuit : 1.58%  2021-12-21T10:45:00+0530
adx : 40.58  aroonosc : 28.57
-----------------------------------------------
10:46:37 : SCANNING : CONCOR
circuit : 0.78%  2021-12-21T10:45:00+0530
adx : 21.88  aroonosc : 35.71
-----------------------------------------------
10:46:38 : SCANNING : COROMANDEL
circuit : 0.36%  2021-12-21T10:45:00+0530
adx : 10.6  aroonosc : 100.0
-----------------------------------------------
10:46:38 : SCANNING : CREDITACC
circuit : -1.9%  2021-12-21T10:45:00+0530
adx : 11.56  aroonosc : 21.43
-----------------------------------------------
10:46:38 : SCANNING : CRISIL
circuit : 1.82%  2021-12-21T10:45:00+0530
adx : 32.41  aroonosc : 92.86
-----------------------------------------------
10:46:39 : SCANNING : CROMPTON
circuit : 0.61%  2021-12-21T10:45:00+0530
adx : 20.57  aroonosc : 35.71
-----------------------------------------------
10:46:39 : SCANNING : CSBBANK
circuit : 1.31%  2021-12-21T10:45:00+0530
adx : 19.2  aroonosc : 35.71
-----------------------------------------------
10:46:39 : SCANNING : CUB
circuit : 0.44%  2021-12-21T10:45:00+0530
adx : 27.33  aroonosc : 57.14
-----------------------------------------------
10:46:40 : SCANNING : CUMMINSIND
circuit : 0.88%  2021-12-21T10:45:00+0530
adx : 29.8  aroonosc : 35.71
-----------------------------------------------
10:46:40 : SCANNING : CYIENT
circuit : 0.01%  2021-12-21T10:45:00+0530
adx : 16.4  aroonosc : 28.57
-----------------------------------------------
10:46:40 : SCANNING : DABUR
circuit : 0.63%  2021-12-21T10:45:00+0530
adx : 48.14  aroonosc : 78.57
-----------------------------------------------
10:46:40 : SCANNING : DALBHARAT
circuit : 4.53%  2021-12-21T10:45:00+0530
adx : 49.92  aroonosc : 71.43
-----------------------------------------------
10:46:41 : SCANNING : DBL
circuit : -1.0%  2021-12-21T10:45:00+0530
adx : 47.77  aroonosc : 85.71
-----------------------------------------------
10:46:41 : SCANNING : DCAL
circuit : 2.0%  2021-12-21T10:45:00+0530
adx : 26.11  aroonosc : 64.29
-----------------------------------------------
10:46:41 : SCANNING : DCBBANK
circuit : 2.3%  2021-12-21T10:45:00+0530
adx : 36.79  aroonosc : 85.71
-----------------------------------------------
10:46:42 : SCANNING : DCMSHRIRAM
circuit : 0.57%  2021-12-21T10:45:00+0530
adx : 16.67  aroonosc : 35.71
-----------------------------------------------
10:46:42 : SCANNING : DEEPAKNTR
circuit : 2.64%  2021-12-21T10:45:00+0530
adx : 42.74  aroonosc : 92.86
-----------------------------------------------
10:46:42 : SCANNING : DELTACORP
circuit : 0.92%  2021-12-21T10:45:00+0530
adx : 24.49  aroonosc : 28.57
-----------------------------------------------
10:46:43 : SCANNING : DHANI
circuit : 3.65%  2021-12-21T10:45:00+0530
adx : 31.37  aroonosc : 85.71
-----------------------------------------------
10:46:43 : SCANNING : DHANUKA
circuit : -0.21%  2021-12-21T10:45:00+0530
adx : 14.71  aroonosc : 92.86
-----------------------------------------------
10:46:43 : SCANNING : DISHTV
circuit : 2.4%  2021-12-21T10:45:00+0530
adx : 40.53  aroonosc : -14.29
-----------------------------------------------
10:46:44 : SCANNING : DIVISLAB
circuit : -1.28%  2021-12-21T10:45:00+0530
adx : 21.56  aroonosc : -71.43
-----------------------------------------------
10:46:44 : SCANNING : DIXON
circuit : 2.25%  2021-12-21T10:45:00+0530
adx : 43.98  aroonosc : 71.43
-----------------------------------------------
10:46:45 : SCANNING : DLF
circuit : 1.01%  2021-12-21T10:45:00+0530
adx : 45.03  aroonosc : 64.29
-----------------------------------------------
10:46:45 : SCANNING : DMART
circuit : 0.36%  2021-12-21T10:45:00+0530
adx : 14.55  aroonosc : 28.57
-----------------------------------------------
10:46:45 : SCANNING : DRREDDY
circuit : 0.77%  2021-12-21T10:45:00+0530
adx : 27.97  aroonosc : 71.43
-----------------------------------------------
10:46:46 : SCANNING : ECLERX
circuit : 0.86%  2021-12-21T10:45:00+0530
adx : 16.28  aroonosc : 28.57
-----------------------------------------------
10:46:46 : SCANNING : EDELWEISS
circuit : 0.73%  2021-12-21T10:45:00+0530
adx : 13.99  aroonosc : -28.57
-----------------------------------------------
10:46:46 : SCANNING : EICHERMOT
circuit : 0.39%  2021-12-21T10:45:00+0530
adx : 35.77  aroonosc : 100.0
-----------------------------------------------
10:46:47 : SCANNING : EIDPARRY
circuit : 1.32%  2021-12-21T10:45:00+0530
adx : 25.33  aroonosc : 64.29
-----------------------------------------------
10:46:47 : SCANNING : EIHOTEL
circuit : 1.42%  2021-12-21T10:45:00+0530
adx : 11.93  aroonosc : 21.43
-----------------------------------------------
10:46:47 : SCANNING : ELGIEQUIP
circuit : 0.47%  2021-12-21T10:45:00+0530
adx : 32.45  aroonosc : -92.86
-----------------------------------------------
10:46:48 : SCANNING : EMAMILTD
circuit : -0.75%  2021-12-21T10:45:00+0530
adx : 33.52  aroonosc : 85.71
-----------------------------------------------
10:46:48 : SCANNING : ENDURANCE
circuit : 0.19%  2021-12-21T10:45:00+0530
adx : 22.57  aroonosc : -50.0
-----------------------------------------------
10:46:48 : SCANNING : ENGINERSIN
circuit : 0.07%  2021-12-21T10:45:00+0530
adx : 15.82  aroonosc : 42.86
-----------------------------------------------
10:46:49 : SCANNING : EPL
circuit : 1.46%  2021-12-21T10:45:00+0530
adx : 34.37  aroonosc : 100.0
-----------------------------------------------
10:46:49 : SCANNING : EQUITAS
circuit : -1.31%  2021-12-21T10:45:00+0530
adx : 24.98  aroonosc : -71.43
-----------------------------------------------
10:46:49 : SCANNING : ERIS
circuit : -0.29%  2021-12-21T10:45:00+0530
adx : 20.88  aroonosc : 64.29
-----------------------------------------------
10:46:50 : SCANNING : ESCORTS
circuit : 0.5%  2021-12-21T10:45:00+0530
adx : 22.29  aroonosc : 21.43
-----------------------------------------------
10:46:50 : SCANNING : EXIDEIND
circuit : 0.32%  2021-12-21T10:45:00+0530
adx : 43.41  aroonosc : -78.57
-----------------------------------------------
10:46:50 : SCANNING : FCONSUMER
circuit : -7.69%  2021-12-21T10:45:00+0530
adx : 31.98  aroonosc : 64.29
-----------------------------------------------
10:46:51 : SCANNING : FDC
circuit : 0.09%  2021-12-21T10:45:00+0530
adx : 14.38  aroonosc : -71.43
-----------------------------------------------
10:46:51 : SCANNING : FEDERALBNK
circuit : -0.61%  2021-12-21T10:45:00+0530
adx : 23.49  aroonosc : 78.57
-----------------------------------------------
10:46:51 : SCANNING : FINCABLES
circuit : 0.85%  2021-12-21T10:45:00+0530
adx : 10.24  aroonosc : -50.0
-----------------------------------------------
10:46:52 : SCANNING : FINEORG
circuit : 1.62%  2021-12-21T10:45:00+0530
adx : 20.59  aroonosc : 92.86
-----------------------------------------------
10:46:52 : SCANNING : FINPIPE
circuit : 3.59%  2021-12-21T10:45:00+0530
adx : 35.65  aroonosc : 92.86
-----------------------------------------------
10:46:52 : SCANNING : FLUOROCHEM
circuit : 4.33%  2021-12-21T10:45:00+0530
adx : 33.42  aroonosc : -35.71
-----------------------------------------------
10:46:53 : SCANNING : FORTIS
circuit : 3.71%  2021-12-21T10:45:00+0530
adx : 46.79  aroonosc : 85.71
-----------------------------------------------
10:46:53 : SCANNING : FRETAIL
circuit : -9.76%  2021-12-21T10:45:00+0530
adx : 35.36  aroonosc : 57.14
-----------------------------------------------
10:46:53 : SCANNING : FSL
circuit : 0.81%  2021-12-21T10:45:00+0530
adx : 14.12  aroonosc : -35.71
-----------------------------------------------
10:46:54 : SCANNING : GAEL
circuit : 1.51%  2021-12-21T10:45:00+0530
adx : 16.44  aroonosc : 71.43
-----------------------------------------------
10:46:54 : SCANNING : GAIL
circuit : 0.98%  2021-12-21T10:45:00+0530
adx : 38.68  aroonosc : 71.43
-----------------------------------------------
10:46:54 : SCANNING : GALAXYSURF
circuit : -0.8%  2021-12-21T10:45:00+0530
adx : 33.73  aroonosc : -78.57
-----------------------------------------------
10:46:55 : SCANNING : GARFIBRES
circuit : -0.55%  2021-12-21T10:45:00+0530
adx : 33.1  aroonosc : 0.0
-----------------------------------------------
10:46:55 : SCANNING : GEPIL
circuit : 1.46%  2021-12-21T10:45:00+0530
adx : 13.83  aroonosc : 78.57
-----------------------------------------------
10:46:55 : SCANNING : GESHIP
circuit : 1.15%  2021-12-21T10:45:00+0530
adx : 29.73  aroonosc : 21.43
-----------------------------------------------
10:46:56 : SCANNING : GICRE
circuit : 1.2%  2021-12-21T10:45:00+0530
adx : 14.9  aroonosc : 28.57
-----------------------------------------------
10:46:56 : SCANNING : GILLETTE
circuit : 1.22%  2021-12-21T10:45:00+0530
adx : 23.9  aroonosc : 35.71
-----------------------------------------------
10:46:58 : SCANNING : GLAND
circuit : 1.44%  2021-12-21T10:45:00+0530
adx : 18.31  aroonosc : 85.71
-----------------------------------------------
10:46:58 : SCANNING : GLAXO
circuit : 1.69%  2021-12-21T10:45:00+0530
adx : 41.88  aroonosc : 64.29
-----------------------------------------------
10:46:58 : SCANNING : GLENMARK
circuit : -0.27%  2021-12-21T10:45:00+0530
adx : 18.85  aroonosc : 21.43
-----------------------------------------------
10:46:59 : SCANNING : GMMPFAUDLR
circuit : 2.39%  2021-12-21T10:45:00+0530
adx : 51.05  aroonosc : 85.71
-----------------------------------------------
10:46:59 : SCANNING : GMRINFRA
circuit : 1.13%  2021-12-21T10:45:00+0530
adx : 31.63  aroonosc : 57.14
-----------------------------------------------
10:46:59 : SCANNING : GNFC
circuit : 1.58%  2021-12-21T10:45:00+0530
adx : 29.67  aroonosc : 64.29
-----------------------------------------------
10:47:00 : SCANNING : GODFRYPHLP
circuit : -0.15%  2021-12-21T10:45:00+0530
adx : 14.23  aroonosc : -64.29
-----------------------------------------------
10:47:00 : SCANNING : GODREJAGRO
circuit : -0.71%  2021-12-21T10:45:00+0530
adx : 25.6  aroonosc : 0.0
-----------------------------------------------
10:47:00 : SCANNING : GODREJCP
circuit : 4.67%  2021-12-21T10:45:00+0530
adx : 47.12  aroonosc : 92.86
-----------------------------------------------
10:47:00 : SCANNING : GODREJIND
circuit : 2.4%  2021-12-21T10:45:00+0530
adx : 43.13  aroonosc : 35.71
-----------------------------------------------
10:47:01 : SCANNING : GODREJPROP
circuit : 1.36%  2021-12-21T10:45:00+0530
adx : 20.96  aroonosc : 42.86
-----------------------------------------------
10:47:01 : SCANNING : GPPL
circuit : 0.16%  2021-12-21T10:45:00+0530
adx : 35.65  aroonosc : 71.43
-----------------------------------------------
10:47:01 : SCANNING : GRANULES
circuit : -0.47%  2021-12-21T10:45:00+0530
adx : 9.4  aroonosc : -7.14
-----------------------------------------------
10:47:02 : SCANNING : GRAPHITE
circuit : 0.11%  2021-12-21T10:45:00+0530
adx : 27.21  aroonosc : -78.57
-----------------------------------------------
10:47:02 : SCANNING : GRASIM
circuit : 2.22%  2021-12-21T10:45:00+0530
adx : 53.5  aroonosc : 57.14
-----------------------------------------------
10:47:02 : SCANNING : GREAVESCOT
circuit : 1.15%  2021-12-21T10:45:00+0530
adx : 34.3  aroonosc : 78.57
-----------------------------------------------
10:47:03 : SCANNING : GRINDWELL
circuit : -0.14%  2021-12-21T10:45:00+0530
adx : 33.78  aroonosc : -42.86
-----------------------------------------------
10:47:03 : SCANNING : GRSE
circuit : 2.78%  2021-12-21T10:45:00+0530
adx : 20.3  aroonosc : 64.29
-----------------------------------------------
10:47:03 : SCANNING : GSFC
circuit : 0.82%  2021-12-21T10:45:00+0530
adx : 16.75  aroonosc : 21.43
-----------------------------------------------
10:47:04 : SCANNING : GSPL
circuit : 0.77%  2021-12-21T10:45:00+0530
adx : 26.28  aroonosc : -14.29
-----------------------------------------------
10:47:04 : SCANNING : GUJALKALI
circuit : 0.17%  2021-12-21T10:45:00+0530
adx : 38.13  aroonosc : 21.43
-----------------------------------------------
10:47:04 : SCANNING : GUJGASLTD
circuit : 1.48%  2021-12-21T10:45:00+0530
adx : 52.5  aroonosc : 57.14
-----------------------------------------------
10:47:05 : SCANNING : GULFOILLUB
circuit : -0.25%  2021-12-21T10:45:00+0530
adx : 22.56  aroonosc : 35.71
-----------------------------------------------
10:47:05 : SCANNING : HAL
circuit : 0.34%  2021-12-21T10:45:00+0530
adx : 32.05  aroonosc : 14.29
-----------------------------------------------
10:47:06 : SCANNING : HATSUN
circuit : -2.19%  2021-12-21T10:45:00+0530
adx : 18.6  aroonosc : -71.43
-----------------------------------------------
10:47:06 : SCANNING : HAVELLS
circuit : 2.96%  2021-12-21T10:45:00+0530
adx : 40.18  aroonosc : 35.71
-----------------------------------------------
10:47:06 : SCANNING : HCLTECH
circuit : 3.38%  2021-12-21T10:45:00+0530
adx : 61.7  aroonosc : 42.86
-----------------------------------------------
10:47:07 : SCANNING : HDFC
circuit : -0.53%  2021-12-21T10:45:00+0530
adx : 48.26  aroonosc : 85.71
-----------------------------------------------
10:47:07 : SCANNING : HDFCAMC
circuit : 0.47%  2021-12-21T10:45:00+0530
adx : 29.22  aroonosc : 71.43
-----------------------------------------------
10:47:07 : SCANNING : HDFCBANK
circuit : 0.36%  2021-12-21T10:45:00+0530
adx : 17.76  aroonosc : 92.86
-----------------------------------------------
10:47:08 : SCANNING : HDFCLIFE
-----------------------------------------------
10:47:08 : SCANNING : HEG
circuit : -0.27%  2021-12-21T10:45:00+0530
adx : 14.73  aroonosc : -35.71
-----------------------------------------------
10:47:09 : SCANNING : HEIDELBERG
circuit : 0.09%  2021-12-21T10:45:00+0530
adx : 19.68  aroonosc : -28.57
-----------------------------------------------
10:47:09 : SCANNING : HEMIPROP
circuit : 1.84%  2021-12-21T10:45:00+0530
adx : 28.34  aroonosc : 35.71
-----------------------------------------------
10:47:09 : SCANNING : HEROMOTOCO
circuit : -1.26%  2021-12-21T10:45:00+0530
adx : 37.48  aroonosc : 28.57
-----------------------------------------------
10:47:10 : SCANNING : HINDALCO
circuit : 2.13%  2021-12-21T10:45:00+0530
adx : 57.43  aroonosc : 100.0
rpt : 1190.0
{'candle': 'green', 'type': 'BUY', 'instrument': 'HINDALCO', 'price': 447.0, 'qty': 1331, 'target': 447.6, 'stoploss': 446.4, 'volume': 59680, 'adx': 57.433772254121536, 'aroonosc': 100.0, 'atr': 1.490914055334155, 'open': 446.7, 'high': 447.6, 'low': 446.4, 'close': 447.35, 'product': 'MIS', 'time': '2021-12-21T10:45:00+0530'}
10:47:10 : Time Gap : 130
10:47:10 : Validation : Success
{'variety': 'regular', 'exchange': 'NSE', 'tradingsymbol': 'HINDALCO', 'transaction_type': 'BUY', 'order_type': 'MARKET', 'quantity': 1331, 'price': 0, 'product': 'MIS', 'validity': 'DAY', 'disclosed_quantity': 0, 'trigger_price': 0, 'squareoff': 0, 'stoploss': 0, 'trailing_stoploss': 0, 'user_id': 'VM7727'}
10:47:10 : TRADE LOCK
{'variety': 'regular', 'exchange': 'NSE', 'tradingsymbol': 'HINDALCO', 'transaction_type': 'SELL', 'order_type': 'SL-M', 'quantity': 1331, 'price': 0, 'product': 'MIS', 'validity': 'DAY', 'disclosed_quantity': 0, 'trigger_price': 446.4, 'squareoff': 0, 'stoploss': 0, 'trailing_stoploss': 0, 'user_id': 'VM7727'}
10:47:11 : STOPLOSS LOCK
{'variety': 'regular', 'exchange': 'NSE', 'tradingsymbol': 'HINDALCO', 'transaction_type': 'SELL', 'order_type': 'LIMIT', 'quantity': 1331, 'price': 447.6, 'product': 'MIS', 'validity': 'DAY', 'disclosed_quantity': 0, 'trigger_price': 0, 'squareoff': 0, 'stoploss': 0, 'trailing_stoploss': 0, 'user_id': 'VM7727'}
10:47:11 : TARGET LOCK
-----------------------------------------------
10:47:12 : SCANNING : HINDCOPPER
circuit : 1.27%  2021-12-21T10:45:00+0530
adx : 38.17  aroonosc : 71.43
-----------------------------------------------
10:47:12 : SCANNING : HINDPETRO
circuit : 0.96%  2021-12-21T10:45:00+0530
adx : 19.63  aroonosc : 85.71
-----------------------------------------------
10:47:12 : SCANNING : HINDUNILVR
circuit : -0.04%  2021-12-21T10:45:00+0530
adx : 31.94  aroonosc : 7.14
-----------------------------------------------
10:47:13 : SCANNING : HINDZINC
circuit : 1.96%  2021-12-21T10:45:00+0530
adx : 27.75  aroonosc : 92.86
-----------------------------------------------
10:47:13 : SCANNING : HONAUT
circuit : -0.35%  2021-12-21T10:45:00+0530
adx : 18.39  aroonosc : -57.14
-----------------------------------------------
10:47:13 : SCANNING : HSCL
circuit : 1.65%  2021-12-21T10:45:00+0530
adx : 46.45  aroonosc : 21.43
-----------------------------------------------
10:47:14 : SCANNING : HUDCO
circuit : 0.52%  2021-12-21T10:45:00+0530
adx : 21.82  aroonosc : -64.29
-----------------------------------------------
10:47:14 : SCANNING : HUHTAMAKI
circuit : 1.36%  2021-12-21T10:45:00+0530
adx : 14.3  aroonosc : 85.71
-----------------------------------------------
10:47:14 : SCANNING : IBREALEST
circuit : 3.41%  2021-12-21T10:45:00+0530
adx : 45.92  aroonosc : 64.29
-----------------------------------------------
10:47:15 : SCANNING : IBULHSGFIN
circuit : 0.77%  2021-12-21T10:45:00+0530
adx : 27.76  aroonosc : 7.14
-----------------------------------------------
10:47:15 : SCANNING : ICICIBANK
circuit : 0.49%  2021-12-21T10:45:00+0530
adx : 46.89  aroonosc : 85.71
-----------------------------------------------
10:47:15 : SCANNING : ICICIGI
circuit : 1.79%  2021-12-21T10:45:00+0530
adx : 40.01  aroonosc : 92.86
-----------------------------------------------
10:47:16 : SCANNING : ICICIPRULI
circuit : 2.28%  2021-12-21T10:45:00+0530
adx : 41.17  aroonosc : 78.57
-----------------------------------------------
10:47:16 : SCANNING : ICIL
circuit : -1.48%  2021-12-21T10:45:00+0530
adx : 20.26  aroonosc : 64.29
-----------------------------------------------
10:47:16 : SCANNING : IDBI
circuit : 2.63%  2021-12-21T10:45:00+0530
adx : 48.11  aroonosc : 35.71
-----------------------------------------------
10:47:17 : SCANNING : IDEA
circuit : 5.05%  2021-12-21T10:45:00+0530
adx : 47.09  aroonosc : 71.43
-----------------------------------------------
10:47:17 : SCANNING : IDFC
circuit : 1.47%  2021-12-21T10:45:00+0530
adx : 41.8  aroonosc : 85.71
-----------------------------------------------
10:47:17 : SCANNING : IDFCFIRSTB
-----------------------------------------------
10:47:17 : SCANNING : IEX
circuit : 1.28%  2021-12-21T10:45:00+0530
adx : 37.65  aroonosc : 71.43
-----------------------------------------------
10:47:18 : SCANNING : IFBIND
circuit : 0.33%  2021-12-21T10:45:00+0530
adx : 31.92  aroonosc : -42.86
-----------------------------------------------
10:47:18 : SCANNING : IGL
circuit : 0.95%  2021-12-21T10:45:00+0530
adx : 37.64  aroonosc : 100.0
-----------------------------------------------
10:47:18 : SCANNING : IIFL
circuit : 0.4%  2021-12-21T10:45:00+0530
adx : 24.55  aroonosc : 21.43
-----------------------------------------------
10:47:19 : SCANNING : IIFLWAM
circuit : -0.95%  2021-12-21T10:45:00+0530
adx : 22.14  aroonosc : -50.0
-----------------------------------------------
10:47:19 : SCANNING : INDHOTEL
circuit : -0.24%  2021-12-21T10:45:00+0530
adx : 13.23  aroonosc : 78.57
-----------------------------------------------
10:47:19 : SCANNING : INDIACEM
circuit : 1.3%  2021-12-21T10:45:00+0530
adx : 39.2  aroonosc : 100.0
-----------------------------------------------
10:47:20 : SCANNING : INDIAMART
circuit : -0.15%  2021-12-21T10:45:00+0530
adx : 10.47  aroonosc : 21.43
-----------------------------------------------
10:47:20 : SCANNING : INDIANB
circuit : 1.04%  2021-12-21T10:45:00+0530
adx : 31.94  aroonosc : 28.57
-----------------------------------------------
10:47:21 : SCANNING : INDIGO
circuit : 0.15%  2021-12-21T10:45:00+0530
adx : 22.3  aroonosc : 78.57
-----------------------------------------------
10:47:21 : SCANNING : INDOCO
circuit : 1.16%  2021-12-21T10:45:00+0530
adx : 25.41  aroonosc : 78.57
-----------------------------------------------
10:47:21 : SCANNING : INDUSINDBK
circuit : 0.46%  2021-12-21T10:45:00+0530
adx : 27.29  aroonosc : 28.57
-----------------------------------------------
10:47:22 : SCANNING : INDUSTOWER
circuit : 3.88%  2021-12-21T10:45:00+0530
adx : 45.69  aroonosc : 92.86
-----------------------------------------------
10:47:22 : SCANNING : INFIBEAM
circuit : 1.54%  2021-12-21T10:45:00+0530
adx : 38.95  aroonosc : 71.43
-----------------------------------------------
10:47:22 : SCANNING : INFY
circuit : 1.55%  2021-12-21T10:45:00+0530
adx : 34.82  aroonosc : 92.86
-----------------------------------------------
10:47:23 : SCANNING : INGERRAND
circuit : 0.86%  2021-12-21T10:45:00+0530
adx : 20.0  aroonosc : -57.14
-----------------------------------------------
10:47:23 : SCANNING : INOXLEISUR
circuit : 3.43%  2021-12-21T10:45:00+0530
adx : 49.96  aroonosc : 78.57
-----------------------------------------------
10:47:23 : SCANNING : INTELLECT
circuit : 0.64%  2021-12-21T10:45:00+0530
adx : 21.07  aroonosc : 28.57
-----------------------------------------------
10:47:24 : SCANNING : IOB
circuit : 1.49%  2021-12-21T10:45:00+0530
adx : 37.89  aroonosc : 71.43
-----------------------------------------------
10:47:24 : SCANNING : IOC
circuit : -0.23%  2021-12-21T10:45:00+0530
adx : 11.42  aroonosc : 64.29
-----------------------------------------------
10:47:24 : SCANNING : IOLCP
circuit : -0.87%  2021-12-21T10:45:00+0530
adx : 47.67  aroonosc : 71.43
-----------------------------------------------
10:47:25 : SCANNING : IPCALAB
circuit : 0.3%  2021-12-21T10:45:00+0530
adx : 10.12  aroonosc : 28.57
-----------------------------------------------
10:47:25 : SCANNING : IRB
circuit : -1.38%  2021-12-21T10:45:00+0530
adx : 15.98  aroonosc : -64.29
-----------------------------------------------
10:47:25 : SCANNING : IRCON
circuit : 0.22%  2021-12-21T10:45:00+0530
adx : 27.32  aroonosc : 92.86
-----------------------------------------------
10:47:26 : SCANNING : IRCTC
circuit : 0.75%  2021-12-21T10:45:00+0530
adx : 34.28  aroonosc : 85.71
-----------------------------------------------
10:47:26 : SCANNING : ISEC
circuit : 1.18%  2021-12-21T10:45:00+0530
adx : 24.05  aroonosc : -71.43
-----------------------------------------------
10:47:26 : SCANNING : ITC
circuit : -0.02%  2021-12-21T10:45:00+0530
adx : 21.43  aroonosc : 71.43
-----------------------------------------------
10:47:27 : SCANNING : ITI
circuit : 1.11%  2021-12-21T10:45:00+0530
adx : 24.98  aroonosc : 50.0
-----------------------------------------------
10:47:27 : SCANNING : J&KBANK
circuit : 1.88%  2021-12-21T10:45:00+0530
adx : 27.46  aroonosc : 0.0
-----------------------------------------------
10:47:27 : SCANNING : JAMNAAUTO
circuit : 3.11%  2021-12-21T10:45:00+0530
adx : 29.01  aroonosc : 64.29
-----------------------------------------------
10:47:28 : SCANNING : JBCHEPHARM
circuit : -0.51%  2021-12-21T10:45:00+0530
adx : 46.53  aroonosc : -64.29
-----------------------------------------------
10:47:28 : SCANNING : JCHAC
circuit : 1.73%  2021-12-21T10:45:00+0530
adx : 37.59  aroonosc : 35.71
-----------------------------------------------
10:47:29 : SCANNING : JINDALSAW
circuit : 1.84%  2021-12-21T10:45:00+0530
adx : 22.25  aroonosc : 21.43
-----------------------------------------------
10:47:29 : SCANNING : JINDALSTEL
circuit : 2.16%  2021-12-21T10:45:00+0530
adx : 50.45  aroonosc : 35.71
-----------------------------------------------
10:47:29 : SCANNING : JKCEMENT
circuit : 2.49%  2021-12-21T10:45:00+0530
adx : 25.77  aroonosc : 85.71
-----------------------------------------------
10:47:29 : SCANNING : JKLAKSHMI
circuit : 0.58%  2021-12-21T10:45:00+0530
adx : 17.34  aroonosc : 28.57
-----------------------------------------------
10:47:30 : SCANNING : JKPAPER
circuit : 1.13%  2021-12-21T10:45:00+0530
adx : 28.46  aroonosc : 28.57
-----------------------------------------------
10:47:30 : SCANNING : JKTYRE
circuit : 2.46%  2021-12-21T10:45:00+0530
adx : 36.88  aroonosc : 78.57
-----------------------------------------------
10:47:31 : SCANNING : JMFINANCIL
circuit : -1.17%  2021-12-21T10:45:00+0530
adx : 22.03  aroonosc : 28.57
-----------------------------------------------
10:47:31 : SCANNING : JSL
circuit : 3.24%  2021-12-21T10:45:00+0530
adx : 27.16  aroonosc : 50.0
-----------------------------------------------
10:47:31 : SCANNING : JSLHISAR
circuit : 3.08%  2021-12-21T10:45:00+0530
adx : 23.43  aroonosc : 64.29
-----------------------------------------------
10:47:31 : SCANNING : JSWSTEEL
circuit : 2.67%  2021-12-21T10:45:00+0530
adx : 65.49  aroonosc : 28.57
-----------------------------------------------
10:47:32 : SCANNING : JTEKTINDIA
circuit : 1.29%  2021-12-21T10:45:00+0530
adx : 17.59  aroonosc : 78.57
-----------------------------------------------
10:47:32 : SCANNING : JUBLFOOD
circuit : -0.12%  2021-12-21T10:45:00+0530
adx : 16.07  aroonosc : 57.14
-----------------------------------------------
10:47:32 : SCANNING : JUSTDIAL
circuit : 2.63%  2021-12-21T10:45:00+0530
adx : 38.04  aroonosc : 28.57
-----------------------------------------------
10:47:33 : SCANNING : JYOTHYLAB
circuit : 0.57%  2021-12-21T10:45:00+0530
adx : 24.49  aroonosc : 28.57
-----------------------------------------------
10:47:33 : SCANNING : KAJARIACER
circuit : 1.72%  2021-12-21T10:45:00+0530
adx : 20.28  aroonosc : 78.57
-----------------------------------------------
10:47:33 : SCANNING : KALPATPOWR
circuit : 0.81%  2021-12-21T10:45:00+0530
adx : 14.05  aroonosc : 14.29
-----------------------------------------------
10:47:34 : SCANNING : KANSAINER
circuit : 0.62%  2021-12-21T10:45:00+0530
adx : 27.95  aroonosc : 78.57
-----------------------------------------------
10:47:34 : SCANNING : KARURVYSYA
circuit : -0.22%  2021-12-21T10:45:00+0530
adx : 31.62  aroonosc : 35.71
-----------------------------------------------
10:47:34 : SCANNING : KEC
circuit : 0.6%  2021-12-21T10:45:00+0530
adx : 12.15  aroonosc : 7.14
-----------------------------------------------
10:47:35 : SCANNING : KEI
circuit : -0.58%  2021-12-21T10:45:00+0530
adx : 11.52  aroonosc : 0.0
-----------------------------------------------
10:47:35 : SCANNING : KNRCON
circuit : 0.27%  2021-12-21T10:45:00+0530
adx : 8.89  aroonosc : 14.29
-----------------------------------------------
10:47:35 : SCANNING : KOTAKBANK
circuit : -0.2%  2021-12-21T10:45:00+0530
adx : 22.8  aroonosc : 92.86
-----------------------------------------------
10:47:36 : SCANNING : KPITTECH
circuit : 2.9%  2021-12-21T10:45:00+0530
adx : 33.38  aroonosc : 21.43
-----------------------------------------------
10:47:36 : SCANNING : KPRMILL
circuit : 2.22%  2021-12-21T10:45:00+0530
adx : 19.87  aroonosc : 28.57
-----------------------------------------------
10:47:36 : SCANNING : KRBL
circuit : 0.29%  2021-12-21T10:45:00+0530
adx : 17.93  aroonosc : 28.57
-----------------------------------------------
10:47:37 : SCANNING : KSB
circuit : 1.68%  2021-12-21T10:45:00+0530
adx : 12.58  aroonosc : 57.14
-----------------------------------------------
10:47:37 : SCANNING : KSCL
circuit : -0.96%  2021-12-21T10:45:00+0530
adx : 23.68  aroonosc : 14.29
-----------------------------------------------
10:47:37 : SCANNING : L&TFH
circuit : 3.65%  2021-12-21T10:45:00+0530
adx : 56.88  aroonosc : 85.71
-----------------------------------------------
10:47:38 : SCANNING : LALPATHLAB
circuit : -0.32%  2021-12-21T10:45:00+0530
adx : 15.96  aroonosc : 85.71
-----------------------------------------------
10:47:38 : SCANNING : LAOPALA
circuit : 3.31%  2021-12-21T10:45:00+0530
adx : 40.01  aroonosc : 21.43
-----------------------------------------------
10:47:39 : SCANNING : LAURUSLABS
circuit : 1.88%  2021-12-21T10:45:00+0530
adx : 18.46  aroonosc : 50.0
-----------------------------------------------
10:47:39 : SCANNING : LAXMIMACH
circuit : 3.06%  2021-12-21T10:45:00+0530
adx : 25.21  aroonosc : 35.71
-----------------------------------------------
10:47:39 : SCANNING : LEMONTREE
circuit : 4.13%  2021-12-21T10:45:00+0530
adx : 36.17  aroonosc : 64.29
-----------------------------------------------
10:47:40 : SCANNING : LICHSGFIN
circuit : 0.2%  2021-12-21T10:45:00+0530
adx : 35.88  aroonosc : 78.57
-----------------------------------------------
10:47:40 : SCANNING : LINDEINDIA
circuit : 1.21%  2021-12-21T10:45:00+0530
adx : 14.13  aroonosc : 42.86
-----------------------------------------------
10:47:40 : SCANNING : LT
circuit : 0.28%  2021-12-21T10:45:00+0530
adx : 26.7  aroonosc : 0.0
-----------------------------------------------
10:47:41 : SCANNING : LTI
circuit : 2.44%  2021-12-21T10:45:00+0530
adx : 30.51  aroonosc : 92.86
-----------------------------------------------
10:47:41 : SCANNING : LTTS
circuit : 1.27%  2021-12-21T10:45:00+0530
adx : 24.36  aroonosc : 57.14
-----------------------------------------------
10:47:41 : SCANNING : LUPIN
circuit : 0.13%  2021-12-21T10:45:00+0530
adx : 31.93  aroonosc : 64.29
-----------------------------------------------
10:47:42 : SCANNING : LUXIND
circuit : 0.15%  2021-12-21T10:45:00+0530
adx : 31.48  aroonosc : 28.57
-----------------------------------------------
10:47:42 : SCANNING : M&M
circuit : -0.21%  2021-12-21T10:45:00+0530
adx : 28.31  aroonosc : -7.14
-----------------------------------------------
10:47:42 : SCANNING : M&MFIN
circuit : 0.68%  2021-12-21T10:45:00+0530
adx : 20.98  aroonosc : 71.43
-----------------------------------------------
10:47:43 : SCANNING : MAHABANK
circuit : 0.53%  2021-12-21T10:45:00+0530
adx : 13.93  aroonosc : 92.86
-----------------------------------------------
10:47:43 : SCANNING : MAHINDCIE
circuit : 1.41%  2021-12-21T10:45:00+0530
adx : 21.36  aroonosc : 42.86
-----------------------------------------------
10:47:43 : SCANNING : MAHLOG
circuit : -1.66%  2021-12-21T10:45:00+0530
adx : 11.93  aroonosc : -85.71
-----------------------------------------------
10:47:44 : SCANNING : MAHSCOOTER
circuit : 2.37%  2021-12-21T10:45:00+0530
adx : 27.9  aroonosc : 71.43
-----------------------------------------------
10:47:44 : SCANNING : MAHSEAMLES
circuit : 1.6%  2021-12-21T10:45:00+0530
adx : 44.72  aroonosc : 21.43
-----------------------------------------------
10:47:44 : SCANNING : MANAPPURAM
circuit : -0.6%  2021-12-21T10:45:00+0530
adx : 33.41  aroonosc : 78.57
-----------------------------------------------
10:47:45 : SCANNING : MARICO
circuit : 0.53%  2021-12-21T10:45:00+0530
adx : 28.0  aroonosc : 100.0
-----------------------------------------------
10:47:45 : SCANNING : MARUTI
circuit : 0.47%  2021-12-21T10:45:00+0530
adx : 32.39  aroonosc : 100.0
-----------------------------------------------
10:47:45 : SCANNING : MASFIN
circuit : 2.27%  2021-12-21T10:45:00+0530
adx : 20.12  aroonosc : 92.86
-----------------------------------------------
10:47:46 : SCANNING : MAXHEALTH
circuit : 1.48%  2021-12-21T10:45:00+0530
adx : 35.66  aroonosc : 50.0
-----------------------------------------------
10:47:46 : SCANNING : MAZDOCK
circuit : 0.83%  2021-12-21T10:45:00+0530
adx : 26.05  aroonosc : 64.29
-----------------------------------------------
10:47:46 : SCANNING : MCDOWELL-N
circuit : 2.27%  2021-12-21T10:45:00+0530
adx : 42.63  aroonosc : 78.57
-----------------------------------------------
10:47:47 : SCANNING : MCX
circuit : 0.86%  2021-12-21T10:45:00+0530
adx : 36.62  aroonosc : 64.29
-----------------------------------------------
10:47:47 : SCANNING : METROPOLIS
circuit : 2.6%  2021-12-21T10:45:00+0530
adx : 35.28  aroonosc : 71.43
-----------------------------------------------
10:47:47 : SCANNING : MFSL
circuit : 3.76%  2021-12-21T10:45:00+0530
adx : 20.34  aroonosc : 85.71
-----------------------------------------------
10:47:48 : SCANNING : MGL
circuit : 0.42%  2021-12-21T10:45:00+0530
adx : 29.37  aroonosc : 92.86
-----------------------------------------------
10:47:48 : SCANNING : MHRIL
circuit : -0.64%  2021-12-21T10:45:00+0530
adx : 17.62  aroonosc : 57.14
-----------------------------------------------
10:47:48 : SCANNING : MIDHANI
circuit : 0.86%  2021-12-21T10:45:00+0530
adx : 16.38  aroonosc : 78.57
-----------------------------------------------
10:47:49 : SCANNING : MINDACORP
circuit : 1.53%  2021-12-21T10:45:00+0530
adx : 34.38  aroonosc : 85.71
-----------------------------------------------
10:47:49 : SCANNING : MINDAIND
circuit : 1.0%  2021-12-21T10:45:00+0530
adx : 36.96  aroonosc : 71.43
-----------------------------------------------
10:47:49 : SCANNING : MINDTREE
circuit : 1.05%  2021-12-21T10:45:00+0530
adx : 41.96  aroonosc : 28.57
-----------------------------------------------
10:47:50 : SCANNING : MMTC
circuit : 1.6%  2021-12-21T10:45:00+0530
adx : 36.88  aroonosc : 35.71
-----------------------------------------------
10:47:50 : SCANNING : MOIL
circuit : 1.92%  2021-12-21T10:45:00+0530
adx : 34.12  aroonosc : 92.86
-----------------------------------------------
10:47:50 : SCANNING : MOTILALOFS
circuit : 0.47%  2021-12-21T10:45:00+0530
adx : 24.75  aroonosc : 57.14
-----------------------------------------------
10:47:51 : SCANNING : MPHASIS
circuit : 0.99%  2021-12-21T10:45:00+0530
adx : 31.32  aroonosc : -64.29
-----------------------------------------------
10:47:51 : SCANNING : MRF
circuit : 0.43%  2021-12-21T10:45:00+0530
adx : 20.41  aroonosc : -7.14
-----------------------------------------------
10:47:51 : SCANNING : MRPL
circuit : -0.47%  2021-12-21T10:45:00+0530
adx : 26.41  aroonosc : -71.43
-----------------------------------------------
10:47:52 : SCANNING : MUTHOOTFIN
circuit : 0.36%  2021-12-21T10:45:00+0530
adx : 17.2  aroonosc : 78.57
-----------------------------------------------
10:47:52 : SCANNING : NAM-INDIA
circuit : 1.49%  2021-12-21T10:45:00+0530
adx : 20.54  aroonosc : 78.57
-----------------------------------------------
10:47:52 : SCANNING : NATCOPHARM
circuit : 2.46%  2021-12-21T10:45:00+0530
adx : 15.51  aroonosc : 35.71
-----------------------------------------------
10:47:53 : SCANNING : NATIONALUM
circuit : 2.85%  2021-12-21T10:45:00+0530
adx : 53.53  aroonosc : 42.86
-----------------------------------------------
10:47:53 : SCANNING : NAUKRI
circuit : 0.27%  2021-12-21T10:45:00+0530
adx : 20.52  aroonosc : 50.0
-----------------------------------------------
10:47:53 : SCANNING : NAVINFLUOR
circuit : 3.23%  2021-12-21T10:45:00+0530
adx : 56.41  aroonosc : 85.71
-----------------------------------------------
10:47:54 : SCANNING : NBCC
circuit : 0.36%  2021-12-21T10:45:00+0530
adx : 31.62  aroonosc : 92.86
-----------------------------------------------
10:47:54 : SCANNING : NCC
circuit : 0.8%  2021-12-21T10:45:00+0530
adx : 40.53  aroonosc : 100.0
-----------------------------------------------
10:47:54 : SCANNING : NESCO
circuit : 1.59%  2021-12-21T10:45:00+0530
adx : 15.35  aroonosc : -71.43
-----------------------------------------------
10:47:55 : SCANNING : NESTLEIND
circuit : 0.91%  2021-12-21T10:45:00+0530
adx : 46.17  aroonosc : 100.0
-----------------------------------------------
10:47:55 : SCANNING : NETWORK18
circuit : 2.58%  2021-12-21T10:45:00+0530
adx : 26.71  aroonosc : 92.86
-----------------------------------------------
10:47:56 : SCANNING : NFL
circuit : 1.52%  2021-12-21T10:45:00+0530
adx : 32.66  aroonosc : 71.43
-----------------------------------------------
10:47:56 : SCANNING : NH
circuit : 0.7%  2021-12-21T10:45:00+0530
adx : 8.56  aroonosc : 42.86
-----------------------------------------------
10:47:56 : SCANNING : NHPC
circuit : 2.02%  2021-12-21T10:45:00+0530
adx : 36.25  aroonosc : 92.86
-----------------------------------------------
10:47:57 : SCANNING : NIACL
circuit : 0.11%  2021-12-21T10:45:00+0530
adx : 24.8  aroonosc : 35.71
-----------------------------------------------
10:47:57 : SCANNING : NILKAMAL
circuit : 0.31%  2021-12-21T10:45:00+0530
adx : 11.14  aroonosc : 78.57
-----------------------------------------------
10:47:58 : SCANNING : NLCINDIA
circuit : 0.6%  2021-12-21T10:45:00+0530
adx : 28.07  aroonosc : -21.43
-----------------------------------------------
10:47:58 : SCANNING : NMDC
circuit : 7.2%  2021-12-21T10:45:00+0530
adx : 17.15  aroonosc : 85.71
-----------------------------------------------
10:47:58 : SCANNING : NOCIL
circuit : -0.13%  2021-12-21T10:45:00+0530
adx : 28.76  aroonosc : 64.29
-----------------------------------------------
10:47:59 : SCANNING : NTPC
circuit : 0.4%  2021-12-21T10:45:00+0530
adx : 36.27  aroonosc : -35.71
rpt : 1190.0
{'candle': 'green', 'type': 'BUY', 'instrument': 'NTPC', 'price': 120.2, 'qty': 4949, 'target': 120.35, 'stoploss': 120.05, 'volume': 82550, 'adx': 50.48648436642578, 'aroonosc': 64.28571428571429, 'atr': 0.35497661662436336, 'open': 120.15, 'high': 120.35, 'low': 120.05, 'close': 120.35, 'product': 'MIS', 'time': '2021-12-20T13:45:00+0530'}
10:47:59 : Validation Failed : Time Gap in Seconds : 75779
-----------------------------------------------
10:47:59 : SCANNING : OBEROIRLTY
circuit : 1.48%  2021-12-21T10:45:00+0530
adx : 26.75  aroonosc : 92.86
-----------------------------------------------
10:48:00 : SCANNING : OFSS
circuit : 1.36%  2021-12-21T10:45:00+0530
adx : 47.46  aroonosc : 57.14
-----------------------------------------------
10:48:00 : SCANNING : OIL
circuit : 1.78%  2021-12-21T10:45:00+0530
adx : 21.15  aroonosc : 92.86
-----------------------------------------------
10:48:00 : SCANNING : ONGC
circuit : -0.07%  2021-12-21T10:45:00+0530
adx : 32.26  aroonosc : 71.43
-----------------------------------------------
10:48:01 : SCANNING : ORIENTELEC
circuit : 2.15%  2021-12-21T10:45:00+0530
adx : 17.0  aroonosc : 85.71
-----------------------------------------------
10:48:01 : SCANNING : PAGEIND
circuit : 1.04%  2021-12-21T10:45:00+0530
adx : 21.32  aroonosc : 71.43
-----------------------------------------------
10:48:02 : SCANNING : PEL
circuit : 1.49%  2021-12-21T10:45:00+0530
adx : 26.09  aroonosc : 85.71
-----------------------------------------------
10:48:02 : SCANNING : PERSISTENT
circuit : -0.99%  2021-12-21T10:45:00+0530
adx : 35.28  aroonosc : 100.0
-----------------------------------------------
10:48:02 : SCANNING : PETRONET
circuit : -0.05%  2021-12-21T10:45:00+0530
adx : 13.3  aroonosc : 92.86
-----------------------------------------------
10:48:03 : SCANNING : PFC
circuit : 0.43%  2021-12-21T10:45:00+0530
adx : 18.7  aroonosc : 78.57
-----------------------------------------------
10:48:03 : SCANNING : PFIZER
circuit : 1.01%  2021-12-21T10:45:00+0530
adx : 18.09  aroonosc : 64.29
-----------------------------------------------
10:48:04 : SCANNING : PGHH
circuit : 0.55%  2021-12-21T10:45:00+0530
adx : 25.57  aroonosc : 21.43
-----------------------------------------------
10:48:04 : SCANNING : PGHL
circuit : -0.48%  2021-12-21T10:45:00+0530
adx : 19.98  aroonosc : -42.86
-----------------------------------------------
10:48:04 : SCANNING : PHILIPCARB
circuit : 0.84%  2021-12-21T10:45:00+0530
adx : 9.07  aroonosc : 21.43
-----------------------------------------------
10:48:05 : SCANNING : PHOENIXLTD
circuit : -3.41%  2021-12-21T10:45:00+0530
adx : 33.41  aroonosc : -28.57
-----------------------------------------------
10:48:05 : SCANNING : PIDILITIND
circuit : 0.44%  2021-12-21T10:45:00+0530
adx : 38.54  aroonosc : 64.29
-----------------------------------------------
10:48:05 : SCANNING : PIIND
circuit : 1.31%  2021-12-21T10:45:00+0530
adx : 34.12  aroonosc : 92.86
-----------------------------------------------
10:48:06 : SCANNING : PNB
circuit : 0.81%  2021-12-21T10:45:00+0530
adx : 20.83  aroonosc : -100.0
-----------------------------------------------
10:48:06 : SCANNING : PNBHOUSING
circuit : 5.01%  2021-12-21T10:45:00+0530
adx : 51.92  aroonosc : 100.0
-----------------------------------------------
10:48:06 : SCANNING : PNCINFRA
circuit : -0.28%  2021-12-21T10:45:00+0530
adx : 25.94  aroonosc : 78.57
-----------------------------------------------
10:48:07 : SCANNING : POLYCAB
circuit : 0.8%  2021-12-21T10:45:00+0530
adx : 45.26  aroonosc : 78.57
-----------------------------------------------
10:48:07 : SCANNING : POLYMED
circuit : -0.58%  2021-12-21T10:45:00+0530
adx : 22.49  aroonosc : -7.14
-----------------------------------------------
10:48:07 : SCANNING : POLYPLEX
circuit : 0.91%  2021-12-21T10:45:00+0530
adx : 23.39  aroonosc : 85.71
-----------------------------------------------
10:48:08 : SCANNING : POWERGRID
circuit : -1.18%  2021-12-21T10:45:00+0530
adx : 15.05  aroonosc : -57.14
-----------------------------------------------
10:48:08 : SCANNING : POWERINDIA
circuit : 0.1%  2021-12-21T10:45:00+0530
adx : 23.2  aroonosc : -71.43
-----------------------------------------------
10:48:08 : SCANNING : PRESTIGE
circuit : 0.75%  2021-12-21T10:45:00+0530
adx : 23.34  aroonosc : 28.57
-----------------------------------------------
10:48:09 : SCANNING : PRINCEPIPE
circuit : 1.9%  2021-12-21T10:45:00+0530
adx : 34.69  aroonosc : 85.71
-----------------------------------------------
10:48:09 : SCANNING : PRSMJOHNSN
circuit : 3.82%  2021-12-21T10:45:00+0530
adx : 35.69  aroonosc : 50.0
-----------------------------------------------
10:48:10 : SCANNING : PSB
circuit : 0.94%  2021-12-21T10:45:00+0530
adx : 21.13  aroonosc : 50.0
-----------------------------------------------
10:48:10 : SCANNING : PVR
circuit : 0.71%  2021-12-21T10:45:00+0530
adx : 26.96  aroonosc : 78.57
-----------------------------------------------
10:48:10 : SCANNING : QUESS
circuit : 0.73%  2021-12-21T10:45:00+0530
adx : 21.81  aroonosc : 14.29
-----------------------------------------------
10:48:12 : SCANNING : RADICO
circuit : 0.61%  2021-12-21T10:45:00+0530
adx : 21.51  aroonosc : 35.71
-----------------------------------------------
10:48:12 : SCANNING : RAIN
circuit : -0.61%  2021-12-21T10:45:00+0530
adx : 14.54  aroonosc : 57.14
-----------------------------------------------
10:48:13 : SCANNING : RAJESHEXPO
circuit : -0.01%  2021-12-21T10:45:00+0530
adx : 9.91  aroonosc : -35.71
-----------------------------------------------
10:48:13 : SCANNING : RALLIS
circuit : 0.24%  2021-12-21T10:45:00+0530
adx : 10.67  aroonosc : 92.86
-----------------------------------------------
10:48:13 : SCANNING : RAMCOCEM
circuit : 1.81%  2021-12-21T10:45:00+0530
adx : 23.36  aroonosc : 100.0
-----------------------------------------------
10:48:14 : SCANNING : RATNAMANI
circuit : 3.78%  2021-12-21T10:45:00+0530
adx : 42.16  aroonosc : 21.43
-----------------------------------------------
10:48:14 : SCANNING : RAYMOND
circuit : 0.65%  2021-12-21T10:45:00+0530
adx : 34.13  aroonosc : 14.29
-----------------------------------------------
10:48:14 : SCANNING : RBLBANK
circuit : -0.12%  2021-12-21T10:45:00+0530
adx : 21.17  aroonosc : 78.57
-----------------------------------------------
10:48:15 : SCANNING : RCF
circuit : 1.59%  2021-12-21T10:45:00+0530
adx : 27.16  aroonosc : 78.57
-----------------------------------------------
10:48:15 : SCANNING : RECLTD
circuit : 0.82%  2021-12-21T10:45:00+0530
adx : 42.34  aroonosc : 71.43
-----------------------------------------------
10:48:16 : SCANNING : REDINGTON
-----------------------------------------------
10:48:16 : SCANNING : RELAXO
circuit : 2.43%  2021-12-21T10:45:00+0530
adx : 32.72  aroonosc : 50.0
-----------------------------------------------
10:48:16 : SCANNING : RELIANCE
circuit : 0.75%  2021-12-21T10:45:00+0530
adx : 52.22  aroonosc : 85.71
-----------------------------------------------
10:48:17 : SCANNING : RESPONIND
circuit : 2.28%  2021-12-21T10:45:00+0530
adx : 24.22  aroonosc : 7.14
-----------------------------------------------
10:48:17 : SCANNING : RHIM
circuit : 1.34%  2021-12-21T10:45:00+0530
adx : 35.73  aroonosc : 57.14
-----------------------------------------------
10:48:17 : SCANNING : RITES
circuit : -0.42%  2021-12-21T10:45:00+0530
adx : 11.94  aroonosc : 64.29
-----------------------------------------------
10:48:18 : SCANNING : ROSSARI
circuit : 0.28%  2021-12-21T10:45:00+0530
adx : 25.94  aroonosc : 57.14
-----------------------------------------------
10:48:18 : SCANNING : ROUTE
circuit : 0.98%  2021-12-21T10:45:00+0530
adx : 20.79  aroonosc : 64.29
-----------------------------------------------
10:48:18 : SCANNING : RVNL
circuit : 1.04%  2021-12-21T10:45:00+0530
adx : 52.1  aroonosc : 85.71
-----------------------------------------------
10:48:19 : SCANNING : SAIL
circuit : 2.09%  2021-12-21T10:45:00+0530
adx : 34.27  aroonosc : 50.0
-----------------------------------------------
10:48:19 : SCANNING : SANOFI
circuit : -0.03%  2021-12-21T10:45:00+0530
adx : 25.74  aroonosc : 71.43
-----------------------------------------------
10:48:20 : SCANNING : SBICARD
circuit : 0.68%  2021-12-21T10:45:00+0530
adx : 39.21  aroonosc : 42.86
-----------------------------------------------
10:48:20 : SCANNING : SBILIFE
circuit : -0.77%  2021-12-21T10:45:00+0530
adx : 15.88  aroonosc : 78.57
-----------------------------------------------
10:48:20 : SCANNING : SBIN
circuit : -0.24%  2021-12-21T10:45:00+0530
adx : 34.74  aroonosc : 71.43
-----------------------------------------------
10:48:21 : SCANNING : SCHAEFFLER
circuit : 2.46%  2021-12-21T10:45:00+0530
adx : 48.66  aroonosc : 64.29
-----------------------------------------------
10:48:21 : SCANNING : SCHNEIDER
circuit : -1.55%  2021-12-21T10:45:00+0530
adx : 21.35  aroonosc : -7.14
-----------------------------------------------
10:48:21 : SCANNING : SCI
circuit : 1.64%  2021-12-21T10:45:00+0530
adx : 19.72  aroonosc : 78.57
-----------------------------------------------
10:48:22 : SCANNING : SEQUENT
circuit : -0.16%  2021-12-21T10:45:00+0530
adx : 17.83  aroonosc : 64.29
-----------------------------------------------
10:48:22 : SCANNING : SFL
circuit : 1.68%  2021-12-21T10:45:00+0530
adx : 26.64  aroonosc : -7.14
-----------------------------------------------
10:48:22 : SCANNING : SHARDACROP
circuit : -2.93%  2021-12-21T10:45:00+0530
adx : 25.97  aroonosc : 7.14
-----------------------------------------------
10:48:23 : SCANNING : SHILPAMED
circuit : 2.39%  2021-12-21T10:45:00+0530
adx : 52.25  aroonosc : 71.43
-----------------------------------------------
10:48:23 : SCANNING : SHOPERSTOP
circuit : 1.93%  2021-12-21T10:45:00+0530
adx : 15.23  aroonosc : 78.57
-----------------------------------------------
10:48:24 : SCANNING : SHREECEM
circuit : 2.02%  2021-12-21T10:45:00+0530
adx : 43.63  aroonosc : 100.0
-----------------------------------------------
10:48:24 : SCANNING : SHRIRAMCIT
circuit : -2.25%  2021-12-21T10:45:00+0530
adx : 12.27  aroonosc : 85.71
-----------------------------------------------
10:48:24 : SCANNING : SIEMENS
circuit : 0.76%  2021-12-21T10:45:00+0530
adx : 29.74  aroonosc : 92.86
-----------------------------------------------
10:48:25 : SCANNING : SIS
circuit : 0.74%  2021-12-21T10:45:00+0530
adx : 48.83  aroonosc : 92.86
-----------------------------------------------
10:48:25 : SCANNING : SJVN
circuit : 0.9%  2021-12-21T10:45:00+0530
adx : 31.58  aroonosc : 50.0
-----------------------------------------------
10:48:26 : SCANNING : SKFINDIA
-----------------------------------------------
10:48:26 : SCANNING : SOBHA
circuit : 1.62%  2021-12-21T10:45:00+0530
adx : 21.52  aroonosc : 92.86
-----------------------------------------------
10:48:26 : SCANNING : SOLARA
circuit : -0.18%  2021-12-21T10:45:00+0530
adx : 21.27  aroonosc : -100.0
-----------------------------------------------
10:48:26 : SCANNING : SOLARINDS
circuit : -0.35%  2021-12-21T10:45:00+0530
adx : 17.16  aroonosc : -100.0
-----------------------------------------------
10:48:27 : SCANNING : SONATSOFTW
circuit : 2.57%  2021-12-21T10:45:00+0530
adx : 36.44  aroonosc : 35.71
-----------------------------------------------
10:48:27 : SCANNING : SPANDANA
circuit : -0.2%  2021-12-21T10:45:00+0530
adx : 27.03  aroonosc : 28.57
-----------------------------------------------
10:48:27 : SCANNING : SPARC
circuit : 1.54%  2021-12-21T10:45:00+0530
adx : 14.52  aroonosc : 35.71
-----------------------------------------------
10:48:28 : SCANNING : SPICEJET
circuit : -0.08%  2021-12-21T10:45:00+0530
adx : 25.82  aroonosc : 57.14
-----------------------------------------------
10:48:28 : SCANNING : SRF
circuit : 1.51%  2021-12-21T10:45:00+0530
adx : 35.02  aroonosc : 85.71
-----------------------------------------------
10:48:28 : SCANNING : SRTRANSFIN
circuit : -2.07%  2021-12-21T10:45:00+0530
adx : 21.83  aroonosc : 35.71
-----------------------------------------------
10:48:29 : SCANNING : STAR
circuit : -0.78%  2021-12-21T10:45:00+0530
adx : 13.19  aroonosc : 71.43
-----------------------------------------------
10:48:29 : SCANNING : STARCEMENT
circuit : 0.32%  2021-12-21T10:45:00+0530
adx : 17.96  aroonosc : 85.71
-----------------------------------------------
10:48:29 : SCANNING : STLTECH
circuit : 0.93%  2021-12-21T10:45:00+0530
adx : 29.13  aroonosc : -14.29
-----------------------------------------------
10:48:30 : SCANNING : SUDARSCHEM
circuit : 1.39%  2021-12-21T10:45:00+0530
adx : 35.1  aroonosc : 57.14
-----------------------------------------------
10:48:30 : SCANNING : SUMICHEM
circuit : 0.91%  2021-12-21T10:45:00+0530
adx : 17.55  aroonosc : 71.43
-----------------------------------------------
10:48:30 : SCANNING : SUNCLAYLTD
circuit : 1.71%  2021-12-21T10:45:00+0530
adx : 20.9  aroonosc : 71.43
-----------------------------------------------
10:48:31 : SCANNING : SUNDARMFIN
circuit : -0.45%  2021-12-21T10:45:00+0530
adx : 25.28  aroonosc : -7.14
-----------------------------------------------
10:48:31 : SCANNING : SUNDRMFAST
circuit : -1.7%  2021-12-21T10:45:00+0530
adx : 19.93  aroonosc : 100.0
-----------------------------------------------
10:48:31 : SCANNING : SUNPHARMA
circuit : 2.26%  2021-12-21T10:45:00+0530
adx : 41.87  aroonosc : 42.86
-----------------------------------------------
10:48:32 : SCANNING : SUNTECK
circuit : 1.27%  2021-12-21T10:45:00+0530
adx : 29.62  aroonosc : -64.29
-----------------------------------------------
10:48:32 : SCANNING : SUNTV
circuit : -0.2%  2021-12-21T10:45:00+0530
adx : 28.62  aroonosc : 78.57
-----------------------------------------------
10:48:32 : SCANNING : SUPPETRO
circuit : 0.61%  2021-12-21T10:45:00+0530
adx : 31.78  aroonosc : 35.71
-----------------------------------------------
10:48:33 : SCANNING : SUPRAJIT
circuit : 1.92%  2021-12-21T10:45:00+0530
adx : 41.05  aroonosc : 92.86
-----------------------------------------------
10:48:33 : SCANNING : SUPREMEIND
circuit : 4.84%  2021-12-21T10:45:00+0530
adx : 65.96  aroonosc : 92.86
-----------------------------------------------
10:48:33 : SCANNING : SUVENPHAR
circuit : 1.03%  2021-12-21T10:45:00+0530
adx : 14.32  aroonosc : 85.71
-----------------------------------------------
10:48:34 : SCANNING : SUZLON
circuit : 2.05%  2021-12-21T10:45:00+0530
adx : 39.43  aroonosc : 35.71
-----------------------------------------------
10:48:34 : SCANNING : SWANENERGY
circuit : 1.99%  2021-12-21T10:45:00+0530
adx : 29.87  aroonosc : -28.57
-----------------------------------------------
10:48:34 : SCANNING : SWSOLAR
circuit : 0.05%  2021-12-21T10:45:00+0530
adx : 16.65  aroonosc : 21.43
-----------------------------------------------
10:48:34 : SCANNING : SYMPHONY
circuit : 0.74%  2021-12-21T10:45:00+0530
adx : 38.81  aroonosc : 0.0
-----------------------------------------------
10:48:35 : SCANNING : SYNGENE
circuit : 0.26%  2021-12-21T10:45:00+0530
adx : 34.82  aroonosc : 64.29
-----------------------------------------------
10:48:35 : SCANNING : TASTYBITE
circuit : -1.35%  2021-12-21T10:45:00+0530
adx : 28.95  aroonosc : -35.71
-----------------------------------------------
10:48:35 : SCANNING : TATACHEM
circuit : 1.38%  2021-12-21T10:45:00+0530
adx : 36.63  aroonosc : 71.43
-----------------------------------------------
10:48:36 : SCANNING : TATACOFFEE
circuit : 1.45%  2021-12-21T10:45:00+0530
adx : 26.62  aroonosc : 64.29
-----------------------------------------------
10:48:36 : SCANNING : TATACOMM
circuit : -0.54%  2021-12-21T10:45:00+0530
adx : 15.65  aroonosc : 100.0
-----------------------------------------------
10:48:37 : SCANNING : TATACONSUM
circuit : 1.89%  2021-12-21T10:45:00+0530
adx : 46.84  aroonosc : 100.0
-----------------------------------------------
10:48:37 : SCANNING : TATAELXSI
circuit : 0.18%  2021-12-21T10:45:00+0530
adx : 10.65  aroonosc : 71.43
-----------------------------------------------
10:48:38 : SCANNING : TATAINVEST
circuit : 0.56%  2021-12-21T10:45:00+0530
adx : 32.38  aroonosc : 0.0
-----------------------------------------------
10:48:38 : SCANNING : TATAMOTORS
circuit : 1.24%  2021-12-21T10:45:00+0530
adx : 28.17  aroonosc : 92.86
-----------------------------------------------
10:48:38 : SCANNING : TATAPOWER
circuit : 0.52%  2021-12-21T10:45:00+0530
adx : 38.45  aroonosc : 71.43
-----------------------------------------------
10:48:39 : SCANNING : TATASTEEL
circuit : 2.2%  2021-12-21T10:45:00+0530
adx : 45.78  aroonosc : 100.0
-----------------------------------------------
10:48:39 : SCANNING : TCIEXP
circuit : 3.68%  2021-12-21T10:45:00+0530
adx : 22.75  aroonosc : 92.86
-----------------------------------------------
10:48:39 : SCANNING : TCNSBRANDS
circuit : 2.4%  2021-12-21T10:45:00+0530
adx : 16.53  aroonosc : 21.43
-----------------------------------------------
10:48:40 : SCANNING : TCS
circuit : 1.47%  2021-12-21T10:45:00+0530
adx : 48.58  aroonosc : 78.57
-----------------------------------------------
10:48:40 : SCANNING : TEAMLEASE
circuit : 0.41%  2021-12-21T10:45:00+0530
adx : 11.58  aroonosc : 7.14
-----------------------------------------------
10:48:40 : SCANNING : TECHM
circuit : 2.6%  2021-12-21T10:45:00+0530
adx : 38.21  aroonosc : 64.29
-----------------------------------------------
10:48:41 : SCANNING : THERMAX
circuit : 1.73%  2021-12-21T10:45:00+0530
adx : 34.05  aroonosc : 85.71
-----------------------------------------------
10:48:41 : SCANNING : THYROCARE
circuit : -1.39%  2021-12-21T10:45:00+0530
adx : 18.35  aroonosc : -57.14
-----------------------------------------------
10:48:42 : SCANNING : TIINDIA
circuit : -0.58%  2021-12-21T10:45:00+0530
adx : 23.65  aroonosc : -14.29
-----------------------------------------------
10:48:42 : SCANNING : TIMKEN
circuit : 2.35%  2021-12-21T10:45:00+0530
adx : 42.59  aroonosc : 85.71
-----------------------------------------------
10:48:42 : SCANNING : TITAN
circuit : 2.1%  2021-12-21T10:45:00+0530
adx : 40.76  aroonosc : 100.0
-----------------------------------------------
10:48:42 : SCANNING : TORNTPHARM
circuit : 1.36%  2021-12-21T10:45:00+0530
adx : 24.8  aroonosc : -28.57
-----------------------------------------------
10:48:43 : SCANNING : TORNTPOWER
circuit : 0.05%  2021-12-21T10:45:00+0530
adx : 26.43  aroonosc : -14.29
-----------------------------------------------
10:48:43 : SCANNING : TRENT
circuit : -0.41%  2021-12-21T10:45:00+0530
adx : 25.77  aroonosc : 71.43
-----------------------------------------------
10:48:43 : SCANNING : TRIDENT
circuit : 5.34%  2021-12-21T10:45:00+0530
adx : 15.56  aroonosc : 35.71
-----------------------------------------------
10:48:44 : SCANNING : TRITURBINE
circuit : -1.01%  2021-12-21T10:45:00+0530
adx : 52.24  aroonosc : 14.29
-----------------------------------------------
10:48:44 : SCANNING : TTKPRESTIG
circuit : 2.11%  2021-12-21T10:45:00+0530
adx : 21.74  aroonosc : 35.71
-----------------------------------------------
10:48:44 : SCANNING : TV18BRDCST
circuit : 0.67%  2021-12-21T10:45:00+0530
adx : 12.1  aroonosc : 92.86
-----------------------------------------------
10:48:45 : SCANNING : TVSMOTOR
circuit : 1.65%  2021-12-21T10:45:00+0530
adx : 42.93  aroonosc : 92.86
-----------------------------------------------
10:48:45 : SCANNING : UBL
circuit : 2.12%  2021-12-21T10:45:00+0530
adx : 29.27  aroonosc : 50.0
-----------------------------------------------
10:48:46 : SCANNING : UCOBANK
circuit : 1.18%  2021-12-21T10:45:00+0530
adx : 47.89  aroonosc : 35.71
-----------------------------------------------
10:48:46 : SCANNING : UFLEX
circuit : -1.35%  2021-12-21T10:45:00+0530
adx : 38.51  aroonosc : 71.43
-----------------------------------------------
10:48:46 : SCANNING : UJJIVAN
circuit : -0.46%  2021-12-21T10:45:00+0530
adx : 23.42  aroonosc : 71.43
-----------------------------------------------
10:48:47 : SCANNING : UJJIVANSFB
-----------------------------------------------
10:48:47 : SCANNING : ULTRACEMCO
circuit : 0.83%  2021-12-21T10:45:00+0530
adx : 28.82  aroonosc : 71.43
-----------------------------------------------
10:48:47 : SCANNING : UNIONBANK
circuit : 1.18%  2021-12-21T10:45:00+0530
adx : 10.15  aroonosc : 7.14
-----------------------------------------------
10:48:48 : SCANNING : UPL
circuit : 1.69%  2021-12-21T10:45:00+0530
adx : 41.4  aroonosc : 92.86
-----------------------------------------------
10:48:48 : SCANNING : UTIAMC
circuit : 1.38%  2021-12-21T10:45:00+0530
adx : 13.86  aroonosc : 50.0
-----------------------------------------------
10:48:49 : SCANNING : VAIBHAVGBL
circuit : 0.43%  2021-12-21T10:45:00+0530
adx : 21.29  aroonosc : 92.86
-----------------------------------------------
10:48:49 : SCANNING : VAKRANGEE
circuit : 1.97%  2021-12-21T10:45:00+0530
adx : 30.97  aroonosc : 85.71
-----------------------------------------------
10:48:49 : SCANNING : VALIANTORG
circuit : 1.1%  2021-12-21T10:45:00+0530
adx : 17.57  aroonosc : 85.71
-----------------------------------------------
10:48:50 : SCANNING : VARROC
circuit : 2.61%  2021-12-21T10:45:00+0530
adx : 23.64  aroonosc : 71.43
-----------------------------------------------
10:48:50 : SCANNING : VBL
circuit : 0.6%  2021-12-21T10:45:00+0530
adx : 13.76  aroonosc : 50.0
-----------------------------------------------
10:48:50 : SCANNING : VEDL
circuit : 1.79%  2021-12-21T10:45:00+0530
adx : 56.35  aroonosc : 100.0
-----------------------------------------------
10:48:51 : SCANNING : VENKEYS
circuit : -0.33%  2021-12-21T10:45:00+0530
adx : 27.75  aroonosc : 78.57
-----------------------------------------------
10:48:51 : SCANNING : VGUARD
circuit : 0.33%  2021-12-21T10:45:00+0530
adx : 12.79  aroonosc : 35.71
-----------------------------------------------
10:48:52 : SCANNING : VINATIORGA
circuit : -2.94%  2021-12-21T10:45:00+0530
adx : 19.55  aroonosc : -35.71
-----------------------------------------------
10:48:52 : SCANNING : VIPIND
circuit : 4.17%  2021-12-21T10:45:00+0530
adx : 28.78  aroonosc : 57.14
-----------------------------------------------
10:48:52 : SCANNING : VMART
circuit : -0.48%  2021-12-21T10:45:00+0530
adx : 22.43  aroonosc : 92.86
-----------------------------------------------
10:48:53 : SCANNING : VOLTAS
circuit : 0.77%  2021-12-21T10:45:00+0530
adx : 37.82  aroonosc : 35.71
-----------------------------------------------
10:48:53 : SCANNING : VSTIND
circuit : -0.04%  2021-12-21T10:45:00+0530
adx : 16.18  aroonosc : -85.71
-----------------------------------------------
10:48:53 : SCANNING : VTL
circuit : 6.62%  2021-12-21T10:45:00+0530
adx : 45.08  aroonosc : 85.71
-----------------------------------------------
10:48:54 : SCANNING : WABCOINDIA
circuit : 0.69%  2021-12-21T10:45:00+0530
adx : 10.46  aroonosc : -78.57
-----------------------------------------------
10:48:54 : SCANNING : WELCORP
circuit : 3.53%  2021-12-21T10:45:00+0530
adx : 43.14  aroonosc : 85.71
-----------------------------------------------
10:48:55 : SCANNING : WELSPUNIND
circuit : 1.14%  2021-12-21T10:45:00+0530
adx : 22.37  aroonosc : 28.57
-----------------------------------------------
10:48:55 : SCANNING : WESTLIFE
circuit : 0.22%  2021-12-21T10:45:00+0530
adx : 23.49  aroonosc : 85.71
-----------------------------------------------
10:48:55 : SCANNING : WHIRLPOOL
circuit : 0.84%  2021-12-21T10:45:00+0530
adx : 15.88  aroonosc : 28.57
-----------------------------------------------
10:48:55 : SCANNING : WIPRO
circuit : 1.4%  2021-12-21T10:45:00+0530
adx : 55.54  aroonosc : 57.14
-----------------------------------------------
10:48:56 : SCANNING : WOCKPHARMA
-----------------------------------------------
10:48:56 : SCANNING : YESBANK
circuit : 0.38%  2021-12-21T10:45:00+0530
adx : 43.86  aroonosc : 92.86
-----------------------------------------------
10:48:56 : SCANNING : ZEEL
circuit : 2.49%  2021-12-21T10:45:00+0530
adx : 29.45  aroonosc : 85.71
-----------------------------------------------
10:48:57 : SCANNING : ZENSARTECH
circuit : 3.64%  2021-12-21T10:45:00+0530
adx : 45.62  aroonosc : 35.71
-----------------------------------------------
10:48:57 : SCANNING : ZYDUSWELL
circuit : -1.11%  2021-12-21T10:45:00+0530
adx : 37.09  aroonosc : 28.57
-----------------------------------------------
10:48:57 : SCANNING : PAYTM
circuit : 1.42%  2021-12-21T10:45:00+0530
adx : 22.84  aroonosc : -71.43
-----------------------------------------------
===================================================
10:48:57 : END
===================================================
Start Time     : 2021-12-21 10:46:02.475455
End Time       : 2021-12-21 10:48:57.928019
Time Taken     : 2.0
===================================================
