===================================================
10:44:02 : START
===================================================
10:44:02 : PROCESSING INSTRUMENTS SYMBOLS
-----------------------------------------------
10:44:03 : SCANNING : 3MINDIA
circuit : -0.18%  2021-12-21T10:40:00+0530
adx : 30.37  aroonosc : 78.57
-----------------------------------------------
10:44:03 : SCANNING : AARTIDRUGS
circuit : 0.38%  2021-12-21T10:40:00+0530
adx : 12.24  aroonosc : 71.43
-----------------------------------------------
10:44:04 : SCANNING : AARTIIND
circuit : 1.41%  2021-12-21T10:40:00+0530
adx : 36.31  aroonosc : 71.43
-----------------------------------------------
10:44:04 : SCANNING : AAVAS
circuit : -0.16%  2021-12-21T10:40:00+0530
adx : 51.1  aroonosc : 85.71
-----------------------------------------------
10:44:05 : SCANNING : ABB
circuit : 1.97%  2021-12-21T10:40:00+0530
adx : 19.12  aroonosc : 92.86
-----------------------------------------------
10:44:05 : SCANNING : ABBOTINDIA
circuit : -0.14%  2021-12-21T10:40:00+0530
adx : 30.31  aroonosc : -14.29
-----------------------------------------------
10:44:06 : SCANNING : ABCAPITAL
circuit : 2.82%  2021-12-21T10:40:00+0530
adx : 33.73  aroonosc : 78.57
-----------------------------------------------
10:44:06 : SCANNING : ABFRL
circuit : 2.02%  2021-12-21T10:40:00+0530
adx : 41.66  aroonosc : 35.71
-----------------------------------------------
10:44:07 : SCANNING : ACC
circuit : 1.31%  2021-12-21T10:40:00+0530
adx : 44.92  aroonosc : 71.43
-----------------------------------------------
10:44:08 : SCANNING : ADANIENT
circuit : 0.64%  2021-12-21T10:40:00+0530
adx : 39.65  aroonosc : 64.29
-----------------------------------------------
10:44:08 : SCANNING : ADANIGREEN
circuit : 0.18%  2021-12-21T10:40:00+0530
adx : 24.9  aroonosc : -7.14
-----------------------------------------------
10:44:09 : SCANNING : ADANIPORTS
circuit : -0.7%  2021-12-21T10:40:00+0530
adx : 22.8  aroonosc : 28.57
-----------------------------------------------
10:44:09 : SCANNING : ADVENZYMES
circuit : 1.38%  2021-12-21T10:40:00+0530
adx : 21.9  aroonosc : 71.43
-----------------------------------------------
10:44:10 : SCANNING : AEGISCHEM
circuit : -2.22%  2021-12-21T10:40:00+0530
adx : 41.43  aroonosc : 78.57
-----------------------------------------------
10:44:10 : SCANNING : AFFLE
circuit : 1.24%  2021-12-21T10:40:00+0530
adx : 16.34  aroonosc : 21.43
-----------------------------------------------
10:44:11 : SCANNING : AIAENG
circuit : -0.61%  2021-12-21T10:40:00+0530
adx : 12.58  aroonosc : -21.43
-----------------------------------------------
10:44:11 : SCANNING : AJANTPHARM
circuit : -0.61%  2021-12-21T10:40:00+0530
adx : 18.81  aroonosc : -7.14
-----------------------------------------------
10:44:12 : SCANNING : AKZOINDIA
circuit : -1.2%  2021-12-21T10:40:00+0530
adx : 32.9  aroonosc : -100.0
-----------------------------------------------
10:44:12 : SCANNING : ALEMBICLTD
circuit : -0.56%  2021-12-21T10:40:00+0530
adx : 14.03  aroonosc : -7.14
-----------------------------------------------
10:44:12 : SCANNING : ALKEM
circuit : 0.62%  2021-12-21T10:40:00+0530
adx : 11.67  aroonosc : 7.14
-----------------------------------------------
10:44:13 : SCANNING : ALKYLAMINE
circuit : -1.71%  2021-12-21T10:40:00+0530
adx : 45.02  aroonosc : -42.86
-----------------------------------------------
10:44:13 : SCANNING : ALOKINDS
circuit : 1.32%  2021-12-21T10:40:00+0530
adx : 41.91  aroonosc : -21.43
-----------------------------------------------
10:44:13 : SCANNING : AMARAJABAT
circuit : 0.5%  2021-12-21T10:40:00+0530
adx : 35.71  aroonosc : -7.14
-----------------------------------------------
10:44:14 : SCANNING : AMBER
circuit : 3.09%  2021-12-21T10:40:00+0530
adx : 42.07  aroonosc : 78.57
-----------------------------------------------
10:44:15 : SCANNING : AMBUJACEM
circuit : 2.35%  2021-12-21T10:40:00+0530
adx : 45.39  aroonosc : 92.86
-----------------------------------------------
10:44:15 : SCANNING : ANGELBRKG
circuit : 2.72%  2021-12-21T10:40:00+0530
adx : 42.63  aroonosc : 78.57
-----------------------------------------------
10:44:16 : SCANNING : APLAPOLLO
circuit : 2.86%  2021-12-21T10:40:00+0530
adx : 16.34  aroonosc : 85.71
-----------------------------------------------
10:44:16 : SCANNING : APLLTD
circuit : -0.96%  2021-12-21T10:40:00+0530
adx : 48.98  aroonosc : -7.14
-----------------------------------------------
10:44:17 : SCANNING : APOLLOHOSP
circuit : -0.41%  2021-12-21T10:40:00+0530
adx : 29.83  aroonosc : -14.29
-----------------------------------------------
10:44:17 : SCANNING : APOLLOTYRE
circuit : 0.32%  2021-12-21T10:40:00+0530
adx : 21.56  aroonosc : -7.14
-----------------------------------------------
10:44:17 : SCANNING : ASAHIINDIA
circuit : -0.98%  2021-12-21T10:40:00+0530
adx : 32.64  aroonosc : -14.29
-----------------------------------------------
10:44:18 : SCANNING : ASHOKA
circuit : 0.22%  2021-12-21T10:40:00+0530
adx : 21.64  aroonosc : -42.86
-----------------------------------------------
10:44:18 : SCANNING : ASHOKLEY
circuit : 2.08%  2021-12-21T10:40:00+0530
adx : 43.57  aroonosc : 85.71
-----------------------------------------------
10:44:19 : SCANNING : ASIANPAINT
circuit : 0.77%  2021-12-21T10:40:00+0530
adx : 38.55  aroonosc : 92.86
-----------------------------------------------
10:44:19 : SCANNING : ASTERDM
circuit : -0.99%  2021-12-21T10:40:00+0530
adx : 38.75  aroonosc : -14.29
-----------------------------------------------
10:44:20 : SCANNING : ASTRAL
circuit : -1.88%  2021-12-21T10:40:00+0530
adx : 17.78  aroonosc : 0.0
-----------------------------------------------
10:44:20 : SCANNING : ASTRAZEN
circuit : -0.85%  2021-12-21T10:40:00+0530
adx : 32.7  aroonosc : -42.86
-----------------------------------------------
10:44:21 : SCANNING : ATUL
circuit : 0.21%  2021-12-21T10:40:00+0530
adx : 19.62  aroonosc : 64.29
-----------------------------------------------
10:44:21 : SCANNING : AUBANK
circuit : 3.97%  2021-12-21T10:40:00+0530
adx : 49.88  aroonosc : 85.71
-----------------------------------------------
10:44:21 : SCANNING : AUROPHARMA
circuit : -0.4%  2021-12-21T10:40:00+0530
adx : 22.47  aroonosc : 71.43
-----------------------------------------------
10:44:22 : SCANNING : AVANTIFEED
circuit : -0.43%  2021-12-21T10:40:00+0530
adx : 43.12  aroonosc : 14.29
-----------------------------------------------
10:44:23 : SCANNING : AXISBANK
circuit : -1.19%  2021-12-21T10:40:00+0530
adx : 20.59  aroonosc : -7.14
-----------------------------------------------
10:44:24 : SCANNING : BAJAJ-AUTO
circuit : 0.84%  2021-12-21T10:40:00+0530
adx : 47.75  aroonosc : 78.57
-----------------------------------------------
10:44:24 : SCANNING : BAJAJCON
circuit : 0.08%  2021-12-21T10:40:00+0530
adx : 22.78  aroonosc : 28.57
-----------------------------------------------
10:44:25 : SCANNING : BAJAJELEC
circuit : -1.26%  2021-12-21T10:40:00+0530
adx : 21.86  aroonosc : -92.86
-----------------------------------------------
10:44:25 : SCANNING : BAJAJFINSV
circuit : -1.19%  2021-12-21T10:40:00+0530
adx : 39.78  aroonosc : 71.43
-----------------------------------------------
10:44:26 : SCANNING : BAJAJHLDNG
circuit : 0.2%  2021-12-21T10:40:00+0530
adx : 16.03  aroonosc : 50.0
-----------------------------------------------
10:44:26 : SCANNING : BAJFINANCE
circuit : -0.22%  2021-12-21T10:40:00+0530
adx : 30.82  aroonosc : 71.43
-----------------------------------------------
10:44:27 : SCANNING : BALAMINES
circuit : 0.37%  2021-12-21T10:40:00+0530
adx : 12.97  aroonosc : -28.57
-----------------------------------------------
10:44:27 : SCANNING : BALKRISIND
circuit : -0.88%  2021-12-21T10:40:00+0530
adx : 14.74  aroonosc : -64.29
-----------------------------------------------
10:44:27 : SCANNING : BALMLAWRIE
circuit : 0.93%  2021-12-21T10:40:00+0530
adx : 28.14  aroonosc : 92.86
-----------------------------------------------
10:44:28 : SCANNING : BALRAMCHIN
circuit : 1.88%  2021-12-21T10:40:00+0530
adx : 44.74  aroonosc : 42.86
-----------------------------------------------
10:44:28 : SCANNING : BANDHANBNK
circuit : 0.2%  2021-12-21T10:40:00+0530
adx : 24.14  aroonosc : 28.57
-----------------------------------------------
10:44:29 : SCANNING : BANKBARODA
circuit : 0.8%  2021-12-21T10:40:00+0530
adx : 15.92  aroonosc : -64.29
-----------------------------------------------
10:44:29 : SCANNING : BANKINDIA
circuit : 1.39%  2021-12-21T10:40:00+0530
adx : 45.76  aroonosc : 71.43
-----------------------------------------------
10:44:30 : SCANNING : BASF
circuit : 0.48%  2021-12-21T10:40:00+0530
adx : 43.22  aroonosc : -71.43
-----------------------------------------------
10:44:30 : SCANNING : BATAINDIA
circuit : 0.65%  2021-12-21T10:40:00+0530
adx : 25.48  aroonosc : -100.0
-----------------------------------------------
10:44:30 : SCANNING : BAYERCROP
circuit : -1.55%  2021-12-21T10:40:00+0530
adx : 22.05  aroonosc : -57.14
-----------------------------------------------
10:44:31 : SCANNING : BBTC
circuit : 0.24%  2021-12-21T10:40:00+0530
adx : 22.84  aroonosc : -21.43
-----------------------------------------------
10:44:31 : SCANNING : BDL
circuit : 1.84%  2021-12-21T10:40:00+0530
adx : 33.36  aroonosc : 28.57
-----------------------------------------------
10:44:32 : SCANNING : BEL
circuit : 1.36%  2021-12-21T10:40:00+0530
adx : 34.92  aroonosc : -50.0
-----------------------------------------------
10:44:32 : SCANNING : BEML
circuit : 1.95%  2021-12-21T10:40:00+0530
adx : 46.42  aroonosc : -100.0
-----------------------------------------------
10:44:32 : SCANNING : BERGEPAINT
circuit : 0.54%  2021-12-21T10:40:00+0530
adx : 37.79  aroonosc : 71.43
-----------------------------------------------
10:44:33 : SCANNING : BHARATFORG
circuit : 0.92%  2021-12-21T10:40:00+0530
adx : 24.87  aroonosc : 71.43
-----------------------------------------------
10:44:33 : SCANNING : BHARATRAS
circuit : 2.26%  2021-12-21T10:40:00+0530
adx : 42.12  aroonosc : 7.14
-----------------------------------------------
10:44:34 : SCANNING : BHARTIARTL
circuit : -0.21%  2021-12-21T10:40:00+0530
adx : 33.98  aroonosc : -7.14
-----------------------------------------------
10:44:34 : SCANNING : BHEL
circuit : 0.69%  2021-12-21T10:40:00+0530
adx : 20.55  aroonosc : 57.14
-----------------------------------------------
10:44:35 : SCANNING : BIOCON
circuit : 0.68%  2021-12-21T10:40:00+0530
adx : 12.45  aroonosc : 78.57
-----------------------------------------------
10:44:35 : SCANNING : BIRLACORPN
circuit : 1.37%  2021-12-21T10:40:00+0530
adx : 12.99  aroonosc : 42.86
-----------------------------------------------
10:44:36 : SCANNING : BLISSGVS
circuit : 1.42%  2021-12-21T10:40:00+0530
adx : 23.71  aroonosc : 92.86
-----------------------------------------------
10:44:36 : SCANNING : BLUEDART
circuit : 1.88%  2021-12-21T10:40:00+0530
adx : 41.82  aroonosc : 50.0
-----------------------------------------------
10:44:36 : SCANNING : BLUESTARCO
circuit : -1.01%  2021-12-21T10:40:00+0530
adx : 27.79  aroonosc : -21.43
-----------------------------------------------
10:44:37 : SCANNING : BOSCHLTD
circuit : 3.48%  2021-12-21T10:40:00+0530
adx : 55.94  aroonosc : 42.86
-----------------------------------------------
10:44:37 : SCANNING : BPCL
circuit : -0.36%  2021-12-21T10:40:00+0530
adx : 20.36  aroonosc : 85.71
-----------------------------------------------
10:44:38 : SCANNING : BRIGADE
circuit : 3.24%  2021-12-21T10:40:00+0530
adx : 33.01  aroonosc : 57.14
-----------------------------------------------
10:44:38 : SCANNING : BRITANNIA
circuit : 1.18%  2021-12-21T10:40:00+0530
adx : 29.14  aroonosc : 92.86
-----------------------------------------------
10:44:39 : SCANNING : BSE
circuit : -1.54%  2021-12-21T10:40:00+0530
adx : 13.48  aroonosc : -100.0
-----------------------------------------------
10:44:39 : SCANNING : BSOFT
circuit : 0.66%  2021-12-21T10:40:00+0530
adx : 30.79  aroonosc : 92.86
-----------------------------------------------
10:44:39 : SCANNING : BURGERKING
circuit : 0.66%  2021-12-21T10:40:00+0530
adx : 27.58  aroonosc : 35.71
-----------------------------------------------
10:44:40 : SCANNING : CADILAHC
circuit : 1.24%  2021-12-21T10:40:00+0530
adx : 39.61  aroonosc : 92.86
-----------------------------------------------
10:44:40 : SCANNING : CAMS
circuit : 0.08%  2021-12-21T10:40:00+0530
adx : 27.08  aroonosc : -7.14
-----------------------------------------------
10:44:41 : SCANNING : CANBK
circuit : -0.18%  2021-12-21T10:40:00+0530
adx : 25.06  aroonosc : -14.29
-----------------------------------------------
10:44:41 : SCANNING : CANFINHOME
circuit : 0.6%  2021-12-21T10:40:00+0530
adx : 23.01  aroonosc : 71.43
-----------------------------------------------
10:44:42 : SCANNING : CAPLIPOINT
circuit : 0.59%  2021-12-21T10:40:00+0530
adx : 27.16  aroonosc : 0.0
-----------------------------------------------
10:44:42 : SCANNING : CARBORUNIV
circuit : 1.92%  2021-12-21T10:40:00+0530
adx : 15.16  aroonosc : 71.43
-----------------------------------------------
10:44:43 : SCANNING : CASTROLIND
circuit : -0.81%  2021-12-21T10:40:00+0530
adx : 15.3  aroonosc : -21.43
-----------------------------------------------
10:44:43 : SCANNING : CCL
circuit : 2.04%  2021-12-21T10:40:00+0530
adx : 38.02  aroonosc : 71.43
-----------------------------------------------
10:44:43 : SCANNING : CEATLTD
circuit : 0.31%  2021-12-21T10:40:00+0530
adx : 15.72  aroonosc : 85.71
-----------------------------------------------
10:44:44 : SCANNING : CENTRALBK
circuit : 1.66%  2021-12-21T10:40:00+0530
adx : 39.38  aroonosc : 100.0
-----------------------------------------------
10:44:44 : SCANNING : CENTURYPLY
circuit : 1.43%  2021-12-21T10:40:00+0530
adx : 13.41  aroonosc : -50.0
-----------------------------------------------
10:44:45 : SCANNING : CENTURYTEX
circuit : 2.73%  2021-12-21T10:40:00+0530
adx : 24.36  aroonosc : 64.29
-----------------------------------------------
10:44:45 : SCANNING : CERA
circuit : 4.03%  2021-12-21T10:40:00+0530
adx : 36.2  aroonosc : 64.29
-----------------------------------------------
10:44:45 : SCANNING : CESC
circuit : 1.52%  2021-12-21T10:40:00+0530
adx : 38.85  aroonosc : 92.86
-----------------------------------------------
10:44:46 : SCANNING : CGCL
circuit : -0.54%  2021-12-21T10:40:00+0530
adx : 23.99  aroonosc : -57.14
-----------------------------------------------
10:44:46 : SCANNING : CHALET
circuit : 0.2%  2021-12-21T10:40:00+0530
adx : 10.76  aroonosc : -7.14
-----------------------------------------------
10:44:46 : SCANNING : CHAMBLFERT
circuit : -0.14%  2021-12-21T10:40:00+0530
adx : 22.15  aroonosc : 50.0
-----------------------------------------------
10:44:47 : SCANNING : CHOLAFIN
circuit : 1.57%  2021-12-21T10:40:00+0530
adx : 35.37  aroonosc : 92.86
-----------------------------------------------
10:44:47 : SCANNING : CHOLAHLDNG
circuit : 0.86%  2021-12-21T10:40:00+0530
adx : 18.4  aroonosc : 78.57
-----------------------------------------------
10:44:48 : SCANNING : CIPLA
circuit : -0.43%  2021-12-21T10:40:00+0530
adx : 14.99  aroonosc : -7.14
-----------------------------------------------
10:44:49 : SCANNING : COALINDIA
circuit : 1.69%  2021-12-21T10:40:00+0530
adx : 41.39  aroonosc : 92.86
-----------------------------------------------
10:44:49 : SCANNING : COCHINSHIP
circuit : 1.31%  2021-12-21T10:40:00+0530
adx : 19.07  aroonosc : -7.14
-----------------------------------------------
10:44:50 : SCANNING : COFORGE
circuit : 2.0%  2021-12-21T10:40:00+0530
adx : 44.26  aroonosc : 28.57
-----------------------------------------------
10:44:51 : SCANNING : COLPAL
circuit : 1.54%  2021-12-21T10:40:00+0530
adx : 41.21  aroonosc : 35.71
-----------------------------------------------
10:44:51 : SCANNING : CONCOR
circuit : 0.4%  2021-12-21T10:40:00+0530
adx : 19.5  aroonosc : -71.43
-----------------------------------------------
10:44:51 : SCANNING : COROMANDEL
circuit : 0.41%  2021-12-21T10:40:00+0530
adx : 10.85  aroonosc : 92.86
-----------------------------------------------
10:44:52 : SCANNING : CREDITACC
circuit : -2.0%  2021-12-21T10:40:00+0530
adx : 12.24  aroonosc : -14.29
-----------------------------------------------
10:44:52 : SCANNING : CRISIL
circuit : 1.8%  2021-12-21T10:40:00+0530
adx : 32.05  aroonosc : 78.57
-----------------------------------------------
10:44:53 : SCANNING : CROMPTON
circuit : 0.61%  2021-12-21T10:40:00+0530
adx : 21.0  aroonosc : 35.71
-----------------------------------------------
10:44:53 : SCANNING : CSBBANK
circuit : 1.33%  2021-12-21T10:40:00+0530
adx : 18.88  aroonosc : 85.71
-----------------------------------------------
10:44:54 : SCANNING : CUB
circuit : 0.59%  2021-12-21T10:40:00+0530
adx : 28.11  aroonosc : -14.29
-----------------------------------------------
10:44:54 : SCANNING : CUMMINSIND
circuit : 0.89%  2021-12-21T10:40:00+0530
adx : 30.71  aroonosc : -14.29
-----------------------------------------------
10:44:55 : SCANNING : CYIENT
circuit : 0.12%  2021-12-21T10:40:00+0530
adx : 16.85  aroonosc : 28.57
-----------------------------------------------
10:44:55 : SCANNING : DABUR
circuit : 0.51%  2021-12-21T10:40:00+0530
adx : 47.6  aroonosc : 85.71
-----------------------------------------------
10:44:56 : SCANNING : DALBHARAT
circuit : 4.85%  2021-12-21T10:40:00+0530
adx : 48.32  aroonosc : 71.43
-----------------------------------------------
10:44:56 : SCANNING : DBL
circuit : -0.79%  2021-12-21T10:40:00+0530
adx : 47.6  aroonosc : 85.71
-----------------------------------------------
10:44:57 : SCANNING : DCAL
circuit : 1.84%  2021-12-21T10:40:00+0530
adx : 25.39  aroonosc : 64.29
-----------------------------------------------
10:44:57 : SCANNING : DCBBANK
circuit : 2.49%  2021-12-21T10:40:00+0530
adx : 36.54  aroonosc : 100.0
-----------------------------------------------
10:44:57 : SCANNING : DCMSHRIRAM
circuit : 0.79%  2021-12-21T10:40:00+0530
adx : 17.56  aroonosc : 35.71
-----------------------------------------------
10:44:58 : SCANNING : DEEPAKNTR
circuit : 2.96%  2021-12-21T10:40:00+0530
adx : 41.43  aroonosc : 100.0
-----------------------------------------------
10:44:58 : SCANNING : DELTACORP
circuit : 0.73%  2021-12-21T10:40:00+0530
adx : 24.0  aroonosc : 28.57
-----------------------------------------------
10:44:59 : SCANNING : DHANI
circuit : 3.71%  2021-12-21T10:40:00+0530
adx : 30.84  aroonosc : 85.71
-----------------------------------------------
10:44:59 : SCANNING : DHANUKA
circuit : -0.03%  2021-12-21T10:40:00+0530
adx : 14.98  aroonosc : 92.86
-----------------------------------------------
10:45:00 : SCANNING : DISHTV
circuit : 2.4%  2021-12-21T10:40:00+0530
adx : 41.04  aroonosc : -21.43
-----------------------------------------------
10:45:00 : SCANNING : DIVISLAB
circuit : -1.28%  2021-12-21T10:40:00+0530
adx : 21.75  aroonosc : -71.43
-----------------------------------------------
10:45:00 : SCANNING : DIXON
circuit : 2.06%  2021-12-21T10:40:00+0530
adx : 43.31  aroonosc : 71.43
-----------------------------------------------
10:45:01 : SCANNING : DLF
circuit : 1.06%  2021-12-21T10:45:00+0530
adx : 45.03  aroonosc : 64.29
-----------------------------------------------
10:45:02 : SCANNING : DMART
circuit : 0.37%  2021-12-21T10:40:00+0530
adx : 15.47  aroonosc : 35.71
-----------------------------------------------
10:45:02 : SCANNING : DRREDDY
circuit : 0.81%  2021-12-21T10:45:00+0530
adx : 27.79  aroonosc : 71.43
-----------------------------------------------
10:45:03 : SCANNING : ECLERX
circuit : 0.9%  2021-12-21T10:45:00+0530
adx : 16.28  aroonosc : 28.57
-----------------------------------------------
10:45:04 : SCANNING : EDELWEISS
circuit : 0.51%  2021-12-21T10:45:00+0530
adx : 13.89  aroonosc : -28.57
-----------------------------------------------
10:45:04 : SCANNING : EICHERMOT
-----------------------------------------------
10:45:05 : SCANNING : EIDPARRY
circuit : 1.88%  2021-12-21T10:45:00+0530
adx : 25.31  aroonosc : 64.29
-----------------------------------------------
10:45:05 : SCANNING : EIHOTEL
circuit : 1.5%  2021-12-21T10:45:00+0530
adx : 11.93  aroonosc : 21.43
-----------------------------------------------
10:45:06 : SCANNING : ELGIEQUIP
circuit : 1.03%  2021-12-21T10:45:00+0530
adx : 32.45  aroonosc : -92.86
-----------------------------------------------
10:45:06 : SCANNING : EMAMILTD
circuit : -0.66%  2021-12-21T10:40:00+0530
adx : 35.46  aroonosc : -14.29
-----------------------------------------------
10:45:07 : SCANNING : ENDURANCE
circuit : 0.19%  2021-12-21T10:45:00+0530
adx : 22.57  aroonosc : -50.0
-----------------------------------------------
10:45:07 : SCANNING : ENGINERSIN
-----------------------------------------------
10:45:08 : SCANNING : EPL
circuit : 1.46%  2021-12-21T10:45:00+0530
adx : 34.11  aroonosc : 85.71
-----------------------------------------------
10:45:08 : SCANNING : EQUITAS
circuit : -1.31%  2021-12-21T10:45:00+0530
adx : 24.98  aroonosc : -71.43
-----------------------------------------------
10:45:09 : SCANNING : ERIS
circuit : -0.39%  2021-12-21T10:45:00+0530
adx : 20.88  aroonosc : 64.29
-----------------------------------------------
10:45:09 : SCANNING : ESCORTS
circuit : 0.55%  2021-12-21T10:40:00+0530
adx : 23.58  aroonosc : 21.43
-----------------------------------------------
10:45:09 : SCANNING : EXIDEIND
circuit : 0.38%  2021-12-21T10:45:00+0530
adx : 43.41  aroonosc : -78.57
-----------------------------------------------
10:45:10 : SCANNING : FCONSUMER
circuit : -7.69%  2021-12-21T10:45:00+0530
adx : 31.98  aroonosc : 64.29
-----------------------------------------------
10:45:10 : SCANNING : FDC
circuit : 0.27%  2021-12-21T10:40:00+0530
adx : 14.84  aroonosc : 35.71
-----------------------------------------------
10:45:10 : SCANNING : FEDERALBNK
circuit : -0.67%  2021-12-21T10:45:00+0530
adx : 23.49  aroonosc : 78.57
-----------------------------------------------
10:45:11 : SCANNING : FINCABLES
circuit : 0.96%  2021-12-21T10:45:00+0530
adx : 10.49  aroonosc : -50.0
-----------------------------------------------
10:45:11 : SCANNING : FINEORG
circuit : 1.56%  2021-12-21T10:45:00+0530
adx : 20.18  aroonosc : 92.86
-----------------------------------------------
10:45:12 : SCANNING : FINPIPE
circuit : 3.64%  2021-12-21T10:45:00+0530
adx : 35.65  aroonosc : 92.86
-----------------------------------------------
10:45:12 : SCANNING : FLUOROCHEM
circuit : 4.32%  2021-12-21T10:45:00+0530
adx : 33.42  aroonosc : -35.71
-----------------------------------------------
10:45:13 : SCANNING : FORTIS
circuit : 3.85%  2021-12-21T10:45:00+0530
adx : 46.79  aroonosc : 85.71
-----------------------------------------------
10:45:13 : SCANNING : FRETAIL
circuit : -9.84%  2021-12-21T10:45:00+0530
adx : 35.36  aroonosc : 57.14
-----------------------------------------------
10:45:14 : SCANNING : FSL
circuit : 0.77%  2021-12-21T10:45:00+0530
adx : 14.23  aroonosc : -35.71
-----------------------------------------------
10:45:14 : SCANNING : GAEL
circuit : 1.37%  2021-12-21T10:40:00+0530
adx : 16.12  aroonosc : 78.57
-----------------------------------------------
10:45:15 : SCANNING : GAIL
circuit : 1.06%  2021-12-21T10:45:00+0530
adx : 38.68  aroonosc : 71.43
-----------------------------------------------
10:45:15 : SCANNING : GALAXYSURF
circuit : -0.79%  2021-12-21T10:45:00+0530
adx : 33.73  aroonosc : -78.57
-----------------------------------------------
10:45:16 : SCANNING : GARFIBRES
circuit : -0.25%  2021-12-21T10:45:00+0530
adx : 33.67  aroonosc : 0.0
-----------------------------------------------
10:45:16 : SCANNING : GEPIL
circuit : 1.46%  2021-12-21T10:45:00+0530
adx : 13.83  aroonosc : 78.57
-----------------------------------------------
10:45:16 : SCANNING : GESHIP
circuit : 1.34%  2021-12-21T10:45:00+0530
adx : 30.28  aroonosc : 21.43
-----------------------------------------------
10:45:17 : SCANNING : GICRE
circuit : 1.2%  2021-12-21T10:45:00+0530
adx : 14.9  aroonosc : 28.57
-----------------------------------------------
10:45:17 : SCANNING : GILLETTE
circuit : 1.09%  2021-12-21T10:45:00+0530
adx : 23.44  aroonosc : 35.71
-----------------------------------------------
10:45:17 : SCANNING : GLAND
circuit : 1.48%  2021-12-21T10:45:00+0530
adx : 18.31  aroonosc : 85.71
-----------------------------------------------
10:45:18 : SCANNING : GLAXO
circuit : 1.62%  2021-12-21T10:45:00+0530
adx : 41.88  aroonosc : 64.29
-----------------------------------------------
10:45:18 : SCANNING : GLENMARK
circuit : -0.29%  2021-12-21T10:45:00+0530
adx : 18.98  aroonosc : 21.43
-----------------------------------------------
10:45:18 : SCANNING : GMMPFAUDLR
circuit : 2.34%  2021-12-21T10:45:00+0530
adx : 51.05  aroonosc : 85.71
-----------------------------------------------
10:45:19 : SCANNING : GMRINFRA
circuit : 1.13%  2021-12-21T10:45:00+0530
adx : 31.63  aroonosc : 57.14
-----------------------------------------------
10:45:19 : SCANNING : GNFC
circuit : 1.41%  2021-12-21T10:45:00+0530
adx : 29.67  aroonosc : 64.29
-----------------------------------------------
10:45:19 : SCANNING : GODFRYPHLP
circuit : -0.15%  2021-12-21T10:45:00+0530
adx : 14.23  aroonosc : -64.29
-----------------------------------------------
10:45:20 : SCANNING : GODREJAGRO
circuit : -0.72%  2021-12-21T10:45:00+0530
adx : 25.57  aroonosc : 0.0
-----------------------------------------------
10:45:20 : SCANNING : GODREJCP
circuit : 4.48%  2021-12-21T10:40:00+0530
adx : 45.36  aroonosc : 100.0
-----------------------------------------------
10:45:20 : SCANNING : GODREJIND
circuit : 2.36%  2021-12-21T10:45:00+0530
adx : 43.12  aroonosc : 35.71
-----------------------------------------------
10:45:21 : SCANNING : GODREJPROP
circuit : 1.27%  2021-12-21T10:40:00+0530
adx : 20.91  aroonosc : 50.0
-----------------------------------------------
10:45:21 : SCANNING : GPPL
circuit : 0.31%  2021-12-21T10:45:00+0530
adx : 36.03  aroonosc : 71.43
-----------------------------------------------
10:45:21 : SCANNING : GRANULES
circuit : -0.65%  2021-12-21T10:45:00+0530
adx : 9.4  aroonosc : -7.14
-----------------------------------------------
10:45:22 : SCANNING : GRAPHITE
circuit : 0.07%  2021-12-21T10:45:00+0530
adx : 27.14  aroonosc : -78.57
-----------------------------------------------
10:45:22 : SCANNING : GRASIM
circuit : 2.1%  2021-12-21T10:40:00+0530
adx : 53.5  aroonosc : 64.29
-----------------------------------------------
10:45:23 : SCANNING : GREAVESCOT
circuit : 1.22%  2021-12-21T10:45:00+0530
adx : 34.3  aroonosc : 78.57
-----------------------------------------------
10:45:23 : SCANNING : GRINDWELL
circuit : 0.04%  2021-12-21T10:45:00+0530
adx : 33.78  aroonosc : -42.86
-----------------------------------------------
10:45:23 : SCANNING : GRSE
circuit : 2.52%  2021-12-21T10:45:00+0530
adx : 20.3  aroonosc : 64.29
-----------------------------------------------
10:45:23 : SCANNING : GSFC
circuit : 0.82%  2021-12-21T10:45:00+0530
adx : 16.75  aroonosc : 21.43
-----------------------------------------------
10:45:24 : SCANNING : GSPL
circuit : 0.89%  2021-12-21T10:45:00+0530
adx : 26.92  aroonosc : -14.29
-----------------------------------------------
10:45:24 : SCANNING : GUJALKALI
circuit : 0.07%  2021-12-21T10:45:00+0530
adx : 37.79  aroonosc : 21.43
-----------------------------------------------
10:45:24 : SCANNING : GUJGASLTD
circuit : 1.51%  2021-12-21T10:45:00+0530
adx : 52.5  aroonosc : 57.14
-----------------------------------------------
10:45:25 : SCANNING : GULFOILLUB
circuit : -0.52%  2021-12-21T10:45:00+0530
adx : 22.56  aroonosc : 35.71
-----------------------------------------------
10:45:25 : SCANNING : HAL
circuit : 0.39%  2021-12-21T10:45:00+0530
adx : 32.05  aroonosc : 14.29
-----------------------------------------------
10:45:25 : SCANNING : HATSUN
circuit : -2.03%  2021-12-21T10:45:00+0530
adx : 18.6  aroonosc : -71.43
-----------------------------------------------
10:45:26 : SCANNING : HAVELLS
circuit : 3.09%  2021-12-21T10:45:00+0530
adx : 40.53  aroonosc : 35.71
-----------------------------------------------
10:45:26 : SCANNING : HCLTECH
circuit : 3.42%  2021-12-21T10:40:00+0530
adx : 60.4  aroonosc : 57.14
-----------------------------------------------
10:45:27 : SCANNING : HDFC
circuit : -0.53%  2021-12-21T10:40:00+0530
adx : 47.99  aroonosc : 92.86
-----------------------------------------------
10:45:27 : SCANNING : HDFCAMC
circuit : 0.56%  2021-12-21T10:45:00+0530
adx : 29.22  aroonosc : 71.43
-----------------------------------------------
10:45:27 : SCANNING : HDFCBANK
circuit : 0.55%  2021-12-21T10:40:00+0530
adx : 16.44  aroonosc : 100.0
-----------------------------------------------
10:45:28 : SCANNING : HDFCLIFE
circuit : -0.02%  2021-12-21T10:45:00+0530
adx : 29.38  aroonosc : 92.86
-----------------------------------------------
10:45:28 : SCANNING : HEG
circuit : -0.19%  2021-12-21T10:45:00+0530
adx : 14.55  aroonosc : -35.71
-----------------------------------------------
10:45:28 : SCANNING : HEIDELBERG
circuit : 0.28%  2021-12-21T10:45:00+0530
adx : 19.68  aroonosc : -28.57
-----------------------------------------------
10:45:29 : SCANNING : HEMIPROP
circuit : 1.72%  2021-12-21T10:45:00+0530
adx : 28.13  aroonosc : 35.71
-----------------------------------------------
10:45:29 : SCANNING : HEROMOTOCO
circuit : -1.28%  2021-12-21T10:45:00+0530
adx : 37.4  aroonosc : 28.57
-----------------------------------------------
10:45:29 : SCANNING : HINDALCO
circuit : 1.95%  2021-12-21T10:45:00+0530
adx : 57.13  aroonosc : 57.14
-----------------------------------------------
10:45:30 : SCANNING : HINDCOPPER
circuit : 1.23%  2021-12-21T10:45:00+0530
adx : 38.17  aroonosc : 71.43
-----------------------------------------------
10:45:30 : SCANNING : HINDPETRO
circuit : 0.85%  2021-12-21T10:45:00+0530
adx : 19.63  aroonosc : 85.71
-----------------------------------------------
10:45:30 : SCANNING : HINDUNILVR
circuit : -0.14%  2021-12-21T10:40:00+0530
adx : 31.96  aroonosc : 14.29
-----------------------------------------------
10:45:30 : SCANNING : HINDZINC
circuit : 1.84%  2021-12-21T10:45:00+0530
adx : 27.22  aroonosc : 7.14
-----------------------------------------------
10:45:31 : SCANNING : HONAUT
circuit : -0.35%  2021-12-21T10:45:00+0530
adx : 18.39  aroonosc : -57.14
-----------------------------------------------
10:45:31 : SCANNING : HSCL
circuit : 1.65%  2021-12-21T10:45:00+0530
adx : 47.01  aroonosc : 21.43
-----------------------------------------------
10:45:32 : SCANNING : HUDCO
circuit : 0.39%  2021-12-21T10:45:00+0530
adx : 21.82  aroonosc : -64.29
-----------------------------------------------
10:45:32 : SCANNING : HUHTAMAKI
circuit : 1.36%  2021-12-21T10:45:00+0530
adx : 14.3  aroonosc : 85.71
-----------------------------------------------
10:45:32 : SCANNING : IBREALEST
circuit : 3.64%  2021-12-21T10:40:00+0530
adx : 45.14  aroonosc : 64.29
-----------------------------------------------
10:45:33 : SCANNING : IBULHSGFIN
circuit : 1.01%  2021-12-21T10:45:00+0530
adx : 27.76  aroonosc : 7.14
-----------------------------------------------
10:45:33 : SCANNING : ICICIBANK
circuit : 0.52%  2021-12-21T10:40:00+0530
adx : 46.52  aroonosc : 85.71
-----------------------------------------------
10:45:33 : SCANNING : ICICIGI
circuit : 1.66%  2021-12-21T10:45:00+0530
adx : 39.86  aroonosc : 85.71
-----------------------------------------------
10:45:34 : SCANNING : ICICIPRULI
circuit : 2.2%  2021-12-21T10:45:00+0530
adx : 41.17  aroonosc : 78.57
-----------------------------------------------
10:45:34 : SCANNING : ICIL
circuit : -1.55%  2021-12-21T10:45:00+0530
adx : 20.26  aroonosc : 64.29
-----------------------------------------------
10:45:34 : SCANNING : IDBI
circuit : 2.85%  2021-12-21T10:40:00+0530
adx : 47.7  aroonosc : 35.71
-----------------------------------------------
10:45:35 : SCANNING : IDEA
circuit : 5.05%  2021-12-21T10:40:00+0530
adx : 45.74  aroonosc : 71.43
-----------------------------------------------
10:45:35 : SCANNING : IDFC
circuit : 1.68%  2021-12-21T10:45:00+0530
adx : 41.8  aroonosc : 85.71
-----------------------------------------------
10:45:35 : SCANNING : IDFCFIRSTB
circuit : 0.33%  2021-12-21T10:40:00+0530
adx : 11.28  aroonosc : -64.29
-----------------------------------------------
10:45:36 : SCANNING : IEX
circuit : 1.5%  2021-12-21T10:40:00+0530
adx : 37.92  aroonosc : 71.43
-----------------------------------------------
10:45:36 : SCANNING : IFBIND
circuit : 0.39%  2021-12-21T10:45:00+0530
adx : 32.03  aroonosc : -42.86
-----------------------------------------------
10:45:36 : SCANNING : IGL
circuit : 1.11%  2021-12-21T10:45:00+0530
adx : 37.64  aroonosc : 100.0
-----------------------------------------------
10:45:37 : SCANNING : IIFL
circuit : 0.84%  2021-12-21T10:45:00+0530
adx : 24.65  aroonosc : 21.43
-----------------------------------------------
10:45:37 : SCANNING : IIFLWAM
circuit : -1.13%  2021-12-21T10:45:00+0530
adx : 22.67  aroonosc : -50.0
-----------------------------------------------
10:45:37 : SCANNING : INDHOTEL
circuit : -0.24%  2021-12-21T10:40:00+0530
adx : 13.53  aroonosc : -14.29
-----------------------------------------------
10:45:38 : SCANNING : INDIACEM
circuit : 1.42%  2021-12-21T10:45:00+0530
adx : 39.2  aroonosc : 100.0
-----------------------------------------------
10:45:38 : SCANNING : INDIAMART
circuit : -0.09%  2021-12-21T10:45:00+0530
adx : 10.47  aroonosc : 21.43
-----------------------------------------------
10:45:38 : SCANNING : INDIANB
circuit : 1.11%  2021-12-21T10:45:00+0530
adx : 31.89  aroonosc : 28.57
-----------------------------------------------
10:45:39 : SCANNING : INDIGO
circuit : 0.34%  2021-12-21T10:40:00+0530
adx : 21.95  aroonosc : 78.57
-----------------------------------------------
10:45:39 : SCANNING : INDOCO
circuit : 1.21%  2021-12-21T10:40:00+0530
adx : 25.4  aroonosc : 92.86
-----------------------------------------------
10:45:39 : SCANNING : INDUSINDBK
circuit : 0.49%  2021-12-21T10:45:00+0530
adx : 27.29  aroonosc : 28.57
-----------------------------------------------
10:45:39 : SCANNING : INDUSTOWER
circuit : 3.71%  2021-12-21T10:45:00+0530
adx : 45.52  aroonosc : 92.86
-----------------------------------------------
10:45:40 : SCANNING : INFIBEAM
circuit : 1.15%  2021-12-21T10:45:00+0530
adx : 38.95  aroonosc : 71.43
-----------------------------------------------
10:45:40 : SCANNING : INFY
circuit : 1.55%  2021-12-21T10:45:00+0530
adx : 34.82  aroonosc : 92.86
-----------------------------------------------
10:45:40 : SCANNING : INGERRAND
circuit : 1.06%  2021-12-21T10:45:00+0530
adx : 20.0  aroonosc : -57.14
-----------------------------------------------
10:45:41 : SCANNING : INOXLEISUR
circuit : 3.66%  2021-12-21T10:45:00+0530
adx : 49.96  aroonosc : 78.57
-----------------------------------------------
10:45:41 : SCANNING : INTELLECT
circuit : 0.61%  2021-12-21T10:40:00+0530
adx : 20.65  aroonosc : 28.57
-----------------------------------------------
10:45:41 : SCANNING : IOB
circuit : 1.73%  2021-12-21T10:45:00+0530
adx : 37.89  aroonosc : 71.43
-----------------------------------------------
10:45:42 : SCANNING : IOC
circuit : -0.23%  2021-12-21T10:45:00+0530
adx : 11.42  aroonosc : 64.29
-----------------------------------------------
10:45:42 : SCANNING : IOLCP
circuit : -0.92%  2021-12-21T10:45:00+0530
adx : 47.65  aroonosc : 71.43
-----------------------------------------------
10:45:42 : SCANNING : IPCALAB
circuit : 0.31%  2021-12-21T10:45:00+0530
adx : 10.12  aroonosc : 28.57
-----------------------------------------------
10:45:43 : SCANNING : IRB
circuit : -1.21%  2021-12-21T10:45:00+0530
adx : 15.98  aroonosc : -64.29
-----------------------------------------------
10:45:43 : SCANNING : IRCON
circuit : 0.11%  2021-12-21T10:45:00+0530
adx : 27.32  aroonosc : 92.86
-----------------------------------------------
10:45:43 : SCANNING : IRCTC
circuit : 0.71%  2021-12-21T10:45:00+0530
adx : 34.28  aroonosc : 85.71
-----------------------------------------------
10:45:44 : SCANNING : ISEC
circuit : 1.18%  2021-12-21T10:45:00+0530
adx : 24.21  aroonosc : -71.43
-----------------------------------------------
10:45:44 : SCANNING : ITC
circuit : -0.07%  2021-12-21T10:40:00+0530
adx : 21.14  aroonosc : 71.43
-----------------------------------------------
10:45:45 : SCANNING : ITI
circuit : 1.34%  2021-12-21T10:45:00+0530
adx : 25.24  aroonosc : 50.0
-----------------------------------------------
10:45:45 : SCANNING : J&KBANK
circuit : 1.88%  2021-12-21T10:45:00+0530
adx : 27.46  aroonosc : 0.0
-----------------------------------------------
10:45:45 : SCANNING : JAMNAAUTO
circuit : 3.26%  2021-12-21T10:45:00+0530
adx : 29.01  aroonosc : 64.29
-----------------------------------------------
10:45:46 : SCANNING : JBCHEPHARM
circuit : -0.51%  2021-12-21T10:45:00+0530
adx : 46.53  aroonosc : -64.29
-----------------------------------------------
10:45:46 : SCANNING : JCHAC
circuit : 1.73%  2021-12-21T10:45:00+0530
adx : 37.58  aroonosc : 35.71
-----------------------------------------------
10:45:46 : SCANNING : JINDALSAW
circuit : 1.84%  2021-12-21T10:45:00+0530
adx : 22.25  aroonosc : 21.43
-----------------------------------------------
10:45:46 : SCANNING : JINDALSTEL
circuit : 2.09%  2021-12-21T10:40:00+0530
adx : 49.85  aroonosc : 42.86
-----------------------------------------------
10:45:47 : SCANNING : JKCEMENT
circuit : 2.36%  2021-12-21T10:45:00+0530
adx : 25.72  aroonosc : 85.71
-----------------------------------------------
10:45:47 : SCANNING : JKLAKSHMI
circuit : 0.47%  2021-12-21T10:45:00+0530
adx : 17.99  aroonosc : 28.57
-----------------------------------------------
10:45:47 : SCANNING : JKPAPER
circuit : 1.28%  2021-12-21T10:45:00+0530
adx : 28.77  aroonosc : 28.57
-----------------------------------------------
10:45:48 : SCANNING : JKTYRE
circuit : 2.42%  2021-12-21T10:45:00+0530
adx : 36.8  aroonosc : 78.57
-----------------------------------------------
10:45:48 : SCANNING : JMFINANCIL
circuit : -1.1%  2021-12-21T10:45:00+0530
adx : 22.03  aroonosc : 28.57
-----------------------------------------------
10:45:48 : SCANNING : JSL
circuit : 3.36%  2021-12-21T10:45:00+0530
adx : 26.98  aroonosc : 50.0
-----------------------------------------------
10:45:49 : SCANNING : JSLHISAR
circuit : 3.09%  2021-12-21T10:45:00+0530
adx : 23.34  aroonosc : 64.29
-----------------------------------------------
10:45:49 : SCANNING : JSWSTEEL
circuit : 2.59%  2021-12-21T10:40:00+0530
adx : 64.65  aroonosc : 35.71
-----------------------------------------------
10:45:49 : SCANNING : JTEKTINDIA
circuit : 1.11%  2021-12-21T10:40:00+0530
adx : 18.88  aroonosc : 92.86
-----------------------------------------------
10:45:50 : SCANNING : JUBLFOOD
circuit : -0.23%  2021-12-21T10:40:00+0530
adx : 16.1  aroonosc : 57.14
-----------------------------------------------
10:45:50 : SCANNING : JUSTDIAL
circuit : 2.7%  2021-12-21T10:45:00+0530
adx : 38.18  aroonosc : 28.57
-----------------------------------------------
10:45:50 : SCANNING : JYOTHYLAB
circuit : 0.54%  2021-12-21T10:45:00+0530
adx : 24.49  aroonosc : 28.57
-----------------------------------------------
10:45:51 : SCANNING : KAJARIACER
circuit : 1.62%  2021-12-21T10:45:00+0530
adx : 20.2  aroonosc : 78.57
-----------------------------------------------
10:45:51 : SCANNING : KALPATPOWR
circuit : 0.81%  2021-12-21T10:45:00+0530
adx : 14.05  aroonosc : 14.29
-----------------------------------------------
10:45:51 : SCANNING : KANSAINER
circuit : 0.65%  2021-12-21T10:45:00+0530
adx : 28.16  aroonosc : 78.57
-----------------------------------------------
10:45:52 : SCANNING : KARURVYSYA
circuit : -0.22%  2021-12-21T10:45:00+0530
adx : 31.62  aroonosc : 35.71
-----------------------------------------------
10:45:52 : SCANNING : KEC
circuit : 0.72%  2021-12-21T10:45:00+0530
adx : 11.93  aroonosc : 7.14
-----------------------------------------------
10:45:53 : SCANNING : KEI
circuit : -0.68%  2021-12-21T10:45:00+0530
adx : 11.49  aroonosc : 0.0
-----------------------------------------------
10:45:53 : SCANNING : KNRCON
circuit : 0.42%  2021-12-21T10:45:00+0530
adx : 8.89  aroonosc : 14.29
-----------------------------------------------
10:45:53 : SCANNING : KOTAKBANK
circuit : -0.21%  2021-12-21T10:45:00+0530
adx : 22.72  aroonosc : 85.71
-----------------------------------------------
10:45:54 : SCANNING : KPITTECH
circuit : 3.22%  2021-12-21T10:45:00+0530
adx : 33.48  aroonosc : 21.43
-----------------------------------------------
10:45:54 : SCANNING : KPRMILL
circuit : 2.15%  2021-12-21T10:45:00+0530
adx : 19.94  aroonosc : 28.57
-----------------------------------------------
10:45:55 : SCANNING : KRBL
circuit : 0.21%  2021-12-21T10:40:00+0530
adx : 18.24  aroonosc : 28.57
-----------------------------------------------
10:45:55 : SCANNING : KSB
circuit : 1.68%  2021-12-21T10:45:00+0530
adx : 12.58  aroonosc : 57.14
-----------------------------------------------
10:45:55 : SCANNING : KSCL
circuit : -0.87%  2021-12-21T10:45:00+0530
adx : 24.03  aroonosc : 14.29
-----------------------------------------------
10:45:56 : SCANNING : L&TFH
circuit : 3.65%  2021-12-21T10:45:00+0530
adx : 56.88  aroonosc : 85.71
-----------------------------------------------
10:45:56 : SCANNING : LALPATHLAB
circuit : -0.39%  2021-12-21T10:45:00+0530
adx : 15.96  aroonosc : 85.71
-----------------------------------------------
10:45:56 : SCANNING : LAOPALA
circuit : 3.28%  2021-12-21T10:40:00+0530
adx : 40.65  aroonosc : -14.29
-----------------------------------------------
10:45:57 : SCANNING : LAURUSLABS
circuit : 1.52%  2021-12-21T10:45:00+0530
adx : 18.39  aroonosc : 42.86
-----------------------------------------------
10:45:57 : SCANNING : LAXMIMACH
circuit : 3.13%  2021-12-21T10:45:00+0530
adx : 25.21  aroonosc : 35.71
-----------------------------------------------
10:45:57 : SCANNING : LEMONTREE
circuit : 4.47%  2021-12-21T10:40:00+0530
adx : 35.85  aroonosc : 64.29
-----------------------------------------------
10:45:58 : SCANNING : LICHSGFIN
circuit : 0.23%  2021-12-21T10:45:00+0530
adx : 35.88  aroonosc : 78.57
-----------------------------------------------
10:45:58 : SCANNING : LINDEINDIA
circuit : 1.08%  2021-12-21T10:45:00+0530
adx : 14.13  aroonosc : 42.86
-----------------------------------------------
10:45:58 : SCANNING : LT
circuit : 0.26%  2021-12-21T10:45:00+0530
adx : 26.81  aroonosc : 0.0
-----------------------------------------------
10:45:59 : SCANNING : LTI
circuit : 2.65%  2021-12-21T10:40:00+0530
adx : 30.56  aroonosc : 100.0
-----------------------------------------------
10:45:59 : SCANNING : LTTS
circuit : 1.49%  2021-12-21T10:45:00+0530
adx : 24.36  aroonosc : 57.14
-----------------------------------------------
10:45:59 : SCANNING : LUPIN
circuit : 0.14%  2021-12-21T10:40:00+0530
adx : 32.45  aroonosc : 64.29
-----------------------------------------------
10:46:00 : SCANNING : LUXIND
circuit : 0.11%  2021-12-21T10:45:00+0530
adx : 31.35  aroonosc : 28.57
-----------------------------------------------
10:46:00 : SCANNING : M&M
circuit : -0.19%  2021-12-21T10:45:00+0530
adx : 28.28  aroonosc : -7.14
-----------------------------------------------
10:46:00 : SCANNING : M&MFIN
circuit : 0.62%  2021-12-21T10:45:00+0530
adx : 20.98  aroonosc : 71.43
-----------------------------------------------
10:46:01 : SCANNING : MAHABANK
circuit : 0.79%  2021-12-21T10:45:00+0530
adx : 13.93  aroonosc : 92.86
-----------------------------------------------
10:46:01 : SCANNING : MAHINDCIE
circuit : 1.34%  2021-12-21T10:45:00+0530
adx : 21.36  aroonosc : 42.86
-----------------------------------------------
10:46:01 : SCANNING : MAHLOG
circuit : -1.6%  2021-12-21T10:45:00+0530
adx : 11.81  aroonosc : -78.57
-----------------------------------------------
10:46:02 : SCANNING : MAHSCOOTER
circuit : 2.58%  2021-12-21T10:45:00+0530
adx : 27.9  aroonosc : 71.43
-----------------------------------------------
10:46:02 : SCANNING : MAHSEAMLES
circuit : 1.6%  2021-12-21T10:45:00+0530
adx : 44.72  aroonosc : 21.43
-----------------------------------------------
10:46:02 : SCANNING : MANAPPURAM
circuit : -0.54%  2021-12-21T10:45:00+0530
adx : 33.33  aroonosc : 78.57
-----------------------------------------------
10:46:03 : SCANNING : MARICO
circuit : 0.49%  2021-12-21T10:45:00+0530
adx : 27.89  aroonosc : 100.0
-----------------------------------------------
10:46:03 : SCANNING : MARUTI
circuit : 0.27%  2021-12-21T10:45:00+0530
adx : 31.75  aroonosc : 0.0
-----------------------------------------------
10:46:03 : SCANNING : MASFIN
circuit : 2.27%  2021-12-21T10:45:00+0530
adx : 20.15  aroonosc : 28.57
-----------------------------------------------
10:46:04 : SCANNING : MAXHEALTH
circuit : 1.66%  2021-12-21T10:45:00+0530
adx : 35.87  aroonosc : 50.0
-----------------------------------------------
10:46:04 : SCANNING : MAZDOCK
circuit : 0.91%  2021-12-21T10:45:00+0530
adx : 26.12  aroonosc : 64.29
-----------------------------------------------
10:46:04 : SCANNING : MCDOWELL-N
circuit : 2.29%  2021-12-21T10:45:00+0530
adx : 42.63  aroonosc : 78.57
-----------------------------------------------
10:46:05 : SCANNING : MCX
circuit : 0.93%  2021-12-21T10:45:00+0530
adx : 36.62  aroonosc : 64.29
-----------------------------------------------
10:46:05 : SCANNING : METROPOLIS
circuit : 2.57%  2021-12-21T10:45:00+0530
adx : 35.28  aroonosc : 71.43
-----------------------------------------------
10:46:05 : SCANNING : MFSL
circuit : 3.7%  2021-12-21T10:45:00+0530
adx : 20.34  aroonosc : 85.71
-----------------------------------------------
10:46:06 : SCANNING : MGL
circuit : 0.44%  2021-12-21T10:45:00+0530
adx : 29.37  aroonosc : 92.86
-----------------------------------------------
10:46:06 : SCANNING : MHRIL
circuit : -0.51%  2021-12-21T10:45:00+0530
adx : 18.0  aroonosc : 57.14
-----------------------------------------------
10:46:06 : SCANNING : MIDHANI
circuit : 0.8%  2021-12-21T10:45:00+0530
adx : 16.38  aroonosc : 78.57
-----------------------------------------------
10:46:07 : SCANNING : MINDACORP
circuit : 1.41%  2021-12-21T10:45:00+0530
adx : 34.38  aroonosc : 85.71
-----------------------------------------------
10:46:07 : SCANNING : MINDAIND
circuit : 0.92%  2021-12-21T10:45:00+0530
adx : 36.86  aroonosc : 71.43
-----------------------------------------------
10:46:07 : SCANNING : MINDTREE
circuit : 1.12%  2021-12-21T10:45:00+0530
adx : 41.96  aroonosc : 28.57
-----------------------------------------------
10:46:08 : SCANNING : MMTC
circuit : 1.6%  2021-12-21T10:45:00+0530
adx : 36.88  aroonosc : 35.71
-----------------------------------------------
10:46:08 : SCANNING : MOIL
circuit : 1.9%  2021-12-21T10:45:00+0530
adx : 34.12  aroonosc : 92.86
-----------------------------------------------
10:46:09 : SCANNING : MOTILALOFS
circuit : 0.55%  2021-12-21T10:45:00+0530
adx : 24.75  aroonosc : 57.14
-----------------------------------------------
10:46:09 : SCANNING : MPHASIS
circuit : 1.12%  2021-12-21T10:45:00+0530
adx : 31.4  aroonosc : -64.29
-----------------------------------------------
10:46:09 : SCANNING : MRF
circuit : 0.47%  2021-12-21T10:45:00+0530
adx : 20.41  aroonosc : -7.14
-----------------------------------------------
10:46:10 : SCANNING : MRPL
circuit : -0.35%  2021-12-21T10:45:00+0530
adx : 26.41  aroonosc : -71.43
-----------------------------------------------
10:46:10 : SCANNING : MUTHOOTFIN
circuit : 0.36%  2021-12-21T10:45:00+0530
adx : 17.21  aroonosc : 78.57
-----------------------------------------------
10:46:10 : SCANNING : NAM-INDIA
circuit : 1.47%  2021-12-21T10:45:00+0530
adx : 20.79  aroonosc : 78.57
-----------------------------------------------
10:46:11 : SCANNING : NATCOPHARM
circuit : 2.45%  2021-12-21T10:45:00+0530
adx : 15.51  aroonosc : 35.71
-----------------------------------------------
10:46:11 : SCANNING : NATIONALUM
circuit : 2.69%  2021-12-21T10:45:00+0530
adx : 53.41  aroonosc : 42.86
-----------------------------------------------
10:46:11 : SCANNING : NAUKRI
circuit : 0.33%  2021-12-21T10:45:00+0530
adx : 20.57  aroonosc : 50.0
-----------------------------------------------
10:46:12 : SCANNING : NAVINFLUOR
circuit : 3.18%  2021-12-21T10:45:00+0530
adx : 56.41  aroonosc : 85.71
-----------------------------------------------
10:46:12 : SCANNING : NBCC
circuit : 0.48%  2021-12-21T10:45:00+0530
adx : 31.62  aroonosc : 92.86
-----------------------------------------------
10:46:12 : SCANNING : NCC
circuit : 0.8%  2021-12-21T10:45:00+0530
adx : 40.53  aroonosc : 100.0
-----------------------------------------------
10:46:13 : SCANNING : NESCO
circuit : 1.51%  2021-12-21T10:45:00+0530
adx : 15.35  aroonosc : -71.43
-----------------------------------------------
10:46:13 : SCANNING : NESTLEIND
circuit : 0.86%  2021-12-21T10:45:00+0530
adx : 46.02  aroonosc : 100.0
-----------------------------------------------
10:46:13 : SCANNING : NETWORK18
circuit : 2.35%  2021-12-21T10:45:00+0530
adx : 26.71  aroonosc : 92.86
-----------------------------------------------
10:46:14 : SCANNING : NFL
circuit : 1.42%  2021-12-21T10:45:00+0530
adx : 32.66  aroonosc : 71.43
-----------------------------------------------
10:46:14 : SCANNING : NH
circuit : 0.57%  2021-12-21T10:45:00+0530
adx : 8.58  aroonosc : 42.86
-----------------------------------------------
10:46:14 : SCANNING : NHPC
circuit : 2.02%  2021-12-21T10:45:00+0530
adx : 36.25  aroonosc : 92.86
-----------------------------------------------
10:46:14 : SCANNING : NIACL
circuit : 0.07%  2021-12-21T10:45:00+0530
adx : 24.8  aroonosc : 35.71
-----------------------------------------------
10:46:15 : SCANNING : NILKAMAL
circuit : 0.31%  2021-12-21T10:45:00+0530
adx : 11.14  aroonosc : 78.57
-----------------------------------------------
10:46:15 : SCANNING : NLCINDIA
circuit : 0.77%  2021-12-21T10:45:00+0530
adx : 28.07  aroonosc : -21.43
-----------------------------------------------
10:46:16 : SCANNING : NMDC
circuit : 7.16%  2021-12-21T10:45:00+0530
adx : 17.15  aroonosc : 85.71
-----------------------------------------------
10:46:16 : SCANNING : NOCIL
circuit : -0.02%  2021-12-21T10:45:00+0530
adx : 28.76  aroonosc : 64.29
-----------------------------------------------
10:46:16 : SCANNING : NTPC
circuit : 0.36%  2021-12-21T10:45:00+0530
adx : 36.15  aroonosc : -35.71
rpt : 1190.0
{'candle': 'green', 'type': 'BUY', 'instrument': 'NTPC', 'price': 120.2, 'qty': 4949, 'target': 120.35, 'stoploss': 120.05, 'volume': 82550, 'adx': 50.48648436642578, 'aroonosc': 64.28571428571429, 'atr': 0.35497661662436336, 'open': 120.15, 'high': 120.35, 'low': 120.05, 'close': 120.35, 'product': 'MIS', 'time': '2021-12-20T13:45:00+0530'}
10:46:17 : Validation Failed : Time Gap in Seconds : 75677
-----------------------------------------------
10:46:17 : SCANNING : OBEROIRLTY
circuit : 1.65%  2021-12-21T10:45:00+0530
adx : 26.75  aroonosc : 92.86
-----------------------------------------------
10:46:17 : SCANNING : OFSS
circuit : 1.42%  2021-12-21T10:45:00+0530
adx : 47.46  aroonosc : 57.14
-----------------------------------------------
10:46:18 : SCANNING : OIL
circuit : 1.78%  2021-12-21T10:45:00+0530
adx : 21.06  aroonosc : 78.57
-----------------------------------------------
10:46:18 : SCANNING : ONGC
circuit : -0.11%  2021-12-21T10:45:00+0530
adx : 32.26  aroonosc : 71.43
-----------------------------------------------
10:46:18 : SCANNING : ORIENTELEC
circuit : 2.06%  2021-12-21T10:45:00+0530
adx : 17.0  aroonosc : 85.71
-----------------------------------------------
10:46:19 : SCANNING : PAGEIND
circuit : 1.02%  2021-12-21T10:45:00+0530
adx : 21.19  aroonosc : 71.43
-----------------------------------------------
10:46:19 : SCANNING : PEL
circuit : 1.64%  2021-12-21T10:45:00+0530
adx : 26.33  aroonosc : 85.71
-----------------------------------------------
10:46:19 : SCANNING : PERSISTENT
circuit : -0.44%  2021-12-21T10:45:00+0530
adx : 35.09  aroonosc : 85.71
-----------------------------------------------
10:46:20 : SCANNING : PETRONET
circuit : 0.07%  2021-12-21T10:45:00+0530
adx : 13.3  aroonosc : 92.86
-----------------------------------------------
10:46:20 : SCANNING : PFC
circuit : 0.52%  2021-12-21T10:45:00+0530
adx : 18.89  aroonosc : 78.57
-----------------------------------------------
10:46:20 : SCANNING : PFIZER
circuit : 1.07%  2021-12-21T10:45:00+0530
adx : 18.09  aroonosc : 64.29
-----------------------------------------------
10:46:21 : SCANNING : PGHH
circuit : 0.55%  2021-12-21T10:45:00+0530
adx : 25.57  aroonosc : 21.43
-----------------------------------------------
10:46:21 : SCANNING : PGHL
circuit : -0.47%  2021-12-21T10:45:00+0530
adx : 20.02  aroonosc : -42.86
-----------------------------------------------
10:46:21 : SCANNING : PHILIPCARB
circuit : 1.0%  2021-12-21T10:45:00+0530
adx : 8.91  aroonosc : 21.43
-----------------------------------------------
10:46:22 : SCANNING : PHOENIXLTD
circuit : -3.32%  2021-12-21T10:45:00+0530
adx : 33.72  aroonosc : -28.57
-----------------------------------------------
10:46:22 : SCANNING : PIDILITIND
circuit : 0.37%  2021-12-21T10:45:00+0530
adx : 38.35  aroonosc : 64.29
-----------------------------------------------
10:46:22 : SCANNING : PIIND
circuit : 1.66%  2021-12-21T10:45:00+0530
adx : 35.71  aroonosc : 85.71
-----------------------------------------------
10:46:23 : SCANNING : PNB
circuit : 0.95%  2021-12-21T10:45:00+0530
adx : 20.78  aroonosc : -57.14
-----------------------------------------------
10:46:23 : SCANNING : PNBHOUSING
circuit : 5.01%  2021-12-21T10:45:00+0530
adx : 51.92  aroonosc : 100.0
-----------------------------------------------
10:46:23 : SCANNING : PNCINFRA
circuit : -0.13%  2021-12-21T10:45:00+0530
adx : 25.94  aroonosc : 78.57
-----------------------------------------------
10:46:23 : SCANNING : POLYCAB
circuit : 0.69%  2021-12-21T10:45:00+0530
adx : 45.26  aroonosc : 78.57
-----------------------------------------------
10:46:24 : SCANNING : POLYMED
circuit : -0.58%  2021-12-21T10:45:00+0530
adx : 22.51  aroonosc : -7.14
-----------------------------------------------
10:46:24 : SCANNING : POLYPLEX
circuit : 1.1%  2021-12-21T10:45:00+0530
adx : 24.32  aroonosc : 85.71
-----------------------------------------------
10:46:25 : SCANNING : POWERGRID
circuit : -1.16%  2021-12-21T10:45:00+0530
adx : 15.05  aroonosc : -57.14
-----------------------------------------------
10:46:25 : SCANNING : POWERINDIA
circuit : -0.04%  2021-12-21T10:45:00+0530
adx : 23.2  aroonosc : -71.43
-----------------------------------------------
10:46:25 : SCANNING : PRESTIGE
circuit : 0.94%  2021-12-21T10:45:00+0530
adx : 23.52  aroonosc : 28.57
-----------------------------------------------
10:46:25 : SCANNING : PRINCEPIPE
circuit : 1.99%  2021-12-21T10:45:00+0530
adx : 34.69  aroonosc : 85.71
-----------------------------------------------
10:46:26 : SCANNING : PRSMJOHNSN
circuit : 3.62%  2021-12-21T10:45:00+0530
adx : 35.69  aroonosc : 50.0
-----------------------------------------------
10:46:26 : SCANNING : PSB
circuit : 0.94%  2021-12-21T10:45:00+0530
adx : 21.13  aroonosc : 50.0
-----------------------------------------------
10:46:26 : SCANNING : PVR
circuit : 0.84%  2021-12-21T10:45:00+0530
adx : 27.83  aroonosc : 78.57
-----------------------------------------------
10:46:27 : SCANNING : QUESS
circuit : 0.78%  2021-12-21T10:45:00+0530
adx : 22.05  aroonosc : 14.29
-----------------------------------------------
10:46:27 : SCANNING : RADICO
circuit : 0.66%  2021-12-21T10:45:00+0530
adx : 21.43  aroonosc : 35.71
-----------------------------------------------
10:46:27 : SCANNING : RAIN
circuit : -0.61%  2021-12-21T10:45:00+0530
adx : 14.54  aroonosc : 57.14
-----------------------------------------------
10:46:28 : SCANNING : RAJESHEXPO
circuit : -0.01%  2021-12-21T10:45:00+0530
adx : 9.91  aroonosc : -35.71
-----------------------------------------------
10:46:28 : SCANNING : RALLIS
circuit : 0.28%  2021-12-21T10:45:00+0530
adx : 10.67  aroonosc : 92.86
-----------------------------------------------
10:46:28 : SCANNING : RAMCOCEM
circuit : 1.95%  2021-12-21T10:45:00+0530
adx : 23.32  aroonosc : 100.0
-----------------------------------------------
10:46:29 : SCANNING : RATNAMANI
circuit : 3.64%  2021-12-21T10:45:00+0530
adx : 42.16  aroonosc : 21.43
-----------------------------------------------
10:46:29 : SCANNING : RAYMOND
circuit : 0.59%  2021-12-21T10:45:00+0530
adx : 34.11  aroonosc : 14.29
-----------------------------------------------
10:46:29 : SCANNING : RBLBANK
circuit : 0.09%  2021-12-21T10:45:00+0530
adx : 21.43  aroonosc : 78.57
-----------------------------------------------
10:46:30 : SCANNING : RCF
circuit : 1.52%  2021-12-21T10:45:00+0530
adx : 27.16  aroonosc : 78.57
-----------------------------------------------
10:46:30 : SCANNING : RECLTD
circuit : 0.79%  2021-12-21T10:45:00+0530
adx : 42.24  aroonosc : 71.43
-----------------------------------------------
10:46:30 : SCANNING : REDINGTON
circuit : 0.21%  2021-12-21T10:45:00+0530
adx : 18.52  aroonosc : -21.43
-----------------------------------------------
10:46:31 : SCANNING : RELAXO
circuit : 2.28%  2021-12-21T10:45:00+0530
adx : 32.96  aroonosc : 50.0
-----------------------------------------------
10:46:31 : SCANNING : RELIANCE
circuit : 0.78%  2021-12-21T10:45:00+0530
adx : 52.22  aroonosc : 85.71
-----------------------------------------------
10:46:31 : SCANNING : RESPONIND
circuit : 2.08%  2021-12-21T10:45:00+0530
adx : 24.22  aroonosc : 7.14
-----------------------------------------------
10:46:31 : SCANNING : RHIM
circuit : 1.22%  2021-12-21T10:45:00+0530
adx : 35.73  aroonosc : 57.14
-----------------------------------------------
10:46:32 : SCANNING : RITES
circuit : -0.53%  2021-12-21T10:45:00+0530
adx : 11.94  aroonosc : 64.29
-----------------------------------------------
10:46:32 : SCANNING : ROSSARI
circuit : 0.38%  2021-12-21T10:45:00+0530
adx : 25.94  aroonosc : 57.14
-----------------------------------------------
10:46:32 : SCANNING : ROUTE
circuit : 1.05%  2021-12-21T10:45:00+0530
adx : 20.89  aroonosc : 64.29
-----------------------------------------------
10:46:33 : SCANNING : RVNL
circuit : 1.19%  2021-12-21T10:45:00+0530
adx : 52.1  aroonosc : 85.71
-----------------------------------------------
10:46:33 : SCANNING : SAIL
circuit : 2.05%  2021-12-21T10:45:00+0530
adx : 34.27  aroonosc : 50.0
-----------------------------------------------
10:46:33 : SCANNING : SANOFI
circuit : -0.03%  2021-12-21T10:45:00+0530
adx : 25.74  aroonosc : 71.43
-----------------------------------------------
10:46:34 : SCANNING : SBICARD
circuit : 0.72%  2021-12-21T10:45:00+0530
adx : 39.18  aroonosc : 42.86
-----------------------------------------------
10:46:34 : SCANNING : SBILIFE
circuit : -0.71%  2021-12-21T10:45:00+0530
adx : 15.88  aroonosc : 78.57
-----------------------------------------------
10:46:35 : SCANNING : SBIN
circuit : -0.14%  2021-12-21T10:45:00+0530
adx : 34.71  aroonosc : 71.43
-----------------------------------------------
10:46:35 : SCANNING : SCHAEFFLER
circuit : 2.31%  2021-12-21T10:45:00+0530
adx : 48.66  aroonosc : 64.29
-----------------------------------------------
10:46:35 : SCANNING : SCHNEIDER
circuit : -1.41%  2021-12-21T10:45:00+0530
adx : 21.6  aroonosc : -7.14
-----------------------------------------------
10:46:36 : SCANNING : SCI
circuit : 1.53%  2021-12-21T10:45:00+0530
adx : 19.49  aroonosc : 78.57
-----------------------------------------------
10:46:36 : SCANNING : SEQUENT
circuit : -0.25%  2021-12-21T10:45:00+0530
adx : 17.69  aroonosc : 64.29
-----------------------------------------------
10:46:36 : SCANNING : SFL
circuit : 1.99%  2021-12-21T10:45:00+0530
adx : 26.64  aroonosc : -7.14
-----------------------------------------------
10:46:37 : SCANNING : SHARDACROP
circuit : -3.07%  2021-12-21T10:45:00+0530
adx : 25.69  aroonosc : 7.14
-----------------------------------------------
10:46:37 : SCANNING : SHILPAMED
circuit : 2.31%  2021-12-21T10:45:00+0530
adx : 52.25  aroonosc : 71.43
-----------------------------------------------
10:46:37 : SCANNING : SHOPERSTOP
circuit : 1.93%  2021-12-21T10:45:00+0530
adx : 15.23  aroonosc : 78.57
-----------------------------------------------
10:46:38 : SCANNING : SHREECEM
circuit : 2.02%  2021-12-21T10:45:00+0530
adx : 43.44  aroonosc : 100.0
-----------------------------------------------
10:46:38 : SCANNING : SHRIRAMCIT
circuit : -2.23%  2021-12-21T10:45:00+0530
adx : 12.27  aroonosc : 85.71
-----------------------------------------------
10:46:38 : SCANNING : SIEMENS
circuit : 0.84%  2021-12-21T10:45:00+0530
adx : 29.74  aroonosc : 92.86
-----------------------------------------------
10:46:39 : SCANNING : SIS
circuit : 0.62%  2021-12-21T10:45:00+0530
adx : 48.74  aroonosc : 92.86
-----------------------------------------------
10:46:39 : SCANNING : SJVN
circuit : 0.9%  2021-12-21T10:45:00+0530
adx : 31.58  aroonosc : 50.0
-----------------------------------------------
10:46:39 : SCANNING : SKFINDIA
-----------------------------------------------
10:46:39 : SCANNING : SOBHA
circuit : 1.52%  2021-12-21T10:45:00+0530
adx : 21.52  aroonosc : 92.86
-----------------------------------------------
10:46:40 : SCANNING : SOLARA
circuit : 0.11%  2021-12-21T10:45:00+0530
adx : 20.65  aroonosc : -71.43
-----------------------------------------------
10:46:40 : SCANNING : SOLARINDS
circuit : -0.08%  2021-12-21T10:45:00+0530
adx : 16.41  aroonosc : -100.0
-----------------------------------------------
10:46:40 : SCANNING : SONATSOFTW
circuit : 2.57%  2021-12-21T10:45:00+0530
adx : 36.44  aroonosc : 35.71
-----------------------------------------------
10:46:41 : SCANNING : SPANDANA
circuit : 0.15%  2021-12-21T10:45:00+0530
adx : 27.53  aroonosc : 28.57
-----------------------------------------------
10:46:41 : SCANNING : SPARC
circuit : 1.74%  2021-12-21T10:45:00+0530
adx : 14.95  aroonosc : 35.71
-----------------------------------------------
10:46:41 : SCANNING : SPICEJET
circuit : 0.08%  2021-12-21T10:45:00+0530
adx : 25.82  aroonosc : 57.14
-----------------------------------------------
10:46:42 : SCANNING : SRF
circuit : 1.55%  2021-12-21T10:45:00+0530
adx : 35.02  aroonosc : 85.71
-----------------------------------------------
10:46:42 : SCANNING : SRTRANSFIN
circuit : -1.96%  2021-12-21T10:45:00+0530
adx : 21.83  aroonosc : 35.71
-----------------------------------------------
10:46:42 : SCANNING : STAR
circuit : -0.65%  2021-12-21T10:45:00+0530
adx : 13.19  aroonosc : 71.43
-----------------------------------------------
10:46:43 : SCANNING : STARCEMENT
circuit : 0.32%  2021-12-21T10:45:00+0530
adx : 17.96  aroonosc : 85.71
-----------------------------------------------
10:46:43 : SCANNING : STLTECH
circuit : 0.93%  2021-12-21T10:45:00+0530
adx : 29.13  aroonosc : -14.29
-----------------------------------------------
10:46:44 : SCANNING : SUDARSCHEM
circuit : 1.39%  2021-12-21T10:45:00+0530
adx : 35.1  aroonosc : 57.14
-----------------------------------------------
10:46:44 : SCANNING : SUMICHEM
circuit : 1.01%  2021-12-21T10:45:00+0530
adx : 17.55  aroonosc : 71.43
-----------------------------------------------
10:46:45 : SCANNING : SUNCLAYLTD
circuit : 1.71%  2021-12-21T10:45:00+0530
adx : 20.9  aroonosc : 71.43
-----------------------------------------------
10:46:45 : SCANNING : SUNDARMFIN
circuit : -0.45%  2021-12-21T10:45:00+0530
adx : 25.28  aroonosc : -7.14
-----------------------------------------------
10:46:45 : SCANNING : SUNDRMFAST
circuit : -1.81%  2021-12-21T10:45:00+0530
adx : 19.69  aroonosc : 35.71
-----------------------------------------------
10:46:46 : SCANNING : SUNPHARMA
circuit : 2.26%  2021-12-21T10:45:00+0530
adx : 41.87  aroonosc : 42.86
-----------------------------------------------
10:46:46 : SCANNING : SUNTECK
circuit : 1.15%  2021-12-21T10:45:00+0530
adx : 29.62  aroonosc : -64.29
-----------------------------------------------
10:46:46 : SCANNING : SUNTV
circuit : -0.2%  2021-12-21T10:45:00+0530
adx : 28.62  aroonosc : 78.57
-----------------------------------------------
10:46:47 : SCANNING : SUPPETRO
circuit : 1.18%  2021-12-21T10:45:00+0530
adx : 33.24  aroonosc : 35.71
-----------------------------------------------
10:46:47 : SCANNING : SUPRAJIT
circuit : 2.15%  2021-12-21T10:45:00+0530
adx : 41.05  aroonosc : 92.86
-----------------------------------------------
10:46:47 : SCANNING : SUPREMEIND
circuit : 5.25%  2021-12-21T10:45:00+0530
adx : 65.86  aroonosc : 92.86
-----------------------------------------------
10:46:48 : SCANNING : SUVENPHAR
circuit : 1.39%  2021-12-21T10:45:00+0530
adx : 13.84  aroonosc : 85.71
-----------------------------------------------
10:46:48 : SCANNING : SUZLON
circuit : 2.05%  2021-12-21T10:45:00+0530
adx : 39.43  aroonosc : 35.71
-----------------------------------------------
10:46:48 : SCANNING : SWANENERGY
circuit : 2.03%  2021-12-21T10:45:00+0530
adx : 29.87  aroonosc : -28.57
-----------------------------------------------
10:46:49 : SCANNING : SWSOLAR
circuit : 0.39%  2021-12-21T10:45:00+0530
adx : 17.75  aroonosc : 21.43
-----------------------------------------------
10:46:49 : SCANNING : SYMPHONY
circuit : 0.52%  2021-12-21T10:45:00+0530
adx : 39.58  aroonosc : 0.0
-----------------------------------------------
10:46:49 : SCANNING : SYNGENE
circuit : 0.13%  2021-12-21T10:45:00+0530
adx : 34.85  aroonosc : 64.29
-----------------------------------------------
10:46:50 : SCANNING : TASTYBITE
circuit : -1.35%  2021-12-21T10:45:00+0530
adx : 28.68  aroonosc : -35.71
-----------------------------------------------
10:46:50 : SCANNING : TATACHEM
circuit : 1.49%  2021-12-21T10:45:00+0530
adx : 37.01  aroonosc : 71.43
-----------------------------------------------
10:46:50 : SCANNING : TATACOFFEE
circuit : 1.43%  2021-12-21T10:45:00+0530
adx : 26.62  aroonosc : 64.29
-----------------------------------------------
10:46:51 : SCANNING : TATACOMM
circuit : -0.39%  2021-12-21T10:45:00+0530
adx : 16.52  aroonosc : 100.0
-----------------------------------------------
10:46:51 : SCANNING : TATACONSUM
circuit : 1.68%  2021-12-21T10:45:00+0530
adx : 46.54  aroonosc : 100.0
-----------------------------------------------
10:46:51 : SCANNING : TATAELXSI
circuit : 0.12%  2021-12-21T10:45:00+0530
adx : 10.65  aroonosc : 71.43
-----------------------------------------------
10:46:52 : SCANNING : TATAINVEST
circuit : 0.56%  2021-12-21T10:45:00+0530
adx : 32.38  aroonosc : 0.0
-----------------------------------------------
10:46:52 : SCANNING : TATAMOTORS
circuit : 1.35%  2021-12-21T10:45:00+0530
adx : 28.09  aroonosc : 92.86
-----------------------------------------------
10:46:52 : SCANNING : TATAPOWER
circuit : 0.66%  2021-12-21T10:45:00+0530
adx : 38.45  aroonosc : 71.43
-----------------------------------------------
10:46:53 : SCANNING : TATASTEEL
circuit : 2.3%  2021-12-21T10:45:00+0530
adx : 45.78  aroonosc : 100.0
-----------------------------------------------
10:46:53 : SCANNING : TCIEXP
circuit : 3.45%  2021-12-21T10:45:00+0530
adx : 22.75  aroonosc : 92.86
-----------------------------------------------
10:46:53 : SCANNING : TCNSBRANDS
circuit : 2.19%  2021-12-21T10:45:00+0530
adx : 16.53  aroonosc : 21.43
-----------------------------------------------
10:46:54 : SCANNING : TCS
circuit : 1.49%  2021-12-21T10:45:00+0530
adx : 48.58  aroonosc : 78.57
-----------------------------------------------
10:46:54 : SCANNING : TEAMLEASE
circuit : 0.41%  2021-12-21T10:45:00+0530
adx : 11.55  aroonosc : 7.14
-----------------------------------------------
10:46:54 : SCANNING : TECHM
circuit : 2.63%  2021-12-21T10:45:00+0530
adx : 38.21  aroonosc : 64.29
-----------------------------------------------
10:46:55 : SCANNING : THERMAX
circuit : 1.64%  2021-12-21T10:45:00+0530
adx : 34.15  aroonosc : 85.71
-----------------------------------------------
10:46:55 : SCANNING : THYROCARE
circuit : -1.21%  2021-12-21T10:45:00+0530
adx : 18.35  aroonosc : -57.14
-----------------------------------------------
10:46:55 : SCANNING : TIINDIA
circuit : -0.38%  2021-12-21T10:45:00+0530
adx : 23.65  aroonosc : -14.29
-----------------------------------------------
10:46:56 : SCANNING : TIMKEN
circuit : 2.48%  2021-12-21T10:45:00+0530
adx : 42.59  aroonosc : 85.71
-----------------------------------------------
10:46:56 : SCANNING : TITAN
circuit : 2.25%  2021-12-21T10:45:00+0530
adx : 40.76  aroonosc : 100.0
-----------------------------------------------
10:46:56 : SCANNING : TORNTPHARM
circuit : 1.44%  2021-12-21T10:45:00+0530
adx : 24.8  aroonosc : -28.57
-----------------------------------------------
10:46:57 : SCANNING : TORNTPOWER
circuit : 0.19%  2021-12-21T10:45:00+0530
adx : 26.6  aroonosc : -14.29
-----------------------------------------------
10:46:58 : SCANNING : TRENT
circuit : -0.46%  2021-12-21T10:45:00+0530
adx : 25.77  aroonosc : 71.43
-----------------------------------------------
10:46:58 : SCANNING : TRIDENT
circuit : 5.34%  2021-12-21T10:45:00+0530
adx : 15.56  aroonosc : 35.71
-----------------------------------------------
10:46:58 : SCANNING : TRITURBINE
circuit : -1.09%  2021-12-21T10:45:00+0530
adx : 52.37  aroonosc : 14.29
-----------------------------------------------
10:46:59 : SCANNING : TTKPRESTIG
circuit : 2.29%  2021-12-21T10:45:00+0530
adx : 21.92  aroonosc : 35.71
-----------------------------------------------
10:46:59 : SCANNING : TV18BRDCST
circuit : 0.56%  2021-12-21T10:45:00+0530
adx : 11.9  aroonosc : 92.86
-----------------------------------------------
10:46:59 : SCANNING : TVSMOTOR
circuit : 1.64%  2021-12-21T10:45:00+0530
adx : 42.93  aroonosc : 92.86
-----------------------------------------------
10:47:00 : SCANNING : UBL
circuit : 2.12%  2021-12-21T10:45:00+0530
adx : 29.27  aroonosc : 50.0
-----------------------------------------------
10:47:00 : SCANNING : UCOBANK
circuit : 1.18%  2021-12-21T10:45:00+0530
adx : 47.89  aroonosc : 35.71
-----------------------------------------------
10:47:00 : SCANNING : UFLEX
circuit : -1.27%  2021-12-21T10:45:00+0530
adx : 38.51  aroonosc : 71.43
-----------------------------------------------
10:47:01 : SCANNING : UJJIVAN
circuit : -0.5%  2021-12-21T10:45:00+0530
adx : 23.42  aroonosc : 71.43
-----------------------------------------------
10:47:01 : SCANNING : UJJIVANSFB
circuit : -0.27%  2021-12-21T10:45:00+0530
adx : 23.12  aroonosc : -35.71
-----------------------------------------------
10:47:01 : SCANNING : ULTRACEMCO
circuit : 0.79%  2021-12-21T10:45:00+0530
adx : 28.79  aroonosc : 71.43
-----------------------------------------------
10:47:02 : SCANNING : UNIONBANK
circuit : 1.3%  2021-12-21T10:45:00+0530
adx : 10.15  aroonosc : 7.14
-----------------------------------------------
10:47:02 : SCANNING : UPL
circuit : 1.7%  2021-12-21T10:45:00+0530
adx : 41.4  aroonosc : 92.86
-----------------------------------------------
10:47:02 : SCANNING : UTIAMC
circuit : 1.37%  2021-12-21T10:45:00+0530
adx : 13.86  aroonosc : 50.0
-----------------------------------------------
10:47:03 : SCANNING : VAIBHAVGBL
circuit : 0.32%  2021-12-21T10:45:00+0530
adx : 21.29  aroonosc : 92.86
-----------------------------------------------
10:47:03 : SCANNING : VAKRANGEE
circuit : 1.83%  2021-12-21T10:45:00+0530
adx : 30.97  aroonosc : 85.71
-----------------------------------------------
10:47:03 : SCANNING : VALIANTORG
circuit : 1.34%  2021-12-21T10:45:00+0530
adx : 18.64  aroonosc : 85.71
-----------------------------------------------
10:47:04 : SCANNING : VARROC
circuit : 2.52%  2021-12-21T10:45:00+0530
adx : 23.62  aroonosc : 71.43
-----------------------------------------------
10:47:04 : SCANNING : VBL
circuit : 0.6%  2021-12-21T10:45:00+0530
adx : 13.76  aroonosc : 50.0
-----------------------------------------------
10:47:04 : SCANNING : VEDL
circuit : 1.88%  2021-12-21T10:45:00+0530
adx : 56.35  aroonosc : 100.0
-----------------------------------------------
10:47:05 : SCANNING : VENKEYS
circuit : -0.44%  2021-12-21T10:45:00+0530
adx : 27.75  aroonosc : 78.57
-----------------------------------------------
10:47:05 : SCANNING : VGUARD
circuit : 0.24%  2021-12-21T10:45:00+0530
adx : 12.79  aroonosc : 35.71
-----------------------------------------------
10:47:06 : SCANNING : VINATIORGA
circuit : -2.97%  2021-12-21T10:45:00+0530
adx : 19.55  aroonosc : -35.71
-----------------------------------------------
10:47:06 : SCANNING : VIPIND
circuit : 3.86%  2021-12-21T10:45:00+0530
adx : 28.78  aroonosc : 57.14
-----------------------------------------------
10:47:06 : SCANNING : VMART
circuit : -0.49%  2021-12-21T10:45:00+0530
adx : 22.43  aroonosc : 92.86
-----------------------------------------------
10:47:07 : SCANNING : VOLTAS
circuit : 0.86%  2021-12-21T10:45:00+0530
adx : 37.82  aroonosc : 35.71
-----------------------------------------------
10:47:07 : SCANNING : VSTIND
circuit : 0.23%  2021-12-21T10:45:00+0530
adx : 16.18  aroonosc : -85.71
-----------------------------------------------
10:47:07 : SCANNING : VTL
circuit : 6.42%  2021-12-21T10:45:00+0530
adx : 45.08  aroonosc : 85.71
-----------------------------------------------
10:47:08 : SCANNING : WABCOINDIA
circuit : 0.69%  2021-12-21T10:45:00+0530
adx : 10.46  aroonosc : -78.57
-----------------------------------------------
10:47:08 : SCANNING : WELCORP
circuit : 3.75%  2021-12-21T10:45:00+0530
adx : 43.58  aroonosc : 85.71
-----------------------------------------------
10:47:08 : SCANNING : WELSPUNIND
circuit : 1.28%  2021-12-21T10:45:00+0530
adx : 22.37  aroonosc : 28.57
-----------------------------------------------
10:47:09 : SCANNING : WESTLIFE
circuit : 0.2%  2021-12-21T10:45:00+0530
adx : 23.53  aroonosc : 85.71
-----------------------------------------------
10:47:09 : SCANNING : WHIRLPOOL
circuit : 0.85%  2021-12-21T10:45:00+0530
adx : 15.88  aroonosc : 28.57
-----------------------------------------------
10:47:09 : SCANNING : WIPRO
circuit : 1.46%  2021-12-21T10:45:00+0530
adx : 55.54  aroonosc : 57.14
-----------------------------------------------
10:47:10 : SCANNING : WOCKPHARMA
circuit : -0.1%  2021-12-21T10:45:00+0530
adx : 19.9  aroonosc : 50.0
-----------------------------------------------
10:47:10 : SCANNING : YESBANK
circuit : 0.38%  2021-12-21T10:45:00+0530
adx : 43.86  aroonosc : 92.86
-----------------------------------------------
10:47:10 : SCANNING : ZEEL
circuit : 2.37%  2021-12-21T10:45:00+0530
adx : 29.45  aroonosc : 85.71
-----------------------------------------------
10:47:11 : SCANNING : ZENSARTECH
circuit : 3.75%  2021-12-21T10:45:00+0530
adx : 45.62  aroonosc : 35.71
-----------------------------------------------
10:47:11 : SCANNING : ZYDUSWELL
circuit : -1.06%  2021-12-21T10:45:00+0530
adx : 37.09  aroonosc : 28.57
-----------------------------------------------
10:47:11 : SCANNING : PAYTM
circuit : 1.49%  2021-12-21T10:45:00+0530
adx : 23.04  aroonosc : -71.43
-----------------------------------------------
===================================================
10:47:11 : END
===================================================
Start Time     : 2021-12-21 10:44:02.835993
End Time       : 2021-12-21 10:47:11.979750
Time Taken     : 3.0
===================================================
