===================================================
10:48:01 : START
===================================================
10:48:01 : PROCESSING INSTRUMENTS SYMBOLS
-----------------------------------------------
10:48:02 : SCANNING : 3MINDIA
circuit : -0.21%  2021-12-21T10:45:00+0530
adx : 29.55  aroonosc : 78.57
-----------------------------------------------
10:48:02 : SCANNING : AARTIDRUGS
circuit : 0.31%  2021-12-21T10:45:00+0530
adx : 11.81  aroonosc : 64.29
-----------------------------------------------
10:48:03 : SCANNING : AARTIIND
circuit : 1.37%  2021-12-21T10:45:00+0530
adx : 37.17  aroonosc : 71.43
-----------------------------------------------
10:48:03 : SCANNING : AAVAS
circuit : 0.76%  2021-12-21T10:45:00+0530
adx : 52.47  aroonosc : 100.0
-----------------------------------------------
10:48:03 : SCANNING : ABB
circuit : 1.21%  2021-12-21T10:45:00+0530
adx : 19.15  aroonosc : 92.86
-----------------------------------------------
10:48:04 : SCANNING : ABBOTINDIA
circuit : -0.16%  2021-12-21T10:45:00+0530
adx : 30.26  aroonosc : 78.57
-----------------------------------------------
10:48:04 : SCANNING : ABCAPITAL
circuit : 2.5%  2021-12-21T10:45:00+0530
adx : 33.19  aroonosc : 71.43
-----------------------------------------------
10:48:05 : SCANNING : ABFRL
circuit : 2.12%  2021-12-21T10:45:00+0530
adx : 41.21  aroonosc : 35.71
-----------------------------------------------
10:48:05 : SCANNING : ACC
circuit : 1.46%  2021-12-21T10:45:00+0530
adx : 45.68  aroonosc : 100.0
-----------------------------------------------
10:48:05 : SCANNING : ADANIENT
circuit : 0.71%  2021-12-21T10:45:00+0530
adx : 40.21  aroonosc : 64.29
-----------------------------------------------
10:48:06 : SCANNING : ADANIGREEN
circuit : 0.2%  2021-12-21T10:45:00+0530
adx : 24.61  aroonosc : 28.57
-----------------------------------------------
10:48:06 : SCANNING : ADANIPORTS
circuit : -0.76%  2021-12-21T10:45:00+0530
adx : 22.34  aroonosc : 28.57
-----------------------------------------------
10:48:06 : SCANNING : ADVENZYMES
circuit : 1.21%  2021-12-21T10:45:00+0530
adx : 21.74  aroonosc : 57.14
-----------------------------------------------
10:48:07 : SCANNING : AEGISCHEM
circuit : -2.09%  2021-12-21T10:45:00+0530
adx : 40.72  aroonosc : 78.57
-----------------------------------------------
10:48:07 : SCANNING : AFFLE
circuit : 1.12%  2021-12-21T10:45:00+0530
adx : 15.8  aroonosc : 21.43
-----------------------------------------------
10:48:07 : SCANNING : AIAENG
circuit : -0.62%  2021-12-21T10:45:00+0530
adx : 12.31  aroonosc : 21.43
-----------------------------------------------
10:48:08 : SCANNING : AJANTPHARM
circuit : -0.57%  2021-12-21T10:45:00+0530
adx : 19.07  aroonosc : 57.14
-----------------------------------------------
10:48:08 : SCANNING : AKZOINDIA
circuit : -1.36%  2021-12-21T10:45:00+0530
adx : 33.73  aroonosc : -71.43
-----------------------------------------------
10:48:09 : SCANNING : ALEMBICLTD
circuit : -0.56%  2021-12-21T10:45:00+0530
adx : 13.09  aroonosc : 78.57
-----------------------------------------------
10:48:09 : SCANNING : ALKEM
circuit : 0.58%  2021-12-21T10:45:00+0530
adx : 11.51  aroonosc : -71.43
-----------------------------------------------
10:48:09 : SCANNING : ALKYLAMINE
circuit : -1.73%  2021-12-21T10:45:00+0530
adx : 45.82  aroonosc : -35.71
-----------------------------------------------
10:48:10 : SCANNING : ALOKINDS
circuit : 1.54%  2021-12-21T10:45:00+0530
adx : 41.82  aroonosc : 85.71
-----------------------------------------------
10:48:10 : SCANNING : AMARAJABAT
circuit : 0.42%  2021-12-21T10:45:00+0530
adx : 36.37  aroonosc : 92.86
-----------------------------------------------
10:48:10 : SCANNING : AMBER
circuit : 3.17%  2021-12-21T10:45:00+0530
adx : 42.3  aroonosc : 71.43
-----------------------------------------------
10:48:11 : SCANNING : AMBUJACEM
circuit : 2.28%  2021-12-21T10:45:00+0530
adx : 46.74  aroonosc : 100.0
-----------------------------------------------
10:48:11 : SCANNING : ANGELBRKG
circuit : 2.56%  2021-12-21T10:45:00+0530
adx : 42.02  aroonosc : 64.29
-----------------------------------------------
10:48:12 : SCANNING : APLAPOLLO
circuit : 2.67%  2021-12-21T10:45:00+0530
adx : 16.82  aroonosc : 85.71
-----------------------------------------------
10:48:12 : SCANNING : APLLTD
circuit : -1.04%  2021-12-21T10:45:00+0530
adx : 48.44  aroonosc : 21.43
-----------------------------------------------
10:48:12 : SCANNING : APOLLOHOSP
circuit : -0.41%  2021-12-21T10:45:00+0530
adx : 29.62  aroonosc : 42.86
-----------------------------------------------
10:48:13 : SCANNING : APOLLOTYRE
circuit : 0.2%  2021-12-21T10:45:00+0530
adx : 21.24  aroonosc : 71.43
-----------------------------------------------
10:48:13 : SCANNING : ASAHIINDIA
circuit : -0.93%  2021-12-21T10:45:00+0530
adx : 32.64  aroonosc : 14.29
-----------------------------------------------
10:48:13 : SCANNING : ASHOKA
circuit : 0.11%  2021-12-21T10:45:00+0530
adx : 20.3  aroonosc : -42.86
-----------------------------------------------
10:48:14 : SCANNING : ASHOKLEY
circuit : 2.08%  2021-12-21T10:45:00+0530
adx : 44.18  aroonosc : 85.71
-----------------------------------------------
10:48:14 : SCANNING : ASIANPAINT
circuit : 0.89%  2021-12-21T10:45:00+0530
adx : 39.49  aroonosc : 100.0
-----------------------------------------------
10:48:14 : SCANNING : ASTERDM
circuit : -1.02%  2021-12-21T10:45:00+0530
adx : 38.2  aroonosc : 42.86
-----------------------------------------------
10:48:14 : SCANNING : ASTRAL
circuit : -1.91%  2021-12-21T10:45:00+0530
adx : 17.32  aroonosc : 35.71
-----------------------------------------------
10:48:15 : SCANNING : ASTRAZEN
circuit : -0.79%  2021-12-21T10:45:00+0530
adx : 30.52  aroonosc : -42.86
-----------------------------------------------
10:48:15 : SCANNING : ATUL
circuit : 0.3%  2021-12-21T10:45:00+0530
adx : 20.86  aroonosc : 64.29
-----------------------------------------------
10:48:16 : SCANNING : AUBANK
circuit : 3.7%  2021-12-21T10:45:00+0530
adx : 50.42  aroonosc : 71.43
-----------------------------------------------
10:48:16 : SCANNING : AUROPHARMA
circuit : -0.29%  2021-12-21T10:45:00+0530
adx : 23.41  aroonosc : 71.43
-----------------------------------------------
10:48:16 : SCANNING : AVANTIFEED
circuit : -0.56%  2021-12-21T10:45:00+0530
adx : 42.55  aroonosc : 14.29
-----------------------------------------------
10:48:17 : SCANNING : AXISBANK
circuit : -1.22%  2021-12-21T10:45:00+0530
adx : 20.16  aroonosc : 28.57
-----------------------------------------------
10:48:17 : SCANNING : BAJAJ-AUTO
circuit : 0.9%  2021-12-21T10:45:00+0530
adx : 47.31  aroonosc : 71.43
-----------------------------------------------
10:48:17 : SCANNING : BAJAJCON
circuit : 0.15%  2021-12-21T10:45:00+0530
adx : 22.14  aroonosc : 28.57
-----------------------------------------------
10:48:18 : SCANNING : BAJAJELEC
circuit : -0.67%  2021-12-21T10:45:00+0530
adx : 21.22  aroonosc : -85.71
-----------------------------------------------
10:48:18 : SCANNING : BAJAJFINSV
circuit : -0.71%  2021-12-21T10:45:00+0530
adx : 40.15  aroonosc : 100.0
-----------------------------------------------
10:48:18 : SCANNING : BAJAJHLDNG
circuit : -0.12%  2021-12-21T10:45:00+0530
adx : 15.43  aroonosc : 50.0
-----------------------------------------------
10:48:19 : SCANNING : BAJFINANCE
-----------------------------------------------
10:48:19 : SCANNING : BALAMINES
circuit : 0.25%  2021-12-21T10:45:00+0530
adx : 12.47  aroonosc : -21.43
-----------------------------------------------
10:48:19 : SCANNING : BALKRISIND
circuit : -0.68%  2021-12-21T10:45:00+0530
adx : 14.85  aroonosc : -57.14
-----------------------------------------------
10:48:20 : SCANNING : BALMLAWRIE
circuit : 1.45%  2021-12-21T10:45:00+0530
adx : 29.37  aroonosc : 100.0
-----------------------------------------------
10:48:20 : SCANNING : BALRAMCHIN
circuit : 2.01%  2021-12-21T10:45:00+0530
adx : 44.6  aroonosc : 42.86
-----------------------------------------------
10:48:20 : SCANNING : BANDHANBNK
circuit : 0.14%  2021-12-21T10:45:00+0530
adx : 23.99  aroonosc : 28.57
-----------------------------------------------
10:48:21 : SCANNING : BANKBARODA
circuit : 0.68%  2021-12-21T10:45:00+0530
adx : 15.14  aroonosc : -28.57
-----------------------------------------------
10:48:21 : SCANNING : BANKINDIA
circuit : 1.19%  2021-12-21T10:45:00+0530
adx : 46.57  aroonosc : 71.43
-----------------------------------------------
10:48:22 : SCANNING : BASF
circuit : 0.31%  2021-12-21T10:45:00+0530
adx : 40.38  aroonosc : -71.43
-----------------------------------------------
10:48:22 : SCANNING : BATAINDIA
circuit : 0.61%  2021-12-21T10:45:00+0530
adx : 23.81  aroonosc : -57.14
-----------------------------------------------
10:48:22 : SCANNING : BAYERCROP
circuit : -1.65%  2021-12-21T10:45:00+0530
adx : 20.82  aroonosc : -57.14
-----------------------------------------------
10:48:23 : SCANNING : BBTC
circuit : 0.08%  2021-12-21T10:45:00+0530
adx : 22.69  aroonosc : -14.29
-----------------------------------------------
10:48:23 : SCANNING : BDL
circuit : 1.9%  2021-12-21T10:45:00+0530
adx : 33.53  aroonosc : 28.57
-----------------------------------------------
10:48:24 : SCANNING : BEL
circuit : 1.54%  2021-12-21T10:45:00+0530
adx : 35.33  aroonosc : -42.86
-----------------------------------------------
10:48:24 : SCANNING : BEML
circuit : 2.06%  2021-12-21T10:45:00+0530
adx : 44.89  aroonosc : -85.71
-----------------------------------------------
10:48:24 : SCANNING : BERGEPAINT
circuit : 0.48%  2021-12-21T10:45:00+0530
adx : 37.93  aroonosc : 71.43
-----------------------------------------------
10:48:25 : SCANNING : BHARATFORG
circuit : 0.95%  2021-12-21T10:45:00+0530
adx : 24.45  aroonosc : 71.43
-----------------------------------------------
10:48:25 : SCANNING : BHARATRAS
circuit : 2.29%  2021-12-21T10:45:00+0530
adx : 41.95  aroonosc : 7.14
-----------------------------------------------
10:48:26 : SCANNING : BHARTIARTL
circuit : -0.11%  2021-12-21T10:45:00+0530
adx : 32.85  aroonosc : 35.71
-----------------------------------------------
10:48:26 : SCANNING : BHEL
circuit : 0.52%  2021-12-21T10:45:00+0530
adx : 19.91  aroonosc : 57.14
-----------------------------------------------
10:48:26 : SCANNING : BIOCON
circuit : 0.57%  2021-12-21T10:45:00+0530
adx : 11.91  aroonosc : 78.57
-----------------------------------------------
10:48:26 : SCANNING : BIRLACORPN
circuit : 1.43%  2021-12-21T10:45:00+0530
adx : 12.2  aroonosc : 42.86
-----------------------------------------------
10:48:27 : SCANNING : BLISSGVS
circuit : 1.32%  2021-12-21T10:45:00+0530
adx : 24.42  aroonosc : 92.86
-----------------------------------------------
10:48:27 : SCANNING : BLUEDART
circuit : 1.6%  2021-12-21T10:45:00+0530
adx : 39.44  aroonosc : 42.86
-----------------------------------------------
10:48:27 : SCANNING : BLUESTARCO
circuit : -1.38%  2021-12-21T10:45:00+0530
adx : 26.72  aroonosc : 42.86
-----------------------------------------------
10:48:28 : SCANNING : BOSCHLTD
circuit : 3.57%  2021-12-21T10:45:00+0530
adx : 57.21  aroonosc : 35.71
-----------------------------------------------
10:48:28 : SCANNING : BPCL
circuit : -0.32%  2021-12-21T10:45:00+0530
adx : 21.21  aroonosc : 92.86
-----------------------------------------------
10:48:28 : SCANNING : BRIGADE
circuit : 3.09%  2021-12-21T10:45:00+0530
adx : 33.14  aroonosc : 57.14
-----------------------------------------------
10:48:29 : SCANNING : BRITANNIA
circuit : 1.33%  2021-12-21T10:45:00+0530
adx : 30.84  aroonosc : 100.0
-----------------------------------------------
10:48:29 : SCANNING : BSE
circuit : -1.8%  2021-12-21T10:45:00+0530
adx : 13.26  aroonosc : -71.43
-----------------------------------------------
10:48:30 : SCANNING : BSOFT
circuit : 0.67%  2021-12-21T10:45:00+0530
adx : 32.78  aroonosc : 85.71
-----------------------------------------------
10:48:30 : SCANNING : BURGERKING
circuit : 0.7%  2021-12-21T10:45:00+0530
adx : 26.49  aroonosc : 28.57
-----------------------------------------------
10:48:30 : SCANNING : CADILAHC
circuit : 1.19%  2021-12-21T10:45:00+0530
adx : 40.77  aroonosc : 100.0
-----------------------------------------------
10:48:31 : SCANNING : CAMS
circuit : -0.08%  2021-12-21T10:45:00+0530
adx : 25.94  aroonosc : 14.29
-----------------------------------------------
10:48:31 : SCANNING : CANBK
circuit : -0.18%  2021-12-21T10:45:00+0530
adx : 24.02  aroonosc : 21.43
-----------------------------------------------
10:48:31 : SCANNING : CANFINHOME
circuit : 0.64%  2021-12-21T10:45:00+0530
adx : 23.28  aroonosc : 71.43
-----------------------------------------------
10:48:31 : SCANNING : CAPLIPOINT
circuit : 0.71%  2021-12-21T10:45:00+0530
adx : 26.4  aroonosc : 21.43
-----------------------------------------------
10:48:32 : SCANNING : CARBORUNIV
circuit : 1.75%  2021-12-21T10:45:00+0530
adx : 14.45  aroonosc : 71.43
-----------------------------------------------
10:48:32 : SCANNING : CASTROLIND
circuit : -0.86%  2021-12-21T10:45:00+0530
adx : 14.94  aroonosc : -7.14
-----------------------------------------------
10:48:32 : SCANNING : CCL
circuit : 1.99%  2021-12-21T10:45:00+0530
adx : 39.36  aroonosc : 71.43
-----------------------------------------------
10:48:33 : SCANNING : CEATLTD
circuit : 0.26%  2021-12-21T10:45:00+0530
adx : 14.82  aroonosc : 85.71
-----------------------------------------------
10:48:33 : SCANNING : CENTRALBK
circuit : 1.42%  2021-12-21T10:45:00+0530
adx : 38.45  aroonosc : 42.86
-----------------------------------------------
10:48:33 : SCANNING : CENTURYPLY
circuit : 1.44%  2021-12-21T10:45:00+0530
adx : 13.0  aroonosc : -42.86
-----------------------------------------------
10:48:34 : SCANNING : CENTURYTEX
circuit : 2.59%  2021-12-21T10:45:00+0530
adx : 24.13  aroonosc : 64.29
-----------------------------------------------
10:48:34 : SCANNING : CERA
circuit : 4.03%  2021-12-21T10:45:00+0530
adx : 36.0  aroonosc : 57.14
-----------------------------------------------
10:48:34 : SCANNING : CESC
circuit : 1.28%  2021-12-21T10:45:00+0530
adx : 38.56  aroonosc : 78.57
-----------------------------------------------
10:48:35 : SCANNING : CGCL
circuit : -0.42%  2021-12-21T10:45:00+0530
adx : 22.35  aroonosc : -7.14
-----------------------------------------------
10:48:35 : SCANNING : CHALET
circuit : 0.11%  2021-12-21T10:45:00+0530
adx : 10.59  aroonosc : 85.71
-----------------------------------------------
10:48:35 : SCANNING : CHAMBLFERT
circuit : -0.12%  2021-12-21T10:45:00+0530
adx : 20.94  aroonosc : 42.86
-----------------------------------------------
10:48:35 : SCANNING : CHOLAFIN
circuit : 1.67%  2021-12-21T10:45:00+0530
adx : 35.36  aroonosc : 78.57
-----------------------------------------------
10:48:36 : SCANNING : CHOLAHLDNG
circuit : 1.04%  2021-12-21T10:45:00+0530
adx : 18.98  aroonosc : 92.86
-----------------------------------------------
10:48:36 : SCANNING : CIPLA
circuit : -0.44%  2021-12-21T10:45:00+0530
adx : 14.38  aroonosc : 57.14
-----------------------------------------------
10:48:37 : SCANNING : COALINDIA
circuit : 1.8%  2021-12-21T10:45:00+0530
adx : 41.44  aroonosc : 100.0
-----------------------------------------------
10:48:37 : SCANNING : COCHINSHIP
circuit : 1.1%  2021-12-21T10:45:00+0530
adx : 17.94  aroonosc : 21.43
-----------------------------------------------
10:48:38 : SCANNING : COFORGE
circuit : 1.98%  2021-12-21T10:45:00+0530
adx : 45.04  aroonosc : 21.43
-----------------------------------------------
10:48:38 : SCANNING : COLPAL
circuit : 1.85%  2021-12-21T10:45:00+0530
adx : 41.42  aroonosc : 100.0
-----------------------------------------------
10:48:38 : SCANNING : CONCOR
circuit : 0.68%  2021-12-21T10:45:00+0530
adx : 21.88  aroonosc : 35.71
-----------------------------------------------
10:48:38 : SCANNING : COROMANDEL
circuit : 0.41%  2021-12-21T10:45:00+0530
adx : 10.6  aroonosc : 100.0
-----------------------------------------------
10:48:39 : SCANNING : CREDITACC
circuit : -1.9%  2021-12-21T10:45:00+0530
adx : 11.56  aroonosc : 21.43
-----------------------------------------------
10:48:39 : SCANNING : CRISIL
circuit : 1.87%  2021-12-21T10:45:00+0530
adx : 32.17  aroonosc : 92.86
-----------------------------------------------
10:48:39 : SCANNING : CROMPTON
circuit : 0.49%  2021-12-21T10:45:00+0530
adx : 20.57  aroonosc : 35.71
-----------------------------------------------
10:48:40 : SCANNING : CSBBANK
circuit : 0.93%  2021-12-21T10:45:00+0530
adx : 17.87  aroonosc : 35.71
-----------------------------------------------
10:48:40 : SCANNING : CUB
circuit : 0.48%  2021-12-21T10:45:00+0530
adx : 27.33  aroonosc : 57.14
-----------------------------------------------
10:48:40 : SCANNING : CUMMINSIND
circuit : 0.96%  2021-12-21T10:45:00+0530
adx : 30.12  aroonosc : 35.71
-----------------------------------------------
10:48:41 : SCANNING : CYIENT
circuit : 0.05%  2021-12-21T10:45:00+0530
adx : 16.4  aroonosc : 28.57
-----------------------------------------------
10:48:41 : SCANNING : DABUR
circuit : 0.72%  2021-12-21T10:45:00+0530
adx : 48.29  aroonosc : 78.57
-----------------------------------------------
10:48:42 : SCANNING : DALBHARAT
circuit : 4.36%  2021-12-21T10:45:00+0530
adx : 49.68  aroonosc : 71.43
-----------------------------------------------
10:48:42 : SCANNING : DBL
circuit : -0.9%  2021-12-21T10:45:00+0530
adx : 47.26  aroonosc : 85.71
-----------------------------------------------
10:48:42 : SCANNING : DCAL
circuit : 2.0%  2021-12-21T10:45:00+0530
adx : 26.11  aroonosc : 64.29
-----------------------------------------------
10:48:43 : SCANNING : DCBBANK
circuit : 2.43%  2021-12-21T10:45:00+0530
adx : 36.48  aroonosc : 85.71
-----------------------------------------------
10:48:43 : SCANNING : DCMSHRIRAM
circuit : 0.74%  2021-12-21T10:45:00+0530
adx : 16.67  aroonosc : 35.71
-----------------------------------------------
10:48:43 : SCANNING : DEEPAKNTR
circuit : 1.89%  2021-12-21T10:45:00+0530
adx : 41.77  aroonosc : 92.86
-----------------------------------------------
10:48:44 : SCANNING : DELTACORP
circuit : 0.94%  2021-12-21T10:45:00+0530
adx : 24.91  aroonosc : 100.0
-----------------------------------------------
10:48:44 : SCANNING : DHANI
circuit : 3.61%  2021-12-21T10:45:00+0530
adx : 31.31  aroonosc : 85.71
-----------------------------------------------
10:48:44 : SCANNING : DHANUKA
circuit : -0.24%  2021-12-21T10:45:00+0530
adx : 14.71  aroonosc : 92.86
-----------------------------------------------
10:48:45 : SCANNING : DISHTV
circuit : 2.4%  2021-12-21T10:45:00+0530
adx : 40.53  aroonosc : -14.29
-----------------------------------------------
10:48:45 : SCANNING : DIVISLAB
circuit : -1.37%  2021-12-21T10:45:00+0530
adx : 21.56  aroonosc : -71.43
-----------------------------------------------
10:48:46 : SCANNING : DIXON
circuit : 2.26%  2021-12-21T10:45:00+0530
adx : 44.0  aroonosc : 85.71
-----------------------------------------------
10:48:46 : SCANNING : DLF
circuit : 0.9%  2021-12-21T10:45:00+0530
adx : 44.27  aroonosc : 64.29
-----------------------------------------------
10:48:46 : SCANNING : DMART
circuit : 0.37%  2021-12-21T10:45:00+0530
adx : 14.55  aroonosc : 28.57
-----------------------------------------------
10:48:47 : SCANNING : DRREDDY
circuit : 0.71%  2021-12-21T10:45:00+0530
adx : 27.98  aroonosc : 100.0
-----------------------------------------------
10:48:47 : SCANNING : ECLERX
circuit : 0.84%  2021-12-21T10:45:00+0530
adx : 16.28  aroonosc : 28.57
-----------------------------------------------
10:48:47 : SCANNING : EDELWEISS
circuit : 0.58%  2021-12-21T10:45:00+0530
adx : 13.99  aroonosc : -28.57
-----------------------------------------------
10:48:48 : SCANNING : EICHERMOT
circuit : 0.5%  2021-12-21T10:45:00+0530
adx : 35.88  aroonosc : 100.0
-----------------------------------------------
10:48:48 : SCANNING : EIDPARRY
circuit : 1.54%  2021-12-21T10:45:00+0530
adx : 25.33  aroonosc : 64.29
-----------------------------------------------
10:48:49 : SCANNING : EIHOTEL
circuit : 1.34%  2021-12-21T10:45:00+0530
adx : 11.93  aroonosc : 21.43
-----------------------------------------------
10:48:49 : SCANNING : ELGIEQUIP
circuit : 0.02%  2021-12-21T10:45:00+0530
adx : 33.05  aroonosc : -100.0
-----------------------------------------------
10:48:49 : SCANNING : EMAMILTD
circuit : -0.74%  2021-12-21T10:45:00+0530
adx : 33.52  aroonosc : 85.71
-----------------------------------------------
10:48:50 : SCANNING : ENDURANCE
circuit : 0.03%  2021-12-21T10:45:00+0530
adx : 21.92  aroonosc : -50.0
-----------------------------------------------
10:48:50 : SCANNING : ENGINERSIN
-----------------------------------------------
10:48:50 : SCANNING : EPL
circuit : 1.46%  2021-12-21T10:45:00+0530
adx : 34.37  aroonosc : 100.0
-----------------------------------------------
10:48:51 : SCANNING : EQUITAS
circuit : -1.31%  2021-12-21T10:45:00+0530
adx : 24.98  aroonosc : -71.43
-----------------------------------------------
10:48:51 : SCANNING : ERIS
circuit : -0.29%  2021-12-21T10:45:00+0530
adx : 20.88  aroonosc : 64.29
-----------------------------------------------
10:48:52 : SCANNING : ESCORTS
circuit : 0.4%  2021-12-21T10:45:00+0530
adx : 22.16  aroonosc : 21.43
-----------------------------------------------
10:48:52 : SCANNING : EXIDEIND
circuit : 0.13%  2021-12-21T10:45:00+0530
adx : 42.52  aroonosc : -78.57
-----------------------------------------------
10:48:52 : SCANNING : FCONSUMER
circuit : -7.69%  2021-12-21T10:45:00+0530
adx : 31.98  aroonosc : 64.29
-----------------------------------------------
10:48:53 : SCANNING : FDC
circuit : 0.07%  2021-12-21T10:45:00+0530
adx : 14.45  aroonosc : -71.43
-----------------------------------------------
10:48:53 : SCANNING : FEDERALBNK
circuit : -0.67%  2021-12-21T10:45:00+0530
adx : 23.22  aroonosc : 78.57
-----------------------------------------------
10:48:53 : SCANNING : FINCABLES
circuit : 1.5%  2021-12-21T10:45:00+0530
adx : 11.71  aroonosc : 50.0
-----------------------------------------------
10:48:54 : SCANNING : FINEORG
circuit : 1.47%  2021-12-21T10:45:00+0530
adx : 20.59  aroonosc : 92.86
-----------------------------------------------
10:48:54 : SCANNING : FINPIPE
circuit : 3.69%  2021-12-21T10:45:00+0530
adx : 35.65  aroonosc : 92.86
-----------------------------------------------
10:48:55 : SCANNING : FLUOROCHEM
circuit : 4.41%  2021-12-21T10:45:00+0530
adx : 33.44  aroonosc : -35.71
-----------------------------------------------
10:48:55 : SCANNING : FORTIS
circuit : 3.08%  2021-12-21T10:45:00+0530
adx : 44.9  aroonosc : 85.71
-----------------------------------------------
10:48:55 : SCANNING : FRETAIL
circuit : -10.0%  2021-12-21T10:45:00+0530
adx : 35.36  aroonosc : 57.14
-----------------------------------------------
10:48:55 : SCANNING : FSL
circuit : 0.42%  2021-12-21T10:45:00+0530
adx : 14.8  aroonosc : -35.71
-----------------------------------------------
10:48:56 : SCANNING : GAEL
circuit : 1.6%  2021-12-21T10:45:00+0530
adx : 16.61  aroonosc : 71.43
-----------------------------------------------
10:48:56 : SCANNING : GAIL
circuit : 0.98%  2021-12-21T10:45:00+0530
adx : 38.4  aroonosc : 71.43
-----------------------------------------------
10:48:56 : SCANNING : GALAXYSURF
circuit : -0.91%  2021-12-21T10:45:00+0530
adx : 33.92  aroonosc : -85.71
-----------------------------------------------
10:48:57 : SCANNING : GARFIBRES
circuit : -0.59%  2021-12-21T10:45:00+0530
adx : 32.58  aroonosc : 0.0
-----------------------------------------------
10:48:57 : SCANNING : GEPIL
circuit : 1.48%  2021-12-21T10:45:00+0530
adx : 13.83  aroonosc : 78.57
-----------------------------------------------
10:48:57 : SCANNING : GESHIP
circuit : 1.22%  2021-12-21T10:45:00+0530
adx : 29.63  aroonosc : 21.43
-----------------------------------------------
10:48:58 : SCANNING : GICRE
circuit : 1.27%  2021-12-21T10:45:00+0530
adx : 15.04  aroonosc : 28.57
-----------------------------------------------
10:48:58 : SCANNING : GILLETTE
circuit : 1.23%  2021-12-21T10:45:00+0530
adx : 23.93  aroonosc : 57.14
-----------------------------------------------
10:48:58 : SCANNING : GLAND
circuit : 1.45%  2021-12-21T10:45:00+0530
adx : 18.42  aroonosc : 85.71
-----------------------------------------------
10:48:59 : SCANNING : GLAXO
circuit : 1.56%  2021-12-21T10:45:00+0530
adx : 41.66  aroonosc : 64.29
-----------------------------------------------
10:48:59 : SCANNING : GLENMARK
circuit : -0.35%  2021-12-21T10:45:00+0530
adx : 18.73  aroonosc : 21.43
-----------------------------------------------
10:48:59 : SCANNING : GMMPFAUDLR
circuit : 2.42%  2021-12-21T10:45:00+0530
adx : 51.05  aroonosc : 85.71
-----------------------------------------------
10:49:00 : SCANNING : GMRINFRA
circuit : 1.0%  2021-12-21T10:45:00+0530
adx : 31.63  aroonosc : 57.14
-----------------------------------------------
10:49:00 : SCANNING : GNFC
circuit : 1.33%  2021-12-21T10:45:00+0530
adx : 29.4  aroonosc : 64.29
-----------------------------------------------
10:49:00 : SCANNING : GODFRYPHLP
circuit : -0.05%  2021-12-21T10:45:00+0530
adx : 13.87  aroonosc : -64.29
-----------------------------------------------
10:49:01 : SCANNING : GODREJAGRO
circuit : -0.78%  2021-12-21T10:45:00+0530
adx : 25.81  aroonosc : 0.0
-----------------------------------------------
10:49:01 : SCANNING : GODREJCP
circuit : 4.67%  2021-12-21T10:45:00+0530
adx : 47.12  aroonosc : 92.86
-----------------------------------------------
10:49:01 : SCANNING : GODREJIND
circuit : 2.35%  2021-12-21T10:45:00+0530
adx : 43.13  aroonosc : 35.71
-----------------------------------------------
10:49:02 : SCANNING : GODREJPROP
circuit : 1.32%  2021-12-21T10:45:00+0530
adx : 20.96  aroonosc : 42.86
-----------------------------------------------
10:49:02 : SCANNING : GPPL
circuit : 0.16%  2021-12-21T10:45:00+0530
adx : 35.65  aroonosc : 71.43
-----------------------------------------------
10:49:03 : SCANNING : GRANULES
circuit : -0.47%  2021-12-21T10:45:00+0530
adx : 9.4  aroonosc : -7.14
-----------------------------------------------
10:49:03 : SCANNING : GRAPHITE
circuit : 0.09%  2021-12-21T10:45:00+0530
adx : 27.21  aroonosc : -78.57
-----------------------------------------------
10:49:03 : SCANNING : GRASIM
circuit : 2.11%  2021-12-21T10:45:00+0530
adx : 53.5  aroonosc : 57.14
-----------------------------------------------
10:49:04 : SCANNING : GREAVESCOT
circuit : 1.19%  2021-12-21T10:45:00+0530
adx : 34.3  aroonosc : 78.57
-----------------------------------------------
10:49:04 : SCANNING : GRINDWELL
circuit : -0.05%  2021-12-21T10:45:00+0530
adx : 33.78  aroonosc : -42.86
-----------------------------------------------
10:49:04 : SCANNING : GRSE
circuit : 2.66%  2021-12-21T10:45:00+0530
adx : 20.3  aroonosc : 64.29
-----------------------------------------------
10:49:05 : SCANNING : GSFC
circuit : 0.74%  2021-12-21T10:45:00+0530
adx : 16.44  aroonosc : 21.43
-----------------------------------------------
10:49:05 : SCANNING : GSPL
circuit : 0.86%  2021-12-21T10:45:00+0530
adx : 26.28  aroonosc : -14.29
-----------------------------------------------
10:49:05 : SCANNING : GUJALKALI
-----------------------------------------------
10:49:06 : SCANNING : GUJGASLTD
circuit : 1.5%  2021-12-21T10:45:00+0530
adx : 52.5  aroonosc : 57.14
-----------------------------------------------
10:49:06 : SCANNING : GULFOILLUB
circuit : -0.24%  2021-12-21T10:45:00+0530
adx : 22.56  aroonosc : 35.71
-----------------------------------------------
10:49:06 : SCANNING : HAL
circuit : 0.2%  2021-12-21T10:45:00+0530
adx : 31.64  aroonosc : 14.29
-----------------------------------------------
10:49:07 : SCANNING : HATSUN
circuit : -2.02%  2021-12-21T10:45:00+0530
adx : 18.6  aroonosc : -71.43
-----------------------------------------------
10:49:07 : SCANNING : HAVELLS
circuit : 2.77%  2021-12-21T10:45:00+0530
adx : 39.54  aroonosc : 35.71
-----------------------------------------------
10:49:07 : SCANNING : HCLTECH
circuit : 3.4%  2021-12-21T10:45:00+0530
adx : 61.2  aroonosc : 42.86
-----------------------------------------------
10:49:08 : SCANNING : HDFC
circuit : -0.58%  2021-12-21T10:45:00+0530
adx : 48.26  aroonosc : 85.71
-----------------------------------------------
10:49:08 : SCANNING : HDFCAMC
circuit : 0.47%  2021-12-21T10:45:00+0530
adx : 29.22  aroonosc : 71.43
-----------------------------------------------
10:49:09 : SCANNING : HDFCBANK
circuit : 0.26%  2021-12-21T10:45:00+0530
adx : 17.76  aroonosc : 92.86
-----------------------------------------------
10:49:09 : SCANNING : HDFCLIFE
-----------------------------------------------
10:49:09 : SCANNING : HEG
circuit : -0.33%  2021-12-21T10:45:00+0530
adx : 14.23  aroonosc : -35.71
-----------------------------------------------
10:49:10 : SCANNING : HEIDELBERG
circuit : 0.25%  2021-12-21T10:45:00+0530
adx : 19.68  aroonosc : -28.57
-----------------------------------------------
10:49:10 : SCANNING : HEMIPROP
circuit : 1.4%  2021-12-21T10:45:00+0530
adx : 27.21  aroonosc : 35.71
-----------------------------------------------
10:49:10 : SCANNING : HEROMOTOCO
circuit : -1.26%  2021-12-21T10:45:00+0530
adx : 37.48  aroonosc : 28.57
-----------------------------------------------
10:49:11 : SCANNING : HINDALCO
circuit : 2.1%  2021-12-21T10:45:00+0530
adx : 57.43  aroonosc : 100.0
-----------------------------------------------
10:49:11 : SCANNING : HINDCOPPER
circuit : 1.14%  2021-12-21T10:45:00+0530
adx : 38.24  aroonosc : 71.43
-----------------------------------------------
10:49:11 : SCANNING : HINDPETRO
circuit : 0.96%  2021-12-21T10:45:00+0530
adx : 19.76  aroonosc : 85.71
-----------------------------------------------
10:49:12 : SCANNING : HINDUNILVR
circuit : -0.07%  2021-12-21T10:45:00+0530
adx : 32.02  aroonosc : 100.0
-----------------------------------------------
10:49:12 : SCANNING : HINDZINC
circuit : 1.74%  2021-12-21T10:45:00+0530
adx : 27.75  aroonosc : 92.86
-----------------------------------------------
10:49:12 : SCANNING : HONAUT
circuit : -0.35%  2021-12-21T10:45:00+0530
adx : 18.39  aroonosc : -57.14
-----------------------------------------------
10:49:13 : SCANNING : HSCL
circuit : 1.53%  2021-12-21T10:45:00+0530
adx : 46.45  aroonosc : 21.43
-----------------------------------------------
10:49:13 : SCANNING : HUDCO
circuit : 0.52%  2021-12-21T10:45:00+0530
adx : 21.82  aroonosc : -64.29
-----------------------------------------------
10:49:14 : SCANNING : HUHTAMAKI
circuit : 1.36%  2021-12-21T10:45:00+0530
adx : 14.3  aroonosc : 85.71
-----------------------------------------------
10:49:14 : SCANNING : IBREALEST
circuit : 3.51%  2021-12-21T10:45:00+0530
adx : 45.37  aroonosc : 64.29
-----------------------------------------------
10:49:14 : SCANNING : IBULHSGFIN
circuit : 0.77%  2021-12-21T10:45:00+0530
adx : 27.76  aroonosc : 7.14
-----------------------------------------------
10:49:14 : SCANNING : ICICIBANK
circuit : 0.4%  2021-12-21T10:45:00+0530
adx : 46.47  aroonosc : 85.71
-----------------------------------------------
10:49:15 : SCANNING : ICICIGI
circuit : 1.85%  2021-12-21T10:45:00+0530
adx : 40.01  aroonosc : 92.86
-----------------------------------------------
10:49:15 : SCANNING : ICICIPRULI
circuit : 2.2%  2021-12-21T10:45:00+0530
adx : 41.17  aroonosc : 78.57
-----------------------------------------------
10:49:16 : SCANNING : ICIL
circuit : -1.38%  2021-12-21T10:45:00+0530
adx : 20.26  aroonosc : 64.29
-----------------------------------------------
10:49:16 : SCANNING : IDBI
circuit : 2.52%  2021-12-21T10:45:00+0530
adx : 47.87  aroonosc : 35.71
-----------------------------------------------
10:49:16 : SCANNING : IDEA
circuit : 3.97%  2021-12-21T10:45:00+0530
adx : 46.01  aroonosc : 71.43
-----------------------------------------------
10:49:17 : SCANNING : IDFC
circuit : 1.58%  2021-12-21T10:45:00+0530
adx : 41.8  aroonosc : 85.71
-----------------------------------------------
10:49:17 : SCANNING : IDFCFIRSTB
-----------------------------------------------
10:49:17 : SCANNING : IEX
circuit : 1.3%  2021-12-21T10:45:00+0530
adx : 37.65  aroonosc : 71.43
-----------------------------------------------
10:49:18 : SCANNING : IFBIND
circuit : 0.32%  2021-12-21T10:45:00+0530
adx : 30.95  aroonosc : -71.43
-----------------------------------------------
10:49:18 : SCANNING : IGL
circuit : 0.93%  2021-12-21T10:45:00+0530
adx : 37.64  aroonosc : 100.0
-----------------------------------------------
10:49:18 : SCANNING : IIFL
circuit : 0.55%  2021-12-21T10:45:00+0530
adx : 24.51  aroonosc : 21.43
-----------------------------------------------
10:49:19 : SCANNING : IIFLWAM
circuit : -0.96%  2021-12-21T10:45:00+0530
adx : 22.14  aroonosc : -50.0
-----------------------------------------------
10:49:19 : SCANNING : INDHOTEL
circuit : -0.52%  2021-12-21T10:45:00+0530
adx : 12.66  aroonosc : 78.57
-----------------------------------------------
10:49:19 : SCANNING : INDIACEM
circuit : 1.3%  2021-12-21T10:45:00+0530
adx : 38.95  aroonosc : 100.0
-----------------------------------------------
10:49:20 : SCANNING : INDIAMART
circuit : 0.08%  2021-12-21T10:45:00+0530
adx : 10.47  aroonosc : 21.43
-----------------------------------------------
10:49:20 : SCANNING : INDIANB
circuit : 0.93%  2021-12-21T10:45:00+0530
adx : 31.94  aroonosc : 28.57
-----------------------------------------------
10:49:20 : SCANNING : INDIGO
circuit : 0.1%  2021-12-21T10:45:00+0530
adx : 22.3  aroonosc : 78.57
-----------------------------------------------
10:49:21 : SCANNING : INDOCO
circuit : 0.96%  2021-12-21T10:45:00+0530
adx : 25.16  aroonosc : 78.57
-----------------------------------------------
10:49:21 : SCANNING : INDUSINDBK
circuit : 0.44%  2021-12-21T10:45:00+0530
adx : 27.29  aroonosc : 28.57
-----------------------------------------------
10:49:22 : SCANNING : INDUSTOWER
circuit : 3.6%  2021-12-21T10:45:00+0530
adx : 45.69  aroonosc : 92.86
-----------------------------------------------
10:49:22 : SCANNING : INFIBEAM
circuit : 1.41%  2021-12-21T10:45:00+0530
adx : 38.95  aroonosc : 71.43
-----------------------------------------------
10:49:22 : SCANNING : INFY
circuit : 1.49%  2021-12-21T10:45:00+0530
adx : 34.82  aroonosc : 92.86
-----------------------------------------------
10:49:23 : SCANNING : INGERRAND
circuit : 0.85%  2021-12-21T10:45:00+0530
adx : 20.0  aroonosc : -57.14
-----------------------------------------------
10:49:23 : SCANNING : INOXLEISUR
circuit : 3.43%  2021-12-21T10:45:00+0530
adx : 49.96  aroonosc : 78.57
-----------------------------------------------
10:49:23 : SCANNING : INTELLECT
circuit : 0.75%  2021-12-21T10:45:00+0530
adx : 21.07  aroonosc : 28.57
-----------------------------------------------
10:49:24 : SCANNING : IOB
circuit : 1.73%  2021-12-21T10:45:00+0530
adx : 37.89  aroonosc : 71.43
-----------------------------------------------
10:49:24 : SCANNING : IOC
circuit : -0.09%  2021-12-21T10:45:00+0530
adx : 11.42  aroonosc : 64.29
-----------------------------------------------
10:49:24 : SCANNING : IOLCP
circuit : -0.69%  2021-12-21T10:45:00+0530
adx : 47.87  aroonosc : 71.43
-----------------------------------------------
10:49:25 : SCANNING : IPCALAB
circuit : 0.25%  2021-12-21T10:45:00+0530
adx : 9.95  aroonosc : 28.57
-----------------------------------------------
10:49:25 : SCANNING : IRB
circuit : -1.4%  2021-12-21T10:45:00+0530
adx : 15.98  aroonosc : -64.29
-----------------------------------------------
10:49:25 : SCANNING : IRCON
circuit : 0.33%  2021-12-21T10:45:00+0530
adx : 27.32  aroonosc : 92.86
-----------------------------------------------
10:49:26 : SCANNING : IRCTC
circuit : 0.72%  2021-12-21T10:45:00+0530
adx : 34.28  aroonosc : 85.71
-----------------------------------------------
10:49:26 : SCANNING : ISEC
circuit : 1.05%  2021-12-21T10:45:00+0530
adx : 24.05  aroonosc : -71.43
-----------------------------------------------
10:49:26 : SCANNING : ITC
circuit : -0.05%  2021-12-21T10:45:00+0530
adx : 21.43  aroonosc : 71.43
-----------------------------------------------
10:49:27 : SCANNING : ITI
circuit : 0.94%  2021-12-21T10:45:00+0530
adx : 24.73  aroonosc : 50.0
-----------------------------------------------
10:49:27 : SCANNING : J&KBANK
circuit : 2.02%  2021-12-21T10:45:00+0530
adx : 27.46  aroonosc : 0.0
-----------------------------------------------
10:49:27 : SCANNING : JAMNAAUTO
circuit : 3.16%  2021-12-21T10:45:00+0530
adx : 29.01  aroonosc : 64.29
-----------------------------------------------
10:49:28 : SCANNING : JBCHEPHARM
circuit : -0.58%  2021-12-21T10:45:00+0530
adx : 46.67  aroonosc : -64.29
-----------------------------------------------
10:49:28 : SCANNING : JCHAC
circuit : 1.47%  2021-12-21T10:45:00+0530
adx : 36.62  aroonosc : 35.71
-----------------------------------------------
10:49:29 : SCANNING : JINDALSAW
circuit : 1.84%  2021-12-21T10:45:00+0530
adx : 22.25  aroonosc : 21.43
-----------------------------------------------
10:49:29 : SCANNING : JINDALSTEL
circuit : 2.18%  2021-12-21T10:45:00+0530
adx : 50.49  aroonosc : 35.71
-----------------------------------------------
10:49:29 : SCANNING : JKCEMENT
circuit : 2.33%  2021-12-21T10:45:00+0530
adx : 25.61  aroonosc : 85.71
-----------------------------------------------
10:49:29 : SCANNING : JKLAKSHMI
circuit : 0.62%  2021-12-21T10:45:00+0530
adx : 17.34  aroonosc : 28.57
-----------------------------------------------
10:49:30 : SCANNING : JKPAPER
circuit : 1.15%  2021-12-21T10:45:00+0530
adx : 28.28  aroonosc : 28.57
-----------------------------------------------
10:49:30 : SCANNING : JKTYRE
circuit : 2.42%  2021-12-21T10:45:00+0530
adx : 37.01  aroonosc : 78.57
-----------------------------------------------
10:49:30 : SCANNING : JMFINANCIL
circuit : -1.17%  2021-12-21T10:45:00+0530
adx : 22.03  aroonosc : 28.57
-----------------------------------------------
10:49:31 : SCANNING : JSL
circuit : 3.24%  2021-12-21T10:45:00+0530
adx : 27.16  aroonosc : 50.0
-----------------------------------------------
10:49:31 : SCANNING : JSLHISAR
circuit : 3.08%  2021-12-21T10:45:00+0530
adx : 23.43  aroonosc : 64.29
-----------------------------------------------
10:49:31 : SCANNING : JSWSTEEL
circuit : 2.78%  2021-12-21T10:45:00+0530
adx : 65.55  aroonosc : 100.0
rpt : 1190.0
{'candle': 'green', 'type': 'BUY', 'instrument': 'JSWSTEEL', 'price': 664.3, 'qty': 896, 'target': 665.0, 'stoploss': 663.45, 'volume': 54175, 'adx': 65.55232686665623, 'aroonosc': 100.0, 'atr': 2.3090187194699774, 'open': 663.85, 'high': 665.0, 'low': 663.45, 'close': 665.0, 'product': 'MIS', 'time': '2021-12-21T10:45:00+0530'}
10:49:32 : Validation Failed : Time Gap in Seconds : 272
-----------------------------------------------
10:49:32 : SCANNING : JTEKTINDIA
circuit : 1.29%  2021-12-21T10:45:00+0530
adx : 17.59  aroonosc : 78.57
-----------------------------------------------
10:49:33 : SCANNING : JUBLFOOD
circuit : -0.18%  2021-12-21T10:45:00+0530
adx : 16.24  aroonosc : 57.14
-----------------------------------------------
10:49:33 : SCANNING : JUSTDIAL
circuit : 2.82%  2021-12-21T10:45:00+0530
adx : 38.03  aroonosc : 28.57
-----------------------------------------------
10:49:33 : SCANNING : JYOTHYLAB
circuit : 0.54%  2021-12-21T10:45:00+0530
adx : 24.49  aroonosc : 28.57
-----------------------------------------------
10:49:34 : SCANNING : KAJARIACER
circuit : 1.62%  2021-12-21T10:45:00+0530
adx : 20.28  aroonosc : 78.57
-----------------------------------------------
10:49:34 : SCANNING : KALPATPOWR
circuit : 0.81%  2021-12-21T10:45:00+0530
adx : 14.05  aroonosc : 14.29
-----------------------------------------------
10:49:34 : SCANNING : KANSAINER
circuit : 0.53%  2021-12-21T10:45:00+0530
adx : 27.95  aroonosc : 78.57
-----------------------------------------------
10:49:35 : SCANNING : KARURVYSYA
circuit : -0.33%  2021-12-21T10:45:00+0530
adx : 31.62  aroonosc : 35.71
-----------------------------------------------
10:49:35 : SCANNING : KEC
circuit : 0.64%  2021-12-21T10:45:00+0530
adx : 12.21  aroonosc : 7.14
-----------------------------------------------
10:49:35 : SCANNING : KEI
circuit : -0.56%  2021-12-21T10:45:00+0530
adx : 11.52  aroonosc : 0.0
-----------------------------------------------
10:49:36 : SCANNING : KNRCON
circuit : 0.42%  2021-12-21T10:45:00+0530
adx : 8.89  aroonosc : 14.29
-----------------------------------------------
10:49:36 : SCANNING : KOTAKBANK
circuit : -0.2%  2021-12-21T10:45:00+0530
adx : 22.8  aroonosc : 92.86
-----------------------------------------------
10:49:36 : SCANNING : KPITTECH
circuit : 2.78%  2021-12-21T10:45:00+0530
adx : 32.89  aroonosc : 21.43
-----------------------------------------------
10:49:37 : SCANNING : KPRMILL
circuit : 2.22%  2021-12-21T10:45:00+0530
adx : 19.65  aroonosc : 28.57
-----------------------------------------------
10:49:37 : SCANNING : KRBL
circuit : 0.17%  2021-12-21T10:45:00+0530
adx : 18.02  aroonosc : 28.57
-----------------------------------------------
10:49:38 : SCANNING : KSB
circuit : 1.71%  2021-12-21T10:45:00+0530
adx : 12.62  aroonosc : 57.14
-----------------------------------------------
10:49:38 : SCANNING : KSCL
circuit : -0.83%  2021-12-21T10:45:00+0530
adx : 23.64  aroonosc : 14.29
-----------------------------------------------
10:49:38 : SCANNING : L&TFH
circuit : 3.45%  2021-12-21T10:45:00+0530
adx : 56.08  aroonosc : 85.71
-----------------------------------------------
10:49:39 : SCANNING : LALPATHLAB
circuit : -0.33%  2021-12-21T10:45:00+0530
adx : 15.96  aroonosc : 85.71
-----------------------------------------------
10:49:39 : SCANNING : LAOPALA
circuit : 3.63%  2021-12-21T10:45:00+0530
adx : 40.45  aroonosc : 21.43
-----------------------------------------------
10:49:39 : SCANNING : LAURUSLABS
circuit : 1.97%  2021-12-21T10:45:00+0530
adx : 18.96  aroonosc : 50.0
-----------------------------------------------
10:49:39 : SCANNING : LAXMIMACH
circuit : 3.23%  2021-12-21T10:45:00+0530
adx : 25.04  aroonosc : 35.71
-----------------------------------------------
10:49:40 : SCANNING : LEMONTREE
circuit : 4.24%  2021-12-21T10:45:00+0530
adx : 36.17  aroonosc : 64.29
-----------------------------------------------
10:49:40 : SCANNING : LICHSGFIN
circuit : 0.21%  2021-12-21T10:45:00+0530
adx : 35.61  aroonosc : 78.57
-----------------------------------------------
10:49:40 : SCANNING : LINDEINDIA
circuit : 1.21%  2021-12-21T10:45:00+0530
adx : 14.13  aroonosc : 42.86
-----------------------------------------------
10:49:41 : SCANNING : LT
circuit : 0.21%  2021-12-21T10:45:00+0530
adx : 26.4  aroonosc : 0.0
-----------------------------------------------
10:49:41 : SCANNING : LTI
circuit : 2.39%  2021-12-21T10:45:00+0530
adx : 30.34  aroonosc : 92.86
-----------------------------------------------
10:49:41 : SCANNING : LTTS
circuit : 1.19%  2021-12-21T10:45:00+0530
adx : 24.22  aroonosc : 57.14
-----------------------------------------------
10:49:42 : SCANNING : LUPIN
circuit : 0.14%  2021-12-21T10:45:00+0530
adx : 31.93  aroonosc : 64.29
-----------------------------------------------
10:49:42 : SCANNING : LUXIND
circuit : 0.15%  2021-12-21T10:45:00+0530
adx : 31.48  aroonosc : 28.57
-----------------------------------------------
10:49:42 : SCANNING : M&M
circuit : -0.13%  2021-12-21T10:45:00+0530
adx : 28.69  aroonosc : 64.29
-----------------------------------------------
10:49:43 : SCANNING : M&MFIN
circuit : 0.55%  2021-12-21T10:45:00+0530
adx : 20.98  aroonosc : 71.43
-----------------------------------------------
10:49:43 : SCANNING : MAHABANK
circuit : 0.79%  2021-12-21T10:45:00+0530
adx : 13.93  aroonosc : 92.86
-----------------------------------------------
10:49:44 : SCANNING : MAHINDCIE
circuit : 1.32%  2021-12-21T10:45:00+0530
adx : 21.36  aroonosc : 42.86
-----------------------------------------------
10:49:44 : SCANNING : MAHLOG
circuit : -1.62%  2021-12-21T10:45:00+0530
adx : 11.93  aroonosc : -85.71
-----------------------------------------------
10:49:44 : SCANNING : MAHSCOOTER
circuit : 2.6%  2021-12-21T10:45:00+0530
adx : 27.91  aroonosc : 85.71
-----------------------------------------------
10:49:45 : SCANNING : MAHSEAMLES
circuit : 1.55%  2021-12-21T10:45:00+0530
adx : 44.36  aroonosc : 21.43
-----------------------------------------------
10:49:45 : SCANNING : MANAPPURAM
circuit : -0.54%  2021-12-21T10:45:00+0530
adx : 33.48  aroonosc : 78.57
-----------------------------------------------
10:49:46 : SCANNING : MARICO
circuit : 0.52%  2021-12-21T10:45:00+0530
adx : 28.0  aroonosc : 100.0
-----------------------------------------------
10:49:46 : SCANNING : MARUTI
circuit : 0.47%  2021-12-21T10:45:00+0530
adx : 32.65  aroonosc : 100.0
-----------------------------------------------
10:49:46 : SCANNING : MASFIN
circuit : 2.27%  2021-12-21T10:45:00+0530
adx : 20.12  aroonosc : 92.86
-----------------------------------------------
10:49:47 : SCANNING : MAXHEALTH
circuit : 1.4%  2021-12-21T10:45:00+0530
adx : 35.62  aroonosc : 50.0
-----------------------------------------------
10:49:47 : SCANNING : MAZDOCK
circuit : 0.32%  2021-12-21T10:45:00+0530
adx : 25.9  aroonosc : -35.71
-----------------------------------------------
10:49:47 : SCANNING : MCDOWELL-N
circuit : 2.28%  2021-12-21T10:45:00+0530
adx : 42.41  aroonosc : 78.57
-----------------------------------------------
10:49:48 : SCANNING : MCX
circuit : 0.89%  2021-12-21T10:45:00+0530
adx : 36.62  aroonosc : 64.29
-----------------------------------------------
10:49:48 : SCANNING : METROPOLIS
circuit : 2.77%  2021-12-21T10:45:00+0530
adx : 35.33  aroonosc : 71.43
-----------------------------------------------
10:49:48 : SCANNING : MFSL
circuit : 3.72%  2021-12-21T10:45:00+0530
adx : 20.34  aroonosc : 85.71
-----------------------------------------------
10:49:49 : SCANNING : MGL
circuit : 0.32%  2021-12-21T10:45:00+0530
adx : 29.37  aroonosc : 92.86
-----------------------------------------------
10:49:49 : SCANNING : MHRIL
circuit : -0.54%  2021-12-21T10:45:00+0530
adx : 17.5  aroonosc : 57.14
-----------------------------------------------
10:49:49 : SCANNING : MIDHANI
circuit : 0.89%  2021-12-21T10:45:00+0530
adx : 16.38  aroonosc : 78.57
-----------------------------------------------
10:49:50 : SCANNING : MINDACORP
circuit : 1.38%  2021-12-21T10:45:00+0530
adx : 33.58  aroonosc : 85.71
-----------------------------------------------
10:49:50 : SCANNING : MINDAIND
circuit : 1.18%  2021-12-21T10:45:00+0530
adx : 37.18  aroonosc : 71.43
-----------------------------------------------
10:49:50 : SCANNING : MINDTREE
circuit : 1.07%  2021-12-21T10:45:00+0530
adx : 41.72  aroonosc : 28.57
-----------------------------------------------
10:49:51 : SCANNING : MMTC
circuit : 1.72%  2021-12-21T10:45:00+0530
adx : 36.88  aroonosc : 35.71
-----------------------------------------------
10:49:51 : SCANNING : MOIL
circuit : 2.1%  2021-12-21T10:45:00+0530
adx : 34.67  aroonosc : 92.86
-----------------------------------------------
10:49:51 : SCANNING : MOTILALOFS
circuit : 0.37%  2021-12-21T10:45:00+0530
adx : 24.75  aroonosc : 57.14
-----------------------------------------------
10:49:52 : SCANNING : MPHASIS
circuit : 0.66%  2021-12-21T10:45:00+0530
adx : 30.18  aroonosc : -64.29
-----------------------------------------------
10:49:52 : SCANNING : MRF
circuit : 0.42%  2021-12-21T10:45:00+0530
adx : 20.23  aroonosc : -7.14
-----------------------------------------------
10:49:52 : SCANNING : MRPL
circuit : -0.47%  2021-12-21T10:45:00+0530
adx : 26.41  aroonosc : -71.43
-----------------------------------------------
10:49:53 : SCANNING : MUTHOOTFIN
circuit : 0.42%  2021-12-21T10:45:00+0530
adx : 17.45  aroonosc : 92.86
-----------------------------------------------
10:49:53 : SCANNING : NAM-INDIA
circuit : 1.27%  2021-12-21T10:45:00+0530
adx : 20.4  aroonosc : 78.57
-----------------------------------------------
10:49:53 : SCANNING : NATCOPHARM
circuit : 2.57%  2021-12-21T10:45:00+0530
adx : 15.51  aroonosc : 35.71
-----------------------------------------------
10:49:54 : SCANNING : NATIONALUM
circuit : 2.69%  2021-12-21T10:45:00+0530
adx : 53.53  aroonosc : 42.86
-----------------------------------------------
10:49:54 : SCANNING : NAUKRI
circuit : 0.29%  2021-12-21T10:45:00+0530
adx : 20.52  aroonosc : 50.0
-----------------------------------------------
10:49:55 : SCANNING : NAVINFLUOR
circuit : 3.15%  2021-12-21T10:45:00+0530
adx : 56.41  aroonosc : 85.71
-----------------------------------------------
10:49:55 : SCANNING : NBCC
circuit : 0.36%  2021-12-21T10:45:00+0530
adx : 31.13  aroonosc : 92.86
-----------------------------------------------
10:49:55 : SCANNING : NCC
circuit : 0.29%  2021-12-21T10:45:00+0530
adx : 39.27  aroonosc : 100.0
-----------------------------------------------
10:49:55 : SCANNING : NESCO
circuit : 1.58%  2021-12-21T10:45:00+0530
adx : 15.35  aroonosc : -71.43
-----------------------------------------------
10:49:56 : SCANNING : NESTLEIND
circuit : 0.87%  2021-12-21T10:45:00+0530
adx : 46.17  aroonosc : 100.0
-----------------------------------------------
10:49:56 : SCANNING : NETWORK18
circuit : 2.46%  2021-12-21T10:45:00+0530
adx : 26.71  aroonosc : 92.86
-----------------------------------------------
10:49:56 : SCANNING : NFL
circuit : 1.52%  2021-12-21T10:45:00+0530
adx : 32.66  aroonosc : 71.43
-----------------------------------------------
10:49:57 : SCANNING : NH
circuit : 0.82%  2021-12-21T10:45:00+0530
adx : 8.82  aroonosc : 42.86
-----------------------------------------------
10:49:57 : SCANNING : NHPC
circuit : 2.02%  2021-12-21T10:45:00+0530
adx : 36.25  aroonosc : 92.86
-----------------------------------------------
10:49:58 : SCANNING : NIACL
circuit : 0.11%  2021-12-21T10:45:00+0530
adx : 24.8  aroonosc : 35.71
-----------------------------------------------
10:49:58 : SCANNING : NILKAMAL
circuit : 0.39%  2021-12-21T10:45:00+0530
adx : 11.55  aroonosc : 78.57
-----------------------------------------------
10:49:59 : SCANNING : NLCINDIA
circuit : 0.68%  2021-12-21T10:45:00+0530
adx : 28.07  aroonosc : -21.43
-----------------------------------------------
10:49:59 : SCANNING : NMDC
circuit : 7.08%  2021-12-21T10:45:00+0530
adx : 17.15  aroonosc : 85.71
-----------------------------------------------
10:50:00 : SCANNING : NOCIL
circuit : -0.16%  2021-12-21T10:45:00+0530
adx : 28.76  aroonosc : 64.29
-----------------------------------------------
10:50:00 : SCANNING : NTPC
circuit : 0.49%  2021-12-21T10:45:00+0530
adx : 36.37  aroonosc : -35.71
rpt : 1190.0
{'candle': 'green', 'type': 'BUY', 'instrument': 'NTPC', 'price': 120.2, 'qty': 4949, 'target': 120.35, 'stoploss': 120.05, 'volume': 82550, 'adx': 50.48648436642578, 'aroonosc': 64.28571428571429, 'atr': 0.35497661662436336, 'open': 120.15, 'high': 120.35, 'low': 120.05, 'close': 120.35, 'product': 'MIS', 'time': '2021-12-20T13:45:00+0530'}
10:50:00 : Validation Failed : Time Gap in Seconds : 75901
-----------------------------------------------
10:50:01 : SCANNING : OBEROIRLTY
circuit : 1.48%  2021-12-21T10:50:00+0530
adx : 27.51  aroonosc : 92.86
-----------------------------------------------
10:50:01 : SCANNING : OFSS
circuit : 1.35%  2021-12-21T10:45:00+0530
adx : 47.45  aroonosc : 57.14
-----------------------------------------------
10:50:01 : SCANNING : OIL
circuit : 1.78%  2021-12-21T10:45:00+0530
adx : 21.15  aroonosc : 92.86
-----------------------------------------------
10:50:02 : SCANNING : ONGC
circuit : -0.07%  2021-12-21T10:50:00+0530
adx : 32.61  aroonosc : 64.29
-----------------------------------------------
10:50:02 : SCANNING : ORIENTELEC
circuit : 2.15%  2021-12-21T10:45:00+0530
adx : 17.0  aroonosc : 85.71
-----------------------------------------------
10:50:03 : SCANNING : PAGEIND
circuit : 1.04%  2021-12-21T10:45:00+0530
adx : 21.32  aroonosc : 71.43
-----------------------------------------------
10:50:03 : SCANNING : PEL
circuit : 1.53%  2021-12-21T10:45:00+0530
adx : 26.09  aroonosc : 85.71
-----------------------------------------------
10:50:03 : SCANNING : PERSISTENT
circuit : -1.29%  2021-12-21T10:45:00+0530
adx : 33.11  aroonosc : 100.0
-----------------------------------------------
10:50:04 : SCANNING : PETRONET
circuit : -0.02%  2021-12-21T10:50:00+0530
adx : 12.73  aroonosc : 85.71
-----------------------------------------------
10:50:04 : SCANNING : PFC
circuit : 0.47%  2021-12-21T10:50:00+0530
adx : 18.69  aroonosc : 71.43
-----------------------------------------------
10:50:04 : SCANNING : PFIZER
circuit : 0.86%  2021-12-21T10:50:00+0530
adx : 17.81  aroonosc : 64.29
-----------------------------------------------
10:50:05 : SCANNING : PGHH
circuit : 0.55%  2021-12-21T10:45:00+0530
adx : 25.57  aroonosc : 21.43
-----------------------------------------------
10:50:05 : SCANNING : PGHL
circuit : -0.42%  2021-12-21T10:45:00+0530
adx : 20.01  aroonosc : -42.86
-----------------------------------------------
10:50:05 : SCANNING : PHILIPCARB
circuit : 1.0%  2021-12-21T10:45:00+0530
adx : 9.13  aroonosc : 21.43
-----------------------------------------------
10:50:06 : SCANNING : PHOENIXLTD
circuit : -3.46%  2021-12-21T10:45:00+0530
adx : 33.39  aroonosc : -28.57
-----------------------------------------------
10:50:06 : SCANNING : PIDILITIND
circuit : 0.45%  2021-12-21T10:50:00+0530
adx : 38.68  aroonosc : 64.29
-----------------------------------------------
10:50:06 : SCANNING : PIIND
circuit : 1.55%  2021-12-21T10:50:00+0530
adx : 33.57  aroonosc : 92.86
-----------------------------------------------
10:50:07 : SCANNING : PNB
circuit : 0.68%  2021-12-21T10:50:00+0530
adx : 20.6  aroonosc : -64.29
-----------------------------------------------
10:50:07 : SCANNING : PNBHOUSING
circuit : 5.01%  2021-12-21T10:45:00+0530
adx : 51.92  aroonosc : 100.0
-----------------------------------------------
10:50:08 : SCANNING : PNCINFRA
circuit : -0.37%  2021-12-21T10:50:00+0530
adx : 24.29  aroonosc : 78.57
-----------------------------------------------
10:50:08 : SCANNING : POLYCAB
circuit : 0.79%  2021-12-21T10:45:00+0530
adx : 45.37  aroonosc : 85.71
-----------------------------------------------
10:50:08 : SCANNING : POLYMED
circuit : -0.53%  2021-12-21T10:50:00+0530
adx : 21.69  aroonosc : 71.43
-----------------------------------------------
10:50:09 : SCANNING : POLYPLEX
circuit : 1.05%  2021-12-21T10:50:00+0530
adx : 23.25  aroonosc : 78.57
-----------------------------------------------
10:50:09 : SCANNING : POWERGRID
circuit : -1.21%  2021-12-21T10:45:00+0530
adx : 15.05  aroonosc : -57.14
-----------------------------------------------
10:50:09 : SCANNING : POWERINDIA
circuit : -0.01%  2021-12-21T10:50:00+0530
adx : 22.25  aroonosc : -71.43
-----------------------------------------------
10:50:10 : SCANNING : PRESTIGE
circuit : 0.64%  2021-12-21T10:50:00+0530
adx : 22.67  aroonosc : 21.43
-----------------------------------------------
10:50:10 : SCANNING : PRINCEPIPE
circuit : 1.95%  2021-12-21T10:50:00+0530
adx : 35.57  aroonosc : 85.71
-----------------------------------------------
10:50:10 : SCANNING : PRSMJOHNSN
circuit : 3.82%  2021-12-21T10:45:00+0530
adx : 35.69  aroonosc : 50.0
-----------------------------------------------
10:50:11 : SCANNING : PSB
circuit : 0.63%  2021-12-21T10:50:00+0530
adx : 20.84  aroonosc : 50.0
-----------------------------------------------
10:50:11 : SCANNING : PVR
circuit : 0.75%  2021-12-21T10:45:00+0530
adx : 26.96  aroonosc : 78.57
-----------------------------------------------
10:50:11 : SCANNING : QUESS
circuit : 0.79%  2021-12-21T10:45:00+0530
adx : 21.81  aroonosc : 14.29
-----------------------------------------------
10:50:12 : SCANNING : RADICO
circuit : 0.52%  2021-12-21T10:45:00+0530
adx : 21.51  aroonosc : 35.71
-----------------------------------------------
10:50:12 : SCANNING : RAIN
circuit : -0.64%  2021-12-21T10:50:00+0530
adx : 14.21  aroonosc : 57.14
-----------------------------------------------
10:50:12 : SCANNING : RAJESHEXPO
circuit : 0.02%  2021-12-21T10:45:00+0530
adx : 9.91  aroonosc : -35.71
-----------------------------------------------
10:50:12 : SCANNING : RALLIS
circuit : 0.26%  2021-12-21T10:50:00+0530
adx : 10.0  aroonosc : 85.71
-----------------------------------------------
10:50:13 : SCANNING : RAMCOCEM
circuit : 1.71%  2021-12-21T10:50:00+0530
adx : 23.44  aroonosc : 92.86
-----------------------------------------------
10:50:13 : SCANNING : RATNAMANI
circuit : 3.78%  2021-12-21T10:50:00+0530
adx : 42.51  aroonosc : 14.29
-----------------------------------------------
10:50:14 : SCANNING : RAYMOND
circuit : 0.57%  2021-12-21T10:50:00+0530
adx : 33.86  aroonosc : 14.29
-----------------------------------------------
10:50:14 : SCANNING : RBLBANK
circuit : -0.21%  2021-12-21T10:45:00+0530
adx : 21.17  aroonosc : 78.57
-----------------------------------------------
10:50:14 : SCANNING : RCF
circuit : 1.52%  2021-12-21T10:50:00+0530
adx : 27.59  aroonosc : 71.43
-----------------------------------------------
10:50:15 : SCANNING : RECLTD
circuit : 0.82%  2021-12-21T10:50:00+0530
adx : 42.25  aroonosc : 64.29
-----------------------------------------------
10:50:15 : SCANNING : REDINGTON
circuit : 0.31%  2021-12-21T10:50:00+0530
adx : 18.14  aroonosc : -21.43
-----------------------------------------------
10:50:16 : SCANNING : RELAXO
circuit : 2.42%  2021-12-21T10:50:00+0530
adx : 32.37  aroonosc : 50.0
-----------------------------------------------
10:50:16 : SCANNING : RELIANCE
circuit : 0.71%  2021-12-21T10:45:00+0530
adx : 52.19  aroonosc : 85.71
-----------------------------------------------
10:50:16 : SCANNING : RESPONIND
circuit : 2.08%  2021-12-21T10:50:00+0530
adx : 23.31  aroonosc : 7.14
-----------------------------------------------
10:50:17 : SCANNING : RHIM
circuit : 1.33%  2021-12-21T10:50:00+0530
adx : 36.2  aroonosc : 57.14
-----------------------------------------------
10:50:17 : SCANNING : RITES
circuit : -0.51%  2021-12-21T10:50:00+0530
adx : 11.33  aroonosc : 64.29
-----------------------------------------------
10:50:17 : SCANNING : ROSSARI
circuit : 0.28%  2021-12-21T10:45:00+0530
adx : 25.94  aroonosc : 57.14
-----------------------------------------------
10:50:18 : SCANNING : ROUTE
circuit : 1.05%  2021-12-21T10:50:00+0530
adx : 19.54  aroonosc : 57.14
-----------------------------------------------
10:50:18 : SCANNING : RVNL
circuit : 1.04%  2021-12-21T10:50:00+0530
adx : 51.22  aroonosc : 85.71
-----------------------------------------------
10:50:18 : SCANNING : SAIL
circuit : 2.09%  2021-12-21T10:45:00+0530
adx : 34.35  aroonosc : 50.0
-----------------------------------------------
10:50:19 : SCANNING : SANOFI
circuit : -0.03%  2021-12-21T10:45:00+0530
adx : 25.74  aroonosc : 71.43
-----------------------------------------------
10:50:19 : SCANNING : SBICARD
circuit : 0.53%  2021-12-21T10:45:00+0530
adx : 39.21  aroonosc : 42.86
-----------------------------------------------
10:50:19 : SCANNING : SBILIFE
circuit : -0.76%  2021-12-21T10:50:00+0530
adx : 15.2  aroonosc : 78.57
-----------------------------------------------
10:50:20 : SCANNING : SBIN
circuit : -0.18%  2021-12-21T10:45:00+0530
adx : 34.74  aroonosc : 71.43
-----------------------------------------------
10:50:20 : SCANNING : SCHAEFFLER
circuit : 2.4%  2021-12-21T10:50:00+0530
adx : 49.67  aroonosc : 64.29
-----------------------------------------------
10:50:20 : SCANNING : SCHNEIDER
circuit : -1.6%  2021-12-21T10:50:00+0530
adx : 20.8  aroonosc : -85.71
-----------------------------------------------
10:50:21 : SCANNING : SCI
circuit : 1.49%  2021-12-21T10:45:00+0530
adx : 19.72  aroonosc : 78.57
-----------------------------------------------
10:50:21 : SCANNING : SEQUENT
circuit : -0.16%  2021-12-21T10:50:00+0530
adx : 16.89  aroonosc : 64.29
-----------------------------------------------
10:50:21 : SCANNING : SFL
circuit : 1.73%  2021-12-21T10:50:00+0530
adx : 26.57  aroonosc : 92.86
-----------------------------------------------
10:50:22 : SCANNING : SHARDACROP
circuit : -2.93%  2021-12-21T10:45:00+0530
adx : 25.97  aroonosc : 7.14
-----------------------------------------------
10:50:22 : SCANNING : SHILPAMED
circuit : 2.29%  2021-12-21T10:50:00+0530
adx : 53.03  aroonosc : 71.43
-----------------------------------------------
10:50:22 : SCANNING : SHOPERSTOP
circuit : 1.93%  2021-12-21T10:50:00+0530
adx : 15.2  aroonosc : 78.57
-----------------------------------------------
10:50:23 : SCANNING : SHREECEM
circuit : 2.01%  2021-12-21T10:45:00+0530
adx : 43.63  aroonosc : 100.0
-----------------------------------------------
10:50:23 : SCANNING : SHRIRAMCIT
circuit : -2.34%  2021-12-21T10:50:00+0530
adx : 12.19  aroonosc : 85.71
-----------------------------------------------
10:50:23 : SCANNING : SIEMENS
circuit : 0.74%  2021-12-21T10:50:00+0530
adx : 31.35  aroonosc : 85.71
-----------------------------------------------
10:50:24 : SCANNING : SIS
circuit : 0.78%  2021-12-21T10:50:00+0530
adx : 50.16  aroonosc : 100.0
-----------------------------------------------
10:50:24 : SCANNING : SJVN
circuit : 0.9%  2021-12-21T10:50:00+0530
adx : 32.75  aroonosc : 50.0
-----------------------------------------------
10:50:24 : SCANNING : SKFINDIA
-----------------------------------------------
10:50:25 : SCANNING : SOBHA
circuit : 1.5%  2021-12-21T10:50:00+0530
adx : 21.7  aroonosc : 85.71
-----------------------------------------------
10:50:25 : SCANNING : SOLARA
circuit : -0.01%  2021-12-21T10:45:00+0530
adx : 21.27  aroonosc : -100.0
-----------------------------------------------
10:50:25 : SCANNING : SOLARINDS
circuit : -0.51%  2021-12-21T10:50:00+0530
adx : 18.74  aroonosc : -92.86
-----------------------------------------------
10:50:26 : SCANNING : SONATSOFTW
circuit : 2.45%  2021-12-21T10:50:00+0530
adx : 36.42  aroonosc : 28.57
-----------------------------------------------
10:50:26 : SCANNING : SPANDANA
circuit : 0.17%  2021-12-21T10:50:00+0530
adx : 26.26  aroonosc : 21.43
-----------------------------------------------
10:50:26 : SCANNING : SPARC
circuit : 1.6%  2021-12-21T10:50:00+0530
adx : 13.9  aroonosc : 35.71
-----------------------------------------------
10:50:27 : SCANNING : SPICEJET
circuit : -0.15%  2021-12-21T10:50:00+0530
adx : 24.86  aroonosc : 50.0
-----------------------------------------------
10:50:27 : SCANNING : SRF
circuit : 1.59%  2021-12-21T10:50:00+0530
adx : 35.84  aroonosc : 78.57
-----------------------------------------------
10:50:27 : SCANNING : SRTRANSFIN
circuit : -2.16%  2021-12-21T10:50:00+0530
adx : 22.5  aroonosc : 35.71
-----------------------------------------------
10:50:28 : SCANNING : STAR
circuit : -0.9%  2021-12-21T10:50:00+0530
adx : 12.52  aroonosc : 64.29
-----------------------------------------------
10:50:28 : SCANNING : STARCEMENT
circuit : 0.48%  2021-12-21T10:50:00+0530
adx : 16.87  aroonosc : 85.71
-----------------------------------------------
10:50:28 : SCANNING : STLTECH
circuit : 0.95%  2021-12-21T10:50:00+0530
adx : 28.49  aroonosc : 21.43
-----------------------------------------------
10:50:29 : SCANNING : SUDARSCHEM
circuit : 1.39%  2021-12-21T10:50:00+0530
adx : 35.4  aroonosc : 57.14
-----------------------------------------------
10:50:29 : SCANNING : SUMICHEM
circuit : 0.77%  2021-12-21T10:50:00+0530
adx : 16.61  aroonosc : 71.43
-----------------------------------------------
10:50:29 : SCANNING : SUNCLAYLTD
circuit : 1.71%  2021-12-21T10:50:00+0530
adx : 21.86  aroonosc : 71.43
-----------------------------------------------
10:50:30 : SCANNING : SUNDARMFIN
circuit : -0.45%  2021-12-21T10:45:00+0530
adx : 25.28  aroonosc : -7.14
-----------------------------------------------
10:50:30 : SCANNING : SUNDRMFAST
circuit : -2.14%  2021-12-21T10:50:00+0530
adx : 19.3  aroonosc : 92.86
-----------------------------------------------
10:50:30 : SCANNING : SUNPHARMA
circuit : 2.27%  2021-12-21T10:45:00+0530
adx : 41.87  aroonosc : 42.86
-----------------------------------------------
10:50:31 : SCANNING : SUNTECK
circuit : 1.11%  2021-12-21T10:50:00+0530
adx : 28.68  aroonosc : -64.29
-----------------------------------------------
10:50:31 : SCANNING : SUNTV
circuit : -0.21%  2021-12-21T10:50:00+0530
adx : 27.65  aroonosc : 78.57
-----------------------------------------------
10:50:31 : SCANNING : SUPPETRO
circuit : 0.57%  2021-12-21T10:50:00+0530
adx : 30.35  aroonosc : 21.43
-----------------------------------------------
10:50:32 : SCANNING : SUPRAJIT
circuit : 1.97%  2021-12-21T10:50:00+0530
adx : 42.24  aroonosc : 92.86
-----------------------------------------------
10:50:32 : SCANNING : SUPREMEIND
circuit : 4.55%  2021-12-21T10:50:00+0530
adx : 67.13  aroonosc : 92.86
-----------------------------------------------
10:50:32 : SCANNING : SUVENPHAR
circuit : 1.01%  2021-12-21T10:50:00+0530
adx : 14.26  aroonosc : 78.57
-----------------------------------------------
10:50:33 : SCANNING : SUZLON
circuit : 2.05%  2021-12-21T10:50:00+0530
adx : 38.51  aroonosc : 42.86
-----------------------------------------------
10:50:33 : SCANNING : SWANENERGY
circuit : 1.92%  2021-12-21T10:50:00+0530
adx : 28.65  aroonosc : -21.43
-----------------------------------------------
10:50:33 : SCANNING : SWSOLAR
circuit : -0.05%  2021-12-21T10:50:00+0530
adx : 16.19  aroonosc : -71.43
-----------------------------------------------
10:50:34 : SCANNING : SYMPHONY
circuit : 0.6%  2021-12-21T10:45:00+0530
adx : 38.81  aroonosc : 0.0
-----------------------------------------------
10:50:34 : SCANNING : SYNGENE
circuit : 0.2%  2021-12-21T10:50:00+0530
adx : 35.0  aroonosc : 64.29
-----------------------------------------------
10:50:34 : SCANNING : TASTYBITE
circuit : -1.3%  2021-12-21T10:50:00+0530
adx : 28.54  aroonosc : -35.71
-----------------------------------------------
10:50:35 : SCANNING : TATACHEM
circuit : 1.42%  2021-12-21T10:50:00+0530
adx : 37.01  aroonosc : 64.29
-----------------------------------------------
10:50:35 : SCANNING : TATACOFFEE
circuit : 1.4%  2021-12-21T10:50:00+0530
adx : 26.32  aroonosc : 57.14
-----------------------------------------------
10:50:35 : SCANNING : TATACOMM
circuit : -0.56%  2021-12-21T10:50:00+0530
adx : 14.59  aroonosc : 64.29
-----------------------------------------------
10:50:36 : SCANNING : TATACONSUM
circuit : 1.92%  2021-12-21T10:45:00+0530
adx : 46.84  aroonosc : 100.0
-----------------------------------------------
10:50:36 : SCANNING : TATAELXSI
circuit : 0.25%  2021-12-21T10:50:00+0530
adx : 10.44  aroonosc : 64.29
-----------------------------------------------
10:50:36 : SCANNING : TATAINVEST
circuit : 0.44%  2021-12-21T10:50:00+0530
adx : 32.48  aroonosc : 64.29
-----------------------------------------------
10:50:37 : SCANNING : TATAMOTORS
circuit : 1.22%  2021-12-21T10:45:00+0530
adx : 28.17  aroonosc : 92.86
-----------------------------------------------
10:50:37 : SCANNING : TATAPOWER
circuit : 0.54%  2021-12-21T10:45:00+0530
adx : 38.45  aroonosc : 71.43
-----------------------------------------------
10:50:37 : SCANNING : TATASTEEL
circuit : 2.16%  2021-12-21T10:45:00+0530
adx : 45.78  aroonosc : 100.0
-----------------------------------------------
10:50:38 : SCANNING : TCIEXP
circuit : 3.71%  2021-12-21T10:50:00+0530
adx : 24.02  aroonosc : 85.71
-----------------------------------------------
10:50:38 : SCANNING : TCNSBRANDS
circuit : 2.26%  2021-12-21T10:50:00+0530
adx : 15.54  aroonosc : 21.43
-----------------------------------------------
10:50:39 : SCANNING : TCS
circuit : 1.4%  2021-12-21T10:45:00+0530
adx : 48.64  aroonosc : 78.57
-----------------------------------------------
10:50:39 : SCANNING : TEAMLEASE
circuit : 0.45%  2021-12-21T10:50:00+0530
adx : 11.36  aroonosc : 7.14
-----------------------------------------------
10:50:40 : SCANNING : TECHM
circuit : 2.59%  2021-12-21T10:45:00+0530
adx : 38.21  aroonosc : 64.29
-----------------------------------------------
10:50:40 : SCANNING : THERMAX
circuit : 1.64%  2021-12-21T10:50:00+0530
adx : 33.86  aroonosc : 85.71
-----------------------------------------------
10:50:40 : SCANNING : THYROCARE
circuit : -1.33%  2021-12-21T10:50:00+0530
adx : 18.82  aroonosc : -57.14
-----------------------------------------------
10:50:41 : SCANNING : TIINDIA
circuit : -0.01%  2021-12-21T10:50:00+0530
adx : 20.9  aroonosc : 85.71
-----------------------------------------------
10:50:41 : SCANNING : TIMKEN
circuit : 2.34%  2021-12-21T10:50:00+0530
adx : 43.85  aroonosc : 78.57
-----------------------------------------------
10:50:41 : SCANNING : TITAN
circuit : 2.05%  2021-12-21T10:45:00+0530
adx : 40.76  aroonosc : 100.0
-----------------------------------------------
10:50:42 : SCANNING : TORNTPHARM
circuit : 1.1%  2021-12-21T10:50:00+0530
adx : 24.98  aroonosc : -28.57
-----------------------------------------------
10:50:42 : SCANNING : TORNTPOWER
circuit : 0.19%  2021-12-21T10:45:00+0530
adx : 26.43  aroonosc : -14.29
-----------------------------------------------
10:50:42 : SCANNING : TRENT
circuit : -0.39%  2021-12-21T10:50:00+0530
adx : 25.53  aroonosc : 64.29
-----------------------------------------------
10:50:43 : SCANNING : TRIDENT
circuit : 5.24%  2021-12-21T10:45:00+0530
adx : 15.56  aroonosc : 35.71
-----------------------------------------------
10:50:43 : SCANNING : TRITURBINE
circuit : -1.28%  2021-12-21T10:50:00+0530
adx : 51.15  aroonosc : 7.14
-----------------------------------------------
10:50:43 : SCANNING : TTKPRESTIG
circuit : 1.56%  2021-12-21T10:50:00+0530
adx : 20.15  aroonosc : 28.57
-----------------------------------------------
10:50:44 : SCANNING : TV18BRDCST
circuit : 0.45%  2021-12-21T10:45:00+0530
adx : 12.1  aroonosc : 92.86
-----------------------------------------------
10:50:44 : SCANNING : TVSMOTOR
circuit : 1.48%  2021-12-21T10:50:00+0530
adx : 43.31  aroonosc : 85.71
-----------------------------------------------
10:50:44 : SCANNING : UBL
circuit : 2.11%  2021-12-21T10:50:00+0530
adx : 29.0  aroonosc : 42.86
-----------------------------------------------
10:50:45 : SCANNING : UCOBANK
circuit : 1.18%  2021-12-21T10:50:00+0530
adx : 48.08  aroonosc : 42.86
-----------------------------------------------
10:50:45 : SCANNING : UFLEX
circuit : -1.47%  2021-12-21T10:50:00+0530
adx : 38.66  aroonosc : 71.43
-----------------------------------------------
10:50:45 : SCANNING : UJJIVAN
circuit : -0.38%  2021-12-21T10:50:00+0530
adx : 22.08  aroonosc : 64.29
-----------------------------------------------
10:50:45 : SCANNING : UJJIVANSFB
-----------------------------------------------
10:50:46 : SCANNING : ULTRACEMCO
circuit : 0.74%  2021-12-21T10:45:00+0530
adx : 28.82  aroonosc : 71.43
-----------------------------------------------
10:50:46 : SCANNING : UNIONBANK
circuit : 1.3%  2021-12-21T10:50:00+0530
adx : 10.03  aroonosc : 7.14
-----------------------------------------------
10:50:47 : SCANNING : UPL
circuit : 1.67%  2021-12-21T10:45:00+0530
adx : 41.55  aroonosc : 92.86
-----------------------------------------------
10:50:47 : SCANNING : UTIAMC
circuit : 1.43%  2021-12-21T10:50:00+0530
adx : 13.23  aroonosc : 42.86
-----------------------------------------------
10:50:47 : SCANNING : VAIBHAVGBL
circuit : 0.36%  2021-12-21T10:50:00+0530
adx : 22.38  aroonosc : 71.43
-----------------------------------------------
10:50:48 : SCANNING : VAKRANGEE
circuit : 1.97%  2021-12-21T10:50:00+0530
adx : 32.01  aroonosc : 85.71
-----------------------------------------------
10:50:48 : SCANNING : VALIANTORG
circuit : 0.91%  2021-12-21T10:50:00+0530
adx : 17.33  aroonosc : 78.57
-----------------------------------------------
10:50:49 : SCANNING : VARROC
circuit : 2.46%  2021-12-21T10:50:00+0530
adx : 24.5  aroonosc : 64.29
-----------------------------------------------
10:50:49 : SCANNING : VBL
circuit : 0.57%  2021-12-21T10:50:00+0530
adx : 13.34  aroonosc : 50.0
-----------------------------------------------
10:50:50 : SCANNING : VEDL
circuit : 2.02%  2021-12-21T10:45:00+0530
adx : 56.45  aroonosc : 100.0
rpt : 1190.0
{'candle': 'green', 'type': 'BUY', 'instrument': 'VEDL', 'price': 335.4, 'qty': 1774, 'target': 335.95, 'stoploss': 334.9, 'volume': 113686, 'adx': 56.45347688087024, 'aroonosc': 100.0, 'atr': 1.354751895555772, 'open': 335.25, 'high': 335.95, 'low': 334.9, 'close': 335.65, 'product': 'MIS', 'time': '2021-12-21T10:45:00+0530'}
10:50:50 : Validation Failed : Time Gap in Seconds : 350
-----------------------------------------------
10:50:50 : SCANNING : VENKEYS
circuit : -0.45%  2021-12-21T10:50:00+0530
adx : 27.41  aroonosc : 71.43
-----------------------------------------------
10:50:51 : SCANNING : VGUARD
circuit : 0.31%  2021-12-21T10:50:00+0530
adx : 12.2  aroonosc : 28.57
-----------------------------------------------
10:50:51 : SCANNING : VINATIORGA
circuit : -2.89%  2021-12-21T10:50:00+0530
adx : 19.41  aroonosc : -35.71
-----------------------------------------------
10:50:51 : SCANNING : VIPIND
circuit : 4.12%  2021-12-21T10:50:00+0530
adx : 29.58  aroonosc : 57.14
-----------------------------------------------
10:50:52 : SCANNING : VMART
circuit : -0.48%  2021-12-21T10:50:00+0530
adx : 22.01  aroonosc : 100.0
-----------------------------------------------
10:50:52 : SCANNING : VOLTAS
circuit : 0.66%  2021-12-21T10:50:00+0530
adx : 37.68  aroonosc : 28.57
-----------------------------------------------
10:50:52 : SCANNING : VSTIND
circuit : -0.13%  2021-12-21T10:50:00+0530
adx : 16.0  aroonosc : -85.71
-----------------------------------------------
10:50:53 : SCANNING : VTL
circuit : 6.65%  2021-12-21T10:50:00+0530
adx : 45.49  aroonosc : 85.71
-----------------------------------------------
10:50:53 : SCANNING : WABCOINDIA
circuit : 0.69%  2021-12-21T10:50:00+0530
adx : 10.58  aroonosc : -78.57
-----------------------------------------------
10:50:53 : SCANNING : WELCORP
circuit : 3.11%  2021-12-21T10:50:00+0530
adx : 41.06  aroonosc : 78.57
-----------------------------------------------
10:50:54 : SCANNING : WELSPUNIND
circuit : 1.1%  2021-12-21T10:50:00+0530
adx : 22.21  aroonosc : 21.43
-----------------------------------------------
10:50:54 : SCANNING : WESTLIFE
circuit : 0.2%  2021-12-21T10:50:00+0530
adx : 23.71  aroonosc : 78.57
-----------------------------------------------
10:50:54 : SCANNING : WHIRLPOOL
circuit : 0.8%  2021-12-21T10:50:00+0530
adx : 14.8  aroonosc : 14.29
-----------------------------------------------
10:50:55 : SCANNING : WIPRO
circuit : 1.41%  2021-12-21T10:45:00+0530
adx : 55.54  aroonosc : 57.14
-----------------------------------------------
10:50:55 : SCANNING : WOCKPHARMA
circuit : -0.06%  2021-12-21T10:50:00+0530
adx : 18.57  aroonosc : 42.86
-----------------------------------------------
10:50:55 : SCANNING : YESBANK
-----------------------------------------------
10:50:56 : SCANNING : ZEEL
circuit : 2.43%  2021-12-21T10:50:00+0530
adx : 30.45  aroonosc : 85.71
-----------------------------------------------
10:50:56 : SCANNING : ZENSARTECH
circuit : 3.53%  2021-12-21T10:50:00+0530
adx : 46.14  aroonosc : 28.57
-----------------------------------------------
10:50:56 : SCANNING : ZYDUSWELL
circuit : -0.98%  2021-12-21T10:50:00+0530
adx : 37.21  aroonosc : 28.57
-----------------------------------------------
10:50:57 : SCANNING : PAYTM
circuit : 1.38%  2021-12-21T10:50:00+0530
adx : 21.26  aroonosc : -71.43
-----------------------------------------------
===================================================
10:50:57 : END
===================================================
Start Time     : 2021-12-21 10:48:01.898850
End Time       : 2021-12-21 10:50:57.219728
Time Taken     : 2.0
===================================================
