===================================================
10:54:01 : START
===================================================
10:54:01 : PROCESSING INSTRUMENTS SYMBOLS
-----------------------------------------------
10:54:02 : SCANNING : 3MINDIA
circuit : -0.21%  2021-12-21T10:50:00+0530
adx : 28.94  aroonosc : 71.43
-----------------------------------------------
10:54:02 : SCANNING : AARTIDRUGS
circuit : 0.76%  2021-12-21T10:50:00+0530
adx : 12.19  aroonosc : 57.14
-----------------------------------------------
10:54:02 : SCANNING : AARTIIND
circuit : 1.28%  2021-12-21T10:50:00+0530
adx : 37.61  aroonosc : 64.29
-----------------------------------------------
10:54:03 : SCANNING : AAVAS
circuit : 1.05%  2021-12-21T10:50:00+0530
adx : 53.91  aroonosc : 92.86
-----------------------------------------------
10:54:03 : SCANNING : ABB
circuit : 1.31%  2021-12-21T10:50:00+0530
adx : 19.15  aroonosc : 85.71
-----------------------------------------------
10:54:04 : SCANNING : ABBOTINDIA
circuit : -0.16%  2021-12-21T10:50:00+0530
adx : 30.21  aroonosc : 100.0
-----------------------------------------------
10:54:04 : SCANNING : ABCAPITAL
circuit : 2.77%  2021-12-21T10:50:00+0530
adx : 32.69  aroonosc : 64.29
-----------------------------------------------
10:54:04 : SCANNING : ABFRL
circuit : 2.1%  2021-12-21T10:50:00+0530
adx : 40.78  aroonosc : 28.57
-----------------------------------------------
10:54:05 : SCANNING : ACC
circuit : 1.46%  2021-12-21T10:50:00+0530
adx : 46.46  aroonosc : 100.0
-----------------------------------------------
10:54:05 : SCANNING : ADANIENT
circuit : 0.62%  2021-12-21T10:50:00+0530
adx : 40.51  aroonosc : 57.14
-----------------------------------------------
10:54:05 : SCANNING : ADANIGREEN
-----------------------------------------------
10:54:06 : SCANNING : ADANIPORTS
circuit : -0.7%  2021-12-21T10:50:00+0530
adx : 20.77  aroonosc : 21.43
-----------------------------------------------
10:54:06 : SCANNING : ADVENZYMES
circuit : 1.24%  2021-12-21T10:50:00+0530
adx : 21.21  aroonosc : 57.14
-----------------------------------------------
10:54:06 : SCANNING : AEGISCHEM
circuit : -2.0%  2021-12-21T10:50:00+0530
adx : 40.53  aroonosc : 78.57
-----------------------------------------------
10:54:07 : SCANNING : AFFLE
circuit : 0.89%  2021-12-21T10:50:00+0530
adx : 14.9  aroonosc : 21.43
-----------------------------------------------
10:54:07 : SCANNING : AIAENG
circuit : -0.76%  2021-12-21T10:50:00+0530
adx : 13.32  aroonosc : -71.43
-----------------------------------------------
10:54:07 : SCANNING : AJANTPHARM
circuit : -0.38%  2021-12-21T10:50:00+0530
adx : 17.84  aroonosc : 100.0
-----------------------------------------------
10:54:08 : SCANNING : AKZOINDIA
circuit : -1.24%  2021-12-21T10:50:00+0530
adx : 34.23  aroonosc : -71.43
-----------------------------------------------
10:54:08 : SCANNING : ALEMBICLTD
circuit : -0.26%  2021-12-21T10:50:00+0530
adx : 12.97  aroonosc : 71.43
-----------------------------------------------
10:54:09 : SCANNING : ALKEM
circuit : 0.38%  2021-12-21T10:50:00+0530
adx : 10.38  aroonosc : -64.29
-----------------------------------------------
10:54:09 : SCANNING : ALKYLAMINE
circuit : -1.71%  2021-12-21T10:50:00+0530
adx : 46.57  aroonosc : -28.57
-----------------------------------------------
10:54:09 : SCANNING : ALOKINDS
circuit : 1.54%  2021-12-21T10:50:00+0530
adx : 40.83  aroonosc : 92.86
-----------------------------------------------
10:54:10 : SCANNING : AMARAJABAT
circuit : 0.43%  2021-12-21T10:50:00+0530
adx : 36.18  aroonosc : 78.57
-----------------------------------------------
10:54:10 : SCANNING : AMBER
circuit : 3.15%  2021-12-21T10:50:00+0530
adx : 41.95  aroonosc : 64.29
-----------------------------------------------
10:54:10 : SCANNING : AMBUJACEM
circuit : 2.42%  2021-12-21T10:50:00+0530
adx : 48.12  aroonosc : 100.0
-----------------------------------------------
10:54:11 : SCANNING : ANGELBRKG
circuit : 2.27%  2021-12-21T10:50:00+0530
adx : 40.57  aroonosc : 64.29
-----------------------------------------------
10:54:11 : SCANNING : APLAPOLLO
circuit : 2.5%  2021-12-21T10:50:00+0530
adx : 16.36  aroonosc : 78.57
-----------------------------------------------
10:54:11 : SCANNING : APLLTD
circuit : -1.37%  2021-12-21T10:50:00+0530
adx : 46.4  aroonosc : -85.71
-----------------------------------------------
10:54:12 : SCANNING : APOLLOHOSP
circuit : -0.36%  2021-12-21T10:50:00+0530
adx : 29.47  aroonosc : 42.86
-----------------------------------------------
10:54:12 : SCANNING : APOLLOTYRE
circuit : 0.22%  2021-12-21T10:50:00+0530
adx : 20.36  aroonosc : 64.29
-----------------------------------------------
10:54:13 : SCANNING : ASAHIINDIA
circuit : -1.12%  2021-12-21T10:50:00+0530
adx : 32.18  aroonosc : 14.29
-----------------------------------------------
10:54:13 : SCANNING : ASHOKA
circuit : 0.17%  2021-12-21T10:50:00+0530
adx : 19.06  aroonosc : -42.86
-----------------------------------------------
10:54:13 : SCANNING : ASHOKLEY
circuit : 2.04%  2021-12-21T10:50:00+0530
adx : 44.75  aroonosc : 78.57
-----------------------------------------------
10:54:14 : SCANNING : ASIANPAINT
circuit : 1.11%  2021-12-21T10:50:00+0530
adx : 40.99  aroonosc : 100.0
-----------------------------------------------
10:54:14 : SCANNING : ASTERDM
circuit : -0.08%  2021-12-21T10:50:00+0530
adx : 38.76  aroonosc : 100.0
-----------------------------------------------
10:54:14 : SCANNING : ASTRAL
circuit : -1.89%  2021-12-21T10:50:00+0530
adx : 16.85  aroonosc : 35.71
-----------------------------------------------
10:54:15 : SCANNING : ASTRAZEN
circuit : -0.71%  2021-12-21T10:50:00+0530
adx : 28.41  aroonosc : -42.86
-----------------------------------------------
10:54:15 : SCANNING : ATUL
circuit : 0.12%  2021-12-21T10:50:00+0530
adx : 21.72  aroonosc : 35.71
-----------------------------------------------
10:54:15 : SCANNING : AUBANK
circuit : 4.01%  2021-12-21T10:50:00+0530
adx : 50.79  aroonosc : 71.43
-----------------------------------------------
10:54:16 : SCANNING : AUROPHARMA
circuit : -0.36%  2021-12-21T10:50:00+0530
adx : 24.13  aroonosc : 64.29
-----------------------------------------------
10:54:16 : SCANNING : AVANTIFEED
circuit : -0.61%  2021-12-21T10:50:00+0530
adx : 42.02  aroonosc : 14.29
-----------------------------------------------
10:54:17 : SCANNING : AXISBANK
circuit : -1.1%  2021-12-21T10:50:00+0530
adx : 19.84  aroonosc : 21.43
-----------------------------------------------
10:54:17 : SCANNING : BAJAJ-AUTO
circuit : 0.8%  2021-12-21T10:50:00+0530
adx : 46.5  aroonosc : 64.29
-----------------------------------------------
10:54:17 : SCANNING : BAJAJCON
circuit : 0.08%  2021-12-21T10:50:00+0530
adx : 21.31  aroonosc : 21.43
-----------------------------------------------
10:54:18 : SCANNING : BAJAJELEC
circuit : -0.98%  2021-12-21T10:50:00+0530
adx : 20.63  aroonosc : -78.57
-----------------------------------------------
10:54:18 : SCANNING : BAJAJFINSV
circuit : -0.81%  2021-12-21T10:50:00+0530
adx : 40.49  aroonosc : 57.14
-----------------------------------------------
10:54:18 : SCANNING : BAJAJHLDNG
circuit : -0.22%  2021-12-21T10:50:00+0530
adx : 15.21  aroonosc : -21.43
-----------------------------------------------
10:54:19 : SCANNING : BAJFINANCE
circuit : -0.21%  2021-12-21T10:50:00+0530
adx : 30.44  aroonosc : 57.14
-----------------------------------------------
10:54:19 : SCANNING : BALAMINES
circuit : 0.25%  2021-12-21T10:50:00+0530
adx : 11.7  aroonosc : 71.43
-----------------------------------------------
10:54:19 : SCANNING : BALKRISIND
circuit : -0.83%  2021-12-21T10:50:00+0530
adx : 14.9  aroonosc : 42.86
-----------------------------------------------
10:54:20 : SCANNING : BALMLAWRIE
circuit : 1.28%  2021-12-21T10:50:00+0530
adx : 30.51  aroonosc : 92.86
-----------------------------------------------
10:54:20 : SCANNING : BALRAMCHIN
circuit : 2.09%  2021-12-21T10:50:00+0530
adx : 44.4  aroonosc : 42.86
-----------------------------------------------
10:54:20 : SCANNING : BANDHANBNK
circuit : 0.16%  2021-12-21T10:50:00+0530
adx : 23.37  aroonosc : 21.43
-----------------------------------------------
10:54:21 : SCANNING : BANKBARODA
circuit : 0.62%  2021-12-21T10:50:00+0530
adx : 14.32  aroonosc : -28.57
-----------------------------------------------
10:54:21 : SCANNING : BANKINDIA
circuit : 1.19%  2021-12-21T10:50:00+0530
adx : 46.79  aroonosc : 64.29
-----------------------------------------------
10:54:21 : SCANNING : BASF
circuit : 0.56%  2021-12-21T10:50:00+0530
adx : 37.73  aroonosc : -71.43
-----------------------------------------------
10:54:22 : SCANNING : BATAINDIA
circuit : 0.87%  2021-12-21T10:50:00+0530
adx : 22.21  aroonosc : -57.14
-----------------------------------------------
10:54:22 : SCANNING : BAYERCROP
circuit : -1.72%  2021-12-21T10:50:00+0530
adx : 19.77  aroonosc : -92.86
-----------------------------------------------
10:54:22 : SCANNING : BBTC
circuit : 0.2%  2021-12-21T10:50:00+0530
adx : 22.63  aroonosc : 35.71
-----------------------------------------------
10:54:22 : SCANNING : BDL
circuit : 1.73%  2021-12-21T10:50:00+0530
adx : 33.64  aroonosc : 28.57
-----------------------------------------------
10:54:23 : SCANNING : BEL
circuit : 1.38%  2021-12-21T10:50:00+0530
adx : 35.84  aroonosc : -28.57
-----------------------------------------------
10:54:23 : SCANNING : BEML
circuit : 1.8%  2021-12-21T10:50:00+0530
adx : 43.07  aroonosc : -100.0
-----------------------------------------------
10:54:23 : SCANNING : BERGEPAINT
circuit : 0.61%  2021-12-21T10:50:00+0530
adx : 37.33  aroonosc : 64.29
-----------------------------------------------
10:54:24 : SCANNING : BHARATFORG
circuit : 0.92%  2021-12-21T10:50:00+0530
adx : 23.87  aroonosc : 71.43
-----------------------------------------------
10:54:24 : SCANNING : BHARATRAS
circuit : 2.27%  2021-12-21T10:50:00+0530
adx : 41.68  aroonosc : 0.0
-----------------------------------------------
10:54:24 : SCANNING : BHARTIARTL
circuit : 0.07%  2021-12-21T10:50:00+0530
adx : 32.18  aroonosc : 28.57
-----------------------------------------------
10:54:25 : SCANNING : BHEL
circuit : 0.26%  2021-12-21T10:50:00+0530
adx : 18.82  aroonosc : 57.14
-----------------------------------------------
10:54:25 : SCANNING : BIOCON
circuit : 0.54%  2021-12-21T10:50:00+0530
adx : 11.32  aroonosc : 71.43
-----------------------------------------------
10:54:25 : SCANNING : BIRLACORPN
circuit : 3.27%  2021-12-21T10:50:00+0530
adx : 19.56  aroonosc : 92.86
-----------------------------------------------
10:54:26 : SCANNING : BLISSGVS
circuit : 1.05%  2021-12-21T10:50:00+0530
adx : 24.87  aroonosc : 85.71
-----------------------------------------------
10:54:26 : SCANNING : BLUEDART
circuit : 1.31%  2021-12-21T10:50:00+0530
adx : 36.26  aroonosc : -64.29
-----------------------------------------------
10:54:26 : SCANNING : BLUESTARCO
circuit : -1.26%  2021-12-21T10:50:00+0530
adx : 24.19  aroonosc : 42.86
-----------------------------------------------
10:54:27 : SCANNING : BOSCHLTD
circuit : 3.37%  2021-12-21T10:50:00+0530
adx : 57.11  aroonosc : 28.57
-----------------------------------------------
10:54:27 : SCANNING : BPCL
circuit : -0.14%  2021-12-21T10:50:00+0530
adx : 22.45  aroonosc : 100.0
-----------------------------------------------
10:54:27 : SCANNING : BRIGADE
circuit : 3.25%  2021-12-21T10:50:00+0530
adx : 33.26  aroonosc : 50.0
-----------------------------------------------
10:54:28 : SCANNING : BRITANNIA
circuit : 1.47%  2021-12-21T10:50:00+0530
adx : 32.81  aroonosc : 100.0
-----------------------------------------------
10:54:28 : SCANNING : BSE
circuit : -1.3%  2021-12-21T10:50:00+0530
adx : 12.89  aroonosc : -71.43
-----------------------------------------------
10:54:28 : SCANNING : BSOFT
-----------------------------------------------
10:54:29 : SCANNING : BURGERKING
circuit : 0.63%  2021-12-21T10:50:00+0530
adx : 25.32  aroonosc : 21.43
-----------------------------------------------
10:54:29 : SCANNING : CADILAHC
circuit : 1.15%  2021-12-21T10:50:00+0530
adx : 41.85  aroonosc : 92.86
-----------------------------------------------
10:54:29 : SCANNING : CAMS
circuit : -0.27%  2021-12-21T10:50:00+0530
adx : 24.18  aroonosc : 7.14
-----------------------------------------------
10:54:29 : SCANNING : CANBK
circuit : -0.08%  2021-12-21T10:50:00+0530
adx : 23.05  aroonosc : 21.43
-----------------------------------------------
10:54:30 : SCANNING : CANFINHOME
circuit : 0.6%  2021-12-21T10:50:00+0530
adx : 23.39  aroonosc : 71.43
-----------------------------------------------
10:54:30 : SCANNING : CAPLIPOINT
circuit : 0.75%  2021-12-21T10:50:00+0530
adx : 25.78  aroonosc : 14.29
-----------------------------------------------
10:54:30 : SCANNING : CARBORUNIV
circuit : 1.7%  2021-12-21T10:50:00+0530
adx : 14.35  aroonosc : 64.29
-----------------------------------------------
10:54:31 : SCANNING : CASTROLIND
circuit : -0.98%  2021-12-21T10:50:00+0530
adx : 14.87  aroonosc : -7.14
-----------------------------------------------
10:54:31 : SCANNING : CCL
circuit : 2.02%  2021-12-21T10:50:00+0530
adx : 40.48  aroonosc : 78.57
-----------------------------------------------
10:54:32 : SCANNING : CEATLTD
circuit : 0.37%  2021-12-21T10:50:00+0530
adx : 13.88  aroonosc : 85.71
-----------------------------------------------
10:54:32 : SCANNING : CENTRALBK
circuit : 1.18%  2021-12-21T10:50:00+0530
adx : 36.05  aroonosc : -14.29
-----------------------------------------------
10:54:32 : SCANNING : CENTURYPLY
circuit : 1.46%  2021-12-21T10:50:00+0530
adx : 12.36  aroonosc : 64.29
-----------------------------------------------
10:54:33 : SCANNING : CENTURYTEX
circuit : 2.88%  2021-12-21T10:50:00+0530
adx : 24.17  aroonosc : 64.29
-----------------------------------------------
10:54:33 : SCANNING : CERA
circuit : 3.93%  2021-12-21T10:50:00+0530
adx : 35.89  aroonosc : 28.57
-----------------------------------------------
10:54:34 : SCANNING : CESC
circuit : 1.46%  2021-12-21T10:50:00+0530
adx : 38.41  aroonosc : 78.57
-----------------------------------------------
10:54:34 : SCANNING : CGCL
circuit : -0.84%  2021-12-21T10:50:00+0530
adx : 21.59  aroonosc : -64.29
-----------------------------------------------
10:54:34 : SCANNING : CHALET
circuit : 0.29%  2021-12-21T10:50:00+0530
adx : 10.67  aroonosc : 78.57
-----------------------------------------------
10:54:35 : SCANNING : CHAMBLFERT
circuit : -0.18%  2021-12-21T10:50:00+0530
adx : 19.83  aroonosc : 35.71
-----------------------------------------------
10:54:35 : SCANNING : CHOLAFIN
circuit : 1.63%  2021-12-21T10:50:00+0530
adx : 35.35  aroonosc : 78.57
-----------------------------------------------
10:54:35 : SCANNING : CHOLAHLDNG
circuit : 1.34%  2021-12-21T10:50:00+0530
adx : 20.01  aroonosc : 100.0
-----------------------------------------------
10:54:36 : SCANNING : CIPLA
circuit : -0.43%  2021-12-21T10:50:00+0530
adx : 12.93  aroonosc : -50.0
-----------------------------------------------
10:54:36 : SCANNING : COALINDIA
circuit : 1.87%  2021-12-21T10:50:00+0530
adx : 42.49  aroonosc : 92.86
-----------------------------------------------
10:54:37 : SCANNING : COCHINSHIP
circuit : 1.16%  2021-12-21T10:50:00+0530
adx : 17.02  aroonosc : 14.29
-----------------------------------------------
10:54:37 : SCANNING : COFORGE
circuit : 1.98%  2021-12-21T10:50:00+0530
adx : 45.76  aroonosc : 14.29
-----------------------------------------------
10:54:37 : SCANNING : COLPAL
circuit : 1.92%  2021-12-21T10:50:00+0530
adx : 42.11  aroonosc : 100.0
-----------------------------------------------
10:54:38 : SCANNING : CONCOR
circuit : 0.11%  2021-12-21T10:50:00+0530
adx : 21.1  aroonosc : 42.86
-----------------------------------------------
10:54:38 : SCANNING : COROMANDEL
circuit : 0.23%  2021-12-21T10:50:00+0530
adx : 10.49  aroonosc : 100.0
-----------------------------------------------
10:54:38 : SCANNING : CREDITACC
circuit : -1.78%  2021-12-21T10:50:00+0530
adx : 10.93  aroonosc : 21.43
-----------------------------------------------
10:54:39 : SCANNING : CRISIL
circuit : 1.81%  2021-12-21T10:50:00+0530
adx : 32.99  aroonosc : 100.0
-----------------------------------------------
10:54:39 : SCANNING : CROMPTON
circuit : 0.47%  2021-12-21T10:50:00+0530
adx : 19.77  aroonosc : 35.71
-----------------------------------------------
10:54:39 : SCANNING : CSBBANK
circuit : 0.99%  2021-12-21T10:50:00+0530
adx : 16.69  aroonosc : 35.71
-----------------------------------------------
10:54:40 : SCANNING : CUB
circuit : 0.52%  2021-12-21T10:50:00+0530
adx : 26.38  aroonosc : 57.14
-----------------------------------------------
10:54:40 : SCANNING : CUMMINSIND
circuit : 0.99%  2021-12-21T10:50:00+0530
adx : 29.59  aroonosc : 35.71
-----------------------------------------------
10:54:40 : SCANNING : CYIENT
circuit : 0.08%  2021-12-21T10:50:00+0530
adx : 16.04  aroonosc : 21.43
-----------------------------------------------
10:54:41 : SCANNING : DABUR
circuit : 0.92%  2021-12-21T10:50:00+0530
adx : 49.65  aroonosc : 100.0
-----------------------------------------------
10:54:41 : SCANNING : DALBHARAT
circuit : 4.96%  2021-12-21T10:50:00+0530
adx : 51.19  aroonosc : 85.71
-----------------------------------------------
10:54:42 : SCANNING : DBL
circuit : -0.82%  2021-12-21T10:50:00+0530
adx : 46.98  aroonosc : 78.57
-----------------------------------------------
10:54:42 : SCANNING : DCAL
circuit : 1.82%  2021-12-21T10:50:00+0530
adx : 26.34  aroonosc : 64.29
-----------------------------------------------
10:54:42 : SCANNING : DCBBANK
circuit : 2.24%  2021-12-21T10:50:00+0530
adx : 36.42  aroonosc : 85.71
-----------------------------------------------
10:54:43 : SCANNING : DCMSHRIRAM
circuit : 0.64%  2021-12-21T10:50:00+0530
adx : 16.08  aroonosc : 35.71
-----------------------------------------------
10:54:43 : SCANNING : DEEPAKNTR
circuit : 2.1%  2021-12-21T10:50:00+0530
adx : 41.41  aroonosc : 85.71
-----------------------------------------------
10:54:43 : SCANNING : DELTACORP
circuit : 0.79%  2021-12-21T10:50:00+0530
adx : 25.44  aroonosc : 85.71
-----------------------------------------------
10:54:44 : SCANNING : DHANI
circuit : 3.58%  2021-12-21T10:50:00+0530
adx : 31.7  aroonosc : 78.57
-----------------------------------------------
10:54:44 : SCANNING : DHANUKA
circuit : -0.27%  2021-12-21T10:50:00+0530
adx : 14.35  aroonosc : 85.71
-----------------------------------------------
10:54:45 : SCANNING : DISHTV
circuit : 2.99%  2021-12-21T10:50:00+0530
adx : 39.16  aroonosc : -7.14
-----------------------------------------------
10:54:46 : SCANNING : DIVISLAB
circuit : -1.3%  2021-12-21T10:50:00+0530
adx : 21.38  aroonosc : -71.43
-----------------------------------------------
10:54:46 : SCANNING : DIXON
circuit : 2.37%  2021-12-21T10:50:00+0530
adx : 44.92  aroonosc : 92.86
-----------------------------------------------
10:54:46 : SCANNING : DLF
circuit : 1.26%  2021-12-21T10:50:00+0530
adx : 44.72  aroonosc : 100.0
-----------------------------------------------
10:54:46 : SCANNING : DMART
circuit : 0.43%  2021-12-21T10:50:00+0530
adx : 13.53  aroonosc : -7.14
-----------------------------------------------
10:54:47 : SCANNING : DRREDDY
circuit : 1.01%  2021-12-21T10:50:00+0530
adx : 29.13  aroonosc : 100.0
-----------------------------------------------
10:54:47 : SCANNING : ECLERX
circuit : 0.81%  2021-12-21T10:50:00+0530
adx : 15.86  aroonosc : 28.57
-----------------------------------------------
10:54:47 : SCANNING : EDELWEISS
circuit : 0.44%  2021-12-21T10:50:00+0530
adx : 13.12  aroonosc : -28.57
-----------------------------------------------
10:54:48 : SCANNING : EICHERMOT
circuit : 0.37%  2021-12-21T10:50:00+0530
adx : 36.89  aroonosc : 92.86
-----------------------------------------------
10:54:48 : SCANNING : EIDPARRY
circuit : 1.47%  2021-12-21T10:50:00+0530
adx : 25.22  aroonosc : 64.29
-----------------------------------------------
10:54:48 : SCANNING : EIHOTEL
circuit : 1.54%  2021-12-21T10:50:00+0530
adx : 11.12  aroonosc : 21.43
-----------------------------------------------
10:54:49 : SCANNING : ELGIEQUIP
circuit : -0.63%  2021-12-21T10:50:00+0530
adx : 33.43  aroonosc : -85.71
-----------------------------------------------
10:54:49 : SCANNING : EMAMILTD
circuit : -0.78%  2021-12-21T10:50:00+0530
adx : 31.38  aroonosc : 85.71
-----------------------------------------------
10:54:49 : SCANNING : ENDURANCE
circuit : 0.03%  2021-12-21T10:50:00+0530
adx : 21.07  aroonosc : -21.43
-----------------------------------------------
10:54:50 : SCANNING : ENGINERSIN
circuit : 0.22%  2021-12-21T10:50:00+0530
adx : 14.87  aroonosc : 35.71
-----------------------------------------------
10:54:50 : SCANNING : EPL
circuit : 1.69%  2021-12-21T10:50:00+0530
adx : 36.29  aroonosc : 100.0
-----------------------------------------------
10:54:51 : SCANNING : EQUITAS
circuit : -1.31%  2021-12-21T10:50:00+0530
adx : 24.3  aroonosc : -71.43
-----------------------------------------------
10:54:51 : SCANNING : ERIS
circuit : -0.24%  2021-12-21T10:50:00+0530
adx : 20.25  aroonosc : 57.14
-----------------------------------------------
10:54:51 : SCANNING : ESCORTS
circuit : 0.45%  2021-12-21T10:50:00+0530
adx : 20.84  aroonosc : 14.29
-----------------------------------------------
10:54:52 : SCANNING : EXIDEIND
circuit : 0.16%  2021-12-21T10:50:00+0530
adx : 40.91  aroonosc : -85.71
-----------------------------------------------
10:54:52 : SCANNING : FCONSUMER
circuit : -7.1%  2021-12-21T10:50:00+0530
adx : 31.25  aroonosc : 57.14
-----------------------------------------------
10:54:52 : SCANNING : FDC
circuit : 0.67%  2021-12-21T10:50:00+0530
adx : 14.31  aroonosc : -71.43
-----------------------------------------------
10:54:52 : SCANNING : FEDERALBNK
circuit : -0.67%  2021-12-21T10:50:00+0530
adx : 22.73  aroonosc : 78.57
-----------------------------------------------
10:54:53 : SCANNING : FINCABLES
circuit : 1.47%  2021-12-21T10:50:00+0530
adx : 12.79  aroonosc : 50.0
-----------------------------------------------
10:54:53 : SCANNING : FINEORG
circuit : 1.92%  2021-12-21T10:50:00+0530
adx : 21.89  aroonosc : 100.0
-----------------------------------------------
10:54:53 : SCANNING : FINPIPE
circuit : 3.51%  2021-12-21T10:50:00+0530
adx : 36.65  aroonosc : 85.71
-----------------------------------------------
10:54:54 : SCANNING : FLUOROCHEM
circuit : 3.96%  2021-12-21T10:50:00+0530
adx : 32.72  aroonosc : -35.71
-----------------------------------------------
10:54:54 : SCANNING : FORTIS
circuit : 3.61%  2021-12-21T10:50:00+0530
adx : 44.33  aroonosc : 78.57
-----------------------------------------------
10:54:54 : SCANNING : FRETAIL
circuit : -9.76%  2021-12-21T10:50:00+0530
adx : 33.14  aroonosc : 50.0
-----------------------------------------------
10:54:55 : SCANNING : FSL
circuit : 0.77%  2021-12-21T10:50:00+0530
adx : 15.18  aroonosc : -35.71
-----------------------------------------------
10:54:55 : SCANNING : GAEL
circuit : 1.57%  2021-12-21T10:50:00+0530
adx : 16.99  aroonosc : 64.29
-----------------------------------------------
10:54:56 : SCANNING : GAIL
circuit : 0.91%  2021-12-21T10:50:00+0530
adx : 37.71  aroonosc : 64.29
-----------------------------------------------
10:54:56 : SCANNING : GALAXYSURF
circuit : -0.58%  2021-12-21T10:50:00+0530
adx : 34.23  aroonosc : -85.71
-----------------------------------------------
10:54:56 : SCANNING : GARFIBRES
circuit : -0.3%  2021-12-21T10:50:00+0530
adx : 30.3  aroonosc : -78.57
-----------------------------------------------
10:54:56 : SCANNING : GEPIL
circuit : 1.77%  2021-12-21T10:50:00+0530
adx : 13.4  aroonosc : 78.57
-----------------------------------------------
10:54:57 : SCANNING : GESHIP
circuit : 1.24%  2021-12-21T10:50:00+0530
adx : 28.02  aroonosc : 21.43
-----------------------------------------------
10:54:57 : SCANNING : GICRE
circuit : 1.2%  2021-12-21T10:50:00+0530
adx : 14.6  aroonosc : 28.57
-----------------------------------------------
10:54:58 : SCANNING : GILLETTE
circuit : 1.23%  2021-12-21T10:50:00+0530
adx : 25.02  aroonosc : 64.29
-----------------------------------------------
10:54:58 : SCANNING : GLAND
circuit : 1.52%  2021-12-21T10:50:00+0530
adx : 18.25  aroonosc : 100.0
-----------------------------------------------
10:54:59 : SCANNING : GLAXO
circuit : 1.76%  2021-12-21T10:50:00+0530
adx : 42.72  aroonosc : 64.29
-----------------------------------------------
10:54:59 : SCANNING : GLENMARK
circuit : -0.51%  2021-12-21T10:50:00+0530
adx : 17.54  aroonosc : 14.29
-----------------------------------------------
10:55:00 : SCANNING : GMMPFAUDLR
circuit : 2.87%  2021-12-21T10:50:00+0530
adx : 52.33  aroonosc : 100.0
-----------------------------------------------
10:55:00 : SCANNING : GMRINFRA
circuit : 0.88%  2021-12-21T10:50:00+0530
adx : 31.07  aroonosc : 57.14
-----------------------------------------------
10:55:00 : SCANNING : GNFC
circuit : 1.45%  2021-12-21T10:50:00+0530
adx : 29.33  aroonosc : 57.14
-----------------------------------------------
10:55:01 : SCANNING : GODFRYPHLP
circuit : 0.13%  2021-12-21T10:50:00+0530
adx : 12.78  aroonosc : -85.71
-----------------------------------------------
10:55:01 : SCANNING : GODREJAGRO
circuit : -0.76%  2021-12-21T10:50:00+0530
adx : 25.19  aroonosc : 28.57
-----------------------------------------------
10:55:01 : SCANNING : GODREJCP
circuit : 4.66%  2021-12-21T10:50:00+0530
adx : 49.36  aroonosc : 85.71
-----------------------------------------------
10:55:02 : SCANNING : GODREJIND
circuit : 2.57%  2021-12-21T10:50:00+0530
adx : 43.22  aroonosc : 7.14
-----------------------------------------------
10:55:02 : SCANNING : GODREJPROP
circuit : 1.19%  2021-12-21T10:55:00+0530
adx : 20.8  aroonosc : 28.57
-----------------------------------------------
10:55:03 : SCANNING : GPPL
circuit : 0.21%  2021-12-21T10:50:00+0530
adx : 34.92  aroonosc : 57.14
-----------------------------------------------
10:55:03 : SCANNING : GRANULES
circuit : -0.42%  2021-12-21T10:55:00+0530
adx : 8.16  aroonosc : -7.14
-----------------------------------------------
10:55:04 : SCANNING : GRAPHITE
circuit : 0.15%  2021-12-21T10:50:00+0530
adx : 27.39  aroonosc : -64.29
-----------------------------------------------
10:55:04 : SCANNING : GRASIM
circuit : 2.26%  2021-12-21T10:55:00+0530
adx : 53.82  aroonosc : 42.86
-----------------------------------------------
10:55:04 : SCANNING : GREAVESCOT
circuit : 1.15%  2021-12-21T10:55:00+0530
adx : 32.47  aroonosc : 64.29
-----------------------------------------------
10:55:05 : SCANNING : GRINDWELL
circuit : -0.06%  2021-12-21T10:55:00+0530
adx : 36.75  aroonosc : -42.86
-----------------------------------------------
10:55:05 : SCANNING : GRSE
circuit : 2.47%  2021-12-21T10:50:00+0530
adx : 20.27  aroonosc : 64.29
-----------------------------------------------
10:55:05 : SCANNING : GSFC
circuit : 0.91%  2021-12-21T10:50:00+0530
adx : 15.37  aroonosc : 21.43
-----------------------------------------------
10:55:06 : SCANNING : GSPL
circuit : 0.87%  2021-12-21T10:55:00+0530
adx : 23.9  aroonosc : 78.57
-----------------------------------------------
10:55:06 : SCANNING : GUJALKALI
circuit : -0.23%  2021-12-21T10:50:00+0530
adx : 34.76  aroonosc : -78.57
-----------------------------------------------
10:55:06 : SCANNING : GUJGASLTD
circuit : 1.56%  2021-12-21T10:55:00+0530
adx : 53.41  aroonosc : 42.86
-----------------------------------------------
10:55:07 : SCANNING : GULFOILLUB
circuit : -0.22%  2021-12-21T10:55:00+0530
adx : 22.03  aroonosc : 28.57
-----------------------------------------------
10:55:08 : SCANNING : HAL
circuit : 0.11%  2021-12-21T10:55:00+0530
adx : 29.19  aroonosc : 7.14
-----------------------------------------------
10:55:08 : SCANNING : HATSUN
circuit : -2.0%  2021-12-21T10:55:00+0530
adx : 17.26  aroonosc : -71.43
-----------------------------------------------
10:55:08 : SCANNING : HAVELLS
circuit : 3.12%  2021-12-21T10:55:00+0530
adx : 37.54  aroonosc : 35.71
-----------------------------------------------
10:55:09 : SCANNING : HCLTECH
circuit : 3.26%  2021-12-21T10:50:00+0530
adx : 61.94  aroonosc : 42.86
-----------------------------------------------
10:55:09 : SCANNING : HDFC
circuit : -0.53%  2021-12-21T10:55:00+0530
adx : 48.75  aroonosc : 71.43
-----------------------------------------------
10:55:09 : SCANNING : HDFCAMC
circuit : 0.49%  2021-12-21T10:55:00+0530
adx : 29.31  aroonosc : 71.43
-----------------------------------------------
10:55:10 : SCANNING : HDFCBANK
circuit : 0.39%  2021-12-21T10:50:00+0530
adx : 18.36  aroonosc : 85.71
-----------------------------------------------
10:55:11 : SCANNING : HDFCLIFE
circuit : 0.1%  2021-12-21T10:50:00+0530
adx : 30.26  aroonosc : 100.0
-----------------------------------------------
10:55:11 : SCANNING : HEG
circuit : -0.38%  2021-12-21T10:55:00+0530
adx : 12.3  aroonosc : 50.0
-----------------------------------------------
10:55:12 : SCANNING : HEIDELBERG
circuit : 0.12%  2021-12-21T10:55:00+0530
adx : 19.92  aroonosc : -28.57
-----------------------------------------------
10:55:12 : SCANNING : HEMIPROP
circuit : 1.48%  2021-12-21T10:55:00+0530
adx : 25.34  aroonosc : -21.43
-----------------------------------------------
10:55:12 : SCANNING : HEROMOTOCO
circuit : -1.33%  2021-12-21T10:50:00+0530
adx : 36.82  aroonosc : 28.57
-----------------------------------------------
10:55:13 : SCANNING : HINDALCO
circuit : 1.95%  2021-12-21T10:50:00+0530
adx : 57.99  aroonosc : 92.86
-----------------------------------------------
10:55:13 : SCANNING : HINDCOPPER
circuit : 1.09%  2021-12-21T10:55:00+0530
adx : 37.75  aroonosc : 14.29
-----------------------------------------------
10:55:13 : SCANNING : HINDPETRO
circuit : 1.1%  2021-12-21T10:55:00+0530
adx : 20.87  aroonosc : 71.43
-----------------------------------------------
10:55:14 : SCANNING : HINDUNILVR
circuit : 0.09%  2021-12-21T10:55:00+0530
adx : 32.81  aroonosc : 57.14
-----------------------------------------------
10:55:14 : SCANNING : HINDZINC
circuit : 1.92%  2021-12-21T10:55:00+0530
adx : 28.43  aroonosc : 64.29
-----------------------------------------------
10:55:15 : SCANNING : HONAUT
circuit : -0.25%  2021-12-21T10:55:00+0530
adx : 16.0  aroonosc : -57.14
-----------------------------------------------
10:55:15 : SCANNING : HSCL
circuit : 1.53%  2021-12-21T10:55:00+0530
adx : 45.66  aroonosc : 14.29
-----------------------------------------------
10:55:16 : SCANNING : HUDCO
circuit : 0.39%  2021-12-21T10:55:00+0530
adx : 19.31  aroonosc : -78.57
-----------------------------------------------
10:55:16 : SCANNING : HUHTAMAKI
circuit : 1.39%  2021-12-21T10:55:00+0530
adx : 15.84  aroonosc : 57.14
-----------------------------------------------
10:55:16 : SCANNING : IBREALEST
circuit : 3.24%  2021-12-21T10:50:00+0530
adx : 45.58  aroonosc : 57.14
-----------------------------------------------
10:55:17 : SCANNING : IBULHSGFIN
circuit : 0.65%  2021-12-21T10:50:00+0530
adx : 26.64  aroonosc : 7.14
-----------------------------------------------
10:55:17 : SCANNING : ICICIBANK
circuit : 0.51%  2021-12-21T10:50:00+0530
adx : 46.07  aroonosc : 78.57
-----------------------------------------------
10:55:18 : SCANNING : ICICIGI
circuit : 1.86%  2021-12-21T10:55:00+0530
adx : 41.57  aroonosc : 92.86
-----------------------------------------------
10:55:18 : SCANNING : ICICIPRULI
circuit : 2.3%  2021-12-21T10:55:00+0530
adx : 44.62  aroonosc : 78.57
-----------------------------------------------
10:55:19 : SCANNING : ICIL
circuit : -1.5%  2021-12-21T10:55:00+0530
adx : 18.39  aroonosc : 50.0
-----------------------------------------------
10:55:19 : SCANNING : IDBI
circuit : 2.85%  2021-12-21T10:50:00+0530
adx : 48.02  aroonosc : 28.57
-----------------------------------------------
10:55:20 : SCANNING : IDEA
circuit : 5.05%  2021-12-21T10:55:00+0530
adx : 46.49  aroonosc : 71.43
-----------------------------------------------
10:55:20 : SCANNING : IDFC
circuit : 1.68%  2021-12-21T10:55:00+0530
adx : 41.8  aroonosc : 71.43
-----------------------------------------------
10:55:20 : SCANNING : IDFCFIRSTB
circuit : 0.11%  2021-12-21T10:50:00+0530
adx : 10.82  aroonosc : -7.14
-----------------------------------------------
10:55:21 : SCANNING : IEX
circuit : 1.32%  2021-12-21T10:55:00+0530
adx : 35.47  aroonosc : 57.14
-----------------------------------------------
10:55:21 : SCANNING : IFBIND
circuit : 0.15%  2021-12-21T10:55:00+0530
adx : 27.45  aroonosc : -71.43
-----------------------------------------------
10:55:22 : SCANNING : IGL
circuit : 1.07%  2021-12-21T10:55:00+0530
adx : 38.67  aroonosc : 85.71
-----------------------------------------------
10:55:22 : SCANNING : IIFL
circuit : 0.2%  2021-12-21T10:55:00+0530
adx : 21.66  aroonosc : 14.29
-----------------------------------------------
10:55:22 : SCANNING : IIFLWAM
circuit : -2.09%  2021-12-21T10:55:00+0530
adx : 25.26  aroonosc : -78.57
-----------------------------------------------
10:55:23 : SCANNING : INDHOTEL
circuit : -0.63%  2021-12-21T10:50:00+0530
adx : 11.77  aroonosc : 78.57
-----------------------------------------------
10:55:23 : SCANNING : INDIACEM
circuit : 0.88%  2021-12-21T10:55:00+0530
adx : 36.13  aroonosc : 85.71
-----------------------------------------------
10:55:24 : SCANNING : INDIAMART
circuit : 0.06%  2021-12-21T10:55:00+0530
adx : 10.14  aroonosc : -64.29
-----------------------------------------------
10:55:25 : SCANNING : INDIANB
circuit : 0.89%  2021-12-21T10:55:00+0530
adx : 31.48  aroonosc : 14.29
-----------------------------------------------
10:55:26 : SCANNING : INDIGO
circuit : 0.76%  2021-12-21T10:55:00+0530
adx : 23.86  aroonosc : 92.86
-----------------------------------------------
10:55:26 : SCANNING : INDOCO
circuit : 1.16%  2021-12-21T10:55:00+0530
adx : 24.96  aroonosc : 71.43
-----------------------------------------------
10:55:27 : SCANNING : INDUSINDBK
circuit : 0.39%  2021-12-21T10:55:00+0530
adx : 26.87  aroonosc : -14.29
-----------------------------------------------
10:55:27 : SCANNING : INDUSTOWER
circuit : 3.79%  2021-12-21T10:50:00+0530
adx : 44.02  aroonosc : 92.86
-----------------------------------------------
10:55:28 : SCANNING : INFIBEAM
circuit : 1.28%  2021-12-21T10:55:00+0530
adx : 36.12  aroonosc : -14.29
-----------------------------------------------
10:55:28 : SCANNING : INFY
circuit : 1.56%  2021-12-21T10:50:00+0530
adx : 35.92  aroonosc : 85.71
-----------------------------------------------
10:55:29 : SCANNING : INGERRAND
circuit : 0.9%  2021-12-21T10:55:00+0530
adx : 17.5  aroonosc : -57.14
-----------------------------------------------
10:55:29 : SCANNING : INOXLEISUR
circuit : 3.46%  2021-12-21T10:55:00+0530
adx : 50.74  aroonosc : 71.43
-----------------------------------------------
10:55:29 : SCANNING : INTELLECT
circuit : 0.72%  2021-12-21T10:55:00+0530
adx : 21.83  aroonosc : 14.29
-----------------------------------------------
10:55:30 : SCANNING : IOB
circuit : 1.24%  2021-12-21T10:55:00+0530
adx : 35.51  aroonosc : -28.57
-----------------------------------------------
10:55:30 : SCANNING : IOC
-----------------------------------------------
10:55:30 : SCANNING : IOLCP
circuit : -0.89%  2021-12-21T10:50:00+0530
adx : 47.05  aroonosc : 64.29
-----------------------------------------------
10:55:31 : SCANNING : IPCALAB
circuit : 0.28%  2021-12-21T10:55:00+0530
adx : 9.73  aroonosc : 28.57
-----------------------------------------------
10:55:31 : SCANNING : IRB
circuit : -1.38%  2021-12-21T10:55:00+0530
adx : 15.75  aroonosc : -64.29
-----------------------------------------------
10:55:31 : SCANNING : IRCON
circuit : 0.22%  2021-12-21T10:55:00+0530
adx : 27.04  aroonosc : 85.71
-----------------------------------------------
10:55:31 : SCANNING : IRCTC
circuit : 0.55%  2021-12-21T10:50:00+0530
adx : 33.92  aroonosc : 78.57
-----------------------------------------------
10:55:32 : SCANNING : ISEC
circuit : 1.11%  2021-12-21T10:55:00+0530
adx : 22.41  aroonosc : -71.43
-----------------------------------------------
10:55:32 : SCANNING : ITC
circuit : -0.05%  2021-12-21T10:55:00+0530
adx : 21.61  aroonosc : 57.14
-----------------------------------------------
10:55:32 : SCANNING : ITI
circuit : 0.94%  2021-12-21T10:55:00+0530
adx : 25.17  aroonosc : 7.14
-----------------------------------------------
10:55:33 : SCANNING : J&KBANK
circuit : 2.02%  2021-12-21T10:55:00+0530
adx : 26.22  aroonosc : 64.29
-----------------------------------------------
10:55:33 : SCANNING : JAMNAAUTO
circuit : 2.76%  2021-12-21T10:55:00+0530
adx : 28.5  aroonosc : 50.0
-----------------------------------------------
10:55:33 : SCANNING : JBCHEPHARM
circuit : -0.38%  2021-12-21T10:55:00+0530
adx : 40.37  aroonosc : -64.29
-----------------------------------------------
10:55:34 : SCANNING : JCHAC
circuit : 1.7%  2021-12-21T10:50:00+0530
adx : 36.53  aroonosc : 35.71
-----------------------------------------------
10:55:34 : SCANNING : JINDALSAW
circuit : 1.73%  2021-12-21T10:55:00+0530
adx : 19.67  aroonosc : -35.71
-----------------------------------------------
10:55:35 : SCANNING : JINDALSTEL
circuit : 1.97%  2021-12-21T10:50:00+0530
adx : 49.91  aroonosc : 28.57
-----------------------------------------------
10:55:35 : SCANNING : JKCEMENT
circuit : 2.75%  2021-12-21T10:55:00+0530
adx : 27.75  aroonosc : 100.0
-----------------------------------------------
10:55:36 : SCANNING : JKLAKSHMI
circuit : 0.56%  2021-12-21T10:55:00+0530
adx : 15.98  aroonosc : 14.29
-----------------------------------------------
10:55:36 : SCANNING : JKPAPER
circuit : 1.23%  2021-12-21T10:55:00+0530
adx : 26.07  aroonosc : -35.71
-----------------------------------------------
10:55:36 : SCANNING : JKTYRE
circuit : 2.27%  2021-12-21T10:55:00+0530
adx : 36.18  aroonosc : 64.29
-----------------------------------------------
10:55:37 : SCANNING : JMFINANCIL
circuit : -0.89%  2021-12-21T10:55:00+0530
adx : 19.13  aroonosc : -78.57
-----------------------------------------------
10:55:37 : SCANNING : JSL
circuit : 3.3%  2021-12-21T10:55:00+0530
adx : 27.56  aroonosc : 35.71
-----------------------------------------------
10:55:38 : SCANNING : JSLHISAR
circuit : 3.19%  2021-12-21T10:55:00+0530
adx : 23.96  aroonosc : 50.0
-----------------------------------------------
10:55:38 : SCANNING : JSWSTEEL
circuit : 2.6%  2021-12-21T10:50:00+0530
adx : 66.5  aroonosc : 100.0
-----------------------------------------------
10:55:38 : SCANNING : JTEKTINDIA
circuit : 1.11%  2021-12-21T10:55:00+0530
adx : 15.26  aroonosc : 71.43
-----------------------------------------------
10:55:39 : SCANNING : JUBLFOOD
circuit : -0.19%  2021-12-21T10:55:00+0530
adx : 16.47  aroonosc : 57.14
-----------------------------------------------
10:55:39 : SCANNING : JUSTDIAL
circuit : 2.79%  2021-12-21T10:50:00+0530
adx : 38.19  aroonosc : 21.43
-----------------------------------------------
10:55:39 : SCANNING : JYOTHYLAB
circuit : 0.57%  2021-12-21T10:55:00+0530
adx : 22.31  aroonosc : -21.43
-----------------------------------------------
10:55:40 : SCANNING : KAJARIACER
circuit : 1.54%  2021-12-21T10:55:00+0530
adx : 18.39  aroonosc : 0.0
-----------------------------------------------
10:55:40 : SCANNING : KALPATPOWR
circuit : 0.87%  2021-12-21T10:50:00+0530
adx : 13.06  aroonosc : 7.14
-----------------------------------------------
10:55:40 : SCANNING : KANSAINER
circuit : 0.41%  2021-12-21T10:55:00+0530
adx : 30.11  aroonosc : 64.29
-----------------------------------------------
10:55:41 : SCANNING : KARURVYSYA
circuit : -0.33%  2021-12-21T10:55:00+0530
adx : 29.07  aroonosc : 21.43
-----------------------------------------------
10:55:41 : SCANNING : KEC
circuit : 0.65%  2021-12-21T10:50:00+0530
adx : 11.96  aroonosc : 7.14
-----------------------------------------------
10:55:41 : SCANNING : KEI
circuit : -0.56%  2021-12-21T10:55:00+0530
adx : 10.14  aroonosc : 7.14
-----------------------------------------------
10:55:42 : SCANNING : KNRCON
circuit : 0.33%  2021-12-21T10:55:00+0530
adx : 7.84  aroonosc : -57.14
-----------------------------------------------
10:55:42 : SCANNING : KOTAKBANK
circuit : -0.06%  2021-12-21T10:50:00+0530
adx : 23.67  aroonosc : 100.0
-----------------------------------------------
10:55:43 : SCANNING : KPITTECH
circuit : 2.8%  2021-12-21T10:55:00+0530
adx : 30.13  aroonosc : 7.14
-----------------------------------------------
10:55:43 : SCANNING : KPRMILL
circuit : 2.08%  2021-12-21T10:55:00+0530
adx : 17.96  aroonosc : -85.71
-----------------------------------------------
10:55:43 : SCANNING : KRBL
circuit : 0.25%  2021-12-21T10:55:00+0530
adx : 17.65  aroonosc : 28.57
-----------------------------------------------
10:55:44 : SCANNING : KSB
circuit : 1.92%  2021-12-21T10:55:00+0530
adx : 12.61  aroonosc : 85.71
-----------------------------------------------
10:55:44 : SCANNING : KSCL
circuit : -0.89%  2021-12-21T10:50:00+0530
adx : 23.34  aroonosc : 14.29
-----------------------------------------------
10:55:45 : SCANNING : L&TFH
circuit : 3.39%  2021-12-21T10:50:00+0530
adx : 56.39  aroonosc : 85.71
-----------------------------------------------
10:55:45 : SCANNING : LALPATHLAB
circuit : -0.02%  2021-12-21T10:55:00+0530
adx : 16.1  aroonosc : -7.14
-----------------------------------------------
10:55:45 : SCANNING : LAOPALA
circuit : 3.69%  2021-12-21T10:55:00+0530
adx : 40.18  aroonosc : -71.43
-----------------------------------------------
10:55:46 : SCANNING : LAURUSLABS
circuit : 0.82%  2021-12-21T10:55:00+0530
adx : 16.68  aroonosc : 50.0
-----------------------------------------------
10:55:46 : SCANNING : LAXMIMACH
circuit : 3.11%  2021-12-21T10:55:00+0530
adx : 23.84  aroonosc : -64.29
-----------------------------------------------
10:55:46 : SCANNING : LEMONTREE
circuit : 4.24%  2021-12-21T10:50:00+0530
adx : 36.12  aroonosc : 64.29
-----------------------------------------------
10:55:47 : SCANNING : LICHSGFIN
circuit : 0.51%  2021-12-21T10:55:00+0530
adx : 37.81  aroonosc : 92.86
-----------------------------------------------
10:55:48 : SCANNING : LINDEINDIA
circuit : 1.3%  2021-12-21T10:55:00+0530
adx : 13.91  aroonosc : 100.0
-----------------------------------------------
10:55:49 : SCANNING : LT
circuit : 0.75%  2021-12-21T10:50:00+0530
adx : 26.91  aroonosc : 21.43
-----------------------------------------------
10:55:51 : SCANNING : LTI
circuit : 2.32%  2021-12-21T10:55:00+0530
adx : 29.53  aroonosc : 78.57
-----------------------------------------------
10:55:52 : SCANNING : LTTS
circuit : 1.45%  2021-12-21T10:55:00+0530
adx : 24.42  aroonosc : 42.86
-----------------------------------------------
10:55:53 : SCANNING : LUPIN
circuit : 0.13%  2021-12-21T10:50:00+0530
adx : 31.68  aroonosc : 64.29
-----------------------------------------------
10:55:53 : SCANNING : LUXIND
circuit : 0.13%  2021-12-21T10:55:00+0530
adx : 32.01  aroonosc : 21.43
-----------------------------------------------
10:55:54 : SCANNING : M&M
circuit : -0.12%  2021-12-21T10:55:00+0530
adx : 29.87  aroonosc : 64.29
-----------------------------------------------
10:55:54 : SCANNING : M&MFIN
circuit : 0.58%  2021-12-21T10:55:00+0530
adx : 20.83  aroonosc : 35.71
-----------------------------------------------
10:55:55 : SCANNING : MAHABANK
circuit : 0.26%  2021-12-21T10:55:00+0530
adx : 15.3  aroonosc : -14.29
-----------------------------------------------
10:55:55 : SCANNING : MAHINDCIE
circuit : 1.01%  2021-12-21T10:55:00+0530
adx : 19.79  aroonosc : -7.14
-----------------------------------------------
10:55:56 : SCANNING : MAHLOG
circuit : -1.36%  2021-12-21T10:55:00+0530
adx : 11.03  aroonosc : -85.71
-----------------------------------------------
10:55:56 : SCANNING : MAHSCOOTER
circuit : 2.58%  2021-12-21T10:55:00+0530
adx : 29.32  aroonosc : 100.0
-----------------------------------------------
10:55:56 : SCANNING : MAHSEAMLES
circuit : 1.5%  2021-12-21T10:55:00+0530
adx : 42.15  aroonosc : 21.43
-----------------------------------------------
10:55:57 : SCANNING : MANAPPURAM
circuit : -0.66%  2021-12-21T10:55:00+0530
adx : 33.42  aroonosc : 42.86
-----------------------------------------------
10:55:58 : SCANNING : MARICO
circuit : 0.65%  2021-12-21T10:55:00+0530
adx : 30.54  aroonosc : 92.86
-----------------------------------------------
10:55:58 : SCANNING : MARUTI
circuit : 0.39%  2021-12-21T10:55:00+0530
adx : 32.61  aroonosc : 50.0
-----------------------------------------------
10:55:59 : SCANNING : MASFIN
circuit : 2.73%  2021-12-21T10:55:00+0530
adx : 19.05  aroonosc : 100.0
-----------------------------------------------
10:55:59 : SCANNING : MAXHEALTH
circuit : 1.95%  2021-12-21T10:55:00+0530
adx : 32.47  aroonosc : -50.0
-----------------------------------------------
10:55:59 : SCANNING : MAZDOCK
circuit : 0.63%  2021-12-21T10:55:00+0530
adx : 23.96  aroonosc : -35.71
-----------------------------------------------
10:56:00 : SCANNING : MCDOWELL-N
circuit : 2.32%  2021-12-21T10:55:00+0530
adx : 43.97  aroonosc : 57.14
-----------------------------------------------
10:56:00 : SCANNING : MCX
circuit : 0.82%  2021-12-21T10:55:00+0530
adx : 36.03  aroonosc : 57.14
-----------------------------------------------
10:56:01 : SCANNING : METROPOLIS
circuit : 2.81%  2021-12-21T10:55:00+0530
adx : 39.26  aroonosc : 71.43
-----------------------------------------------
10:56:01 : SCANNING : MFSL
circuit : 3.74%  2021-12-21T10:55:00+0530
adx : 21.66  aroonosc : 71.43
-----------------------------------------------
10:56:01 : SCANNING : MGL
circuit : 0.41%  2021-12-21T10:55:00+0530
adx : 30.12  aroonosc : 57.14
-----------------------------------------------
10:56:02 : SCANNING : MHRIL
circuit : -0.64%  2021-12-21T10:55:00+0530
adx : 15.13  aroonosc : -28.57
-----------------------------------------------
10:56:02 : SCANNING : MIDHANI
circuit : 0.89%  2021-12-21T10:55:00+0530
adx : 14.26  aroonosc : 35.71
-----------------------------------------------
10:56:02 : SCANNING : MINDACORP
circuit : 1.75%  2021-12-21T10:55:00+0530
adx : 34.78  aroonosc : 57.14
-----------------------------------------------
10:56:03 : SCANNING : MINDAIND
circuit : 1.23%  2021-12-21T10:55:00+0530
adx : 37.49  aroonosc : 57.14
-----------------------------------------------
10:56:03 : SCANNING : MINDTREE
circuit : 1.14%  2021-12-21T10:55:00+0530
adx : 41.76  aroonosc : 14.29
-----------------------------------------------
10:56:04 : SCANNING : MMTC
circuit : 1.72%  2021-12-21T10:55:00+0530
adx : 38.38  aroonosc : 14.29
-----------------------------------------------
10:56:04 : SCANNING : MOIL
circuit : 1.98%  2021-12-21T10:55:00+0530
adx : 38.18  aroonosc : 64.29
-----------------------------------------------
10:56:04 : SCANNING : MOTILALOFS
circuit : 0.26%  2021-12-21T10:55:00+0530
adx : 22.39  aroonosc : 42.86
-----------------------------------------------
10:56:05 : SCANNING : MPHASIS
circuit : 1.16%  2021-12-21T10:55:00+0530
adx : 27.67  aroonosc : -64.29
-----------------------------------------------
10:56:05 : SCANNING : MRF
circuit : 0.36%  2021-12-21T10:55:00+0530
adx : 18.42  aroonosc : -28.57
-----------------------------------------------
10:56:05 : SCANNING : MRPL
circuit : -0.94%  2021-12-21T10:55:00+0530
adx : 25.42  aroonosc : -85.71
-----------------------------------------------
10:56:06 : SCANNING : MUTHOOTFIN
circuit : 0.45%  2021-12-21T10:55:00+0530
adx : 17.22  aroonosc : 78.57
-----------------------------------------------
10:56:06 : SCANNING : NAM-INDIA
circuit : 1.57%  2021-12-21T10:55:00+0530
adx : 21.17  aroonosc : 42.86
-----------------------------------------------
10:56:07 : SCANNING : NATCOPHARM
circuit : 2.45%  2021-12-21T10:55:00+0530
adx : 14.51  aroonosc : 28.57
-----------------------------------------------
10:56:07 : SCANNING : NATIONALUM
circuit : 2.58%  2021-12-21T10:55:00+0530
adx : 52.8  aroonosc : 28.57
-----------------------------------------------
10:56:08 : SCANNING : NAUKRI
circuit : 0.26%  2021-12-21T10:55:00+0530
adx : 20.28  aroonosc : 35.71
-----------------------------------------------
10:56:08 : SCANNING : NAVINFLUOR
circuit : 3.11%  2021-12-21T10:55:00+0530
adx : 54.46  aroonosc : 71.43
-----------------------------------------------
10:56:09 : SCANNING : NBCC
circuit : 0.24%  2021-12-21T10:55:00+0530
adx : 29.9  aroonosc : 57.14
-----------------------------------------------
10:56:09 : SCANNING : NCC
circuit : 0.73%  2021-12-21T10:55:00+0530
adx : 37.82  aroonosc : 85.71
-----------------------------------------------
10:56:09 : SCANNING : NESCO
circuit : 1.49%  2021-12-21T10:55:00+0530
adx : 13.65  aroonosc : -71.43
-----------------------------------------------
10:56:10 : SCANNING : NESTLEIND
circuit : 1.06%  2021-12-21T10:55:00+0530
adx : 49.49  aroonosc : 92.86
-----------------------------------------------
10:56:10 : SCANNING : NETWORK18
circuit : 2.52%  2021-12-21T10:55:00+0530
adx : 25.55  aroonosc : 57.14
-----------------------------------------------
10:56:11 : SCANNING : NFL
circuit : 1.32%  2021-12-21T10:55:00+0530
adx : 34.43  aroonosc : 57.14
-----------------------------------------------
10:56:11 : SCANNING : NH
circuit : 2.44%  2021-12-21T10:55:00+0530
adx : 12.56  aroonosc : 85.71
-----------------------------------------------
10:56:12 : SCANNING : NHPC
circuit : 2.18%  2021-12-21T10:55:00+0530
adx : 37.13  aroonosc : 100.0
-----------------------------------------------
10:56:12 : SCANNING : NIACL
-----------------------------------------------
10:56:13 : SCANNING : NILKAMAL
circuit : 0.4%  2021-12-21T10:55:00+0530
adx : 11.94  aroonosc : 85.71
-----------------------------------------------
10:56:13 : SCANNING : NLCINDIA
circuit : 0.68%  2021-12-21T10:55:00+0530
adx : 26.7  aroonosc : -21.43
-----------------------------------------------
10:56:13 : SCANNING : NMDC
circuit : 7.08%  2021-12-21T10:55:00+0530
adx : 14.96  aroonosc : 71.43
-----------------------------------------------
10:56:14 : SCANNING : NOCIL
circuit : -0.09%  2021-12-21T10:55:00+0530
adx : 28.99  aroonosc : 85.71
-----------------------------------------------
10:56:14 : SCANNING : NTPC
circuit : 0.49%  2021-12-21T10:55:00+0530
adx : 35.6  aroonosc : -35.71
rpt : 1190.0
{'candle': 'green', 'type': 'BUY', 'instrument': 'NTPC', 'price': 120.2, 'qty': 4949, 'target': 120.35, 'stoploss': 120.05, 'volume': 82550, 'adx': 50.48648436642578, 'aroonosc': 64.28571428571429, 'atr': 0.35497661662436336, 'open': 120.15, 'high': 120.35, 'low': 120.05, 'close': 120.35, 'product': 'MIS', 'time': '2021-12-20T13:45:00+0530'}
10:56:15 : Validation Failed : Time Gap in Seconds : 76275
-----------------------------------------------
10:56:15 : SCANNING : OBEROIRLTY
circuit : 1.65%  2021-12-21T10:55:00+0530
adx : 28.22  aroonosc : 85.71
-----------------------------------------------
10:56:15 : SCANNING : OFSS
circuit : 1.32%  2021-12-21T10:55:00+0530
adx : 46.84  aroonosc : 50.0
-----------------------------------------------
10:56:16 : SCANNING : OIL
circuit : 1.32%  2021-12-21T10:55:00+0530
adx : 19.48  aroonosc : 92.86
-----------------------------------------------
10:56:16 : SCANNING : ONGC
circuit : 0.07%  2021-12-21T10:55:00+0530
adx : 33.35  aroonosc : 92.86
-----------------------------------------------
10:56:16 : SCANNING : ORIENTELEC
circuit : 1.79%  2021-12-21T10:55:00+0530
adx : 14.9  aroonosc : 57.14
-----------------------------------------------
10:56:17 : SCANNING : PAGEIND
circuit : 1.11%  2021-12-21T10:55:00+0530
adx : 20.04  aroonosc : 50.0
-----------------------------------------------
10:56:17 : SCANNING : PEL
circuit : 1.51%  2021-12-21T10:55:00+0530
adx : 28.18  aroonosc : 50.0
-----------------------------------------------
10:56:18 : SCANNING : PERSISTENT
circuit : -1.3%  2021-12-21T10:55:00+0530
adx : 30.85  aroonosc : 78.57
-----------------------------------------------
10:56:18 : SCANNING : PETRONET
circuit : 0.05%  2021-12-21T10:55:00+0530
adx : 12.54  aroonosc : 42.86
-----------------------------------------------
10:56:18 : SCANNING : PFC
circuit : 0.34%  2021-12-21T10:55:00+0530
adx : 17.6  aroonosc : 28.57
-----------------------------------------------
10:56:19 : SCANNING : PFIZER
circuit : 0.91%  2021-12-21T10:55:00+0530
adx : 16.29  aroonosc : 50.0
-----------------------------------------------
10:56:19 : SCANNING : PGHH
circuit : 0.42%  2021-12-21T10:55:00+0530
adx : 25.17  aroonosc : 14.29
-----------------------------------------------
10:56:19 : SCANNING : PGHL
circuit : -0.5%  2021-12-21T10:55:00+0530
adx : 18.1  aroonosc : -42.86
-----------------------------------------------
10:56:20 : SCANNING : PHILIPCARB
circuit : 1.09%  2021-12-21T10:55:00+0530
adx : 8.2  aroonosc : -78.57
-----------------------------------------------
10:56:20 : SCANNING : PHOENIXLTD
circuit : -3.43%  2021-12-21T10:55:00+0530
adx : 31.0  aroonosc : -28.57
-----------------------------------------------
10:56:21 : SCANNING : PIDILITIND
circuit : 0.65%  2021-12-21T10:55:00+0530
adx : 40.09  aroonosc : 92.86
-----------------------------------------------
10:56:21 : SCANNING : PIIND
circuit : 1.58%  2021-12-21T10:55:00+0530
adx : 33.06  aroonosc : 71.43
-----------------------------------------------
10:56:22 : SCANNING : PNB
circuit : 0.41%  2021-12-21T10:55:00+0530
adx : 21.58  aroonosc : -64.29
-----------------------------------------------
10:56:22 : SCANNING : PNBHOUSING
circuit : 5.01%  2021-12-21T10:55:00+0530
adx : 53.18  aroonosc : 92.86
-----------------------------------------------
10:56:22 : SCANNING : PNCINFRA
circuit : -0.36%  2021-12-21T10:55:00+0530
adx : 22.94  aroonosc : 71.43
-----------------------------------------------
10:56:23 : SCANNING : POLYCAB
circuit : 0.57%  2021-12-21T10:55:00+0530
adx : 46.42  aroonosc : 85.71
-----------------------------------------------
10:56:23 : SCANNING : POLYMED
circuit : -0.77%  2021-12-21T10:55:00+0530
adx : 22.0  aroonosc : 28.57
-----------------------------------------------
10:56:23 : SCANNING : POLYPLEX
circuit : 1.15%  2021-12-21T10:55:00+0530
adx : 23.38  aroonosc : 71.43
-----------------------------------------------
10:56:24 : SCANNING : POWERGRID
circuit : -1.23%  2021-12-21T10:55:00+0530
adx : 15.25  aroonosc : -42.86
-----------------------------------------------
10:56:24 : SCANNING : POWERINDIA
circuit : -0.04%  2021-12-21T10:55:00+0530
adx : 21.12  aroonosc : -78.57
-----------------------------------------------
10:56:25 : SCANNING : PRESTIGE
circuit : 0.88%  2021-12-21T10:55:00+0530
adx : 22.3  aroonosc : 14.29
-----------------------------------------------
10:56:25 : SCANNING : PRINCEPIPE
circuit : 1.81%  2021-12-21T10:55:00+0530
adx : 35.13  aroonosc : 78.57
-----------------------------------------------
10:56:25 : SCANNING : PRSMJOHNSN
circuit : 3.78%  2021-12-21T10:55:00+0530
adx : 35.48  aroonosc : 50.0
-----------------------------------------------
10:56:26 : SCANNING : PSB
circuit : 0.31%  2021-12-21T10:55:00+0530
adx : 21.57  aroonosc : -42.86
-----------------------------------------------
10:56:26 : SCANNING : PVR
circuit : 0.68%  2021-12-21T10:55:00+0530
adx : 27.05  aroonosc : 71.43
-----------------------------------------------
10:56:26 : SCANNING : QUESS
circuit : 0.75%  2021-12-21T10:55:00+0530
adx : 19.83  aroonosc : 14.29
-----------------------------------------------
10:56:27 : SCANNING : RADICO
circuit : 0.45%  2021-12-21T10:55:00+0530
adx : 21.32  aroonosc : 21.43
-----------------------------------------------
10:56:27 : SCANNING : RAIN
circuit : -0.61%  2021-12-21T10:55:00+0530
adx : 12.93  aroonosc : 50.0
-----------------------------------------------
10:56:27 : SCANNING : RAJESHEXPO
circuit : 0.11%  2021-12-21T10:55:00+0530
adx : 8.93  aroonosc : -35.71
-----------------------------------------------
10:56:28 : SCANNING : RALLIS
circuit : 0.39%  2021-12-21T10:55:00+0530
adx : 10.58  aroonosc : 71.43
-----------------------------------------------
10:56:28 : SCANNING : RAMCOCEM
circuit : 1.73%  2021-12-21T10:55:00+0530
adx : 22.96  aroonosc : 85.71
-----------------------------------------------
10:56:28 : SCANNING : RATNAMANI
circuit : 3.71%  2021-12-21T10:55:00+0530
adx : 43.17  aroonosc : 7.14
-----------------------------------------------
10:56:29 : SCANNING : RAYMOND
circuit : 0.67%  2021-12-21T10:55:00+0530
adx : 33.89  aroonosc : -14.29
-----------------------------------------------
10:56:29 : SCANNING : RBLBANK
circuit : -0.09%  2021-12-21T10:55:00+0530
adx : 20.65  aroonosc : 35.71
-----------------------------------------------
10:56:30 : SCANNING : RCF
circuit : 1.59%  2021-12-21T10:55:00+0530
adx : 28.5  aroonosc : 64.29
-----------------------------------------------
10:56:30 : SCANNING : RECLTD
circuit : 0.9%  2021-12-21T10:55:00+0530
adx : 42.29  aroonosc : 50.0
-----------------------------------------------
10:56:31 : SCANNING : REDINGTON
circuit : 0.41%  2021-12-21T10:55:00+0530
adx : 16.78  aroonosc : -21.43
-----------------------------------------------
10:56:31 : SCANNING : RELAXO
circuit : 2.54%  2021-12-21T10:55:00+0530
adx : 32.35  aroonosc : 42.86
-----------------------------------------------
10:56:31 : SCANNING : RELIANCE
circuit : 0.81%  2021-12-21T10:55:00+0530
adx : 54.34  aroonosc : 71.43
-----------------------------------------------
10:56:32 : SCANNING : RESPONIND
circuit : 2.38%  2021-12-21T10:55:00+0530
adx : 22.59  aroonosc : 7.14
-----------------------------------------------
10:56:32 : SCANNING : RHIM
circuit : 1.21%  2021-12-21T10:55:00+0530
adx : 36.13  aroonosc : 50.0
-----------------------------------------------
10:56:32 : SCANNING : RITES
circuit : -1.33%  2021-12-21T10:55:00+0530
adx : 14.53  aroonosc : -21.43
-----------------------------------------------
10:56:33 : SCANNING : ROSSARI
circuit : 0.33%  2021-12-21T10:55:00+0530
adx : 25.11  aroonosc : 50.0
-----------------------------------------------
10:56:33 : SCANNING : ROUTE
circuit : 0.95%  2021-12-21T10:55:00+0530
adx : 17.95  aroonosc : 50.0
-----------------------------------------------
10:56:34 : SCANNING : RVNL
circuit : 0.89%  2021-12-21T10:55:00+0530
adx : 49.67  aroonosc : 71.43
-----------------------------------------------
10:56:34 : SCANNING : SAIL
circuit : 1.72%  2021-12-21T10:55:00+0530
adx : 33.13  aroonosc : 35.71
-----------------------------------------------
10:56:34 : SCANNING : SANOFI
circuit : 0.05%  2021-12-21T10:55:00+0530
adx : 27.03  aroonosc : 50.0
-----------------------------------------------
10:56:35 : SCANNING : SBICARD
circuit : 0.8%  2021-12-21T10:55:00+0530
adx : 40.96  aroonosc : 57.14
-----------------------------------------------
10:56:35 : SCANNING : SBILIFE
circuit : -0.56%  2021-12-21T10:55:00+0530
adx : 15.85  aroonosc : 78.57
-----------------------------------------------
10:56:35 : SCANNING : SBIN
circuit : -0.2%  2021-12-21T10:55:00+0530
adx : 33.78  aroonosc : 21.43
-----------------------------------------------
10:56:36 : SCANNING : SCHAEFFLER
circuit : 2.27%  2021-12-21T10:55:00+0530
adx : 50.09  aroonosc : 50.0
-----------------------------------------------
10:56:36 : SCANNING : SCHNEIDER
circuit : -1.65%  2021-12-21T10:55:00+0530
adx : 20.29  aroonosc : -92.86
-----------------------------------------------
10:56:37 : SCANNING : SCI
circuit : 1.64%  2021-12-21T10:55:00+0530
adx : 19.11  aroonosc : 64.29
-----------------------------------------------
10:56:37 : SCANNING : SEQUENT
circuit : 1.66%  2021-12-21T10:55:00+0530
adx : 21.22  aroonosc : 100.0
-----------------------------------------------
10:56:38 : SCANNING : SFL
circuit : 1.9%  2021-12-21T10:55:00+0530
adx : 26.64  aroonosc : 28.57
-----------------------------------------------
10:56:38 : SCANNING : SHARDACROP
circuit : -3.08%  2021-12-21T10:55:00+0530
adx : 24.27  aroonosc : -78.57
-----------------------------------------------
10:56:38 : SCANNING : SHILPAMED
circuit : 3.23%  2021-12-21T10:55:00+0530
adx : 54.89  aroonosc : 71.43
-----------------------------------------------
10:56:39 : SCANNING : SHOPERSTOP
circuit : 2.0%  2021-12-21T10:55:00+0530
adx : 15.53  aroonosc : 92.86
-----------------------------------------------
10:56:39 : SCANNING : SHREECEM
circuit : 1.88%  2021-12-21T10:55:00+0530
adx : 45.23  aroonosc : 85.71
-----------------------------------------------
10:56:39 : SCANNING : SHRIRAMCIT
circuit : -2.25%  2021-12-21T10:55:00+0530
adx : 11.92  aroonosc : 35.71
-----------------------------------------------
10:56:40 : SCANNING : SIEMENS
circuit : 0.84%  2021-12-21T10:55:00+0530
adx : 32.84  aroonosc : 71.43
-----------------------------------------------
10:56:40 : SCANNING : SIS
circuit : 0.63%  2021-12-21T10:55:00+0530
adx : 51.47  aroonosc : 92.86
-----------------------------------------------
10:56:41 : SCANNING : SJVN
circuit : 1.08%  2021-12-21T10:55:00+0530
adx : 33.83  aroonosc : 64.29
-----------------------------------------------
10:56:41 : SCANNING : SKFINDIA
circuit : -0.05%  2021-12-21T10:55:00+0530
adx : 9.97  aroonosc : 71.43
-----------------------------------------------
10:56:41 : SCANNING : SOBHA
circuit : 1.77%  2021-12-21T10:55:00+0530
adx : 22.67  aroonosc : 71.43
-----------------------------------------------
10:56:42 : SCANNING : SOLARA
circuit : -0.39%  2021-12-21T10:55:00+0530
adx : 21.99  aroonosc : -85.71
-----------------------------------------------
10:56:42 : SCANNING : SOLARINDS
circuit : -0.34%  2021-12-21T10:55:00+0530
adx : 20.48  aroonosc : -92.86
-----------------------------------------------
10:56:42 : SCANNING : SONATSOFTW
circuit : 2.44%  2021-12-21T10:55:00+0530
adx : 34.65  aroonosc : 21.43
-----------------------------------------------
10:56:43 : SCANNING : SPANDANA
circuit : -0.13%  2021-12-21T10:55:00+0530
adx : 25.54  aroonosc : 14.29
-----------------------------------------------
10:56:43 : SCANNING : SPARC
circuit : 1.58%  2021-12-21T10:55:00+0530
adx : 13.41  aroonosc : 28.57
-----------------------------------------------
10:56:44 : SCANNING : SPICEJET
circuit : 0.23%  2021-12-21T10:55:00+0530
adx : 24.31  aroonosc : 28.57
-----------------------------------------------
10:56:44 : SCANNING : SRF
circuit : 1.67%  2021-12-21T10:55:00+0530
adx : 36.77  aroonosc : 100.0
-----------------------------------------------
10:56:44 : SCANNING : SRTRANSFIN
circuit : -1.99%  2021-12-21T10:55:00+0530
adx : 22.82  aroonosc : 35.71
-----------------------------------------------
10:56:45 : SCANNING : STAR
circuit : -0.9%  2021-12-21T10:55:00+0530
adx : 11.9  aroonosc : 57.14
-----------------------------------------------
10:56:45 : SCANNING : STARCEMENT
circuit : 0.64%  2021-12-21T10:55:00+0530
adx : 16.35  aroonosc : 92.86
-----------------------------------------------
10:56:46 : SCANNING : STLTECH
circuit : 0.97%  2021-12-21T10:55:00+0530
adx : 28.08  aroonosc : 21.43
-----------------------------------------------
10:56:46 : SCANNING : SUDARSCHEM
circuit : 1.46%  2021-12-21T10:55:00+0530
adx : 35.52  aroonosc : 57.14
-----------------------------------------------
10:56:46 : SCANNING : SUMICHEM
circuit : 0.92%  2021-12-21T10:55:00+0530
adx : 15.69  aroonosc : -14.29
-----------------------------------------------
10:56:47 : SCANNING : SUNCLAYLTD
circuit : 1.1%  2021-12-21T10:55:00+0530
adx : 18.56  aroonosc : 64.29
-----------------------------------------------
10:56:47 : SCANNING : SUNDARMFIN
circuit : -0.6%  2021-12-21T10:55:00+0530
adx : 28.14  aroonosc : -7.14
-----------------------------------------------
10:56:48 : SCANNING : SUNDRMFAST
circuit : -2.07%  2021-12-21T10:55:00+0530
adx : 18.65  aroonosc : 14.29
-----------------------------------------------
10:56:48 : SCANNING : SUNPHARMA
circuit : 2.28%  2021-12-21T10:55:00+0530
adx : 42.32  aroonosc : 35.71
-----------------------------------------------
10:56:48 : SCANNING : SUNTECK
circuit : 1.07%  2021-12-21T10:55:00+0530
adx : 27.4  aroonosc : -85.71
-----------------------------------------------
10:56:49 : SCANNING : SUNTV
circuit : 0.69%  2021-12-21T10:55:00+0530
adx : 29.25  aroonosc : 100.0
-----------------------------------------------
10:56:49 : SCANNING : SUPPETRO
circuit : 0.6%  2021-12-21T10:55:00+0530
adx : 28.57  aroonosc : 21.43
-----------------------------------------------
10:56:50 : SCANNING : SUPRAJIT
circuit : 2.07%  2021-12-21T10:55:00+0530
adx : 43.34  aroonosc : 85.71
-----------------------------------------------
10:56:50 : SCANNING : SUPREMEIND
circuit : 4.29%  2021-12-21T10:55:00+0530
adx : 67.22  aroonosc : 85.71
-----------------------------------------------
10:56:50 : SCANNING : SUVENPHAR
circuit : 1.27%  2021-12-21T10:55:00+0530
adx : 13.95  aroonosc : 71.43
-----------------------------------------------
10:56:51 : SCANNING : SUZLON
circuit : 2.05%  2021-12-21T10:55:00+0530
adx : 37.66  aroonosc : 50.0
-----------------------------------------------
10:56:51 : SCANNING : SWANENERGY
circuit : 2.14%  2021-12-21T10:55:00+0530
adx : 28.21  aroonosc : -14.29
-----------------------------------------------
10:56:51 : SCANNING : SWSOLAR
circuit : -0.03%  2021-12-21T10:55:00+0530
adx : 15.31  aroonosc : -71.43
-----------------------------------------------
10:56:52 : SCANNING : SYMPHONY
circuit : 0.79%  2021-12-21T10:55:00+0530
adx : 37.46  aroonosc : 78.57
-----------------------------------------------
10:56:52 : SCANNING : SYNGENE
circuit : 0.3%  2021-12-21T10:55:00+0530
adx : 32.88  aroonosc : 64.29
-----------------------------------------------
10:56:52 : SCANNING : TASTYBITE
circuit : -1.18%  2021-12-21T10:55:00+0530
adx : 27.74  aroonosc : -28.57
-----------------------------------------------
10:56:53 : SCANNING : TATACHEM
circuit : 1.53%  2021-12-21T10:55:00+0530
adx : 36.4  aroonosc : 57.14
-----------------------------------------------
10:56:53 : SCANNING : TATACOFFEE
circuit : 1.33%  2021-12-21T10:55:00+0530
adx : 25.92  aroonosc : 50.0
-----------------------------------------------
10:56:54 : SCANNING : TATACOMM
circuit : -0.19%  2021-12-21T10:55:00+0530
adx : 13.86  aroonosc : 64.29
-----------------------------------------------
10:56:54 : SCANNING : TATACONSUM
circuit : 1.72%  2021-12-21T10:55:00+0530
adx : 49.02  aroonosc : 92.86
-----------------------------------------------
10:56:54 : SCANNING : TATAELXSI
circuit : 0.11%  2021-12-21T10:55:00+0530
adx : 10.42  aroonosc : 57.14
-----------------------------------------------
10:56:55 : SCANNING : TATAINVEST
circuit : 0.44%  2021-12-21T10:55:00+0530
adx : 32.81  aroonosc : 64.29
-----------------------------------------------
10:56:55 : SCANNING : TATAMOTORS
circuit : 1.24%  2021-12-21T10:55:00+0530
adx : 28.96  aroonosc : 85.71
-----------------------------------------------
10:56:56 : SCANNING : TATAPOWER
circuit : 0.56%  2021-12-21T10:55:00+0530
adx : 36.46  aroonosc : 64.29
-----------------------------------------------
10:56:56 : SCANNING : TATASTEEL
circuit : 2.11%  2021-12-21T10:55:00+0530
adx : 45.74  aroonosc : 85.71
-----------------------------------------------
10:56:57 : SCANNING : TCIEXP
circuit : 4.14%  2021-12-21T10:55:00+0530
adx : 25.98  aroonosc : 78.57
-----------------------------------------------
10:56:57 : SCANNING : TCNSBRANDS
circuit : 2.1%  2021-12-21T10:55:00+0530
adx : 14.6  aroonosc : 14.29
-----------------------------------------------
10:56:57 : SCANNING : TCS
circuit : 1.43%  2021-12-21T10:55:00+0530
adx : 48.63  aroonosc : 64.29
-----------------------------------------------
10:56:58 : SCANNING : TEAMLEASE
circuit : 0.41%  2021-12-21T10:55:00+0530
adx : 10.75  aroonosc : -35.71
-----------------------------------------------
10:56:58 : SCANNING : TECHM
circuit : 2.18%  2021-12-21T10:55:00+0530
adx : 37.25  aroonosc : 71.43
-----------------------------------------------
10:56:59 : SCANNING : THERMAX
circuit : 1.64%  2021-12-21T10:55:00+0530
adx : 34.03  aroonosc : 92.86
-----------------------------------------------
10:56:59 : SCANNING : THYROCARE
circuit : -1.15%  2021-12-21T10:55:00+0530
adx : 18.29  aroonosc : -57.14
-----------------------------------------------
10:57:00 : SCANNING : TIINDIA
circuit : 0.41%  2021-12-21T10:55:00+0530
adx : 21.85  aroonosc : 92.86
-----------------------------------------------
10:57:00 : SCANNING : TIMKEN
circuit : 2.45%  2021-12-21T10:55:00+0530
adx : 45.05  aroonosc : 57.14
-----------------------------------------------
10:57:01 : SCANNING : TITAN
circuit : 2.25%  2021-12-21T10:55:00+0530
adx : 42.24  aroonosc : 78.57
-----------------------------------------------
10:57:01 : SCANNING : TORNTPHARM
circuit : 0.82%  2021-12-21T10:55:00+0530
adx : 25.11  aroonosc : -42.86
-----------------------------------------------
10:57:01 : SCANNING : TORNTPOWER
circuit : 0.22%  2021-12-21T10:55:00+0530
adx : 25.58  aroonosc : 14.29
-----------------------------------------------
10:57:02 : SCANNING : TRENT
circuit : -0.35%  2021-12-21T10:55:00+0530
adx : 26.57  aroonosc : 57.14
-----------------------------------------------
10:57:02 : SCANNING : TRIDENT
circuit : 5.34%  2021-12-21T10:55:00+0530
adx : 15.19  aroonosc : -42.86
-----------------------------------------------
10:57:03 : SCANNING : TRITURBINE
circuit : -1.28%  2021-12-21T10:55:00+0530
adx : 49.7  aroonosc : -92.86
-----------------------------------------------
10:57:03 : SCANNING : TTKPRESTIG
circuit : 1.56%  2021-12-21T10:55:00+0530
adx : 20.09  aroonosc : -71.43
-----------------------------------------------
10:57:04 : SCANNING : TV18BRDCST
circuit : 0.67%  2021-12-21T10:55:00+0530
adx : 12.38  aroonosc : 78.57
-----------------------------------------------
10:57:04 : SCANNING : TVSMOTOR
circuit : 1.6%  2021-12-21T10:55:00+0530
adx : 43.67  aroonosc : 57.14
-----------------------------------------------
10:57:04 : SCANNING : UBL
circuit : 2.17%  2021-12-21T10:55:00+0530
adx : 28.89  aroonosc : 0.0
-----------------------------------------------
10:57:05 : SCANNING : UCOBANK
circuit : 1.18%  2021-12-21T10:55:00+0530
adx : 48.26  aroonosc : 50.0
-----------------------------------------------
10:57:05 : SCANNING : UFLEX
circuit : -1.33%  2021-12-21T10:55:00+0530
adx : 38.79  aroonosc : 64.29
-----------------------------------------------
10:57:06 : SCANNING : UJJIVAN
circuit : -0.35%  2021-12-21T10:55:00+0530
adx : 21.0  aroonosc : -21.43
-----------------------------------------------
10:57:06 : SCANNING : UJJIVANSFB
-----------------------------------------------
10:57:07 : SCANNING : ULTRACEMCO
circuit : 0.82%  2021-12-21T10:55:00+0530
adx : 29.74  aroonosc : 100.0
-----------------------------------------------
10:57:07 : SCANNING : UNIONBANK
circuit : 1.18%  2021-12-21T10:55:00+0530
adx : 9.91  aroonosc : -42.86
-----------------------------------------------
10:57:08 : SCANNING : UPL
circuit : 1.72%  2021-12-21T10:55:00+0530
adx : 43.28  aroonosc : 85.71
-----------------------------------------------
10:57:08 : SCANNING : UTIAMC
circuit : 1.57%  2021-12-21T10:55:00+0530
adx : 13.0  aroonosc : -42.86
-----------------------------------------------
10:57:09 : SCANNING : VAIBHAVGBL
circuit : 0.67%  2021-12-21T10:55:00+0530
adx : 23.96  aroonosc : 71.43
-----------------------------------------------
10:57:09 : SCANNING : VAKRANGEE
circuit : 1.97%  2021-12-21T10:55:00+0530
adx : 33.32  aroonosc : 78.57
-----------------------------------------------
10:57:09 : SCANNING : VALIANTORG
circuit : 1.09%  2021-12-21T10:55:00+0530
adx : 16.89  aroonosc : 57.14
-----------------------------------------------
10:57:10 : SCANNING : VARROC
circuit : 2.84%  2021-12-21T10:55:00+0530
adx : 25.57  aroonosc : 50.0
-----------------------------------------------
10:57:10 : SCANNING : VBL
circuit : 0.59%  2021-12-21T10:55:00+0530
adx : 12.81  aroonosc : 50.0
-----------------------------------------------
10:57:11 : SCANNING : VEDL
circuit : 1.91%  2021-12-21T10:55:00+0530
adx : 58.83  aroonosc : 85.71
-----------------------------------------------
10:57:11 : SCANNING : VENKEYS
circuit : -0.21%  2021-12-21T10:55:00+0530
adx : 27.48  aroonosc : 64.29
-----------------------------------------------
10:57:11 : SCANNING : VGUARD
circuit : 0.04%  2021-12-21T10:55:00+0530
adx : 11.94  aroonosc : -78.57
-----------------------------------------------
10:57:12 : SCANNING : VINATIORGA
circuit : -3.19%  2021-12-21T10:55:00+0530
adx : 21.71  aroonosc : -92.86
-----------------------------------------------
10:57:12 : SCANNING : VIPIND
circuit : 4.54%  2021-12-21T10:55:00+0530
adx : 31.02  aroonosc : 78.57
-----------------------------------------------
10:57:13 : SCANNING : VMART
circuit : -0.49%  2021-12-21T10:55:00+0530
adx : 21.28  aroonosc : 85.71
-----------------------------------------------
10:57:13 : SCANNING : VOLTAS
circuit : 0.89%  2021-12-21T10:55:00+0530
adx : 36.79  aroonosc : 14.29
-----------------------------------------------
10:57:14 : SCANNING : VSTIND
circuit : -0.03%  2021-12-21T10:55:00+0530
adx : 15.83  aroonosc : -78.57
-----------------------------------------------
10:57:14 : SCANNING : VTL
circuit : 7.03%  2021-12-21T10:55:00+0530
adx : 46.42  aroonosc : 92.86
-----------------------------------------------
10:57:15 : SCANNING : WABCOINDIA
circuit : 0.65%  2021-12-21T10:55:00+0530
adx : 11.21  aroonosc : -92.86
-----------------------------------------------
10:57:15 : SCANNING : WELCORP
circuit : 3.37%  2021-12-21T10:55:00+0530
adx : 39.8  aroonosc : 71.43
-----------------------------------------------
10:57:15 : SCANNING : WELSPUNIND
circuit : 1.36%  2021-12-21T10:55:00+0530
adx : 22.3  aroonosc : 14.29
-----------------------------------------------
10:57:16 : SCANNING : WESTLIFE
circuit : 0.38%  2021-12-21T10:55:00+0530
adx : 24.46  aroonosc : 64.29
-----------------------------------------------
10:57:16 : SCANNING : WHIRLPOOL
circuit : 0.89%  2021-12-21T10:55:00+0530
adx : 14.24  aroonosc : 14.29
-----------------------------------------------
10:57:16 : SCANNING : WIPRO
circuit : 1.48%  2021-12-21T10:55:00+0530
adx : 55.8  aroonosc : 21.43
-----------------------------------------------
10:57:17 : SCANNING : WOCKPHARMA
circuit : -0.03%  2021-12-21T10:55:00+0530
adx : 17.33  aroonosc : 14.29
-----------------------------------------------
10:57:17 : SCANNING : YESBANK
circuit : 0.38%  2021-12-21T10:55:00+0530
adx : 46.14  aroonosc : 85.71
-----------------------------------------------
10:57:18 : SCANNING : ZEEL
circuit : 2.34%  2021-12-21T10:55:00+0530
adx : 30.71  aroonosc : 78.57
-----------------------------------------------
10:57:18 : SCANNING : ZENSARTECH
circuit : 3.65%  2021-12-21T10:55:00+0530
adx : 46.19  aroonosc : 7.14
-----------------------------------------------
10:57:18 : SCANNING : ZYDUSWELL
circuit : -0.96%  2021-12-21T10:55:00+0530
adx : 38.18  aroonosc : 92.86
-----------------------------------------------
10:57:19 : SCANNING : PAYTM
circuit : 1.76%  2021-12-21T10:55:00+0530
adx : 20.84  aroonosc : -92.86
-----------------------------------------------
===================================================
10:57:19 : END
===================================================
Start Time     : 2021-12-21 10:54:01.857864
End Time       : 2021-12-21 10:57:19.273278
Time Taken     : 3.0
===================================================
