===================================================
10:52:02 : START
===================================================
10:52:02 : PROCESSING INSTRUMENTS SYMBOLS
-----------------------------------------------
10:52:02 : SCANNING : 3MINDIA
circuit : -0.21%  2021-12-21T10:50:00+0530
adx : 28.8  aroonosc : 71.43
-----------------------------------------------
10:52:02 : SCANNING : AARTIDRUGS
circuit : 0.68%  2021-12-21T10:50:00+0530
adx : 11.99  aroonosc : 57.14
-----------------------------------------------
10:52:02 : SCANNING : AARTIIND
circuit : 1.32%  2021-12-21T10:50:00+0530
adx : 37.97  aroonosc : 64.29
-----------------------------------------------
10:52:03 : SCANNING : AAVAS
circuit : 0.96%  2021-12-21T10:50:00+0530
adx : 53.88  aroonosc : 92.86
-----------------------------------------------
10:52:03 : SCANNING : ABB
circuit : 1.31%  2021-12-21T10:50:00+0530
adx : 19.15  aroonosc : 85.71
-----------------------------------------------
10:52:03 : SCANNING : ABBOTINDIA
circuit : -0.11%  2021-12-21T10:50:00+0530
adx : 30.21  aroonosc : 100.0
-----------------------------------------------
10:52:04 : SCANNING : ABCAPITAL
circuit : 2.73%  2021-12-21T10:50:00+0530
adx : 32.69  aroonosc : 64.29
-----------------------------------------------
10:52:04 : SCANNING : ABFRL
circuit : 2.12%  2021-12-21T10:50:00+0530
adx : 40.78  aroonosc : 28.57
-----------------------------------------------
10:52:04 : SCANNING : ACC
circuit : 1.54%  2021-12-21T10:50:00+0530
adx : 46.45  aroonosc : 100.0
-----------------------------------------------
10:52:05 : SCANNING : ADANIENT
circuit : 0.47%  2021-12-21T10:50:00+0530
adx : 40.51  aroonosc : 57.14
-----------------------------------------------
10:52:05 : SCANNING : ADANIGREEN
circuit : 0.21%  2021-12-21T10:50:00+0530
adx : 24.35  aroonosc : 21.43
-----------------------------------------------
10:52:05 : SCANNING : ADANIPORTS
circuit : -0.69%  2021-12-21T10:50:00+0530
adx : 20.77  aroonosc : 21.43
-----------------------------------------------
10:52:06 : SCANNING : ADVENZYMES
circuit : 1.45%  2021-12-21T10:50:00+0530
adx : 21.37  aroonosc : 57.14
-----------------------------------------------
10:52:06 : SCANNING : AEGISCHEM
circuit : -1.98%  2021-12-21T10:50:00+0530
adx : 40.53  aroonosc : 78.57
-----------------------------------------------
10:52:06 : SCANNING : AFFLE
circuit : 1.14%  2021-12-21T10:50:00+0530
adx : 15.29  aroonosc : 21.43
-----------------------------------------------
10:52:07 : SCANNING : AIAENG
circuit : -0.91%  2021-12-21T10:50:00+0530
adx : 12.92  aroonosc : -71.43
-----------------------------------------------
10:52:07 : SCANNING : AJANTPHARM
circuit : -0.47%  2021-12-21T10:50:00+0530
adx : 18.73  aroonosc : 50.0
-----------------------------------------------
10:52:07 : SCANNING : AKZOINDIA
circuit : -1.25%  2021-12-21T10:50:00+0530
adx : 34.23  aroonosc : -71.43
-----------------------------------------------
10:52:08 : SCANNING : ALEMBICLTD
circuit : -0.26%  2021-12-21T10:50:00+0530
adx : 12.97  aroonosc : 71.43
-----------------------------------------------
10:52:08 : SCANNING : ALKEM
circuit : 0.54%  2021-12-21T10:50:00+0530
adx : 10.65  aroonosc : -64.29
-----------------------------------------------
10:52:09 : SCANNING : ALKYLAMINE
circuit : -1.75%  2021-12-21T10:50:00+0530
adx : 46.57  aroonosc : -28.57
-----------------------------------------------
10:52:09 : SCANNING : ALOKINDS
circuit : 1.32%  2021-12-21T10:50:00+0530
adx : 40.83  aroonosc : 92.86
-----------------------------------------------
10:52:09 : SCANNING : AMARAJABAT
circuit : 0.4%  2021-12-21T10:50:00+0530
adx : 36.18  aroonosc : 78.57
-----------------------------------------------
10:52:09 : SCANNING : AMBER
circuit : 3.12%  2021-12-21T10:50:00+0530
adx : 41.95  aroonosc : 64.29
-----------------------------------------------
10:52:10 : SCANNING : AMBUJACEM
circuit : 2.46%  2021-12-21T10:50:00+0530
adx : 48.12  aroonosc : 100.0
-----------------------------------------------
10:52:10 : SCANNING : ANGELBRKG
circuit : 2.07%  2021-12-21T10:50:00+0530
adx : 40.57  aroonosc : 64.29
-----------------------------------------------
10:52:11 : SCANNING : APLAPOLLO
circuit : 2.38%  2021-12-21T10:50:00+0530
adx : 16.36  aroonosc : 78.57
-----------------------------------------------
10:52:11 : SCANNING : APLLTD
circuit : -1.39%  2021-12-21T10:50:00+0530
adx : 46.43  aroonosc : 14.29
-----------------------------------------------
10:52:11 : SCANNING : APOLLOHOSP
circuit : -0.41%  2021-12-21T10:50:00+0530
adx : 29.47  aroonosc : 42.86
-----------------------------------------------
10:52:12 : SCANNING : APOLLOTYRE
circuit : 0.12%  2021-12-21T10:50:00+0530
adx : 20.36  aroonosc : 64.29
-----------------------------------------------
10:52:12 : SCANNING : ASAHIINDIA
circuit : -1.26%  2021-12-21T10:50:00+0530
adx : 32.18  aroonosc : 14.29
-----------------------------------------------
10:52:12 : SCANNING : ASHOKA
circuit : 0.22%  2021-12-21T10:50:00+0530
adx : 19.06  aroonosc : -42.86
-----------------------------------------------
10:52:13 : SCANNING : ASHOKLEY
circuit : 2.04%  2021-12-21T10:50:00+0530
adx : 44.75  aroonosc : 78.57
-----------------------------------------------
10:52:13 : SCANNING : ASIANPAINT
circuit : 1.0%  2021-12-21T10:50:00+0530
adx : 40.76  aroonosc : 100.0
-----------------------------------------------
10:52:13 : SCANNING : ASTERDM
circuit : -0.71%  2021-12-21T10:50:00+0530
adx : 37.81  aroonosc : 42.86
-----------------------------------------------
10:52:14 : SCANNING : ASTRAL
circuit : -1.97%  2021-12-21T10:50:00+0530
adx : 16.85  aroonosc : 35.71
-----------------------------------------------
10:52:14 : SCANNING : ASTRAZEN
circuit : -0.78%  2021-12-21T10:50:00+0530
adx : 28.49  aroonosc : -42.86
-----------------------------------------------
10:52:14 : SCANNING : ATUL
circuit : 0.26%  2021-12-21T10:50:00+0530
adx : 21.72  aroonosc : 35.71
-----------------------------------------------
10:52:15 : SCANNING : AUBANK
circuit : 3.77%  2021-12-21T10:50:00+0530
adx : 50.75  aroonosc : 71.43
-----------------------------------------------
10:52:15 : SCANNING : AUROPHARMA
circuit : -0.38%  2021-12-21T10:50:00+0530
adx : 24.31  aroonosc : 64.29
-----------------------------------------------
10:52:15 : SCANNING : AVANTIFEED
circuit : -0.55%  2021-12-21T10:50:00+0530
adx : 42.02  aroonosc : 14.29
-----------------------------------------------
10:52:16 : SCANNING : AXISBANK
circuit : -1.24%  2021-12-21T10:50:00+0530
adx : 19.76  aroonosc : 21.43
-----------------------------------------------
10:52:16 : SCANNING : BAJAJ-AUTO
circuit : 0.85%  2021-12-21T10:50:00+0530
adx : 46.5  aroonosc : 64.29
-----------------------------------------------
10:52:17 : SCANNING : BAJAJCON
circuit : 0.15%  2021-12-21T10:50:00+0530
adx : 21.43  aroonosc : 21.43
-----------------------------------------------
10:52:17 : SCANNING : BAJAJELEC
circuit : -0.76%  2021-12-21T10:50:00+0530
adx : 20.63  aroonosc : -78.57
-----------------------------------------------
10:52:17 : SCANNING : BAJAJFINSV
circuit : -0.82%  2021-12-21T10:50:00+0530
adx : 40.49  aroonosc : 57.14
-----------------------------------------------
10:52:17 : SCANNING : BAJAJHLDNG
circuit : -0.2%  2021-12-21T10:50:00+0530
adx : 15.21  aroonosc : -21.43
-----------------------------------------------
10:52:18 : SCANNING : BAJFINANCE
circuit : -0.18%  2021-12-21T10:50:00+0530
adx : 30.44  aroonosc : 57.14
-----------------------------------------------
10:52:18 : SCANNING : BALAMINES
circuit : 0.2%  2021-12-21T10:50:00+0530
adx : 11.7  aroonosc : 71.43
-----------------------------------------------
10:52:18 : SCANNING : BALKRISIND
circuit : -0.84%  2021-12-21T10:50:00+0530
adx : 14.9  aroonosc : 42.86
-----------------------------------------------
10:52:19 : SCANNING : BALMLAWRIE
circuit : 1.15%  2021-12-21T10:50:00+0530
adx : 30.51  aroonosc : 92.86
-----------------------------------------------
10:52:19 : SCANNING : BALRAMCHIN
circuit : 2.06%  2021-12-21T10:50:00+0530
adx : 44.4  aroonosc : 42.86
-----------------------------------------------
10:52:19 : SCANNING : BANDHANBNK
circuit : 0.12%  2021-12-21T10:50:00+0530
adx : 23.37  aroonosc : 21.43
-----------------------------------------------
10:52:20 : SCANNING : BANKBARODA
circuit : 0.56%  2021-12-21T10:50:00+0530
adx : 14.13  aroonosc : -28.57
-----------------------------------------------
10:52:20 : SCANNING : BANKINDIA
circuit : 1.29%  2021-12-21T10:50:00+0530
adx : 47.32  aroonosc : 64.29
-----------------------------------------------
10:52:20 : SCANNING : BASF
circuit : 0.49%  2021-12-21T10:50:00+0530
adx : 37.73  aroonosc : -71.43
-----------------------------------------------
10:52:21 : SCANNING : BATAINDIA
circuit : 0.72%  2021-12-21T10:50:00+0530
adx : 22.26  aroonosc : -57.14
-----------------------------------------------
10:52:21 : SCANNING : BAYERCROP
circuit : -1.74%  2021-12-21T10:50:00+0530
adx : 19.77  aroonosc : -92.86
-----------------------------------------------
10:52:21 : SCANNING : BBTC
circuit : 0.19%  2021-12-21T10:50:00+0530
adx : 22.63  aroonosc : 35.71
-----------------------------------------------
10:52:22 : SCANNING : BDL
circuit : 1.73%  2021-12-21T10:50:00+0530
adx : 33.64  aroonosc : 28.57
-----------------------------------------------
10:52:22 : SCANNING : BEL
circuit : 1.43%  2021-12-21T10:50:00+0530
adx : 35.71  aroonosc : -28.57
-----------------------------------------------
10:52:22 : SCANNING : BEML
circuit : 1.98%  2021-12-21T10:50:00+0530
adx : 43.47  aroonosc : -85.71
-----------------------------------------------
10:52:23 : SCANNING : BERGEPAINT
circuit : 0.56%  2021-12-21T10:50:00+0530
adx : 37.33  aroonosc : 64.29
-----------------------------------------------
10:52:23 : SCANNING : BHARATFORG
circuit : 0.98%  2021-12-21T10:50:00+0530
adx : 23.87  aroonosc : 71.43
-----------------------------------------------
10:52:23 : SCANNING : BHARATRAS
circuit : 2.44%  2021-12-21T10:50:00+0530
adx : 41.8  aroonosc : 0.0
-----------------------------------------------
10:52:24 : SCANNING : BHARTIARTL
circuit : 0.04%  2021-12-21T10:50:00+0530
adx : 32.02  aroonosc : 28.57
-----------------------------------------------
10:52:24 : SCANNING : BHEL
circuit : 0.35%  2021-12-21T10:50:00+0530
adx : 19.06  aroonosc : 57.14
-----------------------------------------------
10:52:24 : SCANNING : BIOCON
circuit : 0.65%  2021-12-21T10:50:00+0530
adx : 11.54  aroonosc : 71.43
-----------------------------------------------
10:52:25 : SCANNING : BIRLACORPN
circuit : 3.25%  2021-12-21T10:50:00+0530
adx : 19.56  aroonosc : 92.86
-----------------------------------------------
10:52:25 : SCANNING : BLISSGVS
circuit : 1.1%  2021-12-21T10:50:00+0530
adx : 25.09  aroonosc : 85.71
-----------------------------------------------
10:52:25 : SCANNING : BLUEDART
circuit : 1.29%  2021-12-21T10:50:00+0530
adx : 36.19  aroonosc : 35.71
-----------------------------------------------
10:52:26 : SCANNING : BLUESTARCO
circuit : -1.18%  2021-12-21T10:50:00+0530
adx : 24.19  aroonosc : 42.86
-----------------------------------------------
10:52:26 : SCANNING : BOSCHLTD
circuit : 3.49%  2021-12-21T10:50:00+0530
adx : 58.38  aroonosc : 28.57
-----------------------------------------------
10:52:26 : SCANNING : BPCL
circuit : -0.25%  2021-12-21T10:50:00+0530
adx : 22.08  aroonosc : 100.0
-----------------------------------------------
10:52:27 : SCANNING : BRIGADE
circuit : 3.17%  2021-12-21T10:50:00+0530
adx : 33.26  aroonosc : 50.0
-----------------------------------------------
10:52:27 : SCANNING : BRITANNIA
circuit : 1.43%  2021-12-21T10:50:00+0530
adx : 32.51  aroonosc : 100.0
-----------------------------------------------
10:52:27 : SCANNING : BSE
circuit : -1.37%  2021-12-21T10:50:00+0530
adx : 12.89  aroonosc : -71.43
-----------------------------------------------
10:52:28 : SCANNING : BSOFT
circuit : 0.77%  2021-12-21T10:50:00+0530
adx : 35.19  aroonosc : 78.57
-----------------------------------------------
10:52:28 : SCANNING : BURGERKING
circuit : 0.63%  2021-12-21T10:50:00+0530
adx : 25.48  aroonosc : 21.43
-----------------------------------------------
10:52:28 : SCANNING : CADILAHC
circuit : 1.25%  2021-12-21T10:50:00+0530
adx : 41.85  aroonosc : 92.86
-----------------------------------------------
10:52:28 : SCANNING : CAMS
circuit : -0.26%  2021-12-21T10:50:00+0530
adx : 24.18  aroonosc : 7.14
-----------------------------------------------
10:52:29 : SCANNING : CANBK
circuit : -0.18%  2021-12-21T10:50:00+0530
adx : 23.05  aroonosc : 21.43
-----------------------------------------------
10:52:29 : SCANNING : CANFINHOME
circuit : 0.62%  2021-12-21T10:50:00+0530
adx : 23.53  aroonosc : 71.43
-----------------------------------------------
10:52:30 : SCANNING : CAPLIPOINT
circuit : 0.75%  2021-12-21T10:50:00+0530
adx : 25.76  aroonosc : 14.29
-----------------------------------------------
10:52:30 : SCANNING : CARBORUNIV
circuit : 1.72%  2021-12-21T10:50:00+0530
adx : 13.84  aroonosc : 64.29
-----------------------------------------------
10:52:30 : SCANNING : CASTROLIND
circuit : -0.81%  2021-12-21T10:50:00+0530
adx : 14.62  aroonosc : -7.14
-----------------------------------------------
10:52:30 : SCANNING : CCL
circuit : 2.11%  2021-12-21T10:50:00+0530
adx : 40.48  aroonosc : 78.57
-----------------------------------------------
10:52:31 : SCANNING : CEATLTD
circuit : 0.29%  2021-12-21T10:50:00+0530
adx : 13.94  aroonosc : 85.71
-----------------------------------------------
10:52:31 : SCANNING : CENTRALBK
circuit : 1.18%  2021-12-21T10:50:00+0530
adx : 36.74  aroonosc : -14.29
-----------------------------------------------
10:52:31 : SCANNING : CENTURYPLY
circuit : 1.45%  2021-12-21T10:50:00+0530
adx : 12.36  aroonosc : 64.29
-----------------------------------------------
10:52:32 : SCANNING : CENTURYTEX
circuit : 2.78%  2021-12-21T10:50:00+0530
adx : 23.94  aroonosc : 64.29
-----------------------------------------------
10:52:32 : SCANNING : CERA
circuit : 3.93%  2021-12-21T10:50:00+0530
adx : 35.89  aroonosc : 28.57
-----------------------------------------------
10:52:32 : SCANNING : CESC
circuit : 1.4%  2021-12-21T10:50:00+0530
adx : 38.29  aroonosc : 78.57
-----------------------------------------------
10:52:33 : SCANNING : CGCL
circuit : -0.63%  2021-12-21T10:50:00+0530
adx : 21.04  aroonosc : -64.29
-----------------------------------------------
10:52:33 : SCANNING : CHALET
circuit : 0.18%  2021-12-21T10:50:00+0530
adx : 10.67  aroonosc : 78.57
-----------------------------------------------
10:52:33 : SCANNING : CHAMBLFERT
circuit : -0.05%  2021-12-21T10:50:00+0530
adx : 19.83  aroonosc : 35.71
-----------------------------------------------
10:52:34 : SCANNING : CHOLAFIN
circuit : 1.69%  2021-12-21T10:50:00+0530
adx : 35.35  aroonosc : 78.57
-----------------------------------------------
10:52:34 : SCANNING : CHOLAHLDNG
circuit : 1.21%  2021-12-21T10:50:00+0530
adx : 20.0  aroonosc : 100.0
-----------------------------------------------
10:52:34 : SCANNING : CIPLA
circuit : -0.48%  2021-12-21T10:50:00+0530
adx : 12.93  aroonosc : -50.0
-----------------------------------------------
10:52:35 : SCANNING : COALINDIA
circuit : 1.9%  2021-12-21T10:50:00+0530
adx : 42.49  aroonosc : 92.86
-----------------------------------------------
10:52:35 : SCANNING : COCHINSHIP
circuit : 1.21%  2021-12-21T10:50:00+0530
adx : 17.02  aroonosc : 14.29
-----------------------------------------------
10:52:35 : SCANNING : COFORGE
circuit : 1.98%  2021-12-21T10:50:00+0530
adx : 45.76  aroonosc : 14.29
-----------------------------------------------
10:52:36 : SCANNING : COLPAL
circuit : 1.89%  2021-12-21T10:50:00+0530
adx : 41.92  aroonosc : 100.0
-----------------------------------------------
10:52:36 : SCANNING : CONCOR
circuit : 0.52%  2021-12-21T10:50:00+0530
adx : 23.57  aroonosc : 42.86
-----------------------------------------------
10:52:36 : SCANNING : COROMANDEL
circuit : 0.41%  2021-12-21T10:50:00+0530
adx : 10.38  aroonosc : 100.0
-----------------------------------------------
10:52:37 : SCANNING : CREDITACC
circuit : -1.78%  2021-12-21T10:50:00+0530
adx : 10.93  aroonosc : 21.43
-----------------------------------------------
10:52:37 : SCANNING : CRISIL
circuit : 1.76%  2021-12-21T10:50:00+0530
adx : 32.99  aroonosc : 100.0
-----------------------------------------------
10:52:37 : SCANNING : CROMPTON
circuit : 0.49%  2021-12-21T10:50:00+0530
adx : 20.18  aroonosc : 35.71
-----------------------------------------------
10:52:38 : SCANNING : CSBBANK
circuit : 1.21%  2021-12-21T10:50:00+0530
adx : 16.83  aroonosc : 35.71
-----------------------------------------------
10:52:38 : SCANNING : CUB
circuit : 0.48%  2021-12-21T10:50:00+0530
adx : 26.38  aroonosc : 57.14
-----------------------------------------------
10:52:38 : SCANNING : CUMMINSIND
circuit : 1.0%  2021-12-21T10:50:00+0530
adx : 29.59  aroonosc : 35.71
-----------------------------------------------
Traceback (most recent call last):
  File "scanner.py", line 470, in <module>
    scanning()
  File "scanner.py", line 90, in scanning
    if(response['data']['candles'] and response["status"] == "success"):
KeyError: 'data'
