===================================================
10:58:02 : START
===================================================
10:58:02 : PROCESSING INSTRUMENTS SYMBOLS
-----------------------------------------------
10:58:02 : SCANNING : 3MINDIA
circuit : -0.18%  2021-12-21T10:55:00+0530
adx : 28.58  aroonosc : 42.86
-----------------------------------------------
10:58:02 : SCANNING : AARTIDRUGS
circuit : 0.57%  2021-12-21T10:55:00+0530
adx : 12.48  aroonosc : 50.0
-----------------------------------------------
10:58:03 : SCANNING : AARTIIND
circuit : 1.4%  2021-12-21T10:55:00+0530
adx : 38.33  aroonosc : 57.14
-----------------------------------------------
10:58:03 : SCANNING : AAVAS
circuit : 1.05%  2021-12-21T10:55:00+0530
adx : 55.14  aroonosc : 92.86
-----------------------------------------------
10:58:03 : SCANNING : ABB
circuit : 1.31%  2021-12-21T10:55:00+0530
adx : 19.03  aroonosc : 42.86
-----------------------------------------------
10:58:04 : SCANNING : ABBOTINDIA
circuit : -0.15%  2021-12-21T10:55:00+0530
adx : 30.17  aroonosc : 92.86
-----------------------------------------------
10:58:04 : SCANNING : ABCAPITAL
circuit : 2.77%  2021-12-21T10:55:00+0530
adx : 32.23  aroonosc : -28.57
-----------------------------------------------
10:58:05 : SCANNING : ABFRL
circuit : 3.01%  2021-12-21T10:55:00+0530
adx : 41.39  aroonosc : 21.43
-----------------------------------------------
10:58:05 : SCANNING : ACC
circuit : 1.53%  2021-12-21T10:55:00+0530
adx : 47.25  aroonosc : 100.0
-----------------------------------------------
10:58:06 : SCANNING : ADANIENT
circuit : 0.72%  2021-12-21T10:55:00+0530
adx : 41.07  aroonosc : 50.0
-----------------------------------------------
10:58:06 : SCANNING : ADANIGREEN
circuit : 0.07%  2021-12-21T10:55:00+0530
adx : 24.11  aroonosc : 14.29
-----------------------------------------------
10:58:07 : SCANNING : ADANIPORTS
circuit : -0.68%  2021-12-21T10:55:00+0530
adx : 19.83  aroonosc : -28.57
-----------------------------------------------
10:58:07 : SCANNING : ADVENZYMES
circuit : 1.53%  2021-12-21T10:55:00+0530
adx : 21.04  aroonosc : 50.0
-----------------------------------------------
10:58:07 : SCANNING : AEGISCHEM
circuit : -2.16%  2021-12-21T10:55:00+0530
adx : 39.22  aroonosc : 64.29
-----------------------------------------------
10:58:08 : SCANNING : AFFLE
circuit : 0.96%  2021-12-21T10:55:00+0530
adx : 14.39  aroonosc : -21.43
-----------------------------------------------
10:58:08 : SCANNING : AIAENG
circuit : -0.68%  2021-12-21T10:55:00+0530
adx : 14.26  aroonosc : -71.43
-----------------------------------------------
10:58:09 : SCANNING : AJANTPHARM
circuit : -0.61%  2021-12-21T10:55:00+0530
adx : 17.03  aroonosc : 71.43
-----------------------------------------------
10:58:09 : SCANNING : AKZOINDIA
circuit : -1.25%  2021-12-21T10:55:00+0530
adx : 34.9  aroonosc : -71.43
-----------------------------------------------
10:58:09 : SCANNING : ALEMBICLTD
circuit : -0.41%  2021-12-21T10:55:00+0530
adx : 12.84  aroonosc : -7.14
-----------------------------------------------
10:58:10 : SCANNING : ALKEM
circuit : 0.43%  2021-12-21T10:55:00+0530
adx : 10.79  aroonosc : -35.71
-----------------------------------------------
10:58:10 : SCANNING : ALKYLAMINE
circuit : -1.73%  2021-12-21T10:55:00+0530
adx : 47.27  aroonosc : -14.29
-----------------------------------------------
10:58:11 : SCANNING : ALOKINDS
circuit : 1.32%  2021-12-21T10:55:00+0530
adx : 39.1  aroonosc : 100.0
-----------------------------------------------
10:58:11 : SCANNING : AMARAJABAT
circuit : 0.48%  2021-12-21T10:55:00+0530
adx : 36.46  aroonosc : 78.57
-----------------------------------------------
10:58:11 : SCANNING : AMBER
circuit : 3.18%  2021-12-21T10:55:00+0530
adx : 41.62  aroonosc : 57.14
-----------------------------------------------
10:58:12 : SCANNING : AMBUJACEM
circuit : 2.59%  2021-12-21T10:55:00+0530
adx : 49.5  aroonosc : 100.0
-----------------------------------------------
10:58:12 : SCANNING : ANGELBRKG
circuit : 2.25%  2021-12-21T10:55:00+0530
adx : 39.23  aroonosc : 57.14
-----------------------------------------------
10:58:13 : SCANNING : APLAPOLLO
circuit : 2.85%  2021-12-21T10:55:00+0530
adx : 16.51  aroonosc : 71.43
-----------------------------------------------
10:58:13 : SCANNING : APLLTD
circuit : -1.43%  2021-12-21T10:55:00+0530
adx : 44.6  aroonosc : -92.86
-----------------------------------------------
10:58:14 : SCANNING : APOLLOHOSP
circuit : -0.56%  2021-12-21T10:55:00+0530
adx : 29.58  aroonosc : 35.71
-----------------------------------------------
10:58:14 : SCANNING : APOLLOTYRE
circuit : 0.25%  2021-12-21T10:55:00+0530
adx : 19.55  aroonosc : 57.14
-----------------------------------------------
10:58:14 : SCANNING : ASAHIINDIA
circuit : -1.06%  2021-12-21T10:55:00+0530
adx : 31.75  aroonosc : -35.71
-----------------------------------------------
10:58:15 : SCANNING : ASHOKA
circuit : 0.33%  2021-12-21T10:55:00+0530
adx : 17.91  aroonosc : -42.86
-----------------------------------------------
10:58:15 : SCANNING : ASHOKLEY
circuit : 2.17%  2021-12-21T10:55:00+0530
adx : 45.56  aroonosc : 71.43
-----------------------------------------------
10:58:16 : SCANNING : ASIANPAINT
circuit : 1.03%  2021-12-21T10:55:00+0530
adx : 42.37  aroonosc : 92.86
-----------------------------------------------
10:58:16 : SCANNING : ASTERDM
circuit : -0.17%  2021-12-21T10:55:00+0530
adx : 39.57  aroonosc : 92.86
-----------------------------------------------
10:58:17 : SCANNING : ASTRAL
circuit : -1.83%  2021-12-21T10:55:00+0530
adx : 16.88  aroonosc : -7.14
-----------------------------------------------
10:58:17 : SCANNING : ASTRAZEN
circuit : -0.67%  2021-12-21T10:55:00+0530
adx : 26.42  aroonosc : -42.86
-----------------------------------------------
10:58:18 : SCANNING : ATUL
circuit : 0.35%  2021-12-21T10:55:00+0530
adx : 22.51  aroonosc : 35.71
-----------------------------------------------
10:58:18 : SCANNING : AUBANK
circuit : 3.93%  2021-12-21T10:55:00+0530
adx : 51.7  aroonosc : 64.29
-----------------------------------------------
10:58:19 : SCANNING : AUROPHARMA
circuit : -0.43%  2021-12-21T10:55:00+0530
adx : 24.73  aroonosc : 57.14
-----------------------------------------------
10:58:19 : SCANNING : AVANTIFEED
circuit : -1.04%  2021-12-21T10:55:00+0530
adx : 40.43  aroonosc : 7.14
-----------------------------------------------
10:58:20 : SCANNING : AXISBANK
circuit : -1.02%  2021-12-21T10:55:00+0530
adx : 19.74  aroonosc : 14.29
-----------------------------------------------
10:58:20 : SCANNING : BAJAJ-AUTO
circuit : 0.87%  2021-12-21T10:55:00+0530
adx : 45.62  aroonosc : 42.86
-----------------------------------------------
10:58:20 : SCANNING : BAJAJCON
circuit : 0.05%  2021-12-21T10:55:00+0530
adx : 20.41  aroonosc : 7.14
-----------------------------------------------
10:58:21 : SCANNING : BAJAJELEC
circuit : -0.75%  2021-12-21T10:55:00+0530
adx : 20.08  aroonosc : -71.43
-----------------------------------------------
10:58:21 : SCANNING : BAJAJFINSV
circuit : -0.93%  2021-12-21T10:55:00+0530
adx : 40.66  aroonosc : 57.14
-----------------------------------------------
10:58:22 : SCANNING : BAJAJHLDNG
circuit : -0.02%  2021-12-21T10:55:00+0530
adx : 14.33  aroonosc : -21.43
-----------------------------------------------
10:58:22 : SCANNING : BAJFINANCE
circuit : -0.09%  2021-12-21T10:55:00+0530
adx : 30.52  aroonosc : 50.0
-----------------------------------------------
10:58:23 : SCANNING : BALAMINES
circuit : 0.25%  2021-12-21T10:55:00+0530
adx : 11.13  aroonosc : 71.43
-----------------------------------------------
10:58:23 : SCANNING : BALKRISIND
circuit : -0.87%  2021-12-21T10:55:00+0530
adx : 14.95  aroonosc : 42.86
-----------------------------------------------
10:58:24 : SCANNING : BALMLAWRIE
circuit : 1.37%  2021-12-21T10:55:00+0530
adx : 31.67  aroonosc : 85.71
-----------------------------------------------
10:58:24 : SCANNING : BALRAMCHIN
circuit : 2.06%  2021-12-21T10:55:00+0530
adx : 44.22  aroonosc : 35.71
-----------------------------------------------
10:58:24 : SCANNING : BANDHANBNK
circuit : 0.2%  2021-12-21T10:55:00+0530
adx : 22.97  aroonosc : -21.43
-----------------------------------------------
10:58:25 : SCANNING : BANKBARODA
circuit : 0.74%  2021-12-21T10:55:00+0530
adx : 13.57  aroonosc : -28.57
-----------------------------------------------
10:58:25 : SCANNING : BANKINDIA
circuit : 1.29%  2021-12-21T10:55:00+0530
adx : 46.25  aroonosc : 57.14
-----------------------------------------------
10:58:26 : SCANNING : BASF
circuit : 0.53%  2021-12-21T10:55:00+0530
adx : 35.12  aroonosc : -71.43
-----------------------------------------------
10:58:27 : SCANNING : BATAINDIA
circuit : 1.08%  2021-12-21T10:55:00+0530
adx : 21.72  aroonosc : -57.14
-----------------------------------------------
10:58:27 : SCANNING : BAYERCROP
circuit : -1.98%  2021-12-21T10:55:00+0530
adx : 20.36  aroonosc : -100.0
-----------------------------------------------
10:58:27 : SCANNING : BBTC
circuit : 0.22%  2021-12-21T10:55:00+0530
adx : 22.54  aroonosc : 35.71
-----------------------------------------------
10:58:28 : SCANNING : BDL
circuit : 1.85%  2021-12-21T10:55:00+0530
adx : 33.92  aroonosc : 21.43
-----------------------------------------------
10:58:28 : SCANNING : BEL
circuit : 1.51%  2021-12-21T10:55:00+0530
adx : 36.31  aroonosc : -28.57
-----------------------------------------------
10:58:29 : SCANNING : BEML
circuit : 1.74%  2021-12-21T10:55:00+0530
adx : 41.09  aroonosc : -100.0
-----------------------------------------------
10:58:29 : SCANNING : BERGEPAINT
circuit : 0.59%  2021-12-21T10:55:00+0530
adx : 36.96  aroonosc : 57.14
-----------------------------------------------
10:58:30 : SCANNING : BHARATFORG
circuit : 1.03%  2021-12-21T10:55:00+0530
adx : 23.41  aroonosc : 64.29
-----------------------------------------------
10:58:30 : SCANNING : BHARATRAS
circuit : 2.12%  2021-12-21T10:55:00+0530
adx : 40.82  aroonosc : -7.14
-----------------------------------------------
10:58:31 : SCANNING : BHARTIARTL
circuit : 0.21%  2021-12-21T10:55:00+0530
adx : 32.22  aroonosc : -57.14
-----------------------------------------------
10:58:31 : SCANNING : BHEL
circuit : 0.61%  2021-12-21T10:55:00+0530
adx : 18.02  aroonosc : 42.86
-----------------------------------------------
10:58:31 : SCANNING : BIOCON
circuit : 0.61%  2021-12-21T10:55:00+0530
adx : 10.67  aroonosc : 64.29
-----------------------------------------------
10:58:32 : SCANNING : BIRLACORPN
circuit : 3.1%  2021-12-21T10:55:00+0530
adx : 22.01  aroonosc : 35.71
-----------------------------------------------
10:58:32 : SCANNING : BLISSGVS
circuit : 1.26%  2021-12-21T10:55:00+0530
adx : 24.49  aroonosc : 71.43
-----------------------------------------------
10:58:33 : SCANNING : BLUEDART
circuit : 1.05%  2021-12-21T10:55:00+0530
adx : 34.31  aroonosc : -71.43
-----------------------------------------------
10:58:33 : SCANNING : BLUESTARCO
circuit : -1.35%  2021-12-21T10:55:00+0530
adx : 22.57  aroonosc : 42.86
-----------------------------------------------
10:58:34 : SCANNING : BOSCHLTD
circuit : 3.42%  2021-12-21T10:55:00+0530
adx : 57.02  aroonosc : 21.43
-----------------------------------------------
10:58:34 : SCANNING : BPCL
circuit : -0.43%  2021-12-21T10:55:00+0530
adx : 22.32  aroonosc : 92.86
-----------------------------------------------
10:58:35 : SCANNING : BRIGADE
circuit : 3.2%  2021-12-21T10:55:00+0530
adx : 33.26  aroonosc : 42.86
-----------------------------------------------
10:58:35 : SCANNING : BRITANNIA
circuit : 1.51%  2021-12-21T10:55:00+0530
adx : 34.87  aroonosc : 100.0
-----------------------------------------------
10:58:36 : SCANNING : BSE
circuit : -1.2%  2021-12-21T10:55:00+0530
adx : 12.36  aroonosc : -71.43
-----------------------------------------------
10:58:36 : SCANNING : BSOFT
circuit : -0.31%  2021-12-21T10:55:00+0530
adx : 32.41  aroonosc : 64.29
-----------------------------------------------
10:58:36 : SCANNING : BURGERKING
circuit : 0.87%  2021-12-21T10:55:00+0530
adx : 24.77  aroonosc : -85.71
-----------------------------------------------
10:58:37 : SCANNING : CADILAHC
circuit : 1.14%  2021-12-21T10:55:00+0530
adx : 42.7  aroonosc : 85.71
-----------------------------------------------
10:58:37 : SCANNING : CAMS
circuit : -0.2%  2021-12-21T10:55:00+0530
adx : 22.69  aroonosc : -100.0
-----------------------------------------------
10:58:38 : SCANNING : CANBK
-----------------------------------------------
10:58:38 : SCANNING : CANFINHOME
circuit : 0.47%  2021-12-21T10:55:00+0530
adx : 23.17  aroonosc : 64.29
-----------------------------------------------
10:58:39 : SCANNING : CAPLIPOINT
circuit : 0.77%  2021-12-21T10:55:00+0530
adx : 25.3  aroonosc : -28.57
-----------------------------------------------
10:58:39 : SCANNING : CARBORUNIV
circuit : 1.62%  2021-12-21T10:55:00+0530
adx : 14.26  aroonosc : 57.14
-----------------------------------------------
10:58:40 : SCANNING : CASTROLIND
circuit : -0.9%  2021-12-21T10:55:00+0530
adx : 14.81  aroonosc : 14.29
-----------------------------------------------
10:58:40 : SCANNING : CCL
circuit : 2.12%  2021-12-21T10:55:00+0530
adx : 41.45  aroonosc : 78.57
-----------------------------------------------
10:58:40 : SCANNING : CEATLTD
circuit : 0.38%  2021-12-21T10:55:00+0530
adx : 13.08  aroonosc : 78.57
-----------------------------------------------
10:58:41 : SCANNING : CENTRALBK
circuit : 1.18%  2021-12-21T10:55:00+0530
adx : 33.82  aroonosc : -21.43
-----------------------------------------------
10:58:41 : SCANNING : CENTURYPLY
circuit : 1.44%  2021-12-21T10:55:00+0530
adx : 11.86  aroonosc : 71.43
-----------------------------------------------
10:58:42 : SCANNING : CENTURYTEX
circuit : 2.92%  2021-12-21T10:55:00+0530
adx : 24.32  aroonosc : 57.14
-----------------------------------------------
10:58:42 : SCANNING : CERA
circuit : 3.83%  2021-12-21T10:55:00+0530
adx : 35.64  aroonosc : 28.57
-----------------------------------------------
10:58:42 : SCANNING : CESC
circuit : 1.58%  2021-12-21T10:55:00+0530
adx : 38.4  aroonosc : 71.43
-----------------------------------------------
10:58:43 : SCANNING : CGCL
circuit : -0.35%  2021-12-21T10:55:00+0530
adx : 20.38  aroonosc : -64.29
-----------------------------------------------
10:58:43 : SCANNING : CHALET
circuit : 0.2%  2021-12-21T10:55:00+0530
adx : 10.64  aroonosc : 71.43
-----------------------------------------------
10:58:44 : SCANNING : CHAMBLFERT
circuit : -0.22%  2021-12-21T10:55:00+0530
adx : 19.4  aroonosc : -50.0
-----------------------------------------------
10:58:44 : SCANNING : CHOLAFIN
circuit : 1.98%  2021-12-21T10:55:00+0530
adx : 35.81  aroonosc : 64.29
-----------------------------------------------
10:58:44 : SCANNING : CHOLAHLDNG
circuit : 1.06%  2021-12-21T10:55:00+0530
adx : 20.97  aroonosc : 100.0
-----------------------------------------------
10:58:45 : SCANNING : CIPLA
circuit : -0.5%  2021-12-21T10:55:00+0530
adx : 12.04  aroonosc : -57.14
-----------------------------------------------
10:58:45 : SCANNING : COALINDIA
circuit : 1.94%  2021-12-21T10:55:00+0530
adx : 42.98  aroonosc : 85.71
-----------------------------------------------
10:58:46 : SCANNING : COCHINSHIP
circuit : 1.21%  2021-12-21T10:55:00+0530
adx : 15.87  aroonosc : 7.14
-----------------------------------------------
10:58:46 : SCANNING : COFORGE
circuit : 1.9%  2021-12-21T10:55:00+0530
adx : 46.0  aroonosc : 7.14
-----------------------------------------------
10:58:47 : SCANNING : COLPAL
circuit : 1.86%  2021-12-21T10:55:00+0530
adx : 42.61  aroonosc : 92.86
-----------------------------------------------
10:58:47 : SCANNING : CONCOR
circuit : -0.05%  2021-12-21T10:55:00+0530
adx : 19.9  aroonosc : 42.86
-----------------------------------------------
10:58:47 : SCANNING : COROMANDEL
circuit : 0.21%  2021-12-21T10:55:00+0530
adx : 10.39  aroonosc : 92.86
-----------------------------------------------
10:58:48 : SCANNING : CREDITACC
circuit : -1.91%  2021-12-21T10:55:00+0530
adx : 10.34  aroonosc : -64.29
-----------------------------------------------
10:58:48 : SCANNING : CRISIL
circuit : 1.87%  2021-12-21T10:55:00+0530
adx : 33.45  aroonosc : 92.86
-----------------------------------------------
10:58:48 : SCANNING : CROMPTON
circuit : 0.34%  2021-12-21T10:55:00+0530
adx : 18.36  aroonosc : 35.71
-----------------------------------------------
10:58:49 : SCANNING : CSBBANK
circuit : 0.93%  2021-12-21T10:55:00+0530
adx : 15.6  aroonosc : 35.71
-----------------------------------------------
10:58:49 : SCANNING : CUB
circuit : 0.63%  2021-12-21T10:55:00+0530
adx : 25.75  aroonosc : 14.29
-----------------------------------------------
10:58:50 : SCANNING : CUMMINSIND
circuit : 1.08%  2021-12-21T10:55:00+0530
adx : 29.43  aroonosc : -7.14
-----------------------------------------------
10:58:50 : SCANNING : CYIENT
circuit : 0.05%  2021-12-21T10:55:00+0530
adx : 15.45  aroonosc : 14.29
-----------------------------------------------
10:58:50 : SCANNING : DABUR
circuit : 0.93%  2021-12-21T10:55:00+0530
adx : 50.79  aroonosc : 100.0
-----------------------------------------------
10:58:50 : SCANNING : DALBHARAT
circuit : 4.91%  2021-12-21T10:55:00+0530
adx : 52.6  aroonosc : 85.71
-----------------------------------------------
10:58:51 : SCANNING : DBL
circuit : -0.79%  2021-12-21T10:55:00+0530
adx : 46.75  aroonosc : 50.0
-----------------------------------------------
10:58:51 : SCANNING : DCAL
circuit : 2.0%  2021-12-21T10:55:00+0530
adx : 26.51  aroonosc : 57.14
-----------------------------------------------
10:58:52 : SCANNING : DCBBANK
circuit : 2.43%  2021-12-21T10:55:00+0530
adx : 36.53  aroonosc : 78.57
-----------------------------------------------
10:58:52 : SCANNING : DCMSHRIRAM
circuit : 0.99%  2021-12-21T10:55:00+0530
adx : 15.69  aroonosc : 35.71
-----------------------------------------------
10:58:53 : SCANNING : DEEPAKNTR
circuit : 2.42%  2021-12-21T10:55:00+0530
adx : 41.91  aroonosc : 71.43
-----------------------------------------------
10:58:53 : SCANNING : DELTACORP
circuit : 1.0%  2021-12-21T10:55:00+0530
adx : 26.07  aroonosc : 85.71
-----------------------------------------------
10:58:54 : SCANNING : DHANI
circuit : 3.65%  2021-12-21T10:55:00+0530
adx : 32.14  aroonosc : 71.43
-----------------------------------------------
10:58:54 : SCANNING : DHANUKA
circuit : -0.27%  2021-12-21T10:55:00+0530
adx : 14.01  aroonosc : 71.43
-----------------------------------------------
10:58:54 : SCANNING : DISHTV
circuit : 2.99%  2021-12-21T10:55:00+0530
adx : 37.88  aroonosc : 100.0
-----------------------------------------------
10:58:55 : SCANNING : DIVISLAB
circuit : -1.05%  2021-12-21T10:55:00+0530
adx : 19.98  aroonosc : -64.29
-----------------------------------------------
10:58:55 : SCANNING : DIXON
circuit : 2.27%  2021-12-21T10:55:00+0530
adx : 45.67  aroonosc : 92.86
-----------------------------------------------
10:58:56 : SCANNING : DLF
circuit : 1.32%  2021-12-21T10:55:00+0530
adx : 45.49  aroonosc : 100.0
-----------------------------------------------
10:58:56 : SCANNING : DMART
circuit : 0.39%  2021-12-21T10:55:00+0530
adx : 12.59  aroonosc : -7.14
-----------------------------------------------
10:58:57 : SCANNING : DRREDDY
circuit : 1.05%  2021-12-21T10:55:00+0530
adx : 30.52  aroonosc : 92.86
-----------------------------------------------
10:58:57 : SCANNING : ECLERX
circuit : 0.77%  2021-12-21T10:55:00+0530
adx : 15.49  aroonosc : -71.43
-----------------------------------------------
10:58:58 : SCANNING : EDELWEISS
circuit : 0.44%  2021-12-21T10:55:00+0530
adx : 12.3  aroonosc : -28.57
-----------------------------------------------
10:58:58 : SCANNING : EICHERMOT
circuit : 0.23%  2021-12-21T10:55:00+0530
adx : 37.35  aroonosc : 85.71
-----------------------------------------------
10:58:58 : SCANNING : EIDPARRY
circuit : 1.25%  2021-12-21T10:55:00+0530
adx : 24.57  aroonosc : 57.14
-----------------------------------------------
10:58:59 : SCANNING : EIHOTEL
circuit : 1.54%  2021-12-21T10:55:00+0530
adx : 10.39  aroonosc : 14.29
-----------------------------------------------
10:58:59 : SCANNING : ELGIEQUIP
circuit : 0.09%  2021-12-21T10:55:00+0530
adx : 32.17  aroonosc : -85.71
-----------------------------------------------
10:59:00 : SCANNING : EMAMILTD
circuit : -0.82%  2021-12-21T10:55:00+0530
adx : 29.61  aroonosc : 71.43
-----------------------------------------------
10:59:00 : SCANNING : ENDURANCE
circuit : 0.1%  2021-12-21T10:55:00+0530
adx : 20.62  aroonosc : -21.43
-----------------------------------------------
10:59:01 : SCANNING : ENGINERSIN
circuit : 0.22%  2021-12-21T10:55:00+0530
adx : 14.21  aroonosc : 7.14
-----------------------------------------------
10:59:01 : SCANNING : EPL
circuit : 1.51%  2021-12-21T10:55:00+0530
adx : 38.08  aroonosc : 100.0
-----------------------------------------------
10:59:02 : SCANNING : EQUITAS
circuit : -1.27%  2021-12-21T10:55:00+0530
adx : 23.77  aroonosc : -64.29
-----------------------------------------------
10:59:02 : SCANNING : ERIS
circuit : 0.25%  2021-12-21T10:55:00+0530
adx : 19.59  aroonosc : 92.86
-----------------------------------------------
10:59:02 : SCANNING : ESCORTS
circuit : 0.52%  2021-12-21T10:55:00+0530
adx : 20.53  aroonosc : 7.14
-----------------------------------------------
10:59:03 : SCANNING : EXIDEIND
circuit : 0.25%  2021-12-21T10:55:00+0530
adx : 39.42  aroonosc : -85.71
-----------------------------------------------
10:59:03 : SCANNING : FCONSUMER
circuit : -8.28%  2021-12-21T10:55:00+0530
adx : 31.57  aroonosc : 35.71
-----------------------------------------------
10:59:04 : SCANNING : FDC
circuit : 0.36%  2021-12-21T10:55:00+0530
adx : 14.57  aroonosc : 14.29
-----------------------------------------------
10:59:04 : SCANNING : FEDERALBNK
circuit : -0.55%  2021-12-21T10:55:00+0530
adx : 22.49  aroonosc : 71.43
-----------------------------------------------
10:59:05 : SCANNING : FINCABLES
circuit : 1.34%  2021-12-21T10:55:00+0530
adx : 13.76  aroonosc : 50.0
-----------------------------------------------
10:59:05 : SCANNING : FINEORG
circuit : 1.86%  2021-12-21T10:55:00+0530
adx : 23.37  aroonosc : 100.0
-----------------------------------------------
10:59:06 : SCANNING : FINPIPE
circuit : 3.79%  2021-12-21T10:55:00+0530
adx : 37.71  aroonosc : 100.0
-----------------------------------------------
10:59:06 : SCANNING : FLUOROCHEM
circuit : 3.76%  2021-12-21T10:55:00+0530
adx : 31.31  aroonosc : -35.71
-----------------------------------------------
10:59:06 : SCANNING : FORTIS
circuit : 3.52%  2021-12-21T10:55:00+0530
adx : 43.85  aroonosc : 71.43
-----------------------------------------------
10:59:07 : SCANNING : FRETAIL
circuit : -9.52%  2021-12-21T10:55:00+0530
adx : 30.66  aroonosc : 42.86
-----------------------------------------------
10:59:07 : SCANNING : FSL
circuit : 1.03%  2021-12-21T10:55:00+0530
adx : 14.81  aroonosc : -35.71
-----------------------------------------------
10:59:07 : SCANNING : GAEL
circuit : 1.57%  2021-12-21T10:55:00+0530
adx : 17.29  aroonosc : 57.14
-----------------------------------------------
10:59:08 : SCANNING : GAIL
circuit : 0.91%  2021-12-21T10:55:00+0530
adx : 36.31  aroonosc : 57.14
-----------------------------------------------
10:59:08 : SCANNING : GALAXYSURF
circuit : -0.64%  2021-12-21T10:55:00+0530
adx : 34.37  aroonosc : -85.71
-----------------------------------------------
10:59:08 : SCANNING : GARFIBRES
circuit : -0.27%  2021-12-21T10:55:00+0530
adx : 28.25  aroonosc : -78.57
-----------------------------------------------
10:59:09 : SCANNING : GEPIL
circuit : 1.71%  2021-12-21T10:55:00+0530
adx : 13.1  aroonosc : 78.57
-----------------------------------------------
10:59:09 : SCANNING : GESHIP
circuit : 1.22%  2021-12-21T10:55:00+0530
adx : 27.15  aroonosc : 14.29
-----------------------------------------------
10:59:09 : SCANNING : GICRE
circuit : 1.12%  2021-12-21T10:55:00+0530
adx : 13.68  aroonosc : 21.43
-----------------------------------------------
10:59:10 : SCANNING : GILLETTE
circuit : 1.14%  2021-12-21T10:55:00+0530
adx : 25.34  aroonosc : 71.43
-----------------------------------------------
10:59:10 : SCANNING : GLAND
circuit : 1.14%  2021-12-21T10:55:00+0530
adx : 17.17  aroonosc : 92.86
-----------------------------------------------
10:59:11 : SCANNING : GLAXO
circuit : 1.93%  2021-12-21T10:55:00+0530
adx : 43.46  aroonosc : 57.14
-----------------------------------------------
10:59:11 : SCANNING : GLENMARK
circuit : -0.5%  2021-12-21T10:55:00+0530
adx : 16.26  aroonosc : 7.14
-----------------------------------------------
10:59:12 : SCANNING : GMMPFAUDLR
circuit : 2.75%  2021-12-21T10:55:00+0530
adx : 53.51  aroonosc : 92.86
-----------------------------------------------
10:59:12 : SCANNING : GMRINFRA
circuit : 0.88%  2021-12-21T10:55:00+0530
adx : 30.06  aroonosc : 57.14
-----------------------------------------------
10:59:12 : SCANNING : GNFC
circuit : 1.57%  2021-12-21T10:55:00+0530
adx : 29.38  aroonosc : 14.29
-----------------------------------------------
10:59:13 : SCANNING : GODFRYPHLP
circuit : 0.04%  2021-12-21T10:55:00+0530
adx : 11.92  aroonosc : -85.71
-----------------------------------------------
10:59:13 : SCANNING : GODREJAGRO
circuit : -0.76%  2021-12-21T10:55:00+0530
adx : 24.74  aroonosc : 21.43
-----------------------------------------------
10:59:14 : SCANNING : GODREJCP
circuit : 4.66%  2021-12-21T10:55:00+0530
adx : 51.15  aroonosc : 85.71
-----------------------------------------------
10:59:14 : SCANNING : GODREJIND
circuit : 2.45%  2021-12-21T10:55:00+0530
adx : 43.31  aroonosc : 7.14
-----------------------------------------------
10:59:14 : SCANNING : GODREJPROP
circuit : 1.06%  2021-12-21T10:55:00+0530
adx : 20.29  aroonosc : 28.57
-----------------------------------------------
10:59:15 : SCANNING : GPPL
circuit : 0.26%  2021-12-21T10:55:00+0530
adx : 34.46  aroonosc : 57.14
-----------------------------------------------
10:59:15 : SCANNING : GRANULES
circuit : -0.39%  2021-12-21T10:55:00+0530
adx : 8.16  aroonosc : -7.14
-----------------------------------------------
10:59:15 : SCANNING : GRAPHITE
circuit : 0.26%  2021-12-21T10:55:00+0530
adx : 26.94  aroonosc : -64.29
-----------------------------------------------
10:59:16 : SCANNING : GRASIM
circuit : 2.22%  2021-12-21T10:55:00+0530
adx : 54.01  aroonosc : 42.86
-----------------------------------------------
10:59:16 : SCANNING : GREAVESCOT
circuit : 1.26%  2021-12-21T10:55:00+0530
adx : 32.36  aroonosc : 64.29
-----------------------------------------------
10:59:16 : SCANNING : GRINDWELL
circuit : -0.05%  2021-12-21T10:55:00+0530
adx : 36.75  aroonosc : -42.86
-----------------------------------------------
10:59:17 : SCANNING : GRSE
circuit : 2.75%  2021-12-21T10:55:00+0530
adx : 20.47  aroonosc : 50.0
-----------------------------------------------
10:59:17 : SCANNING : GSFC
circuit : 0.91%  2021-12-21T10:55:00+0530
adx : 14.71  aroonosc : -21.43
-----------------------------------------------
10:59:18 : SCANNING : GSPL
circuit : 0.77%  2021-12-21T10:55:00+0530
adx : 23.75  aroonosc : 78.57
-----------------------------------------------
10:59:18 : SCANNING : GUJALKALI
circuit : -0.09%  2021-12-21T10:55:00+0530
adx : 32.78  aroonosc : -78.57
-----------------------------------------------
10:59:18 : SCANNING : GUJGASLTD
circuit : 1.57%  2021-12-21T10:55:00+0530
adx : 53.42  aroonosc : 42.86
-----------------------------------------------
10:59:19 : SCANNING : GULFOILLUB
circuit : 0.06%  2021-12-21T10:55:00+0530
adx : 22.49  aroonosc : 28.57
-----------------------------------------------
10:59:19 : SCANNING : HAL
circuit : 0.2%  2021-12-21T10:55:00+0530
adx : 29.54  aroonosc : 7.14
-----------------------------------------------
10:59:19 : SCANNING : HATSUN
circuit : -2.0%  2021-12-21T10:55:00+0530
adx : 17.26  aroonosc : -71.43
-----------------------------------------------
10:59:20 : SCANNING : HAVELLS
circuit : 3.09%  2021-12-21T10:55:00+0530
adx : 37.54  aroonosc : 35.71
-----------------------------------------------
10:59:20 : SCANNING : HCLTECH
circuit : 3.25%  2021-12-21T10:55:00+0530
adx : 62.34  aroonosc : 35.71
-----------------------------------------------
10:59:21 : SCANNING : HDFC
circuit : -0.53%  2021-12-21T10:55:00+0530
adx : 48.89  aroonosc : 71.43
-----------------------------------------------
10:59:21 : SCANNING : HDFCAMC
circuit : 0.47%  2021-12-21T10:55:00+0530
adx : 29.31  aroonosc : 71.43
-----------------------------------------------
10:59:21 : SCANNING : HDFCBANK
circuit : 0.44%  2021-12-21T10:55:00+0530
adx : 19.42  aroonosc : 71.43
-----------------------------------------------
10:59:22 : SCANNING : HDFCLIFE
circuit : 0.22%  2021-12-21T10:55:00+0530
adx : 31.2  aroonosc : 100.0
-----------------------------------------------
10:59:22 : SCANNING : HEG
circuit : -0.33%  2021-12-21T10:55:00+0530
adx : 12.3  aroonosc : 50.0
-----------------------------------------------
10:59:22 : SCANNING : HEIDELBERG
circuit : 0.28%  2021-12-21T10:55:00+0530
adx : 19.73  aroonosc : -28.57
-----------------------------------------------
10:59:23 : SCANNING : HEMIPROP
circuit : 1.6%  2021-12-21T10:55:00+0530
adx : 25.23  aroonosc : -21.43
-----------------------------------------------
10:59:23 : SCANNING : HEROMOTOCO
circuit : -1.32%  2021-12-21T10:55:00+0530
adx : 36.17  aroonosc : 21.43
-----------------------------------------------
10:59:24 : SCANNING : HINDALCO
circuit : 2.01%  2021-12-21T10:55:00+0530
adx : 58.51  aroonosc : 85.71
-----------------------------------------------
10:59:24 : SCANNING : HINDCOPPER
circuit : 1.01%  2021-12-21T10:55:00+0530
adx : 37.75  aroonosc : 14.29
-----------------------------------------------
10:59:24 : SCANNING : HINDPETRO
circuit : 1.01%  2021-12-21T10:55:00+0530
adx : 20.87  aroonosc : 71.43
-----------------------------------------------
10:59:25 : SCANNING : HINDUNILVR
circuit : 0.19%  2021-12-21T10:55:00+0530
adx : 33.19  aroonosc : 57.14
-----------------------------------------------
10:59:25 : SCANNING : HINDZINC
circuit : 1.84%  2021-12-21T10:55:00+0530
adx : 28.43  aroonosc : 64.29
-----------------------------------------------
10:59:26 : SCANNING : HONAUT
circuit : -0.29%  2021-12-21T10:55:00+0530
adx : 16.0  aroonosc : -57.14
-----------------------------------------------
10:59:26 : SCANNING : HSCL
circuit : 1.53%  2021-12-21T10:55:00+0530
adx : 45.66  aroonosc : 14.29
-----------------------------------------------
10:59:26 : SCANNING : HUDCO
circuit : 0.26%  2021-12-21T10:55:00+0530
adx : 20.17  aroonosc : -78.57
-----------------------------------------------
10:59:27 : SCANNING : HUHTAMAKI
circuit : 1.29%  2021-12-21T10:55:00+0530
adx : 15.11  aroonosc : 57.14
-----------------------------------------------
10:59:27 : SCANNING : IBREALEST
circuit : 3.24%  2021-12-21T10:55:00+0530
adx : 45.28  aroonosc : 50.0
-----------------------------------------------
10:59:28 : SCANNING : IBULHSGFIN
circuit : 0.5%  2021-12-21T10:55:00+0530
adx : 25.23  aroonosc : -100.0
-----------------------------------------------
10:59:28 : SCANNING : ICICIBANK
circuit : 0.69%  2021-12-21T10:55:00+0530
adx : 46.2  aroonosc : 64.29
-----------------------------------------------
10:59:28 : SCANNING : ICICIGI
circuit : 1.85%  2021-12-21T10:55:00+0530
adx : 41.4  aroonosc : 92.86
-----------------------------------------------
10:59:29 : SCANNING : ICICIPRULI
circuit : 2.29%  2021-12-21T10:55:00+0530
adx : 44.62  aroonosc : 78.57
-----------------------------------------------
10:59:29 : SCANNING : ICIL
circuit : -1.57%  2021-12-21T10:55:00+0530
adx : 18.39  aroonosc : 50.0
-----------------------------------------------
10:59:29 : SCANNING : IDBI
circuit : 2.74%  2021-12-21T10:55:00+0530
adx : 48.16  aroonosc : 21.43
-----------------------------------------------
10:59:30 : SCANNING : IDEA
circuit : 4.69%  2021-12-21T10:55:00+0530
adx : 46.49  aroonosc : 71.43
-----------------------------------------------
10:59:30 : SCANNING : IDFC
circuit : 1.79%  2021-12-21T10:55:00+0530
adx : 42.15  aroonosc : 71.43
-----------------------------------------------
10:59:31 : SCANNING : IDFCFIRSTB
circuit : 0.22%  2021-12-21T10:55:00+0530
adx : 10.61  aroonosc : -7.14
-----------------------------------------------
10:59:31 : SCANNING : IEX
circuit : 1.73%  2021-12-21T10:55:00+0530
adx : 35.98  aroonosc : 57.14
-----------------------------------------------
10:59:31 : SCANNING : IFBIND
circuit : 0.32%  2021-12-21T10:55:00+0530
adx : 27.31  aroonosc : -71.43
-----------------------------------------------
10:59:32 : SCANNING : IGL
circuit : 0.98%  2021-12-21T10:55:00+0530
adx : 38.67  aroonosc : 85.71
-----------------------------------------------
10:59:32 : SCANNING : IIFL
circuit : 0.18%  2021-12-21T10:55:00+0530
adx : 21.66  aroonosc : 14.29
-----------------------------------------------
10:59:33 : SCANNING : IIFLWAM
circuit : -2.38%  2021-12-21T10:55:00+0530
adx : 25.78  aroonosc : -85.71
-----------------------------------------------
10:59:33 : SCANNING : INDHOTEL
circuit : -0.82%  2021-12-21T10:55:00+0530
adx : 11.42  aroonosc : 71.43
-----------------------------------------------
10:59:33 : SCANNING : INDIACEM
circuit : 1.13%  2021-12-21T10:55:00+0530
adx : 36.13  aroonosc : 85.71
-----------------------------------------------
10:59:34 : SCANNING : INDIAMART
circuit : 0.11%  2021-12-21T10:55:00+0530
adx : 10.14  aroonosc : -64.29
-----------------------------------------------
10:59:34 : SCANNING : INDIANB
circuit : 1.04%  2021-12-21T10:55:00+0530
adx : 31.87  aroonosc : 14.29
-----------------------------------------------
10:59:35 : SCANNING : INDIGO
circuit : 0.89%  2021-12-21T10:55:00+0530
adx : 24.13  aroonosc : 100.0
-----------------------------------------------
10:59:35 : SCANNING : INDOCO
circuit : 1.16%  2021-12-21T10:55:00+0530
adx : 24.96  aroonosc : 71.43
-----------------------------------------------
10:59:36 : SCANNING : INDUSINDBK
circuit : 0.55%  2021-12-21T10:55:00+0530
adx : 27.13  aroonosc : -14.29
-----------------------------------------------
10:59:36 : SCANNING : INDUSTOWER
circuit : 4.0%  2021-12-21T10:55:00+0530
adx : 43.63  aroonosc : 100.0
-----------------------------------------------
10:59:36 : SCANNING : INFIBEAM
circuit : 1.41%  2021-12-21T10:55:00+0530
adx : 36.12  aroonosc : -14.29
-----------------------------------------------
10:59:37 : SCANNING : INFY
circuit : 1.53%  2021-12-21T10:55:00+0530
adx : 37.19  aroonosc : 64.29
-----------------------------------------------
10:59:37 : SCANNING : INGERRAND
circuit : 0.83%  2021-12-21T10:55:00+0530
adx : 17.45  aroonosc : -57.14
-----------------------------------------------
10:59:38 : SCANNING : INOXLEISUR
circuit : 3.69%  2021-12-21T10:55:00+0530
adx : 50.79  aroonosc : 71.43
-----------------------------------------------
10:59:38 : SCANNING : INTELLECT
circuit : 0.73%  2021-12-21T10:55:00+0530
adx : 21.83  aroonosc : 14.29
-----------------------------------------------
10:59:38 : SCANNING : IOB
circuit : 1.24%  2021-12-21T10:55:00+0530
adx : 35.51  aroonosc : -35.71
-----------------------------------------------
10:59:39 : SCANNING : IOC
circuit : 0.05%  2021-12-21T10:55:00+0530
adx : 11.03  aroonosc : 28.57
-----------------------------------------------
10:59:39 : SCANNING : IOLCP
circuit : -0.77%  2021-12-21T10:55:00+0530
adx : 46.29  aroonosc : 42.86
-----------------------------------------------
10:59:39 : SCANNING : IPCALAB
circuit : 0.25%  2021-12-21T10:55:00+0530
adx : 9.81  aroonosc : 28.57
-----------------------------------------------
10:59:40 : SCANNING : IRB
circuit : -1.38%  2021-12-21T10:55:00+0530
adx : 15.75  aroonosc : -64.29
-----------------------------------------------
10:59:40 : SCANNING : IRCON
circuit : 0.22%  2021-12-21T10:55:00+0530
adx : 27.04  aroonosc : 92.86
-----------------------------------------------
10:59:41 : SCANNING : IRCTC
circuit : 0.71%  2021-12-21T10:55:00+0530
adx : 33.58  aroonosc : 71.43
-----------------------------------------------
10:59:41 : SCANNING : ISEC
circuit : 1.11%  2021-12-21T10:55:00+0530
adx : 22.41  aroonosc : -71.43
-----------------------------------------------
10:59:42 : SCANNING : ITC
circuit : 0.02%  2021-12-21T10:55:00+0530
adx : 21.72  aroonosc : 57.14
-----------------------------------------------
10:59:42 : SCANNING : ITI
circuit : 1.11%  2021-12-21T10:55:00+0530
adx : 25.4  aroonosc : 7.14
-----------------------------------------------
10:59:42 : SCANNING : J&KBANK
circuit : 2.02%  2021-12-21T10:55:00+0530
adx : 26.59  aroonosc : 64.29
-----------------------------------------------
10:59:43 : SCANNING : JAMNAAUTO
circuit : 2.91%  2021-12-21T10:55:00+0530
adx : 28.5  aroonosc : 50.0
-----------------------------------------------
10:59:43 : SCANNING : JBCHEPHARM
circuit : -0.48%  2021-12-21T10:55:00+0530
adx : 40.37  aroonosc : -64.29
-----------------------------------------------
10:59:43 : SCANNING : JCHAC
circuit : 2.19%  2021-12-21T10:55:00+0530
adx : 37.34  aroonosc : 78.57
-----------------------------------------------
10:59:44 : SCANNING : JINDALSAW
circuit : 1.84%  2021-12-21T10:55:00+0530
adx : 20.16  aroonosc : -35.71
-----------------------------------------------
10:59:44 : SCANNING : JINDALSTEL
circuit : 2.13%  2021-12-21T10:55:00+0530
adx : 49.48  aroonosc : 21.43
-----------------------------------------------
10:59:44 : SCANNING : JKCEMENT
circuit : 3.07%  2021-12-21T10:55:00+0530
adx : 28.45  aroonosc : 100.0
-----------------------------------------------
10:59:45 : SCANNING : JKLAKSHMI
circuit : 0.47%  2021-12-21T10:55:00+0530
adx : 15.62  aroonosc : 14.29
-----------------------------------------------
10:59:45 : SCANNING : JKPAPER
circuit : 1.28%  2021-12-21T10:55:00+0530
adx : 26.21  aroonosc : -35.71
-----------------------------------------------
10:59:46 : SCANNING : JKTYRE
circuit : 2.23%  2021-12-21T10:55:00+0530
adx : 35.87  aroonosc : 64.29
-----------------------------------------------
10:59:46 : SCANNING : JMFINANCIL
circuit : -0.82%  2021-12-21T10:55:00+0530
adx : 19.13  aroonosc : -78.57
-----------------------------------------------
10:59:47 : SCANNING : JSL
circuit : 3.16%  2021-12-21T10:55:00+0530
adx : 27.61  aroonosc : 35.71
-----------------------------------------------
10:59:47 : SCANNING : JSLHISAR
circuit : 3.19%  2021-12-21T10:55:00+0530
adx : 23.96  aroonosc : 50.0
-----------------------------------------------
10:59:47 : SCANNING : JSWSTEEL
circuit : 2.49%  2021-12-21T10:55:00+0530
adx : 66.8  aroonosc : 92.86
-----------------------------------------------
10:59:48 : SCANNING : JTEKTINDIA
circuit : 1.23%  2021-12-21T10:55:00+0530
adx : 15.26  aroonosc : 71.43
-----------------------------------------------
10:59:48 : SCANNING : JUBLFOOD
circuit : -0.06%  2021-12-21T10:55:00+0530
adx : 16.85  aroonosc : 57.14
-----------------------------------------------
10:59:48 : SCANNING : JUSTDIAL
circuit : 2.75%  2021-12-21T10:55:00+0530
adx : 38.34  aroonosc : 14.29
-----------------------------------------------
10:59:48 : SCANNING : JYOTHYLAB
circuit : 0.57%  2021-12-21T10:55:00+0530
adx : 22.77  aroonosc : -21.43
-----------------------------------------------
10:59:49 : SCANNING : KAJARIACER
circuit : 1.61%  2021-12-21T10:55:00+0530
adx : 18.39  aroonosc : 0.0
-----------------------------------------------
10:59:49 : SCANNING : KALPATPOWR
circuit : 1.39%  2021-12-21T10:55:00+0530
adx : 13.55  aroonosc : 100.0
-----------------------------------------------
10:59:50 : SCANNING : KANSAINER
circuit : 0.52%  2021-12-21T10:55:00+0530
adx : 29.98  aroonosc : 64.29
-----------------------------------------------
10:59:50 : SCANNING : KARURVYSYA
circuit : -0.22%  2021-12-21T10:55:00+0530
adx : 29.07  aroonosc : 21.43
-----------------------------------------------
10:59:50 : SCANNING : KEC
circuit : 0.71%  2021-12-21T10:55:00+0530
adx : 11.51  aroonosc : -57.14
-----------------------------------------------
10:59:51 : SCANNING : KEI
circuit : -0.56%  2021-12-21T10:55:00+0530
adx : 10.05  aroonosc : 7.14
-----------------------------------------------
10:59:51 : SCANNING : KNRCON
circuit : 0.36%  2021-12-21T10:55:00+0530
adx : 7.86  aroonosc : -57.14
-----------------------------------------------
10:59:52 : SCANNING : KOTAKBANK
circuit : -0.12%  2021-12-21T10:55:00+0530
adx : 24.19  aroonosc : 85.71
-----------------------------------------------
10:59:52 : SCANNING : KPITTECH
circuit : 2.8%  2021-12-21T10:55:00+0530
adx : 30.13  aroonosc : 7.14
-----------------------------------------------
10:59:52 : SCANNING : KPRMILL
circuit : 2.24%  2021-12-21T10:55:00+0530
adx : 18.0  aroonosc : -85.71
-----------------------------------------------
10:59:53 : SCANNING : KRBL
circuit : 0.08%  2021-12-21T10:55:00+0530
adx : 17.85  aroonosc : 28.57
-----------------------------------------------
10:59:53 : SCANNING : KSB
circuit : 1.7%  2021-12-21T10:55:00+0530
adx : 12.56  aroonosc : 85.71
-----------------------------------------------
10:59:54 : SCANNING : KSCL
circuit : -0.86%  2021-12-21T10:55:00+0530
adx : 23.17  aroonosc : 14.29
-----------------------------------------------
10:59:54 : SCANNING : L&TFH
circuit : 3.65%  2021-12-21T10:55:00+0530
adx : 56.81  aroonosc : 78.57
-----------------------------------------------
10:59:54 : SCANNING : LALPATHLAB
circuit : -0.19%  2021-12-21T10:55:00+0530
adx : 16.1  aroonosc : -7.14
-----------------------------------------------
10:59:55 : SCANNING : LAOPALA
circuit : 3.89%  2021-12-21T10:55:00+0530
adx : 40.23  aroonosc : -71.43
-----------------------------------------------
10:59:55 : SCANNING : LAURUSLABS
circuit : 1.42%  2021-12-21T10:55:00+0530
adx : 16.74  aroonosc : 50.0
-----------------------------------------------
10:59:56 : SCANNING : LAXMIMACH
circuit : 3.17%  2021-12-21T10:55:00+0530
adx : 23.84  aroonosc : -64.29
-----------------------------------------------
10:59:56 : SCANNING : LEMONTREE
circuit : 4.36%  2021-12-21T10:55:00+0530
adx : 36.24  aroonosc : 57.14
-----------------------------------------------
10:59:56 : SCANNING : LICHSGFIN
circuit : 0.61%  2021-12-21T10:55:00+0530
adx : 37.81  aroonosc : 92.86
-----------------------------------------------
10:59:56 : SCANNING : LINDEINDIA
circuit : 1.21%  2021-12-21T10:55:00+0530
adx : 13.95  aroonosc : 100.0
-----------------------------------------------
10:59:57 : SCANNING : LT
circuit : 1.05%  2021-12-21T10:55:00+0530
adx : 28.24  aroonosc : 28.57
-----------------------------------------------
10:59:58 : SCANNING : LTI
circuit : 2.28%  2021-12-21T10:55:00+0530
adx : 29.25  aroonosc : 78.57
-----------------------------------------------
10:59:58 : SCANNING : LTTS
circuit : 1.39%  2021-12-21T10:55:00+0530
adx : 24.42  aroonosc : 42.86
-----------------------------------------------
10:59:59 : SCANNING : LUPIN
circuit : 0.15%  2021-12-21T10:55:00+0530
adx : 31.44  aroonosc : 57.14
-----------------------------------------------
10:59:59 : SCANNING : LUXIND
circuit : 0.02%  2021-12-21T10:55:00+0530
adx : 31.4  aroonosc : 21.43
-----------------------------------------------
10:59:59 : SCANNING : M&M
circuit : -0.29%  2021-12-21T10:55:00+0530
adx : 29.34  aroonosc : 64.29
-----------------------------------------------
11:00:00 : SCANNING : M&MFIN
circuit : 0.75%  2021-12-21T10:55:00+0530
adx : 21.21  aroonosc : 35.71
-----------------------------------------------
11:00:00 : SCANNING : MAHABANK
circuit : 0.26%  2021-12-21T10:55:00+0530
adx : 15.3  aroonosc : -14.29
-----------------------------------------------
11:00:00 : SCANNING : MAHINDCIE
circuit : 0.85%  2021-12-21T10:55:00+0530
adx : 19.5  aroonosc : -7.14
-----------------------------------------------
11:00:01 : SCANNING : MAHLOG
circuit : -1.33%  2021-12-21T10:55:00+0530
adx : 10.96  aroonosc : -85.71
-----------------------------------------------
11:00:01 : SCANNING : MAHSCOOTER
circuit : 2.58%  2021-12-21T10:55:00+0530
adx : 29.32  aroonosc : 100.0
-----------------------------------------------
11:00:02 : SCANNING : MAHSEAMLES
circuit : 1.16%  2021-12-21T11:00:00+0530
adx : 39.22  aroonosc : 7.14
-----------------------------------------------
11:00:02 : SCANNING : MANAPPURAM
circuit : -0.66%  2021-12-21T10:55:00+0530
adx : 33.11  aroonosc : 42.86
-----------------------------------------------
11:00:02 : SCANNING : MARICO
circuit : 0.64%  2021-12-21T11:00:00+0530
adx : 31.77  aroonosc : 92.86
-----------------------------------------------
11:00:03 : SCANNING : MARUTI
circuit : 0.47%  2021-12-21T11:00:00+0530
adx : 32.64  aroonosc : 50.0
-----------------------------------------------
11:00:03 : SCANNING : MASFIN
circuit : 2.73%  2021-12-21T10:55:00+0530
adx : 19.05  aroonosc : 100.0
-----------------------------------------------
11:00:04 : SCANNING : MAXHEALTH
circuit : 1.87%  2021-12-21T10:55:00+0530
adx : 32.49  aroonosc : -50.0
-----------------------------------------------
11:00:04 : SCANNING : MAZDOCK
circuit : 0.46%  2021-12-21T11:00:00+0530
adx : 22.98  aroonosc : -35.71
-----------------------------------------------
11:00:04 : SCANNING : MCDOWELL-N
circuit : 2.4%  2021-12-21T10:55:00+0530
adx : 44.14  aroonosc : 57.14
-----------------------------------------------
11:00:05 : SCANNING : MCX
circuit : 1.02%  2021-12-21T11:00:00+0530
adx : 36.26  aroonosc : 50.0
-----------------------------------------------
11:00:05 : SCANNING : METROPOLIS
circuit : 2.94%  2021-12-21T11:00:00+0530
adx : 41.08  aroonosc : 64.29
-----------------------------------------------
11:00:06 : SCANNING : MFSL
circuit : 3.78%  2021-12-21T11:00:00+0530
adx : 22.36  aroonosc : 64.29
-----------------------------------------------
11:00:06 : SCANNING : MGL
circuit : 0.42%  2021-12-21T10:55:00+0530
adx : 30.12  aroonosc : 57.14
-----------------------------------------------
11:00:07 : SCANNING : MHRIL
circuit : -0.74%  2021-12-21T11:00:00+0530
adx : 14.07  aroonosc : -28.57
-----------------------------------------------
11:00:07 : SCANNING : MIDHANI
circuit : 0.8%  2021-12-21T11:00:00+0530
adx : 14.14  aroonosc : -28.57
-----------------------------------------------
11:00:07 : SCANNING : MINDACORP
circuit : 3.07%  2021-12-21T11:00:00+0530
adx : 37.56  aroonosc : 64.29
-----------------------------------------------
11:00:08 : SCANNING : MINDAIND
circuit : 1.23%  2021-12-21T10:55:00+0530
adx : 37.83  aroonosc : 100.0
-----------------------------------------------
11:00:08 : SCANNING : MINDTREE
circuit : 1.04%  2021-12-21T10:55:00+0530
adx : 41.8  aroonosc : 14.29
-----------------------------------------------
11:00:09 : SCANNING : MMTC
circuit : 2.09%  2021-12-21T11:00:00+0530
adx : 40.04  aroonosc : 92.86
-----------------------------------------------
11:00:09 : SCANNING : MOIL
circuit : 1.92%  2021-12-21T11:00:00+0530
adx : 39.75  aroonosc : 64.29
-----------------------------------------------
11:00:09 : SCANNING : MOTILALOFS
circuit : 0.42%  2021-12-21T11:00:00+0530
adx : 21.65  aroonosc : 35.71
-----------------------------------------------
11:00:10 : SCANNING : MPHASIS
circuit : 0.55%  2021-12-21T10:55:00+0530
adx : 27.11  aroonosc : -64.29
-----------------------------------------------
11:00:10 : SCANNING : MRF
circuit : 0.36%  2021-12-21T11:00:00+0530
adx : 17.61  aroonosc : -28.57
-----------------------------------------------
11:00:11 : SCANNING : MRPL
circuit : -1.29%  2021-12-21T11:00:00+0530
adx : 26.63  aroonosc : -92.86
-----------------------------------------------
11:00:11 : SCANNING : MUTHOOTFIN
circuit : 0.49%  2021-12-21T11:00:00+0530
adx : 17.12  aroonosc : 78.57
-----------------------------------------------
11:00:12 : SCANNING : NAM-INDIA
circuit : 1.57%  2021-12-21T11:00:00+0530
adx : 21.56  aroonosc : 42.86
-----------------------------------------------
11:00:12 : SCANNING : NATCOPHARM
circuit : 2.45%  2021-12-21T11:00:00+0530
adx : 14.07  aroonosc : 21.43
-----------------------------------------------
11:00:12 : SCANNING : NATIONALUM
circuit : 2.58%  2021-12-21T11:00:00+0530
adx : 52.47  aroonosc : -42.86
-----------------------------------------------
11:00:13 : SCANNING : NAUKRI
circuit : 0.42%  2021-12-21T10:55:00+0530
adx : 20.66  aroonosc : 35.71
-----------------------------------------------
11:00:13 : SCANNING : NAVINFLUOR
circuit : 3.36%  2021-12-21T10:55:00+0530
adx : 54.78  aroonosc : 71.43
-----------------------------------------------
11:00:14 : SCANNING : NBCC
circuit : 0.36%  2021-12-21T11:00:00+0530
adx : 29.35  aroonosc : 57.14
-----------------------------------------------
11:00:14 : SCANNING : NCC
circuit : 0.8%  2021-12-21T11:00:00+0530
adx : 38.1  aroonosc : 78.57
-----------------------------------------------
11:00:14 : SCANNING : NESCO
circuit : 1.5%  2021-12-21T11:00:00+0530
adx : 12.97  aroonosc : -64.29
-----------------------------------------------
11:00:15 : SCANNING : NESTLEIND
circuit : 0.95%  2021-12-21T11:00:00+0530
adx : 50.26  aroonosc : 92.86
-----------------------------------------------
11:00:15 : SCANNING : NETWORK18
circuit : 2.23%  2021-12-21T11:00:00+0530
adx : 24.31  aroonosc : 57.14
-----------------------------------------------
11:00:16 : SCANNING : NFL
circuit : 1.52%  2021-12-21T11:00:00+0530
adx : 35.44  aroonosc : 7.14
-----------------------------------------------
11:00:16 : SCANNING : NH
circuit : 1.98%  2021-12-21T11:00:00+0530
adx : 14.61  aroonosc : 85.71
-----------------------------------------------
11:00:16 : SCANNING : NHPC
circuit : 2.02%  2021-12-21T11:00:00+0530
adx : 37.52  aroonosc : 57.14
-----------------------------------------------
11:00:17 : SCANNING : NIACL
circuit : 0.11%  2021-12-21T11:00:00+0530
adx : 24.71  aroonosc : 85.71
-----------------------------------------------
11:00:17 : SCANNING : NILKAMAL
circuit : 0.21%  2021-12-21T10:55:00+0530
adx : 11.94  aroonosc : 85.71
-----------------------------------------------
11:00:17 : SCANNING : NLCINDIA
circuit : 0.68%  2021-12-21T11:00:00+0530
adx : 26.09  aroonosc : -21.43
-----------------------------------------------
11:00:18 : SCANNING : NMDC
circuit : 6.96%  2021-12-21T11:00:00+0530
adx : 13.98  aroonosc : 21.43
-----------------------------------------------
11:00:18 : SCANNING : NOCIL
circuit : 0.81%  2021-12-21T11:00:00+0530
adx : 31.23  aroonosc : 92.86
-----------------------------------------------
11:00:18 : SCANNING : NTPC
circuit : 0.53%  2021-12-21T11:00:00+0530
adx : 35.25  aroonosc : -35.71
rpt : 1190.0
{'candle': 'green', 'type': 'BUY', 'instrument': 'NTPC', 'price': 120.2, 'qty': 4949, 'target': 120.35, 'stoploss': 120.05, 'volume': 82550, 'adx': 50.48648436642578, 'aroonosc': 64.28571428571429, 'atr': 0.35497661662436336, 'open': 120.15, 'high': 120.35, 'low': 120.05, 'close': 120.35, 'product': 'MIS', 'time': '2021-12-20T13:45:00+0530'}
11:00:19 : Validation Failed : Time Gap in Seconds : 76519
-----------------------------------------------
11:00:19 : SCANNING : OBEROIRLTY
circuit : 1.59%  2021-12-21T11:00:00+0530
adx : 28.87  aroonosc : 78.57
-----------------------------------------------
11:00:19 : SCANNING : OFSS
circuit : 1.45%  2021-12-21T11:00:00+0530
adx : 46.94  aroonosc : 14.29
-----------------------------------------------
11:00:20 : SCANNING : OIL
circuit : 0.98%  2021-12-21T11:00:00+0530
adx : 17.53  aroonosc : 71.43
-----------------------------------------------
11:00:20 : SCANNING : ONGC
circuit : 0.04%  2021-12-21T11:00:00+0530
adx : 34.41  aroonosc : 92.86
-----------------------------------------------
11:00:21 : SCANNING : ORIENTELEC
circuit : 1.85%  2021-12-21T11:00:00+0530
adx : 13.96  aroonosc : 57.14
-----------------------------------------------
11:00:21 : SCANNING : PAGEIND
circuit : 1.18%  2021-12-21T11:00:00+0530
adx : 19.47  aroonosc : 50.0
-----------------------------------------------
11:00:21 : SCANNING : PEL
circuit : 1.62%  2021-12-21T10:55:00+0530
adx : 28.18  aroonosc : 50.0
-----------------------------------------------
11:00:22 : SCANNING : PERSISTENT
circuit : -1.55%  2021-12-21T10:55:00+0530
adx : 30.65  aroonosc : 78.57
-----------------------------------------------
11:00:23 : SCANNING : PETRONET
circuit : 0.09%  2021-12-21T11:00:00+0530
adx : 12.53  aroonosc : 42.86
-----------------------------------------------
11:00:23 : SCANNING : PFC
circuit : 0.52%  2021-12-21T11:00:00+0530
adx : 17.39  aroonosc : 28.57
-----------------------------------------------
11:00:23 : SCANNING : PFIZER
circuit : 0.89%  2021-12-21T11:00:00+0530
adx : 15.49  aroonosc : 50.0
-----------------------------------------------
11:00:24 : SCANNING : PGHH
circuit : 0.42%  2021-12-21T10:55:00+0530
adx : 25.17  aroonosc : 14.29
-----------------------------------------------
11:00:24 : SCANNING : PGHL
circuit : -0.45%  2021-12-21T11:00:00+0530
adx : 17.24  aroonosc : -42.86
-----------------------------------------------
11:00:25 : SCANNING : PHILIPCARB
circuit : 1.19%  2021-12-21T11:00:00+0530
adx : 7.79  aroonosc : -78.57
-----------------------------------------------
11:00:25 : SCANNING : PHOENIXLTD
circuit : -3.38%  2021-12-21T11:00:00+0530
adx : 29.91  aroonosc : -28.57
-----------------------------------------------
11:00:26 : SCANNING : PIDILITIND
circuit : 0.74%  2021-12-21T10:55:00+0530
adx : 40.09  aroonosc : 92.86
-----------------------------------------------
11:00:26 : SCANNING : PIIND
circuit : 1.46%  2021-12-21T11:00:00+0530
adx : 32.31  aroonosc : 71.43
-----------------------------------------------
11:00:26 : SCANNING : PNB
circuit : 0.68%  2021-12-21T11:00:00+0530
adx : 20.55  aroonosc : -64.29
-----------------------------------------------
11:00:27 : SCANNING : PNBHOUSING
circuit : 5.01%  2021-12-21T11:00:00+0530
adx : 53.74  aroonosc : 100.0
-----------------------------------------------
11:00:27 : SCANNING : PNCINFRA
circuit : -0.36%  2021-12-21T11:00:00+0530
adx : 21.69  aroonosc : 64.29
-----------------------------------------------
11:00:28 : SCANNING : POLYCAB
circuit : 0.57%  2021-12-21T11:00:00+0530
adx : 46.37  aroonosc : 50.0
-----------------------------------------------
11:00:28 : SCANNING : POLYMED
circuit : -0.77%  2021-12-21T11:00:00+0530
adx : 21.88  aroonosc : 28.57
-----------------------------------------------
11:00:29 : SCANNING : POLYPLEX
circuit : 1.08%  2021-12-21T10:55:00+0530
adx : 23.38  aroonosc : 71.43
-----------------------------------------------
11:00:29 : SCANNING : POWERGRID
circuit : -1.28%  2021-12-21T11:00:00+0530
adx : 15.93  aroonosc : -28.57
-----------------------------------------------
11:00:30 : SCANNING : POWERINDIA
circuit : -0.1%  2021-12-21T11:00:00+0530
adx : 21.47  aroonosc : -85.71
-----------------------------------------------
11:00:30 : SCANNING : PRESTIGE
circuit : 0.75%  2021-12-21T11:00:00+0530
adx : 21.95  aroonosc : 7.14
-----------------------------------------------
11:00:31 : SCANNING : PRINCEPIPE
circuit : 1.88%  2021-12-21T11:00:00+0530
adx : 35.23  aroonosc : 71.43
-----------------------------------------------
11:00:31 : SCANNING : PRSMJOHNSN
circuit : 3.66%  2021-12-21T10:55:00+0530
adx : 35.48  aroonosc : 50.0
-----------------------------------------------
11:00:31 : SCANNING : PSB
circuit : 0.63%  2021-12-21T11:00:00+0530
adx : 21.76  aroonosc : -50.0
-----------------------------------------------
11:00:32 : SCANNING : PVR
circuit : 0.93%  2021-12-21T11:00:00+0530
adx : 27.35  aroonosc : 64.29
-----------------------------------------------
11:00:32 : SCANNING : QUESS
circuit : 0.68%  2021-12-21T11:00:00+0530
adx : 18.88  aroonosc : 14.29
-----------------------------------------------
11:00:32 : SCANNING : RADICO
circuit : 0.48%  2021-12-21T11:00:00+0530
adx : 20.83  aroonosc : -14.29
-----------------------------------------------
11:00:33 : SCANNING : RAIN
circuit : -0.61%  2021-12-21T11:00:00+0530
adx : 12.35  aroonosc : 28.57
-----------------------------------------------
11:00:33 : SCANNING : RAJESHEXPO
circuit : -0.01%  2021-12-21T11:00:00+0530
adx : 8.65  aroonosc : -35.71
-----------------------------------------------
11:00:34 : SCANNING : RALLIS
circuit : 0.37%  2021-12-21T11:00:00+0530
adx : 10.54  aroonosc : 71.43
-----------------------------------------------
11:00:34 : SCANNING : RAMCOCEM
circuit : 1.94%  2021-12-21T11:00:00+0530
adx : 23.66  aroonosc : 50.0
-----------------------------------------------
11:00:35 : SCANNING : RATNAMANI
circuit : 2.49%  2021-12-21T11:00:00+0530
adx : 36.92  aroonosc : -92.86
-----------------------------------------------
11:00:35 : SCANNING : RAYMOND
circuit : 0.61%  2021-12-21T11:00:00+0530
adx : 33.78  aroonosc : -14.29
-----------------------------------------------
11:00:35 : SCANNING : RBLBANK
circuit : 0.06%  2021-12-21T11:00:00+0530
adx : 20.9  aroonosc : 35.71
-----------------------------------------------
11:00:36 : SCANNING : RCF
circuit : 1.59%  2021-12-21T11:00:00+0530
adx : 29.1  aroonosc : 42.86
-----------------------------------------------
11:00:36 : SCANNING : RECLTD
circuit : 0.82%  2021-12-21T11:00:00+0530
adx : 42.53  aroonosc : 50.0
-----------------------------------------------
11:00:37 : SCANNING : REDINGTON
circuit : 0.72%  2021-12-21T11:00:00+0530
adx : 15.56  aroonosc : -21.43
-----------------------------------------------
11:00:37 : SCANNING : RELAXO
circuit : 2.54%  2021-12-21T11:00:00+0530
adx : 32.25  aroonosc : 35.71
-----------------------------------------------
11:00:38 : SCANNING : RELIANCE
circuit : 0.69%  2021-12-21T10:55:00+0530
adx : 53.42  aroonosc : 71.43
-----------------------------------------------
11:00:38 : SCANNING : RESPONIND
circuit : 1.98%  2021-12-21T11:00:00+0530
adx : 21.86  aroonosc : 7.14
-----------------------------------------------
11:00:39 : SCANNING : RHIM
circuit : 1.06%  2021-12-21T10:55:00+0530
adx : 35.53  aroonosc : 50.0
-----------------------------------------------
11:00:39 : SCANNING : RITES
circuit : -1.5%  2021-12-21T11:00:00+0530
adx : 16.92  aroonosc : -28.57
-----------------------------------------------
11:00:39 : SCANNING : ROSSARI
circuit : 0.39%  2021-12-21T11:00:00+0530
adx : 24.73  aroonosc : -28.57
-----------------------------------------------
11:00:40 : SCANNING : ROUTE
circuit : 1.03%  2021-12-21T11:00:00+0530
adx : 16.67  aroonosc : 42.86
-----------------------------------------------
11:00:40 : SCANNING : RVNL
circuit : 1.19%  2021-12-21T11:00:00+0530
adx : 50.12  aroonosc : 71.43
-----------------------------------------------
11:00:41 : SCANNING : SAIL
circuit : 1.77%  2021-12-21T10:55:00+0530
adx : 33.13  aroonosc : 35.71
-----------------------------------------------
11:00:41 : SCANNING : SANOFI
circuit : 0.07%  2021-12-21T11:00:00+0530
adx : 27.72  aroonosc : 50.0
-----------------------------------------------
11:00:42 : SCANNING : SBICARD
circuit : 0.81%  2021-12-21T11:00:00+0530
adx : 42.56  aroonosc : 57.14
-----------------------------------------------
11:00:42 : SCANNING : SBILIFE
circuit : -0.43%  2021-12-21T11:00:00+0530
adx : 16.53  aroonosc : 78.57
-----------------------------------------------
11:00:42 : SCANNING : SBIN
circuit : -0.11%  2021-12-21T10:55:00+0530
adx : 34.17  aroonosc : 21.43
-----------------------------------------------
11:00:43 : SCANNING : SCHAEFFLER
circuit : 2.39%  2021-12-21T11:00:00+0530
adx : 50.35  aroonosc : 50.0
-----------------------------------------------
11:00:43 : SCANNING : SCHNEIDER
circuit : -2.14%  2021-12-21T11:00:00+0530
adx : 17.91  aroonosc : -71.43
-----------------------------------------------
11:00:44 : SCANNING : SCI
circuit : 1.61%  2021-12-21T10:55:00+0530
adx : 19.19  aroonosc : 64.29
-----------------------------------------------
11:00:44 : SCANNING : SEQUENT
circuit : 1.44%  2021-12-21T11:00:00+0530
adx : 22.74  aroonosc : 78.57
-----------------------------------------------
11:00:45 : SCANNING : SFL
circuit : 1.67%  2021-12-21T11:00:00+0530
adx : 27.4  aroonosc : 42.86
-----------------------------------------------
11:00:45 : SCANNING : SHARDACROP
circuit : -3.1%  2021-12-21T11:00:00+0530
adx : 23.24  aroonosc : -71.43
-----------------------------------------------
11:00:45 : SCANNING : SHILPAMED
circuit : 4.26%  2021-12-21T11:00:00+0530
adx : 56.94  aroonosc : 100.0
-----------------------------------------------
11:00:46 : SCANNING : SHOPERSTOP
circuit : 2.0%  2021-12-21T11:00:00+0530
adx : 15.66  aroonosc : 100.0
-----------------------------------------------
11:00:46 : SCANNING : SHREECEM
circuit : 2.03%  2021-12-21T11:00:00+0530
adx : 46.22  aroonosc : 78.57
-----------------------------------------------
11:00:47 : SCANNING : SHRIRAMCIT
circuit : -2.09%  2021-12-21T11:00:00+0530
adx : 12.31  aroonosc : 35.71
-----------------------------------------------
11:00:47 : SCANNING : SIEMENS
circuit : 0.79%  2021-12-21T11:00:00+0530
adx : 34.8  aroonosc : 71.43
-----------------------------------------------
11:00:48 : SCANNING : SIS
circuit : 0.83%  2021-12-21T11:00:00+0530
adx : 52.08  aroonosc : 100.0
-----------------------------------------------
11:00:48 : SCANNING : SJVN
circuit : 1.08%  2021-12-21T11:00:00+0530
adx : 34.84  aroonosc : 71.43
-----------------------------------------------
11:00:49 : SCANNING : SKFINDIA
circuit : -0.05%  2021-12-21T11:00:00+0530
adx : 9.82  aroonosc : 35.71
-----------------------------------------------
11:00:49 : SCANNING : SOBHA
circuit : 1.94%  2021-12-21T11:00:00+0530
adx : 23.18  aroonosc : 71.43
-----------------------------------------------
11:00:50 : SCANNING : SOLARA
circuit : -0.04%  2021-12-21T11:00:00+0530
adx : 23.07  aroonosc : -85.71
-----------------------------------------------
11:00:50 : SCANNING : SOLARINDS
circuit : -0.43%  2021-12-21T11:00:00+0530
adx : 21.74  aroonosc : -85.71
-----------------------------------------------
11:00:50 : SCANNING : SONATSOFTW
circuit : 2.38%  2021-12-21T11:00:00+0530
adx : 33.85  aroonosc : 7.14
-----------------------------------------------
11:00:51 : SCANNING : SPANDANA
circuit : 0.12%  2021-12-21T11:00:00+0530
adx : 24.87  aroonosc : 7.14
-----------------------------------------------
11:00:51 : SCANNING : SPARC
circuit : 1.58%  2021-12-21T11:00:00+0530
adx : 12.96  aroonosc : -64.29
-----------------------------------------------
11:00:52 : SCANNING : SPICEJET
circuit : 0.08%  2021-12-21T11:00:00+0530
adx : 23.63  aroonosc : 28.57
-----------------------------------------------
11:00:52 : SCANNING : SRF
circuit : 1.65%  2021-12-21T11:00:00+0530
adx : 37.63  aroonosc : 92.86
-----------------------------------------------
11:00:52 : SCANNING : SRTRANSFIN
circuit : -1.8%  2021-12-21T11:00:00+0530
adx : 23.4  aroonosc : 35.71
-----------------------------------------------
11:00:53 : SCANNING : STAR
circuit : -0.94%  2021-12-21T11:00:00+0530
adx : 10.94  aroonosc : 50.0
-----------------------------------------------
11:00:53 : SCANNING : STARCEMENT
circuit : 0.21%  2021-12-21T11:00:00+0530
adx : 15.56  aroonosc : 92.86
-----------------------------------------------
11:00:54 : SCANNING : STLTECH
circuit : 0.9%  2021-12-21T11:00:00+0530
adx : 27.7  aroonosc : 0.0
-----------------------------------------------
11:00:54 : SCANNING : SUDARSCHEM
circuit : 1.52%  2021-12-21T11:00:00+0530
adx : 35.63  aroonosc : 50.0
-----------------------------------------------
11:00:54 : SCANNING : SUMICHEM
circuit : 0.88%  2021-12-21T11:00:00+0530
adx : 14.84  aroonosc : -14.29
-----------------------------------------------
11:00:55 : SCANNING : SUNCLAYLTD
circuit : 1.03%  2021-12-21T11:00:00+0530
adx : 17.29  aroonosc : 57.14
-----------------------------------------------
11:00:55 : SCANNING : SUNDARMFIN
circuit : -0.6%  2021-12-21T11:00:00+0530
adx : 29.41  aroonosc : -7.14
-----------------------------------------------
11:00:56 : SCANNING : SUNDRMFAST
circuit : -2.06%  2021-12-21T11:00:00+0530
adx : 18.05  aroonosc : 14.29
-----------------------------------------------
11:00:56 : SCANNING : SUNPHARMA
circuit : 2.32%  2021-12-21T11:00:00+0530
adx : 42.69  aroonosc : 28.57
-----------------------------------------------
11:00:56 : SCANNING : SUNTECK
circuit : 1.1%  2021-12-21T11:00:00+0530
adx : 26.37  aroonosc : -85.71
-----------------------------------------------
11:00:57 : SCANNING : SUNTV
circuit : 0.89%  2021-12-21T11:00:00+0530
adx : 30.54  aroonosc : 100.0
-----------------------------------------------
11:00:57 : SCANNING : SUPPETRO
circuit : 0.96%  2021-12-21T11:00:00+0530
adx : 28.0  aroonosc : -71.43
-----------------------------------------------
11:00:58 : SCANNING : SUPRAJIT
circuit : 2.62%  2021-12-21T11:00:00+0530
adx : 44.98  aroonosc : 100.0
-----------------------------------------------
11:00:58 : SCANNING : SUPREMEIND
circuit : 3.59%  2021-12-21T11:00:00+0530
adx : 64.53  aroonosc : 78.57
-----------------------------------------------
11:00:59 : SCANNING : SUVENPHAR
circuit : 1.27%  2021-12-21T11:00:00+0530
adx : 13.54  aroonosc : 64.29
-----------------------------------------------
11:00:59 : SCANNING : SUZLON
circuit : 2.05%  2021-12-21T11:00:00+0530
adx : 36.88  aroonosc : 57.14
-----------------------------------------------
11:01:00 : SCANNING : SWANENERGY
circuit : 2.46%  2021-12-21T11:00:00+0530
adx : 27.26  aroonosc : 28.57
-----------------------------------------------
11:01:00 : SCANNING : SWSOLAR
circuit : 0.18%  2021-12-21T11:00:00+0530
adx : 14.2  aroonosc : -85.71
-----------------------------------------------
11:01:01 : SCANNING : SYMPHONY
circuit : 0.53%  2021-12-21T11:00:00+0530
adx : 35.63  aroonosc : 78.57
-----------------------------------------------
11:01:01 : SCANNING : SYNGENE
circuit : 0.45%  2021-12-21T11:00:00+0530
adx : 32.22  aroonosc : 57.14
-----------------------------------------------
11:01:02 : SCANNING : TASTYBITE
circuit : -1.17%  2021-12-21T11:00:00+0530
adx : 27.13  aroonosc : -21.43
-----------------------------------------------
11:01:02 : SCANNING : TATACHEM
circuit : 1.54%  2021-12-21T11:00:00+0530
adx : 37.13  aroonosc : 50.0
-----------------------------------------------
11:01:02 : SCANNING : TATACOFFEE
circuit : 1.28%  2021-12-21T11:00:00+0530
adx : 23.41  aroonosc : -50.0
-----------------------------------------------
11:01:03 : SCANNING : TATACOMM
circuit : 0.29%  2021-12-21T11:00:00+0530
adx : 15.19  aroonosc : 85.71
-----------------------------------------------
11:01:03 : SCANNING : TATACONSUM
circuit : 1.57%  2021-12-21T11:00:00+0530
adx : 47.53  aroonosc : 85.71
-----------------------------------------------
11:01:04 : SCANNING : TATAELXSI
circuit : 0.09%  2021-12-21T11:00:00+0530
adx : 10.53  aroonosc : 50.0
-----------------------------------------------
11:01:04 : SCANNING : TATAINVEST
circuit : 0.32%  2021-12-21T11:00:00+0530
adx : 32.47  aroonosc : 64.29
-----------------------------------------------
11:01:05 : SCANNING : TATAMOTORS
circuit : 1.35%  2021-12-21T11:00:00+0530
adx : 29.69  aroonosc : 50.0
-----------------------------------------------
11:01:05 : SCANNING : TATAPOWER
circuit : 0.66%  2021-12-21T11:00:00+0530
adx : 36.15  aroonosc : 42.86
-----------------------------------------------
11:01:05 : SCANNING : TATASTEEL
circuit : 2.16%  2021-12-21T11:00:00+0530
adx : 45.73  aroonosc : 64.29
-----------------------------------------------
11:01:06 : SCANNING : TCIEXP
circuit : 4.77%  2021-12-21T11:00:00+0530
adx : 28.48  aroonosc : 100.0
-----------------------------------------------
11:01:06 : SCANNING : TCNSBRANDS
circuit : 2.37%  2021-12-21T11:00:00+0530
adx : 13.88  aroonosc : 7.14
-----------------------------------------------
11:01:07 : SCANNING : TCS
circuit : 1.32%  2021-12-21T11:00:00+0530
adx : 48.5  aroonosc : 57.14
-----------------------------------------------
11:01:07 : SCANNING : TEAMLEASE
circuit : 0.53%  2021-12-21T11:00:00+0530
adx : 10.33  aroonosc : -28.57
-----------------------------------------------
11:01:08 : SCANNING : TECHM
circuit : 2.54%  2021-12-21T11:00:00+0530
adx : 36.43  aroonosc : 71.43
-----------------------------------------------
11:01:08 : SCANNING : THERMAX
circuit : 1.7%  2021-12-21T11:00:00+0530
adx : 34.03  aroonosc : 85.71
-----------------------------------------------
11:01:09 : SCANNING : THYROCARE
circuit : -1.19%  2021-12-21T11:00:00+0530
adx : 18.11  aroonosc : -57.14
-----------------------------------------------
11:01:09 : SCANNING : TIINDIA
circuit : 0.32%  2021-12-21T11:00:00+0530
adx : 21.43  aroonosc : 50.0
-----------------------------------------------
11:01:10 : SCANNING : TIMKEN
circuit : 2.48%  2021-12-21T11:00:00+0530
adx : 46.41  aroonosc : 57.14
-----------------------------------------------
11:01:10 : SCANNING : TITAN
circuit : 2.34%  2021-12-21T11:00:00+0530
adx : 43.52  aroonosc : 92.86
-----------------------------------------------
11:01:11 : SCANNING : TORNTPHARM
circuit : 1.08%  2021-12-21T11:00:00+0530
adx : 25.31  aroonosc : -42.86
-----------------------------------------------
11:01:11 : SCANNING : TORNTPOWER
circuit : 0.23%  2021-12-21T11:00:00+0530
adx : 25.21  aroonosc : -7.14
-----------------------------------------------
11:01:11 : SCANNING : TRENT
circuit : -0.18%  2021-12-21T11:00:00+0530
adx : 27.18  aroonosc : -28.57
-----------------------------------------------
11:01:12 : SCANNING : TRIDENT
circuit : 5.24%  2021-12-21T11:00:00+0530
adx : 15.06  aroonosc : -42.86
-----------------------------------------------
11:01:12 : SCANNING : TRITURBINE
circuit : -1.36%  2021-12-21T11:00:00+0530
adx : 48.21  aroonosc : -92.86
-----------------------------------------------
11:01:12 : SCANNING : TTKPRESTIG
circuit : 1.8%  2021-12-21T11:00:00+0530
adx : 19.62  aroonosc : -71.43
-----------------------------------------------
11:01:13 : SCANNING : TV18BRDCST
circuit : 0.9%  2021-12-21T11:00:00+0530
adx : 12.91  aroonosc : 100.0
-----------------------------------------------
11:01:13 : SCANNING : TVSMOTOR
circuit : 1.69%  2021-12-21T11:00:00+0530
adx : 44.05  aroonosc : 57.14
-----------------------------------------------
11:01:13 : SCANNING : UBL
circuit : 2.19%  2021-12-21T11:00:00+0530
adx : 28.78  aroonosc : 0.0
-----------------------------------------------
11:01:14 : SCANNING : UCOBANK
circuit : 1.18%  2021-12-21T11:00:00+0530
adx : 48.43  aroonosc : 57.14
-----------------------------------------------
11:01:14 : SCANNING : UFLEX
circuit : -1.25%  2021-12-21T11:00:00+0530
adx : 38.98  aroonosc : 42.86
-----------------------------------------------
11:01:15 : SCANNING : UJJIVAN
circuit : -0.31%  2021-12-21T11:00:00+0530
adx : 20.1  aroonosc : -21.43
-----------------------------------------------
11:01:15 : SCANNING : UJJIVANSFB
-----------------------------------------------
11:01:16 : SCANNING : ULTRACEMCO
circuit : 0.95%  2021-12-21T11:00:00+0530
adx : 30.33  aroonosc : 78.57
-----------------------------------------------
11:01:16 : SCANNING : UNIONBANK
circuit : 1.3%  2021-12-21T11:00:00+0530
adx : 9.81  aroonosc : -21.43
-----------------------------------------------
11:01:16 : SCANNING : UPL
circuit : 1.69%  2021-12-21T11:00:00+0530
adx : 43.98  aroonosc : 50.0
-----------------------------------------------
11:01:17 : SCANNING : UTIAMC
circuit : 1.57%  2021-12-21T11:00:00+0530
adx : 12.64  aroonosc : -42.86
-----------------------------------------------
11:01:17 : SCANNING : VAIBHAVGBL
circuit : 0.32%  2021-12-21T11:00:00+0530
adx : 24.33  aroonosc : 71.43
-----------------------------------------------
11:01:17 : SCANNING : VAKRANGEE
circuit : 1.83%  2021-12-21T11:00:00+0530
adx : 34.37  aroonosc : 71.43
-----------------------------------------------
11:01:18 : SCANNING : VALIANTORG
circuit : 0.93%  2021-12-21T11:00:00+0530
adx : 16.8  aroonosc : 57.14
-----------------------------------------------
11:01:18 : SCANNING : VARROC
circuit : 2.72%  2021-12-21T11:00:00+0530
adx : 26.69  aroonosc : 50.0
-----------------------------------------------
11:01:19 : SCANNING : VBL
circuit : 0.59%  2021-12-21T11:00:00+0530
adx : 12.39  aroonosc : 28.57
-----------------------------------------------
11:01:19 : SCANNING : VEDL
circuit : 1.91%  2021-12-21T11:00:00+0530
adx : 59.89  aroonosc : 78.57
-----------------------------------------------
11:01:20 : SCANNING : VENKEYS
circuit : -0.19%  2021-12-21T11:00:00+0530
adx : 27.54  aroonosc : 50.0
-----------------------------------------------
11:01:20 : SCANNING : VGUARD
circuit : -0.02%  2021-12-21T11:00:00+0530
adx : 11.35  aroonosc : -85.71
-----------------------------------------------
11:01:20 : SCANNING : VINATIORGA
circuit : -3.27%  2021-12-21T11:00:00+0530
adx : 22.72  aroonosc : -78.57
-----------------------------------------------
11:01:21 : SCANNING : VIPIND
circuit : 4.32%  2021-12-21T11:00:00+0530
adx : 32.06  aroonosc : 85.71
-----------------------------------------------
11:01:21 : SCANNING : VMART
circuit : -0.48%  2021-12-21T11:00:00+0530
adx : 20.61  aroonosc : 100.0
-----------------------------------------------
11:01:22 : SCANNING : VOLTAS
circuit : 0.82%  2021-12-21T11:00:00+0530
adx : 36.73  aroonosc : 14.29
-----------------------------------------------
11:01:22 : SCANNING : VSTIND
circuit : 0.19%  2021-12-21T11:00:00+0530
adx : 15.49  aroonosc : -57.14
-----------------------------------------------
11:01:23 : SCANNING : VTL
circuit : 6.94%  2021-12-21T11:00:00+0530
adx : 46.42  aroonosc : 85.71
-----------------------------------------------
11:01:23 : SCANNING : WABCOINDIA
circuit : 0.79%  2021-12-21T11:00:00+0530
adx : 9.91  aroonosc : -92.86
-----------------------------------------------
11:01:23 : SCANNING : WELCORP
circuit : 3.46%  2021-12-21T11:00:00+0530
adx : 39.25  aroonosc : 64.29
-----------------------------------------------
11:01:24 : SCANNING : WELSPUNIND
circuit : 1.25%  2021-12-21T11:00:00+0530
adx : 22.61  aroonosc : -85.71
-----------------------------------------------
11:01:24 : SCANNING : WESTLIFE
circuit : 0.39%  2021-12-21T11:00:00+0530
adx : 25.0  aroonosc : 64.29
-----------------------------------------------
11:01:25 : SCANNING : WHIRLPOOL
circuit : 0.74%  2021-12-21T11:00:00+0530
adx : 13.05  aroonosc : 7.14
-----------------------------------------------
11:01:25 : SCANNING : WIPRO
circuit : 1.7%  2021-12-21T11:00:00+0530
adx : 56.92  aroonosc : 21.43
-----------------------------------------------
11:01:25 : SCANNING : WOCKPHARMA
circuit : -0.15%  2021-12-21T11:00:00+0530
adx : 16.1  aroonosc : 14.29
-----------------------------------------------
11:01:26 : SCANNING : YESBANK
circuit : 0.38%  2021-12-21T11:00:00+0530
adx : 47.16  aroonosc : 92.86
-----------------------------------------------
11:01:26 : SCANNING : ZEEL
circuit : 2.82%  2021-12-21T11:00:00+0530
adx : 31.62  aroonosc : 71.43
-----------------------------------------------
11:01:26 : SCANNING : ZENSARTECH
circuit : 3.58%  2021-12-21T11:00:00+0530
adx : 46.5  aroonosc : 7.14
-----------------------------------------------
11:01:27 : SCANNING : ZYDUSWELL
circuit : -0.95%  2021-12-21T11:00:00+0530
adx : 38.67  aroonosc : 85.71
-----------------------------------------------
11:01:27 : SCANNING : PAYTM
circuit : 1.57%  2021-12-21T11:00:00+0530
adx : 19.81  aroonosc : -85.71
-----------------------------------------------
===================================================
11:01:27 : END
===================================================
Start Time     : 2021-12-21 10:58:02.071233
End Time       : 2021-12-21 11:01:27.741083
Time Taken     : 3.0
===================================================
