===================================================
10:50:02 : START
===================================================
10:50:02 : PROCESSING INSTRUMENTS SYMBOLS
-----------------------------------------------
10:50:03 : SCANNING : 3MINDIA
circuit : -0.21%  2021-12-21T10:50:00+0530
adx : 28.8  aroonosc : 71.43
-----------------------------------------------
10:50:03 : SCANNING : AARTIDRUGS
circuit : 0.47%  2021-12-21T10:50:00+0530
adx : 11.53  aroonosc : 57.14
-----------------------------------------------
10:50:03 : SCANNING : AARTIIND
circuit : 1.26%  2021-12-21T10:50:00+0530
adx : 37.97  aroonosc : 64.29
-----------------------------------------------
10:50:04 : SCANNING : AAVAS
circuit : 0.99%  2021-12-21T10:45:00+0530
adx : 52.59  aroonosc : 100.0
-----------------------------------------------
10:50:04 : SCANNING : ABB
circuit : 1.15%  2021-12-21T10:45:00+0530
adx : 19.15  aroonosc : 92.86
-----------------------------------------------
10:50:04 : SCANNING : ABBOTINDIA
circuit : -0.16%  2021-12-21T10:50:00+0530
adx : 30.22  aroonosc : 78.57
-----------------------------------------------
10:50:05 : SCANNING : ABCAPITAL
circuit : 2.59%  2021-12-21T10:50:00+0530
adx : 32.69  aroonosc : 64.29
-----------------------------------------------
10:50:05 : SCANNING : ABFRL
circuit : 2.12%  2021-12-21T10:50:00+0530
adx : 40.78  aroonosc : 28.57
-----------------------------------------------
10:50:05 : SCANNING : ACC
circuit : 1.4%  2021-12-21T10:45:00+0530
adx : 45.68  aroonosc : 100.0
-----------------------------------------------
10:50:06 : SCANNING : ADANIENT
circuit : 0.49%  2021-12-21T10:45:00+0530
adx : 40.21  aroonosc : 64.29
-----------------------------------------------
10:50:06 : SCANNING : ADANIGREEN
circuit : 0.05%  2021-12-21T10:50:00+0530
adx : 24.35  aroonosc : 21.43
-----------------------------------------------
10:50:06 : SCANNING : ADANIPORTS
circuit : -0.92%  2021-12-21T10:45:00+0530
adx : 21.79  aroonosc : 28.57
-----------------------------------------------
10:50:07 : SCANNING : ADVENZYMES
circuit : 1.49%  2021-12-21T10:45:00+0530
adx : 21.74  aroonosc : 57.14
-----------------------------------------------
10:50:07 : SCANNING : AEGISCHEM
circuit : -2.02%  2021-12-21T10:50:00+0530
adx : 40.42  aroonosc : 78.57
-----------------------------------------------
10:50:07 : SCANNING : AFFLE
circuit : 1.12%  2021-12-21T10:50:00+0530
adx : 15.29  aroonosc : 21.43
-----------------------------------------------
10:50:08 : SCANNING : AIAENG
circuit : -0.62%  2021-12-21T10:50:00+0530
adx : 12.05  aroonosc : 21.43
-----------------------------------------------
10:50:08 : SCANNING : AJANTPHARM
circuit : -0.55%  2021-12-21T10:50:00+0530
adx : 18.61  aroonosc : 50.0
-----------------------------------------------
10:50:08 : SCANNING : AKZOINDIA
circuit : -1.25%  2021-12-21T10:50:00+0530
adx : 34.51  aroonosc : -71.43
-----------------------------------------------
10:50:09 : SCANNING : ALEMBICLTD
circuit : -0.51%  2021-12-21T10:45:00+0530
adx : 13.11  aroonosc : 78.57
-----------------------------------------------
10:50:09 : SCANNING : ALKEM
circuit : 0.47%  2021-12-21T10:50:00+0530
adx : 10.66  aroonosc : -64.29
-----------------------------------------------
10:50:09 : SCANNING : ALKYLAMINE
circuit : -1.71%  2021-12-21T10:50:00+0530
adx : 46.54  aroonosc : -28.57
-----------------------------------------------
10:50:10 : SCANNING : ALOKINDS
circuit : 1.32%  2021-12-21T10:50:00+0530
adx : 41.73  aroonosc : 85.71
-----------------------------------------------
10:50:10 : SCANNING : AMARAJABAT
circuit : 0.45%  2021-12-21T10:50:00+0530
adx : 36.23  aroonosc : 78.57
-----------------------------------------------
10:50:10 : SCANNING : AMBER
circuit : 3.13%  2021-12-21T10:45:00+0530
adx : 42.3  aroonosc : 71.43
-----------------------------------------------
10:50:11 : SCANNING : AMBUJACEM
circuit : 2.28%  2021-12-21T10:45:00+0530
adx : 46.74  aroonosc : 100.0
-----------------------------------------------
10:50:11 : SCANNING : ANGELBRKG
circuit : 2.46%  2021-12-21T10:50:00+0530
adx : 41.66  aroonosc : 64.29
-----------------------------------------------
10:50:11 : SCANNING : APLAPOLLO
circuit : 2.38%  2021-12-21T10:50:00+0530
adx : 16.36  aroonosc : 78.57
-----------------------------------------------
10:50:12 : SCANNING : APLLTD
circuit : -1.1%  2021-12-21T10:50:00+0530
adx : 47.74  aroonosc : 14.29
-----------------------------------------------
10:50:12 : SCANNING : APOLLOHOSP
circuit : -0.48%  2021-12-21T10:45:00+0530
adx : 29.65  aroonosc : 42.86
-----------------------------------------------
10:50:12 : SCANNING : APOLLOTYRE
circuit : 0.27%  2021-12-21T10:50:00+0530
adx : 20.94  aroonosc : 64.29
-----------------------------------------------
10:50:13 : SCANNING : ASAHIINDIA
circuit : -1.02%  2021-12-21T10:50:00+0530
adx : 32.64  aroonosc : 14.29
-----------------------------------------------
10:50:13 : SCANNING : ASHOKA
circuit : 0.33%  2021-12-21T10:50:00+0530
adx : 19.06  aroonosc : -42.86
-----------------------------------------------
10:50:13 : SCANNING : ASHOKLEY
circuit : 2.08%  2021-12-21T10:45:00+0530
adx : 44.18  aroonosc : 85.71
-----------------------------------------------
10:50:14 : SCANNING : ASIANPAINT
circuit : 0.86%  2021-12-21T10:50:00+0530
adx : 40.62  aroonosc : 92.86
-----------------------------------------------
10:50:14 : SCANNING : ASTERDM
circuit : -1.07%  2021-12-21T10:50:00+0530
adx : 37.68  aroonosc : 42.86
-----------------------------------------------
10:50:14 : SCANNING : ASTRAL
circuit : -2.01%  2021-12-21T10:50:00+0530
adx : 16.89  aroonosc : 35.71
-----------------------------------------------
10:50:15 : SCANNING : ASTRAZEN
circuit : -0.67%  2021-12-21T10:50:00+0530
adx : 28.49  aroonosc : -42.86
-----------------------------------------------
10:50:15 : SCANNING : ATUL
circuit : 0.12%  2021-12-21T10:45:00+0530
adx : 20.86  aroonosc : 64.29
-----------------------------------------------
10:50:16 : SCANNING : AUBANK
circuit : 3.62%  2021-12-21T10:50:00+0530
adx : 50.75  aroonosc : 71.43
-----------------------------------------------
10:50:16 : SCANNING : AUROPHARMA
circuit : -0.32%  2021-12-21T10:45:00+0530
adx : 23.42  aroonosc : 71.43
-----------------------------------------------
10:50:16 : SCANNING : AVANTIFEED
circuit : -0.43%  2021-12-21T10:50:00+0530
adx : 42.02  aroonosc : 14.29
-----------------------------------------------
10:50:16 : SCANNING : AXISBANK
circuit : -1.19%  2021-12-21T10:45:00+0530
adx : 20.16  aroonosc : 28.57
-----------------------------------------------
10:50:17 : SCANNING : BAJAJ-AUTO
circuit : 0.85%  2021-12-21T10:45:00+0530
adx : 47.31  aroonosc : 71.43
-----------------------------------------------
10:50:17 : SCANNING : BAJAJCON
circuit : 0.15%  2021-12-21T10:50:00+0530
adx : 21.55  aroonosc : 21.43
-----------------------------------------------
10:50:17 : SCANNING : BAJAJELEC
circuit : -0.89%  2021-12-21T10:45:00+0530
adx : 21.22  aroonosc : -85.71
-----------------------------------------------
10:50:18 : SCANNING : BAJAJFINSV
circuit : -0.76%  2021-12-21T10:45:00+0530
adx : 40.15  aroonosc : 100.0
-----------------------------------------------
10:50:18 : SCANNING : BAJAJHLDNG
circuit : -0.19%  2021-12-21T10:50:00+0530
adx : 15.21  aroonosc : -14.29
-----------------------------------------------
10:50:18 : SCANNING : BAJFINANCE
circuit : -0.17%  2021-12-21T10:45:00+0530
adx : 30.69  aroonosc : 64.29
-----------------------------------------------
10:50:19 : SCANNING : BALAMINES
circuit : 0.25%  2021-12-21T10:50:00+0530
adx : 11.7  aroonosc : 71.43
-----------------------------------------------
10:50:19 : SCANNING : BALKRISIND
circuit : -0.89%  2021-12-21T10:50:00+0530
adx : 14.95  aroonosc : 42.86
-----------------------------------------------
10:50:20 : SCANNING : BALMLAWRIE
circuit : 1.32%  2021-12-21T10:50:00+0530
adx : 30.51  aroonosc : 92.86
-----------------------------------------------
10:50:20 : SCANNING : BALRAMCHIN
circuit : 1.9%  2021-12-21T10:50:00+0530
adx : 44.47  aroonosc : 42.86
-----------------------------------------------
10:50:20 : SCANNING : BANDHANBNK
circuit : 0.12%  2021-12-21T10:45:00+0530
adx : 23.99  aroonosc : 28.57
-----------------------------------------------
10:50:20 : SCANNING : BANKBARODA
circuit : 0.68%  2021-12-21T10:50:00+0530
adx : 14.41  aroonosc : -28.57
-----------------------------------------------
10:50:21 : SCANNING : BANKINDIA
circuit : 1.29%  2021-12-21T10:50:00+0530
adx : 47.32  aroonosc : 64.29
-----------------------------------------------
10:50:21 : SCANNING : BASF
circuit : 0.36%  2021-12-21T10:50:00+0530
adx : 37.73  aroonosc : -71.43
-----------------------------------------------
10:50:21 : SCANNING : BATAINDIA
circuit : 0.61%  2021-12-21T10:45:00+0530
adx : 23.81  aroonosc : -57.14
-----------------------------------------------
10:50:22 : SCANNING : BAYERCROP
circuit : -1.71%  2021-12-21T10:45:00+0530
adx : 20.82  aroonosc : -57.14
-----------------------------------------------
10:50:22 : SCANNING : BBTC
circuit : 0.05%  2021-12-21T10:50:00+0530
adx : 22.63  aroonosc : 35.71
-----------------------------------------------
10:50:23 : SCANNING : BDL
circuit : 1.9%  2021-12-21T10:45:00+0530
adx : 33.53  aroonosc : 28.57
-----------------------------------------------
10:50:23 : SCANNING : BEL
circuit : 1.46%  2021-12-21T10:50:00+0530
adx : 35.71  aroonosc : -28.57
-----------------------------------------------
10:50:23 : SCANNING : BEML
circuit : 2.07%  2021-12-21T10:50:00+0530
adx : 43.47  aroonosc : -85.71
-----------------------------------------------
10:50:24 : SCANNING : BERGEPAINT
circuit : 0.46%  2021-12-21T10:45:00+0530
adx : 37.73  aroonosc : 71.43
-----------------------------------------------
10:50:24 : SCANNING : BHARATFORG
circuit : 0.9%  2021-12-21T10:45:00+0530
adx : 24.45  aroonosc : 71.43
-----------------------------------------------
10:50:24 : SCANNING : BHARATRAS
circuit : 2.29%  2021-12-21T10:45:00+0530
adx : 41.95  aroonosc : 7.14
-----------------------------------------------
10:50:25 : SCANNING : BHARTIARTL
-----------------------------------------------
10:50:25 : SCANNING : BHEL
circuit : 0.43%  2021-12-21T10:50:00+0530
adx : 19.58  aroonosc : 57.14
-----------------------------------------------
10:50:25 : SCANNING : BIOCON
circuit : 0.64%  2021-12-21T10:50:00+0530
adx : 11.54  aroonosc : 71.43
-----------------------------------------------
10:50:26 : SCANNING : BIRLACORPN
circuit : 3.47%  2021-12-21T10:45:00+0530
adx : 16.39  aroonosc : 92.86
-----------------------------------------------
10:50:26 : SCANNING : BLISSGVS
circuit : 1.26%  2021-12-21T10:45:00+0530
adx : 24.42  aroonosc : 92.86
-----------------------------------------------
10:50:26 : SCANNING : BLUEDART
circuit : 1.31%  2021-12-21T10:45:00+0530
adx : 38.92  aroonosc : 42.86
-----------------------------------------------
10:50:27 : SCANNING : BLUESTARCO
circuit : -1.35%  2021-12-21T10:45:00+0530
adx : 25.92  aroonosc : 42.86
-----------------------------------------------
10:50:27 : SCANNING : BOSCHLTD
circuit : 3.61%  2021-12-21T10:50:00+0530
adx : 58.38  aroonosc : 28.57
-----------------------------------------------
10:50:27 : SCANNING : BPCL
circuit : -0.21%  2021-12-21T10:50:00+0530
adx : 22.08  aroonosc : 100.0
-----------------------------------------------
10:50:28 : SCANNING : BRIGADE
circuit : 3.22%  2021-12-21T10:50:00+0530
adx : 33.26  aroonosc : 50.0
-----------------------------------------------
10:50:28 : SCANNING : BRITANNIA
circuit : 1.29%  2021-12-21T10:50:00+0530
adx : 32.42  aroonosc : 92.86
-----------------------------------------------
10:50:28 : SCANNING : BSE
circuit : -1.6%  2021-12-21T10:50:00+0530
adx : 12.89  aroonosc : -71.43
-----------------------------------------------
10:50:29 : SCANNING : BSOFT
circuit : 0.87%  2021-12-21T10:50:00+0530
adx : 35.19  aroonosc : 78.57
-----------------------------------------------
10:50:29 : SCANNING : BURGERKING
circuit : 0.66%  2021-12-21T10:50:00+0530
adx : 25.48  aroonosc : 21.43
-----------------------------------------------
10:50:29 : SCANNING : CADILAHC
circuit : 1.15%  2021-12-21T10:50:00+0530
adx : 41.85  aroonosc : 92.86
-----------------------------------------------
10:50:30 : SCANNING : CAMS
circuit : -0.1%  2021-12-21T10:45:00+0530
adx : 25.78  aroonosc : 14.29
-----------------------------------------------
10:50:30 : SCANNING : CANBK
circuit : -0.1%  2021-12-21T10:45:00+0530
adx : 24.02  aroonosc : 21.43
-----------------------------------------------
10:50:30 : SCANNING : CANFINHOME
circuit : 0.72%  2021-12-21T10:45:00+0530
adx : 23.28  aroonosc : 71.43
-----------------------------------------------
10:50:31 : SCANNING : CAPLIPOINT
circuit : 0.73%  2021-12-21T10:45:00+0530
adx : 26.4  aroonosc : 21.43
-----------------------------------------------
10:50:31 : SCANNING : CARBORUNIV
circuit : 2.01%  2021-12-21T10:50:00+0530
adx : 13.79  aroonosc : 64.29
-----------------------------------------------
10:50:31 : SCANNING : CASTROLIND
circuit : -0.86%  2021-12-21T10:50:00+0530
adx : 14.62  aroonosc : -7.14
-----------------------------------------------
10:50:32 : SCANNING : CCL
circuit : 2.24%  2021-12-21T10:50:00+0530
adx : 40.48  aroonosc : 78.57
-----------------------------------------------
10:50:32 : SCANNING : CEATLTD
circuit : 0.27%  2021-12-21T10:50:00+0530
adx : 13.99  aroonosc : 85.71
-----------------------------------------------
10:50:32 : SCANNING : CENTRALBK
circuit : 1.66%  2021-12-21T10:50:00+0530
adx : 37.58  aroonosc : 42.86
-----------------------------------------------
10:50:33 : SCANNING : CENTURYPLY
circuit : 1.35%  2021-12-21T10:50:00+0530
adx : 12.44  aroonosc : 42.86
-----------------------------------------------
10:50:33 : SCANNING : CENTURYTEX
circuit : 2.62%  2021-12-21T10:50:00+0530
adx : 23.91  aroonosc : 64.29
-----------------------------------------------
10:50:33 : SCANNING : CERA
circuit : 3.98%  2021-12-21T10:45:00+0530
adx : 36.0  aroonosc : 57.14
-----------------------------------------------
10:50:34 : SCANNING : CESC
circuit : 1.34%  2021-12-21T10:50:00+0530
adx : 38.29  aroonosc : 78.57
-----------------------------------------------
10:50:34 : SCANNING : CGCL
circuit : -0.63%  2021-12-21T10:50:00+0530
adx : 21.04  aroonosc : -64.29
-----------------------------------------------
10:50:35 : SCANNING : CHALET
circuit : 0.25%  2021-12-21T10:50:00+0530
adx : 10.43  aroonosc : 78.57
-----------------------------------------------
10:50:35 : SCANNING : CHAMBLFERT
circuit : -0.18%  2021-12-21T10:50:00+0530
adx : 19.83  aroonosc : 35.71
-----------------------------------------------
10:50:35 : SCANNING : CHOLAFIN
circuit : 1.69%  2021-12-21T10:45:00+0530
adx : 35.36  aroonosc : 78.57
-----------------------------------------------
10:50:36 : SCANNING : CHOLAHLDNG
circuit : 1.04%  2021-12-21T10:50:00+0530
adx : 19.39  aroonosc : 100.0
-----------------------------------------------
10:50:36 : SCANNING : CIPLA
circuit : -0.45%  2021-12-21T10:45:00+0530
adx : 13.92  aroonosc : 57.14
-----------------------------------------------
10:50:36 : SCANNING : COALINDIA
circuit : 1.9%  2021-12-21T10:45:00+0530
adx : 41.96  aroonosc : 100.0
-----------------------------------------------
10:50:36 : SCANNING : COCHINSHIP
circuit : 1.13%  2021-12-21T10:50:00+0530
adx : 17.02  aroonosc : 14.29
-----------------------------------------------
10:50:37 : SCANNING : COFORGE
circuit : 1.94%  2021-12-21T10:45:00+0530
adx : 45.04  aroonosc : 21.43
-----------------------------------------------
10:50:37 : SCANNING : COLPAL
circuit : 1.87%  2021-12-21T10:50:00+0530
adx : 41.92  aroonosc : 92.86
-----------------------------------------------
10:50:37 : SCANNING : CONCOR
circuit : 0.65%  2021-12-21T10:50:00+0530
adx : 23.51  aroonosc : 35.71
-----------------------------------------------
10:50:38 : SCANNING : COROMANDEL
circuit : 0.41%  2021-12-21T10:50:00+0530
adx : 10.38  aroonosc : 100.0
-----------------------------------------------
10:50:38 : SCANNING : CREDITACC
circuit : -1.91%  2021-12-21T10:45:00+0530
adx : 11.56  aroonosc : 21.43
-----------------------------------------------
10:50:39 : SCANNING : CRISIL
circuit : 1.82%  2021-12-21T10:50:00+0530
adx : 32.91  aroonosc : 92.86
-----------------------------------------------
10:50:39 : SCANNING : CROMPTON
circuit : 0.5%  2021-12-21T10:50:00+0530
adx : 20.18  aroonosc : 35.71
-----------------------------------------------
10:50:40 : SCANNING : CSBBANK
circuit : 1.1%  2021-12-21T10:45:00+0530
adx : 17.87  aroonosc : 35.71
-----------------------------------------------
10:50:40 : SCANNING : CUB
circuit : 0.48%  2021-12-21T10:50:00+0530
adx : 26.6  aroonosc : 57.14
-----------------------------------------------
10:50:40 : SCANNING : CUMMINSIND
circuit : 0.99%  2021-12-21T10:45:00+0530
adx : 30.12  aroonosc : 35.71
-----------------------------------------------
10:50:40 : SCANNING : CYIENT
circuit : 0.04%  2021-12-21T10:50:00+0530
adx : 15.98  aroonosc : 21.43
-----------------------------------------------
10:50:41 : SCANNING : DABUR
circuit : 0.79%  2021-12-21T10:50:00+0530
adx : 49.24  aroonosc : 100.0
-----------------------------------------------
10:50:41 : SCANNING : DALBHARAT
circuit : 4.23%  2021-12-21T10:50:00+0530
adx : 50.95  aroonosc : 71.43
-----------------------------------------------
10:50:42 : SCANNING : DBL
circuit : -0.98%  2021-12-21T10:50:00+0530
adx : 46.98  aroonosc : 78.57
-----------------------------------------------
10:50:42 : SCANNING : DCAL
circuit : 2.0%  2021-12-21T10:50:00+0530
adx : 26.87  aroonosc : 64.29
-----------------------------------------------
10:50:42 : SCANNING : DCBBANK
circuit : 2.24%  2021-12-21T10:50:00+0530
adx : 36.42  aroonosc : 85.71
-----------------------------------------------
10:50:43 : SCANNING : DCMSHRIRAM
circuit : 0.7%  2021-12-21T10:50:00+0530
adx : 15.84  aroonosc : 35.71
-----------------------------------------------
10:50:43 : SCANNING : DEEPAKNTR
circuit : 1.77%  2021-12-21T10:50:00+0530
adx : 41.49  aroonosc : 85.71
-----------------------------------------------
10:50:43 : SCANNING : DELTACORP
circuit : 0.79%  2021-12-21T10:50:00+0530
adx : 25.7  aroonosc : 85.71
-----------------------------------------------
10:50:44 : SCANNING : DHANI
circuit : 3.51%  2021-12-21T10:50:00+0530
adx : 31.61  aroonosc : 78.57
-----------------------------------------------
10:50:44 : SCANNING : DHANUKA
circuit : -0.24%  2021-12-21T10:50:00+0530
adx : 14.46  aroonosc : 85.71
-----------------------------------------------
10:50:44 : SCANNING : DISHTV
circuit : 2.4%  2021-12-21T10:50:00+0530
adx : 40.06  aroonosc : -7.14
-----------------------------------------------
10:50:45 : SCANNING : DIVISLAB
circuit : -1.32%  2021-12-21T10:45:00+0530
adx : 21.56  aroonosc : -71.43
-----------------------------------------------
10:50:45 : SCANNING : DIXON
circuit : 2.27%  2021-12-21T10:45:00+0530
adx : 44.11  aroonosc : 85.71
-----------------------------------------------
10:50:45 : SCANNING : DLF
circuit : 0.81%  2021-12-21T10:50:00+0530
adx : 44.33  aroonosc : 64.29
-----------------------------------------------
10:50:46 : SCANNING : DMART
circuit : 0.39%  2021-12-21T10:50:00+0530
adx : 13.69  aroonosc : -7.14
-----------------------------------------------
10:50:46 : SCANNING : DRREDDY
circuit : 0.74%  2021-12-21T10:45:00+0530
adx : 27.98  aroonosc : 100.0
-----------------------------------------------
10:50:46 : SCANNING : ECLERX
circuit : 0.8%  2021-12-21T10:45:00+0530
adx : 16.46  aroonosc : 28.57
-----------------------------------------------
10:50:47 : SCANNING : EDELWEISS
circuit : 0.36%  2021-12-21T10:50:00+0530
adx : 13.12  aroonosc : -28.57
-----------------------------------------------
10:50:47 : SCANNING : EICHERMOT
circuit : 0.38%  2021-12-21T10:50:00+0530
adx : 36.89  aroonosc : 92.86
-----------------------------------------------
10:50:47 : SCANNING : EIDPARRY
circuit : 1.43%  2021-12-21T10:50:00+0530
adx : 25.22  aroonosc : 64.29
-----------------------------------------------
10:50:48 : SCANNING : EIHOTEL
circuit : 1.54%  2021-12-21T10:50:00+0530
adx : 11.13  aroonosc : 21.43
-----------------------------------------------
10:50:48 : SCANNING : ELGIEQUIP
circuit : -0.67%  2021-12-21T10:50:00+0530
adx : 33.43  aroonosc : -85.71
-----------------------------------------------
10:50:49 : SCANNING : EMAMILTD
circuit : -0.74%  2021-12-21T10:50:00+0530
adx : 31.72  aroonosc : 85.71
-----------------------------------------------
10:50:49 : SCANNING : ENDURANCE
circuit : 0.07%  2021-12-21T10:50:00+0530
adx : 21.07  aroonosc : -21.43
-----------------------------------------------
10:50:50 : SCANNING : ENGINERSIN
circuit : 0.15%  2021-12-21T10:50:00+0530
adx : 14.53  aroonosc : 35.71
-----------------------------------------------
10:50:50 : SCANNING : EPL
circuit : 1.49%  2021-12-21T10:50:00+0530
adx : 36.26  aroonosc : 92.86
-----------------------------------------------
10:50:51 : SCANNING : EQUITAS
circuit : -1.31%  2021-12-21T10:50:00+0530
adx : 24.45  aroonosc : -71.43
-----------------------------------------------
10:50:51 : SCANNING : ERIS
circuit : -0.27%  2021-12-21T10:50:00+0530
adx : 20.34  aroonosc : 57.14
-----------------------------------------------
10:50:51 : SCANNING : ESCORTS
circuit : 0.51%  2021-12-21T10:50:00+0530
adx : 20.84  aroonosc : 14.29
-----------------------------------------------
10:50:51 : SCANNING : EXIDEIND
circuit : 0.25%  2021-12-21T10:50:00+0530
adx : 41.05  aroonosc : -78.57
-----------------------------------------------
10:50:52 : SCANNING : FCONSUMER
circuit : -7.1%  2021-12-21T10:50:00+0530
adx : 31.25  aroonosc : 57.14
-----------------------------------------------
10:50:52 : SCANNING : FDC
circuit : 0.11%  2021-12-21T10:50:00+0530
adx : 14.09  aroonosc : -71.43
-----------------------------------------------
10:50:52 : SCANNING : FEDERALBNK
circuit : -0.67%  2021-12-21T10:50:00+0530
adx : 22.73  aroonosc : 78.57
-----------------------------------------------
10:50:53 : SCANNING : FINCABLES
circuit : 1.45%  2021-12-21T10:45:00+0530
adx : 11.71  aroonosc : 50.0
-----------------------------------------------
10:50:53 : SCANNING : FINEORG
circuit : 1.37%  2021-12-21T10:50:00+0530
adx : 21.17  aroonosc : 92.86
-----------------------------------------------
10:50:53 : SCANNING : FINPIPE
circuit : 3.61%  2021-12-21T10:50:00+0530
adx : 36.65  aroonosc : 85.71
-----------------------------------------------
10:50:54 : SCANNING : FLUOROCHEM
circuit : 4.41%  2021-12-21T10:50:00+0530
adx : 33.15  aroonosc : -35.71
-----------------------------------------------
10:50:54 : SCANNING : FORTIS
circuit : 3.26%  2021-12-21T10:50:00+0530
adx : 44.33  aroonosc : 78.57
-----------------------------------------------
10:50:55 : SCANNING : FRETAIL
circuit : -9.6%  2021-12-21T10:50:00+0530
adx : 33.14  aroonosc : 50.0
-----------------------------------------------
10:50:55 : SCANNING : FSL
circuit : 0.71%  2021-12-21T10:50:00+0530
adx : 15.29  aroonosc : -35.71
-----------------------------------------------
10:50:55 : SCANNING : GAEL
circuit : 1.44%  2021-12-21T10:50:00+0530
adx : 17.18  aroonosc : 64.29
-----------------------------------------------
10:50:55 : SCANNING : GAIL
circuit : 0.98%  2021-12-21T10:45:00+0530
adx : 38.4  aroonosc : 71.43
-----------------------------------------------
10:50:56 : SCANNING : GALAXYSURF
circuit : -0.76%  2021-12-21T10:50:00+0530
adx : 34.48  aroonosc : -85.71
-----------------------------------------------
10:50:56 : SCANNING : GARFIBRES
circuit : -0.9%  2021-12-21T10:50:00+0530
adx : 30.3  aroonosc : -78.57
-----------------------------------------------
10:50:56 : SCANNING : GEPIL
circuit : 1.48%  2021-12-21T10:45:00+0530
adx : 13.83  aroonosc : 78.57
-----------------------------------------------
10:50:57 : SCANNING : GESHIP
circuit : 0.97%  2021-12-21T10:50:00+0530
adx : 28.02  aroonosc : 21.43
-----------------------------------------------
10:50:57 : SCANNING : GICRE
circuit : 1.31%  2021-12-21T10:50:00+0530
adx : 14.77  aroonosc : 28.57
-----------------------------------------------
10:50:58 : SCANNING : GILLETTE
circuit : 1.23%  2021-12-21T10:50:00+0530
adx : 25.02  aroonosc : 64.29
-----------------------------------------------
10:50:58 : SCANNING : GLAND
circuit : 1.52%  2021-12-21T10:50:00+0530
adx : 17.72  aroonosc : 78.57
-----------------------------------------------
10:50:59 : SCANNING : GLAXO
circuit : 1.78%  2021-12-21T10:45:00+0530
adx : 42.11  aroonosc : 64.29
-----------------------------------------------
10:50:59 : SCANNING : GLENMARK
circuit : -0.4%  2021-12-21T10:45:00+0530
adx : 18.73  aroonosc : 21.43
-----------------------------------------------
10:50:59 : SCANNING : GMMPFAUDLR
circuit : 2.42%  2021-12-21T10:50:00+0530
adx : 51.85  aroonosc : 78.57
-----------------------------------------------
10:51:00 : SCANNING : GMRINFRA
circuit : 1.0%  2021-12-21T10:50:00+0530
adx : 31.58  aroonosc : 57.14
-----------------------------------------------
10:51:00 : SCANNING : GNFC
circuit : 1.27%  2021-12-21T10:50:00+0530
adx : 29.33  aroonosc : 57.14
-----------------------------------------------
10:51:00 : SCANNING : GODFRYPHLP
circuit : 0.12%  2021-12-21T10:50:00+0530
adx : 12.74  aroonosc : -64.29
-----------------------------------------------
10:51:01 : SCANNING : GODREJAGRO
circuit : -0.76%  2021-12-21T10:50:00+0530
adx : 25.19  aroonosc : 28.57
-----------------------------------------------
10:51:01 : SCANNING : GODREJCP
circuit : 4.75%  2021-12-21T10:50:00+0530
adx : 49.36  aroonosc : 85.71
-----------------------------------------------
10:51:01 : SCANNING : GODREJIND
circuit : 2.35%  2021-12-21T10:50:00+0530
adx : 42.9  aroonosc : 7.14
-----------------------------------------------
10:51:02 : SCANNING : GODREJPROP
circuit : 1.29%  2021-12-21T10:50:00+0530
adx : 21.01  aroonosc : 35.71
-----------------------------------------------
10:51:02 : SCANNING : GPPL
circuit : 0.21%  2021-12-21T10:50:00+0530
adx : 35.29  aroonosc : 57.14
-----------------------------------------------
10:51:03 : SCANNING : GRANULES
circuit : -0.48%  2021-12-21T10:50:00+0530
adx : 9.02  aroonosc : -7.14
-----------------------------------------------
10:51:03 : SCANNING : GRAPHITE
circuit : 0.11%  2021-12-21T10:50:00+0530
adx : 27.27  aroonosc : -64.29
-----------------------------------------------
10:51:03 : SCANNING : GRASIM
circuit : 2.17%  2021-12-21T10:50:00+0530
adx : 53.35  aroonosc : 50.0
-----------------------------------------------
10:51:04 : SCANNING : GREAVESCOT
circuit : 1.15%  2021-12-21T10:50:00+0530
adx : 33.31  aroonosc : 64.29
-----------------------------------------------
10:51:04 : SCANNING : GRINDWELL
circuit : 0.06%  2021-12-21T10:50:00+0530
adx : 35.32  aroonosc : -42.86
-----------------------------------------------
10:51:04 : SCANNING : GRSE
circuit : 2.71%  2021-12-21T10:50:00+0530
adx : 20.47  aroonosc : 64.29
-----------------------------------------------
10:51:05 : SCANNING : GSFC
circuit : 0.74%  2021-12-21T10:50:00+0530
adx : 15.37  aroonosc : 21.43
-----------------------------------------------
10:51:05 : SCANNING : GSPL
circuit : 0.86%  2021-12-21T10:50:00+0530
adx : 25.04  aroonosc : 78.57
-----------------------------------------------
10:51:06 : SCANNING : GUJALKALI
circuit : -0.25%  2021-12-21T10:50:00+0530
adx : 34.76  aroonosc : -78.57
-----------------------------------------------
10:51:06 : SCANNING : GUJGASLTD
circuit : 1.51%  2021-12-21T10:50:00+0530
adx : 52.97  aroonosc : 50.0
-----------------------------------------------
10:51:06 : SCANNING : GULFOILLUB
circuit : -0.16%  2021-12-21T10:50:00+0530
adx : 22.29  aroonosc : 35.71
-----------------------------------------------
10:51:06 : SCANNING : HAL
circuit : 0.13%  2021-12-21T10:50:00+0530
adx : 30.76  aroonosc : 14.29
-----------------------------------------------
10:51:07 : SCANNING : HATSUN
circuit : -1.98%  2021-12-21T10:50:00+0530
adx : 17.9  aroonosc : -71.43
-----------------------------------------------
10:51:07 : SCANNING : HAVELLS
circuit : 2.77%  2021-12-21T10:50:00+0530
adx : 38.59  aroonosc : 35.71
-----------------------------------------------
10:51:08 : SCANNING : HCLTECH
circuit : 3.31%  2021-12-21T10:50:00+0530
adx : 61.94  aroonosc : 42.86
-----------------------------------------------
10:51:08 : SCANNING : HDFC
circuit : -0.56%  2021-12-21T10:50:00+0530
adx : 48.51  aroonosc : 78.57
-----------------------------------------------
10:51:08 : SCANNING : HDFCAMC
circuit : 0.38%  2021-12-21T10:50:00+0530
adx : 29.16  aroonosc : 71.43
-----------------------------------------------
10:51:08 : SCANNING : HDFCBANK
circuit : 0.18%  2021-12-21T10:50:00+0530
adx : 18.36  aroonosc : 85.71
-----------------------------------------------
10:51:09 : SCANNING : HDFCLIFE
circuit : 0.03%  2021-12-21T10:50:00+0530
adx : 29.89  aroonosc : 100.0
-----------------------------------------------
10:51:09 : SCANNING : HEG
circuit : -0.34%  2021-12-21T10:50:00+0530
adx : 13.23  aroonosc : 50.0
-----------------------------------------------
10:51:09 : SCANNING : HEIDELBERG
circuit : 0.28%  2021-12-21T10:50:00+0530
adx : 19.47  aroonosc : -28.57
-----------------------------------------------
10:51:10 : SCANNING : HEMIPROP
circuit : 1.64%  2021-12-21T10:50:00+0530
adx : 26.36  aroonosc : -21.43
-----------------------------------------------
10:51:10 : SCANNING : HEROMOTOCO
circuit : -1.31%  2021-12-21T10:50:00+0530
adx : 37.3  aroonosc : 28.57
-----------------------------------------------
10:51:10 : SCANNING : HINDALCO
circuit : 2.1%  2021-12-21T10:50:00+0530
adx : 58.3  aroonosc : 92.86
-----------------------------------------------
10:51:11 : SCANNING : HINDCOPPER
circuit : 1.18%  2021-12-21T10:50:00+0530
adx : 38.51  aroonosc : 64.29
-----------------------------------------------
10:51:11 : SCANNING : HINDPETRO
circuit : 0.88%  2021-12-21T10:50:00+0530
adx : 19.87  aroonosc : 78.57
-----------------------------------------------
10:51:11 : SCANNING : HINDUNILVR
circuit : -0.02%  2021-12-21T10:50:00+0530
adx : 32.08  aroonosc : 42.86
-----------------------------------------------
10:51:12 : SCANNING : HINDZINC
circuit : 1.84%  2021-12-21T10:50:00+0530
adx : 28.1  aroonosc : 92.86
-----------------------------------------------
10:51:12 : SCANNING : HONAUT
circuit : -0.25%  2021-12-21T10:50:00+0530
adx : 17.15  aroonosc : -57.14
-----------------------------------------------
10:51:12 : SCANNING : HSCL
circuit : 1.53%  2021-12-21T10:50:00+0530
adx : 46.04  aroonosc : 21.43
-----------------------------------------------
10:51:13 : SCANNING : HUDCO
circuit : 0.52%  2021-12-21T10:50:00+0530
adx : 20.52  aroonosc : -64.29
-----------------------------------------------
10:51:13 : SCANNING : HUHTAMAKI
circuit : 1.39%  2021-12-21T10:50:00+0530
adx : 15.1  aroonosc : 100.0
-----------------------------------------------
10:51:13 : SCANNING : IBREALEST
circuit : 3.44%  2021-12-21T10:50:00+0530
adx : 45.58  aroonosc : 57.14
-----------------------------------------------
10:51:14 : SCANNING : IBULHSGFIN
circuit : 0.74%  2021-12-21T10:50:00+0530
adx : 27.02  aroonosc : 7.14
-----------------------------------------------
10:51:14 : SCANNING : ICICIBANK
circuit : 0.39%  2021-12-21T10:50:00+0530
adx : 46.07  aroonosc : 78.57
-----------------------------------------------
10:51:15 : SCANNING : ICICIGI
circuit : 1.84%  2021-12-21T10:50:00+0530
adx : 40.82  aroonosc : 92.86
-----------------------------------------------
10:51:15 : SCANNING : ICICIPRULI
circuit : 2.26%  2021-12-21T10:50:00+0530
adx : 42.96  aroonosc : 78.57
-----------------------------------------------
10:51:15 : SCANNING : ICIL
circuit : -1.38%  2021-12-21T10:50:00+0530
adx : 19.4  aroonosc : 64.29
-----------------------------------------------
10:51:16 : SCANNING : IDBI
circuit : 2.63%  2021-12-21T10:50:00+0530
adx : 48.02  aroonosc : 28.57
-----------------------------------------------
10:51:16 : SCANNING : IDEA
circuit : 4.33%  2021-12-21T10:50:00+0530
adx : 46.26  aroonosc : 71.43
-----------------------------------------------
10:51:16 : SCANNING : IDFC
circuit : 1.68%  2021-12-21T10:50:00+0530
adx : 41.8  aroonosc : 78.57
-----------------------------------------------
10:51:16 : SCANNING : IDFCFIRSTB
circuit : 0.11%  2021-12-21T10:50:00+0530
adx : 10.82  aroonosc : -7.14
-----------------------------------------------
10:51:17 : SCANNING : IEX
circuit : 1.38%  2021-12-21T10:50:00+0530
adx : 37.41  aroonosc : 57.14
-----------------------------------------------
10:51:18 : SCANNING : IFBIND
circuit : 0.32%  2021-12-21T10:50:00+0530
adx : 29.13  aroonosc : -71.43
-----------------------------------------------
10:51:18 : SCANNING : IGL
circuit : 1.0%  2021-12-21T10:50:00+0530
adx : 38.17  aroonosc : 92.86
-----------------------------------------------
10:51:18 : SCANNING : IIFL
circuit : 0.31%  2021-12-21T10:50:00+0530
adx : 23.57  aroonosc : 21.43
-----------------------------------------------
10:51:19 : SCANNING : IIFLWAM
circuit : -1.07%  2021-12-21T10:50:00+0530
adx : 22.29  aroonosc : -50.0
-----------------------------------------------
10:51:19 : SCANNING : INDHOTEL
circuit : -0.41%  2021-12-21T10:50:00+0530
adx : 11.86  aroonosc : 78.57
-----------------------------------------------
10:51:19 : SCANNING : INDIACEM
circuit : 1.3%  2021-12-21T10:50:00+0530
adx : 38.8  aroonosc : 92.86
-----------------------------------------------
10:51:19 : SCANNING : INDIAMART
circuit : 0.14%  2021-12-21T10:50:00+0530
adx : 10.29  aroonosc : 21.43
-----------------------------------------------
10:51:20 : SCANNING : INDIANB
circuit : 0.89%  2021-12-21T10:50:00+0530
adx : 32.02  aroonosc : 21.43
-----------------------------------------------
10:51:20 : SCANNING : INDIGO
circuit : 0.22%  2021-12-21T10:50:00+0530
adx : 22.62  aroonosc : 78.57
-----------------------------------------------
10:51:20 : SCANNING : INDOCO
circuit : 0.96%  2021-12-21T10:50:00+0530
adx : 24.94  aroonosc : 78.57
-----------------------------------------------
10:51:21 : SCANNING : INDUSINDBK
circuit : 0.37%  2021-12-21T10:50:00+0530
adx : 27.07  aroonosc : 21.43
-----------------------------------------------
10:51:21 : SCANNING : INDUSTOWER
circuit : 3.19%  2021-12-21T10:50:00+0530
adx : 44.02  aroonosc : 92.86
-----------------------------------------------
10:51:21 : SCANNING : INFIBEAM
circuit : 1.41%  2021-12-21T10:50:00+0530
adx : 37.49  aroonosc : 71.43
-----------------------------------------------
10:51:22 : SCANNING : INFY
circuit : 1.5%  2021-12-21T10:50:00+0530
adx : 35.72  aroonosc : 85.71
-----------------------------------------------
10:51:22 : SCANNING : INGERRAND
circuit : 0.85%  2021-12-21T10:50:00+0530
adx : 18.71  aroonosc : -57.14
-----------------------------------------------
10:51:22 : SCANNING : INOXLEISUR
circuit : 3.57%  2021-12-21T10:50:00+0530
adx : 50.37  aroonosc : 78.57
-----------------------------------------------
10:51:23 : SCANNING : INTELLECT
circuit : 0.7%  2021-12-21T10:50:00+0530
adx : 21.46  aroonosc : 21.43
-----------------------------------------------
10:51:23 : SCANNING : IOB
circuit : 1.49%  2021-12-21T10:50:00+0530
adx : 37.53  aroonosc : 71.43
-----------------------------------------------
10:51:23 : SCANNING : IOC
circuit : -0.09%  2021-12-21T10:50:00+0530
adx : 10.77  aroonosc : 64.29
-----------------------------------------------
10:51:23 : SCANNING : IOLCP
circuit : -0.92%  2021-12-21T10:50:00+0530
adx : 47.2  aroonosc : 64.29
-----------------------------------------------
10:51:24 : SCANNING : IPCALAB
circuit : 0.25%  2021-12-21T10:50:00+0530
adx : 9.84  aroonosc : 28.57
-----------------------------------------------
10:51:24 : SCANNING : IRB
circuit : -1.47%  2021-12-21T10:50:00+0530
adx : 15.08  aroonosc : -64.29
-----------------------------------------------
10:51:24 : SCANNING : IRCON
circuit : 0.22%  2021-12-21T10:50:00+0530
adx : 27.18  aroonosc : 100.0
-----------------------------------------------
10:51:25 : SCANNING : IRCTC
circuit : 0.6%  2021-12-21T10:50:00+0530
adx : 34.59  aroonosc : 78.57
-----------------------------------------------
10:51:25 : SCANNING : ISEC
circuit : 1.17%  2021-12-21T10:50:00+0530
adx : 23.2  aroonosc : -71.43
-----------------------------------------------
10:51:25 : SCANNING : ITC
circuit : -0.09%  2021-12-21T10:50:00+0530
adx : 21.52  aroonosc : 64.29
-----------------------------------------------
10:51:26 : SCANNING : ITI
circuit : 1.07%  2021-12-21T10:50:00+0530
adx : 24.96  aroonosc : 50.0
-----------------------------------------------
10:51:26 : SCANNING : J&KBANK
circuit : 2.02%  2021-12-21T10:50:00+0530
adx : 26.82  aroonosc : 0.0
-----------------------------------------------
10:51:26 : SCANNING : JAMNAAUTO
circuit : 3.06%  2021-12-21T10:50:00+0530
adx : 29.62  aroonosc : 57.14
-----------------------------------------------
10:51:27 : SCANNING : JBCHEPHARM
circuit : -0.51%  2021-12-21T10:50:00+0530
adx : 45.18  aroonosc : -64.29
-----------------------------------------------
10:51:27 : SCANNING : JCHAC
circuit : 1.55%  2021-12-21T10:50:00+0530
adx : 36.53  aroonosc : 35.71
-----------------------------------------------
10:51:27 : SCANNING : JINDALSAW
circuit : 1.78%  2021-12-21T10:50:00+0530
adx : 20.91  aroonosc : -35.71
-----------------------------------------------
10:51:28 : SCANNING : JINDALSTEL
circuit : 2.05%  2021-12-21T10:50:00+0530
adx : 50.94  aroonosc : 28.57
-----------------------------------------------
10:51:28 : SCANNING : JKCEMENT
circuit : 2.35%  2021-12-21T10:50:00+0530
adx : 26.43  aroonosc : 78.57
-----------------------------------------------
10:51:28 : SCANNING : JKLAKSHMI
circuit : 0.58%  2021-12-21T10:50:00+0530
adx : 16.63  aroonosc : 21.43
-----------------------------------------------
10:51:29 : SCANNING : JKPAPER
circuit : 0.97%  2021-12-21T10:50:00+0530
adx : 27.11  aroonosc : 21.43
-----------------------------------------------
10:51:29 : SCANNING : JKTYRE
circuit : 2.46%  2021-12-21T10:50:00+0530
adx : 37.21  aroonosc : 71.43
-----------------------------------------------
10:51:29 : SCANNING : JMFINANCIL
circuit : -0.89%  2021-12-21T10:50:00+0530
adx : 20.63  aroonosc : -78.57
-----------------------------------------------
10:51:30 : SCANNING : JSL
circuit : 3.22%  2021-12-21T10:50:00+0530
adx : 27.64  aroonosc : 42.86
-----------------------------------------------
10:51:30 : SCANNING : JSLHISAR
circuit : 3.23%  2021-12-21T10:50:00+0530
adx : 23.7  aroonosc : 57.14
-----------------------------------------------
10:51:31 : SCANNING : JSWSTEEL
circuit : 2.89%  2021-12-21T10:50:00+0530
adx : 66.5  aroonosc : 100.0
-----------------------------------------------
10:51:31 : SCANNING : JTEKTINDIA
circuit : 1.23%  2021-12-21T10:50:00+0530
adx : 16.38  aroonosc : 78.57
-----------------------------------------------
10:51:31 : SCANNING : JUBLFOOD
circuit : -0.2%  2021-12-21T10:50:00+0530
adx : 16.36  aroonosc : 57.14
-----------------------------------------------
10:51:31 : SCANNING : JUSTDIAL
circuit : 2.75%  2021-12-21T10:50:00+0530
adx : 37.99  aroonosc : 21.43
-----------------------------------------------
10:51:32 : SCANNING : JYOTHYLAB
circuit : 0.82%  2021-12-21T10:50:00+0530
adx : 23.36  aroonosc : 28.57
-----------------------------------------------
10:51:32 : SCANNING : KAJARIACER
circuit : 1.66%  2021-12-21T10:50:00+0530
adx : 19.1  aroonosc : 78.57
-----------------------------------------------
10:51:32 : SCANNING : KALPATPOWR
circuit : 0.85%  2021-12-21T10:50:00+0530
adx : 13.32  aroonosc : 7.14
-----------------------------------------------
10:51:33 : SCANNING : KANSAINER
circuit : 0.77%  2021-12-21T10:50:00+0530
adx : 29.07  aroonosc : 71.43
-----------------------------------------------
10:51:33 : SCANNING : KARURVYSYA
circuit : -0.33%  2021-12-21T10:50:00+0530
adx : 30.3  aroonosc : 28.57
-----------------------------------------------
10:51:33 : SCANNING : KEC
circuit : 0.62%  2021-12-21T10:50:00+0530
adx : 11.96  aroonosc : 7.14
-----------------------------------------------
10:51:34 : SCANNING : KEI
circuit : -0.56%  2021-12-21T10:50:00+0530
adx : 10.72  aroonosc : 0.0
-----------------------------------------------
10:51:34 : SCANNING : KNRCON
circuit : 0.4%  2021-12-21T10:50:00+0530
adx : 8.34  aroonosc : -57.14
-----------------------------------------------
10:51:34 : SCANNING : KOTAKBANK
circuit : -0.12%  2021-12-21T10:50:00+0530
adx : 23.49  aroonosc : 100.0
-----------------------------------------------
10:51:35 : SCANNING : KPITTECH
circuit : 2.8%  2021-12-21T10:50:00+0530
adx : 31.46  aroonosc : 14.29
-----------------------------------------------
10:51:35 : SCANNING : KPRMILL
circuit : 2.2%  2021-12-21T10:50:00+0530
adx : 18.92  aroonosc : 21.43
-----------------------------------------------
10:51:35 : SCANNING : KRBL
circuit : 0.37%  2021-12-21T10:50:00+0530
adx : 17.83  aroonosc : 28.57
-----------------------------------------------
10:51:36 : SCANNING : KSB
circuit : 1.7%  2021-12-21T10:50:00+0530
adx : 12.15  aroonosc : 57.14
-----------------------------------------------
10:51:36 : SCANNING : KSCL
circuit : -0.84%  2021-12-21T10:50:00+0530
adx : 23.34  aroonosc : 14.29
-----------------------------------------------
10:51:36 : SCANNING : L&TFH
circuit : 3.59%  2021-12-21T10:50:00+0530
adx : 56.39  aroonosc : 85.71
-----------------------------------------------
10:51:37 : SCANNING : LALPATHLAB
circuit : -0.19%  2021-12-21T10:50:00+0530
adx : 15.6  aroonosc : 78.57
-----------------------------------------------
10:51:37 : SCANNING : LAOPALA
circuit : 3.61%  2021-12-21T10:50:00+0530
adx : 40.26  aroonosc : 21.43
-----------------------------------------------
10:51:37 : SCANNING : LAURUSLABS
circuit : 1.57%  2021-12-21T10:50:00+0530
adx : 18.5  aroonosc : 50.0
-----------------------------------------------
10:51:38 : SCANNING : LAXMIMACH
circuit : 3.22%  2021-12-21T10:50:00+0530
adx : 24.42  aroonosc : 28.57
-----------------------------------------------
10:51:38 : SCANNING : LEMONTREE
circuit : 4.24%  2021-12-21T10:50:00+0530
adx : 36.47  aroonosc : 64.29
-----------------------------------------------
10:51:39 : SCANNING : LICHSGFIN
circuit : 0.41%  2021-12-21T10:50:00+0530
adx : 36.49  aroonosc : 100.0
-----------------------------------------------
10:51:39 : SCANNING : LINDEINDIA
circuit : 1.21%  2021-12-21T10:50:00+0530
adx : 13.62  aroonosc : 42.86
-----------------------------------------------
10:51:39 : SCANNING : LT
circuit : 0.18%  2021-12-21T10:50:00+0530
adx : 25.5  aroonosc : -78.57
-----------------------------------------------
10:51:40 : SCANNING : LTI
circuit : 2.34%  2021-12-21T10:50:00+0530
adx : 30.11  aroonosc : 85.71
-----------------------------------------------
10:51:40 : SCANNING : LTTS
circuit : 1.28%  2021-12-21T10:50:00+0530
adx : 24.28  aroonosc : 50.0
-----------------------------------------------
10:51:40 : SCANNING : LUPIN
circuit : 0.17%  2021-12-21T10:50:00+0530
adx : 31.46  aroonosc : 64.29
-----------------------------------------------
10:51:41 : SCANNING : LUXIND
circuit : 0.15%  2021-12-21T10:50:00+0530
adx : 31.75  aroonosc : 28.57
-----------------------------------------------
10:51:41 : SCANNING : M&M
circuit : -0.13%  2021-12-21T10:50:00+0530
adx : 29.3  aroonosc : 64.29
-----------------------------------------------
10:51:41 : SCANNING : M&MFIN
circuit : 0.58%  2021-12-21T10:50:00+0530
adx : 20.9  aroonosc : 71.43
-----------------------------------------------
10:51:42 : SCANNING : MAHABANK
circuit : 0.53%  2021-12-21T10:50:00+0530
adx : 14.22  aroonosc : 92.86
-----------------------------------------------
10:51:42 : SCANNING : MAHINDCIE
circuit : 1.17%  2021-12-21T10:50:00+0530
adx : 21.04  aroonosc : -7.14
-----------------------------------------------
10:51:42 : SCANNING : MAHLOG
circuit : -1.45%  2021-12-21T10:50:00+0530
adx : 11.59  aroonosc : -85.71
-----------------------------------------------
10:51:42 : SCANNING : MAHSCOOTER
circuit : 2.6%  2021-12-21T10:50:00+0530
adx : 28.71  aroonosc : 92.86
-----------------------------------------------
10:51:43 : SCANNING : MAHSEAMLES
circuit : 1.45%  2021-12-21T10:50:00+0530
adx : 43.67  aroonosc : 21.43
-----------------------------------------------
10:51:43 : SCANNING : MANAPPURAM
circuit : -0.63%  2021-12-21T10:50:00+0530
adx : 33.45  aroonosc : 78.57
-----------------------------------------------
10:51:44 : SCANNING : MARICO
circuit : 0.52%  2021-12-21T10:50:00+0530
adx : 28.92  aroonosc : 92.86
-----------------------------------------------
10:51:44 : SCANNING : MARUTI
circuit : 0.42%  2021-12-21T10:50:00+0530
adx : 32.63  aroonosc : 92.86
-----------------------------------------------
10:51:44 : SCANNING : MASFIN
circuit : 2.57%  2021-12-21T10:50:00+0530
adx : 19.07  aroonosc : 100.0
-----------------------------------------------
10:51:44 : SCANNING : MAXHEALTH
circuit : 1.76%  2021-12-21T10:50:00+0530
adx : 33.98  aroonosc : -50.0
-----------------------------------------------
10:51:45 : SCANNING : MAZDOCK
circuit : 0.44%  2021-12-21T10:50:00+0530
adx : 24.89  aroonosc : -35.71
-----------------------------------------------
10:51:45 : SCANNING : MCDOWELL-N
circuit : 2.21%  2021-12-21T10:50:00+0530
adx : 43.06  aroonosc : 71.43
-----------------------------------------------
10:51:45 : SCANNING : MCX
circuit : 0.79%  2021-12-21T10:50:00+0530
adx : 36.31  aroonosc : 64.29
-----------------------------------------------
10:51:46 : SCANNING : METROPOLIS
circuit : 2.88%  2021-12-21T10:50:00+0530
adx : 37.37  aroonosc : 71.43
-----------------------------------------------
10:51:46 : SCANNING : MFSL
circuit : 3.76%  2021-12-21T10:50:00+0530
adx : 21.03  aroonosc : 71.43
-----------------------------------------------
10:51:46 : SCANNING : MGL
circuit : 0.44%  2021-12-21T10:50:00+0530
adx : 29.69  aroonosc : 57.14
-----------------------------------------------
10:51:47 : SCANNING : MHRIL
circuit : -0.54%  2021-12-21T10:50:00+0530
adx : 16.39  aroonosc : 57.14
-----------------------------------------------
10:51:47 : SCANNING : MIDHANI
circuit : 0.94%  2021-12-21T10:50:00+0530
adx : 15.89  aroonosc : 78.57
-----------------------------------------------
10:51:47 : SCANNING : MINDACORP
circuit : 1.69%  2021-12-21T10:50:00+0530
adx : 33.87  aroonosc : 78.57
-----------------------------------------------
10:51:47 : SCANNING : MINDAIND
circuit : 1.02%  2021-12-21T10:50:00+0530
adx : 37.8  aroonosc : 64.29
-----------------------------------------------
10:51:48 : SCANNING : MINDTREE
circuit : 1.1%  2021-12-21T10:50:00+0530
adx : 41.73  aroonosc : 21.43
-----------------------------------------------
10:51:48 : SCANNING : MMTC
circuit : 1.72%  2021-12-21T10:50:00+0530
adx : 37.66  aroonosc : 28.57
-----------------------------------------------
10:51:48 : SCANNING : MOIL
circuit : 2.04%  2021-12-21T10:50:00+0530
adx : 36.49  aroonosc : 92.86
-----------------------------------------------
10:51:49 : SCANNING : MOTILALOFS
circuit : 0.26%  2021-12-21T10:50:00+0530
adx : 24.22  aroonosc : 50.0
-----------------------------------------------
10:51:49 : SCANNING : MPHASIS
circuit : 1.15%  2021-12-21T10:50:00+0530
adx : 28.67  aroonosc : -64.29
-----------------------------------------------
10:51:49 : SCANNING : MRF
circuit : 0.4%  2021-12-21T10:50:00+0530
adx : 19.29  aroonosc : 71.43
-----------------------------------------------
10:51:50 : SCANNING : MRPL
circuit : -1.06%  2021-12-21T10:50:00+0530
adx : 25.89  aroonosc : -85.71
-----------------------------------------------
10:51:50 : SCANNING : MUTHOOTFIN
circuit : 0.43%  2021-12-21T10:50:00+0530
adx : 17.33  aroonosc : 92.86
-----------------------------------------------
10:51:50 : SCANNING : NAM-INDIA
circuit : 1.43%  2021-12-21T10:50:00+0530
adx : 20.75  aroonosc : 78.57
-----------------------------------------------
10:51:51 : SCANNING : NATCOPHARM
circuit : 2.56%  2021-12-21T10:50:00+0530
adx : 14.91  aroonosc : 35.71
-----------------------------------------------
10:51:51 : SCANNING : NATIONALUM
circuit : 2.74%  2021-12-21T10:50:00+0530
adx : 53.8  aroonosc : 35.71
-----------------------------------------------
10:51:51 : SCANNING : NAUKRI
circuit : 0.29%  2021-12-21T10:50:00+0530
adx : 20.48  aroonosc : 50.0
-----------------------------------------------
10:51:52 : SCANNING : NAVINFLUOR
circuit : 2.92%  2021-12-21T10:50:00+0530
adx : 55.6  aroonosc : 78.57
-----------------------------------------------
10:51:52 : SCANNING : NBCC
circuit : 0.36%  2021-12-21T10:50:00+0530
adx : 30.5  aroonosc : 85.71
-----------------------------------------------
10:51:52 : SCANNING : NCC
circuit : 0.58%  2021-12-21T10:50:00+0530
adx : 38.52  aroonosc : 92.86
-----------------------------------------------
10:51:53 : SCANNING : NESCO
circuit : 1.59%  2021-12-21T10:50:00+0530
adx : 14.38  aroonosc : -71.43
-----------------------------------------------
10:51:53 : SCANNING : NESTLEIND
circuit : 0.88%  2021-12-21T10:50:00+0530
adx : 47.69  aroonosc : 92.86
-----------------------------------------------
10:51:53 : SCANNING : NETWORK18
circuit : 2.4%  2021-12-21T10:50:00+0530
adx : 26.11  aroonosc : 85.71
-----------------------------------------------
10:51:54 : SCANNING : NFL
circuit : 1.52%  2021-12-21T10:50:00+0530
adx : 33.58  aroonosc : 64.29
-----------------------------------------------
10:51:54 : SCANNING : NH
circuit : 1.62%  2021-12-21T10:50:00+0530
adx : 9.89  aroonosc : 100.0
-----------------------------------------------
10:51:54 : SCANNING : NHPC
circuit : 2.02%  2021-12-21T10:50:00+0530
adx : 36.71  aroonosc : 100.0
-----------------------------------------------
10:51:55 : SCANNING : NIACL
circuit : 0.15%  2021-12-21T10:50:00+0530
adx : 25.22  aroonosc : 100.0
-----------------------------------------------
10:51:55 : SCANNING : NILKAMAL
circuit : 0.39%  2021-12-21T10:50:00+0530
adx : 11.66  aroonosc : 85.71
-----------------------------------------------
10:51:55 : SCANNING : NLCINDIA
circuit : 0.68%  2021-12-21T10:50:00+0530
adx : 27.36  aroonosc : -21.43
-----------------------------------------------
10:51:56 : SCANNING : NMDC
circuit : 7.08%  2021-12-21T10:50:00+0530
adx : 15.95  aroonosc : 78.57
-----------------------------------------------
10:51:56 : SCANNING : NOCIL
circuit : 0.22%  2021-12-21T10:50:00+0530
adx : 28.88  aroonosc : 85.71
-----------------------------------------------
10:51:57 : SCANNING : NTPC
circuit : 0.45%  2021-12-21T10:50:00+0530
adx : 35.97  aroonosc : -35.71
rpt : 1190.0
{'candle': 'green', 'type': 'BUY', 'instrument': 'NTPC', 'price': 120.2, 'qty': 4949, 'target': 120.35, 'stoploss': 120.05, 'volume': 82550, 'adx': 50.48648436642578, 'aroonosc': 64.28571428571429, 'atr': 0.35497661662436336, 'open': 120.15, 'high': 120.35, 'low': 120.05, 'close': 120.35, 'product': 'MIS', 'time': '2021-12-20T13:45:00+0530'}
10:51:57 : Validation Failed : Time Gap in Seconds : 76017
-----------------------------------------------
10:51:57 : SCANNING : OBEROIRLTY
circuit : 1.68%  2021-12-21T10:50:00+0530
adx : 27.51  aroonosc : 92.86
-----------------------------------------------
10:51:58 : SCANNING : OFSS
circuit : 1.36%  2021-12-21T10:50:00+0530
adx : 47.29  aroonosc : 57.14
-----------------------------------------------
10:51:58 : SCANNING : OIL
circuit : 1.76%  2021-12-21T10:50:00+0530
adx : 21.24  aroonosc : 100.0
-----------------------------------------------
10:51:58 : SCANNING : ONGC
circuit : -0.15%  2021-12-21T10:50:00+0530
adx : 32.61  aroonosc : 64.29
-----------------------------------------------
10:51:59 : SCANNING : ORIENTELEC
circuit : 2.04%  2021-12-21T10:50:00+0530
adx : 17.19  aroonosc : 78.57
-----------------------------------------------
10:51:59 : SCANNING : PAGEIND
circuit : 1.04%  2021-12-21T10:50:00+0530
adx : 20.47  aroonosc : 71.43
-----------------------------------------------
10:52:00 : SCANNING : PEL
circuit : 1.53%  2021-12-21T10:50:00+0530
adx : 27.39  aroonosc : 85.71
-----------------------------------------------
10:52:00 : SCANNING : PERSISTENT
circuit : -1.24%  2021-12-21T10:50:00+0530
adx : 31.94  aroonosc : 92.86
-----------------------------------------------
10:52:00 : SCANNING : PETRONET
circuit : 0.02%  2021-12-21T10:50:00+0530
adx : 12.73  aroonosc : 85.71
-----------------------------------------------
10:52:00 : SCANNING : PFC
circuit : 0.39%  2021-12-21T10:50:00+0530
adx : 18.49  aroonosc : 71.43
-----------------------------------------------
10:52:01 : SCANNING : PFIZER
circuit : 0.81%  2021-12-21T10:50:00+0530
adx : 17.16  aroonosc : 64.29
-----------------------------------------------
10:52:01 : SCANNING : PGHH
circuit : 0.49%  2021-12-21T10:50:00+0530
adx : 25.63  aroonosc : 21.43
-----------------------------------------------
10:52:02 : SCANNING : PGHL
circuit : -0.61%  2021-12-21T10:50:00+0530
adx : 19.02  aroonosc : -42.86
-----------------------------------------------
10:52:02 : SCANNING : PHILIPCARB
circuit : 1.12%  2021-12-21T10:50:00+0530
adx : 9.1  aroonosc : 14.29
-----------------------------------------------
10:52:02 : SCANNING : PHOENIXLTD
circuit : -3.37%  2021-12-21T10:50:00+0530
adx : 32.08  aroonosc : -28.57
-----------------------------------------------
10:52:03 : SCANNING : PIDILITIND
circuit : 0.58%  2021-12-21T10:50:00+0530
adx : 38.87  aroonosc : 100.0
-----------------------------------------------
10:52:03 : SCANNING : PIIND
circuit : 1.49%  2021-12-21T10:50:00+0530
adx : 33.57  aroonosc : 92.86
-----------------------------------------------
10:52:03 : SCANNING : PNB
circuit : 0.41%  2021-12-21T10:50:00+0530
adx : 21.46  aroonosc : -64.29
-----------------------------------------------
10:52:03 : SCANNING : PNBHOUSING
circuit : 5.01%  2021-12-21T10:50:00+0530
adx : 52.57  aroonosc : 85.71
-----------------------------------------------
10:52:04 : SCANNING : PNCINFRA
circuit : -0.32%  2021-12-21T10:50:00+0530
adx : 24.29  aroonosc : 78.57
-----------------------------------------------
10:52:04 : SCANNING : POLYCAB
circuit : 0.6%  2021-12-21T10:50:00+0530
adx : 46.12  aroonosc : 85.71
-----------------------------------------------
10:52:05 : SCANNING : POLYMED
circuit : -0.55%  2021-12-21T10:50:00+0530
adx : 21.65  aroonosc : 71.43
-----------------------------------------------
10:52:05 : SCANNING : POLYPLEX
circuit : 0.98%  2021-12-21T10:50:00+0530
adx : 23.25  aroonosc : 78.57
-----------------------------------------------
10:52:05 : SCANNING : POWERGRID
circuit : -1.18%  2021-12-21T10:50:00+0530
adx : 15.15  aroonosc : -50.0
-----------------------------------------------
10:52:05 : SCANNING : POWERINDIA
circuit : -0.01%  2021-12-21T10:50:00+0530
adx : 22.12  aroonosc : -71.43
-----------------------------------------------
10:52:06 : SCANNING : PRESTIGE
circuit : 0.8%  2021-12-21T10:50:00+0530
adx : 22.67  aroonosc : 21.43
-----------------------------------------------
10:52:06 : SCANNING : PRINCEPIPE
circuit : 1.8%  2021-12-21T10:50:00+0530
adx : 35.23  aroonosc : 85.71
-----------------------------------------------
10:52:06 : SCANNING : PRSMJOHNSN
circuit : 3.66%  2021-12-21T10:50:00+0530
adx : 35.58  aroonosc : 50.0
-----------------------------------------------
10:52:07 : SCANNING : PSB
circuit : 0.63%  2021-12-21T10:50:00+0530
adx : 20.84  aroonosc : 50.0
-----------------------------------------------
10:52:07 : SCANNING : PVR
circuit : 0.64%  2021-12-21T10:50:00+0530
adx : 27.0  aroonosc : 78.57
-----------------------------------------------
10:52:08 : SCANNING : QUESS
circuit : 0.79%  2021-12-21T10:50:00+0530
adx : 21.0  aroonosc : 14.29
-----------------------------------------------
10:52:08 : SCANNING : RADICO
circuit : 0.54%  2021-12-21T10:50:00+0530
adx : 21.48  aroonosc : 28.57
-----------------------------------------------
10:52:08 : SCANNING : RAIN
circuit : -0.86%  2021-12-21T10:50:00+0530
adx : 13.54  aroonosc : 57.14
-----------------------------------------------
10:52:09 : SCANNING : RAJESHEXPO
circuit : -0.05%  2021-12-21T10:50:00+0530
adx : 9.29  aroonosc : -35.71
-----------------------------------------------
10:52:09 : SCANNING : RALLIS
circuit : 0.39%  2021-12-21T10:50:00+0530
adx : 10.48  aroonosc : 85.71
-----------------------------------------------
10:52:09 : SCANNING : RAMCOCEM
circuit : 1.68%  2021-12-21T10:50:00+0530
adx : 23.26  aroonosc : 92.86
-----------------------------------------------
10:52:10 : SCANNING : RATNAMANI
circuit : 3.65%  2021-12-21T10:50:00+0530
adx : 42.51  aroonosc : 14.29
-----------------------------------------------
10:52:10 : SCANNING : RAYMOND
circuit : 0.71%  2021-12-21T10:50:00+0530
adx : 34.0  aroonosc : 14.29
-----------------------------------------------
10:52:11 : SCANNING : RBLBANK
circuit : -0.18%  2021-12-21T10:50:00+0530
adx : 20.9  aroonosc : 78.57
-----------------------------------------------
10:52:11 : SCANNING : RCF
circuit : 1.59%  2021-12-21T10:50:00+0530
adx : 27.59  aroonosc : 71.43
-----------------------------------------------
10:52:11 : SCANNING : RECLTD
circuit : 0.82%  2021-12-21T10:50:00+0530
adx : 42.25  aroonosc : 64.29
-----------------------------------------------
10:52:12 : SCANNING : REDINGTON
circuit : 0.44%  2021-12-21T10:50:00+0530
adx : 17.62  aroonosc : -21.43
-----------------------------------------------
10:52:12 : SCANNING : RELAXO
circuit : 2.34%  2021-12-21T10:50:00+0530
adx : 32.37  aroonosc : 50.0
-----------------------------------------------
10:52:12 : SCANNING : RELIANCE
circuit : 0.76%  2021-12-21T10:50:00+0530
adx : 53.18  aroonosc : 78.57
-----------------------------------------------
10:52:13 : SCANNING : RESPONIND
circuit : 1.88%  2021-12-21T10:50:00+0530
adx : 23.31  aroonosc : 7.14
-----------------------------------------------
10:52:13 : SCANNING : RHIM
circuit : 1.22%  2021-12-21T10:50:00+0530
adx : 36.2  aroonosc : 57.14
-----------------------------------------------
10:52:13 : SCANNING : RITES
circuit : -0.98%  2021-12-21T10:50:00+0530
adx : 12.19  aroonosc : 64.29
-----------------------------------------------
10:52:14 : SCANNING : ROSSARI
circuit : 0.38%  2021-12-21T10:50:00+0530
adx : 25.51  aroonosc : 57.14
-----------------------------------------------
10:52:14 : SCANNING : ROUTE
circuit : 0.94%  2021-12-21T10:50:00+0530
adx : 19.52  aroonosc : 57.14
-----------------------------------------------
10:52:14 : SCANNING : RVNL
circuit : 1.04%  2021-12-21T10:50:00+0530
adx : 51.22  aroonosc : 85.71
-----------------------------------------------
10:52:15 : SCANNING : SAIL
circuit : 2.14%  2021-12-21T10:50:00+0530
adx : 34.69  aroonosc : 42.86
-----------------------------------------------
10:52:15 : SCANNING : SANOFI
circuit : 0.07%  2021-12-21T10:50:00+0530
adx : 26.41  aroonosc : 64.29
-----------------------------------------------
10:52:15 : SCANNING : SBICARD
circuit : 0.43%  2021-12-21T10:50:00+0530
adx : 40.23  aroonosc : 42.86
-----------------------------------------------
10:52:16 : SCANNING : SBILIFE
circuit : -0.75%  2021-12-21T10:50:00+0530
adx : 15.18  aroonosc : 78.57
-----------------------------------------------
10:52:16 : SCANNING : SBIN
circuit : -0.2%  2021-12-21T10:50:00+0530
adx : 34.36  aroonosc : 64.29
-----------------------------------------------
10:52:16 : SCANNING : SCHAEFFLER
circuit : 2.52%  2021-12-21T10:50:00+0530
adx : 49.72  aroonosc : 64.29
-----------------------------------------------
10:52:17 : SCANNING : SCHNEIDER
circuit : -1.55%  2021-12-21T10:50:00+0530
adx : 20.8  aroonosc : -92.86
-----------------------------------------------
10:52:17 : SCANNING : SCI
circuit : 1.64%  2021-12-21T10:50:00+0530
adx : 19.36  aroonosc : 71.43
-----------------------------------------------
10:52:17 : SCANNING : SEQUENT
circuit : -0.03%  2021-12-21T10:50:00+0530
adx : 16.58  aroonosc : 64.29
-----------------------------------------------
10:52:18 : SCANNING : SFL
circuit : 1.68%  2021-12-21T10:50:00+0530
adx : 26.57  aroonosc : 92.86
-----------------------------------------------
10:52:18 : SCANNING : SHARDACROP
circuit : -2.91%  2021-12-21T10:50:00+0530
adx : 25.32  aroonosc : 7.14
-----------------------------------------------
10:52:18 : SCANNING : SHILPAMED
circuit : 3.05%  2021-12-21T10:50:00+0530
adx : 53.46  aroonosc : 71.43
-----------------------------------------------
10:52:18 : SCANNING : SHOPERSTOP
circuit : 2.0%  2021-12-21T10:50:00+0530
adx : 15.39  aroonosc : 100.0
-----------------------------------------------
10:52:19 : SCANNING : SHREECEM
circuit : 1.87%  2021-12-21T10:50:00+0530
adx : 44.56  aroonosc : 92.86
-----------------------------------------------
10:52:19 : SCANNING : SHRIRAMCIT
circuit : -2.3%  2021-12-21T10:50:00+0530
adx : 12.19  aroonosc : 85.71
-----------------------------------------------
10:52:19 : SCANNING : SIEMENS
circuit : 0.74%  2021-12-21T10:50:00+0530
adx : 31.35  aroonosc : 85.71
-----------------------------------------------
10:52:20 : SCANNING : SIS
circuit : 0.78%  2021-12-21T10:50:00+0530
adx : 50.16  aroonosc : 100.0
-----------------------------------------------
10:52:20 : SCANNING : SJVN
circuit : 1.08%  2021-12-21T10:50:00+0530
adx : 32.75  aroonosc : 57.14
-----------------------------------------------
10:52:20 : SCANNING : SKFINDIA
circuit : 0.05%  2021-12-21T10:50:00+0530
adx : 10.72  aroonosc : 71.43
-----------------------------------------------
10:52:20 : SCANNING : SOBHA
circuit : 1.85%  2021-12-21T10:50:00+0530
adx : 21.86  aroonosc : 100.0
-----------------------------------------------
10:52:21 : SCANNING : SOLARA
circuit : -0.11%  2021-12-21T10:50:00+0530
adx : 21.41  aroonosc : -71.43
-----------------------------------------------
10:52:21 : SCANNING : SOLARINDS
circuit : -0.72%  2021-12-21T10:50:00+0530
adx : 19.13  aroonosc : -100.0
-----------------------------------------------
10:52:21 : SCANNING : SONATSOFTW
circuit : 2.06%  2021-12-21T10:50:00+0530
adx : 35.51  aroonosc : 28.57
-----------------------------------------------
10:52:22 : SCANNING : SPANDANA
circuit : 0.01%  2021-12-21T10:50:00+0530
adx : 26.26  aroonosc : 21.43
-----------------------------------------------
10:52:22 : SCANNING : SPARC
circuit : 1.62%  2021-12-21T10:50:00+0530
adx : 13.9  aroonosc : 35.71
-----------------------------------------------
10:52:22 : SCANNING : SPICEJET
-----------------------------------------------
10:52:23 : SCANNING : SRF
circuit : 1.6%  2021-12-21T10:50:00+0530
adx : 35.84  aroonosc : 78.57
-----------------------------------------------
10:52:23 : SCANNING : SRTRANSFIN
circuit : -2.08%  2021-12-21T10:50:00+0530
adx : 22.33  aroonosc : 35.71
-----------------------------------------------
10:52:23 : SCANNING : STAR
circuit : -0.91%  2021-12-21T10:50:00+0530
adx : 12.52  aroonosc : 64.29
-----------------------------------------------
10:52:24 : SCANNING : STARCEMENT
circuit : 0.48%  2021-12-21T10:50:00+0530
adx : 16.87  aroonosc : 85.71
-----------------------------------------------
10:52:24 : SCANNING : STLTECH
circuit : 0.95%  2021-12-21T10:50:00+0530
adx : 28.49  aroonosc : 21.43
-----------------------------------------------
10:52:24 : SCANNING : SUDARSCHEM
circuit : 1.51%  2021-12-21T10:50:00+0530
adx : 35.4  aroonosc : 57.14
-----------------------------------------------
10:52:25 : SCANNING : SUMICHEM
circuit : 0.88%  2021-12-21T10:50:00+0530
adx : 16.61  aroonosc : 71.43
-----------------------------------------------
10:52:25 : SCANNING : SUNCLAYLTD
circuit : 1.55%  2021-12-21T10:50:00+0530
adx : 21.16  aroonosc : 71.43
-----------------------------------------------
10:52:25 : SCANNING : SUNDARMFIN
circuit : -0.5%  2021-12-21T10:50:00+0530
adx : 26.65  aroonosc : -7.14
-----------------------------------------------
10:52:26 : SCANNING : SUNDRMFAST
circuit : -1.84%  2021-12-21T10:50:00+0530
adx : 19.3  aroonosc : 92.86
-----------------------------------------------
10:52:27 : SCANNING : SUNPHARMA
circuit : 2.26%  2021-12-21T10:50:00+0530
adx : 42.1  aroonosc : 42.86
-----------------------------------------------
10:52:27 : SCANNING : SUNTECK
circuit : 1.3%  2021-12-21T10:50:00+0530
adx : 28.77  aroonosc : -64.29
-----------------------------------------------
10:52:28 : SCANNING : SUNTV
circuit : 0.32%  2021-12-21T10:50:00+0530
adx : 28.36  aroonosc : 100.0
-----------------------------------------------
10:52:28 : SCANNING : SUPPETRO
circuit : 0.61%  2021-12-21T10:50:00+0530
adx : 30.11  aroonosc : 21.43
-----------------------------------------------
10:52:28 : SCANNING : SUPRAJIT
circuit : 2.01%  2021-12-21T10:50:00+0530
adx : 42.24  aroonosc : 92.86
-----------------------------------------------
10:52:28 : SCANNING : SUPREMEIND
circuit : 4.55%  2021-12-21T10:50:00+0530
adx : 67.13  aroonosc : 92.86
-----------------------------------------------
10:52:29 : SCANNING : SUVENPHAR
circuit : 1.14%  2021-12-21T10:50:00+0530
adx : 14.26  aroonosc : 78.57
-----------------------------------------------
10:52:29 : SCANNING : SUZLON
circuit : 2.05%  2021-12-21T10:50:00+0530
adx : 38.51  aroonosc : 42.86
-----------------------------------------------
10:52:30 : SCANNING : SWANENERGY
circuit : 2.14%  2021-12-21T10:50:00+0530
adx : 28.65  aroonosc : -21.43
-----------------------------------------------
10:52:30 : SCANNING : SWSOLAR
circuit : 0.05%  2021-12-21T10:50:00+0530
adx : 16.19  aroonosc : -71.43
-----------------------------------------------
10:52:30 : SCANNING : SYMPHONY
circuit : 0.72%  2021-12-21T10:50:00+0530
adx : 37.93  aroonosc : 28.57
-----------------------------------------------
10:52:30 : SCANNING : SYNGENE
circuit : 0.49%  2021-12-21T10:50:00+0530
adx : 35.21  aroonosc : 64.29
-----------------------------------------------
10:52:31 : SCANNING : TASTYBITE
circuit : -1.35%  2021-12-21T10:50:00+0530
adx : 28.54  aroonosc : -35.71
-----------------------------------------------
10:52:31 : SCANNING : TATACHEM
circuit : 1.24%  2021-12-21T10:50:00+0530
adx : 36.61  aroonosc : 64.29
-----------------------------------------------
10:52:31 : SCANNING : TATACOFFEE
circuit : 1.4%  2021-12-21T10:50:00+0530
adx : 26.32  aroonosc : 57.14
-----------------------------------------------
10:52:32 : SCANNING : TATACOMM
circuit : -0.51%  2021-12-21T10:50:00+0530
adx : 14.69  aroonosc : 64.29
-----------------------------------------------
10:52:32 : SCANNING : TATACONSUM
circuit : 2.1%  2021-12-21T10:50:00+0530
adx : 48.04  aroonosc : 100.0
-----------------------------------------------
10:52:32 : SCANNING : TATAELXSI
circuit : 0.18%  2021-12-21T10:50:00+0530
adx : 10.44  aroonosc : 64.29
-----------------------------------------------
10:52:32 : SCANNING : TATAINVEST
circuit : 0.44%  2021-12-21T10:50:00+0530
adx : 32.48  aroonosc : 64.29
-----------------------------------------------
10:52:33 : SCANNING : TATAMOTORS
circuit : 1.12%  2021-12-21T10:50:00+0530
adx : 28.57  aroonosc : 92.86
-----------------------------------------------
10:52:33 : SCANNING : TATAPOWER
circuit : 0.49%  2021-12-21T10:50:00+0530
adx : 38.11  aroonosc : 71.43
-----------------------------------------------
10:52:34 : SCANNING : TATASTEEL
circuit : 2.21%  2021-12-21T10:50:00+0530
adx : 46.07  aroonosc : 92.86
-----------------------------------------------
10:52:34 : SCANNING : TCIEXP
circuit : 3.67%  2021-12-21T10:50:00+0530
adx : 24.02  aroonosc : 85.71
-----------------------------------------------
10:52:34 : SCANNING : TCNSBRANDS
circuit : 2.26%  2021-12-21T10:50:00+0530
adx : 15.54  aroonosc : 21.43
-----------------------------------------------
10:52:35 : SCANNING : TCS
circuit : 1.43%  2021-12-21T10:50:00+0530
adx : 48.64  aroonosc : 71.43
-----------------------------------------------
10:52:35 : SCANNING : TEAMLEASE
circuit : 0.41%  2021-12-21T10:50:00+0530
adx : 11.21  aroonosc : 7.14
-----------------------------------------------
10:52:35 : SCANNING : TECHM
circuit : 2.77%  2021-12-21T10:50:00+0530
adx : 39.28  aroonosc : 71.43
-----------------------------------------------
10:52:36 : SCANNING : THERMAX
circuit : 1.81%  2021-12-21T10:50:00+0530
adx : 33.86  aroonosc : 85.71
-----------------------------------------------
10:52:36 : SCANNING : THYROCARE
circuit : -1.15%  2021-12-21T10:50:00+0530
adx : 18.69  aroonosc : -57.14
-----------------------------------------------
10:52:36 : SCANNING : TIINDIA
circuit : 0.06%  2021-12-21T10:50:00+0530
adx : 21.11  aroonosc : 92.86
-----------------------------------------------
10:52:37 : SCANNING : TIMKEN
circuit : 2.46%  2021-12-21T10:50:00+0530
adx : 43.85  aroonosc : 78.57
-----------------------------------------------
10:52:37 : SCANNING : TITAN
circuit : 2.07%  2021-12-21T10:50:00+0530
adx : 41.53  aroonosc : 92.86
-----------------------------------------------
10:52:37 : SCANNING : TORNTPHARM
circuit : 1.2%  2021-12-21T10:50:00+0530
adx : 25.11  aroonosc : -35.71
-----------------------------------------------
10:52:38 : SCANNING : TORNTPOWER
circuit : 0.15%  2021-12-21T10:50:00+0530
adx : 25.69  aroonosc : 14.29
-----------------------------------------------
10:52:38 : SCANNING : TRENT
circuit : -0.36%  2021-12-21T10:50:00+0530
adx : 25.53  aroonosc : 64.29
-----------------------------------------------
10:52:38 : SCANNING : TRIDENT
circuit : 5.24%  2021-12-21T10:50:00+0530
adx : 15.44  aroonosc : 28.57
-----------------------------------------------
Traceback (most recent call last):
  File "scanner.py", line 470, in <module>
    scanning()
  File "scanner.py", line 90, in scanning
    if(response['data']['candles'] and response["status"] == "success"):
KeyError: 'data'
