===================================================
10:56:02 : START
===================================================
10:56:02 : PROCESSING INSTRUMENTS SYMBOLS
-----------------------------------------------
10:56:02 : SCANNING : 3MINDIA
circuit : -0.21%  2021-12-21T10:55:00+0530
adx : 28.52  aroonosc : 42.86
-----------------------------------------------
10:56:03 : SCANNING : AARTIDRUGS
circuit : 0.58%  2021-12-21T10:55:00+0530
adx : 12.48  aroonosc : 50.0
-----------------------------------------------
10:56:03 : SCANNING : AARTIIND
circuit : 1.3%  2021-12-21T10:55:00+0530
adx : 38.02  aroonosc : 57.14
-----------------------------------------------
10:56:03 : SCANNING : AAVAS
circuit : 1.05%  2021-12-21T10:55:00+0530
adx : 55.14  aroonosc : 92.86
-----------------------------------------------
10:56:04 : SCANNING : ABB
circuit : 1.16%  2021-12-21T10:55:00+0530
adx : 19.03  aroonosc : 42.86
-----------------------------------------------
10:56:04 : SCANNING : ABBOTINDIA
circuit : -0.16%  2021-12-21T10:55:00+0530
adx : 30.17  aroonosc : 92.86
-----------------------------------------------
10:56:04 : SCANNING : ABCAPITAL
circuit : 2.82%  2021-12-21T10:55:00+0530
adx : 32.23  aroonosc : -28.57
-----------------------------------------------
10:56:05 : SCANNING : ABFRL
circuit : 2.51%  2021-12-21T10:55:00+0530
adx : 40.91  aroonosc : 21.43
-----------------------------------------------
10:56:05 : SCANNING : ACC
circuit : 1.54%  2021-12-21T10:55:00+0530
adx : 47.18  aroonosc : 100.0
-----------------------------------------------
10:56:05 : SCANNING : ADANIENT
circuit : 0.69%  2021-12-21T10:55:00+0530
adx : 40.9  aroonosc : 50.0
-----------------------------------------------
10:56:06 : SCANNING : ADANIGREEN
circuit : 0.08%  2021-12-21T10:55:00+0530
adx : 24.11  aroonosc : 14.29
-----------------------------------------------
10:56:06 : SCANNING : ADANIPORTS
circuit : -0.72%  2021-12-21T10:55:00+0530
adx : 19.83  aroonosc : -28.57
-----------------------------------------------
10:56:07 : SCANNING : ADVENZYMES
circuit : 1.49%  2021-12-21T10:55:00+0530
adx : 21.04  aroonosc : 50.0
-----------------------------------------------
10:56:07 : SCANNING : AEGISCHEM
circuit : -2.0%  2021-12-21T10:55:00+0530
adx : 40.23  aroonosc : 64.29
-----------------------------------------------
10:56:08 : SCANNING : AFFLE
circuit : 0.76%  2021-12-21T10:55:00+0530
adx : 14.39  aroonosc : -21.43
-----------------------------------------------
10:56:08 : SCANNING : AIAENG
circuit : -0.76%  2021-12-21T10:55:00+0530
adx : 14.26  aroonosc : -71.43
-----------------------------------------------
10:56:09 : SCANNING : AJANTPHARM
circuit : -0.48%  2021-12-21T10:55:00+0530
adx : 17.03  aroonosc : 71.43
-----------------------------------------------
10:56:09 : SCANNING : AKZOINDIA
circuit : -1.24%  2021-12-21T10:55:00+0530
adx : 34.69  aroonosc : -71.43
-----------------------------------------------
10:56:09 : SCANNING : ALEMBICLTD
circuit : -0.41%  2021-12-21T10:55:00+0530
adx : 12.84  aroonosc : -7.14
-----------------------------------------------
10:56:10 : SCANNING : ALKEM
circuit : 0.52%  2021-12-21T10:55:00+0530
adx : 10.79  aroonosc : -35.71
-----------------------------------------------
10:56:10 : SCANNING : ALKYLAMINE
circuit : -1.72%  2021-12-21T10:55:00+0530
adx : 47.27  aroonosc : -14.29
-----------------------------------------------
10:56:11 : SCANNING : ALOKINDS
circuit : 1.54%  2021-12-21T10:55:00+0530
adx : 39.9  aroonosc : 100.0
-----------------------------------------------
10:56:11 : SCANNING : AMARAJABAT
circuit : 0.38%  2021-12-21T10:55:00+0530
adx : 36.4  aroonosc : 78.57
-----------------------------------------------
10:56:12 : SCANNING : AMBER
circuit : 3.15%  2021-12-21T10:55:00+0530
adx : 41.62  aroonosc : 57.14
-----------------------------------------------
10:56:12 : SCANNING : AMBUJACEM
circuit : 2.54%  2021-12-21T10:55:00+0530
adx : 49.4  aroonosc : 100.0
-----------------------------------------------
10:56:13 : SCANNING : ANGELBRKG
circuit : 2.22%  2021-12-21T10:55:00+0530
adx : 39.23  aroonosc : 57.14
-----------------------------------------------
10:56:13 : SCANNING : APLAPOLLO
circuit : 2.73%  2021-12-21T10:55:00+0530
adx : 16.4  aroonosc : 71.43
-----------------------------------------------
10:56:14 : SCANNING : APLLTD
circuit : -1.27%  2021-12-21T10:55:00+0530
adx : 44.6  aroonosc : -85.71
-----------------------------------------------
10:56:14 : SCANNING : APOLLOHOSP
circuit : -0.28%  2021-12-21T10:55:00+0530
adx : 29.56  aroonosc : 35.71
-----------------------------------------------
10:56:14 : SCANNING : APOLLOTYRE
circuit : 0.27%  2021-12-21T10:55:00+0530
adx : 19.55  aroonosc : 57.14
-----------------------------------------------
10:56:15 : SCANNING : ASAHIINDIA
circuit : -1.03%  2021-12-21T10:55:00+0530
adx : 31.75  aroonosc : -35.71
-----------------------------------------------
10:56:15 : SCANNING : ASHOKA
circuit : 0.17%  2021-12-21T10:55:00+0530
adx : 17.91  aroonosc : -42.86
-----------------------------------------------
10:56:15 : SCANNING : ASHOKLEY
circuit : 2.21%  2021-12-21T10:55:00+0530
adx : 45.45  aroonosc : 71.43
-----------------------------------------------
10:56:16 : SCANNING : ASIANPAINT
circuit : 1.06%  2021-12-21T10:55:00+0530
adx : 42.37  aroonosc : 92.86
-----------------------------------------------
10:56:16 : SCANNING : ASTERDM
circuit : -0.08%  2021-12-21T10:55:00+0530
adx : 39.57  aroonosc : 92.86
-----------------------------------------------
10:56:17 : SCANNING : ASTRAL
circuit : -1.92%  2021-12-21T10:55:00+0530
adx : 16.41  aroonosc : -7.14
-----------------------------------------------
10:56:17 : SCANNING : ASTRAZEN
circuit : -0.67%  2021-12-21T10:55:00+0530
adx : 26.42  aroonosc : -42.86
-----------------------------------------------
10:56:17 : SCANNING : ATUL
circuit : 0.12%  2021-12-21T10:55:00+0530
adx : 22.51  aroonosc : 35.71
-----------------------------------------------
10:56:18 : SCANNING : AUBANK
circuit : 4.18%  2021-12-21T10:55:00+0530
adx : 51.7  aroonosc : 64.29
-----------------------------------------------
10:56:18 : SCANNING : AUROPHARMA
circuit : -0.43%  2021-12-21T10:55:00+0530
adx : 24.73  aroonosc : 57.14
-----------------------------------------------
10:56:18 : SCANNING : AVANTIFEED
circuit : -0.7%  2021-12-21T10:55:00+0530
adx : 41.53  aroonosc : 7.14
-----------------------------------------------
10:56:19 : SCANNING : AXISBANK
circuit : -1.09%  2021-12-21T10:55:00+0530
adx : 19.53  aroonosc : 14.29
-----------------------------------------------
10:56:19 : SCANNING : BAJAJ-AUTO
circuit : 0.85%  2021-12-21T10:55:00+0530
adx : 45.62  aroonosc : 42.86
-----------------------------------------------
10:56:19 : SCANNING : BAJAJCON
circuit : 0.05%  2021-12-21T10:55:00+0530
adx : 20.41  aroonosc : 7.14
-----------------------------------------------
10:56:20 : SCANNING : BAJAJELEC
circuit : -0.86%  2021-12-21T10:55:00+0530
adx : 20.08  aroonosc : -71.43
-----------------------------------------------
10:56:21 : SCANNING : BAJAJFINSV
circuit : -0.85%  2021-12-21T10:55:00+0530
adx : 40.78  aroonosc : 57.14
-----------------------------------------------
10:56:21 : SCANNING : BAJAJHLDNG
circuit : -0.05%  2021-12-21T10:55:00+0530
adx : 14.33  aroonosc : -21.43
-----------------------------------------------
10:56:21 : SCANNING : BAJFINANCE
circuit : -0.13%  2021-12-21T10:55:00+0530
adx : 30.23  aroonosc : 50.0
-----------------------------------------------
10:56:22 : SCANNING : BALAMINES
circuit : 0.19%  2021-12-21T10:55:00+0530
adx : 11.13  aroonosc : 71.43
-----------------------------------------------
10:56:22 : SCANNING : BALKRISIND
circuit : -0.83%  2021-12-21T10:55:00+0530
adx : 14.95  aroonosc : 42.86
-----------------------------------------------
10:56:22 : SCANNING : BALMLAWRIE
circuit : 1.23%  2021-12-21T10:55:00+0530
adx : 31.56  aroonosc : 85.71
-----------------------------------------------
10:56:23 : SCANNING : BALRAMCHIN
circuit : 2.01%  2021-12-21T10:55:00+0530
adx : 44.22  aroonosc : 35.71
-----------------------------------------------
10:56:23 : SCANNING : BANDHANBNK
circuit : 0.12%  2021-12-21T10:55:00+0530
adx : 22.8  aroonosc : -21.43
-----------------------------------------------
10:56:23 : SCANNING : BANKBARODA
circuit : 0.68%  2021-12-21T10:55:00+0530
adx : 13.57  aroonosc : -28.57
-----------------------------------------------
10:56:24 : SCANNING : BANKINDIA
circuit : 1.19%  2021-12-21T10:55:00+0530
adx : 46.06  aroonosc : 57.14
-----------------------------------------------
10:56:24 : SCANNING : BASF
circuit : 0.39%  2021-12-21T10:55:00+0530
adx : 35.12  aroonosc : -71.43
-----------------------------------------------
10:56:25 : SCANNING : BATAINDIA
circuit : 1.16%  2021-12-21T10:55:00+0530
adx : 21.67  aroonosc : -57.14
-----------------------------------------------
10:56:25 : SCANNING : BAYERCROP
circuit : -1.97%  2021-12-21T10:55:00+0530
adx : 19.92  aroonosc : -100.0
-----------------------------------------------
10:56:25 : SCANNING : BBTC
circuit : 0.2%  2021-12-21T10:55:00+0530
adx : 22.58  aroonosc : 35.71
-----------------------------------------------
10:56:26 : SCANNING : BDL
circuit : 1.99%  2021-12-21T10:55:00+0530
adx : 33.92  aroonosc : 21.43
-----------------------------------------------
10:56:26 : SCANNING : BEL
circuit : 1.51%  2021-12-21T10:55:00+0530
adx : 36.31  aroonosc : -28.57
-----------------------------------------------
10:56:26 : SCANNING : BEML
circuit : 1.75%  2021-12-21T10:55:00+0530
adx : 41.09  aroonosc : -100.0
-----------------------------------------------
10:56:27 : SCANNING : BERGEPAINT
circuit : 0.57%  2021-12-21T10:55:00+0530
adx : 36.96  aroonosc : 57.14
-----------------------------------------------
10:56:27 : SCANNING : BHARATFORG
circuit : 0.94%  2021-12-21T10:55:00+0530
adx : 23.32  aroonosc : 64.29
-----------------------------------------------
10:56:28 : SCANNING : BHARATRAS
circuit : 2.12%  2021-12-21T10:55:00+0530
adx : 40.82  aroonosc : -7.14
-----------------------------------------------
10:56:28 : SCANNING : BHARTIARTL
circuit : 0.07%  2021-12-21T10:55:00+0530
adx : 31.61  aroonosc : -57.14
-----------------------------------------------
10:56:28 : SCANNING : BHEL
circuit : 0.52%  2021-12-21T10:55:00+0530
adx : 17.8  aroonosc : 42.86
-----------------------------------------------
10:56:29 : SCANNING : BIOCON
circuit : 0.54%  2021-12-21T10:55:00+0530
adx : 10.67  aroonosc : 64.29
-----------------------------------------------
10:56:29 : SCANNING : BIRLACORPN
circuit : 3.14%  2021-12-21T10:55:00+0530
adx : 22.49  aroonosc : 35.71
-----------------------------------------------
10:56:30 : SCANNING : BLISSGVS
circuit : 1.1%  2021-12-21T10:55:00+0530
adx : 24.49  aroonosc : 71.43
-----------------------------------------------
10:56:30 : SCANNING : BLUEDART
circuit : 1.22%  2021-12-21T10:55:00+0530
adx : 33.83  aroonosc : -71.43
-----------------------------------------------
10:56:30 : SCANNING : BLUESTARCO
circuit : -1.35%  2021-12-21T10:55:00+0530
adx : 22.57  aroonosc : 42.86
-----------------------------------------------
10:56:31 : SCANNING : BOSCHLTD
circuit : 3.38%  2021-12-21T10:55:00+0530
adx : 57.02  aroonosc : 21.43
-----------------------------------------------
10:56:31 : SCANNING : BPCL
circuit : -0.25%  2021-12-21T10:55:00+0530
adx : 23.12  aroonosc : 92.86
-----------------------------------------------
10:56:32 : SCANNING : BRIGADE
circuit : 3.13%  2021-12-21T10:55:00+0530
adx : 33.31  aroonosc : 42.86
-----------------------------------------------
10:56:32 : SCANNING : BRITANNIA
circuit : 1.61%  2021-12-21T10:55:00+0530
adx : 34.73  aroonosc : 100.0
-----------------------------------------------
10:56:32 : SCANNING : BSE
circuit : -1.32%  2021-12-21T10:55:00+0530
adx : 12.54  aroonosc : -71.43
-----------------------------------------------
10:56:33 : SCANNING : BSOFT
circuit : -0.06%  2021-12-21T10:55:00+0530
adx : 32.84  aroonosc : 64.29
-----------------------------------------------
10:56:33 : SCANNING : BURGERKING
circuit : 0.63%  2021-12-21T10:55:00+0530
adx : 23.95  aroonosc : -85.71
-----------------------------------------------
10:56:33 : SCANNING : CADILAHC
circuit : 1.2%  2021-12-21T10:55:00+0530
adx : 42.7  aroonosc : 85.71
-----------------------------------------------
10:56:34 : SCANNING : CAMS
circuit : -0.27%  2021-12-21T10:55:00+0530
adx : 22.69  aroonosc : -100.0
-----------------------------------------------
10:56:34 : SCANNING : CANBK
circuit : -0.13%  2021-12-21T10:55:00+0530
adx : 22.15  aroonosc : -28.57
-----------------------------------------------
10:56:35 : SCANNING : CANFINHOME
circuit : 0.6%  2021-12-21T10:55:00+0530
adx : 23.47  aroonosc : 64.29
-----------------------------------------------
10:56:35 : SCANNING : CAPLIPOINT
circuit : 0.78%  2021-12-21T10:55:00+0530
adx : 25.3  aroonosc : -28.57
-----------------------------------------------
10:56:35 : SCANNING : CARBORUNIV
circuit : 1.61%  2021-12-21T10:55:00+0530
adx : 14.26  aroonosc : 57.14
-----------------------------------------------
10:56:36 : SCANNING : CASTROLIND
circuit : -0.94%  2021-12-21T10:55:00+0530
adx : 14.81  aroonosc : 14.29
-----------------------------------------------
10:56:36 : SCANNING : CCL
circuit : 1.98%  2021-12-21T10:55:00+0530
adx : 41.45  aroonosc : 78.57
-----------------------------------------------
10:56:37 : SCANNING : CEATLTD
circuit : 0.38%  2021-12-21T10:55:00+0530
adx : 13.08  aroonosc : 78.57
-----------------------------------------------
10:56:37 : SCANNING : CENTRALBK
circuit : 1.18%  2021-12-21T10:55:00+0530
adx : 33.82  aroonosc : -21.43
-----------------------------------------------
10:56:38 : SCANNING : CENTURYPLY
circuit : 1.46%  2021-12-21T10:55:00+0530
adx : 11.86  aroonosc : 71.43
-----------------------------------------------
10:56:38 : SCANNING : CENTURYTEX
circuit : 2.82%  2021-12-21T10:55:00+0530
adx : 24.2  aroonosc : 57.14
-----------------------------------------------
10:56:38 : SCANNING : CERA
circuit : 3.91%  2021-12-21T10:55:00+0530
adx : 35.79  aroonosc : 28.57
-----------------------------------------------
10:56:38 : SCANNING : CESC
circuit : 1.52%  2021-12-21T10:55:00+0530
adx : 38.4  aroonosc : 71.43
-----------------------------------------------
10:56:39 : SCANNING : CGCL
circuit : -0.79%  2021-12-21T10:55:00+0530
adx : 20.78  aroonosc : -64.29
-----------------------------------------------
10:56:39 : SCANNING : CHALET
circuit : 0.11%  2021-12-21T10:55:00+0530
adx : 10.64  aroonosc : 71.43
-----------------------------------------------
10:56:40 : SCANNING : CHAMBLFERT
circuit : -0.28%  2021-12-21T10:55:00+0530
adx : 19.4  aroonosc : -50.0
-----------------------------------------------
10:56:40 : SCANNING : CHOLAFIN
circuit : 1.72%  2021-12-21T10:55:00+0530
adx : 35.39  aroonosc : 64.29
-----------------------------------------------
10:56:40 : SCANNING : CHOLAHLDNG
circuit : 1.24%  2021-12-21T10:55:00+0530
adx : 20.97  aroonosc : 100.0
-----------------------------------------------
10:56:41 : SCANNING : CIPLA
circuit : -0.49%  2021-12-21T10:55:00+0530
adx : 12.01  aroonosc : -57.14
-----------------------------------------------
10:56:41 : SCANNING : COALINDIA
circuit : 1.9%  2021-12-21T10:55:00+0530
adx : 42.98  aroonosc : 85.71
-----------------------------------------------
10:56:41 : SCANNING : COCHINSHIP
circuit : 1.13%  2021-12-21T10:55:00+0530
adx : 16.1  aroonosc : 7.14
-----------------------------------------------
10:56:42 : SCANNING : COFORGE
circuit : 1.98%  2021-12-21T10:55:00+0530
adx : 46.43  aroonosc : 7.14
-----------------------------------------------
10:56:42 : SCANNING : COLPAL
circuit : 1.82%  2021-12-21T10:55:00+0530
adx : 42.61  aroonosc : 92.86
-----------------------------------------------
10:56:43 : SCANNING : CONCOR
circuit : -0.02%  2021-12-21T10:55:00+0530
adx : 19.9  aroonosc : 42.86
-----------------------------------------------
10:56:43 : SCANNING : COROMANDEL
circuit : 0.25%  2021-12-21T10:55:00+0530
adx : 10.39  aroonosc : 92.86
-----------------------------------------------
10:56:44 : SCANNING : CREDITACC
circuit : -1.88%  2021-12-21T10:55:00+0530
adx : 10.34  aroonosc : -64.29
-----------------------------------------------
10:56:44 : SCANNING : CRISIL
circuit : 1.82%  2021-12-21T10:55:00+0530
adx : 33.45  aroonosc : 92.86
-----------------------------------------------
10:56:44 : SCANNING : CROMPTON
circuit : 0.36%  2021-12-21T10:55:00+0530
adx : 18.65  aroonosc : 35.71
-----------------------------------------------
10:56:45 : SCANNING : CSBBANK
circuit : 0.93%  2021-12-21T10:55:00+0530
adx : 15.6  aroonosc : 35.71
-----------------------------------------------
10:56:45 : SCANNING : CUB
circuit : 0.52%  2021-12-21T10:55:00+0530
adx : 25.58  aroonosc : 14.29
-----------------------------------------------
10:56:46 : SCANNING : CUMMINSIND
circuit : 1.05%  2021-12-21T10:55:00+0530
adx : 29.43  aroonosc : -7.14
-----------------------------------------------
10:56:46 : SCANNING : CYIENT
circuit : -0.04%  2021-12-21T10:55:00+0530
adx : 15.45  aroonosc : 14.29
-----------------------------------------------
10:56:46 : SCANNING : DABUR
circuit : 0.84%  2021-12-21T10:55:00+0530
adx : 50.79  aroonosc : 92.86
-----------------------------------------------
10:56:47 : SCANNING : DALBHARAT
circuit : 4.9%  2021-12-21T10:55:00+0530
adx : 52.6  aroonosc : 85.71
-----------------------------------------------
10:56:47 : SCANNING : DBL
circuit : -0.86%  2021-12-21T10:55:00+0530
adx : 46.71  aroonosc : 50.0
-----------------------------------------------
10:56:47 : SCANNING : DCAL
circuit : 1.84%  2021-12-21T10:55:00+0530
adx : 26.51  aroonosc : 57.14
-----------------------------------------------
10:56:48 : SCANNING : DCBBANK
circuit : 2.36%  2021-12-21T10:55:00+0530
adx : 36.36  aroonosc : 78.57
-----------------------------------------------
10:56:48 : SCANNING : DCMSHRIRAM
circuit : 0.99%  2021-12-21T10:55:00+0530
adx : 15.69  aroonosc : 35.71
-----------------------------------------------
10:56:49 : SCANNING : DEEPAKNTR
circuit : 2.57%  2021-12-21T10:55:00+0530
adx : 41.73  aroonosc : 71.43
-----------------------------------------------
10:56:49 : SCANNING : DELTACORP
circuit : 0.79%  2021-12-21T10:55:00+0530
adx : 25.93  aroonosc : 85.71
-----------------------------------------------
10:56:49 : SCANNING : DHANI
circuit : 3.58%  2021-12-21T10:55:00+0530
adx : 32.14  aroonosc : 71.43
-----------------------------------------------
10:56:50 : SCANNING : DHANUKA
circuit : -0.24%  2021-12-21T10:55:00+0530
adx : 14.01  aroonosc : 71.43
-----------------------------------------------
10:56:50 : SCANNING : DISHTV
circuit : 2.69%  2021-12-21T10:55:00+0530
adx : 37.88  aroonosc : 100.0
-----------------------------------------------
10:56:50 : SCANNING : DIVISLAB
circuit : -1.25%  2021-12-21T10:55:00+0530
adx : 21.01  aroonosc : -64.29
-----------------------------------------------
10:56:51 : SCANNING : DIXON
circuit : 2.29%  2021-12-21T10:55:00+0530
adx : 45.67  aroonosc : 92.86
-----------------------------------------------
10:56:51 : SCANNING : DLF
circuit : 1.26%  2021-12-21T10:55:00+0530
adx : 45.19  aroonosc : 92.86
-----------------------------------------------
10:56:51 : SCANNING : DMART
circuit : 0.39%  2021-12-21T10:55:00+0530
adx : 12.59  aroonosc : -7.14
-----------------------------------------------
10:56:52 : SCANNING : DRREDDY
circuit : 0.93%  2021-12-21T10:55:00+0530
adx : 30.2  aroonosc : 85.71
-----------------------------------------------
10:56:52 : SCANNING : ECLERX
circuit : 0.77%  2021-12-21T10:55:00+0530
adx : 15.31  aroonosc : -71.43
-----------------------------------------------
10:56:52 : SCANNING : EDELWEISS
circuit : 0.58%  2021-12-21T10:55:00+0530
adx : 12.3  aroonosc : -28.57
-----------------------------------------------
10:56:53 : SCANNING : EICHERMOT
circuit : 0.37%  2021-12-21T10:55:00+0530
adx : 37.76  aroonosc : 85.71
-----------------------------------------------
10:56:53 : SCANNING : EIDPARRY
circuit : 1.38%  2021-12-21T10:55:00+0530
adx : 24.68  aroonosc : 57.14
-----------------------------------------------
10:56:54 : SCANNING : EIHOTEL
circuit : 1.34%  2021-12-21T10:55:00+0530
adx : 10.39  aroonosc : 14.29
-----------------------------------------------
10:56:54 : SCANNING : ELGIEQUIP
circuit : -0.16%  2021-12-21T10:55:00+0530
adx : 32.5  aroonosc : -85.71
-----------------------------------------------
10:56:55 : SCANNING : EMAMILTD
circuit : -0.78%  2021-12-21T10:55:00+0530
adx : 29.4  aroonosc : 71.43
-----------------------------------------------
10:56:55 : SCANNING : ENDURANCE
circuit : 0.17%  2021-12-21T10:55:00+0530
adx : 20.62  aroonosc : -21.43
-----------------------------------------------
10:56:56 : SCANNING : ENGINERSIN
circuit : 0.22%  2021-12-21T10:55:00+0530
adx : 14.21  aroonosc : 7.14
-----------------------------------------------
10:56:56 : SCANNING : EPL
circuit : 1.69%  2021-12-21T10:55:00+0530
adx : 38.08  aroonosc : 100.0
-----------------------------------------------
10:56:57 : SCANNING : EQUITAS
circuit : -1.36%  2021-12-21T10:55:00+0530
adx : 23.77  aroonosc : -64.29
-----------------------------------------------
10:56:57 : SCANNING : ERIS
circuit : -0.25%  2021-12-21T10:55:00+0530
adx : 19.89  aroonosc : 42.86
-----------------------------------------------
10:56:57 : SCANNING : ESCORTS
circuit : 0.67%  2021-12-21T10:55:00+0530
adx : 20.53  aroonosc : 7.14
-----------------------------------------------
10:56:58 : SCANNING : EXIDEIND
circuit : 0.29%  2021-12-21T10:55:00+0530
adx : 39.42  aroonosc : -85.71
-----------------------------------------------
10:56:58 : SCANNING : FCONSUMER
circuit : -7.69%  2021-12-21T10:55:00+0530
adx : 31.12  aroonosc : 35.71
-----------------------------------------------
10:56:59 : SCANNING : FDC
circuit : 0.79%  2021-12-21T10:55:00+0530
adx : 14.57  aroonosc : 14.29
-----------------------------------------------
10:56:59 : SCANNING : FEDERALBNK
circuit : -0.67%  2021-12-21T10:55:00+0530
adx : 22.28  aroonosc : 71.43
-----------------------------------------------
10:57:00 : SCANNING : FINCABLES
circuit : 1.34%  2021-12-21T10:55:00+0530
adx : 13.76  aroonosc : 50.0
-----------------------------------------------
10:57:00 : SCANNING : FINEORG
circuit : 1.79%  2021-12-21T10:55:00+0530
adx : 23.37  aroonosc : 100.0
-----------------------------------------------
10:57:01 : SCANNING : FINPIPE
circuit : 3.69%  2021-12-21T10:55:00+0530
adx : 37.58  aroonosc : 78.57
-----------------------------------------------
10:57:01 : SCANNING : FLUOROCHEM
circuit : 3.94%  2021-12-21T10:55:00+0530
adx : 31.43  aroonosc : -35.71
-----------------------------------------------
10:57:01 : SCANNING : FORTIS
circuit : 3.45%  2021-12-21T10:55:00+0530
adx : 43.85  aroonosc : 71.43
-----------------------------------------------
10:57:02 : SCANNING : FRETAIL
circuit : -9.84%  2021-12-21T10:55:00+0530
adx : 30.66  aroonosc : 42.86
-----------------------------------------------
10:57:02 : SCANNING : FSL
circuit : 1.03%  2021-12-21T10:55:00+0530
adx : 14.81  aroonosc : -35.71
-----------------------------------------------
10:57:03 : SCANNING : GAEL
circuit : 1.57%  2021-12-21T10:55:00+0530
adx : 17.29  aroonosc : 57.14
-----------------------------------------------
10:57:03 : SCANNING : GAIL
circuit : 0.87%  2021-12-21T10:55:00+0530
adx : 36.31  aroonosc : 57.14
-----------------------------------------------
10:57:04 : SCANNING : GALAXYSURF
circuit : -0.63%  2021-12-21T10:55:00+0530
adx : 34.37  aroonosc : -85.71
-----------------------------------------------
10:57:04 : SCANNING : GARFIBRES
circuit : -0.33%  2021-12-21T10:55:00+0530
adx : 28.25  aroonosc : -78.57
-----------------------------------------------
10:57:04 : SCANNING : GEPIL
circuit : 1.65%  2021-12-21T10:55:00+0530
adx : 13.1  aroonosc : 78.57
-----------------------------------------------
10:57:05 : SCANNING : GESHIP
circuit : 1.17%  2021-12-21T10:55:00+0530
adx : 27.15  aroonosc : 14.29
-----------------------------------------------
10:57:05 : SCANNING : GICRE
circuit : 1.27%  2021-12-21T10:55:00+0530
adx : 14.08  aroonosc : 21.43
-----------------------------------------------
10:57:06 : SCANNING : GILLETTE
circuit : 1.14%  2021-12-21T10:55:00+0530
adx : 25.34  aroonosc : 71.43
-----------------------------------------------
10:57:06 : SCANNING : GLAND
circuit : 1.21%  2021-12-21T10:55:00+0530
adx : 17.36  aroonosc : 92.86
-----------------------------------------------
10:57:07 : SCANNING : GLAXO
circuit : 1.9%  2021-12-21T10:55:00+0530
adx : 43.28  aroonosc : 57.14
-----------------------------------------------
10:57:07 : SCANNING : GLENMARK
circuit : -0.6%  2021-12-21T10:55:00+0530
adx : 16.26  aroonosc : 7.14
-----------------------------------------------
10:57:08 : SCANNING : GMMPFAUDLR
circuit : 2.74%  2021-12-21T10:55:00+0530
adx : 53.51  aroonosc : 92.86
-----------------------------------------------
10:57:08 : SCANNING : GMRINFRA
circuit : 0.88%  2021-12-21T10:55:00+0530
adx : 30.06  aroonosc : 57.14
-----------------------------------------------
10:57:09 : SCANNING : GNFC
circuit : 1.42%  2021-12-21T10:55:00+0530
adx : 29.26  aroonosc : 14.29
-----------------------------------------------
10:57:09 : SCANNING : GODFRYPHLP
circuit : 0.04%  2021-12-21T10:55:00+0530
adx : 11.92  aroonosc : -85.71
-----------------------------------------------
10:57:09 : SCANNING : GODREJAGRO
circuit : -0.75%  2021-12-21T10:55:00+0530
adx : 24.74  aroonosc : 21.43
-----------------------------------------------
10:57:10 : SCANNING : GODREJCP
circuit : 4.82%  2021-12-21T10:55:00+0530
adx : 51.15  aroonosc : 85.71
-----------------------------------------------
10:57:10 : SCANNING : GODREJIND
circuit : 2.36%  2021-12-21T10:55:00+0530
adx : 43.31  aroonosc : 7.14
-----------------------------------------------
10:57:11 : SCANNING : GODREJPROP
circuit : 1.09%  2021-12-21T10:55:00+0530
adx : 20.29  aroonosc : 28.57
-----------------------------------------------
10:57:11 : SCANNING : GPPL
circuit : 0.26%  2021-12-21T10:55:00+0530
adx : 34.46  aroonosc : 57.14
-----------------------------------------------
10:57:11 : SCANNING : GRANULES
circuit : -0.4%  2021-12-21T10:55:00+0530
adx : 8.16  aroonosc : -7.14
-----------------------------------------------
10:57:12 : SCANNING : GRAPHITE
circuit : 0.19%  2021-12-21T10:55:00+0530
adx : 27.2  aroonosc : -64.29
-----------------------------------------------
10:57:12 : SCANNING : GRASIM
circuit : 2.28%  2021-12-21T10:55:00+0530
adx : 54.01  aroonosc : 42.86
-----------------------------------------------
10:57:12 : SCANNING : GREAVESCOT
circuit : 1.15%  2021-12-21T10:55:00+0530
adx : 32.36  aroonosc : 64.29
-----------------------------------------------
10:57:13 : SCANNING : GRINDWELL
circuit : -0.05%  2021-12-21T10:55:00+0530
adx : 36.75  aroonosc : -42.86
-----------------------------------------------
10:57:14 : SCANNING : GRSE
circuit : 2.87%  2021-12-21T10:55:00+0530
adx : 20.47  aroonosc : 50.0
-----------------------------------------------
10:57:14 : SCANNING : GSFC
circuit : 0.91%  2021-12-21T10:55:00+0530
adx : 14.71  aroonosc : -21.43
-----------------------------------------------
10:57:14 : SCANNING : GSPL
circuit : 0.74%  2021-12-21T10:55:00+0530
adx : 23.75  aroonosc : 78.57
-----------------------------------------------
10:57:15 : SCANNING : GUJALKALI
circuit : -0.06%  2021-12-21T10:55:00+0530
adx : 32.78  aroonosc : -78.57
-----------------------------------------------
10:57:15 : SCANNING : GUJGASLTD
circuit : 1.51%  2021-12-21T10:55:00+0530
adx : 53.42  aroonosc : 42.86
-----------------------------------------------
10:57:16 : SCANNING : GULFOILLUB
circuit : -0.15%  2021-12-21T10:55:00+0530
adx : 22.06  aroonosc : 28.57
-----------------------------------------------
10:57:16 : SCANNING : HAL
circuit : 0.24%  2021-12-21T10:55:00+0530
adx : 29.34  aroonosc : 7.14
-----------------------------------------------
10:57:16 : SCANNING : HATSUN
circuit : -2.0%  2021-12-21T10:55:00+0530
adx : 17.26  aroonosc : -71.43
-----------------------------------------------
10:57:17 : SCANNING : HAVELLS
circuit : 3.13%  2021-12-21T10:55:00+0530
adx : 37.54  aroonosc : 35.71
-----------------------------------------------
10:57:17 : SCANNING : HCLTECH
circuit : 3.3%  2021-12-21T10:55:00+0530
adx : 62.53  aroonosc : 35.71
-----------------------------------------------
10:57:18 : SCANNING : HDFC
circuit : -0.49%  2021-12-21T10:55:00+0530
adx : 48.89  aroonosc : 71.43
-----------------------------------------------
10:57:18 : SCANNING : HDFCAMC
circuit : 0.46%  2021-12-21T10:55:00+0530
adx : 29.31  aroonosc : 71.43
-----------------------------------------------
10:57:18 : SCANNING : HDFCBANK
circuit : 0.41%  2021-12-21T10:55:00+0530
adx : 19.23  aroonosc : 71.43
-----------------------------------------------
10:57:19 : SCANNING : HDFCLIFE
circuit : 0.22%  2021-12-21T10:55:00+0530
adx : 31.18  aroonosc : 100.0
-----------------------------------------------
10:57:19 : SCANNING : HEG
circuit : -0.37%  2021-12-21T10:55:00+0530
adx : 12.3  aroonosc : 50.0
-----------------------------------------------
10:57:20 : SCANNING : HEIDELBERG
circuit : 0.35%  2021-12-21T10:55:00+0530
adx : 19.73  aroonosc : -28.57
-----------------------------------------------
10:57:20 : SCANNING : HEMIPROP
circuit : 1.6%  2021-12-21T10:55:00+0530
adx : 25.23  aroonosc : -21.43
-----------------------------------------------
10:57:20 : SCANNING : HEROMOTOCO
circuit : -1.35%  2021-12-21T10:55:00+0530
adx : 36.17  aroonosc : 21.43
-----------------------------------------------
10:57:21 : SCANNING : HINDALCO
circuit : 2.08%  2021-12-21T10:55:00+0530
adx : 58.51  aroonosc : 85.71
-----------------------------------------------
10:57:21 : SCANNING : HINDCOPPER
circuit : 1.09%  2021-12-21T10:55:00+0530
adx : 37.75  aroonosc : 14.29
-----------------------------------------------
10:57:22 : SCANNING : HINDPETRO
circuit : 1.1%  2021-12-21T10:55:00+0530
adx : 20.87  aroonosc : 71.43
-----------------------------------------------
10:57:22 : SCANNING : HINDUNILVR
circuit : 0.22%  2021-12-21T10:55:00+0530
adx : 33.19  aroonosc : 57.14
-----------------------------------------------
10:57:23 : SCANNING : HINDZINC
circuit : 1.87%  2021-12-21T10:55:00+0530
adx : 28.43  aroonosc : 64.29
-----------------------------------------------
10:57:23 : SCANNING : HONAUT
circuit : -0.25%  2021-12-21T10:55:00+0530
adx : 16.0  aroonosc : -57.14
-----------------------------------------------
10:57:23 : SCANNING : HSCL
circuit : 1.53%  2021-12-21T10:55:00+0530
adx : 45.66  aroonosc : 14.29
-----------------------------------------------
10:57:24 : SCANNING : HUDCO
circuit : 0.39%  2021-12-21T10:55:00+0530
adx : 20.17  aroonosc : -78.57
-----------------------------------------------
10:57:24 : SCANNING : HUHTAMAKI
circuit : 1.34%  2021-12-21T10:55:00+0530
adx : 15.46  aroonosc : 57.14
-----------------------------------------------
10:57:25 : SCANNING : IBREALEST
circuit : 3.08%  2021-12-21T10:55:00+0530
adx : 45.28  aroonosc : 50.0
-----------------------------------------------
10:57:25 : SCANNING : IBULHSGFIN
circuit : 0.54%  2021-12-21T10:55:00+0530
adx : 25.23  aroonosc : -100.0
-----------------------------------------------
10:57:25 : SCANNING : ICICIBANK
circuit : 0.56%  2021-12-21T10:55:00+0530
adx : 45.9  aroonosc : 64.29
-----------------------------------------------
10:57:26 : SCANNING : ICICIGI
circuit : 1.8%  2021-12-21T10:55:00+0530
adx : 41.4  aroonosc : 92.86
-----------------------------------------------
10:57:27 : SCANNING : ICICIPRULI
circuit : 2.27%  2021-12-21T10:55:00+0530
adx : 44.62  aroonosc : 78.57
-----------------------------------------------
10:57:27 : SCANNING : ICIL
circuit : -1.48%  2021-12-21T10:55:00+0530
adx : 18.39  aroonosc : 50.0
-----------------------------------------------
10:57:27 : SCANNING : IDBI
circuit : 2.85%  2021-12-21T10:55:00+0530
adx : 48.16  aroonosc : 21.43
-----------------------------------------------
10:57:28 : SCANNING : IDEA
circuit : 5.05%  2021-12-21T10:55:00+0530
adx : 46.49  aroonosc : 71.43
-----------------------------------------------
10:57:28 : SCANNING : IDFC
circuit : 1.89%  2021-12-21T10:55:00+0530
adx : 42.15  aroonosc : 71.43
-----------------------------------------------
10:57:29 : SCANNING : IDFCFIRSTB
circuit : 0.22%  2021-12-21T10:55:00+0530
adx : 10.61  aroonosc : -7.14
-----------------------------------------------
10:57:29 : SCANNING : IEX
circuit : 1.73%  2021-12-21T10:55:00+0530
adx : 35.98  aroonosc : 57.14
-----------------------------------------------
10:57:29 : SCANNING : IFBIND
circuit : 0.15%  2021-12-21T10:55:00+0530
adx : 27.45  aroonosc : -71.43
-----------------------------------------------
10:57:30 : SCANNING : IGL
circuit : 1.02%  2021-12-21T10:55:00+0530
adx : 38.67  aroonosc : 85.71
-----------------------------------------------
10:57:30 : SCANNING : IIFL
circuit : 0.18%  2021-12-21T10:55:00+0530
adx : 21.66  aroonosc : 14.29
-----------------------------------------------
10:57:30 : SCANNING : IIFLWAM
circuit : -2.01%  2021-12-21T10:55:00+0530
adx : 25.29  aroonosc : -85.71
-----------------------------------------------
10:57:31 : SCANNING : INDHOTEL
circuit : -0.63%  2021-12-21T10:55:00+0530
adx : 10.93  aroonosc : 71.43
-----------------------------------------------
10:57:31 : SCANNING : INDIACEM
circuit : 1.02%  2021-12-21T10:55:00+0530
adx : 36.13  aroonosc : 85.71
-----------------------------------------------
10:57:31 : SCANNING : INDIAMART
circuit : 0.03%  2021-12-21T10:55:00+0530
adx : 10.14  aroonosc : -64.29
-----------------------------------------------
10:57:32 : SCANNING : INDIANB
circuit : 1.0%  2021-12-21T10:55:00+0530
adx : 31.6  aroonosc : 14.29
-----------------------------------------------
10:57:32 : SCANNING : INDIGO
circuit : 0.98%  2021-12-21T10:55:00+0530
adx : 24.13  aroonosc : 100.0
-----------------------------------------------
10:57:32 : SCANNING : INDOCO
circuit : 1.16%  2021-12-21T10:55:00+0530
adx : 24.96  aroonosc : 71.43
-----------------------------------------------
10:57:33 : SCANNING : INDUSINDBK
circuit : 0.54%  2021-12-21T10:55:00+0530
adx : 27.06  aroonosc : -14.29
-----------------------------------------------
10:57:33 : SCANNING : INDUSTOWER
circuit : 3.88%  2021-12-21T10:55:00+0530
adx : 43.41  aroonosc : 100.0
-----------------------------------------------
10:57:33 : SCANNING : INFIBEAM
circuit : 1.54%  2021-12-21T10:55:00+0530
adx : 36.12  aroonosc : -14.29
-----------------------------------------------
10:57:34 : SCANNING : INFY
circuit : 1.66%  2021-12-21T10:55:00+0530
adx : 37.19  aroonosc : 64.29
-----------------------------------------------
10:57:34 : SCANNING : INGERRAND
circuit : 0.83%  2021-12-21T10:55:00+0530
adx : 17.45  aroonosc : -57.14
-----------------------------------------------
10:57:34 : SCANNING : INOXLEISUR
circuit : 3.56%  2021-12-21T10:55:00+0530
adx : 50.77  aroonosc : 71.43
-----------------------------------------------
10:57:35 : SCANNING : INTELLECT
circuit : 0.67%  2021-12-21T10:55:00+0530
adx : 21.83  aroonosc : 14.29
-----------------------------------------------
10:57:35 : SCANNING : IOB
circuit : 1.24%  2021-12-21T10:55:00+0530
adx : 35.51  aroonosc : -35.71
-----------------------------------------------
10:57:36 : SCANNING : IOC
circuit : 0.09%  2021-12-21T10:55:00+0530
adx : 10.86  aroonosc : 28.57
-----------------------------------------------
10:57:36 : SCANNING : IOLCP
circuit : -0.78%  2021-12-21T10:55:00+0530
adx : 46.29  aroonosc : 42.86
-----------------------------------------------
10:57:37 : SCANNING : IPCALAB
circuit : 0.3%  2021-12-21T10:55:00+0530
adx : 9.81  aroonosc : 28.57
-----------------------------------------------
10:57:37 : SCANNING : IRB
circuit : -1.17%  2021-12-21T10:55:00+0530
adx : 15.75  aroonosc : -64.29
-----------------------------------------------
10:57:38 : SCANNING : IRCON
circuit : 0.33%  2021-12-21T10:55:00+0530
adx : 27.04  aroonosc : 92.86
-----------------------------------------------
10:57:38 : SCANNING : IRCTC
circuit : 0.57%  2021-12-21T10:55:00+0530
adx : 33.58  aroonosc : 71.43
-----------------------------------------------
10:57:38 : SCANNING : ISEC
circuit : 1.18%  2021-12-21T10:55:00+0530
adx : 22.41  aroonosc : -71.43
-----------------------------------------------
10:57:39 : SCANNING : ITC
circuit : -0.02%  2021-12-21T10:55:00+0530
adx : 21.61  aroonosc : 57.14
-----------------------------------------------
10:57:39 : SCANNING : ITI
circuit : 1.07%  2021-12-21T10:55:00+0530
adx : 25.17  aroonosc : 7.14
-----------------------------------------------
10:57:40 : SCANNING : J&KBANK
circuit : 2.02%  2021-12-21T10:55:00+0530
adx : 26.59  aroonosc : 64.29
-----------------------------------------------
10:57:40 : SCANNING : JAMNAAUTO
circuit : 2.96%  2021-12-21T10:55:00+0530
adx : 28.5  aroonosc : 50.0
-----------------------------------------------
10:57:41 : SCANNING : JBCHEPHARM
circuit : -0.36%  2021-12-21T10:55:00+0530
adx : 40.37  aroonosc : -64.29
-----------------------------------------------
10:57:41 : SCANNING : JCHAC
circuit : 1.7%  2021-12-21T10:55:00+0530
adx : 36.48  aroonosc : 35.71
-----------------------------------------------
10:57:42 : SCANNING : JINDALSAW
circuit : 1.94%  2021-12-21T10:55:00+0530
adx : 20.16  aroonosc : -35.71
-----------------------------------------------
10:57:42 : SCANNING : JINDALSTEL
circuit : 2.16%  2021-12-21T10:55:00+0530
adx : 49.48  aroonosc : 21.43
-----------------------------------------------
10:57:43 : SCANNING : JKCEMENT
circuit : 3.02%  2021-12-21T10:55:00+0530
adx : 28.45  aroonosc : 100.0
-----------------------------------------------
10:57:43 : SCANNING : JKLAKSHMI
circuit : 0.71%  2021-12-21T10:55:00+0530
adx : 15.76  aroonosc : 14.29
-----------------------------------------------
10:57:43 : SCANNING : JKPAPER
circuit : 1.2%  2021-12-21T10:55:00+0530
adx : 26.07  aroonosc : -35.71
-----------------------------------------------
10:57:44 : SCANNING : JKTYRE
circuit : 2.27%  2021-12-21T10:55:00+0530
adx : 35.87  aroonosc : 64.29
-----------------------------------------------
10:57:44 : SCANNING : JMFINANCIL
circuit : -0.82%  2021-12-21T10:55:00+0530
adx : 19.13  aroonosc : -78.57
-----------------------------------------------
10:57:45 : SCANNING : JSL
circuit : 3.38%  2021-12-21T10:55:00+0530
adx : 27.61  aroonosc : 35.71
-----------------------------------------------
10:57:45 : SCANNING : JSLHISAR
circuit : 3.23%  2021-12-21T10:55:00+0530
adx : 23.96  aroonosc : 50.0
-----------------------------------------------
10:57:46 : SCANNING : JSWSTEEL
circuit : 2.6%  2021-12-21T10:55:00+0530
adx : 67.2  aroonosc : 92.86
-----------------------------------------------
10:57:46 : SCANNING : JTEKTINDIA
circuit : 1.29%  2021-12-21T10:55:00+0530
adx : 15.26  aroonosc : 71.43
-----------------------------------------------
10:57:47 : SCANNING : JUBLFOOD
circuit : -0.15%  2021-12-21T10:55:00+0530
adx : 16.51  aroonosc : 57.14
-----------------------------------------------
10:57:47 : SCANNING : JUSTDIAL
circuit : 2.87%  2021-12-21T10:55:00+0530
adx : 38.34  aroonosc : 14.29
-----------------------------------------------
10:57:47 : SCANNING : JYOTHYLAB
circuit : 0.5%  2021-12-21T10:55:00+0530
adx : 22.77  aroonosc : -21.43
-----------------------------------------------
10:57:48 : SCANNING : KAJARIACER
circuit : 1.64%  2021-12-21T10:55:00+0530
adx : 18.39  aroonosc : 0.0
-----------------------------------------------
10:57:48 : SCANNING : KALPATPOWR
circuit : 0.98%  2021-12-21T10:55:00+0530
adx : 12.4  aroonosc : 0.0
-----------------------------------------------
10:57:49 : SCANNING : KANSAINER
circuit : 0.45%  2021-12-21T10:55:00+0530
adx : 30.02  aroonosc : 64.29
-----------------------------------------------
10:57:50 : SCANNING : KARURVYSYA
circuit : -0.22%  2021-12-21T10:55:00+0530
adx : 29.07  aroonosc : 21.43
-----------------------------------------------
10:57:50 : SCANNING : KEC
circuit : 0.73%  2021-12-21T10:55:00+0530
adx : 11.51  aroonosc : -57.14
-----------------------------------------------
10:57:50 : SCANNING : KEI
circuit : -0.56%  2021-12-21T10:55:00+0530
adx : 10.05  aroonosc : 7.14
-----------------------------------------------
10:57:51 : SCANNING : KNRCON
circuit : 0.36%  2021-12-21T10:55:00+0530
adx : 7.86  aroonosc : -57.14
-----------------------------------------------
10:57:52 : SCANNING : KOTAKBANK
circuit : -0.03%  2021-12-21T10:55:00+0530
adx : 24.34  aroonosc : 85.71
-----------------------------------------------
10:57:52 : SCANNING : KPITTECH
circuit : 2.88%  2021-12-21T10:55:00+0530
adx : 30.13  aroonosc : 7.14
-----------------------------------------------
10:57:52 : SCANNING : KPRMILL
circuit : 2.26%  2021-12-21T10:55:00+0530
adx : 18.0  aroonosc : -85.71
-----------------------------------------------
10:57:53 : SCANNING : KRBL
circuit : 0.21%  2021-12-21T10:55:00+0530
adx : 17.65  aroonosc : 28.57
-----------------------------------------------
10:57:53 : SCANNING : KSB
circuit : 1.7%  2021-12-21T10:55:00+0530
adx : 12.61  aroonosc : 85.71
-----------------------------------------------
10:57:54 : SCANNING : KSCL
circuit : -0.94%  2021-12-21T10:55:00+0530
adx : 23.17  aroonosc : 14.29
-----------------------------------------------
10:57:54 : SCANNING : L&TFH
circuit : 3.59%  2021-12-21T10:55:00+0530
adx : 56.74  aroonosc : 78.57
-----------------------------------------------
10:57:55 : SCANNING : LALPATHLAB
circuit : -0.19%  2021-12-21T10:55:00+0530
adx : 16.1  aroonosc : -7.14
-----------------------------------------------
10:57:55 : SCANNING : LAOPALA
circuit : 3.61%  2021-12-21T10:55:00+0530
adx : 40.18  aroonosc : -71.43
-----------------------------------------------
10:57:55 : SCANNING : LAURUSLABS
circuit : 1.17%  2021-12-21T10:55:00+0530
adx : 16.74  aroonosc : 50.0
-----------------------------------------------
10:57:56 : SCANNING : LAXMIMACH
circuit : 3.17%  2021-12-21T10:55:00+0530
adx : 23.84  aroonosc : -64.29
-----------------------------------------------
10:57:56 : SCANNING : LEMONTREE
circuit : 4.24%  2021-12-21T10:55:00+0530
adx : 36.07  aroonosc : 57.14
-----------------------------------------------
10:57:57 : SCANNING : LICHSGFIN
circuit : 0.57%  2021-12-21T10:55:00+0530
adx : 37.81  aroonosc : 92.86
-----------------------------------------------
10:57:57 : SCANNING : LINDEINDIA
circuit : 1.15%  2021-12-21T10:55:00+0530
adx : 13.95  aroonosc : 100.0
-----------------------------------------------
10:57:58 : SCANNING : LT
circuit : 1.17%  2021-12-21T10:55:00+0530
adx : 28.24  aroonosc : 28.57
-----------------------------------------------
10:57:58 : SCANNING : LTI
circuit : 2.29%  2021-12-21T10:55:00+0530
adx : 29.29  aroonosc : 78.57
-----------------------------------------------
10:57:59 : SCANNING : LTTS
circuit : 1.37%  2021-12-21T10:55:00+0530
adx : 24.42  aroonosc : 42.86
-----------------------------------------------
10:57:59 : SCANNING : LUPIN
circuit : 0.19%  2021-12-21T10:55:00+0530
adx : 31.44  aroonosc : 57.14
-----------------------------------------------
10:57:59 : SCANNING : LUXIND
circuit : 0.13%  2021-12-21T10:55:00+0530
adx : 32.01  aroonosc : 21.43
-----------------------------------------------
10:58:00 : SCANNING : M&M
circuit : -0.19%  2021-12-21T10:55:00+0530
adx : 29.89  aroonosc : 64.29
-----------------------------------------------
10:58:00 : SCANNING : M&MFIN
circuit : 0.72%  2021-12-21T10:55:00+0530
adx : 21.21  aroonosc : 35.71
-----------------------------------------------
10:58:01 : SCANNING : MAHABANK
circuit : 0.26%  2021-12-21T10:55:00+0530
adx : 15.3  aroonosc : -14.29
-----------------------------------------------
10:58:01 : SCANNING : MAHINDCIE
circuit : 0.87%  2021-12-21T10:55:00+0530
adx : 19.64  aroonosc : -7.14
-----------------------------------------------
10:58:02 : SCANNING : MAHLOG
circuit : -1.45%  2021-12-21T10:55:00+0530
adx : 11.03  aroonosc : -85.71
-----------------------------------------------
10:58:02 : SCANNING : MAHSCOOTER
circuit : 2.58%  2021-12-21T10:55:00+0530
adx : 29.32  aroonosc : 100.0
-----------------------------------------------
10:58:02 : SCANNING : MAHSEAMLES
circuit : 1.54%  2021-12-21T10:55:00+0530
adx : 42.18  aroonosc : 21.43
-----------------------------------------------
10:58:03 : SCANNING : MANAPPURAM
circuit : -0.69%  2021-12-21T10:55:00+0530
adx : 33.11  aroonosc : 42.86
-----------------------------------------------
10:58:03 : SCANNING : MARICO
circuit : 0.68%  2021-12-21T10:55:00+0530
adx : 30.59  aroonosc : 100.0
-----------------------------------------------
10:58:04 : SCANNING : MARUTI
circuit : 0.48%  2021-12-21T10:55:00+0530
adx : 32.62  aroonosc : 50.0
-----------------------------------------------
10:58:04 : SCANNING : MASFIN
circuit : 2.73%  2021-12-21T10:55:00+0530
adx : 19.05  aroonosc : 100.0
-----------------------------------------------
10:58:05 : SCANNING : MAXHEALTH
circuit : 1.93%  2021-12-21T10:55:00+0530
adx : 32.49  aroonosc : -50.0
-----------------------------------------------
10:58:05 : SCANNING : MAZDOCK
circuit : 0.6%  2021-12-21T10:55:00+0530
adx : 23.9  aroonosc : -35.71
-----------------------------------------------
10:58:05 : SCANNING : MCDOWELL-N
circuit : 2.44%  2021-12-21T10:55:00+0530
adx : 44.14  aroonosc : 57.14
-----------------------------------------------
10:58:06 : SCANNING : MCX
circuit : 0.86%  2021-12-21T10:55:00+0530
adx : 36.03  aroonosc : 57.14
-----------------------------------------------
10:58:06 : SCANNING : METROPOLIS
circuit : 2.79%  2021-12-21T10:55:00+0530
adx : 39.26  aroonosc : 71.43
-----------------------------------------------
10:58:07 : SCANNING : MFSL
circuit : 3.74%  2021-12-21T10:55:00+0530
adx : 21.66  aroonosc : 71.43
-----------------------------------------------
10:58:07 : SCANNING : MGL
circuit : 0.4%  2021-12-21T10:55:00+0530
adx : 30.12  aroonosc : 57.14
-----------------------------------------------
10:58:08 : SCANNING : MHRIL
circuit : -0.74%  2021-12-21T10:55:00+0530
adx : 15.13  aroonosc : -28.57
-----------------------------------------------
10:58:08 : SCANNING : MIDHANI
circuit : 0.89%  2021-12-21T10:55:00+0530
adx : 14.69  aroonosc : -28.57
-----------------------------------------------
10:58:08 : SCANNING : MINDACORP
circuit : 3.04%  2021-12-21T10:55:00+0530
adx : 35.9  aroonosc : 64.29
-----------------------------------------------
10:58:09 : SCANNING : MINDAIND
circuit : 1.33%  2021-12-21T10:55:00+0530
adx : 37.83  aroonosc : 100.0
-----------------------------------------------
10:58:09 : SCANNING : MINDTREE
circuit : 1.04%  2021-12-21T10:55:00+0530
adx : 41.8  aroonosc : 14.29
-----------------------------------------------
10:58:09 : SCANNING : MMTC
circuit : 2.09%  2021-12-21T10:55:00+0530
adx : 38.74  aroonosc : 14.29
-----------------------------------------------
10:58:10 : SCANNING : MOIL
circuit : 1.98%  2021-12-21T10:55:00+0530
adx : 38.18  aroonosc : 64.29
-----------------------------------------------
10:58:10 : SCANNING : MOTILALOFS
circuit : 0.29%  2021-12-21T10:55:00+0530
adx : 22.39  aroonosc : 42.86
-----------------------------------------------
10:58:11 : SCANNING : MPHASIS
circuit : 1.21%  2021-12-21T10:55:00+0530
adx : 28.09  aroonosc : -64.29
-----------------------------------------------
10:58:11 : SCANNING : MRF
circuit : 0.36%  2021-12-21T10:55:00+0530
adx : 18.42  aroonosc : -28.57
-----------------------------------------------
10:58:11 : SCANNING : MRPL
circuit : -0.82%  2021-12-21T10:55:00+0530
adx : 25.42  aroonosc : -85.71
-----------------------------------------------
10:58:12 : SCANNING : MUTHOOTFIN
circuit : 0.46%  2021-12-21T10:55:00+0530
adx : 17.22  aroonosc : 78.57
-----------------------------------------------
10:58:13 : SCANNING : NAM-INDIA
circuit : 1.37%  2021-12-21T10:55:00+0530
adx : 21.17  aroonosc : 42.86
-----------------------------------------------
10:58:13 : SCANNING : NATCOPHARM
circuit : 2.56%  2021-12-21T10:55:00+0530
adx : 14.51  aroonosc : 28.57
-----------------------------------------------
10:58:14 : SCANNING : NATIONALUM
circuit : 2.64%  2021-12-21T10:55:00+0530
adx : 52.8  aroonosc : 28.57
-----------------------------------------------
10:58:14 : SCANNING : NAUKRI
circuit : 0.3%  2021-12-21T10:55:00+0530
adx : 20.37  aroonosc : 35.71
-----------------------------------------------
10:58:14 : SCANNING : NAVINFLUOR
circuit : 3.26%  2021-12-21T10:55:00+0530
adx : 54.47  aroonosc : 71.43
-----------------------------------------------
10:58:15 : SCANNING : NBCC
circuit : 0.36%  2021-12-21T10:55:00+0530
adx : 29.9  aroonosc : 57.14
-----------------------------------------------
10:58:15 : SCANNING : NCC
circuit : 0.95%  2021-12-21T10:55:00+0530
adx : 38.3  aroonosc : 100.0
-----------------------------------------------
10:58:16 : SCANNING : NESCO
circuit : 1.58%  2021-12-21T10:55:00+0530
adx : 13.65  aroonosc : -71.43
-----------------------------------------------
10:58:16 : SCANNING : NESTLEIND
circuit : 0.98%  2021-12-21T10:55:00+0530
adx : 49.54  aroonosc : 100.0
-----------------------------------------------
10:58:17 : SCANNING : NETWORK18
circuit : 2.23%  2021-12-21T10:55:00+0530
adx : 25.18  aroonosc : 57.14
-----------------------------------------------
10:58:17 : SCANNING : NFL
circuit : 1.42%  2021-12-21T10:55:00+0530
adx : 34.43  aroonosc : 57.14
-----------------------------------------------
10:58:18 : SCANNING : NH
circuit : 1.98%  2021-12-21T10:55:00+0530
adx : 12.64  aroonosc : 85.71
-----------------------------------------------
10:58:18 : SCANNING : NHPC
circuit : 2.02%  2021-12-21T10:55:00+0530
adx : 37.13  aroonosc : 100.0
-----------------------------------------------
10:58:18 : SCANNING : NIACL
-----------------------------------------------
10:58:19 : SCANNING : NILKAMAL
circuit : 0.4%  2021-12-21T10:55:00+0530
adx : 11.94  aroonosc : 85.71
-----------------------------------------------
10:58:19 : SCANNING : NLCINDIA
circuit : 0.77%  2021-12-21T10:55:00+0530
adx : 26.7  aroonosc : -21.43
-----------------------------------------------
10:58:20 : SCANNING : NMDC
circuit : 7.0%  2021-12-21T10:55:00+0530
adx : 14.96  aroonosc : 71.43
-----------------------------------------------
10:58:20 : SCANNING : NOCIL
circuit : 0.07%  2021-12-21T10:55:00+0530
adx : 28.99  aroonosc : 85.71
-----------------------------------------------
10:58:20 : SCANNING : NTPC
circuit : 0.53%  2021-12-21T10:55:00+0530
adx : 35.6  aroonosc : -35.71
rpt : 1190.0
{'candle': 'green', 'type': 'BUY', 'instrument': 'NTPC', 'price': 120.2, 'qty': 4949, 'target': 120.35, 'stoploss': 120.05, 'volume': 82550, 'adx': 50.48648436642578, 'aroonosc': 64.28571428571429, 'atr': 0.35497661662436336, 'open': 120.15, 'high': 120.35, 'low': 120.05, 'close': 120.35, 'product': 'MIS', 'time': '2021-12-20T13:45:00+0530'}
10:58:21 : Validation Failed : Time Gap in Seconds : 76401
-----------------------------------------------
10:58:22 : SCANNING : OBEROIRLTY
circuit : 1.57%  2021-12-21T10:55:00+0530
adx : 28.22  aroonosc : 85.71
-----------------------------------------------
10:58:22 : SCANNING : OFSS
circuit : 1.35%  2021-12-21T10:55:00+0530
adx : 46.94  aroonosc : 50.0
-----------------------------------------------
10:58:22 : SCANNING : OIL
circuit : 1.12%  2021-12-21T10:55:00+0530
adx : 19.19  aroonosc : 92.86
-----------------------------------------------
10:58:23 : SCANNING : ONGC
circuit : 0.07%  2021-12-21T10:55:00+0530
adx : 33.64  aroonosc : 92.86
-----------------------------------------------
10:58:23 : SCANNING : ORIENTELEC
circuit : 1.88%  2021-12-21T10:55:00+0530
adx : 14.9  aroonosc : 57.14
-----------------------------------------------
10:58:24 : SCANNING : PAGEIND
circuit : 1.18%  2021-12-21T10:55:00+0530
adx : 20.04  aroonosc : 50.0
-----------------------------------------------
10:58:24 : SCANNING : PEL
circuit : 1.57%  2021-12-21T10:55:00+0530
adx : 28.18  aroonosc : 50.0
-----------------------------------------------
10:58:24 : SCANNING : PERSISTENT
circuit : -1.27%  2021-12-21T10:55:00+0530
adx : 30.85  aroonosc : 78.57
-----------------------------------------------
10:58:25 : SCANNING : PETRONET
-----------------------------------------------
10:58:25 : SCANNING : PFC
circuit : 0.52%  2021-12-21T10:55:00+0530
adx : 17.75  aroonosc : 28.57
-----------------------------------------------
10:58:26 : SCANNING : PFIZER
circuit : 0.89%  2021-12-21T10:55:00+0530
adx : 16.29  aroonosc : 50.0
-----------------------------------------------
10:58:27 : SCANNING : PGHH
circuit : 0.42%  2021-12-21T10:55:00+0530
adx : 25.17  aroonosc : 14.29
-----------------------------------------------
10:58:27 : SCANNING : PGHL
circuit : -0.56%  2021-12-21T10:55:00+0530
adx : 18.1  aroonosc : -42.86
-----------------------------------------------
10:58:27 : SCANNING : PHILIPCARB
circuit : 1.16%  2021-12-21T10:55:00+0530
adx : 8.2  aroonosc : -78.57
-----------------------------------------------
10:58:28 : SCANNING : PHOENIXLTD
circuit : -3.3%  2021-12-21T10:55:00+0530
adx : 31.0  aroonosc : -28.57
-----------------------------------------------
10:58:28 : SCANNING : PIDILITIND
circuit : 0.81%  2021-12-21T10:55:00+0530
adx : 40.09  aroonosc : 92.86
-----------------------------------------------
10:58:29 : SCANNING : PIIND
circuit : 1.66%  2021-12-21T10:55:00+0530
adx : 33.06  aroonosc : 71.43
-----------------------------------------------
10:58:29 : SCANNING : PNB
circuit : 0.81%  2021-12-21T10:55:00+0530
adx : 20.99  aroonosc : -64.29
-----------------------------------------------
10:58:30 : SCANNING : PNBHOUSING
circuit : 5.01%  2021-12-21T10:55:00+0530
adx : 53.18  aroonosc : 92.86
-----------------------------------------------
10:58:30 : SCANNING : PNCINFRA
circuit : -0.34%  2021-12-21T10:55:00+0530
adx : 22.94  aroonosc : 71.43
-----------------------------------------------
10:58:30 : SCANNING : POLYCAB
circuit : 0.47%  2021-12-21T10:55:00+0530
adx : 46.29  aroonosc : 85.71
-----------------------------------------------
10:58:31 : SCANNING : POLYMED
circuit : -0.74%  2021-12-21T10:55:00+0530
adx : 22.0  aroonosc : 28.57
-----------------------------------------------
10:58:31 : SCANNING : POLYPLEX
circuit : 1.07%  2021-12-21T10:55:00+0530
adx : 23.38  aroonosc : 71.43
-----------------------------------------------
10:58:32 : SCANNING : POWERGRID
circuit : -1.28%  2021-12-21T10:55:00+0530
adx : 15.46  aroonosc : -42.86
-----------------------------------------------
10:58:32 : SCANNING : POWERINDIA
circuit : -0.1%  2021-12-21T10:55:00+0530
adx : 21.79  aroonosc : -85.71
-----------------------------------------------
10:58:32 : SCANNING : PRESTIGE
circuit : 0.76%  2021-12-21T10:55:00+0530
adx : 22.3  aroonosc : 14.29
-----------------------------------------------
10:58:33 : SCANNING : PRINCEPIPE
circuit : 1.95%  2021-12-21T10:55:00+0530
adx : 35.13  aroonosc : 78.57
-----------------------------------------------
10:58:33 : SCANNING : PRSMJOHNSN
circuit : 3.66%  2021-12-21T10:55:00+0530
adx : 35.48  aroonosc : 50.0
-----------------------------------------------
10:58:34 : SCANNING : PSB
circuit : 0.63%  2021-12-21T10:55:00+0530
adx : 21.57  aroonosc : -42.86
-----------------------------------------------
10:58:34 : SCANNING : PVR
circuit : 0.86%  2021-12-21T10:55:00+0530
adx : 27.17  aroonosc : 71.43
-----------------------------------------------
10:58:35 : SCANNING : QUESS
circuit : 0.74%  2021-12-21T10:55:00+0530
adx : 19.83  aroonosc : 14.29
-----------------------------------------------
10:58:35 : SCANNING : RADICO
circuit : 0.57%  2021-12-21T10:55:00+0530
adx : 21.37  aroonosc : 21.43
-----------------------------------------------
10:58:36 : SCANNING : RAIN
circuit : -0.71%  2021-12-21T10:55:00+0530
adx : 12.93  aroonosc : 50.0
-----------------------------------------------
10:58:36 : SCANNING : RAJESHEXPO
circuit : 0.09%  2021-12-21T10:55:00+0530
adx : 8.96  aroonosc : -35.71
-----------------------------------------------
10:58:36 : SCANNING : RALLIS
circuit : 0.41%  2021-12-21T10:55:00+0530
adx : 10.58  aroonosc : 71.43
-----------------------------------------------
10:58:37 : SCANNING : RAMCOCEM
circuit : 1.84%  2021-12-21T10:55:00+0530
adx : 23.31  aroonosc : 85.71
-----------------------------------------------
10:58:37 : SCANNING : RATNAMANI
circuit : 2.26%  2021-12-21T10:55:00+0530
adx : 40.34  aroonosc : -92.86
-----------------------------------------------
10:58:38 : SCANNING : RAYMOND
circuit : 0.64%  2021-12-21T10:55:00+0530
adx : 33.89  aroonosc : -14.29
-----------------------------------------------
10:58:38 : SCANNING : RBLBANK
circuit : -0.03%  2021-12-21T10:55:00+0530
adx : 20.78  aroonosc : 35.71
-----------------------------------------------
10:58:39 : SCANNING : RCF
circuit : 1.66%  2021-12-21T10:55:00+0530
adx : 28.5  aroonosc : 64.29
-----------------------------------------------
10:58:39 : SCANNING : RECLTD
circuit : 0.9%  2021-12-21T10:55:00+0530
adx : 42.4  aroonosc : 50.0
-----------------------------------------------
10:58:39 : SCANNING : REDINGTON
circuit : 0.62%  2021-12-21T10:55:00+0530
adx : 16.51  aroonosc : -21.43
-----------------------------------------------
10:58:40 : SCANNING : RELAXO
circuit : 2.47%  2021-12-21T10:55:00+0530
adx : 32.35  aroonosc : 42.86
-----------------------------------------------
10:58:40 : SCANNING : RELIANCE
circuit : 0.73%  2021-12-21T10:55:00+0530
adx : 54.34  aroonosc : 71.43
-----------------------------------------------
10:58:40 : SCANNING : RESPONIND
circuit : 2.38%  2021-12-21T10:55:00+0530
adx : 22.59  aroonosc : 7.14
-----------------------------------------------
10:58:41 : SCANNING : RHIM
circuit : 1.08%  2021-12-21T10:55:00+0530
adx : 35.53  aroonosc : 50.0
-----------------------------------------------
10:58:41 : SCANNING : RITES
circuit : -1.55%  2021-12-21T10:55:00+0530
adx : 15.15  aroonosc : -28.57
-----------------------------------------------
10:58:42 : SCANNING : ROSSARI
circuit : 0.46%  2021-12-21T10:55:00+0530
adx : 25.11  aroonosc : 50.0
-----------------------------------------------
10:58:42 : SCANNING : ROUTE
circuit : 1.03%  2021-12-21T10:55:00+0530
adx : 17.95  aroonosc : 50.0
-----------------------------------------------
10:58:43 : SCANNING : RVNL
circuit : 1.34%  2021-12-21T10:55:00+0530
adx : 50.26  aroonosc : 71.43
-----------------------------------------------
10:58:43 : SCANNING : SAIL
circuit : 1.81%  2021-12-21T10:55:00+0530
adx : 33.13  aroonosc : 35.71
-----------------------------------------------
10:58:44 : SCANNING : SANOFI
circuit : 0.08%  2021-12-21T10:55:00+0530
adx : 27.09  aroonosc : 50.0
-----------------------------------------------
10:58:44 : SCANNING : SBICARD
circuit : 0.94%  2021-12-21T10:55:00+0530
adx : 41.38  aroonosc : 57.14
-----------------------------------------------
10:58:45 : SCANNING : SBILIFE
circuit : -0.49%  2021-12-21T10:55:00+0530
adx : 16.11  aroonosc : 78.57
-----------------------------------------------
10:58:45 : SCANNING : SBIN
circuit : -0.14%  2021-12-21T10:55:00+0530
adx : 33.78  aroonosc : 21.43
-----------------------------------------------
10:58:46 : SCANNING : SCHAEFFLER
circuit : 2.39%  2021-12-21T10:55:00+0530
adx : 50.09  aroonosc : 50.0
-----------------------------------------------
10:58:46 : SCANNING : SCHNEIDER
circuit : -2.09%  2021-12-21T10:55:00+0530
adx : 19.24  aroonosc : -100.0
-----------------------------------------------
10:58:46 : SCANNING : SCI
circuit : 1.72%  2021-12-21T10:55:00+0530
adx : 19.11  aroonosc : 64.29
-----------------------------------------------
10:58:47 : SCANNING : SEQUENT
circuit : 1.44%  2021-12-21T10:55:00+0530
adx : 21.22  aroonosc : 100.0
-----------------------------------------------
10:58:47 : SCANNING : SFL
circuit : 1.77%  2021-12-21T10:55:00+0530
adx : 27.0  aroonosc : 42.86
-----------------------------------------------
10:58:47 : SCANNING : SHARDACROP
circuit : -3.08%  2021-12-21T10:55:00+0530
adx : 24.27  aroonosc : -78.57
-----------------------------------------------
10:58:48 : SCANNING : SHILPAMED
circuit : 3.56%  2021-12-21T10:55:00+0530
adx : 55.02  aroonosc : 71.43
-----------------------------------------------
10:58:48 : SCANNING : SHOPERSTOP
circuit : 2.0%  2021-12-21T10:55:00+0530
adx : 15.53  aroonosc : 92.86
-----------------------------------------------
10:58:49 : SCANNING : SHREECEM
circuit : 2.1%  2021-12-21T10:55:00+0530
adx : 45.37  aroonosc : 85.71
-----------------------------------------------
10:58:49 : SCANNING : SHRIRAMCIT
circuit : -2.22%  2021-12-21T10:55:00+0530
adx : 11.98  aroonosc : 35.71
-----------------------------------------------
10:58:49 : SCANNING : SIEMENS
circuit : 1.02%  2021-12-21T10:55:00+0530
adx : 33.14  aroonosc : 71.43
-----------------------------------------------
10:58:50 : SCANNING : SIS
circuit : 0.58%  2021-12-21T10:55:00+0530
adx : 51.18  aroonosc : 92.86
-----------------------------------------------
10:58:50 : SCANNING : SJVN
circuit : 1.08%  2021-12-21T10:55:00+0530
adx : 33.83  aroonosc : 64.29
-----------------------------------------------
10:58:50 : SCANNING : SKFINDIA
circuit : -0.05%  2021-12-21T10:55:00+0530
adx : 10.2  aroonosc : 71.43
-----------------------------------------------
10:58:51 : SCANNING : SOBHA
circuit : 1.84%  2021-12-21T10:55:00+0530
adx : 22.67  aroonosc : 71.43
-----------------------------------------------
10:58:51 : SCANNING : SOLARA
circuit : -0.16%  2021-12-21T10:55:00+0530
adx : 22.27  aroonosc : -85.71
-----------------------------------------------
10:58:51 : SCANNING : SOLARINDS
circuit : -0.34%  2021-12-21T10:55:00+0530
adx : 20.48  aroonosc : -92.86
-----------------------------------------------
10:58:52 : SCANNING : SONATSOFTW
circuit : 2.32%  2021-12-21T10:55:00+0530
adx : 34.65  aroonosc : 21.43
-----------------------------------------------
10:58:52 : SCANNING : SPANDANA
circuit : 0.12%  2021-12-21T10:55:00+0530
adx : 25.54  aroonosc : 14.29
-----------------------------------------------
10:58:53 : SCANNING : SPARC
circuit : 1.62%  2021-12-21T10:55:00+0530
adx : 13.41  aroonosc : 28.57
-----------------------------------------------
10:58:53 : SCANNING : SPICEJET
circuit : 0.15%  2021-12-21T10:55:00+0530
adx : 24.31  aroonosc : 28.57
-----------------------------------------------
10:58:54 : SCANNING : SRF
circuit : 1.7%  2021-12-21T10:55:00+0530
adx : 36.77  aroonosc : 100.0
-----------------------------------------------
10:58:54 : SCANNING : SRTRANSFIN
circuit : -1.96%  2021-12-21T10:55:00+0530
adx : 22.82  aroonosc : 35.71
-----------------------------------------------
10:58:55 : SCANNING : STAR
circuit : -0.84%  2021-12-21T10:55:00+0530
adx : 11.9  aroonosc : 57.14
-----------------------------------------------
10:58:55 : SCANNING : STARCEMENT
circuit : 0.32%  2021-12-21T10:55:00+0530
adx : 16.11  aroonosc : 92.86
-----------------------------------------------
10:58:55 : SCANNING : STLTECH
circuit : 1.0%  2021-12-21T10:55:00+0530
adx : 28.13  aroonosc : 21.43
-----------------------------------------------
10:58:56 : SCANNING : SUDARSCHEM
circuit : 1.43%  2021-12-21T10:55:00+0530
adx : 35.48  aroonosc : 57.14
-----------------------------------------------
10:58:56 : SCANNING : SUMICHEM
circuit : 0.92%  2021-12-21T10:55:00+0530
adx : 15.69  aroonosc : -14.29
-----------------------------------------------
10:58:57 : SCANNING : SUNCLAYLTD
circuit : 1.1%  2021-12-21T10:55:00+0530
adx : 18.56  aroonosc : 64.29
-----------------------------------------------
10:58:57 : SCANNING : SUNDARMFIN
circuit : -0.6%  2021-12-21T10:55:00+0530
adx : 28.14  aroonosc : -7.14
-----------------------------------------------
10:58:57 : SCANNING : SUNDRMFAST
circuit : -1.9%  2021-12-21T10:55:00+0530
adx : 18.65  aroonosc : 14.29
-----------------------------------------------
10:58:58 : SCANNING : SUNPHARMA
circuit : 2.28%  2021-12-21T10:55:00+0530
adx : 42.32  aroonosc : 35.71
-----------------------------------------------
10:58:58 : SCANNING : SUNTECK
circuit : 1.11%  2021-12-21T10:55:00+0530
adx : 27.4  aroonosc : -85.71
-----------------------------------------------
10:58:59 : SCANNING : SUNTV
circuit : 0.64%  2021-12-21T10:55:00+0530
adx : 29.53  aroonosc : 100.0
-----------------------------------------------
10:58:59 : SCANNING : SUPPETRO
circuit : 0.84%  2021-12-21T10:55:00+0530
adx : 28.82  aroonosc : 21.43
-----------------------------------------------
10:59:00 : SCANNING : SUPRAJIT
circuit : 1.96%  2021-12-21T10:55:00+0530
adx : 43.34  aroonosc : 85.71
-----------------------------------------------
10:59:00 : SCANNING : SUPREMEIND
circuit : 3.86%  2021-12-21T10:55:00+0530
adx : 65.88  aroonosc : 85.71
-----------------------------------------------
10:59:00 : SCANNING : SUVENPHAR
circuit : 1.29%  2021-12-21T10:55:00+0530
adx : 13.89  aroonosc : 71.43
-----------------------------------------------
10:59:01 : SCANNING : SUZLON
circuit : 2.05%  2021-12-21T10:55:00+0530
adx : 37.66  aroonosc : 50.0
-----------------------------------------------
10:59:01 : SCANNING : SWANENERGY
circuit : 1.85%  2021-12-21T10:55:00+0530
adx : 28.11  aroonosc : -14.29
-----------------------------------------------
10:59:02 : SCANNING : SWSOLAR
circuit : 0.17%  2021-12-21T10:55:00+0530
adx : 15.25  aroonosc : -85.71
-----------------------------------------------
10:59:02 : SCANNING : SYMPHONY
circuit : 0.77%  2021-12-21T10:55:00+0530
adx : 37.46  aroonosc : 78.57
-----------------------------------------------
10:59:03 : SCANNING : SYNGENE
circuit : 0.31%  2021-12-21T10:55:00+0530
adx : 32.88  aroonosc : 64.29
-----------------------------------------------
10:59:03 : SCANNING : TASTYBITE
circuit : -1.17%  2021-12-21T10:55:00+0530
adx : 27.73  aroonosc : -28.57
-----------------------------------------------
10:59:04 : SCANNING : TATACHEM
circuit : 1.64%  2021-12-21T10:55:00+0530
adx : 36.82  aroonosc : 57.14
-----------------------------------------------
10:59:04 : SCANNING : TATACOFFEE
circuit : 1.4%  2021-12-21T10:55:00+0530
adx : 25.92  aroonosc : 50.0
-----------------------------------------------
10:59:05 : SCANNING : TATACOMM
circuit : 0.15%  2021-12-21T10:55:00+0530
adx : 14.73  aroonosc : 78.57
-----------------------------------------------
10:59:05 : SCANNING : TATACONSUM
circuit : 1.55%  2021-12-21T10:55:00+0530
adx : 47.78  aroonosc : 92.86
-----------------------------------------------
10:59:06 : SCANNING : TATAELXSI
circuit : 0.09%  2021-12-21T10:55:00+0530
adx : 10.42  aroonosc : 57.14
-----------------------------------------------
10:59:06 : SCANNING : TATAINVEST
circuit : 0.44%  2021-12-21T10:55:00+0530
adx : 32.81  aroonosc : 64.29
-----------------------------------------------
10:59:06 : SCANNING : TATAMOTORS
circuit : 1.18%  2021-12-21T10:55:00+0530
adx : 29.08  aroonosc : 85.71
-----------------------------------------------
10:59:07 : SCANNING : TATAPOWER
circuit : 0.68%  2021-12-21T10:55:00+0530
adx : 36.76  aroonosc : 64.29
-----------------------------------------------
10:59:07 : SCANNING : TATASTEEL
circuit : 2.11%  2021-12-21T10:55:00+0530
adx : 45.74  aroonosc : 85.71
-----------------------------------------------
10:59:07 : SCANNING : TCIEXP
circuit : 4.47%  2021-12-21T10:55:00+0530
adx : 26.1  aroonosc : 78.57
-----------------------------------------------
10:59:08 : SCANNING : TCNSBRANDS
circuit : 2.37%  2021-12-21T10:55:00+0530
adx : 14.6  aroonosc : 14.29
-----------------------------------------------
10:59:08 : SCANNING : TCS
circuit : 1.36%  2021-12-21T10:55:00+0530
adx : 48.63  aroonosc : 64.29
-----------------------------------------------
10:59:08 : SCANNING : TEAMLEASE
circuit : 0.44%  2021-12-21T10:55:00+0530
adx : 10.75  aroonosc : -35.71
-----------------------------------------------
10:59:09 : SCANNING : TECHM
circuit : 2.53%  2021-12-21T10:55:00+0530
adx : 37.25  aroonosc : 71.43
-----------------------------------------------
10:59:09 : SCANNING : THERMAX
circuit : 1.7%  2021-12-21T10:55:00+0530
adx : 34.03  aroonosc : 92.86
-----------------------------------------------
10:59:09 : SCANNING : THYROCARE
circuit : -1.33%  2021-12-21T10:55:00+0530
adx : 18.21  aroonosc : -57.14
-----------------------------------------------
10:59:10 : SCANNING : TIINDIA
circuit : 0.25%  2021-12-21T10:55:00+0530
adx : 21.85  aroonosc : 92.86
-----------------------------------------------
10:59:10 : SCANNING : TIMKEN
circuit : 2.49%  2021-12-21T10:55:00+0530
adx : 45.18  aroonosc : 57.14
-----------------------------------------------
10:59:11 : SCANNING : TITAN
circuit : 2.37%  2021-12-21T10:55:00+0530
adx : 42.56  aroonosc : 92.86
-----------------------------------------------
10:59:11 : SCANNING : TORNTPHARM
circuit : 1.05%  2021-12-21T10:55:00+0530
adx : 25.21  aroonosc : -42.86
-----------------------------------------------
10:59:12 : SCANNING : TORNTPOWER
circuit : 0.26%  2021-12-21T10:55:00+0530
adx : 25.58  aroonosc : 14.29
-----------------------------------------------
10:59:12 : SCANNING : TRENT
circuit : -0.38%  2021-12-21T10:55:00+0530
adx : 26.57  aroonosc : 57.14
-----------------------------------------------
10:59:12 : SCANNING : TRIDENT
circuit : 5.34%  2021-12-21T10:55:00+0530
adx : 15.19  aroonosc : -42.86
-----------------------------------------------
10:59:13 : SCANNING : TRITURBINE
circuit : -1.5%  2021-12-21T10:55:00+0530
adx : 49.44  aroonosc : -100.0
-----------------------------------------------
10:59:13 : SCANNING : TTKPRESTIG
circuit : 1.88%  2021-12-21T10:55:00+0530
adx : 20.09  aroonosc : -71.43
-----------------------------------------------
10:59:13 : SCANNING : TV18BRDCST
circuit : 0.9%  2021-12-21T10:55:00+0530
adx : 12.59  aroonosc : 92.86
-----------------------------------------------
10:59:14 : SCANNING : TVSMOTOR
circuit : 1.61%  2021-12-21T10:55:00+0530
adx : 43.67  aroonosc : 57.14
-----------------------------------------------
10:59:14 : SCANNING : UBL
circuit : 2.18%  2021-12-21T10:55:00+0530
adx : 28.89  aroonosc : 0.0
-----------------------------------------------
10:59:14 : SCANNING : UCOBANK
circuit : 1.18%  2021-12-21T10:55:00+0530
adx : 48.26  aroonosc : 50.0
-----------------------------------------------
10:59:15 : SCANNING : UFLEX
circuit : -1.25%  2021-12-21T10:55:00+0530
adx : 38.83  aroonosc : 64.29
-----------------------------------------------
10:59:15 : SCANNING : UJJIVAN
circuit : -0.31%  2021-12-21T10:55:00+0530
adx : 21.09  aroonosc : -21.43
-----------------------------------------------
10:59:15 : SCANNING : UJJIVANSFB
circuit : -0.27%  2021-12-21T10:55:00+0530
adx : 25.36  aroonosc : 0.0
-----------------------------------------------
10:59:16 : SCANNING : ULTRACEMCO
circuit : 0.87%  2021-12-21T10:55:00+0530
adx : 29.74  aroonosc : 100.0
-----------------------------------------------
10:59:16 : SCANNING : UNIONBANK
circuit : 1.3%  2021-12-21T10:55:00+0530
adx : 9.91  aroonosc : -42.86
-----------------------------------------------
10:59:17 : SCANNING : UPL
circuit : 1.66%  2021-12-21T10:55:00+0530
adx : 43.24  aroonosc : 85.71
-----------------------------------------------
10:59:17 : SCANNING : UTIAMC
circuit : 1.58%  2021-12-21T10:55:00+0530
adx : 13.03  aroonosc : -42.86
-----------------------------------------------
10:59:17 : SCANNING : VAIBHAVGBL
circuit : 0.62%  2021-12-21T10:55:00+0530
adx : 23.96  aroonosc : 71.43
-----------------------------------------------
10:59:18 : SCANNING : VAKRANGEE
circuit : 1.83%  2021-12-21T10:55:00+0530
adx : 33.32  aroonosc : 78.57
-----------------------------------------------
10:59:18 : SCANNING : VALIANTORG
circuit : 0.93%  2021-12-21T10:55:00+0530
adx : 16.89  aroonosc : 57.14
-----------------------------------------------
10:59:19 : SCANNING : VARROC
circuit : 2.87%  2021-12-21T10:55:00+0530
adx : 25.64  aroonosc : 50.0
-----------------------------------------------
10:59:19 : SCANNING : VBL
circuit : 0.59%  2021-12-21T10:55:00+0530
adx : 12.81  aroonosc : 50.0
-----------------------------------------------
10:59:19 : SCANNING : VEDL
circuit : 1.9%  2021-12-21T10:55:00+0530
adx : 58.83  aroonosc : 85.71
-----------------------------------------------
10:59:20 : SCANNING : VENKEYS
circuit : -0.21%  2021-12-21T10:55:00+0530
adx : 27.48  aroonosc : 64.29
-----------------------------------------------
10:59:20 : SCANNING : VGUARD
circuit : 0.02%  2021-12-21T10:55:00+0530
adx : 11.95  aroonosc : -78.57
-----------------------------------------------
10:59:21 : SCANNING : VINATIORGA
circuit : -3.23%  2021-12-21T10:55:00+0530
adx : 21.71  aroonosc : -92.86
-----------------------------------------------
10:59:21 : SCANNING : VIPIND
circuit : 4.42%  2021-12-21T10:55:00+0530
adx : 31.04  aroonosc : 85.71
-----------------------------------------------
10:59:21 : SCANNING : VMART
circuit : -0.51%  2021-12-21T10:55:00+0530
adx : 21.28  aroonosc : 85.71
-----------------------------------------------
10:59:22 : SCANNING : VOLTAS
circuit : 0.88%  2021-12-21T10:55:00+0530
adx : 36.86  aroonosc : 14.29
-----------------------------------------------
10:59:22 : SCANNING : VSTIND
circuit : 0.17%  2021-12-21T10:55:00+0530
adx : 15.78  aroonosc : -78.57
-----------------------------------------------
10:59:22 : SCANNING : VTL
circuit : 6.91%  2021-12-21T10:55:00+0530
adx : 46.42  aroonosc : 92.86
-----------------------------------------------
10:59:23 : SCANNING : WABCOINDIA
circuit : 0.79%  2021-12-21T10:55:00+0530
adx : 10.24  aroonosc : -92.86
-----------------------------------------------
10:59:23 : SCANNING : WELCORP
circuit : 3.27%  2021-12-21T10:55:00+0530
adx : 40.12  aroonosc : 71.43
-----------------------------------------------
10:59:24 : SCANNING : WELSPUNIND
circuit : 1.28%  2021-12-21T10:55:00+0530
adx : 22.42  aroonosc : 14.29
-----------------------------------------------
10:59:24 : SCANNING : WESTLIFE
circuit : 0.39%  2021-12-21T10:55:00+0530
adx : 24.46  aroonosc : 64.29
-----------------------------------------------
10:59:25 : SCANNING : WHIRLPOOL
circuit : 0.8%  2021-12-21T10:55:00+0530
adx : 14.01  aroonosc : 14.29
-----------------------------------------------
10:59:25 : SCANNING : WIPRO
circuit : 1.61%  2021-12-21T10:55:00+0530
adx : 56.31  aroonosc : 21.43
-----------------------------------------------
10:59:25 : SCANNING : WOCKPHARMA
circuit : -0.16%  2021-12-21T10:55:00+0530
adx : 17.33  aroonosc : 14.29
-----------------------------------------------
10:59:26 : SCANNING : YESBANK
-----------------------------------------------
10:59:26 : SCANNING : ZEEL
circuit : 2.67%  2021-12-21T10:55:00+0530
adx : 30.72  aroonosc : 78.57
-----------------------------------------------
10:59:26 : SCANNING : ZENSARTECH
circuit : 3.58%  2021-12-21T10:55:00+0530
adx : 46.19  aroonosc : 7.14
-----------------------------------------------
10:59:27 : SCANNING : ZYDUSWELL
circuit : -0.78%  2021-12-21T10:55:00+0530
adx : 38.18  aroonosc : 92.86
-----------------------------------------------
10:59:27 : SCANNING : PAYTM
circuit : 1.68%  2021-12-21T10:55:00+0530
adx : 20.84  aroonosc : -92.86
-----------------------------------------------
===================================================
10:59:27 : END
===================================================
Start Time     : 2021-12-21 10:56:02.267330
End Time       : 2021-12-21 10:59:27.823991
Time Taken     : 3.0
===================================================
