===================================================
11:06:02 : START
===================================================
11:06:02 : PROCESSING INSTRUMENTS SYMBOLS
-----------------------------------------------
11:06:02 : SCANNING : 3MINDIA
circuit : -0.12%  2021-12-21T11:05:00+0530
adx : 28.15  aroonosc : 42.86
-----------------------------------------------
11:06:02 : SCANNING : AARTIDRUGS
circuit : 0.28%  2021-12-21T11:05:00+0530
adx : 11.96  aroonosc : 21.43
-----------------------------------------------
11:06:03 : SCANNING : AARTIIND
circuit : 1.39%  2021-12-21T11:05:00+0530
adx : 39.61  aroonosc : 42.86
-----------------------------------------------
11:06:03 : SCANNING : AAVAS
circuit : 1.65%  2021-12-21T11:05:00+0530
adx : 57.9  aroonosc : 92.86
-----------------------------------------------
11:06:04 : SCANNING : ABB
circuit : 1.32%  2021-12-21T11:05:00+0530
adx : 18.82  aroonosc : 42.86
-----------------------------------------------
11:06:04 : SCANNING : ABBOTINDIA
circuit : -0.1%  2021-12-21T11:05:00+0530
adx : 30.08  aroonosc : 50.0
-----------------------------------------------
11:06:04 : SCANNING : ABCAPITAL
circuit : 2.9%  2021-12-21T11:05:00+0530
adx : 31.66  aroonosc : -28.57
-----------------------------------------------
11:06:05 : SCANNING : ABFRL
circuit : 3.28%  2021-12-21T11:05:00+0530
adx : 43.2  aroonosc : -57.14
-----------------------------------------------
11:06:05 : SCANNING : ACC
circuit : 1.48%  2021-12-21T11:05:00+0530
adx : 46.6  aroonosc : 92.86
-----------------------------------------------
11:06:05 : SCANNING : ADANIENT
circuit : 0.78%  2021-12-21T11:05:00+0530
adx : 42.06  aroonosc : 35.71
-----------------------------------------------
11:06:06 : SCANNING : ADANIGREEN
circuit : -0.29%  2021-12-21T11:05:00+0530
adx : 21.71  aroonosc : -100.0
-----------------------------------------------
11:06:06 : SCANNING : ADANIPORTS
circuit : -0.44%  2021-12-21T11:05:00+0530
adx : 19.39  aroonosc : -28.57
-----------------------------------------------
11:06:06 : SCANNING : ADVENZYMES
circuit : 1.15%  2021-12-21T11:05:00+0530
adx : 20.08  aroonosc : 14.29
-----------------------------------------------
11:06:07 : SCANNING : AEGISCHEM
circuit : -2.05%  2021-12-21T11:05:00+0530
adx : 36.87  aroonosc : -7.14
-----------------------------------------------
11:06:07 : SCANNING : AFFLE
circuit : 1.16%  2021-12-21T11:05:00+0530
adx : 12.97  aroonosc : -21.43
-----------------------------------------------
11:06:08 : SCANNING : AIAENG
circuit : -0.85%  2021-12-21T11:05:00+0530
adx : 14.68  aroonosc : -71.43
-----------------------------------------------
11:06:08 : SCANNING : AJANTPHARM
circuit : -0.52%  2021-12-21T11:05:00+0530
adx : 15.83  aroonosc : 71.43
-----------------------------------------------
11:06:08 : SCANNING : AKZOINDIA
circuit : -1.34%  2021-12-21T11:05:00+0530
adx : 36.11  aroonosc : -71.43
-----------------------------------------------
11:06:09 : SCANNING : ALEMBICLTD
circuit : -0.46%  2021-12-21T11:05:00+0530
adx : 12.98  aroonosc : 35.71
-----------------------------------------------
11:06:09 : SCANNING : ALKEM
circuit : 0.46%  2021-12-21T11:05:00+0530
adx : 10.9  aroonosc : -35.71
-----------------------------------------------
11:06:09 : SCANNING : ALKYLAMINE
circuit : -1.71%  2021-12-21T11:05:00+0530
adx : 48.59  aroonosc : -7.14
-----------------------------------------------
11:06:10 : SCANNING : ALOKINDS
circuit : 1.97%  2021-12-21T11:05:00+0530
adx : 38.55  aroonosc : 14.29
-----------------------------------------------
11:06:10 : SCANNING : AMARAJABAT
circuit : 0.46%  2021-12-21T11:05:00+0530
adx : 36.87  aroonosc : 64.29
-----------------------------------------------
11:06:10 : SCANNING : AMBER
circuit : 3.03%  2021-12-21T11:05:00+0530
adx : 40.43  aroonosc : 21.43
-----------------------------------------------
11:06:11 : SCANNING : AMBUJACEM
circuit : 2.76%  2021-12-21T11:05:00+0530
adx : 52.2  aroonosc : 100.0
-----------------------------------------------
11:06:11 : SCANNING : ANGELBRKG
circuit : 2.38%  2021-12-21T11:05:00+0530
adx : 37.36  aroonosc : 35.71
-----------------------------------------------
11:06:11 : SCANNING : APLAPOLLO
circuit : 2.79%  2021-12-21T11:05:00+0530
adx : 16.2  aroonosc : 57.14
-----------------------------------------------
11:06:12 : SCANNING : APLLTD
circuit : -1.14%  2021-12-21T11:05:00+0530
adx : 41.61  aroonosc : -85.71
-----------------------------------------------
11:06:12 : SCANNING : APOLLOHOSP
circuit : -0.58%  2021-12-21T11:05:00+0530
adx : 24.3  aroonosc : -71.43
-----------------------------------------------
11:06:13 : SCANNING : APOLLOTYRE
circuit : 0.42%  2021-12-21T11:05:00+0530
adx : 19.91  aroonosc : 21.43
-----------------------------------------------
11:06:13 : SCANNING : ASAHIINDIA
circuit : -1.44%  2021-12-21T11:05:00+0530
adx : 29.94  aroonosc : 42.86
-----------------------------------------------
11:06:13 : SCANNING : ASHOKA
circuit : 0.28%  2021-12-21T11:05:00+0530
adx : 16.25  aroonosc : -28.57
-----------------------------------------------
11:06:14 : SCANNING : ASHOKLEY
circuit : 2.0%  2021-12-21T11:05:00+0530
adx : 46.32  aroonosc : 57.14
-----------------------------------------------
11:06:14 : SCANNING : ASIANPAINT
circuit : 1.24%  2021-12-21T11:05:00+0530
adx : 45.56  aroonosc : 85.71
-----------------------------------------------
11:06:15 : SCANNING : ASTERDM
circuit : -0.54%  2021-12-21T11:05:00+0530
adx : 39.61  aroonosc : 71.43
-----------------------------------------------
11:06:16 : SCANNING : ASTRAL
circuit : -1.45%  2021-12-21T11:05:00+0530
adx : 19.48  aroonosc : 71.43
-----------------------------------------------
11:06:16 : SCANNING : ASTRAZEN
circuit : -0.67%  2021-12-21T11:05:00+0530
adx : 23.11  aroonosc : -42.86
-----------------------------------------------
11:06:17 : SCANNING : ATUL
circuit : 0.2%  2021-12-21T11:05:00+0530
adx : 26.19  aroonosc : 85.71
-----------------------------------------------
11:06:17 : SCANNING : AUBANK
circuit : 3.99%  2021-12-21T11:05:00+0530
adx : 53.28  aroonosc : 42.86
-----------------------------------------------
11:06:18 : SCANNING : AUROPHARMA
circuit : -0.4%  2021-12-21T11:05:00+0530
adx : 25.95  aroonosc : 35.71
-----------------------------------------------
11:06:18 : SCANNING : AVANTIFEED
circuit : -0.74%  2021-12-21T11:05:00+0530
adx : 37.05  aroonosc : -28.57
-----------------------------------------------
11:06:19 : SCANNING : AXISBANK
circuit : -0.94%  2021-12-21T11:05:00+0530
adx : 20.53  aroonosc : 71.43
-----------------------------------------------
11:06:19 : SCANNING : BAJAJ-AUTO
circuit : 0.89%  2021-12-21T11:05:00+0530
adx : 44.36  aroonosc : 42.86
-----------------------------------------------
11:06:20 : SCANNING : BAJAJCON
circuit : 0.28%  2021-12-21T11:05:00+0530
adx : 20.14  aroonosc : -85.71
-----------------------------------------------
11:06:20 : SCANNING : BAJAJELEC
circuit : -0.76%  2021-12-21T11:05:00+0530
adx : 18.27  aroonosc : -57.14
-----------------------------------------------
11:06:20 : SCANNING : BAJAJFINSV
circuit : -0.9%  2021-12-21T11:05:00+0530
adx : 39.46  aroonosc : 57.14
-----------------------------------------------
11:06:21 : SCANNING : BAJAJHLDNG
circuit : -0.06%  2021-12-21T11:05:00+0530
adx : 12.6  aroonosc : -21.43
-----------------------------------------------
11:06:21 : SCANNING : BAJFINANCE
circuit : -0.15%  2021-12-21T11:05:00+0530
adx : 30.64  aroonosc : 14.29
-----------------------------------------------
11:06:22 : SCANNING : BALAMINES
circuit : 0.22%  2021-12-21T11:05:00+0530
adx : 10.12  aroonosc : 64.29
-----------------------------------------------
11:06:22 : SCANNING : BALKRISIND
circuit : -1.22%  2021-12-21T11:05:00+0530
adx : 13.42  aroonosc : 64.29
-----------------------------------------------
11:06:23 : SCANNING : BALMLAWRIE
circuit : 1.23%  2021-12-21T11:05:00+0530
adx : 33.74  aroonosc : 64.29
-----------------------------------------------
11:06:23 : SCANNING : BALRAMCHIN
circuit : 1.85%  2021-12-21T11:05:00+0530
adx : 43.46  aroonosc : 14.29
-----------------------------------------------
11:06:24 : SCANNING : BANDHANBNK
circuit : 0.4%  2021-12-21T11:05:00+0530
adx : 23.5  aroonosc : 78.57
-----------------------------------------------
11:06:24 : SCANNING : BANKBARODA
circuit : 0.87%  2021-12-21T11:05:00+0530
adx : 11.77  aroonosc : -28.57
-----------------------------------------------
11:06:25 : SCANNING : BANKINDIA
circuit : 1.29%  2021-12-21T11:05:00+0530
adx : 46.15  aroonosc : 14.29
-----------------------------------------------
11:06:25 : SCANNING : BASF
circuit : 0.72%  2021-12-21T11:05:00+0530
adx : 31.51  aroonosc : -64.29
-----------------------------------------------
11:06:26 : SCANNING : BATAINDIA
circuit : 0.86%  2021-12-21T11:05:00+0530
adx : 20.83  aroonosc : -57.14
-----------------------------------------------
11:06:26 : SCANNING : BAYERCROP
circuit : -2.0%  2021-12-21T11:05:00+0530
adx : 20.54  aroonosc : -85.71
-----------------------------------------------
11:06:27 : SCANNING : BBTC
circuit : 0.18%  2021-12-21T11:05:00+0530
adx : 22.59  aroonosc : 14.29
-----------------------------------------------
11:06:27 : SCANNING : BDL
circuit : 0.88%  2021-12-21T11:05:00+0530
adx : 30.52  aroonosc : -85.71
-----------------------------------------------
11:06:28 : SCANNING : BEL
circuit : 1.28%  2021-12-21T11:05:00+0530
adx : 34.78  aroonosc : 64.29
-----------------------------------------------
11:06:28 : SCANNING : BEML
circuit : 1.58%  2021-12-21T11:05:00+0530
adx : 36.77  aroonosc : -92.86
-----------------------------------------------
11:06:29 : SCANNING : BERGEPAINT
circuit : 0.81%  2021-12-21T11:05:00+0530
adx : 38.77  aroonosc : 85.71
-----------------------------------------------
11:06:29 : SCANNING : BHARATFORG
circuit : 0.93%  2021-12-21T11:05:00+0530
adx : 22.83  aroonosc : 50.0
-----------------------------------------------
11:06:29 : SCANNING : BHARATRAS
circuit : 2.2%  2021-12-21T11:05:00+0530
adx : 39.28  aroonosc : 78.57
-----------------------------------------------
11:06:30 : SCANNING : BHARTIARTL
circuit : 0.35%  2021-12-21T11:05:00+0530
adx : 33.82  aroonosc : 28.57
-----------------------------------------------
11:06:30 : SCANNING : BHEL
circuit : 0.78%  2021-12-21T11:05:00+0530
adx : 17.43  aroonosc : 28.57
-----------------------------------------------
11:06:30 : SCANNING : BIOCON
circuit : 0.38%  2021-12-21T11:05:00+0530
adx : 11.09  aroonosc : 42.86
-----------------------------------------------
11:06:31 : SCANNING : BIRLACORPN
circuit : 3.13%  2021-12-21T11:05:00+0530
adx : 26.05  aroonosc : 35.71
-----------------------------------------------
11:06:31 : SCANNING : BLISSGVS
circuit : 1.26%  2021-12-21T11:05:00+0530
adx : 26.12  aroonosc : 14.29
-----------------------------------------------
11:06:31 : SCANNING : BLUEDART
circuit : 1.07%  2021-12-21T11:05:00+0530
adx : 31.01  aroonosc : -85.71
-----------------------------------------------
11:06:32 : SCANNING : BLUESTARCO
circuit : -1.5%  2021-12-21T11:05:00+0530
adx : 20.51  aroonosc : 28.57
-----------------------------------------------
11:06:32 : SCANNING : BOSCHLTD
circuit : 3.46%  2021-12-21T11:05:00+0530
adx : 56.87  aroonosc : 7.14
-----------------------------------------------
11:06:33 : SCANNING : BPCL
circuit : -0.59%  2021-12-21T11:05:00+0530
adx : 20.63  aroonosc : 71.43
-----------------------------------------------
11:06:33 : SCANNING : BRIGADE
circuit : 3.14%  2021-12-21T11:05:00+0530
adx : 33.45  aroonosc : -14.29
-----------------------------------------------
11:06:33 : SCANNING : BRITANNIA
circuit : 1.5%  2021-12-21T11:05:00+0530
adx : 38.26  aroonosc : 78.57
-----------------------------------------------
11:06:34 : SCANNING : BSE
circuit : -1.01%  2021-12-21T11:05:00+0530
adx : 10.92  aroonosc : -71.43
-----------------------------------------------
11:06:34 : SCANNING : BSOFT
circuit : 0.75%  2021-12-21T11:05:00+0530
adx : 32.73  aroonosc : 57.14
-----------------------------------------------
11:06:34 : SCANNING : BURGERKING
circuit : 0.77%  2021-12-21T11:05:00+0530
adx : 24.04  aroonosc : -85.71
-----------------------------------------------
11:06:35 : SCANNING : CADILAHC
circuit : 0.9%  2021-12-21T11:05:00+0530
adx : 40.8  aroonosc : 64.29
-----------------------------------------------
11:06:35 : SCANNING : CAMS
circuit : -0.35%  2021-12-21T11:05:00+0530
adx : 19.97  aroonosc : -35.71
-----------------------------------------------
11:06:35 : SCANNING : CANBK
circuit : 0.44%  2021-12-21T11:05:00+0530
adx : 22.65  aroonosc : 71.43
-----------------------------------------------
11:06:36 : SCANNING : CANFINHOME
circuit : 0.47%  2021-12-21T11:05:00+0530
adx : 22.4  aroonosc : 50.0
-----------------------------------------------
11:06:36 : SCANNING : CAPLIPOINT
circuit : 0.81%  2021-12-21T11:05:00+0530
adx : 24.23  aroonosc : 14.29
-----------------------------------------------
11:06:36 : SCANNING : CARBORUNIV
circuit : 1.72%  2021-12-21T11:05:00+0530
adx : 13.93  aroonosc : 42.86
-----------------------------------------------
11:06:37 : SCANNING : CASTROLIND
circuit : -0.94%  2021-12-21T11:05:00+0530
adx : 14.34  aroonosc : -64.29
-----------------------------------------------
11:06:37 : SCANNING : CCL
circuit : 2.07%  2021-12-21T11:05:00+0530
adx : 43.17  aroonosc : 71.43
-----------------------------------------------
11:06:37 : SCANNING : CEATLTD
circuit : 0.59%  2021-12-21T11:05:00+0530
adx : 13.56  aroonosc : 85.71
-----------------------------------------------
11:06:38 : SCANNING : CENTRALBK
circuit : 1.18%  2021-12-21T11:05:00+0530
adx : 29.83  aroonosc : -35.71
-----------------------------------------------
11:06:38 : SCANNING : CENTURYPLY
circuit : 1.58%  2021-12-21T11:05:00+0530
adx : 11.89  aroonosc : 85.71
-----------------------------------------------
11:06:38 : SCANNING : CENTURYTEX
circuit : 2.87%  2021-12-21T11:05:00+0530
adx : 25.5  aroonosc : 35.71
-----------------------------------------------
11:06:39 : SCANNING : CERA
circuit : 3.89%  2021-12-21T11:05:00+0530
adx : 35.4  aroonosc : 28.57
-----------------------------------------------
11:06:39 : SCANNING : CESC
circuit : 1.52%  2021-12-21T11:05:00+0530
adx : 37.82  aroonosc : 57.14
-----------------------------------------------
11:06:39 : SCANNING : CGCL
circuit : -0.25%  2021-12-21T11:05:00+0530
adx : 18.23  aroonosc : -64.29
-----------------------------------------------
11:06:40 : SCANNING : CHALET
circuit : 0.14%  2021-12-21T11:05:00+0530
adx : 10.47  aroonosc : 35.71
-----------------------------------------------
11:06:40 : SCANNING : CHAMBLFERT
circuit : -0.22%  2021-12-21T11:05:00+0530
adx : 18.78  aroonosc : -78.57
-----------------------------------------------
11:06:40 : SCANNING : CHOLAFIN
circuit : 2.73%  2021-12-21T11:05:00+0530
adx : 38.16  aroonosc : 92.86
-----------------------------------------------
11:06:41 : SCANNING : CHOLAHLDNG
circuit : 1.04%  2021-12-21T11:05:00+0530
adx : 22.69  aroonosc : 71.43
-----------------------------------------------
11:06:41 : SCANNING : CIPLA
circuit : -0.61%  2021-12-21T11:05:00+0530
adx : 12.35  aroonosc : -64.29
-----------------------------------------------
11:06:41 : SCANNING : COALINDIA
circuit : 1.73%  2021-12-21T11:05:00+0530
adx : 41.72  aroonosc : 64.29
-----------------------------------------------
11:06:42 : SCANNING : COCHINSHIP
circuit : 1.34%  2021-12-21T11:05:00+0530
adx : 14.04  aroonosc : -7.14
-----------------------------------------------
11:06:42 : SCANNING : COFORGE
circuit : 1.78%  2021-12-21T11:05:00+0530
adx : 43.93  aroonosc : -64.29
-----------------------------------------------
11:06:42 : SCANNING : COLPAL
circuit : 1.83%  2021-12-21T11:05:00+0530
adx : 42.59  aroonosc : 64.29
-----------------------------------------------
11:06:43 : SCANNING : CONCOR
circuit : -0.13%  2021-12-21T11:05:00+0530
adx : 18.17  aroonosc : 42.86
-----------------------------------------------
11:06:43 : SCANNING : COROMANDEL
circuit : 0.35%  2021-12-21T11:05:00+0530
adx : 9.54  aroonosc : 85.71
-----------------------------------------------
11:06:44 : SCANNING : CREDITACC
circuit : -2.01%  2021-12-21T11:05:00+0530
adx : 10.13  aroonosc : -100.0
-----------------------------------------------
11:06:44 : SCANNING : CRISIL
circuit : 1.92%  2021-12-21T11:05:00+0530
adx : 33.62  aroonosc : 78.57
-----------------------------------------------
11:06:44 : SCANNING : CROMPTON
circuit : 0.21%  2021-12-21T11:05:00+0530
adx : 16.49  aroonosc : 35.71
-----------------------------------------------
11:06:45 : SCANNING : CSBBANK
circuit : 0.76%  2021-12-21T11:05:00+0530
adx : 15.87  aroonosc : -28.57
-----------------------------------------------
11:06:45 : SCANNING : CUB
circuit : 0.85%  2021-12-21T11:05:00+0530
adx : 26.19  aroonosc : 78.57
-----------------------------------------------
11:06:46 : SCANNING : CUMMINSIND
circuit : 1.18%  2021-12-21T11:05:00+0530
adx : 29.83  aroonosc : -7.14
-----------------------------------------------
11:06:46 : SCANNING : CYIENT
circuit : 0.1%  2021-12-21T11:05:00+0530
adx : 14.04  aroonosc : -92.86
-----------------------------------------------
11:06:46 : SCANNING : DABUR
circuit : 0.99%  2021-12-21T11:05:00+0530
adx : 53.07  aroonosc : 78.57
-----------------------------------------------
11:06:47 : SCANNING : DALBHARAT
circuit : 4.77%  2021-12-21T11:05:00+0530
adx : 54.74  aroonosc : 78.57
-----------------------------------------------
11:06:47 : SCANNING : DBL
circuit : -0.52%  2021-12-21T11:05:00+0530
adx : 47.1  aroonosc : 50.0
-----------------------------------------------
11:06:47 : SCANNING : DCAL
circuit : 2.11%  2021-12-21T11:05:00+0530
adx : 27.5  aroonosc : 35.71
-----------------------------------------------
11:06:48 : SCANNING : DCBBANK
circuit : 2.43%  2021-12-21T11:05:00+0530
adx : 37.14  aroonosc : 64.29
-----------------------------------------------
11:06:48 : SCANNING : DCMSHRIRAM
circuit : 1.05%  2021-12-21T11:05:00+0530
adx : 15.66  aroonosc : 14.29
-----------------------------------------------
11:06:49 : SCANNING : DEEPAKNTR
circuit : 2.39%  2021-12-21T11:05:00+0530
adx : 42.6  aroonosc : 64.29
-----------------------------------------------
11:06:49 : SCANNING : DELTACORP
circuit : 0.69%  2021-12-21T11:05:00+0530
adx : 26.72  aroonosc : 42.86
-----------------------------------------------
11:06:49 : SCANNING : DHANI
circuit : 3.71%  2021-12-21T11:05:00+0530
adx : 32.76  aroonosc : 50.0
-----------------------------------------------
11:06:50 : SCANNING : DHANUKA
circuit : -0.41%  2021-12-21T11:05:00+0530
adx : 12.6  aroonosc : 57.14
-----------------------------------------------
11:06:50 : SCANNING : DISHTV
circuit : 2.69%  2021-12-21T11:05:00+0530
adx : 35.59  aroonosc : 42.86
-----------------------------------------------
11:06:50 : SCANNING : DIVISLAB
circuit : -0.91%  2021-12-21T11:05:00+0530
adx : 19.73  aroonosc : -50.0
-----------------------------------------------
11:06:51 : SCANNING : DIXON
circuit : 2.01%  2021-12-21T11:05:00+0530
adx : 44.33  aroonosc : 78.57
-----------------------------------------------
11:06:51 : SCANNING : DLF
circuit : 1.24%  2021-12-21T11:05:00+0530
adx : 46.64  aroonosc : 85.71
-----------------------------------------------
11:06:51 : SCANNING : DMART
circuit : 0.49%  2021-12-21T11:05:00+0530
adx : 11.6  aroonosc : -7.14
-----------------------------------------------
11:06:52 : SCANNING : DRREDDY
circuit : 0.88%  2021-12-21T11:05:00+0530
adx : 32.33  aroonosc : 78.57
-----------------------------------------------
11:06:52 : SCANNING : ECLERX
circuit : 0.81%  2021-12-21T11:05:00+0530
adx : 14.9  aroonosc : -85.71
-----------------------------------------------
11:06:53 : SCANNING : EDELWEISS
circuit : 0.29%  2021-12-21T11:05:00+0530
adx : 11.69  aroonosc : -28.57
-----------------------------------------------
11:06:54 : SCANNING : EICHERMOT
circuit : 0.22%  2021-12-21T11:05:00+0530
adx : 36.73  aroonosc : 50.0
-----------------------------------------------
11:06:54 : SCANNING : EIDPARRY
circuit : 1.53%  2021-12-21T11:05:00+0530
adx : 23.72  aroonosc : 35.71
-----------------------------------------------
11:06:54 : SCANNING : EIHOTEL
circuit : 1.66%  2021-12-21T11:05:00+0530
adx : 9.08  aroonosc : -78.57
-----------------------------------------------
11:06:55 : SCANNING : ELGIEQUIP
circuit : 0.47%  2021-12-21T11:05:00+0530
adx : 28.27  aroonosc : -71.43
-----------------------------------------------
11:06:55 : SCANNING : EMAMILTD
circuit : -0.77%  2021-12-21T11:05:00+0530
adx : 25.91  aroonosc : 64.29
-----------------------------------------------
11:06:56 : SCANNING : ENDURANCE
circuit : 0.11%  2021-12-21T11:05:00+0530
adx : 19.63  aroonosc : -21.43
-----------------------------------------------
11:06:56 : SCANNING : ENGINERSIN
circuit : 0.15%  2021-12-21T11:05:00+0530
adx : 13.71  aroonosc : 85.71
-----------------------------------------------
11:06:56 : SCANNING : EPL
circuit : 1.64%  2021-12-21T11:05:00+0530
adx : 41.42  aroonosc : 92.86
-----------------------------------------------
11:06:57 : SCANNING : EQUITAS
circuit : -1.27%  2021-12-21T11:05:00+0530
adx : 22.51  aroonosc : -50.0
-----------------------------------------------
11:06:57 : SCANNING : ERIS
circuit : 0.13%  2021-12-21T11:05:00+0530
adx : 18.92  aroonosc : 85.71
-----------------------------------------------
11:06:57 : SCANNING : ESCORTS
circuit : 0.4%  2021-12-21T11:05:00+0530
adx : 18.92  aroonosc : -57.14
-----------------------------------------------
11:06:58 : SCANNING : EXIDEIND
circuit : 0.13%  2021-12-21T11:05:00+0530
adx : 36.58  aroonosc : -100.0
-----------------------------------------------
11:06:58 : SCANNING : FCONSUMER
circuit : -8.28%  2021-12-21T11:05:00+0530
adx : 32.14  aroonosc : 35.71
-----------------------------------------------
11:06:59 : SCANNING : FDC
circuit : 0.43%  2021-12-21T11:05:00+0530
adx : 13.86  aroonosc : 14.29
-----------------------------------------------
11:06:59 : SCANNING : FEDERALBNK
circuit : -0.37%  2021-12-21T11:05:00+0530
adx : 23.03  aroonosc : 92.86
-----------------------------------------------
11:06:59 : SCANNING : FINCABLES
circuit : 1.38%  2021-12-21T11:05:00+0530
adx : 15.43  aroonosc : 50.0
-----------------------------------------------
11:07:00 : SCANNING : FINEORG
circuit : 1.69%  2021-12-21T11:05:00+0530
adx : 25.42  aroonosc : 57.14
-----------------------------------------------
11:07:00 : SCANNING : FINPIPE
circuit : 3.74%  2021-12-21T11:05:00+0530
adx : 40.2  aroonosc : 92.86
-----------------------------------------------
11:07:00 : SCANNING : FLUOROCHEM
circuit : 3.57%  2021-12-21T11:05:00+0530
adx : 29.08  aroonosc : -28.57
-----------------------------------------------
11:07:01 : SCANNING : FORTIS
circuit : 3.5%  2021-12-21T11:05:00+0530
adx : 41.46  aroonosc : 50.0
-----------------------------------------------
11:07:01 : SCANNING : FRETAIL
circuit : -9.84%  2021-12-21T11:05:00+0530
adx : 26.73  aroonosc : -35.71
-----------------------------------------------
11:07:01 : SCANNING : FSL
circuit : 0.55%  2021-12-21T11:05:00+0530
adx : 15.26  aroonosc : -35.71
-----------------------------------------------
11:07:02 : SCANNING : GAEL
circuit : 1.64%  2021-12-21T11:05:00+0530
adx : 18.09  aroonosc : 28.57
-----------------------------------------------
11:07:02 : SCANNING : GAIL
circuit : 0.79%  2021-12-21T11:05:00+0530
adx : 33.28  aroonosc : 35.71
-----------------------------------------------
11:07:02 : SCANNING : GALAXYSURF
circuit : -0.37%  2021-12-21T11:05:00+0530
adx : 32.26  aroonosc : -50.0
-----------------------------------------------
11:07:03 : SCANNING : GARFIBRES
circuit : -0.12%  2021-12-21T11:05:00+0530
adx : 25.44  aroonosc : 21.43
-----------------------------------------------
11:07:03 : SCANNING : GEPIL
circuit : 1.81%  2021-12-21T11:05:00+0530
adx : 12.26  aroonosc : -21.43
-----------------------------------------------
11:07:04 : SCANNING : GESHIP
circuit : 1.61%  2021-12-21T11:05:00+0530
adx : 27.06  aroonosc : -71.43
-----------------------------------------------
11:07:04 : SCANNING : GICRE
circuit : 1.05%  2021-12-21T11:05:00+0530
adx : 12.33  aroonosc : -14.29
-----------------------------------------------
11:07:04 : SCANNING : GILLETTE
circuit : 1.08%  2021-12-21T11:05:00+0530
adx : 25.13  aroonosc : 78.57
-----------------------------------------------
11:07:05 : SCANNING : GLAND
circuit : 1.22%  2021-12-21T11:05:00+0530
adx : 15.24  aroonosc : 78.57
-----------------------------------------------
11:07:05 : SCANNING : GLAXO
circuit : 1.91%  2021-12-21T11:05:00+0530
adx : 44.79  aroonosc : 35.71
-----------------------------------------------
11:07:05 : SCANNING : GLENMARK
circuit : -0.49%  2021-12-21T11:05:00+0530
adx : 14.19  aroonosc : -21.43
-----------------------------------------------
11:07:06 : SCANNING : GMMPFAUDLR
circuit : 2.68%  2021-12-21T11:05:00+0530
adx : 55.57  aroonosc : 78.57
-----------------------------------------------
11:07:06 : SCANNING : GMRINFRA
circuit : 1.25%  2021-12-21T11:05:00+0530
adx : 29.47  aroonosc : 50.0
-----------------------------------------------
11:07:06 : SCANNING : GNFC
circuit : 1.35%  2021-12-21T11:05:00+0530
adx : 28.67  aroonosc : 14.29
-----------------------------------------------
11:07:07 : SCANNING : GODFRYPHLP
circuit : 0.15%  2021-12-21T11:05:00+0530
adx : 10.57  aroonosc : -78.57
-----------------------------------------------
11:07:07 : SCANNING : GODREJAGRO
circuit : -0.76%  2021-12-21T11:05:00+0530
adx : 23.65  aroonosc : -57.14
-----------------------------------------------
11:07:07 : SCANNING : GODREJCP
circuit : 5.0%  2021-12-21T11:05:00+0530
adx : 54.68  aroonosc : 78.57
-----------------------------------------------
11:07:08 : SCANNING : GODREJIND
circuit : 2.52%  2021-12-21T11:05:00+0530
adx : 43.67  aroonosc : 7.14
-----------------------------------------------
11:07:08 : SCANNING : GODREJPROP
circuit : 0.99%  2021-12-21T11:05:00+0530
adx : 19.22  aroonosc : -7.14
-----------------------------------------------
11:07:08 : SCANNING : GPPL
circuit : -0.26%  2021-12-21T11:05:00+0530
adx : 31.24  aroonosc : -50.0
-----------------------------------------------
11:07:09 : SCANNING : GRANULES
circuit : -0.53%  2021-12-21T11:05:00+0530
adx : 7.38  aroonosc : 35.71
-----------------------------------------------
11:07:09 : SCANNING : GRAPHITE
circuit : 0.21%  2021-12-21T11:05:00+0530
adx : 26.01  aroonosc : 7.14
-----------------------------------------------
11:07:09 : SCANNING : GRASIM
circuit : 2.2%  2021-12-21T11:05:00+0530
adx : 54.03  aroonosc : -35.71
-----------------------------------------------
11:07:10 : SCANNING : GREAVESCOT
circuit : 1.19%  2021-12-21T11:05:00+0530
adx : 30.66  aroonosc : 42.86
-----------------------------------------------
11:07:10 : SCANNING : GRINDWELL
circuit : -0.05%  2021-12-21T11:05:00+0530
adx : 39.52  aroonosc : -7.14
-----------------------------------------------
11:07:10 : SCANNING : GRSE
circuit : 2.9%  2021-12-21T11:05:00+0530
adx : 21.07  aroonosc : 28.57
-----------------------------------------------
11:07:11 : SCANNING : GSFC
circuit : 0.74%  2021-12-21T11:05:00+0530
adx : 12.83  aroonosc : -21.43
-----------------------------------------------
11:07:11 : SCANNING : GSPL
circuit : 0.82%  2021-12-21T11:05:00+0530
adx : 21.69  aroonosc : 21.43
-----------------------------------------------
11:07:12 : SCANNING : GUJALKALI
circuit : -0.15%  2021-12-21T11:05:00+0530
adx : 29.17  aroonosc : -78.57
-----------------------------------------------
11:07:12 : SCANNING : GUJGASLTD
circuit : 1.54%  2021-12-21T11:05:00+0530
adx : 54.5  aroonosc : 28.57
-----------------------------------------------
11:07:12 : SCANNING : GULFOILLUB
circuit : -0.09%  2021-12-21T11:05:00+0530
adx : 22.64  aroonosc : -7.14
-----------------------------------------------
11:07:13 : SCANNING : HAL
circuit : 0.16%  2021-12-21T11:05:00+0530
adx : 27.95  aroonosc : -28.57
-----------------------------------------------
11:07:13 : SCANNING : HATSUN
circuit : -1.79%  2021-12-21T11:05:00+0530
adx : 15.66  aroonosc : -57.14
-----------------------------------------------
11:07:13 : SCANNING : HAVELLS
circuit : 3.21%  2021-12-21T11:05:00+0530
adx : 35.96  aroonosc : 28.57
-----------------------------------------------
11:07:14 : SCANNING : HCLTECH
circuit : 3.06%  2021-12-21T11:05:00+0530
adx : 61.13  aroonosc : 21.43
-----------------------------------------------
11:07:14 : SCANNING : HDFC
circuit : -0.28%  2021-12-21T11:05:00+0530
adx : 50.49  aroonosc : 78.57
-----------------------------------------------
11:07:15 : SCANNING : HDFCAMC
circuit : 0.77%  2021-12-21T11:05:00+0530
adx : 31.6  aroonosc : 78.57
-----------------------------------------------
11:07:15 : SCANNING : HDFCBANK
circuit : 0.45%  2021-12-21T11:05:00+0530
adx : 22.24  aroonosc : 64.29
-----------------------------------------------
11:07:15 : SCANNING : HDFCLIFE
circuit : 0.47%  2021-12-21T11:05:00+0530
adx : 34.59  aroonosc : 92.86
-----------------------------------------------
11:07:16 : SCANNING : HEG
circuit : -0.53%  2021-12-21T11:05:00+0530
adx : 11.81  aroonosc : 50.0
-----------------------------------------------
11:07:16 : SCANNING : HEIDELBERG
-----------------------------------------------
11:07:16 : SCANNING : HEMIPROP
circuit : 1.4%  2021-12-21T11:05:00+0530
adx : 22.72  aroonosc : -21.43
-----------------------------------------------
11:07:17 : SCANNING : HEROMOTOCO
circuit : -1.45%  2021-12-21T11:05:00+0530
adx : 34.16  aroonosc : 7.14
-----------------------------------------------
11:07:17 : SCANNING : HINDALCO
circuit : 1.88%  2021-12-21T11:05:00+0530
adx : 58.99  aroonosc : 64.29
-----------------------------------------------
11:07:17 : SCANNING : HINDCOPPER
circuit : 0.79%  2021-12-21T11:05:00+0530
adx : 35.62  aroonosc : 14.29
-----------------------------------------------
11:07:18 : SCANNING : HINDPETRO
circuit : 1.06%  2021-12-21T11:05:00+0530
adx : 21.92  aroonosc : 71.43
-----------------------------------------------
11:07:18 : SCANNING : HINDUNILVR
circuit : 0.25%  2021-12-21T11:05:00+0530
adx : 34.63  aroonosc : 64.29
-----------------------------------------------
11:07:19 : SCANNING : HINDZINC
circuit : 1.88%  2021-12-21T11:05:00+0530
adx : 28.42  aroonosc : 64.29
-----------------------------------------------
11:07:19 : SCANNING : HONAUT
circuit : -0.32%  2021-12-21T11:05:00+0530
adx : 13.9  aroonosc : -42.86
-----------------------------------------------
11:07:19 : SCANNING : HSCL
circuit : 1.41%  2021-12-21T11:05:00+0530
adx : 44.97  aroonosc : -28.57
-----------------------------------------------
11:07:20 : SCANNING : HUDCO
circuit : 0.39%  2021-12-21T11:05:00+0530
adx : 19.54  aroonosc : -85.71
-----------------------------------------------
11:07:20 : SCANNING : HUHTAMAKI
circuit : 1.29%  2021-12-21T11:05:00+0530
adx : 13.3  aroonosc : 57.14
-----------------------------------------------
11:07:20 : SCANNING : IBREALEST
circuit : 3.27%  2021-12-21T11:05:00+0530
adx : 44.76  aroonosc : 28.57
-----------------------------------------------
11:07:21 : SCANNING : IBULHSGFIN
circuit : 0.81%  2021-12-21T11:05:00+0530
adx : 24.13  aroonosc : -50.0
-----------------------------------------------
11:07:21 : SCANNING : ICICIBANK
circuit : 0.83%  2021-12-21T11:05:00+0530
adx : 47.32  aroonosc : 92.86
-----------------------------------------------
11:07:22 : SCANNING : ICICIGI
circuit : 1.77%  2021-12-21T11:05:00+0530
adx : 43.36  aroonosc : 92.86
-----------------------------------------------
11:07:22 : SCANNING : ICICIPRULI
circuit : 2.41%  2021-12-21T11:05:00+0530
adx : 47.85  aroonosc : 64.29
-----------------------------------------------
11:07:22 : SCANNING : ICIL
circuit : -1.59%  2021-12-21T11:05:00+0530
adx : 17.1  aroonosc : 42.86
-----------------------------------------------
11:07:23 : SCANNING : IDBI
circuit : 2.74%  2021-12-21T11:05:00+0530
adx : 48.6  aroonosc : 0.0
-----------------------------------------------
11:07:23 : SCANNING : IDEA
circuit : 3.97%  2021-12-21T11:05:00+0530
adx : 46.15  aroonosc : 28.57
-----------------------------------------------
11:07:23 : SCANNING : IDFC
circuit : 1.79%  2021-12-21T11:05:00+0530
adx : 42.76  aroonosc : 57.14
-----------------------------------------------
11:07:24 : SCANNING : IDFCFIRSTB
circuit : 0.33%  2021-12-21T11:05:00+0530
adx : 9.57  aroonosc : 28.57
-----------------------------------------------
11:07:24 : SCANNING : IEX
circuit : 1.58%  2021-12-21T11:05:00+0530
adx : 35.21  aroonosc : 42.86
-----------------------------------------------
11:07:24 : SCANNING : IFBIND
circuit : 0.32%  2021-12-21T11:05:00+0530
adx : 24.05  aroonosc : -71.43
-----------------------------------------------
11:07:25 : SCANNING : IGL
circuit : 0.92%  2021-12-21T11:05:00+0530
adx : 39.35  aroonosc : 64.29
-----------------------------------------------
11:07:25 : SCANNING : IIFL
circuit : 0.59%  2021-12-21T11:05:00+0530
adx : 20.43  aroonosc : -21.43
-----------------------------------------------
11:07:26 : SCANNING : IIFLWAM
circuit : -2.59%  2021-12-21T11:05:00+0530
adx : 29.57  aroonosc : -100.0
-----------------------------------------------
11:07:26 : SCANNING : INDHOTEL
circuit : -0.6%  2021-12-21T11:05:00+0530
adx : 10.39  aroonosc : 57.14
-----------------------------------------------
11:07:26 : SCANNING : INDIACEM
circuit : 1.19%  2021-12-21T11:05:00+0530
adx : 34.63  aroonosc : 71.43
-----------------------------------------------
11:07:27 : SCANNING : INDIAMART
circuit : -0.06%  2021-12-21T11:05:00+0530
adx : 10.48  aroonosc : -64.29
-----------------------------------------------
11:07:27 : SCANNING : INDIANB
circuit : 0.68%  2021-12-21T11:05:00+0530
adx : 31.3  aroonosc : -7.14
-----------------------------------------------
11:07:27 : SCANNING : INDIGO
circuit : 0.49%  2021-12-21T11:05:00+0530
adx : 24.99  aroonosc : 85.71
-----------------------------------------------
11:07:28 : SCANNING : INDOCO
circuit : 1.71%  2021-12-21T11:05:00+0530
adx : 27.88  aroonosc : 92.86
-----------------------------------------------
11:07:28 : SCANNING : INDUSINDBK
circuit : 0.63%  2021-12-21T11:05:00+0530
adx : 28.31  aroonosc : 78.57
-----------------------------------------------
11:07:29 : SCANNING : INDUSTOWER
circuit : 4.0%  2021-12-21T11:05:00+0530
adx : 43.1  aroonosc : 85.71
-----------------------------------------------
11:07:29 : SCANNING : INFIBEAM
circuit : 1.54%  2021-12-21T11:05:00+0530
adx : 34.32  aroonosc : -14.29
-----------------------------------------------
11:07:29 : SCANNING : INFY
circuit : 1.64%  2021-12-21T11:05:00+0530
adx : 39.29  aroonosc : 78.57
-----------------------------------------------
11:07:30 : SCANNING : INGERRAND
circuit : 0.96%  2021-12-21T11:05:00+0530
adx : 15.53  aroonosc : -42.86
-----------------------------------------------
11:07:30 : SCANNING : INOXLEISUR
circuit : 3.7%  2021-12-21T11:05:00+0530
adx : 51.79  aroonosc : 35.71
-----------------------------------------------
11:07:31 : SCANNING : INTELLECT
circuit : 0.39%  2021-12-21T11:05:00+0530
adx : 20.43  aroonosc : -7.14
-----------------------------------------------
11:07:31 : SCANNING : IOB
circuit : 1.24%  2021-12-21T11:05:00+0530
adx : 33.46  aroonosc : -50.0
-----------------------------------------------
11:07:31 : SCANNING : IOC
circuit : 0.14%  2021-12-21T11:05:00+0530
adx : 11.04  aroonosc : 28.57
-----------------------------------------------
11:07:32 : SCANNING : IOLCP
circuit : -0.84%  2021-12-21T11:05:00+0530
adx : 45.41  aroonosc : 42.86
-----------------------------------------------
11:07:32 : SCANNING : IPCALAB
circuit : 0.31%  2021-12-21T11:05:00+0530
adx : 11.38  aroonosc : 28.57
-----------------------------------------------
11:07:33 : SCANNING : IRB
circuit : -1.29%  2021-12-21T11:05:00+0530
adx : 15.59  aroonosc : -57.14
-----------------------------------------------
11:07:33 : SCANNING : IRCON
circuit : 0.22%  2021-12-21T11:05:00+0530
adx : 26.8  aroonosc : 85.71
-----------------------------------------------
11:07:33 : SCANNING : IRCTC
circuit : 0.82%  2021-12-21T11:05:00+0530
adx : 34.36  aroonosc : 85.71
-----------------------------------------------
11:07:34 : SCANNING : ISEC
circuit : 1.04%  2021-12-21T11:05:00+0530
adx : 19.65  aroonosc : -57.14
-----------------------------------------------
11:07:34 : SCANNING : ITC
circuit : -0.02%  2021-12-21T11:05:00+0530
adx : 22.44  aroonosc : 85.71
-----------------------------------------------
11:07:34 : SCANNING : ITI
circuit : 1.25%  2021-12-21T11:05:00+0530
adx : 27.0  aroonosc : 7.14
-----------------------------------------------
11:07:35 : SCANNING : J&KBANK
circuit : 2.17%  2021-12-21T11:05:00+0530
adx : 26.84  aroonosc : 35.71
-----------------------------------------------
11:07:35 : SCANNING : JAMNAAUTO
circuit : 2.56%  2021-12-21T11:05:00+0530
adx : 27.16  aroonosc : 7.14
-----------------------------------------------
11:07:36 : SCANNING : JBCHEPHARM
circuit : -0.48%  2021-12-21T11:05:00+0530
adx : 34.94  aroonosc : 28.57
-----------------------------------------------
11:07:36 : SCANNING : JCHAC
circuit : 2.2%  2021-12-21T11:05:00+0530
adx : 40.1  aroonosc : 78.57
-----------------------------------------------
11:07:36 : SCANNING : JINDALSAW
circuit : 2.1%  2021-12-21T11:05:00+0530
adx : 19.06  aroonosc : -28.57
-----------------------------------------------
11:07:37 : SCANNING : JINDALSTEL
circuit : 2.01%  2021-12-21T11:05:00+0530
adx : 48.73  aroonosc : 0.0
-----------------------------------------------
11:07:37 : SCANNING : JKCEMENT
circuit : 3.35%  2021-12-21T11:05:00+0530
adx : 32.45  aroonosc : 92.86
-----------------------------------------------
11:07:37 : SCANNING : JKLAKSHMI
circuit : 0.73%  2021-12-21T11:05:00+0530
adx : 15.73  aroonosc : -92.86
-----------------------------------------------
11:07:38 : SCANNING : JKPAPER
circuit : 1.23%  2021-12-21T11:05:00+0530
adx : 24.64  aroonosc : -35.71
-----------------------------------------------
11:07:38 : SCANNING : JKTYRE
circuit : 2.12%  2021-12-21T11:05:00+0530
adx : 35.55  aroonosc : 50.0
-----------------------------------------------
11:07:38 : SCANNING : JMFINANCIL
circuit : -0.96%  2021-12-21T11:05:00+0530
adx : 16.76  aroonosc : -78.57
-----------------------------------------------
11:07:39 : SCANNING : JSL
circuit : 2.91%  2021-12-21T11:05:00+0530
adx : 25.31  aroonosc : 21.43
-----------------------------------------------
11:07:39 : SCANNING : JSLHISAR
circuit : 3.65%  2021-12-21T11:05:00+0530
adx : 25.33  aroonosc : 100.0
-----------------------------------------------
11:07:39 : SCANNING : JSWSTEEL
circuit : 2.32%  2021-12-21T11:05:00+0530
adx : 65.94  aroonosc : 42.86
-----------------------------------------------
11:07:40 : SCANNING : JTEKTINDIA
circuit : 1.17%  2021-12-21T11:05:00+0530
adx : 13.32  aroonosc : 50.0
-----------------------------------------------
11:07:40 : SCANNING : JUBLFOOD
circuit : -0.09%  2021-12-21T11:05:00+0530
adx : 17.72  aroonosc : 21.43
-----------------------------------------------
11:07:40 : SCANNING : JUSTDIAL
circuit : 2.54%  2021-12-21T11:05:00+0530
adx : 37.25  aroonosc : 0.0
-----------------------------------------------
11:07:41 : SCANNING : JYOTHYLAB
circuit : 0.46%  2021-12-21T11:05:00+0530
adx : 21.72  aroonosc : -21.43
-----------------------------------------------
11:07:41 : SCANNING : KAJARIACER
circuit : 1.72%  2021-12-21T11:05:00+0530
adx : 16.5  aroonosc : 0.0
-----------------------------------------------
11:07:42 : SCANNING : KALPATPOWR
circuit : 1.36%  2021-12-21T11:05:00+0530
adx : 14.41  aroonosc : 42.86
-----------------------------------------------
11:07:42 : SCANNING : KANSAINER
circuit : 0.69%  2021-12-21T11:05:00+0530
adx : 32.31  aroonosc : 14.29
-----------------------------------------------
11:07:42 : SCANNING : KARURVYSYA
circuit : -0.33%  2021-12-21T11:05:00+0530
adx : 26.5  aroonosc : 0.0
-----------------------------------------------
11:07:43 : SCANNING : KEC
circuit : 0.67%  2021-12-21T11:05:00+0530
adx : 11.85  aroonosc : -35.71
-----------------------------------------------
11:07:43 : SCANNING : KEI
circuit : -0.56%  2021-12-21T11:05:00+0530
adx : 9.05  aroonosc : -28.57
-----------------------------------------------
11:07:44 : SCANNING : KNRCON
circuit : 0.31%  2021-12-21T11:05:00+0530
adx : 7.1  aroonosc : -35.71
-----------------------------------------------
11:07:44 : SCANNING : KOTAKBANK
circuit : -0.23%  2021-12-21T11:05:00+0530
adx : 24.83  aroonosc : 64.29
-----------------------------------------------
11:07:44 : SCANNING : KPITTECH
circuit : 2.67%  2021-12-21T11:05:00+0530
adx : 27.18  aroonosc : -71.43
-----------------------------------------------
11:07:45 : SCANNING : KPRMILL
circuit : 2.21%  2021-12-21T11:05:00+0530
adx : 16.58  aroonosc : -85.71
-----------------------------------------------
11:07:45 : SCANNING : KRBL
circuit : 0.29%  2021-12-21T11:05:00+0530
adx : 18.02  aroonosc : -14.29
-----------------------------------------------
11:07:45 : SCANNING : KSB
circuit : 1.99%  2021-12-21T11:05:00+0530
adx : 12.78  aroonosc : 100.0
-----------------------------------------------
11:07:46 : SCANNING : KSCL
circuit : -0.86%  2021-12-21T11:05:00+0530
adx : 22.56  aroonosc : 14.29
-----------------------------------------------
11:07:46 : SCANNING : L&TFH
circuit : 3.59%  2021-12-21T11:05:00+0530
adx : 57.56  aroonosc : 57.14
-----------------------------------------------
11:07:47 : SCANNING : LALPATHLAB
circuit : -0.21%  2021-12-21T11:05:00+0530
adx : 16.07  aroonosc : -7.14
-----------------------------------------------
11:07:47 : SCANNING : LAOPALA
circuit : 3.93%  2021-12-21T11:05:00+0530
adx : 41.02  aroonosc : -71.43
-----------------------------------------------
11:07:47 : SCANNING : LAURUSLABS
circuit : 1.35%  2021-12-21T11:05:00+0530
adx : 15.01  aroonosc : 50.0
-----------------------------------------------
11:07:48 : SCANNING : LAXMIMACH
circuit : 3.16%  2021-12-21T11:05:00+0530
adx : 22.75  aroonosc : -85.71
-----------------------------------------------
11:07:48 : SCANNING : LEMONTREE
circuit : 4.36%  2021-12-21T11:05:00+0530
adx : 36.77  aroonosc : 21.43
-----------------------------------------------
11:07:48 : SCANNING : LICHSGFIN
circuit : 0.83%  2021-12-21T11:05:00+0530
adx : 39.75  aroonosc : 85.71
-----------------------------------------------
11:07:49 : SCANNING : LINDEINDIA
circuit : 1.05%  2021-12-21T11:05:00+0530
adx : 13.56  aroonosc : 57.14
-----------------------------------------------
11:07:49 : SCANNING : LT
circuit : 1.08%  2021-12-21T11:05:00+0530
adx : 31.65  aroonosc : 35.71
-----------------------------------------------
11:07:49 : SCANNING : LTI
circuit : 2.28%  2021-12-21T11:05:00+0530
adx : 28.53  aroonosc : 57.14
-----------------------------------------------
11:07:50 : SCANNING : LTTS
circuit : 1.53%  2021-12-21T11:05:00+0530
adx : 25.69  aroonosc : 28.57
-----------------------------------------------
11:07:50 : SCANNING : LUPIN
-----------------------------------------------
11:07:51 : SCANNING : LUXIND
circuit : 0.7%  2021-12-21T11:05:00+0530
adx : 33.56  aroonosc : 100.0
-----------------------------------------------
11:07:51 : SCANNING : M&M
circuit : -0.21%  2021-12-21T11:05:00+0530
adx : 29.61  aroonosc : 64.29
-----------------------------------------------
11:07:51 : SCANNING : M&MFIN
circuit : 0.92%  2021-12-21T11:05:00+0530
adx : 23.18  aroonosc : 78.57
-----------------------------------------------
11:07:52 : SCANNING : MAHABANK
circuit : 0.26%  2021-12-21T11:05:00+0530
adx : 15.97  aroonosc : -28.57
-----------------------------------------------
11:07:52 : SCANNING : MAHINDCIE
circuit : 0.78%  2021-12-21T11:05:00+0530
adx : 17.63  aroonosc : -7.14
-----------------------------------------------
11:07:52 : SCANNING : MAHLOG
circuit : -1.51%  2021-12-21T11:05:00+0530
adx : 10.23  aroonosc : -64.29
-----------------------------------------------
11:07:53 : SCANNING : MAHSCOOTER
circuit : 3.05%  2021-12-21T11:05:00+0530
adx : 32.43  aroonosc : 85.71
-----------------------------------------------
11:07:53 : SCANNING : MAHSEAMLES
circuit : 1.39%  2021-12-21T11:05:00+0530
adx : 37.47  aroonosc : 7.14
-----------------------------------------------
11:07:54 : SCANNING : MANAPPURAM
circuit : -0.63%  2021-12-21T11:05:00+0530
adx : 32.77  aroonosc : 42.86
-----------------------------------------------
11:07:54 : SCANNING : MARICO
circuit : 0.67%  2021-12-21T11:05:00+0530
adx : 32.58  aroonosc : 71.43
-----------------------------------------------
11:07:54 : SCANNING : MARUTI
circuit : 0.28%  2021-12-21T11:05:00+0530
adx : 32.03  aroonosc : 50.0
-----------------------------------------------
11:07:55 : SCANNING : MASFIN
circuit : 2.98%  2021-12-21T11:05:00+0530
adx : 20.27  aroonosc : 100.0
-----------------------------------------------
11:07:55 : SCANNING : MAXHEALTH
circuit : 1.73%  2021-12-21T11:05:00+0530
adx : 29.24  aroonosc : -50.0
-----------------------------------------------
11:07:55 : SCANNING : MAZDOCK
circuit : 0.46%  2021-12-21T11:05:00+0530
adx : 22.49  aroonosc : -35.71
-----------------------------------------------
11:07:56 : SCANNING : MCDOWELL-N
circuit : 2.18%  2021-12-21T11:05:00+0530
adx : 45.81  aroonosc : 92.86
-----------------------------------------------
11:07:56 : SCANNING : MCX
circuit : 0.88%  2021-12-21T11:05:00+0530
adx : 36.19  aroonosc : 35.71
-----------------------------------------------
11:07:56 : SCANNING : METROPOLIS
circuit : 3.07%  2021-12-21T11:05:00+0530
adx : 42.78  aroonosc : 57.14
-----------------------------------------------
11:07:56 : SCANNING : MFSL
circuit : 4.04%  2021-12-21T11:05:00+0530
adx : 24.13  aroonosc : 100.0
-----------------------------------------------
11:07:57 : SCANNING : MGL
circuit : 0.32%  2021-12-21T11:05:00+0530
adx : 30.76  aroonosc : 57.14
-----------------------------------------------
11:07:57 : SCANNING : MHRIL
circuit : -0.69%  2021-12-21T11:05:00+0530
adx : 13.22  aroonosc : -35.71
-----------------------------------------------
11:07:58 : SCANNING : MIDHANI
circuit : 0.69%  2021-12-21T11:05:00+0530
adx : 13.63  aroonosc : -28.57
-----------------------------------------------
11:07:58 : SCANNING : MINDACORP
circuit : 2.63%  2021-12-21T11:05:00+0530
adx : 39.87  aroonosc : 71.43
-----------------------------------------------
11:07:58 : SCANNING : MINDAIND
circuit : 0.86%  2021-12-21T11:05:00+0530
adx : 38.33  aroonosc : 71.43
-----------------------------------------------
11:07:59 : SCANNING : MINDTREE
circuit : 1.07%  2021-12-21T11:05:00+0530
adx : 41.93  aroonosc : -50.0
-----------------------------------------------
11:07:59 : SCANNING : MMTC
circuit : 1.97%  2021-12-21T11:05:00+0530
adx : 41.91  aroonosc : 57.14
-----------------------------------------------
11:08:00 : SCANNING : MOIL
circuit : 1.98%  2021-12-21T11:05:00+0530
adx : 41.01  aroonosc : 64.29
-----------------------------------------------
11:08:00 : SCANNING : MOTILALOFS
circuit : 0.2%  2021-12-21T11:05:00+0530
adx : 20.26  aroonosc : -50.0
-----------------------------------------------
11:08:01 : SCANNING : MPHASIS
circuit : 0.38%  2021-12-21T11:05:00+0530
adx : 23.61  aroonosc : 28.57
-----------------------------------------------
11:08:01 : SCANNING : MRF
circuit : 0.22%  2021-12-21T11:05:00+0530
adx : 16.77  aroonosc : -50.0
-----------------------------------------------
11:08:01 : SCANNING : MRPL
circuit : -0.82%  2021-12-21T11:05:00+0530
adx : 26.96  aroonosc : -85.71
-----------------------------------------------
11:08:02 : SCANNING : MUTHOOTFIN
circuit : 0.43%  2021-12-21T11:05:00+0530
adx : 16.65  aroonosc : 85.71
-----------------------------------------------
11:08:02 : SCANNING : NAM-INDIA
circuit : 1.69%  2021-12-21T11:05:00+0530
adx : 22.24  aroonosc : 42.86
-----------------------------------------------
11:08:02 : SCANNING : NATCOPHARM
circuit : 2.57%  2021-12-21T11:05:00+0530
adx : 13.94  aroonosc : 14.29
-----------------------------------------------
11:08:03 : SCANNING : NATIONALUM
circuit : 2.64%  2021-12-21T11:05:00+0530
adx : 52.25  aroonosc : -42.86
-----------------------------------------------
11:08:03 : SCANNING : NAUKRI
circuit : 0.32%  2021-12-21T11:05:00+0530
adx : 21.02  aroonosc : 28.57
-----------------------------------------------
11:08:04 : SCANNING : NAVINFLUOR
circuit : 3.14%  2021-12-21T11:05:00+0530
adx : 52.9  aroonosc : 57.14
-----------------------------------------------
11:08:04 : SCANNING : NBCC
circuit : 0.36%  2021-12-21T11:05:00+0530
adx : 28.84  aroonosc : 57.14
-----------------------------------------------
11:08:04 : SCANNING : NCC
circuit : 0.73%  2021-12-21T11:05:00+0530
adx : 37.92  aroonosc : 85.71
-----------------------------------------------
11:08:05 : SCANNING : NESCO
circuit : 1.44%  2021-12-21T11:05:00+0530
adx : 12.08  aroonosc : -57.14
-----------------------------------------------
11:08:05 : SCANNING : NESTLEIND
circuit : 1.05%  2021-12-21T11:05:00+0530
adx : 51.01  aroonosc : 78.57
-----------------------------------------------
11:08:06 : SCANNING : NETWORK18
circuit : 2.17%  2021-12-21T11:05:00+0530
adx : 23.04  aroonosc : 57.14
-----------------------------------------------
11:08:06 : SCANNING : NFL
circuit : 1.52%  2021-12-21T11:05:00+0530
adx : 37.09  aroonosc : 7.14
-----------------------------------------------
11:08:07 : SCANNING : NH
circuit : 1.85%  2021-12-21T11:05:00+0530
adx : 15.58  aroonosc : 85.71
-----------------------------------------------
11:08:07 : SCANNING : NHPC
circuit : 1.85%  2021-12-21T11:05:00+0530
adx : 34.29  aroonosc : -7.14
-----------------------------------------------
11:08:07 : SCANNING : NIACL
circuit : -0.04%  2021-12-21T11:05:00+0530
adx : 24.08  aroonosc : 100.0
-----------------------------------------------
11:08:08 : SCANNING : NILKAMAL
circuit : 0.21%  2021-12-21T11:05:00+0530
adx : 12.2  aroonosc : 71.43
-----------------------------------------------
11:08:08 : SCANNING : NLCINDIA
circuit : 0.68%  2021-12-21T11:05:00+0530
adx : 25.52  aroonosc : -21.43
-----------------------------------------------
11:08:08 : SCANNING : NMDC
circuit : 7.2%  2021-12-21T11:05:00+0530
adx : 14.18  aroonosc : 64.29
-----------------------------------------------
11:08:09 : SCANNING : NOCIL
circuit : 0.78%  2021-12-21T11:05:00+0530
adx : 32.82  aroonosc : 57.14
-----------------------------------------------
11:08:09 : SCANNING : NTPC
circuit : 0.4%  2021-12-21T11:05:00+0530
adx : 34.22  aroonosc : -35.71
rpt : 1190.0
{'candle': 'green', 'type': 'BUY', 'instrument': 'NTPC', 'price': 120.2, 'qty': 4949, 'target': 120.35, 'stoploss': 120.05, 'volume': 82550, 'adx': 50.48648436642578, 'aroonosc': 64.28571428571429, 'atr': 0.35497661662436336, 'open': 120.15, 'high': 120.35, 'low': 120.05, 'close': 120.35, 'product': 'MIS', 'time': '2021-12-20T13:45:00+0530'}
11:08:10 : Validation Failed : Time Gap in Seconds : 76990
-----------------------------------------------
11:08:10 : SCANNING : OBEROIRLTY
circuit : 1.48%  2021-12-21T11:05:00+0530
adx : 28.83  aroonosc : 64.29
-----------------------------------------------
11:08:11 : SCANNING : OFSS
circuit : 1.52%  2021-12-21T11:05:00+0530
adx : 47.26  aroonosc : 14.29
-----------------------------------------------
11:08:11 : SCANNING : OIL
circuit : 1.32%  2021-12-21T11:05:00+0530
adx : 17.1  aroonosc : 71.43
-----------------------------------------------
11:08:11 : SCANNING : ONGC
circuit : 0.15%  2021-12-21T11:05:00+0530
adx : 35.49  aroonosc : 100.0
-----------------------------------------------
11:08:12 : SCANNING : ORIENTELEC
circuit : 2.03%  2021-12-21T11:05:00+0530
adx : 14.41  aroonosc : 57.14
-----------------------------------------------
11:08:12 : SCANNING : PAGEIND
circuit : 1.17%  2021-12-21T11:05:00+0530
adx : 19.71  aroonosc : 50.0
-----------------------------------------------
11:08:12 : SCANNING : PEL
circuit : 1.49%  2021-12-21T11:05:00+0530
adx : 29.55  aroonosc : 50.0
-----------------------------------------------
11:08:13 : SCANNING : PERSISTENT
circuit : -1.93%  2021-12-21T11:05:00+0530
adx : 27.59  aroonosc : -21.43
-----------------------------------------------
11:08:13 : SCANNING : PETRONET
circuit : -0.02%  2021-12-21T11:05:00+0530
adx : 12.3  aroonosc : 42.86
-----------------------------------------------
11:08:14 : SCANNING : PFC
circuit : 0.65%  2021-12-21T11:05:00+0530
adx : 17.93  aroonosc : 28.57
-----------------------------------------------
11:08:14 : SCANNING : PFIZER
circuit : 0.97%  2021-12-21T11:05:00+0530
adx : 14.97  aroonosc : 42.86
-----------------------------------------------
11:08:14 : SCANNING : PGHH
circuit : 0.38%  2021-12-21T11:05:00+0530
adx : 23.65  aroonosc : -28.57
-----------------------------------------------
11:08:15 : SCANNING : PGHL
circuit : -0.46%  2021-12-21T11:05:00+0530
adx : 16.45  aroonosc : -42.86
-----------------------------------------------
11:08:15 : SCANNING : PHILIPCARB
circuit : 1.19%  2021-12-21T11:05:00+0530
adx : 7.41  aroonosc : -71.43
-----------------------------------------------
11:08:16 : SCANNING : PHOENIXLTD
circuit : -3.52%  2021-12-21T11:05:00+0530
adx : 27.72  aroonosc : -28.57
-----------------------------------------------
11:08:16 : SCANNING : PIDILITIND
circuit : 0.6%  2021-12-21T11:05:00+0530
adx : 41.09  aroonosc : 92.86
-----------------------------------------------
11:08:16 : SCANNING : PIIND
circuit : 1.38%  2021-12-21T11:05:00+0530
adx : 30.74  aroonosc : 71.43
-----------------------------------------------
11:08:17 : SCANNING : PNB
circuit : 0.81%  2021-12-21T11:05:00+0530
adx : 18.14  aroonosc : -64.29
-----------------------------------------------
11:08:17 : SCANNING : PNBHOUSING
circuit : 5.01%  2021-12-21T11:05:00+0530
adx : 54.27  aroonosc : 92.86
-----------------------------------------------
11:08:17 : SCANNING : PNCINFRA
circuit : -0.52%  2021-12-21T11:05:00+0530
adx : 20.44  aroonosc : 35.71
-----------------------------------------------
11:08:18 : SCANNING : POLYCAB
circuit : 0.52%  2021-12-21T11:05:00+0530
adx : 46.58  aroonosc : 50.0
-----------------------------------------------
11:08:18 : SCANNING : POLYMED
circuit : -0.77%  2021-12-21T11:05:00+0530
adx : 21.97  aroonosc : 28.57
-----------------------------------------------
11:08:18 : SCANNING : POLYPLEX
circuit : 0.85%  2021-12-21T11:05:00+0530
adx : 22.89  aroonosc : 42.86
-----------------------------------------------
11:08:19 : SCANNING : POWERGRID
circuit : -1.68%  2021-12-21T11:05:00+0530
adx : 17.98  aroonosc : -100.0
-----------------------------------------------
11:08:19 : SCANNING : POWERINDIA
circuit : -0.35%  2021-12-21T11:05:00+0530
adx : 21.65  aroonosc : -100.0
-----------------------------------------------
11:08:19 : SCANNING : PRESTIGE
circuit : 0.61%  2021-12-21T11:05:00+0530
adx : 20.59  aroonosc : -100.0
-----------------------------------------------
11:08:20 : SCANNING : PRINCEPIPE
circuit : 1.95%  2021-12-21T11:05:00+0530
adx : 35.38  aroonosc : 57.14
-----------------------------------------------
11:08:20 : SCANNING : PRSMJOHNSN
circuit : 3.87%  2021-12-21T11:05:00+0530
adx : 35.58  aroonosc : 14.29
-----------------------------------------------
11:08:21 : SCANNING : PSB
circuit : 0.94%  2021-12-21T11:05:00+0530
adx : 19.06  aroonosc : -50.0
-----------------------------------------------
11:08:21 : SCANNING : PVR
circuit : 0.86%  2021-12-21T11:05:00+0530
adx : 27.79  aroonosc : 57.14
-----------------------------------------------
11:08:21 : SCANNING : QUESS
circuit : 0.66%  2021-12-21T11:05:00+0530
adx : 18.2  aroonosc : 14.29
-----------------------------------------------
11:08:22 : SCANNING : RADICO
circuit : 0.42%  2021-12-21T11:05:00+0530
adx : 19.42  aroonosc : -14.29
-----------------------------------------------
11:08:22 : SCANNING : RAIN
circuit : -0.76%  2021-12-21T11:05:00+0530
adx : 12.09  aroonosc : 28.57
-----------------------------------------------
11:08:22 : SCANNING : RAJESHEXPO
circuit : -0.06%  2021-12-21T11:05:00+0530
adx : 8.15  aroonosc : -28.57
-----------------------------------------------
11:08:23 : SCANNING : RALLIS
circuit : 0.12%  2021-12-21T11:05:00+0530
adx : 10.55  aroonosc : -35.71
-----------------------------------------------
11:08:23 : SCANNING : RAMCOCEM
circuit : 1.85%  2021-12-21T11:05:00+0530
adx : 24.31  aroonosc : 78.57
-----------------------------------------------
11:08:23 : SCANNING : RATNAMANI
circuit : 2.71%  2021-12-21T11:05:00+0530
adx : 34.95  aroonosc : -78.57
-----------------------------------------------
11:08:24 : SCANNING : RAYMOND
circuit : 0.53%  2021-12-21T11:05:00+0530
adx : 32.93  aroonosc : 42.86
-----------------------------------------------
11:08:24 : SCANNING : RBLBANK
circuit : 0.09%  2021-12-21T11:05:00+0530
adx : 21.83  aroonosc : 35.71
-----------------------------------------------
11:08:24 : SCANNING : RCF
circuit : 1.46%  2021-12-21T11:05:00+0530
adx : 29.31  aroonosc : 42.86
-----------------------------------------------
11:08:25 : SCANNING : RECLTD
circuit : 0.86%  2021-12-21T11:05:00+0530
adx : 42.66  aroonosc : 35.71
-----------------------------------------------
11:08:25 : SCANNING : REDINGTON
circuit : 0.62%  2021-12-21T11:05:00+0530
adx : 14.97  aroonosc : -21.43
-----------------------------------------------
11:08:26 : SCANNING : RELAXO
circuit : 2.45%  2021-12-21T11:05:00+0530
adx : 31.67  aroonosc : -42.86
-----------------------------------------------
11:08:26 : SCANNING : RELIANCE
circuit : 0.49%  2021-12-21T11:05:00+0530
adx : 51.82  aroonosc : 57.14
-----------------------------------------------
11:08:26 : SCANNING : RESPONIND
circuit : 2.43%  2021-12-21T11:05:00+0530
adx : 21.33  aroonosc : 0.0
-----------------------------------------------
11:08:27 : SCANNING : RHIM
circuit : 1.06%  2021-12-21T11:05:00+0530
adx : 34.34  aroonosc : 21.43
-----------------------------------------------
11:08:27 : SCANNING : RITES
circuit : -1.36%  2021-12-21T11:05:00+0530
adx : 18.57  aroonosc : -28.57
-----------------------------------------------
11:08:27 : SCANNING : ROSSARI
circuit : 0.34%  2021-12-21T11:05:00+0530
adx : 24.18  aroonosc : -28.57
-----------------------------------------------
11:08:28 : SCANNING : ROUTE
circuit : 0.99%  2021-12-21T11:05:00+0530
adx : 15.49  aroonosc : -14.29
-----------------------------------------------
11:08:28 : SCANNING : RVNL
circuit : 0.89%  2021-12-21T11:05:00+0530
adx : 48.52  aroonosc : -35.71
-----------------------------------------------
11:08:29 : SCANNING : SAIL
circuit : 1.77%  2021-12-21T11:05:00+0530
adx : 31.25  aroonosc : -42.86
-----------------------------------------------
11:08:29 : SCANNING : SANOFI
circuit : 0.04%  2021-12-21T11:05:00+0530
adx : 29.06  aroonosc : 64.29
-----------------------------------------------
11:08:29 : SCANNING : SBICARD
circuit : 0.68%  2021-12-21T11:05:00+0530
adx : 43.17  aroonosc : 57.14
-----------------------------------------------
11:08:30 : SCANNING : SBILIFE
circuit : -0.47%  2021-12-21T11:05:00+0530
adx : 17.14  aroonosc : 85.71
-----------------------------------------------
11:08:30 : SCANNING : SBIN
circuit : -0.26%  2021-12-21T11:05:00+0530
adx : 33.45  aroonosc : 71.43
-----------------------------------------------
11:08:30 : SCANNING : SCHAEFFLER
circuit : 2.23%  2021-12-21T11:05:00+0530
adx : 50.07  aroonosc : 28.57
-----------------------------------------------
11:08:30 : SCANNING : SCHNEIDER
circuit : -2.04%  2021-12-21T11:05:00+0530
adx : 16.66  aroonosc : -71.43
-----------------------------------------------
11:08:31 : SCANNING : SCI
circuit : 1.87%  2021-12-21T11:05:00+0530
adx : 19.49  aroonosc : 92.86
-----------------------------------------------
11:08:31 : SCANNING : SEQUENT
circuit : 1.06%  2021-12-21T11:05:00+0530
adx : 22.88  aroonosc : 78.57
-----------------------------------------------
11:08:32 : SCANNING : SFL
circuit : 1.75%  2021-12-21T11:05:00+0530
adx : 27.84  aroonosc : 42.86
-----------------------------------------------
11:08:32 : SCANNING : SHARDACROP
circuit : -2.88%  2021-12-21T11:05:00+0530
adx : 22.63  aroonosc : -28.57
-----------------------------------------------
11:08:32 : SCANNING : SHILPAMED
circuit : 3.53%  2021-12-21T11:05:00+0530
adx : 57.12  aroonosc : 85.71
-----------------------------------------------
11:08:33 : SCANNING : SHOPERSTOP
circuit : 1.99%  2021-12-21T11:05:00+0530
adx : 15.23  aroonosc : 64.29
-----------------------------------------------
11:08:33 : SCANNING : SHREECEM
circuit : 2.26%  2021-12-21T11:05:00+0530
adx : 47.58  aroonosc : 92.86
-----------------------------------------------
11:08:33 : SCANNING : SHRIRAMCIT
circuit : -1.72%  2021-12-21T11:05:00+0530
adx : 13.65  aroonosc : 71.43
-----------------------------------------------
11:08:34 : SCANNING : SIEMENS
circuit : 0.66%  2021-12-21T11:05:00+0530
adx : 35.03  aroonosc : 57.14
-----------------------------------------------
11:08:34 : SCANNING : SIS
circuit : 0.68%  2021-12-21T11:05:00+0530
adx : 52.38  aroonosc : 85.71
-----------------------------------------------
11:08:34 : SCANNING : SJVN
circuit : 0.9%  2021-12-21T11:05:00+0530
adx : 31.08  aroonosc : 78.57
-----------------------------------------------
11:08:35 : SCANNING : SKFINDIA
circuit : -0.26%  2021-12-21T11:05:00+0530
adx : 10.49  aroonosc : -42.86
-----------------------------------------------
11:08:35 : SCANNING : SOBHA
circuit : 1.98%  2021-12-21T11:05:00+0530
adx : 24.71  aroonosc : 85.71
-----------------------------------------------
11:08:36 : SCANNING : SOLARA
circuit : -0.17%  2021-12-21T11:05:00+0530
adx : 23.81  aroonosc : -85.71
-----------------------------------------------
11:08:36 : SCANNING : SOLARINDS
circuit : -0.66%  2021-12-21T11:05:00+0530
adx : 23.42  aroonosc : -78.57
-----------------------------------------------
11:08:36 : SCANNING : SONATSOFTW
circuit : 2.35%  2021-12-21T11:05:00+0530
adx : 33.2  aroonosc : 7.14
-----------------------------------------------
11:08:37 : SCANNING : SPANDANA
circuit : -0.22%  2021-12-21T11:05:00+0530
adx : 23.52  aroonosc : -7.14
-----------------------------------------------
11:08:37 : SCANNING : SPARC
circuit : 1.17%  2021-12-21T11:05:00+0530
adx : 12.5  aroonosc : -85.71
-----------------------------------------------
11:08:37 : SCANNING : SPICEJET
circuit : 0.23%  2021-12-21T11:05:00+0530
adx : 23.75  aroonosc : 28.57
-----------------------------------------------
11:08:38 : SCANNING : SRF
circuit : 1.62%  2021-12-21T11:05:00+0530
adx : 38.26  aroonosc : 85.71
-----------------------------------------------
11:08:38 : SCANNING : SRTRANSFIN
circuit : -1.51%  2021-12-21T11:05:00+0530
adx : 24.73  aroonosc : 71.43
-----------------------------------------------
11:08:38 : SCANNING : STAR
circuit : -0.92%  2021-12-21T11:05:00+0530
adx : 10.28  aroonosc : 35.71
-----------------------------------------------
11:08:39 : SCANNING : STARCEMENT
circuit : 0.32%  2021-12-21T11:05:00+0530
adx : 15.06  aroonosc : 71.43
-----------------------------------------------
11:08:39 : SCANNING : STLTECH
circuit : 0.95%  2021-12-21T11:05:00+0530
adx : 27.63  aroonosc : 0.0
-----------------------------------------------
11:08:39 : SCANNING : SUDARSCHEM
circuit : 1.29%  2021-12-21T11:05:00+0530
adx : 35.22  aroonosc : 42.86
-----------------------------------------------
11:08:40 : SCANNING : SUMICHEM
circuit : 0.87%  2021-12-21T11:05:00+0530
adx : 14.61  aroonosc : -14.29
-----------------------------------------------
11:08:40 : SCANNING : SUNCLAYLTD
circuit : 0.89%  2021-12-21T11:05:00+0530
adx : 16.4  aroonosc : -50.0
-----------------------------------------------
11:08:40 : SCANNING : SUNDARMFIN
circuit : -0.53%  2021-12-21T11:05:00+0530
adx : 29.18  aroonosc : 0.0
-----------------------------------------------
11:08:41 : SCANNING : SUNDRMFAST
circuit : -2.07%  2021-12-21T11:05:00+0530
adx : 16.8  aroonosc : 14.29
-----------------------------------------------
11:08:41 : SCANNING : SUNPHARMA
circuit : 2.22%  2021-12-21T11:05:00+0530
adx : 41.72  aroonosc : 14.29
-----------------------------------------------
11:08:42 : SCANNING : SUNTECK
circuit : 0.75%  2021-12-21T11:05:00+0530
adx : 24.91  aroonosc : -100.0
-----------------------------------------------
11:08:42 : SCANNING : SUNTV
circuit : 0.54%  2021-12-21T11:05:00+0530
adx : 31.03  aroonosc : 85.71
-----------------------------------------------
11:08:42 : SCANNING : SUPPETRO
circuit : 1.16%  2021-12-21T11:05:00+0530
adx : 27.69  aroonosc : -71.43
-----------------------------------------------
11:08:43 : SCANNING : SUPRAJIT
circuit : 2.38%  2021-12-21T11:05:00+0530
adx : 46.84  aroonosc : 85.71
-----------------------------------------------
11:08:43 : SCANNING : SUPREMEIND
circuit : 3.2%  2021-12-21T11:05:00+0530
adx : 61.6  aroonosc : -21.43
-----------------------------------------------
11:08:43 : SCANNING : SUVENPHAR
circuit : 1.26%  2021-12-21T11:05:00+0530
adx : 13.89  aroonosc : 57.14
-----------------------------------------------
11:08:44 : SCANNING : SUZLON
circuit : 2.05%  2021-12-21T11:05:00+0530
adx : 36.14  aroonosc : 64.29
-----------------------------------------------
11:08:44 : SCANNING : SWANENERGY
circuit : 1.99%  2021-12-21T11:05:00+0530
adx : 26.08  aroonosc : 28.57
-----------------------------------------------
11:08:44 : SCANNING : SWSOLAR
circuit : 0.14%  2021-12-21T11:05:00+0530
adx : 13.18  aroonosc : -85.71
-----------------------------------------------
11:08:45 : SCANNING : SYMPHONY
circuit : 0.66%  2021-12-21T11:05:00+0530
adx : 34.38  aroonosc : 78.57
-----------------------------------------------
11:08:45 : SCANNING : SYNGENE
circuit : 0.45%  2021-12-21T11:05:00+0530
adx : 32.2  aroonosc : 42.86
-----------------------------------------------
11:08:45 : SCANNING : TASTYBITE
circuit : -0.92%  2021-12-21T11:05:00+0530
adx : 25.63  aroonosc : 85.71
-----------------------------------------------
11:08:46 : SCANNING : TATACHEM
circuit : 1.57%  2021-12-21T11:05:00+0530
adx : 37.46  aroonosc : 35.71
-----------------------------------------------
11:08:46 : SCANNING : TATACOFFEE
circuit : 1.07%  2021-12-21T11:05:00+0530
adx : 21.93  aroonosc : -50.0
-----------------------------------------------
11:08:46 : SCANNING : TATACOMM
circuit : 0.01%  2021-12-21T11:05:00+0530
adx : 16.24  aroonosc : 85.71
-----------------------------------------------
11:08:47 : SCANNING : TATACONSUM
circuit : 1.7%  2021-12-21T11:05:00+0530
adx : 47.29  aroonosc : 71.43
-----------------------------------------------
11:08:47 : SCANNING : TATAELXSI
circuit : -0.04%  2021-12-21T11:05:00+0530
adx : 11.26  aroonosc : 42.86
-----------------------------------------------
11:08:47 : SCANNING : TATAINVEST
circuit : 0.58%  2021-12-21T11:05:00+0530
adx : 32.34  aroonosc : 64.29
-----------------------------------------------
11:08:48 : SCANNING : TATAMOTORS
circuit : 1.08%  2021-12-21T11:05:00+0530
adx : 29.99  aroonosc : 50.0
-----------------------------------------------
11:08:48 : SCANNING : TATAPOWER
circuit : 0.54%  2021-12-21T11:05:00+0530
adx : 35.3  aroonosc : 42.86
-----------------------------------------------
11:08:48 : SCANNING : TATASTEEL
circuit : 2.13%  2021-12-21T11:05:00+0530
adx : 45.84  aroonosc : 64.29
-----------------------------------------------
11:08:49 : SCANNING : TCIEXP
circuit : 5.22%  2021-12-21T11:05:00+0530
adx : 30.56  aroonosc : 100.0
-----------------------------------------------
11:08:49 : SCANNING : TCNSBRANDS
circuit : 2.38%  2021-12-21T11:05:00+0530
adx : 13.17  aroonosc : 0.0
-----------------------------------------------
11:08:49 : SCANNING : TCS
circuit : 1.2%  2021-12-21T11:05:00+0530
adx : 47.15  aroonosc : 50.0
-----------------------------------------------
11:08:50 : SCANNING : TEAMLEASE
circuit : 0.41%  2021-12-21T11:05:00+0530
adx : 10.07  aroonosc : -14.29
-----------------------------------------------
11:08:50 : SCANNING : TECHM
circuit : 2.65%  2021-12-21T11:05:00+0530
adx : 35.9  aroonosc : 71.43
-----------------------------------------------
11:08:50 : SCANNING : THERMAX
circuit : 1.64%  2021-12-21T11:05:00+0530
adx : 32.52  aroonosc : 78.57
-----------------------------------------------
11:08:51 : SCANNING : THYROCARE
circuit : -1.11%  2021-12-21T11:05:00+0530
adx : 17.94  aroonosc : -57.14
-----------------------------------------------
11:08:51 : SCANNING : TIINDIA
circuit : 0.39%  2021-12-21T11:05:00+0530
adx : 20.61  aroonosc : 50.0
-----------------------------------------------
11:08:51 : SCANNING : TIMKEN
circuit : 2.3%  2021-12-21T11:05:00+0530
adx : 46.74  aroonosc : 57.14
-----------------------------------------------
11:08:52 : SCANNING : TITAN
circuit : 1.99%  2021-12-21T11:05:00+0530
adx : 42.83  aroonosc : 78.57
-----------------------------------------------
11:08:52 : SCANNING : TORNTPHARM
circuit : 0.82%  2021-12-21T11:05:00+0530
adx : 25.61  aroonosc : -57.14
-----------------------------------------------
11:08:52 : SCANNING : TORNTPOWER
circuit : 0.19%  2021-12-21T11:05:00+0530
adx : 25.16  aroonosc : -7.14
-----------------------------------------------
11:08:53 : SCANNING : TRENT
circuit : 0.14%  2021-12-21T11:05:00+0530
adx : 28.67  aroonosc : 28.57
-----------------------------------------------
11:08:53 : SCANNING : TRIDENT
circuit : 5.14%  2021-12-21T11:05:00+0530
adx : 14.8  aroonosc : -42.86
-----------------------------------------------
11:08:53 : SCANNING : TRITURBINE
circuit : -1.63%  2021-12-21T11:05:00+0530
adx : 46.05  aroonosc : -71.43
-----------------------------------------------
11:08:54 : SCANNING : TTKPRESTIG
circuit : 1.88%  2021-12-21T11:05:00+0530
adx : 17.44  aroonosc : -71.43
-----------------------------------------------
11:08:54 : SCANNING : TV18BRDCST
circuit : 0.67%  2021-12-21T11:05:00+0530
adx : 12.32  aroonosc : 57.14
-----------------------------------------------
11:08:54 : SCANNING : TVSMOTOR
circuit : 1.16%  2021-12-21T11:05:00+0530
adx : 41.26  aroonosc : 57.14
-----------------------------------------------
11:08:55 : SCANNING : UBL
circuit : 1.92%  2021-12-21T11:05:00+0530
adx : 28.89  aroonosc : 0.0
-----------------------------------------------
11:08:55 : SCANNING : UCOBANK
circuit : 1.18%  2021-12-21T11:05:00+0530
adx : 48.58  aroonosc : 64.29
-----------------------------------------------
11:08:56 : SCANNING : UFLEX
circuit : -1.64%  2021-12-21T11:05:00+0530
adx : 36.56  aroonosc : 42.86
-----------------------------------------------
11:08:56 : SCANNING : UJJIVAN
circuit : -0.5%  2021-12-21T11:05:00+0530
adx : 18.71  aroonosc : -21.43
-----------------------------------------------
11:08:56 : SCANNING : UJJIVANSFB
circuit : -0.27%  2021-12-21T11:05:00+0530
adx : 27.13  aroonosc : -14.29
-----------------------------------------------
11:08:57 : SCANNING : ULTRACEMCO
circuit : 0.86%  2021-12-21T11:05:00+0530
adx : 30.83  aroonosc : 78.57
-----------------------------------------------
11:08:57 : SCANNING : UNIONBANK
circuit : 1.3%  2021-12-21T11:05:00+0530
adx : 9.71  aroonosc : -21.43
-----------------------------------------------
11:08:57 : SCANNING : UPL
circuit : 1.65%  2021-12-21T11:05:00+0530
adx : 45.21  aroonosc : 78.57
-----------------------------------------------
11:08:58 : SCANNING : UTIAMC
circuit : 1.54%  2021-12-21T11:05:00+0530
adx : 12.26  aroonosc : -42.86
-----------------------------------------------
11:08:58 : SCANNING : VAIBHAVGBL
circuit : -0.16%  2021-12-21T11:05:00+0530
adx : 23.6  aroonosc : 57.14
-----------------------------------------------
11:08:59 : SCANNING : VAKRANGEE
circuit : 1.69%  2021-12-21T11:05:00+0530
adx : 33.79  aroonosc : 35.71
-----------------------------------------------
11:08:59 : SCANNING : VALIANTORG
circuit : 0.91%  2021-12-21T11:05:00+0530
adx : 16.55  aroonosc : 57.14
-----------------------------------------------
11:08:59 : SCANNING : VARROC
circuit : 2.56%  2021-12-21T11:05:00+0530
adx : 27.17  aroonosc : 42.86
-----------------------------------------------
11:08:59 : SCANNING : VBL
circuit : 0.59%  2021-12-21T11:05:00+0530
adx : 12.07  aroonosc : 28.57
-----------------------------------------------
11:09:00 : SCANNING : VEDL
circuit : 1.95%  2021-12-21T11:05:00+0530
adx : 60.93  aroonosc : 64.29
-----------------------------------------------
11:09:00 : SCANNING : VENKEYS
circuit : -0.29%  2021-12-21T11:05:00+0530
adx : 27.55  aroonosc : 50.0
-----------------------------------------------
11:09:00 : SCANNING : VGUARD
circuit : -0.2%  2021-12-21T11:05:00+0530
adx : 12.17  aroonosc : -92.86
-----------------------------------------------
11:09:01 : SCANNING : VINATIORGA
circuit : -3.36%  2021-12-21T11:05:00+0530
adx : 24.05  aroonosc : -100.0
-----------------------------------------------
11:09:01 : SCANNING : VIPIND
circuit : 4.43%  2021-12-21T11:05:00+0530
adx : 33.19  aroonosc : 100.0
-----------------------------------------------
11:09:02 : SCANNING : VMART
circuit : -0.52%  2021-12-21T11:05:00+0530
adx : 19.93  aroonosc : 100.0
-----------------------------------------------
11:09:02 : SCANNING : VOLTAS
circuit : 0.74%  2021-12-21T11:05:00+0530
adx : 36.12  aroonosc : 7.14
-----------------------------------------------
11:09:02 : SCANNING : VSTIND
circuit : -0.06%  2021-12-21T11:05:00+0530
adx : 15.8  aroonosc : -57.14
-----------------------------------------------
11:09:03 : SCANNING : VTL
circuit : 6.88%  2021-12-21T11:05:00+0530
adx : 46.66  aroonosc : 71.43
-----------------------------------------------
11:09:03 : SCANNING : WABCOINDIA
circuit : 0.31%  2021-12-21T11:05:00+0530
adx : 11.16  aroonosc : -92.86
-----------------------------------------------
11:09:03 : SCANNING : WELCORP
circuit : 2.98%  2021-12-21T11:05:00+0530
adx : 36.99  aroonosc : -42.86
-----------------------------------------------
11:09:04 : SCANNING : WELSPUNIND
circuit : 1.14%  2021-12-21T11:05:00+0530
adx : 22.37  aroonosc : -100.0
-----------------------------------------------
11:09:04 : SCANNING : WESTLIFE
circuit : 0.42%  2021-12-21T11:05:00+0530
adx : 25.76  aroonosc : 100.0
-----------------------------------------------
11:09:05 : SCANNING : WHIRLPOOL
circuit : 0.91%  2021-12-21T11:05:00+0530
adx : 13.14  aroonosc : -92.86
-----------------------------------------------
11:09:05 : SCANNING : WIPRO
circuit : 1.53%  2021-12-21T11:05:00+0530
adx : 57.44  aroonosc : 21.43
-----------------------------------------------
11:09:05 : SCANNING : WOCKPHARMA
circuit : -0.06%  2021-12-21T11:05:00+0530
adx : 16.06  aroonosc : -71.43
-----------------------------------------------
11:09:06 : SCANNING : YESBANK
-----------------------------------------------
11:09:06 : SCANNING : ZEEL
circuit : 3.34%  2021-12-21T11:05:00+0530
adx : 33.27  aroonosc : 100.0
-----------------------------------------------
11:09:06 : SCANNING : ZENSARTECH
circuit : 3.52%  2021-12-21T11:05:00+0530
adx : 45.91  aroonosc : 7.14
-----------------------------------------------
11:09:07 : SCANNING : ZYDUSWELL
circuit : -0.93%  2021-12-21T11:05:00+0530
adx : 38.28  aroonosc : 78.57
-----------------------------------------------
11:09:08 : SCANNING : PAYTM
circuit : 1.47%  2021-12-21T11:05:00+0530
adx : 18.33  aroonosc : -78.57
-----------------------------------------------
===================================================
11:09:08 : END
===================================================
Start Time     : 2021-12-21 11:06:02.203646
End Time       : 2021-12-21 11:09:08.023614
Time Taken     : 3.0
===================================================
