===================================================
11:02:02 : START
===================================================
11:02:02 : PROCESSING INSTRUMENTS SYMBOLS
-----------------------------------------------
11:02:03 : SCANNING : 3MINDIA
circuit : -0.18%  2021-12-21T11:00:00+0530
adx : 28.24  aroonosc : 42.86
-----------------------------------------------
11:02:03 : SCANNING : AARTIDRUGS
circuit : 0.33%  2021-12-21T11:00:00+0530
adx : 12.15  aroonosc : 21.43
-----------------------------------------------
11:02:03 : SCANNING : AARTIIND
circuit : 1.36%  2021-12-21T11:00:00+0530
adx : 38.99  aroonosc : 50.0
-----------------------------------------------
11:02:04 : SCANNING : AAVAS
circuit : 1.42%  2021-12-21T11:00:00+0530
adx : 56.45  aroonosc : 100.0
-----------------------------------------------
11:02:04 : SCANNING : ABB
circuit : 1.18%  2021-12-21T11:00:00+0530
adx : 18.92  aroonosc : 42.86
-----------------------------------------------
11:02:05 : SCANNING : ABBOTINDIA
circuit : -0.12%  2021-12-21T11:00:00+0530
adx : 30.12  aroonosc : 50.0
-----------------------------------------------
11:02:05 : SCANNING : ABCAPITAL
circuit : 2.77%  2021-12-21T11:00:00+0530
adx : 31.8  aroonosc : -28.57
-----------------------------------------------
11:02:05 : SCANNING : ABFRL
circuit : 3.01%  2021-12-21T11:00:00+0530
adx : 41.95  aroonosc : 14.29
-----------------------------------------------
11:02:06 : SCANNING : ACC
circuit : 1.51%  2021-12-21T11:00:00+0530
adx : 46.62  aroonosc : 85.71
-----------------------------------------------
11:02:06 : SCANNING : ADANIENT
circuit : 0.64%  2021-12-21T11:00:00+0530
adx : 41.58  aroonosc : 42.86
-----------------------------------------------
11:02:07 : SCANNING : ADANIGREEN
circuit : -0.12%  2021-12-21T11:00:00+0530
adx : 22.93  aroonosc : -92.86
-----------------------------------------------
11:02:07 : SCANNING : ADANIPORTS
circuit : -0.7%  2021-12-21T11:00:00+0530
adx : 19.05  aroonosc : -28.57
-----------------------------------------------
11:02:08 : SCANNING : ADVENZYMES
circuit : 1.07%  2021-12-21T11:00:00+0530
adx : 20.54  aroonosc : 14.29
-----------------------------------------------
11:02:08 : SCANNING : AEGISCHEM
circuit : -2.07%  2021-12-21T11:00:00+0530
adx : 38.0  aroonosc : 64.29
-----------------------------------------------
11:02:09 : SCANNING : AFFLE
circuit : 1.0%  2021-12-21T11:00:00+0530
adx : 13.8  aroonosc : -21.43
-----------------------------------------------
11:02:09 : SCANNING : AIAENG
circuit : -0.48%  2021-12-21T11:00:00+0530
adx : 14.22  aroonosc : -71.43
-----------------------------------------------
11:02:09 : SCANNING : AJANTPHARM
circuit : -0.61%  2021-12-21T11:00:00+0530
adx : 16.31  aroonosc : 71.43
-----------------------------------------------
11:02:10 : SCANNING : AKZOINDIA
circuit : -1.34%  2021-12-21T11:00:00+0530
adx : 35.53  aroonosc : -71.43
-----------------------------------------------
11:02:10 : SCANNING : ALEMBICLTD
circuit : -0.41%  2021-12-21T11:00:00+0530
adx : 12.08  aroonosc : -7.14
-----------------------------------------------
11:02:11 : SCANNING : ALKEM
circuit : 0.54%  2021-12-21T11:00:00+0530
adx : 10.86  aroonosc : -35.71
-----------------------------------------------
11:02:11 : SCANNING : ALKYLAMINE
circuit : -1.78%  2021-12-21T11:00:00+0530
adx : 47.95  aroonosc : -14.29
-----------------------------------------------
11:02:11 : SCANNING : ALOKINDS
circuit : 1.97%  2021-12-21T11:00:00+0530
adx : 38.44  aroonosc : 7.14
-----------------------------------------------
11:02:12 : SCANNING : AMARAJABAT
circuit : 0.39%  2021-12-21T11:00:00+0530
adx : 36.66  aroonosc : 64.29
-----------------------------------------------
11:02:12 : SCANNING : AMBER
circuit : 2.89%  2021-12-21T11:00:00+0530
adx : 41.0  aroonosc : 50.0
-----------------------------------------------
11:02:12 : SCANNING : AMBUJACEM
circuit : 2.58%  2021-12-21T11:00:00+0530
adx : 50.79  aroonosc : 92.86
-----------------------------------------------
11:02:13 : SCANNING : ANGELBRKG
circuit : 2.2%  2021-12-21T11:00:00+0530
adx : 37.98  aroonosc : 50.0
-----------------------------------------------
11:02:13 : SCANNING : APLAPOLLO
circuit : 2.73%  2021-12-21T11:00:00+0530
adx : 16.58  aroonosc : 57.14
-----------------------------------------------
11:02:14 : SCANNING : APLLTD
circuit : -1.22%  2021-12-21T11:00:00+0530
adx : 42.93  aroonosc : -92.86
-----------------------------------------------
11:02:15 : SCANNING : APOLLOHOSP
circuit : -0.75%  2021-12-21T11:00:00+0530
adx : 26.05  aroonosc : 28.57
-----------------------------------------------
11:02:15 : SCANNING : APOLLOTYRE
circuit : 0.47%  2021-12-21T11:00:00+0530
adx : 20.05  aroonosc : 50.0
-----------------------------------------------
11:02:15 : SCANNING : ASAHIINDIA
circuit : -1.2%  2021-12-21T11:00:00+0530
adx : 31.08  aroonosc : -35.71
-----------------------------------------------
11:02:16 : SCANNING : ASHOKA
circuit : 0.22%  2021-12-21T11:00:00+0530
adx : 17.12  aroonosc : -28.57
-----------------------------------------------
11:02:16 : SCANNING : ASHOKLEY
circuit : 2.17%  2021-12-21T11:00:00+0530
adx : 46.32  aroonosc : 64.29
-----------------------------------------------
11:02:17 : SCANNING : ASIANPAINT
circuit : 1.2%  2021-12-21T11:00:00+0530
adx : 43.85  aroonosc : 100.0
-----------------------------------------------
11:02:17 : SCANNING : ASTERDM
circuit : -0.37%  2021-12-21T11:00:00+0530
adx : 39.59  aroonosc : 71.43
-----------------------------------------------
11:02:18 : SCANNING : ASTRAL
circuit : -1.74%  2021-12-21T11:00:00+0530
adx : 16.92  aroonosc : -7.14
-----------------------------------------------
11:02:18 : SCANNING : ASTRAZEN
circuit : -0.69%  2021-12-21T11:00:00+0530
adx : 24.59  aroonosc : -42.86
-----------------------------------------------
11:02:19 : SCANNING : ATUL
circuit : 0.18%  2021-12-21T11:00:00+0530
adx : 24.81  aroonosc : 85.71
-----------------------------------------------
11:02:19 : SCANNING : AUBANK
circuit : 4.14%  2021-12-21T11:00:00+0530
adx : 52.52  aroonosc : 57.14
-----------------------------------------------
11:02:20 : SCANNING : AUROPHARMA
circuit : -0.43%  2021-12-21T11:00:00+0530
adx : 25.36  aroonosc : 35.71
-----------------------------------------------
11:02:20 : SCANNING : AVANTIFEED
circuit : -0.88%  2021-12-21T11:00:00+0530
adx : 38.59  aroonosc : -92.86
-----------------------------------------------
11:02:21 : SCANNING : AXISBANK
circuit : -0.86%  2021-12-21T11:00:00+0530
adx : 20.17  aroonosc : 100.0
-----------------------------------------------
11:02:21 : SCANNING : BAJAJ-AUTO
circuit : 0.84%  2021-12-21T11:00:00+0530
adx : 45.0  aroonosc : 42.86
-----------------------------------------------
11:02:22 : SCANNING : BAJAJCON
circuit : 0.05%  2021-12-21T11:00:00+0530
adx : 19.69  aroonosc : 7.14
-----------------------------------------------
11:02:22 : SCANNING : BAJAJELEC
circuit : -0.74%  2021-12-21T11:00:00+0530
adx : 19.0  aroonosc : -64.29
-----------------------------------------------
11:02:23 : SCANNING : BAJAJFINSV
circuit : -0.92%  2021-12-21T11:00:00+0530
adx : 39.78  aroonosc : 57.14
-----------------------------------------------
11:02:23 : SCANNING : BAJAJHLDNG
circuit : -0.16%  2021-12-21T11:00:00+0530
adx : 13.51  aroonosc : -21.43
-----------------------------------------------
11:02:24 : SCANNING : BAJFINANCE
circuit : -0.16%  2021-12-21T11:00:00+0530
adx : 30.58  aroonosc : 14.29
-----------------------------------------------
11:02:24 : SCANNING : BALAMINES
circuit : 0.25%  2021-12-21T11:00:00+0530
adx : 10.61  aroonosc : 71.43
-----------------------------------------------
11:02:25 : SCANNING : BALKRISIND
circuit : -0.92%  2021-12-21T11:00:00+0530
adx : 15.08  aroonosc : 42.86
-----------------------------------------------
11:02:25 : SCANNING : BALMLAWRIE
circuit : 1.32%  2021-12-21T11:00:00+0530
adx : 32.74  aroonosc : 78.57
-----------------------------------------------
11:02:26 : SCANNING : BALRAMCHIN
circuit : 1.88%  2021-12-21T11:00:00+0530
adx : 44.05  aroonosc : 14.29
-----------------------------------------------
11:02:26 : SCANNING : BANDHANBNK
circuit : 0.3%  2021-12-21T11:00:00+0530
adx : 22.86  aroonosc : -21.43
-----------------------------------------------
11:02:27 : SCANNING : BANKBARODA
circuit : 0.8%  2021-12-21T11:00:00+0530
adx : 12.63  aroonosc : -28.57
-----------------------------------------------
11:02:27 : SCANNING : BANKINDIA
circuit : 1.39%  2021-12-21T11:00:00+0530
adx : 46.19  aroonosc : 14.29
-----------------------------------------------
11:02:28 : SCANNING : BASF
circuit : 0.29%  2021-12-21T11:00:00+0530
adx : 32.77  aroonosc : -71.43
-----------------------------------------------
11:02:28 : SCANNING : BATAINDIA
circuit : 0.92%  2021-12-21T11:00:00+0530
adx : 21.26  aroonosc : -57.14
-----------------------------------------------
11:02:29 : SCANNING : BAYERCROP
circuit : -1.91%  2021-12-21T11:00:00+0530
adx : 20.63  aroonosc : -92.86
-----------------------------------------------
11:02:29 : SCANNING : BBTC
circuit : 0.09%  2021-12-21T11:00:00+0530
adx : 22.45  aroonosc : 14.29
-----------------------------------------------
11:02:30 : SCANNING : BDL
circuit : 0.83%  2021-12-21T11:00:00+0530
adx : 31.92  aroonosc : -85.71
-----------------------------------------------
11:02:30 : SCANNING : BEL
circuit : 1.33%  2021-12-21T11:00:00+0530
adx : 35.16  aroonosc : 64.29
-----------------------------------------------
11:02:31 : SCANNING : BEML
circuit : 1.52%  2021-12-21T11:00:00+0530
adx : 39.1  aroonosc : -100.0
-----------------------------------------------
11:02:31 : SCANNING : BERGEPAINT
circuit : 0.5%  2021-12-21T11:00:00+0530
adx : 36.52  aroonosc : 50.0
-----------------------------------------------
11:02:31 : SCANNING : BHARATFORG
circuit : 1.13%  2021-12-21T11:00:00+0530
adx : 23.22  aroonosc : 57.14
-----------------------------------------------
11:02:32 : SCANNING : BHARATRAS
circuit : 2.12%  2021-12-21T11:00:00+0530
adx : 40.02  aroonosc : 85.71
-----------------------------------------------
11:02:32 : SCANNING : BHARTIARTL
circuit : 0.41%  2021-12-21T11:00:00+0530
adx : 33.32  aroonosc : 28.57
-----------------------------------------------
11:02:33 : SCANNING : BHEL
circuit : 0.69%  2021-12-21T11:00:00+0530
adx : 17.51  aroonosc : 42.86
-----------------------------------------------
11:02:33 : SCANNING : BIOCON
circuit : 0.34%  2021-12-21T11:00:00+0530
adx : 10.89  aroonosc : 57.14
-----------------------------------------------
11:02:33 : SCANNING : BIRLACORPN
circuit : 2.81%  2021-12-21T11:00:00+0530
adx : 24.05  aroonosc : 35.71
-----------------------------------------------
11:02:34 : SCANNING : BLISSGVS
circuit : 1.16%  2021-12-21T11:00:00+0530
adx : 25.61  aroonosc : 100.0
-----------------------------------------------
11:02:34 : SCANNING : BLUEDART
circuit : 1.12%  2021-12-21T11:00:00+0530
adx : 32.5  aroonosc : -71.43
-----------------------------------------------
11:02:35 : SCANNING : BLUESTARCO
circuit : -1.58%  2021-12-21T11:00:00+0530
adx : 21.51  aroonosc : 35.71
-----------------------------------------------
11:02:35 : SCANNING : BOSCHLTD
circuit : 3.47%  2021-12-21T11:00:00+0530
adx : 56.94  aroonosc : 14.29
-----------------------------------------------
11:02:35 : SCANNING : BPCL
circuit : -0.55%  2021-12-21T11:00:00+0530
adx : 21.19  aroonosc : 71.43
-----------------------------------------------
11:02:36 : SCANNING : BRIGADE
circuit : 3.16%  2021-12-21T11:00:00+0530
adx : 33.27  aroonosc : -14.29
-----------------------------------------------
11:02:36 : SCANNING : BRITANNIA
circuit : 1.53%  2021-12-21T11:00:00+0530
adx : 36.75  aroonosc : 78.57
-----------------------------------------------
11:02:37 : SCANNING : BSE
circuit : -1.11%  2021-12-21T11:00:00+0530
adx : 11.48  aroonosc : -71.43
-----------------------------------------------
11:02:37 : SCANNING : BSOFT
circuit : 0.16%  2021-12-21T11:00:00+0530
adx : 31.89  aroonosc : 64.29
-----------------------------------------------
11:02:38 : SCANNING : BURGERKING
circuit : 0.77%  2021-12-21T11:00:00+0530
adx : 24.39  aroonosc : -85.71
-----------------------------------------------
11:02:38 : SCANNING : CADILAHC
circuit : 0.95%  2021-12-21T11:00:00+0530
adx : 41.48  aroonosc : 78.57
-----------------------------------------------
11:02:39 : SCANNING : CAMS
circuit : -0.26%  2021-12-21T11:00:00+0530
adx : 21.3  aroonosc : -21.43
-----------------------------------------------
11:02:39 : SCANNING : CANBK
circuit : 0.31%  2021-12-21T11:00:00+0530
adx : 22.3  aroonosc : -28.57
-----------------------------------------------
11:02:40 : SCANNING : CANFINHOME
circuit : 0.54%  2021-12-21T11:00:00+0530
adx : 22.7  aroonosc : 50.0
-----------------------------------------------
11:02:40 : SCANNING : CAPLIPOINT
circuit : 0.6%  2021-12-21T11:00:00+0530
adx : 24.65  aroonosc : -28.57
-----------------------------------------------
11:02:40 : SCANNING : CARBORUNIV
circuit : 1.58%  2021-12-21T11:00:00+0530
adx : 14.14  aroonosc : 50.0
-----------------------------------------------
11:02:41 : SCANNING : CASTROLIND
circuit : -0.98%  2021-12-21T11:00:00+0530
adx : 14.75  aroonosc : -64.29
-----------------------------------------------
11:02:41 : SCANNING : CCL
circuit : 1.98%  2021-12-21T11:00:00+0530
adx : 42.34  aroonosc : 78.57
-----------------------------------------------
11:02:42 : SCANNING : CEATLTD
circuit : 0.49%  2021-12-21T11:00:00+0530
adx : 12.93  aroonosc : 85.71
-----------------------------------------------
11:02:42 : SCANNING : CENTRALBK
circuit : 1.18%  2021-12-21T11:00:00+0530
adx : 31.75  aroonosc : -28.57
-----------------------------------------------
11:02:43 : SCANNING : CENTURYPLY
circuit : 1.62%  2021-12-21T11:00:00+0530
adx : 11.83  aroonosc : 78.57
-----------------------------------------------
11:02:43 : SCANNING : CENTURYTEX
circuit : 3.01%  2021-12-21T11:00:00+0530
adx : 25.09  aroonosc : 50.0
-----------------------------------------------
11:02:43 : SCANNING : CERA
circuit : 3.99%  2021-12-21T11:00:00+0530
adx : 35.5  aroonosc : 28.57
-----------------------------------------------
11:02:44 : SCANNING : CESC
circuit : 1.58%  2021-12-21T11:00:00+0530
adx : 38.39  aroonosc : 57.14
-----------------------------------------------
11:02:44 : SCANNING : CGCL
circuit : -0.29%  2021-12-21T11:00:00+0530
adx : 19.27  aroonosc : -64.29
-----------------------------------------------
11:02:44 : SCANNING : CHALET
circuit : 0.29%  2021-12-21T11:00:00+0530
adx : 10.61  aroonosc : 35.71
-----------------------------------------------
11:02:45 : SCANNING : CHAMBLFERT
circuit : -0.26%  2021-12-21T11:00:00+0530
adx : 19.08  aroonosc : -78.57
-----------------------------------------------
11:02:45 : SCANNING : CHOLAFIN
circuit : 2.48%  2021-12-21T11:00:00+0530
adx : 36.77  aroonosc : 64.29
-----------------------------------------------
11:02:46 : SCANNING : CHOLAHLDNG
circuit : 1.23%  2021-12-21T11:00:00+0530
adx : 21.86  aroonosc : 71.43
-----------------------------------------------
11:02:46 : SCANNING : CIPLA
circuit : -0.62%  2021-12-21T11:00:00+0530
adx : 12.2  aroonosc : -64.29
-----------------------------------------------
11:02:46 : SCANNING : COALINDIA
circuit : 1.73%  2021-12-21T11:00:00+0530
adx : 42.23  aroonosc : 64.29
-----------------------------------------------
11:02:47 : SCANNING : COCHINSHIP
circuit : 1.21%  2021-12-21T11:00:00+0530
adx : 14.81  aroonosc : -78.57
-----------------------------------------------
11:02:47 : SCANNING : COFORGE
circuit : 1.76%  2021-12-21T11:00:00+0530
adx : 45.71  aroonosc : -100.0
-----------------------------------------------
11:02:48 : SCANNING : COLPAL
circuit : 1.78%  2021-12-21T11:00:00+0530
adx : 42.48  aroonosc : 64.29
-----------------------------------------------
11:02:48 : SCANNING : CONCOR
circuit : -0.07%  2021-12-21T11:00:00+0530
adx : 19.02  aroonosc : 42.86
-----------------------------------------------
11:02:48 : SCANNING : COROMANDEL
circuit : 0.31%  2021-12-21T11:00:00+0530
adx : 9.95  aroonosc : 100.0
-----------------------------------------------
11:02:49 : SCANNING : CREDITACC
circuit : -1.91%  2021-12-21T11:00:00+0530
adx : 9.8  aroonosc : -64.29
-----------------------------------------------
11:02:49 : SCANNING : CRISIL
circuit : 1.77%  2021-12-21T11:00:00+0530
adx : 33.42  aroonosc : 85.71
-----------------------------------------------
11:02:50 : SCANNING : CROMPTON
circuit : 0.32%  2021-12-21T11:00:00+0530
adx : 17.45  aroonosc : 35.71
-----------------------------------------------
11:02:50 : SCANNING : CSBBANK
circuit : 0.57%  2021-12-21T11:00:00+0530
adx : 15.74  aroonosc : -28.57
-----------------------------------------------
11:02:51 : SCANNING : CUB
circuit : 1.04%  2021-12-21T11:00:00+0530
adx : 25.98  aroonosc : 71.43
-----------------------------------------------
11:02:51 : SCANNING : CUMMINSIND
circuit : 1.08%  2021-12-21T11:00:00+0530
adx : 29.75  aroonosc : -7.14
-----------------------------------------------
11:02:52 : SCANNING : CYIENT
circuit : -0.02%  2021-12-21T11:00:00+0530
adx : 14.63  aroonosc : -92.86
-----------------------------------------------
11:02:52 : SCANNING : DABUR
circuit : 0.98%  2021-12-21T11:00:00+0530
adx : 51.92  aroonosc : 100.0
-----------------------------------------------
11:02:52 : SCANNING : DALBHARAT
circuit : 4.8%  2021-12-21T11:00:00+0530
adx : 53.7  aroonosc : 85.71
-----------------------------------------------
11:02:53 : SCANNING : DBL
circuit : -0.86%  2021-12-21T11:00:00+0530
adx : 46.21  aroonosc : 50.0
-----------------------------------------------
11:02:53 : SCANNING : DCAL
circuit : 2.11%  2021-12-21T11:00:00+0530
adx : 26.69  aroonosc : 50.0
-----------------------------------------------
11:02:53 : SCANNING : DCBBANK
circuit : 2.49%  2021-12-21T11:00:00+0530
adx : 36.92  aroonosc : 71.43
-----------------------------------------------
11:02:54 : SCANNING : DCMSHRIRAM
circuit : 0.99%  2021-12-21T11:00:00+0530
adx : 15.32  aroonosc : 28.57
-----------------------------------------------
11:02:54 : SCANNING : DEEPAKNTR
circuit : 2.66%  2021-12-21T11:00:00+0530
adx : 42.37  aroonosc : 71.43
-----------------------------------------------
11:02:54 : SCANNING : DELTACORP
circuit : 1.11%  2021-12-21T11:00:00+0530
adx : 26.81  aroonosc : 78.57
-----------------------------------------------
11:02:55 : SCANNING : DHANI
circuit : 3.61%  2021-12-21T11:00:00+0530
adx : 32.46  aroonosc : 50.0
-----------------------------------------------
11:02:55 : SCANNING : DHANUKA
circuit : -0.24%  2021-12-21T11:00:00+0530
adx : 13.7  aroonosc : 71.43
-----------------------------------------------
11:02:55 : SCANNING : DISHTV
circuit : 2.69%  2021-12-21T11:00:00+0530
adx : 36.69  aroonosc : 35.71
-----------------------------------------------
11:02:56 : SCANNING : DIVISLAB
circuit : -1.06%  2021-12-21T11:00:00+0530
adx : 20.07  aroonosc : -57.14
-----------------------------------------------
11:02:56 : SCANNING : DIXON
circuit : 2.04%  2021-12-21T11:00:00+0530
adx : 44.97  aroonosc : 85.71
-----------------------------------------------
11:02:56 : SCANNING : DLF
circuit : 1.33%  2021-12-21T11:00:00+0530
adx : 46.22  aroonosc : 92.86
-----------------------------------------------
11:02:57 : SCANNING : DMART
circuit : 0.43%  2021-12-21T11:00:00+0530
adx : 12.07  aroonosc : -7.14
-----------------------------------------------
11:02:57 : SCANNING : DRREDDY
circuit : 0.92%  2021-12-21T11:00:00+0530
adx : 31.66  aroonosc : 92.86
-----------------------------------------------
11:02:57 : SCANNING : ECLERX
circuit : 0.73%  2021-12-21T11:00:00+0530
adx : 15.1  aroonosc : -85.71
-----------------------------------------------
11:02:58 : SCANNING : EDELWEISS
circuit : 0.29%  2021-12-21T11:00:00+0530
adx : 12.13  aroonosc : -28.57
-----------------------------------------------
11:02:58 : SCANNING : EICHERMOT
circuit : 0.16%  2021-12-21T11:00:00+0530
adx : 36.81  aroonosc : 50.0
-----------------------------------------------
11:02:58 : SCANNING : EIDPARRY
circuit : 1.5%  2021-12-21T11:00:00+0530
adx : 24.03  aroonosc : 50.0
-----------------------------------------------
11:02:59 : SCANNING : EIHOTEL
circuit : 1.7%  2021-12-21T11:00:00+0530
adx : 9.71  aroonosc : 7.14
-----------------------------------------------
11:02:59 : SCANNING : ELGIEQUIP
circuit : 0.36%  2021-12-21T11:00:00+0530
adx : 29.86  aroonosc : -78.57
-----------------------------------------------
11:03:00 : SCANNING : EMAMILTD
circuit : -0.65%  2021-12-21T11:00:00+0530
adx : 27.78  aroonosc : 71.43
-----------------------------------------------
11:03:00 : SCANNING : ENDURANCE
circuit : 0.11%  2021-12-21T11:00:00+0530
adx : 20.19  aroonosc : -21.43
-----------------------------------------------
11:03:01 : SCANNING : ENGINERSIN
circuit : 0.22%  2021-12-21T11:00:00+0530
adx : 13.95  aroonosc : 85.71
-----------------------------------------------
11:03:01 : SCANNING : EPL
circuit : 1.74%  2021-12-21T11:00:00+0530
adx : 39.81  aroonosc : 100.0
-----------------------------------------------
11:03:01 : SCANNING : EQUITAS
circuit : -1.27%  2021-12-21T11:00:00+0530
adx : 23.29  aroonosc : -50.0
-----------------------------------------------
11:03:02 : SCANNING : ERIS
circuit : 0.19%  2021-12-21T11:00:00+0530
adx : 19.62  aroonosc : 100.0
-----------------------------------------------
11:03:02 : SCANNING : ESCORTS
circuit : 0.55%  2021-12-21T11:00:00+0530
adx : 19.9  aroonosc : -64.29
-----------------------------------------------
11:03:02 : SCANNING : EXIDEIND
circuit : 0.25%  2021-12-21T11:00:00+0530
adx : 38.04  aroonosc : -85.71
-----------------------------------------------
11:03:03 : SCANNING : FCONSUMER
circuit : -8.28%  2021-12-21T11:00:00+0530
adx : 31.86  aroonosc : 35.71
-----------------------------------------------
11:03:03 : SCANNING : FDC
circuit : 0.31%  2021-12-21T11:00:00+0530
adx : 14.21  aroonosc : 14.29
-----------------------------------------------
11:03:04 : SCANNING : FEDERALBNK
circuit : -0.43%  2021-12-21T11:00:00+0530
adx : 22.67  aroonosc : 85.71
-----------------------------------------------
11:03:04 : SCANNING : FINCABLES
circuit : 1.42%  2021-12-21T11:00:00+0530
adx : 14.67  aroonosc : 50.0
-----------------------------------------------
11:03:05 : SCANNING : FINEORG
circuit : 1.65%  2021-12-21T11:00:00+0530
adx : 24.34  aroonosc : 57.14
-----------------------------------------------
11:03:05 : SCANNING : FINPIPE
circuit : 4.04%  2021-12-21T11:00:00+0530
adx : 38.97  aroonosc : 100.0
-----------------------------------------------
11:03:06 : SCANNING : FLUOROCHEM
circuit : 3.76%  2021-12-21T11:00:00+0530
adx : 30.29  aroonosc : -35.71
-----------------------------------------------
11:03:06 : SCANNING : FORTIS
circuit : 3.32%  2021-12-21T11:00:00+0530
adx : 42.15  aroonosc : 64.29
-----------------------------------------------
11:03:06 : SCANNING : FRETAIL
circuit : -9.6%  2021-12-21T11:00:00+0530
adx : 28.69  aroonosc : 35.71
-----------------------------------------------
11:03:07 : SCANNING : FSL
circuit : 0.81%  2021-12-21T11:00:00+0530
adx : 14.8  aroonosc : -35.71
-----------------------------------------------
11:03:07 : SCANNING : GAEL
circuit : 1.64%  2021-12-21T11:00:00+0530
adx : 17.71  aroonosc : 28.57
-----------------------------------------------
11:03:08 : SCANNING : GAIL
circuit : 0.87%  2021-12-21T11:00:00+0530
adx : 35.42  aroonosc : 35.71
-----------------------------------------------
11:03:08 : SCANNING : GALAXYSURF
circuit : -0.53%  2021-12-21T11:00:00+0530
adx : 34.5  aroonosc : -78.57
-----------------------------------------------
11:03:09 : SCANNING : GARFIBRES
circuit : -0.21%  2021-12-21T11:00:00+0530
adx : 26.7  aroonosc : -78.57
-----------------------------------------------
11:03:09 : SCANNING : GEPIL
circuit : 1.79%  2021-12-21T11:00:00+0530
adx : 12.7  aroonosc : -21.43
-----------------------------------------------
11:03:10 : SCANNING : GESHIP
circuit : 1.6%  2021-12-21T11:00:00+0530
adx : 27.04  aroonosc : -71.43
-----------------------------------------------
11:03:10 : SCANNING : GICRE
circuit : 0.97%  2021-12-21T11:00:00+0530
adx : 12.98  aroonosc : -14.29
-----------------------------------------------
11:03:11 : SCANNING : GILLETTE
circuit : 1.08%  2021-12-21T11:00:00+0530
adx : 25.23  aroonosc : 78.57
-----------------------------------------------
11:03:11 : SCANNING : GLAND
circuit : 1.17%  2021-12-21T11:00:00+0530
adx : 16.17  aroonosc : 85.71
-----------------------------------------------
11:03:11 : SCANNING : GLAXO
circuit : 1.91%  2021-12-21T11:00:00+0530
adx : 44.15  aroonosc : 50.0
-----------------------------------------------
11:03:12 : SCANNING : GLENMARK
circuit : -0.48%  2021-12-21T11:00:00+0530
adx : 15.1  aroonosc : -28.57
-----------------------------------------------
11:03:12 : SCANNING : GMMPFAUDLR
circuit : 2.76%  2021-12-21T11:00:00+0530
adx : 54.6  aroonosc : 85.71
-----------------------------------------------
11:03:13 : SCANNING : GMRINFRA
circuit : 0.88%  2021-12-21T11:00:00+0530
adx : 29.13  aroonosc : 57.14
-----------------------------------------------
11:03:13 : SCANNING : GNFC
circuit : 1.42%  2021-12-21T11:00:00+0530
adx : 29.16  aroonosc : 14.29
-----------------------------------------------
11:03:13 : SCANNING : GODFRYPHLP
circuit : 0.06%  2021-12-21T11:00:00+0530
adx : 11.13  aroonosc : -85.71
-----------------------------------------------
11:03:14 : SCANNING : GODREJAGRO
circuit : -0.77%  2021-12-21T11:00:00+0530
adx : 24.23  aroonosc : -57.14
-----------------------------------------------
11:03:14 : SCANNING : GODREJCP
circuit : 4.91%  2021-12-21T11:00:00+0530
adx : 53.03  aroonosc : 92.86
-----------------------------------------------
11:03:15 : SCANNING : GODREJIND
circuit : 2.6%  2021-12-21T11:00:00+0530
adx : 43.5  aroonosc : 7.14
-----------------------------------------------
11:03:15 : SCANNING : GODREJPROP
circuit : 1.07%  2021-12-21T11:00:00+0530
adx : 19.73  aroonosc : -7.14
-----------------------------------------------
11:03:16 : SCANNING : GPPL
circuit : -0.16%  2021-12-21T11:00:00+0530
adx : 32.79  aroonosc : -50.0
-----------------------------------------------
11:03:16 : SCANNING : GRANULES
circuit : -0.55%  2021-12-21T11:00:00+0530
adx : 7.76  aroonosc : -7.14
-----------------------------------------------
11:03:16 : SCANNING : GRAPHITE
circuit : 0.22%  2021-12-21T11:00:00+0530
adx : 26.53  aroonosc : 7.14
-----------------------------------------------
11:03:17 : SCANNING : GRASIM
circuit : 2.25%  2021-12-21T11:00:00+0530
adx : 54.02  aroonosc : 35.71
-----------------------------------------------
11:03:17 : SCANNING : GREAVESCOT
circuit : 1.19%  2021-12-21T11:00:00+0530
adx : 31.48  aroonosc : 57.14
-----------------------------------------------
11:03:18 : SCANNING : GRINDWELL
circuit : -0.1%  2021-12-21T11:00:00+0530
adx : 38.18  aroonosc : -42.86
-----------------------------------------------
11:03:18 : SCANNING : GRSE
circuit : 2.61%  2021-12-21T11:00:00+0530
adx : 20.67  aroonosc : 50.0
-----------------------------------------------
11:03:18 : SCANNING : GSFC
circuit : 0.87%  2021-12-21T11:00:00+0530
adx : 14.09  aroonosc : -21.43
-----------------------------------------------
11:03:19 : SCANNING : GSPL
circuit : 0.92%  2021-12-21T11:00:00+0530
adx : 22.61  aroonosc : 21.43
-----------------------------------------------
11:03:19 : SCANNING : GUJALKALI
circuit : -0.2%  2021-12-21T11:00:00+0530
adx : 30.91  aroonosc : -78.57
-----------------------------------------------
11:03:20 : SCANNING : GUJGASLTD
circuit : 1.66%  2021-12-21T11:00:00+0530
adx : 53.99  aroonosc : 35.71
-----------------------------------------------
11:03:20 : SCANNING : GULFOILLUB
circuit : 0.01%  2021-12-21T11:00:00+0530
adx : 22.67  aroonosc : -7.14
-----------------------------------------------
11:03:21 : SCANNING : HAL
circuit : 0.2%  2021-12-21T11:00:00+0530
adx : 28.77  aroonosc : 0.0
-----------------------------------------------
11:03:21 : SCANNING : HATSUN
circuit : -1.87%  2021-12-21T11:00:00+0530
adx : 16.72  aroonosc : -64.29
-----------------------------------------------
11:03:21 : SCANNING : HAVELLS
circuit : 3.16%  2021-12-21T11:00:00+0530
adx : 36.64  aroonosc : 35.71
-----------------------------------------------
11:03:22 : SCANNING : HCLTECH
circuit : 3.07%  2021-12-21T11:00:00+0530
adx : 61.67  aroonosc : 28.57
-----------------------------------------------
11:03:22 : SCANNING : HDFC
circuit : -0.39%  2021-12-21T11:00:00+0530
adx : 49.46  aroonosc : 64.29
-----------------------------------------------
11:03:23 : SCANNING : HDFCAMC
circuit : 0.6%  2021-12-21T11:00:00+0530
adx : 29.69  aroonosc : 35.71
-----------------------------------------------
11:03:23 : SCANNING : HDFCBANK
circuit : 0.63%  2021-12-21T11:00:00+0530
adx : 21.36  aroonosc : 100.0
-----------------------------------------------
11:03:24 : SCANNING : HDFCLIFE
circuit : 0.56%  2021-12-21T11:00:00+0530
adx : 32.96  aroonosc : 92.86
-----------------------------------------------
11:03:24 : SCANNING : HEG
circuit : -0.45%  2021-12-21T11:00:00+0530
adx : 11.76  aroonosc : 50.0
-----------------------------------------------
11:03:25 : SCANNING : HEIDELBERG
circuit : 0.42%  2021-12-21T11:00:00+0530
adx : 19.36  aroonosc : -28.57
-----------------------------------------------
11:03:25 : SCANNING : HEMIPROP
circuit : 1.64%  2021-12-21T11:00:00+0530
adx : 24.18  aroonosc : -21.43
-----------------------------------------------
11:03:25 : SCANNING : HEROMOTOCO
circuit : -1.33%  2021-12-21T11:00:00+0530
adx : 35.57  aroonosc : 14.29
-----------------------------------------------
11:03:26 : SCANNING : HINDALCO
circuit : 2.0%  2021-12-21T11:00:00+0530
adx : 58.99  aroonosc : 78.57
-----------------------------------------------
11:03:26 : SCANNING : HINDCOPPER
circuit : 1.05%  2021-12-21T11:00:00+0530
adx : 37.33  aroonosc : 14.29
-----------------------------------------------
11:03:27 : SCANNING : HINDPETRO
circuit : 1.08%  2021-12-21T11:00:00+0530
adx : 21.37  aroonosc : 71.43
-----------------------------------------------
11:03:27 : SCANNING : HINDUNILVR
circuit : 0.22%  2021-12-21T11:00:00+0530
adx : 33.94  aroonosc : 64.29
-----------------------------------------------
11:03:28 : SCANNING : HINDZINC
circuit : 1.84%  2021-12-21T11:00:00+0530
adx : 28.42  aroonosc : 64.29
-----------------------------------------------
11:03:28 : SCANNING : HONAUT
circuit : -0.29%  2021-12-21T11:00:00+0530
adx : 14.93  aroonosc : -42.86
-----------------------------------------------
11:03:29 : SCANNING : HSCL
circuit : 1.53%  2021-12-21T11:00:00+0530
adx : 45.3  aroonosc : -28.57
-----------------------------------------------
11:03:29 : SCANNING : HUDCO
circuit : 0.26%  2021-12-21T11:00:00+0530
adx : 19.84  aroonosc : -85.71
-----------------------------------------------
11:03:30 : SCANNING : HUHTAMAKI
circuit : 1.15%  2021-12-21T11:00:00+0530
adx : 14.17  aroonosc : 57.14
-----------------------------------------------
11:03:30 : SCANNING : IBREALEST
circuit : 3.27%  2021-12-21T11:00:00+0530
adx : 45.01  aroonosc : 42.86
-----------------------------------------------
11:03:30 : SCANNING : IBULHSGFIN
circuit : 0.7%  2021-12-21T11:00:00+0530
adx : 23.98  aroonosc : -50.0
-----------------------------------------------
11:03:31 : SCANNING : ICICIBANK
circuit : 0.82%  2021-12-21T11:00:00+0530
adx : 46.68  aroonosc : 100.0
-----------------------------------------------
11:03:31 : SCANNING : ICICIGI
circuit : 2.06%  2021-12-21T11:00:00+0530
adx : 42.23  aroonosc : 100.0
-----------------------------------------------
11:03:32 : SCANNING : ICICIPRULI
circuit : 2.37%  2021-12-21T11:00:00+0530
adx : 46.25  aroonosc : 71.43
-----------------------------------------------
11:03:32 : SCANNING : ICIL
circuit : -1.4%  2021-12-21T11:00:00+0530
adx : 17.76  aroonosc : 50.0
-----------------------------------------------
11:03:32 : SCANNING : IDBI
circuit : 2.85%  2021-12-21T11:00:00+0530
adx : 48.29  aroonosc : 0.0
-----------------------------------------------
11:03:33 : SCANNING : IDEA
circuit : 5.05%  2021-12-21T11:00:00+0530
adx : 46.9  aroonosc : 28.57
-----------------------------------------------
11:03:33 : SCANNING : IDFC
circuit : 1.79%  2021-12-21T11:00:00+0530
adx : 42.47  aroonosc : 64.29
-----------------------------------------------
11:03:34 : SCANNING : IDFCFIRSTB
circuit : 0.33%  2021-12-21T11:00:00+0530
adx : 9.96  aroonosc : -7.14
-----------------------------------------------
11:03:34 : SCANNING : IEX
circuit : 1.67%  2021-12-21T11:00:00+0530
adx : 35.61  aroonosc : 50.0
-----------------------------------------------
11:03:35 : SCANNING : IFBIND
circuit : 0.32%  2021-12-21T11:00:00+0530
adx : 25.62  aroonosc : -71.43
-----------------------------------------------
11:03:35 : SCANNING : IGL
circuit : 0.98%  2021-12-21T11:00:00+0530
adx : 39.13  aroonosc : 78.57
-----------------------------------------------
11:03:35 : SCANNING : IIFL
circuit : 0.71%  2021-12-21T11:00:00+0530
adx : 21.0  aroonosc : -21.43
-----------------------------------------------
11:03:36 : SCANNING : IIFLWAM
circuit : -2.38%  2021-12-21T11:00:00+0530
adx : 27.65  aroonosc : -85.71
-----------------------------------------------
11:03:36 : SCANNING : INDHOTEL
circuit : -0.6%  2021-12-21T11:00:00+0530
adx : 11.11  aroonosc : 64.29
-----------------------------------------------
11:03:37 : SCANNING : INDIACEM
circuit : 1.22%  2021-12-21T11:00:00+0530
adx : 35.35  aroonosc : 71.43
-----------------------------------------------
11:03:37 : SCANNING : INDIAMART
-----------------------------------------------
11:03:38 : SCANNING : INDIANB
circuit : 1.07%  2021-12-21T11:00:00+0530
adx : 32.08  aroonosc : -7.14
-----------------------------------------------
11:03:38 : SCANNING : INDIGO
circuit : 0.62%  2021-12-21T11:00:00+0530
adx : 24.88  aroonosc : 92.86
-----------------------------------------------
11:03:38 : SCANNING : INDOCO
circuit : 1.43%  2021-12-21T11:00:00+0530
adx : 25.81  aroonosc : 85.71
-----------------------------------------------
11:03:39 : SCANNING : INDUSINDBK
circuit : 0.69%  2021-12-21T11:00:00+0530
adx : 27.79  aroonosc : 78.57
-----------------------------------------------
11:03:39 : SCANNING : INDUSTOWER
circuit : 3.94%  2021-12-21T11:00:00+0530
adx : 43.27  aroonosc : 92.86
-----------------------------------------------
11:03:40 : SCANNING : INFIBEAM
circuit : 1.66%  2021-12-21T11:00:00+0530
adx : 35.19  aroonosc : -14.29
-----------------------------------------------
11:03:40 : SCANNING : INFY
circuit : 1.57%  2021-12-21T11:00:00+0530
adx : 38.22  aroonosc : 64.29
-----------------------------------------------
11:03:40 : SCANNING : INGERRAND
circuit : 0.83%  2021-12-21T11:00:00+0530
adx : 16.29  aroonosc : -42.86
-----------------------------------------------
11:03:41 : SCANNING : INOXLEISUR
circuit : 3.87%  2021-12-21T11:00:00+0530
adx : 51.34  aroonosc : 35.71
-----------------------------------------------
11:03:41 : SCANNING : INTELLECT
circuit : 0.5%  2021-12-21T11:00:00+0530
adx : 21.61  aroonosc : 7.14
-----------------------------------------------
11:03:42 : SCANNING : IOB
circuit : 1.24%  2021-12-21T11:00:00+0530
adx : 34.45  aroonosc : -42.86
-----------------------------------------------
11:03:42 : SCANNING : IOC
circuit : 0.09%  2021-12-21T11:00:00+0530
adx : 11.03  aroonosc : 28.57
-----------------------------------------------
11:03:42 : SCANNING : IOLCP
circuit : -0.86%  2021-12-21T11:00:00+0530
adx : 45.58  aroonosc : 42.86
-----------------------------------------------
11:03:43 : SCANNING : IPCALAB
circuit : 0.48%  2021-12-21T11:00:00+0530
adx : 10.63  aroonosc : 28.57
-----------------------------------------------
11:03:43 : SCANNING : IRB
circuit : -1.47%  2021-12-21T11:00:00+0530
adx : 15.64  aroonosc : -64.29
-----------------------------------------------
11:03:44 : SCANNING : IRCON
circuit : 0.22%  2021-12-21T11:00:00+0530
adx : 26.91  aroonosc : 100.0
-----------------------------------------------
11:03:44 : SCANNING : IRCTC
circuit : 0.8%  2021-12-21T11:00:00+0530
adx : 33.76  aroonosc : 100.0
-----------------------------------------------
11:03:44 : SCANNING : ISEC
circuit : 1.18%  2021-12-21T11:00:00+0530
adx : 22.14  aroonosc : -57.14
-----------------------------------------------
11:03:45 : SCANNING : ITC
circuit : 0.09%  2021-12-21T11:00:00+0530
adx : 22.44  aroonosc : 85.71
-----------------------------------------------
11:03:45 : SCANNING : ITI
circuit : 1.29%  2021-12-21T11:00:00+0530
adx : 26.23  aroonosc : 7.14
-----------------------------------------------
11:03:46 : SCANNING : J&KBANK
circuit : 2.17%  2021-12-21T11:00:00+0530
adx : 26.72  aroonosc : 100.0
-----------------------------------------------
11:03:46 : SCANNING : JAMNAAUTO
circuit : 2.91%  2021-12-21T11:00:00+0530
adx : 28.27  aroonosc : 42.86
-----------------------------------------------
11:03:47 : SCANNING : JBCHEPHARM
circuit : -0.48%  2021-12-21T11:00:00+0530
adx : 37.56  aroonosc : 28.57
-----------------------------------------------
11:03:47 : SCANNING : JCHAC
circuit : 2.36%  2021-12-21T11:00:00+0530
adx : 39.06  aroonosc : 78.57
-----------------------------------------------
11:03:47 : SCANNING : JINDALSAW
circuit : 1.99%  2021-12-21T11:00:00+0530
adx : 19.46  aroonosc : -35.71
-----------------------------------------------
11:03:48 : SCANNING : JINDALSTEL
circuit : 2.1%  2021-12-21T11:00:00+0530
adx : 49.09  aroonosc : 0.0
-----------------------------------------------
11:03:48 : SCANNING : JKCEMENT
circuit : 3.1%  2021-12-21T11:00:00+0530
adx : 30.49  aroonosc : 100.0
-----------------------------------------------
11:03:49 : SCANNING : JKLAKSHMI
circuit : 0.68%  2021-12-21T11:00:00+0530
adx : 15.67  aroonosc : -92.86
-----------------------------------------------
11:03:49 : SCANNING : JKPAPER
circuit : 1.18%  2021-12-21T11:00:00+0530
adx : 25.58  aroonosc : -35.71
-----------------------------------------------
11:03:49 : SCANNING : JKTYRE
circuit : 2.38%  2021-12-21T11:00:00+0530
adx : 35.79  aroonosc : 50.0
-----------------------------------------------
11:03:50 : SCANNING : JMFINANCIL
circuit : -0.89%  2021-12-21T11:00:00+0530
adx : 17.96  aroonosc : -78.57
-----------------------------------------------
11:03:51 : SCANNING : JSL
circuit : 3.05%  2021-12-21T11:00:00+0530
adx : 25.94  aroonosc : 28.57
-----------------------------------------------
11:03:51 : SCANNING : JSLHISAR
circuit : 3.23%  2021-12-21T11:00:00+0530
adx : 24.13  aroonosc : 42.86
-----------------------------------------------
11:03:51 : SCANNING : JSWSTEEL
circuit : 2.47%  2021-12-21T11:00:00+0530
adx : 66.84  aroonosc : 85.71
-----------------------------------------------
11:03:52 : SCANNING : JTEKTINDIA
circuit : 1.23%  2021-12-21T11:00:00+0530
adx : 14.27  aroonosc : 64.29
-----------------------------------------------
11:03:52 : SCANNING : JUBLFOOD
circuit : -0.09%  2021-12-21T11:00:00+0530
adx : 17.3  aroonosc : 57.14
-----------------------------------------------
11:03:53 : SCANNING : JUSTDIAL
circuit : 2.5%  2021-12-21T11:00:00+0530
adx : 37.78  aroonosc : 7.14
-----------------------------------------------
11:03:53 : SCANNING : JYOTHYLAB
circuit : 0.68%  2021-12-21T11:00:00+0530
adx : 22.23  aroonosc : -21.43
-----------------------------------------------
11:03:54 : SCANNING : KAJARIACER
circuit : 1.66%  2021-12-21T11:00:00+0530
adx : 17.55  aroonosc : 0.0
-----------------------------------------------
11:03:54 : SCANNING : KALPATPOWR
circuit : 1.53%  2021-12-21T11:00:00+0530
adx : 14.0  aroonosc : 35.71
-----------------------------------------------
11:03:55 : SCANNING : KANSAINER
circuit : 0.67%  2021-12-21T11:00:00+0530
adx : 31.17  aroonosc : 14.29
-----------------------------------------------
11:03:55 : SCANNING : KARURVYSYA
circuit : -0.22%  2021-12-21T11:00:00+0530
adx : 27.94  aroonosc : 14.29
-----------------------------------------------
11:03:56 : SCANNING : KEC
circuit : 0.54%  2021-12-21T11:00:00+0530
adx : 11.68  aroonosc : -100.0
-----------------------------------------------
11:03:56 : SCANNING : KEI
circuit : -0.58%  2021-12-21T11:00:00+0530
adx : 9.35  aroonosc : 0.0
-----------------------------------------------
11:03:56 : SCANNING : KNRCON
circuit : 0.42%  2021-12-21T11:00:00+0530
adx : 7.39  aroonosc : -50.0
-----------------------------------------------
11:03:57 : SCANNING : KOTAKBANK
circuit : 0.02%  2021-12-21T11:00:00+0530
adx : 24.89  aroonosc : 100.0
-----------------------------------------------
11:03:57 : SCANNING : KPITTECH
circuit : 2.82%  2021-12-21T11:00:00+0530
adx : 28.98  aroonosc : -57.14
-----------------------------------------------
11:03:57 : SCANNING : KPRMILL
circuit : 2.21%  2021-12-21T11:00:00+0530
adx : 17.26  aroonosc : -85.71
-----------------------------------------------
11:03:58 : SCANNING : KRBL
circuit : 0.12%  2021-12-21T11:00:00+0530
adx : 18.02  aroonosc : 21.43
-----------------------------------------------
11:03:58 : SCANNING : KSB
circuit : 1.99%  2021-12-21T11:00:00+0530
adx : 12.67  aroonosc : 92.86
-----------------------------------------------
11:03:59 : SCANNING : KSCL
circuit : -0.83%  2021-12-21T11:00:00+0530
adx : 22.85  aroonosc : 14.29
-----------------------------------------------
11:03:59 : SCANNING : L&TFH
circuit : 3.59%  2021-12-21T11:00:00+0530
adx : 57.2  aroonosc : 57.14
-----------------------------------------------
11:03:59 : SCANNING : LALPATHLAB
circuit : -0.13%  2021-12-21T11:00:00+0530
adx : 16.08  aroonosc : -7.14
-----------------------------------------------
11:04:00 : SCANNING : LAOPALA
circuit : 4.15%  2021-12-21T11:00:00+0530
adx : 40.76  aroonosc : -71.43
-----------------------------------------------
11:04:00 : SCANNING : LAURUSLABS
circuit : 1.35%  2021-12-21T11:00:00+0530
adx : 15.84  aroonosc : 50.0
-----------------------------------------------
11:04:01 : SCANNING : LAXMIMACH
circuit : 3.15%  2021-12-21T11:00:00+0530
adx : 23.23  aroonosc : -85.71
-----------------------------------------------
11:04:01 : SCANNING : LEMONTREE
circuit : 4.36%  2021-12-21T11:00:00+0530
adx : 36.35  aroonosc : 50.0
-----------------------------------------------
11:04:02 : SCANNING : LICHSGFIN
circuit : 0.83%  2021-12-21T11:00:00+0530
adx : 38.82  aroonosc : 78.57
-----------------------------------------------
11:04:02 : SCANNING : LINDEINDIA
circuit : 1.08%  2021-12-21T11:00:00+0530
adx : 13.75  aroonosc : 57.14
-----------------------------------------------
11:04:03 : SCANNING : LT
circuit : 1.45%  2021-12-21T11:00:00+0530
adx : 30.07  aroonosc : 35.71
-----------------------------------------------
11:04:03 : SCANNING : LTI
circuit : 2.36%  2021-12-21T11:00:00+0530
adx : 28.91  aroonosc : 71.43
-----------------------------------------------
11:04:03 : SCANNING : LTTS
circuit : 1.72%  2021-12-21T11:00:00+0530
adx : 25.16  aroonosc : 35.71
-----------------------------------------------
11:04:04 : SCANNING : LUPIN
circuit : 0.09%  2021-12-21T11:00:00+0530
adx : 30.26  aroonosc : 50.0
-----------------------------------------------
11:04:04 : SCANNING : LUXIND
circuit : 0.79%  2021-12-21T11:00:00+0530
adx : 32.52  aroonosc : 100.0
-----------------------------------------------
11:04:05 : SCANNING : M&M
circuit : -0.1%  2021-12-21T11:00:00+0530
adx : 29.48  aroonosc : 64.29
-----------------------------------------------
11:04:05 : SCANNING : M&MFIN
circuit : 0.99%  2021-12-21T11:00:00+0530
adx : 22.23  aroonosc : 78.57
-----------------------------------------------
11:04:05 : SCANNING : MAHABANK
circuit : 0.26%  2021-12-21T11:00:00+0530
adx : 15.65  aroonosc : -21.43
-----------------------------------------------
11:04:06 : SCANNING : MAHINDCIE
circuit : 0.78%  2021-12-21T11:00:00+0530
adx : 18.53  aroonosc : -7.14
-----------------------------------------------
11:04:06 : SCANNING : MAHLOG
circuit : -1.46%  2021-12-21T11:00:00+0530
adx : 10.53  aroonosc : -64.29
-----------------------------------------------
11:04:06 : SCANNING : MAHSCOOTER
circuit : 3.04%  2021-12-21T11:00:00+0530
adx : 30.87  aroonosc : 78.57
-----------------------------------------------
11:04:07 : SCANNING : MAHSEAMLES
circuit : 1.37%  2021-12-21T11:00:00+0530
adx : 39.22  aroonosc : 7.14
-----------------------------------------------
11:04:07 : SCANNING : MANAPPURAM
circuit : -0.63%  2021-12-21T11:00:00+0530
adx : 32.8  aroonosc : 42.86
-----------------------------------------------
11:04:08 : SCANNING : MARICO
circuit : 0.63%  2021-12-21T11:00:00+0530
adx : 31.62  aroonosc : 100.0
-----------------------------------------------
11:04:08 : SCANNING : MARUTI
circuit : 0.5%  2021-12-21T11:00:00+0530
adx : 32.78  aroonosc : 50.0
-----------------------------------------------
11:04:08 : SCANNING : MASFIN
circuit : 2.73%  2021-12-21T11:00:00+0530
adx : 19.4  aroonosc : 92.86
-----------------------------------------------
11:04:09 : SCANNING : MAXHEALTH
circuit : 1.78%  2021-12-21T11:00:00+0530
adx : 30.81  aroonosc : -50.0
-----------------------------------------------
11:04:09 : SCANNING : MAZDOCK
circuit : 0.48%  2021-12-21T11:00:00+0530
adx : 23.28  aroonosc : -35.71
-----------------------------------------------
11:04:10 : SCANNING : MCDOWELL-N
circuit : 2.51%  2021-12-21T11:00:00+0530
adx : 45.38  aroonosc : 100.0
-----------------------------------------------
11:04:10 : SCANNING : MCX
circuit : 0.96%  2021-12-21T11:00:00+0530
adx : 36.26  aroonosc : 50.0
-----------------------------------------------
11:04:10 : SCANNING : METROPOLIS
circuit : 3.03%  2021-12-21T11:00:00+0530
adx : 41.08  aroonosc : 64.29
-----------------------------------------------
11:04:11 : SCANNING : MFSL
circuit : 4.04%  2021-12-21T11:00:00+0530
adx : 22.96  aroonosc : 100.0
-----------------------------------------------
11:04:11 : SCANNING : MGL
circuit : 0.38%  2021-12-21T11:00:00+0530
adx : 30.45  aroonosc : 57.14
-----------------------------------------------
11:04:12 : SCANNING : MHRIL
circuit : -0.59%  2021-12-21T11:00:00+0530
adx : 14.14  aroonosc : -35.71
-----------------------------------------------
11:04:12 : SCANNING : MIDHANI
circuit : 0.72%  2021-12-21T11:00:00+0530
adx : 14.14  aroonosc : -28.57
-----------------------------------------------
11:04:13 : SCANNING : MINDACORP
circuit : 2.94%  2021-12-21T11:00:00+0530
adx : 37.56  aroonosc : 64.29
-----------------------------------------------
11:04:13 : SCANNING : MINDAIND
circuit : 1.4%  2021-12-21T11:00:00+0530
adx : 38.44  aroonosc : 92.86
-----------------------------------------------
11:04:14 : SCANNING : MINDTREE
circuit : 1.05%  2021-12-21T11:00:00+0530
adx : 41.87  aroonosc : -50.0
-----------------------------------------------
11:04:14 : SCANNING : MMTC
circuit : 2.21%  2021-12-21T11:00:00+0530
adx : 40.46  aroonosc : 100.0
-----------------------------------------------
11:04:15 : SCANNING : MOIL
circuit : 1.98%  2021-12-21T11:00:00+0530
adx : 39.83  aroonosc : 64.29
-----------------------------------------------
11:04:15 : SCANNING : MOTILALOFS
circuit : 0.42%  2021-12-21T11:00:00+0530
adx : 21.65  aroonosc : 35.71
-----------------------------------------------
11:04:15 : SCANNING : MPHASIS
circuit : 0.38%  2021-12-21T11:00:00+0530
adx : 25.25  aroonosc : -64.29
-----------------------------------------------
11:04:16 : SCANNING : MRF
circuit : 0.36%  2021-12-21T11:00:00+0530
adx : 17.61  aroonosc : -28.57
-----------------------------------------------
11:04:16 : SCANNING : MRPL
circuit : -0.82%  2021-12-21T11:00:00+0530
adx : 26.63  aroonosc : -92.86
-----------------------------------------------
11:04:17 : SCANNING : MUTHOOTFIN
circuit : 0.47%  2021-12-21T11:00:00+0530
adx : 17.13  aroonosc : 85.71
-----------------------------------------------
11:04:17 : SCANNING : NAM-INDIA
circuit : 1.6%  2021-12-21T11:00:00+0530
adx : 21.56  aroonosc : 42.86
-----------------------------------------------
11:04:17 : SCANNING : NATCOPHARM
circuit : 2.45%  2021-12-21T11:00:00+0530
adx : 14.07  aroonosc : 21.43
-----------------------------------------------
11:04:18 : SCANNING : NATIONALUM
circuit : 2.64%  2021-12-21T11:00:00+0530
adx : 52.47  aroonosc : -42.86
-----------------------------------------------
11:04:18 : SCANNING : NAUKRI
circuit : 0.3%  2021-12-21T11:00:00+0530
adx : 20.95  aroonosc : 35.71
-----------------------------------------------
11:04:19 : SCANNING : NAVINFLUOR
circuit : 3.31%  2021-12-21T11:00:00+0530
adx : 54.22  aroonosc : 64.29
-----------------------------------------------
11:04:19 : SCANNING : NBCC
circuit : 0.24%  2021-12-21T11:00:00+0530
adx : 29.35  aroonosc : 57.14
-----------------------------------------------
11:04:19 : SCANNING : NCC
circuit : 0.95%  2021-12-21T11:00:00+0530
adx : 38.1  aroonosc : 85.71
-----------------------------------------------
11:04:20 : SCANNING : NESCO
circuit : 1.5%  2021-12-21T11:00:00+0530
adx : 12.97  aroonosc : -64.29
-----------------------------------------------
11:04:20 : SCANNING : NESTLEIND
circuit : 1.06%  2021-12-21T11:00:00+0530
adx : 50.26  aroonosc : 92.86
-----------------------------------------------
11:04:21 : SCANNING : NETWORK18
circuit : 2.17%  2021-12-21T11:00:00+0530
adx : 24.07  aroonosc : 57.14
-----------------------------------------------
11:04:21 : SCANNING : NFL
circuit : 1.72%  2021-12-21T11:00:00+0530
adx : 35.81  aroonosc : 7.14
-----------------------------------------------
11:04:22 : SCANNING : NH
circuit : 1.85%  2021-12-21T11:00:00+0530
adx : 14.61  aroonosc : 85.71
-----------------------------------------------
11:04:22 : SCANNING : NHPC
circuit : 1.85%  2021-12-21T11:00:00+0530
adx : 35.65  aroonosc : 0.0
-----------------------------------------------
11:04:22 : SCANNING : NIACL
circuit : 0.11%  2021-12-21T11:00:00+0530
adx : 24.71  aroonosc : 85.71
-----------------------------------------------
11:04:23 : SCANNING : NILKAMAL
circuit : 0.21%  2021-12-21T11:00:00+0530
adx : 12.08  aroonosc : 85.71
-----------------------------------------------
11:04:23 : SCANNING : NLCINDIA
circuit : 0.68%  2021-12-21T11:00:00+0530
adx : 26.09  aroonosc : -21.43
-----------------------------------------------
11:04:24 : SCANNING : NMDC
circuit : 7.32%  2021-12-21T11:00:00+0530
adx : 14.5  aroonosc : 21.43
-----------------------------------------------
11:04:24 : SCANNING : NOCIL
circuit : 0.72%  2021-12-21T11:00:00+0530
adx : 31.65  aroonosc : 100.0
-----------------------------------------------
11:04:25 : SCANNING : NTPC
circuit : 0.57%  2021-12-21T11:00:00+0530
adx : 35.25  aroonosc : -35.71
rpt : 1190.0
{'candle': 'green', 'type': 'BUY', 'instrument': 'NTPC', 'price': 120.2, 'qty': 4949, 'target': 120.35, 'stoploss': 120.05, 'volume': 82550, 'adx': 50.48648436642578, 'aroonosc': 64.28571428571429, 'atr': 0.35497661662436336, 'open': 120.15, 'high': 120.35, 'low': 120.05, 'close': 120.35, 'product': 'MIS', 'time': '2021-12-20T13:45:00+0530'}
11:04:25 : Validation Failed : Time Gap in Seconds : 76765
-----------------------------------------------
11:04:26 : SCANNING : OBEROIRLTY
circuit : 1.38%  2021-12-21T11:00:00+0530
adx : 28.55  aroonosc : 78.57
-----------------------------------------------
11:04:26 : SCANNING : OFSS
circuit : 1.47%  2021-12-21T11:00:00+0530
adx : 47.12  aroonosc : 14.29
-----------------------------------------------
11:04:27 : SCANNING : OIL
circuit : 1.12%  2021-12-21T11:00:00+0530
adx : 17.53  aroonosc : 71.43
-----------------------------------------------
11:04:27 : SCANNING : ONGC
circuit : 0.04%  2021-12-21T11:00:00+0530
adx : 34.41  aroonosc : 92.86
-----------------------------------------------
11:04:27 : SCANNING : ORIENTELEC
circuit : 1.99%  2021-12-21T11:00:00+0530
adx : 14.61  aroonosc : 57.14
-----------------------------------------------
11:04:28 : SCANNING : PAGEIND
circuit : 1.21%  2021-12-21T11:00:00+0530
adx : 19.59  aroonosc : 50.0
-----------------------------------------------
11:04:29 : SCANNING : PEL
circuit : 1.53%  2021-12-21T11:00:00+0530
adx : 28.92  aroonosc : 50.0
-----------------------------------------------
11:04:29 : SCANNING : PERSISTENT
circuit : -1.72%  2021-12-21T11:00:00+0530
adx : 29.07  aroonosc : -21.43
-----------------------------------------------
11:04:30 : SCANNING : PETRONET
circuit : 0.17%  2021-12-21T11:00:00+0530
adx : 12.62  aroonosc : 42.86
-----------------------------------------------
11:04:30 : SCANNING : PFC
circuit : 0.56%  2021-12-21T11:00:00+0530
adx : 17.54  aroonosc : 28.57
-----------------------------------------------
11:04:30 : SCANNING : PFIZER
circuit : 0.97%  2021-12-21T11:00:00+0530
adx : 15.76  aroonosc : 50.0
-----------------------------------------------
11:04:31 : SCANNING : PGHH
circuit : 0.42%  2021-12-21T11:00:00+0530
adx : 24.51  aroonosc : -28.57
-----------------------------------------------
11:04:31 : SCANNING : PGHL
circuit : -0.58%  2021-12-21T11:00:00+0530
adx : 17.24  aroonosc : -42.86
-----------------------------------------------
11:04:32 : SCANNING : PHILIPCARB
circuit : 1.19%  2021-12-21T11:00:00+0530
adx : 7.79  aroonosc : -78.57
-----------------------------------------------
11:04:32 : SCANNING : PHOENIXLTD
circuit : -3.41%  2021-12-21T11:00:00+0530
adx : 29.27  aroonosc : -28.57
-----------------------------------------------
11:04:32 : SCANNING : PIDILITIND
circuit : 0.9%  2021-12-21T11:00:00+0530
adx : 41.01  aroonosc : 100.0
-----------------------------------------------
11:04:33 : SCANNING : PIIND
circuit : 1.35%  2021-12-21T11:00:00+0530
adx : 31.88  aroonosc : 71.43
-----------------------------------------------
11:04:33 : SCANNING : PNB
circuit : 0.81%  2021-12-21T11:00:00+0530
adx : 19.51  aroonosc : -64.29
-----------------------------------------------
11:04:34 : SCANNING : PNBHOUSING
circuit : 5.01%  2021-12-21T11:00:00+0530
adx : 53.74  aroonosc : 100.0
-----------------------------------------------
11:04:34 : SCANNING : PNCINFRA
circuit : -0.37%  2021-12-21T11:00:00+0530
adx : 21.8  aroonosc : 64.29
-----------------------------------------------
11:04:35 : SCANNING : POLYCAB
circuit : 0.69%  2021-12-21T11:00:00+0530
adx : 46.37  aroonosc : 50.0
-----------------------------------------------
11:04:35 : SCANNING : POLYMED
circuit : -0.74%  2021-12-21T11:00:00+0530
adx : 21.98  aroonosc : 28.57
-----------------------------------------------
11:04:35 : SCANNING : POLYPLEX
circuit : 1.16%  2021-12-21T11:00:00+0530
adx : 23.37  aroonosc : 42.86
-----------------------------------------------
11:04:36 : SCANNING : POWERGRID
circuit : -1.3%  2021-12-21T11:00:00+0530
adx : 16.23  aroonosc : -28.57
-----------------------------------------------
11:04:36 : SCANNING : POWERINDIA
circuit : -0.24%  2021-12-21T11:00:00+0530
adx : 21.47  aroonosc : -85.71
-----------------------------------------------
11:04:37 : SCANNING : PRESTIGE
circuit : 0.8%  2021-12-21T11:00:00+0530
adx : 21.67  aroonosc : 7.14
-----------------------------------------------
11:04:37 : SCANNING : PRINCEPIPE
circuit : 1.91%  2021-12-21T11:00:00+0530
adx : 35.25  aroonosc : 71.43
-----------------------------------------------
11:04:38 : SCANNING : PRSMJOHNSN
circuit : 3.87%  2021-12-21T11:00:00+0530
adx : 35.54  aroonosc : 42.86
-----------------------------------------------
11:04:38 : SCANNING : PSB
circuit : 0.63%  2021-12-21T11:00:00+0530
adx : 21.76  aroonosc : -50.0
-----------------------------------------------
11:04:39 : SCANNING : PVR
circuit : 1.0%  2021-12-21T11:00:00+0530
adx : 27.61  aroonosc : 64.29
-----------------------------------------------
11:04:39 : SCANNING : QUESS
circuit : 0.71%  2021-12-21T11:00:00+0530
adx : 18.99  aroonosc : 14.29
-----------------------------------------------
11:04:39 : SCANNING : RADICO
circuit : 0.5%  2021-12-21T11:00:00+0530
adx : 20.23  aroonosc : -14.29
-----------------------------------------------
11:04:40 : SCANNING : RAIN
circuit : -0.56%  2021-12-21T11:00:00+0530
adx : 12.59  aroonosc : 28.57
-----------------------------------------------
11:04:40 : SCANNING : RAJESHEXPO
circuit : -0.05%  2021-12-21T11:00:00+0530
adx : 8.54  aroonosc : -35.71
-----------------------------------------------
11:04:40 : SCANNING : RALLIS
circuit : 0.24%  2021-12-21T11:00:00+0530
adx : 9.93  aroonosc : 71.43
-----------------------------------------------
11:04:41 : SCANNING : RAMCOCEM
circuit : 1.94%  2021-12-21T11:00:00+0530
adx : 23.88  aroonosc : 71.43
-----------------------------------------------
11:04:41 : SCANNING : RATNAMANI
circuit : 2.61%  2021-12-21T11:00:00+0530
adx : 36.92  aroonosc : -92.86
-----------------------------------------------
11:04:42 : SCANNING : RAYMOND
circuit : 0.53%  2021-12-21T11:00:00+0530
adx : 33.57  aroonosc : -14.29
-----------------------------------------------
11:04:42 : SCANNING : RBLBANK
circuit : 0.26%  2021-12-21T11:00:00+0530
adx : 21.38  aroonosc : 35.71
-----------------------------------------------
11:04:42 : SCANNING : RCF
circuit : 1.59%  2021-12-21T11:00:00+0530
adx : 29.24  aroonosc : 42.86
-----------------------------------------------
11:04:43 : SCANNING : RECLTD
circuit : 0.9%  2021-12-21T11:00:00+0530
adx : 42.53  aroonosc : 50.0
-----------------------------------------------
11:04:43 : SCANNING : REDINGTON
circuit : 0.82%  2021-12-21T11:00:00+0530
adx : 15.71  aroonosc : -21.43
-----------------------------------------------
11:04:44 : SCANNING : RELAXO
circuit : 2.54%  2021-12-21T11:00:00+0530
adx : 32.25  aroonosc : 35.71
-----------------------------------------------
11:04:44 : SCANNING : RELIANCE
circuit : 0.81%  2021-12-21T11:00:00+0530
adx : 53.53  aroonosc : 64.29
rpt : 1190.0
{'candle': 'green', 'type': 'BUY', 'instrument': 'RELIANCE', 'price': 2328.8, 'qty': 256, 'target': 2330.2, 'stoploss': 2327.3, 'volume': 27872, 'adx': 53.52580695929838, 'aroonosc': 64.28571428571429, 'atr': 6.208292317566591, 'open': 2327.5, 'high': 2330.2, 'low': 2327.3, 'close': 2330.05, 'product': 'MIS', 'time': '2021-12-21T11:00:00+0530'}
11:04:44 : Validation Failed : Time Gap in Seconds : 284
-----------------------------------------------
11:04:45 : SCANNING : RESPONIND
circuit : 2.43%  2021-12-21T11:00:00+0530
adx : 21.93  aroonosc : 7.14
-----------------------------------------------
11:04:45 : SCANNING : RHIM
circuit : 1.06%  2021-12-21T11:00:00+0530
adx : 34.91  aroonosc : 21.43
-----------------------------------------------
11:04:46 : SCANNING : RITES
circuit : -1.33%  2021-12-21T11:00:00+0530
adx : 16.92  aroonosc : -28.57
-----------------------------------------------
11:04:46 : SCANNING : ROSSARI
circuit : 0.38%  2021-12-21T11:00:00+0530
adx : 24.73  aroonosc : -28.57
-----------------------------------------------
11:04:47 : SCANNING : ROUTE
circuit : 1.01%  2021-12-21T11:00:00+0530
adx : 16.67  aroonosc : 42.86
-----------------------------------------------
11:04:47 : SCANNING : RVNL
circuit : 1.04%  2021-12-21T11:00:00+0530
adx : 50.12  aroonosc : 71.43
-----------------------------------------------
11:04:48 : SCANNING : SAIL
circuit : 1.91%  2021-12-21T11:00:00+0530
adx : 32.34  aroonosc : -42.86
-----------------------------------------------
11:04:49 : SCANNING : SANOFI
circuit : 0.2%  2021-12-21T11:00:00+0530
adx : 28.24  aroonosc : 100.0
-----------------------------------------------
11:04:49 : SCANNING : SBICARD
circuit : 0.86%  2021-12-21T11:00:00+0530
adx : 42.37  aroonosc : 57.14
-----------------------------------------------
11:04:50 : SCANNING : SBILIFE
circuit : -0.36%  2021-12-21T11:00:00+0530
adx : 16.87  aroonosc : 85.71
-----------------------------------------------
11:04:50 : SCANNING : SBIN
circuit : -0.01%  2021-12-21T11:00:00+0530
adx : 34.34  aroonosc : 71.43
-----------------------------------------------
11:04:51 : SCANNING : SCHAEFFLER
circuit : 2.4%  2021-12-21T11:00:00+0530
adx : 50.43  aroonosc : 50.0
-----------------------------------------------
11:04:51 : SCANNING : SCHNEIDER
circuit : -1.85%  2021-12-21T11:00:00+0530
adx : 17.91  aroonosc : -71.43
-----------------------------------------------
11:04:52 : SCANNING : SCI
circuit : 1.64%  2021-12-21T11:00:00+0530
adx : 19.04  aroonosc : 57.14
-----------------------------------------------
11:04:52 : SCANNING : SEQUENT
circuit : 1.63%  2021-12-21T11:00:00+0530
adx : 22.74  aroonosc : 78.57
-----------------------------------------------
11:04:53 : SCANNING : SFL
circuit : 1.64%  2021-12-21T11:00:00+0530
adx : 27.4  aroonosc : 42.86
-----------------------------------------------
11:04:53 : SCANNING : SHARDACROP
circuit : -3.02%  2021-12-21T11:00:00+0530
adx : 23.24  aroonosc : -71.43
-----------------------------------------------
11:04:54 : SCANNING : SHILPAMED
circuit : 4.22%  2021-12-21T11:00:00+0530
adx : 56.94  aroonosc : 100.0
-----------------------------------------------
11:04:54 : SCANNING : SHOPERSTOP
circuit : 1.93%  2021-12-21T11:00:00+0530
adx : 15.37  aroonosc : 100.0
-----------------------------------------------
11:04:55 : SCANNING : SHREECEM
circuit : 2.25%  2021-12-21T11:00:00+0530
adx : 46.51  aroonosc : 100.0
-----------------------------------------------
11:04:57 : SCANNING : SHRIRAMCIT
circuit : -1.75%  2021-12-21T11:00:00+0530
adx : 12.91  aroonosc : 64.29
-----------------------------------------------
11:04:59 : SCANNING : SIEMENS
circuit : 0.74%  2021-12-21T11:00:00+0530
adx : 34.58  aroonosc : 71.43
-----------------------------------------------
11:05:00 : SCANNING : SIS
circuit : 0.82%  2021-12-21T11:00:00+0530
adx : 52.08  aroonosc : 100.0
-----------------------------------------------
11:05:01 : SCANNING : SJVN
circuit : 1.08%  2021-12-21T11:00:00+0530
adx : 32.41  aroonosc : 71.43
-----------------------------------------------
11:05:01 : SCANNING : SKFINDIA
circuit : -0.16%  2021-12-21T11:00:00+0530
adx : 9.9  aroonosc : 35.71
-----------------------------------------------
11:05:02 : SCANNING : SOBHA
circuit : 2.1%  2021-12-21T11:00:00+0530
adx : 23.91  aroonosc : 85.71
-----------------------------------------------
11:05:02 : SCANNING : SOLARA
circuit : -0.2%  2021-12-21T11:05:00+0530
adx : 23.81  aroonosc : -85.71
-----------------------------------------------
11:05:02 : SCANNING : SOLARINDS
circuit : -0.67%  2021-12-21T11:00:00+0530
adx : 21.96  aroonosc : -85.71
-----------------------------------------------
11:05:03 : SCANNING : SONATSOFTW
circuit : 2.42%  2021-12-21T11:00:00+0530
adx : 33.9  aroonosc : 7.14
-----------------------------------------------
11:05:03 : SCANNING : SPANDANA
circuit : 0.01%  2021-12-21T11:00:00+0530
adx : 24.87  aroonosc : 7.14
-----------------------------------------------
11:05:04 : SCANNING : SPARC
circuit : 1.68%  2021-12-21T11:00:00+0530
adx : 13.12  aroonosc : -64.29
-----------------------------------------------
11:05:04 : SCANNING : SPICEJET
circuit : 0.23%  2021-12-21T11:00:00+0530
adx : 23.63  aroonosc : 28.57
-----------------------------------------------
11:05:05 : SCANNING : SRF
circuit : 1.61%  2021-12-21T11:05:00+0530
adx : 38.23  aroonosc : 85.71
-----------------------------------------------
11:05:05 : SCANNING : SRTRANSFIN
circuit : -1.73%  2021-12-21T11:00:00+0530
adx : 23.73  aroonosc : 35.71
-----------------------------------------------
11:05:07 : SCANNING : STAR
circuit : -0.85%  2021-12-21T11:05:00+0530
adx : 10.28  aroonosc : 35.71
-----------------------------------------------
11:05:07 : SCANNING : STARCEMENT
circuit : 0.27%  2021-12-21T11:05:00+0530
adx : 15.06  aroonosc : 71.43
-----------------------------------------------
11:05:08 : SCANNING : STLTECH
circuit : 0.92%  2021-12-21T11:05:00+0530
adx : 27.31  aroonosc : 0.0
-----------------------------------------------
11:05:08 : SCANNING : SUDARSCHEM
circuit : 1.41%  2021-12-21T11:05:00+0530
adx : 35.76  aroonosc : 42.86
-----------------------------------------------
11:05:09 : SCANNING : SUMICHEM
circuit : 0.84%  2021-12-21T11:05:00+0530
adx : 14.78  aroonosc : -14.29
-----------------------------------------------
11:05:09 : SCANNING : SUNCLAYLTD
circuit : 0.99%  2021-12-21T11:00:00+0530
adx : 17.28  aroonosc : 57.14
-----------------------------------------------
11:05:10 : SCANNING : SUNDARMFIN
circuit : -0.53%  2021-12-21T11:05:00+0530
adx : 29.18  aroonosc : 0.0
-----------------------------------------------
11:05:10 : SCANNING : SUNDRMFAST
circuit : -2.16%  2021-12-21T11:05:00+0530
adx : 16.8  aroonosc : 14.29
-----------------------------------------------
11:05:11 : SCANNING : SUNPHARMA
circuit : 2.22%  2021-12-21T11:05:00+0530
adx : 41.77  aroonosc : 14.29
-----------------------------------------------
11:05:11 : SCANNING : SUNTECK
circuit : 0.94%  2021-12-21T11:05:00+0530
adx : 25.28  aroonosc : -100.0
-----------------------------------------------
11:05:11 : SCANNING : SUNTV
circuit : 0.72%  2021-12-21T11:00:00+0530
adx : 30.57  aroonosc : 100.0
-----------------------------------------------
11:05:12 : SCANNING : SUPPETRO
circuit : 1.04%  2021-12-21T11:00:00+0530
adx : 28.18  aroonosc : -71.43
-----------------------------------------------
11:05:12 : SCANNING : SUPRAJIT
circuit : 2.17%  2021-12-21T11:05:00+0530
adx : 46.84  aroonosc : 85.71
-----------------------------------------------
11:05:12 : SCANNING : SUPREMEIND
circuit : 3.13%  2021-12-21T11:05:00+0530
adx : 61.6  aroonosc : -21.43
-----------------------------------------------
11:05:13 : SCANNING : SUVENPHAR
circuit : 1.27%  2021-12-21T11:05:00+0530
adx : 13.21  aroonosc : 57.14
-----------------------------------------------
11:05:13 : SCANNING : SUZLON
circuit : 2.05%  2021-12-21T11:05:00+0530
adx : 36.14  aroonosc : 64.29
-----------------------------------------------
11:05:13 : SCANNING : SWANENERGY
circuit : 1.81%  2021-12-21T11:05:00+0530
adx : 26.48  aroonosc : 28.57
-----------------------------------------------
11:05:14 : SCANNING : SWSOLAR
circuit : 0.22%  2021-12-21T11:05:00+0530
adx : 13.18  aroonosc : -85.71
-----------------------------------------------
11:05:14 : SCANNING : SYMPHONY
circuit : 0.66%  2021-12-21T11:05:00+0530
adx : 34.38  aroonosc : 78.57
-----------------------------------------------
11:05:15 : SCANNING : SYNGENE
circuit : 0.43%  2021-12-21T11:05:00+0530
adx : 32.2  aroonosc : 42.86
-----------------------------------------------
11:05:15 : SCANNING : TASTYBITE
circuit : -0.88%  2021-12-21T11:00:00+0530
adx : 26.63  aroonosc : 78.57
-----------------------------------------------
11:05:16 : SCANNING : TATACHEM
circuit : 1.55%  2021-12-21T11:00:00+0530
adx : 37.13  aroonosc : 50.0
-----------------------------------------------
11:05:16 : SCANNING : TATACOFFEE
circuit : 1.28%  2021-12-21T11:05:00+0530
adx : 22.12  aroonosc : -50.0
-----------------------------------------------
11:05:17 : SCANNING : TATACOMM
circuit : 0.46%  2021-12-21T11:05:00+0530
adx : 17.0  aroonosc : 85.71
-----------------------------------------------
11:05:17 : SCANNING : TATACONSUM
circuit : 1.72%  2021-12-21T11:05:00+0530
adx : 47.29  aroonosc : 71.43
-----------------------------------------------
11:05:17 : SCANNING : TATAELXSI
circuit : 0.01%  2021-12-21T11:05:00+0530
adx : 10.95  aroonosc : 42.86
-----------------------------------------------
11:05:18 : SCANNING : TATAINVEST
circuit : 0.4%  2021-12-21T11:05:00+0530
adx : 32.15  aroonosc : 64.29
-----------------------------------------------
11:05:18 : SCANNING : TATAMOTORS
circuit : 1.29%  2021-12-21T11:00:00+0530
adx : 29.71  aroonosc : 50.0
-----------------------------------------------
11:05:19 : SCANNING : TATAPOWER
circuit : 0.61%  2021-12-21T11:00:00+0530
adx : 36.15  aroonosc : 42.86
-----------------------------------------------
11:05:19 : SCANNING : TATASTEEL
circuit : 2.2%  2021-12-21T11:00:00+0530
adx : 45.81  aroonosc : 64.29
-----------------------------------------------
11:05:19 : SCANNING : TCIEXP
circuit : 5.36%  2021-12-21T11:05:00+0530
adx : 30.51  aroonosc : 92.86
-----------------------------------------------
11:05:20 : SCANNING : TCNSBRANDS
circuit : 2.37%  2021-12-21T11:05:00+0530
adx : 13.21  aroonosc : 0.0
-----------------------------------------------
11:05:20 : SCANNING : TCS
circuit : 1.32%  2021-12-21T11:00:00+0530
adx : 48.16  aroonosc : 57.14
-----------------------------------------------
11:05:20 : SCANNING : TEAMLEASE
circuit : 0.44%  2021-12-21T11:05:00+0530
adx : 10.07  aroonosc : -14.29
-----------------------------------------------
11:05:21 : SCANNING : TECHM
circuit : 2.46%  2021-12-21T11:00:00+0530
adx : 36.43  aroonosc : 71.43
-----------------------------------------------
11:05:21 : SCANNING : THERMAX
circuit : 1.46%  2021-12-21T11:05:00+0530
adx : 32.52  aroonosc : 78.57
-----------------------------------------------
11:05:22 : SCANNING : THYROCARE
circuit : -1.09%  2021-12-21T11:05:00+0530
adx : 17.94  aroonosc : -57.14
-----------------------------------------------
11:05:22 : SCANNING : TIINDIA
circuit : 0.24%  2021-12-21T11:05:00+0530
adx : 21.04  aroonosc : 50.0
-----------------------------------------------
11:05:23 : SCANNING : TIMKEN
circuit : 2.39%  2021-12-21T11:05:00+0530
adx : 47.49  aroonosc : 57.14
-----------------------------------------------
11:05:23 : SCANNING : TITAN
circuit : 2.3%  2021-12-21T11:00:00+0530
adx : 43.52  aroonosc : 92.86
-----------------------------------------------
11:05:24 : SCANNING : TORNTPHARM
circuit : 0.89%  2021-12-21T11:05:00+0530
adx : 25.52  aroonosc : -50.0
-----------------------------------------------
11:05:24 : SCANNING : TORNTPOWER
circuit : 0.27%  2021-12-21T11:00:00+0530
adx : 25.37  aroonosc : -7.14
-----------------------------------------------
11:05:25 : SCANNING : TRENT
circuit : -0.33%  2021-12-21T11:05:00+0530
adx : 27.78  aroonosc : -28.57
-----------------------------------------------
11:05:26 : SCANNING : TRIDENT
circuit : 5.34%  2021-12-21T11:05:00+0530
adx : 14.95  aroonosc : -42.86
-----------------------------------------------
11:05:26 : SCANNING : TRITURBINE
circuit : -1.55%  2021-12-21T11:05:00+0530
adx : 46.31  aroonosc : -64.29
-----------------------------------------------
11:05:27 : SCANNING : TTKPRESTIG
circuit : 2.29%  2021-12-21T11:00:00+0530
adx : 18.71  aroonosc : -71.43
-----------------------------------------------
11:05:27 : SCANNING : TV18BRDCST
circuit : 0.79%  2021-12-21T11:05:00+0530
adx : 13.21  aroonosc : 57.14
-----------------------------------------------
11:05:27 : SCANNING : TVSMOTOR
circuit : 1.44%  2021-12-21T11:00:00+0530
adx : 43.4  aroonosc : 57.14
-----------------------------------------------
11:05:28 : SCANNING : UBL
circuit : 2.1%  2021-12-21T11:05:00+0530
adx : 30.1  aroonosc : 0.0
-----------------------------------------------
11:05:28 : SCANNING : UCOBANK
circuit : 1.57%  2021-12-21T11:05:00+0530
adx : 48.58  aroonosc : 64.29
-----------------------------------------------
11:05:29 : SCANNING : UFLEX
circuit : -1.44%  2021-12-21T11:05:00+0530
adx : 37.38  aroonosc : 42.86
-----------------------------------------------
11:05:29 : SCANNING : UJJIVAN
circuit : -0.42%  2021-12-21T11:05:00+0530
adx : 19.17  aroonosc : -21.43
-----------------------------------------------
11:05:30 : SCANNING : UJJIVANSFB
-----------------------------------------------
11:05:30 : SCANNING : ULTRACEMCO
circuit : 0.95%  2021-12-21T11:05:00+0530
adx : 30.93  aroonosc : 78.57
-----------------------------------------------
11:05:31 : SCANNING : UNIONBANK
circuit : 1.3%  2021-12-21T11:05:00+0530
adx : 9.71  aroonosc : -21.43
-----------------------------------------------
11:05:31 : SCANNING : UPL
circuit : 1.84%  2021-12-21T11:05:00+0530
adx : 45.0  aroonosc : 71.43
-----------------------------------------------
11:05:32 : SCANNING : UTIAMC
circuit : 1.55%  2021-12-21T11:05:00+0530
adx : 12.14  aroonosc : -42.86
-----------------------------------------------
11:05:32 : SCANNING : VAIBHAVGBL
circuit : 0.04%  2021-12-21T11:05:00+0530
adx : 24.07  aroonosc : 57.14
-----------------------------------------------
11:05:32 : SCANNING : VAKRANGEE
circuit : 1.69%  2021-12-21T11:05:00+0530
adx : 34.31  aroonosc : 35.71
-----------------------------------------------
11:05:33 : SCANNING : VALIANTORG
circuit : 0.91%  2021-12-21T11:05:00+0530
adx : 16.55  aroonosc : 57.14
-----------------------------------------------
11:05:33 : SCANNING : VARROC
circuit : 2.75%  2021-12-21T11:05:00+0530
adx : 27.7  aroonosc : 42.86
-----------------------------------------------
11:05:34 : SCANNING : VBL
circuit : 0.59%  2021-12-21T11:05:00+0530
adx : 12.04  aroonosc : 28.57
-----------------------------------------------
11:05:34 : SCANNING : VEDL
circuit : 1.82%  2021-12-21T11:05:00+0530
adx : 60.88  aroonosc : 64.29
-----------------------------------------------
11:05:35 : SCANNING : VENKEYS
circuit : -0.28%  2021-12-21T11:05:00+0530
adx : 27.6  aroonosc : 50.0
-----------------------------------------------
11:05:35 : SCANNING : VGUARD
circuit : -0.2%  2021-12-21T11:05:00+0530
adx : 12.11  aroonosc : -92.86
-----------------------------------------------
11:05:36 : SCANNING : VINATIORGA
circuit : -3.25%  2021-12-21T11:05:00+0530
adx : 23.83  aroonosc : -78.57
-----------------------------------------------
11:05:36 : SCANNING : VIPIND
circuit : 4.38%  2021-12-21T11:05:00+0530
adx : 33.02  aroonosc : 92.86
-----------------------------------------------
11:05:37 : SCANNING : VMART
circuit : -0.48%  2021-12-21T11:05:00+0530
adx : 19.98  aroonosc : 100.0
-----------------------------------------------
11:05:37 : SCANNING : VOLTAS
circuit : 0.73%  2021-12-21T11:05:00+0530
adx : 36.54  aroonosc : 7.14
-----------------------------------------------
11:05:38 : SCANNING : VSTIND
circuit : 0.09%  2021-12-21T11:05:00+0530
adx : 15.23  aroonosc : -57.14
-----------------------------------------------
11:05:38 : SCANNING : VTL
circuit : 6.84%  2021-12-21T11:00:00+0530
adx : 46.42  aroonosc : 85.71
-----------------------------------------------
11:05:39 : SCANNING : WABCOINDIA
circuit : 0.31%  2021-12-21T11:05:00+0530
adx : 11.16  aroonosc : -92.86
-----------------------------------------------
11:05:39 : SCANNING : WELCORP
circuit : 3.62%  2021-12-21T11:05:00+0530
adx : 38.44  aroonosc : -21.43
-----------------------------------------------
11:05:40 : SCANNING : WELSPUNIND
circuit : 1.17%  2021-12-21T11:05:00+0530
adx : 22.78  aroonosc : -85.71
-----------------------------------------------
11:05:41 : SCANNING : WESTLIFE
circuit : 0.42%  2021-12-21T11:05:00+0530
adx : 25.5  aroonosc : 57.14
-----------------------------------------------
11:05:41 : SCANNING : WHIRLPOOL
circuit : 0.96%  2021-12-21T11:05:00+0530
adx : 13.14  aroonosc : -92.86
-----------------------------------------------
11:05:41 : SCANNING : WIPRO
circuit : 1.52%  2021-12-21T11:00:00+0530
adx : 56.92  aroonosc : 21.43
-----------------------------------------------
11:05:42 : SCANNING : WOCKPHARMA
circuit : -0.2%  2021-12-21T11:05:00+0530
adx : 16.28  aroonosc : -71.43
-----------------------------------------------
11:05:42 : SCANNING : YESBANK
circuit : 0.38%  2021-12-21T11:05:00+0530
adx : 49.45  aroonosc : 100.0
-----------------------------------------------
11:05:43 : SCANNING : ZEEL
circuit : 3.2%  2021-12-21T11:00:00+0530
adx : 32.02  aroonosc : 100.0
-----------------------------------------------
11:05:43 : SCANNING : ZENSARTECH
circuit : 3.57%  2021-12-21T11:05:00+0530
adx : 46.3  aroonosc : 7.14
-----------------------------------------------
11:05:44 : SCANNING : ZYDUSWELL
circuit : -0.91%  2021-12-21T11:05:00+0530
adx : 39.12  aroonosc : 78.57
-----------------------------------------------
11:05:45 : SCANNING : PAYTM
circuit : 1.68%  2021-12-21T11:00:00+0530
adx : 19.54  aroonosc : -85.71
-----------------------------------------------
===================================================
11:05:45 : END
===================================================
Start Time     : 2021-12-21 11:02:02.511976
End Time       : 2021-12-21 11:05:45.063980
Time Taken     : 3.0
===================================================
