===================================================
11:00:02 : START
===================================================
11:00:02 : PROCESSING INSTRUMENTS SYMBOLS
-----------------------------------------------
11:00:02 : SCANNING : 3MINDIA
circuit : -0.19%  2021-12-21T11:00:00+0530
adx : 28.24  aroonosc : 42.86
-----------------------------------------------
11:00:03 : SCANNING : AARTIDRUGS
circuit : 0.46%  2021-12-21T11:00:00+0530
adx : 12.51  aroonosc : 21.43
-----------------------------------------------
11:00:03 : SCANNING : AARTIIND
circuit : 1.31%  2021-12-21T11:00:00+0530
adx : 38.99  aroonosc : 50.0
-----------------------------------------------
11:00:04 : SCANNING : AAVAS
circuit : 1.23%  2021-12-21T11:00:00+0530
adx : 56.35  aroonosc : 92.86
-----------------------------------------------
11:00:04 : SCANNING : ABB
circuit : 1.32%  2021-12-21T11:00:00+0530
adx : 18.92  aroonosc : 42.86
-----------------------------------------------
11:00:05 : SCANNING : ABBOTINDIA
circuit : -0.13%  2021-12-21T11:00:00+0530
adx : 30.12  aroonosc : 42.86
-----------------------------------------------
11:00:05 : SCANNING : ABCAPITAL
circuit : 2.86%  2021-12-21T10:55:00+0530
adx : 32.23  aroonosc : -28.57
-----------------------------------------------
11:00:05 : SCANNING : ABFRL
circuit : 2.95%  2021-12-21T11:00:00+0530
adx : 41.95  aroonosc : 14.29
-----------------------------------------------
11:00:06 : SCANNING : ACC
circuit : 1.51%  2021-12-21T11:00:00+0530
adx : 46.62  aroonosc : 85.71
-----------------------------------------------
11:00:06 : SCANNING : ADANIENT
circuit : 0.73%  2021-12-21T10:55:00+0530
adx : 41.07  aroonosc : 50.0
-----------------------------------------------
11:00:07 : SCANNING : ADANIGREEN
circuit : 0.11%  2021-12-21T10:55:00+0530
adx : 24.15  aroonosc : 14.29
-----------------------------------------------
11:00:07 : SCANNING : ADANIPORTS
circuit : -0.63%  2021-12-21T11:00:00+0530
adx : 19.05  aroonosc : -28.57
-----------------------------------------------
11:00:07 : SCANNING : ADVENZYMES
circuit : 1.38%  2021-12-21T10:55:00+0530
adx : 21.04  aroonosc : 50.0
-----------------------------------------------
11:00:08 : SCANNING : AEGISCHEM
circuit : -2.09%  2021-12-21T10:55:00+0530
adx : 39.22  aroonosc : 64.29
-----------------------------------------------
11:00:08 : SCANNING : AFFLE
circuit : 1.12%  2021-12-21T11:00:00+0530
adx : 13.8  aroonosc : -21.43
-----------------------------------------------
11:00:09 : SCANNING : AIAENG
circuit : -0.68%  2021-12-21T11:00:00+0530
adx : 15.13  aroonosc : -71.43
-----------------------------------------------
11:00:09 : SCANNING : AJANTPHARM
circuit : -0.52%  2021-12-21T11:00:00+0530
adx : 16.29  aroonosc : 71.43
-----------------------------------------------
11:00:10 : SCANNING : AKZOINDIA
circuit : -1.34%  2021-12-21T10:55:00+0530
adx : 34.9  aroonosc : -71.43
-----------------------------------------------
11:00:10 : SCANNING : ALEMBICLTD
circuit : -0.61%  2021-12-21T11:00:00+0530
adx : 12.08  aroonosc : -7.14
-----------------------------------------------
11:00:10 : SCANNING : ALKEM
circuit : 0.46%  2021-12-21T11:00:00+0530
adx : 10.64  aroonosc : -35.71
-----------------------------------------------
11:00:11 : SCANNING : ALKYLAMINE
circuit : -1.75%  2021-12-21T11:00:00+0530
adx : 47.92  aroonosc : -14.29
-----------------------------------------------
11:00:11 : SCANNING : ALOKINDS
circuit : 1.54%  2021-12-21T10:55:00+0530
adx : 39.1  aroonosc : 100.0
-----------------------------------------------
11:00:12 : SCANNING : AMARAJABAT
circuit : 0.42%  2021-12-21T11:00:00+0530
adx : 36.71  aroonosc : 64.29
-----------------------------------------------
11:00:12 : SCANNING : AMBER
circuit : 3.09%  2021-12-21T11:00:00+0530
adx : 41.32  aroonosc : 50.0
-----------------------------------------------
11:00:13 : SCANNING : AMBUJACEM
circuit : 2.44%  2021-12-21T11:00:00+0530
adx : 50.79  aroonosc : 92.86
-----------------------------------------------
11:00:13 : SCANNING : ANGELBRKG
circuit : 2.2%  2021-12-21T11:00:00+0530
adx : 37.98  aroonosc : 50.0
-----------------------------------------------
11:00:13 : SCANNING : APLAPOLLO
circuit : 2.74%  2021-12-21T10:55:00+0530
adx : 16.51  aroonosc : 71.43
-----------------------------------------------
11:00:14 : SCANNING : APLLTD
circuit : -1.35%  2021-12-21T11:00:00+0530
adx : 42.93  aroonosc : -92.86
-----------------------------------------------
11:00:14 : SCANNING : APOLLOHOSP
circuit : -0.69%  2021-12-21T11:00:00+0530
adx : 26.7  aroonosc : 28.57
-----------------------------------------------
11:00:14 : SCANNING : APOLLOTYRE
circuit : 0.64%  2021-12-21T11:00:00+0530
adx : 20.05  aroonosc : 50.0
-----------------------------------------------
11:00:15 : SCANNING : ASAHIINDIA
circuit : -1.04%  2021-12-21T11:00:00+0530
adx : 31.35  aroonosc : -35.71
-----------------------------------------------
11:00:15 : SCANNING : ASHOKA
circuit : 0.33%  2021-12-21T11:00:00+0530
adx : 17.12  aroonosc : -28.57
-----------------------------------------------
11:00:16 : SCANNING : ASHOKLEY
circuit : 2.17%  2021-12-21T11:00:00+0530
adx : 46.32  aroonosc : 64.29
-----------------------------------------------
11:00:16 : SCANNING : ASIANPAINT
circuit : 1.22%  2021-12-21T11:00:00+0530
adx : 43.76  aroonosc : 100.0
-----------------------------------------------
11:00:16 : SCANNING : ASTERDM
circuit : -0.23%  2021-12-21T11:00:00+0530
adx : 40.18  aroonosc : 71.43
-----------------------------------------------
11:00:17 : SCANNING : ASTRAL
circuit : -1.83%  2021-12-21T11:00:00+0530
adx : 16.92  aroonosc : -7.14
-----------------------------------------------
11:00:17 : SCANNING : ASTRAZEN
circuit : -0.69%  2021-12-21T10:55:00+0530
adx : 26.42  aroonosc : -42.86
-----------------------------------------------
11:00:18 : SCANNING : ATUL
circuit : 0.64%  2021-12-21T11:00:00+0530
adx : 24.81  aroonosc : 85.71
-----------------------------------------------
11:00:18 : SCANNING : AUBANK
circuit : 4.08%  2021-12-21T11:00:00+0530
adx : 52.49  aroonosc : 57.14
-----------------------------------------------
11:00:18 : SCANNING : AUROPHARMA
circuit : -0.36%  2021-12-21T11:00:00+0530
adx : 25.31  aroonosc : 35.71
-----------------------------------------------
11:00:19 : SCANNING : AVANTIFEED
circuit : -0.83%  2021-12-21T11:00:00+0530
adx : 38.59  aroonosc : -92.86
-----------------------------------------------
11:00:19 : SCANNING : AXISBANK
circuit : -0.95%  2021-12-21T10:55:00+0530
adx : 19.79  aroonosc : 14.29
-----------------------------------------------
11:00:20 : SCANNING : BAJAJ-AUTO
circuit : 0.88%  2021-12-21T10:55:00+0530
adx : 45.69  aroonosc : 42.86
-----------------------------------------------
11:00:20 : SCANNING : BAJAJCON
circuit : 0.1%  2021-12-21T11:00:00+0530
adx : 19.58  aroonosc : 7.14
-----------------------------------------------
11:00:21 : SCANNING : BAJAJELEC
circuit : -0.67%  2021-12-21T10:55:00+0530
adx : 19.79  aroonosc : -71.43
-----------------------------------------------
11:00:21 : SCANNING : BAJAJFINSV
circuit : -0.87%  2021-12-21T11:00:00+0530
adx : 39.78  aroonosc : 57.14
-----------------------------------------------
11:00:21 : SCANNING : BAJAJHLDNG
circuit : -0.08%  2021-12-21T11:00:00+0530
adx : 13.51  aroonosc : -21.43
-----------------------------------------------
11:00:22 : SCANNING : BAJFINANCE
circuit : -0.08%  2021-12-21T10:55:00+0530
adx : 30.52  aroonosc : 50.0
-----------------------------------------------
11:00:22 : SCANNING : BALAMINES
circuit : 0.22%  2021-12-21T11:00:00+0530
adx : 10.61  aroonosc : 71.43
-----------------------------------------------
11:00:23 : SCANNING : BALKRISIND
circuit : -0.82%  2021-12-21T11:00:00+0530
adx : 15.11  aroonosc : 42.86
-----------------------------------------------
11:00:23 : SCANNING : BALMLAWRIE
circuit : 1.37%  2021-12-21T10:55:00+0530
adx : 31.67  aroonosc : 85.71
-----------------------------------------------
11:00:23 : SCANNING : BALRAMCHIN
circuit : 1.85%  2021-12-21T11:00:00+0530
adx : 44.05  aroonosc : 14.29
-----------------------------------------------
11:00:24 : SCANNING : BANDHANBNK
circuit : 0.18%  2021-12-21T11:00:00+0530
adx : 22.81  aroonosc : -21.43
-----------------------------------------------
11:00:24 : SCANNING : BANKBARODA
circuit : 0.8%  2021-12-21T11:00:00+0530
adx : 12.86  aroonosc : -28.57
-----------------------------------------------
11:00:25 : SCANNING : BANKINDIA
circuit : 1.29%  2021-12-21T11:00:00+0530
adx : 46.19  aroonosc : 14.29
-----------------------------------------------
11:00:25 : SCANNING : BASF
circuit : 0.38%  2021-12-21T10:55:00+0530
adx : 35.12  aroonosc : -71.43
-----------------------------------------------
11:00:26 : SCANNING : BATAINDIA
circuit : 1.08%  2021-12-21T11:00:00+0530
adx : 21.26  aroonosc : -57.14
-----------------------------------------------
11:00:26 : SCANNING : BAYERCROP
circuit : -1.98%  2021-12-21T10:55:00+0530
adx : 20.36  aroonosc : -100.0
-----------------------------------------------
11:00:27 : SCANNING : BBTC
circuit : 0.08%  2021-12-21T10:55:00+0530
adx : 22.54  aroonosc : 35.71
-----------------------------------------------
11:00:27 : SCANNING : BDL
circuit : 1.4%  2021-12-21T11:00:00+0530
adx : 32.51  aroonosc : -85.71
-----------------------------------------------
11:00:27 : SCANNING : BEL
circuit : 1.31%  2021-12-21T11:00:00+0530
adx : 35.3  aroonosc : 64.29
-----------------------------------------------
11:00:28 : SCANNING : BEML
circuit : 1.74%  2021-12-21T11:00:00+0530
adx : 39.25  aroonosc : -92.86
-----------------------------------------------
11:00:28 : SCANNING : BERGEPAINT
circuit : 0.6%  2021-12-21T11:00:00+0530
adx : 36.52  aroonosc : 50.0
-----------------------------------------------
11:00:29 : SCANNING : BHARATFORG
circuit : 1.06%  2021-12-21T11:00:00+0530
adx : 22.98  aroonosc : 57.14
-----------------------------------------------
11:00:29 : SCANNING : BHARATRAS
circuit : 2.12%  2021-12-21T10:55:00+0530
adx : 40.82  aroonosc : -7.14
-----------------------------------------------
11:00:30 : SCANNING : BHARTIARTL
circuit : 0.35%  2021-12-21T10:55:00+0530
adx : 32.77  aroonosc : 21.43
-----------------------------------------------
11:00:30 : SCANNING : BHEL
circuit : 0.52%  2021-12-21T10:55:00+0530
adx : 18.02  aroonosc : 42.86
-----------------------------------------------
11:00:31 : SCANNING : BIOCON
circuit : 0.57%  2021-12-21T11:00:00+0530
adx : 10.13  aroonosc : 57.14
-----------------------------------------------
11:00:31 : SCANNING : BIRLACORPN
circuit : 3.04%  2021-12-21T11:00:00+0530
adx : 24.3  aroonosc : 35.71
-----------------------------------------------
11:00:31 : SCANNING : BLISSGVS
circuit : 1.37%  2021-12-21T10:55:00+0530
adx : 25.05  aroonosc : 92.86
-----------------------------------------------
11:00:32 : SCANNING : BLUEDART
circuit : 1.12%  2021-12-21T11:00:00+0530
adx : 32.5  aroonosc : -71.43
-----------------------------------------------
11:00:32 : SCANNING : BLUESTARCO
circuit : -1.22%  2021-12-21T11:00:00+0530
adx : 21.08  aroonosc : 35.71
-----------------------------------------------
11:00:33 : SCANNING : BOSCHLTD
circuit : 3.42%  2021-12-21T11:00:00+0530
adx : 56.94  aroonosc : 14.29
-----------------------------------------------
11:00:33 : SCANNING : BPCL
circuit : -0.6%  2021-12-21T10:55:00+0530
adx : 21.79  aroonosc : 92.86
-----------------------------------------------
11:00:33 : SCANNING : BRIGADE
circuit : 3.24%  2021-12-21T11:00:00+0530
adx : 33.27  aroonosc : -14.29
-----------------------------------------------
11:00:34 : SCANNING : BRITANNIA
circuit : 1.59%  2021-12-21T11:00:00+0530
adx : 36.75  aroonosc : 78.57
-----------------------------------------------
11:00:34 : SCANNING : BSE
circuit : -1.05%  2021-12-21T11:00:00+0530
adx : 11.48  aroonosc : -71.43
-----------------------------------------------
11:00:35 : SCANNING : BSOFT
circuit : 0.23%  2021-12-21T11:00:00+0530
adx : 31.89  aroonosc : 64.29
-----------------------------------------------
11:00:35 : SCANNING : BURGERKING
circuit : 0.84%  2021-12-21T11:00:00+0530
adx : 24.39  aroonosc : -85.71
-----------------------------------------------
11:00:35 : SCANNING : CADILAHC
circuit : 1.04%  2021-12-21T11:00:00+0530
adx : 41.93  aroonosc : 78.57
-----------------------------------------------
11:00:36 : SCANNING : CAMS
circuit : -0.26%  2021-12-21T11:00:00+0530
adx : 21.3  aroonosc : -21.43
-----------------------------------------------
11:00:36 : SCANNING : CANBK
circuit : 0.08%  2021-12-21T10:55:00+0530
adx : 22.36  aroonosc : -28.57
-----------------------------------------------
11:00:37 : SCANNING : CANFINHOME
circuit : 0.54%  2021-12-21T11:00:00+0530
adx : 22.7  aroonosc : 50.0
-----------------------------------------------
11:00:37 : SCANNING : CAPLIPOINT
circuit : 0.77%  2021-12-21T10:55:00+0530
adx : 25.3  aroonosc : -28.57
-----------------------------------------------
11:00:38 : SCANNING : CARBORUNIV
circuit : 1.6%  2021-12-21T11:00:00+0530
adx : 14.18  aroonosc : 50.0
-----------------------------------------------
11:00:38 : SCANNING : CASTROLIND
circuit : -0.98%  2021-12-21T11:00:00+0530
adx : 14.75  aroonosc : -64.29
-----------------------------------------------
11:00:39 : SCANNING : CCL
circuit : 2.02%  2021-12-21T11:00:00+0530
adx : 42.34  aroonosc : 78.57
-----------------------------------------------
11:00:39 : SCANNING : CEATLTD
circuit : 0.48%  2021-12-21T11:00:00+0530
adx : 12.77  aroonosc : 85.71
-----------------------------------------------
11:00:39 : SCANNING : CENTRALBK
circuit : 1.18%  2021-12-21T10:55:00+0530
adx : 33.82  aroonosc : -21.43
-----------------------------------------------
11:00:40 : SCANNING : CENTURYPLY
circuit : 1.46%  2021-12-21T10:55:00+0530
adx : 11.86  aroonosc : 71.43
-----------------------------------------------
11:00:40 : SCANNING : CENTURYTEX
circuit : 3.1%  2021-12-21T11:00:00+0530
adx : 25.09  aroonosc : 50.0
-----------------------------------------------
11:00:41 : SCANNING : CERA
circuit : 3.83%  2021-12-21T11:00:00+0530
adx : 35.41  aroonosc : 28.57
-----------------------------------------------
11:00:41 : SCANNING : CESC
circuit : 1.58%  2021-12-21T11:00:00+0530
adx : 38.39  aroonosc : 57.14
-----------------------------------------------
11:00:41 : SCANNING : CGCL
circuit : -0.29%  2021-12-21T11:00:00+0530
adx : 19.27  aroonosc : -64.29
-----------------------------------------------
11:00:42 : SCANNING : CHALET
circuit : 0.29%  2021-12-21T11:00:00+0530
adx : 10.61  aroonosc : 35.71
-----------------------------------------------
11:00:42 : SCANNING : CHAMBLFERT
circuit : -0.22%  2021-12-21T11:00:00+0530
adx : 18.8  aroonosc : -50.0
-----------------------------------------------
11:00:43 : SCANNING : CHOLAFIN
circuit : 2.08%  2021-12-21T10:55:00+0530
adx : 35.87  aroonosc : 64.29
-----------------------------------------------
11:00:43 : SCANNING : CHOLAHLDNG
circuit : 1.06%  2021-12-21T11:00:00+0530
adx : 21.86  aroonosc : 71.43
-----------------------------------------------
11:00:44 : SCANNING : CIPLA
circuit : -0.5%  2021-12-21T10:55:00+0530
adx : 12.04  aroonosc : -57.14
-----------------------------------------------
11:00:44 : SCANNING : COALINDIA
circuit : 1.8%  2021-12-21T11:00:00+0530
adx : 42.23  aroonosc : 64.29
-----------------------------------------------
11:00:44 : SCANNING : COCHINSHIP
circuit : 1.21%  2021-12-21T10:55:00+0530
adx : 15.87  aroonosc : 7.14
-----------------------------------------------
11:00:45 : SCANNING : COFORGE
circuit : 1.87%  2021-12-21T11:00:00+0530
adx : 46.06  aroonosc : -92.86
-----------------------------------------------
11:00:45 : SCANNING : COLPAL
circuit : 1.8%  2021-12-21T11:00:00+0530
adx : 42.48  aroonosc : 64.29
-----------------------------------------------
11:00:46 : SCANNING : CONCOR
circuit : -0.04%  2021-12-21T11:00:00+0530
adx : 19.02  aroonosc : 42.86
-----------------------------------------------
11:00:46 : SCANNING : COROMANDEL
circuit : 0.15%  2021-12-21T11:00:00+0530
adx : 10.29  aroonosc : 85.71
-----------------------------------------------
11:00:46 : SCANNING : CREDITACC
circuit : -1.91%  2021-12-21T10:55:00+0530
adx : 10.34  aroonosc : -64.29
-----------------------------------------------
11:00:47 : SCANNING : CRISIL
circuit : 1.83%  2021-12-21T11:00:00+0530
adx : 33.88  aroonosc : 85.71
-----------------------------------------------
11:00:48 : SCANNING : CROMPTON
circuit : 0.17%  2021-12-21T11:00:00+0530
adx : 17.45  aroonosc : 35.71
-----------------------------------------------
11:00:48 : SCANNING : CSBBANK
circuit : 0.99%  2021-12-21T11:00:00+0530
adx : 14.58  aroonosc : 35.71
-----------------------------------------------
11:00:49 : SCANNING : CUB
circuit : 0.63%  2021-12-21T11:00:00+0530
adx : 25.16  aroonosc : 14.29
-----------------------------------------------
11:00:49 : SCANNING : CUMMINSIND
circuit : 1.12%  2021-12-21T10:55:00+0530
adx : 29.66  aroonosc : -7.14
-----------------------------------------------
11:00:50 : SCANNING : CYIENT
circuit : -0.13%  2021-12-21T11:00:00+0530
adx : 14.8  aroonosc : -50.0
-----------------------------------------------
11:00:50 : SCANNING : DABUR
circuit : 0.93%  2021-12-21T11:00:00+0530
adx : 51.84  aroonosc : 92.86
-----------------------------------------------
11:00:50 : SCANNING : DALBHARAT
circuit : 4.89%  2021-12-21T11:00:00+0530
adx : 53.9  aroonosc : 85.71
-----------------------------------------------
11:00:51 : SCANNING : DBL
circuit : -0.99%  2021-12-21T11:00:00+0530
adx : 46.21  aroonosc : 50.0
-----------------------------------------------
11:00:51 : SCANNING : DCAL
circuit : 2.05%  2021-12-21T11:00:00+0530
adx : 26.66  aroonosc : 50.0
-----------------------------------------------
11:00:52 : SCANNING : DCBBANK
circuit : 2.43%  2021-12-21T11:00:00+0530
adx : 36.92  aroonosc : 71.43
-----------------------------------------------
11:00:52 : SCANNING : DCMSHRIRAM
circuit : 0.99%  2021-12-21T11:00:00+0530
adx : 15.32  aroonosc : 28.57
-----------------------------------------------
11:00:53 : SCANNING : DEEPAKNTR
circuit : 2.57%  2021-12-21T11:00:00+0530
adx : 42.37  aroonosc : 71.43
-----------------------------------------------
11:00:53 : SCANNING : DELTACORP
circuit : 1.03%  2021-12-21T11:00:00+0530
adx : 26.7  aroonosc : 78.57
-----------------------------------------------
11:00:53 : SCANNING : DHANI
circuit : 3.71%  2021-12-21T11:00:00+0530
adx : 32.54  aroonosc : 50.0
-----------------------------------------------
11:00:54 : SCANNING : DHANUKA
circuit : -0.27%  2021-12-21T11:00:00+0530
adx : 13.7  aroonosc : 71.43
-----------------------------------------------
11:00:54 : SCANNING : DISHTV
circuit : 2.69%  2021-12-21T11:00:00+0530
adx : 36.69  aroonosc : 35.71
-----------------------------------------------
11:00:54 : SCANNING : DIVISLAB
circuit : -0.99%  2021-12-21T11:00:00+0530
adx : 20.07  aroonosc : -57.14
-----------------------------------------------
11:00:55 : SCANNING : DIXON
circuit : 2.26%  2021-12-21T10:55:00+0530
adx : 45.67  aroonosc : 92.86
-----------------------------------------------
11:00:56 : SCANNING : DLF
circuit : 1.4%  2021-12-21T11:00:00+0530
adx : 46.22  aroonosc : 92.86
-----------------------------------------------
11:00:56 : SCANNING : DMART
circuit : 0.4%  2021-12-21T10:55:00+0530
adx : 12.59  aroonosc : -7.14
-----------------------------------------------
11:00:56 : SCANNING : DRREDDY
circuit : 1.07%  2021-12-21T10:55:00+0530
adx : 30.52  aroonosc : 92.86
-----------------------------------------------
11:00:57 : SCANNING : ECLERX
circuit : 0.74%  2021-12-21T11:00:00+0530
adx : 15.1  aroonosc : -85.71
-----------------------------------------------
11:00:57 : SCANNING : EDELWEISS
circuit : 0.29%  2021-12-21T11:00:00+0530
adx : 12.13  aroonosc : -28.57
-----------------------------------------------
11:00:58 : SCANNING : EICHERMOT
circuit : 0.15%  2021-12-21T11:00:00+0530
adx : 36.9  aroonosc : 50.0
-----------------------------------------------
11:00:58 : SCANNING : EIDPARRY
circuit : 1.41%  2021-12-21T11:00:00+0530
adx : 23.98  aroonosc : 50.0
-----------------------------------------------
11:00:59 : SCANNING : EIHOTEL
circuit : 1.58%  2021-12-21T11:00:00+0530
adx : 9.71  aroonosc : 7.14
-----------------------------------------------
11:00:59 : SCANNING : ELGIEQUIP
circuit : 0.58%  2021-12-21T11:00:00+0530
adx : 29.86  aroonosc : -78.57
-----------------------------------------------
11:01:00 : SCANNING : EMAMILTD
circuit : -0.74%  2021-12-21T11:00:00+0530
adx : 27.96  aroonosc : 71.43
-----------------------------------------------
11:01:00 : SCANNING : ENDURANCE
circuit : 0.17%  2021-12-21T11:00:00+0530
adx : 20.19  aroonosc : -21.43
-----------------------------------------------
11:01:00 : SCANNING : ENGINERSIN
circuit : 0.15%  2021-12-21T11:00:00+0530
adx : 13.59  aroonosc : 7.14
-----------------------------------------------
11:01:01 : SCANNING : EPL
circuit : 1.74%  2021-12-21T11:00:00+0530
adx : 39.81  aroonosc : 100.0
-----------------------------------------------
11:01:01 : SCANNING : EQUITAS
circuit : -1.36%  2021-12-21T11:00:00+0530
adx : 23.29  aroonosc : -50.0
-----------------------------------------------
11:01:01 : SCANNING : ERIS
circuit : 0.19%  2021-12-21T11:00:00+0530
adx : 19.62  aroonosc : 100.0
-----------------------------------------------
11:01:02 : SCANNING : ESCORTS
circuit : 0.46%  2021-12-21T11:00:00+0530
adx : 19.9  aroonosc : -64.29
-----------------------------------------------
11:01:02 : SCANNING : EXIDEIND
circuit : 0.16%  2021-12-21T11:00:00+0530
adx : 38.04  aroonosc : -85.71
-----------------------------------------------
11:01:03 : SCANNING : FCONSUMER
circuit : -8.28%  2021-12-21T11:00:00+0530
adx : 31.86  aroonosc : 35.71
-----------------------------------------------
11:01:03 : SCANNING : FDC
circuit : 0.31%  2021-12-21T11:00:00+0530
adx : 14.21  aroonosc : 14.29
-----------------------------------------------
11:01:03 : SCANNING : FEDERALBNK
circuit : -0.49%  2021-12-21T11:00:00+0530
adx : 22.47  aroonosc : 85.71
-----------------------------------------------
11:01:04 : SCANNING : FINCABLES
circuit : 1.44%  2021-12-21T11:00:00+0530
adx : 14.67  aroonosc : 50.0
-----------------------------------------------
11:01:04 : SCANNING : FINEORG
circuit : 1.84%  2021-12-21T11:00:00+0530
adx : 24.75  aroonosc : 57.14
-----------------------------------------------
11:01:05 : SCANNING : FINPIPE
circuit : 3.79%  2021-12-21T11:00:00+0530
adx : 38.69  aroonosc : 92.86
-----------------------------------------------
11:01:05 : SCANNING : FLUOROCHEM
circuit : 3.76%  2021-12-21T11:00:00+0530
adx : 30.29  aroonosc : -35.71
-----------------------------------------------
11:01:05 : SCANNING : FORTIS
circuit : 3.12%  2021-12-21T11:00:00+0530
adx : 42.15  aroonosc : 64.29
-----------------------------------------------
11:01:06 : SCANNING : FRETAIL
circuit : -9.6%  2021-12-21T11:00:00+0530
adx : 28.69  aroonosc : 35.71
-----------------------------------------------
11:01:06 : SCANNING : FSL
circuit : 0.81%  2021-12-21T11:00:00+0530
adx : 14.8  aroonosc : -35.71
-----------------------------------------------
11:01:07 : SCANNING : GAEL
circuit : 1.57%  2021-12-21T11:00:00+0530
adx : 17.57  aroonosc : 28.57
-----------------------------------------------
11:01:07 : SCANNING : GAIL
circuit : 0.94%  2021-12-21T11:00:00+0530
adx : 35.25  aroonosc : 35.71
-----------------------------------------------
11:01:08 : SCANNING : GALAXYSURF
circuit : -0.58%  2021-12-21T11:00:00+0530
adx : 34.5  aroonosc : -78.57
-----------------------------------------------
11:01:08 : SCANNING : GARFIBRES
circuit : -0.22%  2021-12-21T11:00:00+0530
adx : 26.7  aroonosc : -78.57
-----------------------------------------------
11:01:08 : SCANNING : GEPIL
circuit : 1.75%  2021-12-21T11:00:00+0530
adx : 12.83  aroonosc : -21.43
-----------------------------------------------
11:01:09 : SCANNING : GESHIP
circuit : 1.24%  2021-12-21T11:00:00+0530
adx : 26.38  aroonosc : -71.43
-----------------------------------------------
11:01:09 : SCANNING : GICRE
circuit : 1.16%  2021-12-21T11:00:00+0530
adx : 12.83  aroonosc : -14.29
-----------------------------------------------
11:01:10 : SCANNING : GILLETTE
circuit : 1.23%  2021-12-21T11:00:00+0530
adx : 25.63  aroonosc : 71.43
-----------------------------------------------
11:01:11 : SCANNING : GLAND
circuit : 1.18%  2021-12-21T11:00:00+0530
adx : 16.17  aroonosc : 85.71
-----------------------------------------------
11:01:11 : SCANNING : GLAXO
circuit : 1.93%  2021-12-21T11:00:00+0530
adx : 44.15  aroonosc : 50.0
-----------------------------------------------
11:01:11 : SCANNING : GLENMARK
circuit : -0.51%  2021-12-21T11:00:00+0530
adx : 15.13  aroonosc : -28.57
-----------------------------------------------
11:01:12 : SCANNING : GMMPFAUDLR
circuit : 2.7%  2021-12-21T11:00:00+0530
adx : 54.6  aroonosc : 85.71
-----------------------------------------------
11:01:12 : SCANNING : GMRINFRA
circuit : 0.88%  2021-12-21T11:00:00+0530
adx : 29.13  aroonosc : 57.14
-----------------------------------------------
11:01:13 : SCANNING : GNFC
circuit : 1.45%  2021-12-21T11:00:00+0530
adx : 29.43  aroonosc : 14.29
-----------------------------------------------
11:01:13 : SCANNING : GODFRYPHLP
circuit : 0.06%  2021-12-21T11:00:00+0530
adx : 11.13  aroonosc : -85.71
-----------------------------------------------
11:01:13 : SCANNING : GODREJAGRO
circuit : -0.76%  2021-12-21T11:00:00+0530
adx : 24.28  aroonosc : -57.14
-----------------------------------------------
11:01:14 : SCANNING : GODREJCP
circuit : 5.07%  2021-12-21T11:00:00+0530
adx : 53.03  aroonosc : 92.86
-----------------------------------------------
11:01:14 : SCANNING : GODREJIND
circuit : 2.48%  2021-12-21T11:00:00+0530
adx : 43.47  aroonosc : 7.14
-----------------------------------------------
11:01:14 : SCANNING : GODREJPROP
circuit : 1.09%  2021-12-21T11:00:00+0530
adx : 19.73  aroonosc : -7.14
-----------------------------------------------
11:01:15 : SCANNING : GPPL
circuit : 0.26%  2021-12-21T11:00:00+0530
adx : 33.64  aroonosc : 7.14
-----------------------------------------------
11:01:15 : SCANNING : GRANULES
circuit : -0.47%  2021-12-21T11:00:00+0530
adx : 7.6  aroonosc : -7.14
-----------------------------------------------
11:01:16 : SCANNING : GRAPHITE
circuit : 0.26%  2021-12-21T11:00:00+0530
adx : 26.53  aroonosc : 7.14
-----------------------------------------------
11:01:16 : SCANNING : GRASIM
circuit : 2.25%  2021-12-21T11:00:00+0530
adx : 54.02  aroonosc : 35.71
-----------------------------------------------
11:01:17 : SCANNING : GREAVESCOT
circuit : 1.08%  2021-12-21T11:00:00+0530
adx : 31.48  aroonosc : 57.14
-----------------------------------------------
11:01:17 : SCANNING : GRINDWELL
circuit : -0.05%  2021-12-21T11:00:00+0530
adx : 38.18  aroonosc : -42.86
-----------------------------------------------
11:01:17 : SCANNING : GRSE
circuit : 2.61%  2021-12-21T11:00:00+0530
adx : 20.67  aroonosc : 50.0
-----------------------------------------------
11:01:18 : SCANNING : GSFC
circuit : 0.91%  2021-12-21T11:00:00+0530
adx : 14.09  aroonosc : -21.43
-----------------------------------------------
11:01:18 : SCANNING : GSPL
circuit : 0.84%  2021-12-21T11:00:00+0530
adx : 22.54  aroonosc : 21.43
-----------------------------------------------
11:01:19 : SCANNING : GUJALKALI
circuit : -0.1%  2021-12-21T11:00:00+0530
adx : 30.91  aroonosc : -78.57
-----------------------------------------------
11:01:19 : SCANNING : GUJGASLTD
circuit : 1.58%  2021-12-21T11:00:00+0530
adx : 53.98  aroonosc : 35.71
-----------------------------------------------
11:01:20 : SCANNING : GULFOILLUB
circuit : 0.03%  2021-12-21T11:00:00+0530
adx : 22.67  aroonosc : -7.14
-----------------------------------------------
11:01:20 : SCANNING : HAL
circuit : 0.22%  2021-12-21T11:00:00+0530
adx : 28.77  aroonosc : 0.0
-----------------------------------------------
11:01:20 : SCANNING : HATSUN
circuit : -1.95%  2021-12-21T11:00:00+0530
adx : 16.72  aroonosc : -64.29
-----------------------------------------------
11:01:21 : SCANNING : HAVELLS
circuit : 3.15%  2021-12-21T11:00:00+0530
adx : 36.64  aroonosc : 35.71
-----------------------------------------------
11:01:21 : SCANNING : HCLTECH
circuit : 3.13%  2021-12-21T11:00:00+0530
adx : 61.93  aroonosc : 28.57
-----------------------------------------------
11:01:22 : SCANNING : HDFC
circuit : -0.49%  2021-12-21T11:00:00+0530
adx : 49.24  aroonosc : 64.29
-----------------------------------------------
11:01:22 : SCANNING : HDFCAMC
circuit : 0.55%  2021-12-21T11:00:00+0530
adx : 29.53  aroonosc : 35.71
-----------------------------------------------
11:01:22 : SCANNING : HDFCBANK
circuit : 0.72%  2021-12-21T11:00:00+0530
adx : 21.35  aroonosc : 100.0
-----------------------------------------------
11:01:23 : SCANNING : HDFCLIFE
circuit : 0.29%  2021-12-21T11:00:00+0530
adx : 32.25  aroonosc : 92.86
-----------------------------------------------
11:01:23 : SCANNING : HEG
circuit : -0.36%  2021-12-21T11:00:00+0530
adx : 11.45  aroonosc : 50.0
-----------------------------------------------
11:01:23 : SCANNING : HEIDELBERG
circuit : 0.37%  2021-12-21T11:00:00+0530
adx : 19.55  aroonosc : -28.57
-----------------------------------------------
11:01:24 : SCANNING : HEMIPROP
circuit : 1.6%  2021-12-21T11:00:00+0530
adx : 24.18  aroonosc : -21.43
-----------------------------------------------
11:01:24 : SCANNING : HEROMOTOCO
circuit : -1.32%  2021-12-21T11:00:00+0530
adx : 35.57  aroonosc : 14.29
-----------------------------------------------
11:01:25 : SCANNING : HINDALCO
circuit : 2.01%  2021-12-21T11:00:00+0530
adx : 58.99  aroonosc : 78.57
-----------------------------------------------
11:01:25 : SCANNING : HINDCOPPER
circuit : 1.05%  2021-12-21T11:00:00+0530
adx : 37.33  aroonosc : 14.29
-----------------------------------------------
11:01:25 : SCANNING : HINDPETRO
circuit : 1.06%  2021-12-21T11:00:00+0530
adx : 21.37  aroonosc : 71.43
-----------------------------------------------
11:01:26 : SCANNING : HINDUNILVR
circuit : 0.24%  2021-12-21T11:00:00+0530
adx : 33.94  aroonosc : 64.29
-----------------------------------------------
11:01:26 : SCANNING : HINDZINC
circuit : 1.79%  2021-12-21T11:00:00+0530
adx : 28.63  aroonosc : 64.29
-----------------------------------------------
11:01:27 : SCANNING : HONAUT
circuit : -0.29%  2021-12-21T11:00:00+0530
adx : 14.93  aroonosc : -42.86
-----------------------------------------------
11:01:27 : SCANNING : HSCL
circuit : 1.53%  2021-12-21T11:00:00+0530
adx : 45.3  aroonosc : -28.57
-----------------------------------------------
11:01:27 : SCANNING : HUDCO
circuit : 0.13%  2021-12-21T11:00:00+0530
adx : 19.84  aroonosc : -85.71
-----------------------------------------------
11:01:28 : SCANNING : HUHTAMAKI
circuit : 1.18%  2021-12-21T11:00:00+0530
adx : 14.31  aroonosc : 57.14
-----------------------------------------------
11:01:29 : SCANNING : IBREALEST
circuit : 3.34%  2021-12-21T11:00:00+0530
adx : 45.01  aroonosc : 42.86
-----------------------------------------------
11:01:29 : SCANNING : IBULHSGFIN
circuit : 0.61%  2021-12-21T11:00:00+0530
adx : 23.92  aroonosc : -50.0
-----------------------------------------------
11:01:29 : SCANNING : ICICIBANK
circuit : 0.81%  2021-12-21T11:00:00+0530
adx : 46.68  aroonosc : 100.0
-----------------------------------------------
11:01:30 : SCANNING : ICICIGI
circuit : 1.89%  2021-12-21T11:00:00+0530
adx : 41.95  aroonosc : 85.71
-----------------------------------------------
11:01:30 : SCANNING : ICICIPRULI
circuit : 2.29%  2021-12-21T11:00:00+0530
adx : 46.19  aroonosc : 71.43
-----------------------------------------------
11:01:31 : SCANNING : ICIL
circuit : -1.42%  2021-12-21T11:00:00+0530
adx : 17.71  aroonosc : 50.0
-----------------------------------------------
11:01:31 : SCANNING : IDBI
circuit : 2.85%  2021-12-21T11:00:00+0530
adx : 48.29  aroonosc : 0.0
-----------------------------------------------
11:01:31 : SCANNING : IDEA
circuit : 5.42%  2021-12-21T11:00:00+0530
adx : 46.9  aroonosc : 28.57
-----------------------------------------------
11:01:32 : SCANNING : IDFC
circuit : 1.79%  2021-12-21T11:00:00+0530
adx : 42.47  aroonosc : 64.29
-----------------------------------------------
11:01:35 : SCANNING : IDFCFIRSTB
circuit : 0.22%  2021-12-21T11:00:00+0530
adx : 9.96  aroonosc : -7.14
-----------------------------------------------
11:01:35 : SCANNING : IEX
circuit : 1.73%  2021-12-21T11:00:00+0530
adx : 35.61  aroonosc : 50.0
-----------------------------------------------
11:01:36 : SCANNING : IFBIND
circuit : 0.32%  2021-12-21T11:00:00+0530
adx : 25.62  aroonosc : -71.43
-----------------------------------------------
11:01:36 : SCANNING : IGL
circuit : 0.97%  2021-12-21T11:00:00+0530
adx : 39.13  aroonosc : 78.57
-----------------------------------------------
11:01:37 : SCANNING : IIFL
circuit : 0.59%  2021-12-21T11:00:00+0530
adx : 20.8  aroonosc : -21.43
-----------------------------------------------
11:01:38 : SCANNING : IIFLWAM
circuit : -2.3%  2021-12-21T11:00:00+0530
adx : 27.65  aroonosc : -85.71
-----------------------------------------------
11:01:38 : SCANNING : INDHOTEL
circuit : -0.6%  2021-12-21T11:00:00+0530
adx : 11.11  aroonosc : 64.29
-----------------------------------------------
11:01:39 : SCANNING : INDIACEM
circuit : 1.3%  2021-12-21T11:00:00+0530
adx : 35.35  aroonosc : 71.43
-----------------------------------------------
11:01:39 : SCANNING : INDIAMART
circuit : 0.08%  2021-12-21T11:00:00+0530
adx : 10.01  aroonosc : -64.29
-----------------------------------------------
11:01:39 : SCANNING : INDIANB
circuit : 1.14%  2021-12-21T11:00:00+0530
adx : 32.08  aroonosc : -7.14
-----------------------------------------------
11:01:40 : SCANNING : INDIGO
circuit : 0.98%  2021-12-21T11:00:00+0530
adx : 25.09  aroonosc : 92.86
-----------------------------------------------
11:01:40 : SCANNING : INDOCO
circuit : 1.45%  2021-12-21T11:00:00+0530
adx : 25.81  aroonosc : 85.71
-----------------------------------------------
11:01:40 : SCANNING : INDUSINDBK
circuit : 0.71%  2021-12-21T11:00:00+0530
adx : 27.77  aroonosc : 78.57
-----------------------------------------------
11:01:41 : SCANNING : INDUSTOWER
circuit : 3.85%  2021-12-21T11:00:00+0530
adx : 43.27  aroonosc : 92.86
-----------------------------------------------
11:01:41 : SCANNING : INFIBEAM
circuit : 1.41%  2021-12-21T11:00:00+0530
adx : 34.86  aroonosc : -14.29
-----------------------------------------------
11:01:42 : SCANNING : INFY
circuit : 1.58%  2021-12-21T11:00:00+0530
adx : 38.22  aroonosc : 64.29
-----------------------------------------------
11:01:42 : SCANNING : INGERRAND
circuit : 0.83%  2021-12-21T11:00:00+0530
adx : 16.29  aroonosc : -42.86
-----------------------------------------------
11:01:43 : SCANNING : INOXLEISUR
circuit : 3.79%  2021-12-21T11:00:00+0530
adx : 51.33  aroonosc : 35.71
-----------------------------------------------
11:01:43 : SCANNING : INTELLECT
circuit : 0.73%  2021-12-21T11:00:00+0530
adx : 22.17  aroonosc : 7.14
-----------------------------------------------
11:01:43 : SCANNING : IOB
circuit : 0.99%  2021-12-21T11:00:00+0530
adx : 34.45  aroonosc : -42.86
-----------------------------------------------
11:01:44 : SCANNING : IOC
circuit : 0.09%  2021-12-21T11:00:00+0530
adx : 11.03  aroonosc : 28.57
-----------------------------------------------
11:01:44 : SCANNING : IOLCP
circuit : -0.92%  2021-12-21T11:00:00+0530
adx : 45.58  aroonosc : 42.86
-----------------------------------------------
11:01:45 : SCANNING : IPCALAB
circuit : 0.25%  2021-12-21T11:00:00+0530
adx : 9.79  aroonosc : 28.57
-----------------------------------------------
11:01:45 : SCANNING : IRB
circuit : -1.47%  2021-12-21T11:00:00+0530
adx : 15.64  aroonosc : -64.29
-----------------------------------------------
11:01:45 : SCANNING : IRCON
circuit : 0.22%  2021-12-21T11:00:00+0530
adx : 26.91  aroonosc : 100.0
-----------------------------------------------
11:01:46 : SCANNING : IRCTC
circuit : 0.76%  2021-12-21T11:00:00+0530
adx : 33.68  aroonosc : 100.0
-----------------------------------------------
11:01:46 : SCANNING : ISEC
circuit : 1.31%  2021-12-21T11:00:00+0530
adx : 22.14  aroonosc : -57.14
-----------------------------------------------
11:01:46 : SCANNING : ITC
-----------------------------------------------
11:01:47 : SCANNING : ITI
circuit : 1.29%  2021-12-21T11:00:00+0530
adx : 25.88  aroonosc : 7.14
-----------------------------------------------
11:01:47 : SCANNING : J&KBANK
circuit : 2.31%  2021-12-21T11:00:00+0530
adx : 26.72  aroonosc : 100.0
-----------------------------------------------
11:01:48 : SCANNING : JAMNAAUTO
circuit : 2.91%  2021-12-21T11:00:00+0530
adx : 28.27  aroonosc : 42.86
-----------------------------------------------
11:01:48 : SCANNING : JBCHEPHARM
circuit : -0.46%  2021-12-21T11:00:00+0530
adx : 37.56  aroonosc : 28.57
-----------------------------------------------
11:01:48 : SCANNING : JCHAC
circuit : 2.21%  2021-12-21T11:00:00+0530
adx : 39.06  aroonosc : 78.57
-----------------------------------------------
11:01:49 : SCANNING : JINDALSAW
circuit : 1.84%  2021-12-21T11:00:00+0530
adx : 19.46  aroonosc : -35.71
-----------------------------------------------
11:01:49 : SCANNING : JINDALSTEL
circuit : 2.09%  2021-12-21T11:00:00+0530
adx : 49.09  aroonosc : 0.0
-----------------------------------------------
11:01:50 : SCANNING : JKCEMENT
circuit : 3.23%  2021-12-21T11:00:00+0530
adx : 30.37  aroonosc : 92.86
-----------------------------------------------
11:01:50 : SCANNING : JKLAKSHMI
circuit : 0.22%  2021-12-21T11:00:00+0530
adx : 15.67  aroonosc : -92.86
-----------------------------------------------
11:01:50 : SCANNING : JKPAPER
circuit : 1.3%  2021-12-21T11:00:00+0530
adx : 25.58  aroonosc : -35.71
-----------------------------------------------
11:01:51 : SCANNING : JKTYRE
circuit : 2.46%  2021-12-21T11:00:00+0530
adx : 35.63  aroonosc : 50.0
-----------------------------------------------
11:01:51 : SCANNING : JMFINANCIL
circuit : -1.03%  2021-12-21T11:00:00+0530
adx : 17.96  aroonosc : -78.57
-----------------------------------------------
11:01:51 : SCANNING : JSL
circuit : 3.02%  2021-12-21T11:00:00+0530
adx : 25.94  aroonosc : 28.57
-----------------------------------------------
11:01:52 : SCANNING : JSLHISAR
circuit : 3.16%  2021-12-21T11:00:00+0530
adx : 24.13  aroonosc : 42.86
-----------------------------------------------
11:01:53 : SCANNING : JSWSTEEL
circuit : 2.53%  2021-12-21T11:00:00+0530
adx : 67.07  aroonosc : 85.71
-----------------------------------------------
11:01:53 : SCANNING : JTEKTINDIA
circuit : 1.23%  2021-12-21T11:00:00+0530
adx : 14.22  aroonosc : 64.29
-----------------------------------------------
11:01:53 : SCANNING : JUBLFOOD
circuit : -0.11%  2021-12-21T11:00:00+0530
adx : 17.3  aroonosc : 57.14
-----------------------------------------------
11:01:54 : SCANNING : JUSTDIAL
circuit : 2.71%  2021-12-21T11:00:00+0530
adx : 38.31  aroonosc : 7.14
-----------------------------------------------
11:01:54 : SCANNING : JYOTHYLAB
circuit : 0.54%  2021-12-21T11:00:00+0530
adx : 22.23  aroonosc : -21.43
-----------------------------------------------
11:01:55 : SCANNING : KAJARIACER
circuit : 1.62%  2021-12-21T11:00:00+0530
adx : 17.55  aroonosc : 0.0
-----------------------------------------------
11:01:55 : SCANNING : KALPATPOWR
circuit : 1.46%  2021-12-21T11:00:00+0530
adx : 14.0  aroonosc : 35.71
-----------------------------------------------
11:01:55 : SCANNING : KANSAINER
circuit : 0.57%  2021-12-21T11:00:00+0530
adx : 31.17  aroonosc : 14.29
-----------------------------------------------
11:01:56 : SCANNING : KARURVYSYA
circuit : -0.22%  2021-12-21T11:00:00+0530
adx : 27.94  aroonosc : 14.29
-----------------------------------------------
11:01:56 : SCANNING : KEC
circuit : 0.74%  2021-12-21T11:00:00+0530
adx : 11.09  aroonosc : -50.0
-----------------------------------------------
11:01:57 : SCANNING : KEI
circuit : -0.56%  2021-12-21T11:00:00+0530
adx : 9.35  aroonosc : 0.0
-----------------------------------------------
11:01:57 : SCANNING : KNRCON
circuit : 0.42%  2021-12-21T11:00:00+0530
adx : 7.39  aroonosc : -50.0
-----------------------------------------------
11:01:57 : SCANNING : KOTAKBANK
circuit : -0.01%  2021-12-21T11:00:00+0530
adx : 24.89  aroonosc : 100.0
-----------------------------------------------
11:01:58 : SCANNING : KPITTECH
circuit : 2.89%  2021-12-21T11:00:00+0530
adx : 28.98  aroonosc : -57.14
-----------------------------------------------
11:01:58 : SCANNING : KPRMILL
circuit : 2.12%  2021-12-21T11:00:00+0530
adx : 17.26  aroonosc : -85.71
-----------------------------------------------
11:01:59 : SCANNING : KRBL
circuit : 0.02%  2021-12-21T11:00:00+0530
adx : 18.02  aroonosc : 21.43
-----------------------------------------------
11:01:59 : SCANNING : KSB
circuit : 1.99%  2021-12-21T11:00:00+0530
adx : 12.67  aroonosc : 92.86
-----------------------------------------------
11:02:00 : SCANNING : KSCL
circuit : -0.86%  2021-12-21T11:00:00+0530
adx : 22.85  aroonosc : 14.29
-----------------------------------------------
11:02:00 : SCANNING : L&TFH
circuit : 3.39%  2021-12-21T11:00:00+0530
adx : 57.2  aroonosc : 57.14
-----------------------------------------------
11:02:01 : SCANNING : LALPATHLAB
circuit : -0.23%  2021-12-21T11:00:00+0530
adx : 16.08  aroonosc : -7.14
-----------------------------------------------
11:02:01 : SCANNING : LAOPALA
circuit : 4.37%  2021-12-21T11:00:00+0530
adx : 40.76  aroonosc : -71.43
-----------------------------------------------
11:02:02 : SCANNING : LAURUSLABS
circuit : 1.21%  2021-12-21T11:00:00+0530
adx : 15.84  aroonosc : 50.0
-----------------------------------------------
11:02:02 : SCANNING : LAXMIMACH
circuit : 3.15%  2021-12-21T11:00:00+0530
adx : 23.23  aroonosc : -85.71
-----------------------------------------------
11:02:03 : SCANNING : LEMONTREE
circuit : 4.24%  2021-12-21T11:00:00+0530
adx : 36.35  aroonosc : 50.0
-----------------------------------------------
11:02:03 : SCANNING : LICHSGFIN
circuit : 0.74%  2021-12-21T11:00:00+0530
adx : 38.76  aroonosc : 78.57
-----------------------------------------------
11:02:04 : SCANNING : LINDEINDIA
circuit : 1.02%  2021-12-21T11:00:00+0530
adx : 13.75  aroonosc : 57.14
-----------------------------------------------
11:02:04 : SCANNING : LT
circuit : 1.09%  2021-12-21T11:00:00+0530
adx : 29.72  aroonosc : 28.57
-----------------------------------------------
11:02:04 : SCANNING : LTI
circuit : 2.37%  2021-12-21T11:00:00+0530
adx : 28.89  aroonosc : 71.43
-----------------------------------------------
11:02:05 : SCANNING : LTTS
circuit : 1.66%  2021-12-21T11:00:00+0530
adx : 25.1  aroonosc : 35.71
-----------------------------------------------
11:02:05 : SCANNING : LUPIN
circuit : 0.01%  2021-12-21T11:00:00+0530
adx : 30.26  aroonosc : 50.0
-----------------------------------------------
11:02:05 : SCANNING : LUXIND
circuit : 0.49%  2021-12-21T11:00:00+0530
adx : 31.99  aroonosc : 100.0
-----------------------------------------------
11:02:06 : SCANNING : M&M
circuit : -0.22%  2021-12-21T11:00:00+0530
adx : 29.48  aroonosc : 64.29
-----------------------------------------------
11:02:06 : SCANNING : M&MFIN
circuit : 0.79%  2021-12-21T11:00:00+0530
adx : 21.76  aroonosc : 78.57
-----------------------------------------------
11:02:06 : SCANNING : MAHABANK
circuit : 0.26%  2021-12-21T11:00:00+0530
adx : 15.65  aroonosc : -21.43
-----------------------------------------------
11:02:07 : SCANNING : MAHINDCIE
circuit : 0.92%  2021-12-21T11:00:00+0530
adx : 18.53  aroonosc : -7.14
-----------------------------------------------
11:02:07 : SCANNING : MAHLOG
circuit : -1.43%  2021-12-21T11:00:00+0530
adx : 10.5  aroonosc : -64.29
-----------------------------------------------
11:02:08 : SCANNING : MAHSCOOTER
circuit : 3.07%  2021-12-21T11:00:00+0530
adx : 30.77  aroonosc : 78.57
-----------------------------------------------
11:02:08 : SCANNING : MAHSEAMLES
circuit : 1.43%  2021-12-21T11:00:00+0530
adx : 39.22  aroonosc : 7.14
-----------------------------------------------
11:02:09 : SCANNING : MANAPPURAM
circuit : -0.69%  2021-12-21T11:00:00+0530
adx : 32.8  aroonosc : 42.86
-----------------------------------------------
11:02:09 : SCANNING : MARICO
circuit : 0.58%  2021-12-21T11:00:00+0530
adx : 31.62  aroonosc : 100.0
-----------------------------------------------
11:02:09 : SCANNING : MARUTI
circuit : 0.53%  2021-12-21T11:00:00+0530
adx : 32.78  aroonosc : 50.0
-----------------------------------------------
11:02:10 : SCANNING : MASFIN
circuit : 2.9%  2021-12-21T11:00:00+0530
adx : 19.1  aroonosc : 92.86
-----------------------------------------------
11:02:10 : SCANNING : MAXHEALTH
circuit : 1.65%  2021-12-21T11:00:00+0530
adx : 30.81  aroonosc : -50.0
-----------------------------------------------
11:02:10 : SCANNING : MAZDOCK
circuit : 0.44%  2021-12-21T11:00:00+0530
adx : 22.98  aroonosc : -35.71
-----------------------------------------------
11:02:11 : SCANNING : MCDOWELL-N
circuit : 2.36%  2021-12-21T11:00:00+0530
adx : 45.09  aroonosc : 57.14
-----------------------------------------------
11:02:11 : SCANNING : MCX
circuit : 0.96%  2021-12-21T11:00:00+0530
adx : 36.26  aroonosc : 50.0
-----------------------------------------------
11:02:12 : SCANNING : METROPOLIS
circuit : 2.92%  2021-12-21T11:00:00+0530
adx : 41.08  aroonosc : 64.29
-----------------------------------------------
11:02:12 : SCANNING : MFSL
circuit : 4.0%  2021-12-21T11:00:00+0530
adx : 22.86  aroonosc : 100.0
-----------------------------------------------
11:02:12 : SCANNING : MGL
circuit : 0.38%  2021-12-21T11:00:00+0530
adx : 30.45  aroonosc : 57.14
-----------------------------------------------
11:02:13 : SCANNING : MHRIL
circuit : -0.77%  2021-12-21T11:00:00+0530
adx : 14.07  aroonosc : -35.71
-----------------------------------------------
11:02:13 : SCANNING : MIDHANI
circuit : 0.8%  2021-12-21T11:00:00+0530
adx : 14.14  aroonosc : -28.57
-----------------------------------------------
11:02:14 : SCANNING : MINDACORP
circuit : 2.41%  2021-12-21T11:00:00+0530
adx : 37.56  aroonosc : 64.29
-----------------------------------------------
11:02:15 : SCANNING : MINDAIND
circuit : 1.35%  2021-12-21T11:00:00+0530
adx : 38.44  aroonosc : 92.86
-----------------------------------------------
11:02:15 : SCANNING : MINDTREE
circuit : 1.09%  2021-12-21T11:00:00+0530
adx : 41.87  aroonosc : -50.0
-----------------------------------------------
11:02:15 : SCANNING : MMTC
circuit : 2.21%  2021-12-21T11:00:00+0530
adx : 40.04  aroonosc : 100.0
-----------------------------------------------
11:02:16 : SCANNING : MOIL
circuit : 1.98%  2021-12-21T11:00:00+0530
adx : 39.83  aroonosc : 64.29
-----------------------------------------------
11:02:16 : SCANNING : MOTILALOFS
circuit : 0.41%  2021-12-21T11:00:00+0530
adx : 21.65  aroonosc : 35.71
-----------------------------------------------
11:02:17 : SCANNING : MPHASIS
circuit : 0.55%  2021-12-21T11:00:00+0530
adx : 25.31  aroonosc : -64.29
-----------------------------------------------
11:02:17 : SCANNING : MRF
circuit : 0.31%  2021-12-21T11:00:00+0530
adx : 17.61  aroonosc : -28.57
-----------------------------------------------
11:02:18 : SCANNING : MRPL
circuit : -0.82%  2021-12-21T11:00:00+0530
adx : 26.63  aroonosc : -92.86
-----------------------------------------------
11:02:19 : SCANNING : MUTHOOTFIN
circuit : 0.48%  2021-12-21T11:00:00+0530
adx : 17.12  aroonosc : 85.71
-----------------------------------------------
11:02:19 : SCANNING : NAM-INDIA
circuit : 1.44%  2021-12-21T11:00:00+0530
adx : 21.56  aroonosc : 42.86
-----------------------------------------------
11:02:20 : SCANNING : NATCOPHARM
circuit : 2.46%  2021-12-21T11:00:00+0530
adx : 14.07  aroonosc : 21.43
-----------------------------------------------
11:02:20 : SCANNING : NATIONALUM
circuit : 2.69%  2021-12-21T11:00:00+0530
adx : 52.47  aroonosc : -42.86
-----------------------------------------------
11:02:20 : SCANNING : NAUKRI
circuit : 0.36%  2021-12-21T11:00:00+0530
adx : 20.95  aroonosc : 35.71
-----------------------------------------------
11:02:21 : SCANNING : NAVINFLUOR
circuit : 3.39%  2021-12-21T11:00:00+0530
adx : 54.22  aroonosc : 64.29
-----------------------------------------------
11:02:21 : SCANNING : NBCC
circuit : 0.36%  2021-12-21T11:00:00+0530
adx : 29.35  aroonosc : 57.14
-----------------------------------------------
11:02:22 : SCANNING : NCC
circuit : 0.87%  2021-12-21T11:00:00+0530
adx : 38.1  aroonosc : 78.57
-----------------------------------------------
11:02:22 : SCANNING : NESCO
circuit : 1.5%  2021-12-21T11:00:00+0530
adx : 12.97  aroonosc : -64.29
-----------------------------------------------
11:02:23 : SCANNING : NESTLEIND
circuit : 0.97%  2021-12-21T11:00:00+0530
adx : 50.26  aroonosc : 92.86
-----------------------------------------------
11:02:23 : SCANNING : NETWORK18
circuit : 2.11%  2021-12-21T11:00:00+0530
adx : 24.07  aroonosc : 57.14
-----------------------------------------------
11:02:24 : SCANNING : NFL
circuit : 1.72%  2021-12-21T11:00:00+0530
adx : 35.81  aroonosc : 7.14
-----------------------------------------------
11:02:24 : SCANNING : NH
circuit : 1.88%  2021-12-21T11:00:00+0530
adx : 14.61  aroonosc : 85.71
-----------------------------------------------
11:02:25 : SCANNING : NHPC
circuit : 2.02%  2021-12-21T11:00:00+0530
adx : 37.52  aroonosc : 57.14
-----------------------------------------------
11:02:25 : SCANNING : NIACL
circuit : 0.11%  2021-12-21T11:00:00+0530
adx : 24.71  aroonosc : 85.71
-----------------------------------------------
11:02:26 : SCANNING : NILKAMAL
circuit : 0.21%  2021-12-21T11:00:00+0530
adx : 12.11  aroonosc : 85.71
-----------------------------------------------
11:02:26 : SCANNING : NLCINDIA
circuit : 0.6%  2021-12-21T11:00:00+0530
adx : 26.09  aroonosc : -21.43
-----------------------------------------------
11:02:27 : SCANNING : NMDC
circuit : 7.28%  2021-12-21T11:00:00+0530
adx : 14.39  aroonosc : 21.43
-----------------------------------------------
11:02:27 : SCANNING : NOCIL
circuit : 0.9%  2021-12-21T11:00:00+0530
adx : 31.65  aroonosc : 100.0
-----------------------------------------------
11:02:28 : SCANNING : NTPC
circuit : 0.53%  2021-12-21T11:00:00+0530
adx : 35.25  aroonosc : -35.71
rpt : 1190.0
{'candle': 'green', 'type': 'BUY', 'instrument': 'NTPC', 'price': 120.2, 'qty': 4949, 'target': 120.35, 'stoploss': 120.05, 'volume': 82550, 'adx': 50.48648436642578, 'aroonosc': 64.28571428571429, 'atr': 0.35497661662436336, 'open': 120.15, 'high': 120.35, 'low': 120.05, 'close': 120.35, 'product': 'MIS', 'time': '2021-12-20T13:45:00+0530'}
11:02:28 : Validation Failed : Time Gap in Seconds : 76648
-----------------------------------------------
11:02:29 : SCANNING : OBEROIRLTY
circuit : 1.39%  2021-12-21T11:00:00+0530
adx : 28.6  aroonosc : 78.57
-----------------------------------------------
11:02:29 : SCANNING : OFSS
circuit : 1.49%  2021-12-21T11:00:00+0530
adx : 47.03  aroonosc : 14.29
-----------------------------------------------
11:02:30 : SCANNING : OIL
circuit : 1.21%  2021-12-21T11:00:00+0530
adx : 17.53  aroonosc : 71.43
-----------------------------------------------
11:02:30 : SCANNING : ONGC
circuit : 0.15%  2021-12-21T11:00:00+0530
adx : 34.41  aroonosc : 92.86
-----------------------------------------------
11:02:30 : SCANNING : ORIENTELEC
circuit : 1.96%  2021-12-21T11:00:00+0530
adx : 14.0  aroonosc : 57.14
-----------------------------------------------
11:02:31 : SCANNING : PAGEIND
circuit : 1.17%  2021-12-21T11:00:00+0530
adx : 19.59  aroonosc : 50.0
-----------------------------------------------
11:02:31 : SCANNING : PEL
circuit : 1.61%  2021-12-21T11:00:00+0530
adx : 28.92  aroonosc : 50.0
-----------------------------------------------
11:02:32 : SCANNING : PERSISTENT
circuit : -1.89%  2021-12-21T11:00:00+0530
adx : 29.07  aroonosc : -21.43
-----------------------------------------------
11:02:32 : SCANNING : PETRONET
circuit : 0.12%  2021-12-21T11:00:00+0530
adx : 12.53  aroonosc : 42.86
-----------------------------------------------
11:02:32 : SCANNING : PFC
circuit : 0.52%  2021-12-21T11:00:00+0530
adx : 17.54  aroonosc : 28.57
-----------------------------------------------
11:02:33 : SCANNING : PFIZER
circuit : 0.87%  2021-12-21T11:00:00+0530
adx : 15.34  aroonosc : 50.0
-----------------------------------------------
11:02:33 : SCANNING : PGHH
circuit : 0.42%  2021-12-21T11:00:00+0530
adx : 24.75  aroonosc : -28.57
-----------------------------------------------
11:02:34 : SCANNING : PGHL
circuit : -0.58%  2021-12-21T11:00:00+0530
adx : 17.24  aroonosc : -42.86
-----------------------------------------------
11:02:34 : SCANNING : PHILIPCARB
circuit : 1.16%  2021-12-21T11:00:00+0530
adx : 7.79  aroonosc : -78.57
-----------------------------------------------
11:02:34 : SCANNING : PHOENIXLTD
circuit : -3.62%  2021-12-21T11:00:00+0530
adx : 29.27  aroonosc : -28.57
-----------------------------------------------
11:02:35 : SCANNING : PIDILITIND
circuit : 0.75%  2021-12-21T11:00:00+0530
adx : 40.78  aroonosc : 100.0
-----------------------------------------------
11:02:35 : SCANNING : PIIND
circuit : 1.34%  2021-12-21T11:00:00+0530
adx : 32.24  aroonosc : 71.43
-----------------------------------------------
11:02:36 : SCANNING : PNB
circuit : 1.08%  2021-12-21T11:00:00+0530
adx : 19.51  aroonosc : -64.29
-----------------------------------------------
11:02:36 : SCANNING : PNBHOUSING
circuit : 5.01%  2021-12-21T11:00:00+0530
adx : 53.74  aroonosc : 100.0
-----------------------------------------------
11:02:37 : SCANNING : PNCINFRA
circuit : -0.45%  2021-12-21T11:00:00+0530
adx : 21.69  aroonosc : 64.29
-----------------------------------------------
11:02:37 : SCANNING : POLYCAB
circuit : 0.56%  2021-12-21T11:00:00+0530
adx : 46.37  aroonosc : 50.0
-----------------------------------------------
11:02:38 : SCANNING : POLYMED
circuit : -0.82%  2021-12-21T11:00:00+0530
adx : 21.98  aroonosc : 28.57
-----------------------------------------------
11:02:38 : SCANNING : POLYPLEX
circuit : 1.04%  2021-12-21T11:00:00+0530
adx : 23.37  aroonosc : 42.86
-----------------------------------------------
11:02:39 : SCANNING : POWERGRID
circuit : -1.37%  2021-12-21T11:00:00+0530
adx : 16.23  aroonosc : -28.57
-----------------------------------------------
11:02:39 : SCANNING : POWERINDIA
circuit : -0.32%  2021-12-21T11:00:00+0530
adx : 21.47  aroonosc : -85.71
-----------------------------------------------
11:02:40 : SCANNING : PRESTIGE
circuit : 0.61%  2021-12-21T11:00:00+0530
adx : 21.75  aroonosc : 7.14
-----------------------------------------------
11:02:40 : SCANNING : PRINCEPIPE
circuit : 1.99%  2021-12-21T11:00:00+0530
adx : 35.25  aroonosc : 71.43
-----------------------------------------------
11:02:40 : SCANNING : PRSMJOHNSN
circuit : 3.66%  2021-12-21T11:00:00+0530
adx : 35.39  aroonosc : 42.86
-----------------------------------------------
11:02:41 : SCANNING : PSB
circuit : 0.63%  2021-12-21T11:00:00+0530
adx : 21.76  aroonosc : -50.0
-----------------------------------------------
11:02:41 : SCANNING : PVR
circuit : 1.1%  2021-12-21T11:00:00+0530
adx : 27.61  aroonosc : 64.29
-----------------------------------------------
11:02:42 : SCANNING : QUESS
circuit : 0.68%  2021-12-21T11:00:00+0530
adx : 18.88  aroonosc : 14.29
-----------------------------------------------
11:02:42 : SCANNING : RADICO
circuit : 0.32%  2021-12-21T11:00:00+0530
adx : 20.55  aroonosc : -14.29
-----------------------------------------------
11:02:43 : SCANNING : RAIN
circuit : -0.56%  2021-12-21T11:00:00+0530
adx : 12.43  aroonosc : 28.57
-----------------------------------------------
11:02:43 : SCANNING : RAJESHEXPO
circuit : -0.03%  2021-12-21T11:00:00+0530
adx : 8.65  aroonosc : -35.71
-----------------------------------------------
11:02:43 : SCANNING : RALLIS
circuit : 0.29%  2021-12-21T11:00:00+0530
adx : 10.16  aroonosc : 71.43
-----------------------------------------------
11:02:44 : SCANNING : RAMCOCEM
circuit : 1.94%  2021-12-21T11:00:00+0530
adx : 23.88  aroonosc : 71.43
-----------------------------------------------
11:02:44 : SCANNING : RATNAMANI
circuit : 2.47%  2021-12-21T11:00:00+0530
adx : 36.92  aroonosc : -92.86
-----------------------------------------------
11:02:44 : SCANNING : RAYMOND
circuit : 0.53%  2021-12-21T11:00:00+0530
adx : 33.57  aroonosc : -14.29
-----------------------------------------------
11:02:45 : SCANNING : RBLBANK
circuit : 0.09%  2021-12-21T11:00:00+0530
adx : 21.15  aroonosc : 35.71
-----------------------------------------------
11:02:45 : SCANNING : RCF
circuit : 1.66%  2021-12-21T11:00:00+0530
adx : 29.24  aroonosc : 42.86
-----------------------------------------------
11:02:46 : SCANNING : RECLTD
circuit : 0.94%  2021-12-21T11:00:00+0530
adx : 42.53  aroonosc : 50.0
-----------------------------------------------
11:02:46 : SCANNING : REDINGTON
circuit : 0.82%  2021-12-21T11:00:00+0530
adx : 15.63  aroonosc : -21.43
-----------------------------------------------
11:02:46 : SCANNING : RELAXO
circuit : 2.48%  2021-12-21T11:00:00+0530
adx : 32.25  aroonosc : 35.71
-----------------------------------------------
11:02:47 : SCANNING : RELIANCE
circuit : 0.76%  2021-12-21T11:00:00+0530
adx : 53.53  aroonosc : 64.29
-----------------------------------------------
11:02:47 : SCANNING : RESPONIND
circuit : 1.98%  2021-12-21T11:00:00+0530
adx : 21.86  aroonosc : 7.14
-----------------------------------------------
11:02:48 : SCANNING : RHIM
circuit : 1.03%  2021-12-21T11:00:00+0530
adx : 34.91  aroonosc : 21.43
-----------------------------------------------
11:02:48 : SCANNING : RITES
circuit : -1.42%  2021-12-21T11:00:00+0530
adx : 16.92  aroonosc : -28.57
-----------------------------------------------
11:02:49 : SCANNING : ROSSARI
circuit : 0.38%  2021-12-21T11:00:00+0530
adx : 24.73  aroonosc : -28.57
-----------------------------------------------
11:02:49 : SCANNING : ROUTE
circuit : 1.01%  2021-12-21T11:00:00+0530
adx : 16.67  aroonosc : 42.86
-----------------------------------------------
11:02:50 : SCANNING : RVNL
circuit : 1.19%  2021-12-21T11:00:00+0530
adx : 50.12  aroonosc : 71.43
-----------------------------------------------
11:02:50 : SCANNING : SAIL
circuit : 1.86%  2021-12-21T11:00:00+0530
adx : 32.34  aroonosc : -42.86
-----------------------------------------------
11:02:50 : SCANNING : SANOFI
circuit : 0.16%  2021-12-21T11:00:00+0530
adx : 28.16  aroonosc : 50.0
-----------------------------------------------
11:02:51 : SCANNING : SBICARD
circuit : 0.73%  2021-12-21T11:00:00+0530
adx : 42.43  aroonosc : 57.14
-----------------------------------------------
11:02:51 : SCANNING : SBILIFE
circuit : -0.33%  2021-12-21T11:00:00+0530
adx : 16.87  aroonosc : 85.71
-----------------------------------------------
11:02:52 : SCANNING : SBIN
circuit : 0.01%  2021-12-21T11:00:00+0530
adx : 34.34  aroonosc : 71.43
-----------------------------------------------
11:02:52 : SCANNING : SCHAEFFLER
circuit : 2.46%  2021-12-21T11:00:00+0530
adx : 50.43  aroonosc : 50.0
-----------------------------------------------
11:02:52 : SCANNING : SCHNEIDER
circuit : -1.9%  2021-12-21T11:00:00+0530
adx : 17.91  aroonosc : -71.43
-----------------------------------------------
11:02:53 : SCANNING : SCI
circuit : 1.64%  2021-12-21T11:00:00+0530
adx : 19.04  aroonosc : 57.14
-----------------------------------------------
11:02:53 : SCANNING : SEQUENT
circuit : 1.53%  2021-12-21T11:00:00+0530
adx : 22.74  aroonosc : 78.57
-----------------------------------------------
11:02:53 : SCANNING : SFL
circuit : 1.75%  2021-12-21T11:00:00+0530
adx : 27.4  aroonosc : 42.86
-----------------------------------------------
11:02:54 : SCANNING : SHARDACROP
circuit : -3.02%  2021-12-21T11:00:00+0530
adx : 23.24  aroonosc : -71.43
-----------------------------------------------
11:02:54 : SCANNING : SHILPAMED
circuit : 4.1%  2021-12-21T11:00:00+0530
adx : 56.94  aroonosc : 100.0
-----------------------------------------------
11:02:54 : SCANNING : SHOPERSTOP
circuit : 1.99%  2021-12-21T11:00:00+0530
adx : 15.6  aroonosc : 100.0
-----------------------------------------------
11:02:55 : SCANNING : SHREECEM
circuit : 2.23%  2021-12-21T11:00:00+0530
adx : 46.51  aroonosc : 100.0
-----------------------------------------------
11:02:55 : SCANNING : SHRIRAMCIT
circuit : -2.03%  2021-12-21T11:00:00+0530
adx : 12.42  aroonosc : 35.71
-----------------------------------------------
11:02:55 : SCANNING : SIEMENS
circuit : 0.74%  2021-12-21T11:00:00+0530
adx : 34.8  aroonosc : 71.43
-----------------------------------------------
11:02:56 : SCANNING : SIS
circuit : 0.75%  2021-12-21T11:00:00+0530
adx : 52.08  aroonosc : 100.0
-----------------------------------------------
11:02:56 : SCANNING : SJVN
circuit : 1.08%  2021-12-21T11:00:00+0530
adx : 32.41  aroonosc : 71.43
-----------------------------------------------
11:02:56 : SCANNING : SKFINDIA
circuit : -0.01%  2021-12-21T11:00:00+0530
adx : 9.82  aroonosc : 35.71
-----------------------------------------------
11:02:57 : SCANNING : SOBHA
circuit : 2.59%  2021-12-21T11:00:00+0530
adx : 23.91  aroonosc : 85.71
-----------------------------------------------
11:02:57 : SCANNING : SOLARA
circuit : -0.23%  2021-12-21T11:00:00+0530
adx : 23.07  aroonosc : -85.71
-----------------------------------------------
11:02:57 : SCANNING : SOLARINDS
circuit : -0.46%  2021-12-21T11:00:00+0530
adx : 21.74  aroonosc : -85.71
-----------------------------------------------
11:02:58 : SCANNING : SONATSOFTW
circuit : 2.21%  2021-12-21T11:00:00+0530
adx : 33.85  aroonosc : 7.14
-----------------------------------------------
11:02:58 : SCANNING : SPANDANA
-----------------------------------------------
11:02:58 : SCANNING : SPARC
circuit : 1.52%  2021-12-21T11:00:00+0530
adx : 12.9  aroonosc : -64.29
-----------------------------------------------
11:02:59 : SCANNING : SPICEJET
circuit : 0.08%  2021-12-21T11:00:00+0530
adx : 23.63  aroonosc : 28.57
-----------------------------------------------
11:02:59 : SCANNING : SRF
circuit : 1.57%  2021-12-21T11:00:00+0530
adx : 37.62  aroonosc : 92.86
-----------------------------------------------
11:03:00 : SCANNING : SRTRANSFIN
circuit : -1.68%  2021-12-21T11:00:00+0530
adx : 23.69  aroonosc : 35.71
-----------------------------------------------
11:03:00 : SCANNING : STAR
circuit : -0.95%  2021-12-21T11:00:00+0530
adx : 10.96  aroonosc : 50.0
-----------------------------------------------
11:03:01 : SCANNING : STARCEMENT
circuit : 0.43%  2021-12-21T11:00:00+0530
adx : 15.56  aroonosc : 92.86
-----------------------------------------------
11:03:01 : SCANNING : STLTECH
circuit : 0.9%  2021-12-21T11:00:00+0530
adx : 27.7  aroonosc : 0.0
-----------------------------------------------
11:03:01 : SCANNING : SUDARSCHEM
circuit : 1.42%  2021-12-21T11:00:00+0530
adx : 35.63  aroonosc : 50.0
-----------------------------------------------
11:03:02 : SCANNING : SUMICHEM
circuit : 0.84%  2021-12-21T11:00:00+0530
adx : 15.17  aroonosc : -14.29
-----------------------------------------------
11:03:02 : SCANNING : SUNCLAYLTD
circuit : 1.03%  2021-12-21T11:00:00+0530
adx : 17.29  aroonosc : 57.14
-----------------------------------------------
11:03:02 : SCANNING : SUNDARMFIN
circuit : -0.53%  2021-12-21T11:00:00+0530
adx : 28.68  aroonosc : -7.14
-----------------------------------------------
11:03:03 : SCANNING : SUNDRMFAST
circuit : -2.16%  2021-12-21T11:00:00+0530
adx : 17.69  aroonosc : 14.29
-----------------------------------------------
11:03:03 : SCANNING : SUNPHARMA
circuit : 2.22%  2021-12-21T11:00:00+0530
adx : 42.35  aroonosc : 28.57
-----------------------------------------------
11:03:04 : SCANNING : SUNTECK
circuit : 1.13%  2021-12-21T11:00:00+0530
adx : 26.37  aroonosc : -92.86
-----------------------------------------------
11:03:04 : SCANNING : SUNTV
circuit : 0.64%  2021-12-21T11:00:00+0530
adx : 30.57  aroonosc : 100.0
-----------------------------------------------
11:03:05 : SCANNING : SUPPETRO
circuit : 1.03%  2021-12-21T11:00:00+0530
adx : 28.13  aroonosc : -71.43
-----------------------------------------------
11:03:05 : SCANNING : SUPRAJIT
circuit : 2.35%  2021-12-21T11:00:00+0530
adx : 45.17  aroonosc : 100.0
-----------------------------------------------
11:03:06 : SCANNING : SUPREMEIND
circuit : 3.29%  2021-12-21T11:00:00+0530
adx : 63.98  aroonosc : 78.57
-----------------------------------------------
11:03:06 : SCANNING : SUVENPHAR
circuit : 1.27%  2021-12-21T11:00:00+0530
adx : 13.54  aroonosc : 64.29
-----------------------------------------------
11:03:07 : SCANNING : SUZLON
circuit : 2.05%  2021-12-21T11:00:00+0530
adx : 36.88  aroonosc : 57.14
-----------------------------------------------
11:03:07 : SCANNING : SWANENERGY
circuit : 1.99%  2021-12-21T11:00:00+0530
adx : 27.26  aroonosc : 28.57
-----------------------------------------------
11:03:07 : SCANNING : SWSOLAR
circuit : 0.18%  2021-12-21T11:00:00+0530
adx : 14.2  aroonosc : -85.71
-----------------------------------------------
11:03:08 : SCANNING : SYMPHONY
circuit : 0.77%  2021-12-21T11:00:00+0530
adx : 35.56  aroonosc : 78.57
-----------------------------------------------
11:03:08 : SCANNING : SYNGENE
circuit : 0.31%  2021-12-21T11:00:00+0530
adx : 32.53  aroonosc : 57.14
-----------------------------------------------
11:03:09 : SCANNING : TASTYBITE
circuit : -1.08%  2021-12-21T11:00:00+0530
adx : 26.99  aroonosc : -21.43
-----------------------------------------------
11:03:09 : SCANNING : TATACHEM
circuit : 1.57%  2021-12-21T11:00:00+0530
adx : 37.13  aroonosc : 50.0
-----------------------------------------------
11:03:10 : SCANNING : TATACOFFEE
circuit : 1.22%  2021-12-21T11:00:00+0530
adx : 23.41  aroonosc : -50.0
-----------------------------------------------
11:03:10 : SCANNING : TATACOMM
circuit : 0.34%  2021-12-21T11:00:00+0530
adx : 15.91  aroonosc : 85.71
-----------------------------------------------
11:03:11 : SCANNING : TATACONSUM
circuit : 1.72%  2021-12-21T11:00:00+0530
adx : 47.53  aroonosc : 85.71
-----------------------------------------------
11:03:11 : SCANNING : TATAELXSI
circuit : 0.06%  2021-12-21T11:00:00+0530
adx : 10.59  aroonosc : 50.0
-----------------------------------------------
11:03:11 : SCANNING : TATAINVEST
circuit : 0.41%  2021-12-21T11:00:00+0530
adx : 32.47  aroonosc : 64.29
-----------------------------------------------
11:03:12 : SCANNING : TATAMOTORS
circuit : 1.34%  2021-12-21T11:00:00+0530
adx : 29.71  aroonosc : 50.0
-----------------------------------------------
11:03:12 : SCANNING : TATAPOWER
circuit : 0.7%  2021-12-21T11:00:00+0530
adx : 36.15  aroonosc : 42.86
-----------------------------------------------
11:03:13 : SCANNING : TATASTEEL
circuit : 2.2%  2021-12-21T11:00:00+0530
adx : 45.81  aroonosc : 64.29
-----------------------------------------------
11:03:13 : SCANNING : TCIEXP
circuit : 5.15%  2021-12-21T11:00:00+0530
adx : 28.48  aroonosc : 100.0
-----------------------------------------------
11:03:13 : SCANNING : TCNSBRANDS
circuit : 2.37%  2021-12-21T11:00:00+0530
adx : 13.88  aroonosc : 7.14
-----------------------------------------------
11:03:14 : SCANNING : TCS
circuit : 1.34%  2021-12-21T11:00:00+0530
adx : 48.16  aroonosc : 57.14
-----------------------------------------------
11:03:14 : SCANNING : TEAMLEASE
circuit : 0.41%  2021-12-21T11:00:00+0530
adx : 10.4  aroonosc : -28.57
-----------------------------------------------
11:03:15 : SCANNING : TECHM
circuit : 2.4%  2021-12-21T11:00:00+0530
adx : 36.43  aroonosc : 71.43
-----------------------------------------------
11:03:15 : SCANNING : THERMAX
circuit : 1.65%  2021-12-21T11:00:00+0530
adx : 34.03  aroonosc : 85.71
-----------------------------------------------
11:03:16 : SCANNING : THYROCARE
circuit : -1.03%  2021-12-21T11:00:00+0530
adx : 18.09  aroonosc : -57.14
-----------------------------------------------
11:03:16 : SCANNING : TIINDIA
circuit : 0.24%  2021-12-21T11:00:00+0530
adx : 21.43  aroonosc : 50.0
-----------------------------------------------
11:03:17 : SCANNING : TIMKEN
circuit : 2.51%  2021-12-21T11:00:00+0530
adx : 46.41  aroonosc : 57.14
-----------------------------------------------
11:03:17 : SCANNING : TITAN
circuit : 2.39%  2021-12-21T11:00:00+0530
adx : 43.52  aroonosc : 92.86
-----------------------------------------------
11:03:17 : SCANNING : TORNTPHARM
circuit : 0.94%  2021-12-21T11:00:00+0530
adx : 25.37  aroonosc : -50.0
-----------------------------------------------
11:03:18 : SCANNING : TORNTPOWER
circuit : 0.21%  2021-12-21T11:00:00+0530
adx : 25.37  aroonosc : -7.14
-----------------------------------------------
11:03:18 : SCANNING : TRENT
circuit : -0.31%  2021-12-21T11:00:00+0530
adx : 27.2  aroonosc : -28.57
-----------------------------------------------
11:03:19 : SCANNING : TRIDENT
circuit : 5.34%  2021-12-21T11:00:00+0530
adx : 15.06  aroonosc : -42.86
-----------------------------------------------
11:03:19 : SCANNING : TRITURBINE
circuit : -1.66%  2021-12-21T11:00:00+0530
adx : 47.95  aroonosc : -100.0
-----------------------------------------------
11:03:19 : SCANNING : TTKPRESTIG
circuit : 1.89%  2021-12-21T11:00:00+0530
adx : 19.36  aroonosc : -71.43
-----------------------------------------------
11:03:20 : SCANNING : TV18BRDCST
circuit : 0.79%  2021-12-21T11:00:00+0530
adx : 12.91  aroonosc : 100.0
-----------------------------------------------
11:03:20 : SCANNING : TVSMOTOR
circuit : 1.54%  2021-12-21T11:00:00+0530
adx : 43.4  aroonosc : 57.14
-----------------------------------------------
11:03:21 : SCANNING : UBL
circuit : 2.34%  2021-12-21T11:00:00+0530
adx : 29.27  aroonosc : 0.0
-----------------------------------------------
11:03:21 : SCANNING : UCOBANK
circuit : 1.18%  2021-12-21T11:00:00+0530
adx : 48.43  aroonosc : 57.14
-----------------------------------------------
11:03:21 : SCANNING : UFLEX
circuit : -1.46%  2021-12-21T11:00:00+0530
adx : 38.07  aroonosc : 42.86
-----------------------------------------------
11:03:22 : SCANNING : UJJIVAN
circuit : -0.31%  2021-12-21T11:00:00+0530
adx : 20.1  aroonosc : -21.43
-----------------------------------------------
11:03:22 : SCANNING : UJJIVANSFB
-----------------------------------------------
11:03:23 : SCANNING : ULTRACEMCO
circuit : 0.94%  2021-12-21T11:00:00+0530
adx : 30.36  aroonosc : 78.57
-----------------------------------------------
11:03:23 : SCANNING : UNIONBANK
circuit : 1.3%  2021-12-21T11:00:00+0530
adx : 9.81  aroonosc : -21.43
-----------------------------------------------
11:03:24 : SCANNING : UPL
circuit : 1.71%  2021-12-21T11:00:00+0530
adx : 43.98  aroonosc : 50.0
-----------------------------------------------
11:03:24 : SCANNING : UTIAMC
circuit : 1.57%  2021-12-21T11:00:00+0530
adx : 12.64  aroonosc : -42.86
-----------------------------------------------
11:03:24 : SCANNING : VAIBHAVGBL
circuit : 0.26%  2021-12-21T11:00:00+0530
adx : 24.2  aroonosc : 71.43
-----------------------------------------------
11:03:25 : SCANNING : VAKRANGEE
circuit : 1.97%  2021-12-21T11:00:00+0530
adx : 34.37  aroonosc : 71.43
-----------------------------------------------
11:03:25 : SCANNING : VALIANTORG
circuit : 0.93%  2021-12-21T11:00:00+0530
adx : 16.8  aroonosc : 57.14
-----------------------------------------------
11:03:26 : SCANNING : VARROC
circuit : 2.92%  2021-12-21T11:00:00+0530
adx : 26.71  aroonosc : 50.0
-----------------------------------------------
11:03:26 : SCANNING : VBL
circuit : 0.59%  2021-12-21T11:00:00+0530
adx : 12.41  aroonosc : 28.57
-----------------------------------------------
11:03:27 : SCANNING : VEDL
circuit : 1.82%  2021-12-21T11:00:00+0530
adx : 59.89  aroonosc : 78.57
-----------------------------------------------
11:03:27 : SCANNING : VENKEYS
circuit : -0.35%  2021-12-21T11:00:00+0530
adx : 27.54  aroonosc : 50.0
-----------------------------------------------
11:03:27 : SCANNING : VGUARD
circuit : -0.13%  2021-12-21T11:00:00+0530
adx : 11.81  aroonosc : -85.71
-----------------------------------------------
11:03:28 : SCANNING : VINATIORGA
circuit : -3.17%  2021-12-21T11:00:00+0530
adx : 22.81  aroonosc : -78.57
-----------------------------------------------
11:03:28 : SCANNING : VIPIND
circuit : 4.63%  2021-12-21T11:00:00+0530
adx : 32.07  aroonosc : 92.86
-----------------------------------------------
11:03:29 : SCANNING : VMART
circuit : -0.51%  2021-12-21T11:00:00+0530
adx : 20.61  aroonosc : 100.0
-----------------------------------------------
11:03:29 : SCANNING : VOLTAS
circuit : 0.85%  2021-12-21T11:00:00+0530
adx : 36.73  aroonosc : 14.29
-----------------------------------------------
11:03:30 : SCANNING : VSTIND
circuit : 0.18%  2021-12-21T11:00:00+0530
adx : 15.49  aroonosc : -57.14
-----------------------------------------------
11:03:30 : SCANNING : VTL
circuit : 7.02%  2021-12-21T11:00:00+0530
adx : 46.42  aroonosc : 85.71
-----------------------------------------------
11:03:30 : SCANNING : WABCOINDIA
circuit : 0.39%  2021-12-21T11:00:00+0530
adx : 9.92  aroonosc : -100.0
-----------------------------------------------
11:03:31 : SCANNING : WELCORP
circuit : 3.66%  2021-12-21T11:00:00+0530
adx : 39.25  aroonosc : 64.29
-----------------------------------------------
11:03:31 : SCANNING : WELSPUNIND
circuit : 1.25%  2021-12-21T11:00:00+0530
adx : 22.61  aroonosc : -85.71
-----------------------------------------------
11:03:31 : SCANNING : WESTLIFE
circuit : 0.43%  2021-12-21T11:00:00+0530
adx : 25.0  aroonosc : 64.29
-----------------------------------------------
11:03:32 : SCANNING : WHIRLPOOL
circuit : 0.96%  2021-12-21T11:00:00+0530
adx : 13.56  aroonosc : 7.14
-----------------------------------------------
11:03:32 : SCANNING : WIPRO
circuit : 1.45%  2021-12-21T11:00:00+0530
adx : 56.92  aroonosc : 21.43
-----------------------------------------------
11:03:32 : SCANNING : WOCKPHARMA
circuit : -0.22%  2021-12-21T11:00:00+0530
adx : 16.79  aroonosc : -71.43
-----------------------------------------------
11:03:33 : SCANNING : YESBANK
circuit : 0.77%  2021-12-21T11:00:00+0530
adx : 47.86  aroonosc : 92.86
-----------------------------------------------
11:03:33 : SCANNING : ZEEL
circuit : 2.8%  2021-12-21T11:00:00+0530
adx : 31.62  aroonosc : 71.43
-----------------------------------------------
11:03:34 : SCANNING : ZENSARTECH
circuit : 3.6%  2021-12-21T11:00:00+0530
adx : 46.5  aroonosc : 7.14
-----------------------------------------------
11:03:34 : SCANNING : ZYDUSWELL
circuit : -0.95%  2021-12-21T11:00:00+0530
adx : 38.67  aroonosc : 85.71
-----------------------------------------------
11:03:35 : SCANNING : PAYTM
circuit : 1.65%  2021-12-21T11:00:00+0530
adx : 19.54  aroonosc : -85.71
-----------------------------------------------
===================================================
11:03:35 : END
===================================================
Start Time     : 2021-12-21 11:00:02.555623
End Time       : 2021-12-21 11:03:35.142944
Time Taken     : 3.0
===================================================
