===================================================
11:04:01 : START
===================================================
11:04:01 : PROCESSING INSTRUMENTS SYMBOLS
-----------------------------------------------
11:04:02 : SCANNING : 3MINDIA
circuit : -0.21%  2021-12-21T11:00:00+0530
adx : 28.24  aroonosc : 42.86
-----------------------------------------------
11:04:02 : SCANNING : AARTIDRUGS
circuit : 0.29%  2021-12-21T11:00:00+0530
adx : 12.15  aroonosc : 21.43
-----------------------------------------------
11:04:03 : SCANNING : AARTIIND
circuit : 1.41%  2021-12-21T11:00:00+0530
adx : 38.99  aroonosc : 50.0
-----------------------------------------------
11:04:03 : SCANNING : AAVAS
circuit : 1.62%  2021-12-21T11:00:00+0530
adx : 56.53  aroonosc : 100.0
-----------------------------------------------
11:04:04 : SCANNING : ABB
circuit : 1.25%  2021-12-21T11:00:00+0530
adx : 18.92  aroonosc : 42.86
-----------------------------------------------
11:04:04 : SCANNING : ABBOTINDIA
circuit : -0.11%  2021-12-21T11:00:00+0530
adx : 30.12  aroonosc : 50.0
-----------------------------------------------
11:04:05 : SCANNING : ABCAPITAL
circuit : 2.82%  2021-12-21T11:00:00+0530
adx : 31.89  aroonosc : -28.57
-----------------------------------------------
11:04:05 : SCANNING : ABFRL
circuit : 3.01%  2021-12-21T11:00:00+0530
adx : 41.95  aroonosc : 14.29
-----------------------------------------------
11:04:05 : SCANNING : ACC
circuit : 1.61%  2021-12-21T11:00:00+0530
adx : 46.72  aroonosc : 92.86
-----------------------------------------------
11:04:06 : SCANNING : ADANIENT
circuit : 0.82%  2021-12-21T11:00:00+0530
adx : 41.58  aroonosc : 42.86
-----------------------------------------------
11:04:06 : SCANNING : ADANIGREEN
circuit : -0.1%  2021-12-21T11:00:00+0530
adx : 22.93  aroonosc : -92.86
-----------------------------------------------
11:04:06 : SCANNING : ADANIPORTS
circuit : -0.5%  2021-12-21T11:00:00+0530
adx : 19.51  aroonosc : -28.57
-----------------------------------------------
11:04:07 : SCANNING : ADVENZYMES
circuit : 1.18%  2021-12-21T11:00:00+0530
adx : 20.54  aroonosc : 14.29
-----------------------------------------------
11:04:07 : SCANNING : AEGISCHEM
circuit : -2.05%  2021-12-21T11:00:00+0530
adx : 38.0  aroonosc : 64.29
-----------------------------------------------
11:04:07 : SCANNING : AFFLE
circuit : 1.09%  2021-12-21T11:00:00+0530
adx : 13.66  aroonosc : -21.43
-----------------------------------------------
11:04:08 : SCANNING : AIAENG
circuit : -0.62%  2021-12-21T11:00:00+0530
adx : 14.22  aroonosc : -71.43
-----------------------------------------------
11:04:08 : SCANNING : AJANTPHARM
circuit : -0.64%  2021-12-21T11:00:00+0530
adx : 16.31  aroonosc : 71.43
-----------------------------------------------
11:04:09 : SCANNING : AKZOINDIA
circuit : -1.34%  2021-12-21T11:00:00+0530
adx : 35.53  aroonosc : -71.43
-----------------------------------------------
11:04:09 : SCANNING : ALEMBICLTD
circuit : -0.15%  2021-12-21T11:00:00+0530
adx : 12.75  aroonosc : 35.71
-----------------------------------------------
11:04:10 : SCANNING : ALKEM
circuit : 0.47%  2021-12-21T11:00:00+0530
adx : 10.86  aroonosc : -35.71
-----------------------------------------------
11:04:10 : SCANNING : ALKYLAMINE
circuit : -1.72%  2021-12-21T11:00:00+0530
adx : 47.95  aroonosc : -14.29
-----------------------------------------------
11:04:10 : SCANNING : ALOKINDS
circuit : 1.97%  2021-12-21T11:00:00+0530
adx : 38.44  aroonosc : 7.14
-----------------------------------------------
11:04:11 : SCANNING : AMARAJABAT
circuit : 0.42%  2021-12-21T11:00:00+0530
adx : 36.66  aroonosc : 64.29
-----------------------------------------------
11:04:11 : SCANNING : AMBER
circuit : 3.11%  2021-12-21T11:00:00+0530
adx : 41.0  aroonosc : 50.0
-----------------------------------------------
11:04:12 : SCANNING : AMBUJACEM
circuit : 2.54%  2021-12-21T11:00:00+0530
adx : 50.82  aroonosc : 100.0
-----------------------------------------------
11:04:12 : SCANNING : ANGELBRKG
circuit : 2.38%  2021-12-21T11:00:00+0530
adx : 38.15  aroonosc : 50.0
-----------------------------------------------
11:04:12 : SCANNING : APLAPOLLO
circuit : 2.61%  2021-12-21T11:00:00+0530
adx : 16.35  aroonosc : 57.14
-----------------------------------------------
11:04:13 : SCANNING : APLLTD
circuit : -1.2%  2021-12-21T11:00:00+0530
adx : 42.93  aroonosc : -92.86
-----------------------------------------------
11:04:13 : SCANNING : APOLLOHOSP
circuit : -0.68%  2021-12-21T11:00:00+0530
adx : 26.05  aroonosc : 28.57
-----------------------------------------------
11:04:14 : SCANNING : APOLLOTYRE
circuit : 0.44%  2021-12-21T11:00:00+0530
adx : 20.05  aroonosc : 50.0
-----------------------------------------------
11:04:14 : SCANNING : ASAHIINDIA
circuit : -1.08%  2021-12-21T11:00:00+0530
adx : 31.08  aroonosc : -35.71
-----------------------------------------------
11:04:15 : SCANNING : ASHOKA
circuit : 0.33%  2021-12-21T11:00:00+0530
adx : 17.12  aroonosc : -28.57
-----------------------------------------------
11:04:15 : SCANNING : ASHOKLEY
circuit : 2.25%  2021-12-21T11:00:00+0530
adx : 46.37  aroonosc : 64.29
-----------------------------------------------
11:04:15 : SCANNING : ASIANPAINT
circuit : 1.38%  2021-12-21T11:00:00+0530
adx : 44.04  aroonosc : 100.0
-----------------------------------------------
11:04:16 : SCANNING : ASTERDM
circuit : -0.54%  2021-12-21T11:00:00+0530
adx : 39.59  aroonosc : 71.43
-----------------------------------------------
11:04:16 : SCANNING : ASTRAL
circuit : -1.57%  2021-12-21T11:00:00+0530
adx : 17.59  aroonosc : -7.14
-----------------------------------------------
11:04:17 : SCANNING : ASTRAZEN
circuit : -0.75%  2021-12-21T11:00:00+0530
adx : 24.59  aroonosc : -42.86
-----------------------------------------------
11:04:17 : SCANNING : ATUL
circuit : 0.45%  2021-12-21T11:00:00+0530
adx : 24.81  aroonosc : 85.71
-----------------------------------------------
11:04:17 : SCANNING : AUBANK
circuit : 4.17%  2021-12-21T11:00:00+0530
adx : 52.52  aroonosc : 57.14
-----------------------------------------------
11:04:18 : SCANNING : AUROPHARMA
circuit : -0.43%  2021-12-21T11:00:00+0530
adx : 25.36  aroonosc : 35.71
-----------------------------------------------
11:04:18 : SCANNING : AVANTIFEED
circuit : -0.74%  2021-12-21T11:00:00+0530
adx : 38.59  aroonosc : -92.86
-----------------------------------------------
11:04:19 : SCANNING : AXISBANK
circuit : -0.84%  2021-12-21T11:00:00+0530
adx : 20.17  aroonosc : 100.0
-----------------------------------------------
11:04:19 : SCANNING : BAJAJ-AUTO
circuit : 0.89%  2021-12-21T11:00:00+0530
adx : 45.0  aroonosc : 42.86
-----------------------------------------------
11:04:20 : SCANNING : BAJAJCON
circuit : 0.15%  2021-12-21T11:00:00+0530
adx : 19.69  aroonosc : 7.14
-----------------------------------------------
11:04:20 : SCANNING : BAJAJELEC
circuit : -0.73%  2021-12-21T11:00:00+0530
adx : 19.0  aroonosc : -64.29
-----------------------------------------------
11:04:20 : SCANNING : BAJAJFINSV
circuit : -0.93%  2021-12-21T11:00:00+0530
adx : 39.78  aroonosc : 57.14
-----------------------------------------------
11:04:21 : SCANNING : BAJAJHLDNG
circuit : -0.09%  2021-12-21T11:00:00+0530
adx : 13.51  aroonosc : -21.43
-----------------------------------------------
11:04:21 : SCANNING : BAJFINANCE
circuit : -0.02%  2021-12-21T11:00:00+0530
adx : 30.58  aroonosc : 14.29
-----------------------------------------------
11:04:22 : SCANNING : BALAMINES
circuit : 0.21%  2021-12-21T11:00:00+0530
adx : 10.61  aroonosc : 71.43
-----------------------------------------------
11:04:22 : SCANNING : BALKRISIND
circuit : -0.94%  2021-12-21T11:00:00+0530
adx : 15.62  aroonosc : 64.29
-----------------------------------------------
11:04:22 : SCANNING : BALMLAWRIE
circuit : 1.32%  2021-12-21T11:00:00+0530
adx : 32.74  aroonosc : 78.57
-----------------------------------------------
11:04:23 : SCANNING : BALRAMCHIN
circuit : 1.9%  2021-12-21T11:00:00+0530
adx : 44.05  aroonosc : 14.29
-----------------------------------------------
11:04:23 : SCANNING : BANDHANBNK
circuit : 0.3%  2021-12-21T11:00:00+0530
adx : 22.97  aroonosc : -21.43
-----------------------------------------------
11:04:24 : SCANNING : BANKBARODA
circuit : 0.87%  2021-12-21T11:00:00+0530
adx : 12.63  aroonosc : -28.57
-----------------------------------------------
11:04:24 : SCANNING : BANKINDIA
circuit : 1.29%  2021-12-21T11:00:00+0530
adx : 46.19  aroonosc : 14.29
-----------------------------------------------
11:04:25 : SCANNING : BASF
circuit : 0.46%  2021-12-21T11:00:00+0530
adx : 32.77  aroonosc : -71.43
-----------------------------------------------
11:04:26 : SCANNING : BATAINDIA
circuit : 0.88%  2021-12-21T11:00:00+0530
adx : 21.26  aroonosc : -57.14
-----------------------------------------------
11:04:26 : SCANNING : BAYERCROP
circuit : -1.88%  2021-12-21T11:00:00+0530
adx : 20.63  aroonosc : -92.86
-----------------------------------------------
11:04:27 : SCANNING : BBTC
circuit : 0.04%  2021-12-21T11:00:00+0530
adx : 22.57  aroonosc : 14.29
-----------------------------------------------
11:04:27 : SCANNING : BDL
circuit : 0.71%  2021-12-21T11:00:00+0530
adx : 32.16  aroonosc : -85.71
-----------------------------------------------
11:04:27 : SCANNING : BEL
circuit : 1.36%  2021-12-21T11:00:00+0530
adx : 35.16  aroonosc : 64.29
-----------------------------------------------
11:04:28 : SCANNING : BEML
circuit : 1.46%  2021-12-21T11:00:00+0530
adx : 38.85  aroonosc : -100.0
-----------------------------------------------
11:04:28 : SCANNING : BERGEPAINT
circuit : 1.06%  2021-12-21T11:00:00+0530
adx : 37.83  aroonosc : 100.0
-----------------------------------------------
11:04:29 : SCANNING : BHARATFORG
circuit : 1.05%  2021-12-21T11:00:00+0530
adx : 23.33  aroonosc : 57.14
-----------------------------------------------
11:04:29 : SCANNING : BHARATRAS
circuit : 2.31%  2021-12-21T11:00:00+0530
adx : 40.02  aroonosc : 85.71
-----------------------------------------------
11:04:30 : SCANNING : BHARTIARTL
circuit : 0.29%  2021-12-21T11:00:00+0530
adx : 33.32  aroonosc : 28.57
-----------------------------------------------
11:04:30 : SCANNING : BHEL
circuit : 0.69%  2021-12-21T11:00:00+0530
adx : 17.51  aroonosc : 42.86
-----------------------------------------------
11:04:31 : SCANNING : BIOCON
circuit : 0.37%  2021-12-21T11:00:00+0530
adx : 10.89  aroonosc : 57.14
-----------------------------------------------
11:04:31 : SCANNING : BIRLACORPN
circuit : 3.07%  2021-12-21T11:00:00+0530
adx : 24.05  aroonosc : 35.71
-----------------------------------------------
11:04:31 : SCANNING : BLISSGVS
circuit : 1.26%  2021-12-21T11:00:00+0530
adx : 25.61  aroonosc : 100.0
-----------------------------------------------
11:04:32 : SCANNING : BLUEDART
circuit : 1.12%  2021-12-21T11:00:00+0530
adx : 32.5  aroonosc : -71.43
-----------------------------------------------
11:04:32 : SCANNING : BLUESTARCO
circuit : -1.5%  2021-12-21T11:00:00+0530
adx : 21.51  aroonosc : 35.71
-----------------------------------------------
11:04:33 : SCANNING : BOSCHLTD
circuit : 3.47%  2021-12-21T11:00:00+0530
adx : 56.94  aroonosc : 14.29
-----------------------------------------------
11:04:33 : SCANNING : BPCL
circuit : -0.49%  2021-12-21T11:00:00+0530
adx : 21.19  aroonosc : 71.43
-----------------------------------------------
11:04:34 : SCANNING : BRIGADE
circuit : 3.28%  2021-12-21T11:00:00+0530
adx : 33.29  aroonosc : -14.29
-----------------------------------------------
11:04:34 : SCANNING : BRITANNIA
circuit : 1.53%  2021-12-21T11:00:00+0530
adx : 36.75  aroonosc : 78.57
-----------------------------------------------
11:04:35 : SCANNING : BSE
circuit : -0.94%  2021-12-21T11:00:00+0530
adx : 11.48  aroonosc : -71.43
-----------------------------------------------
11:04:35 : SCANNING : BSOFT
circuit : 0.31%  2021-12-21T11:00:00+0530
adx : 31.98  aroonosc : 64.29
-----------------------------------------------
11:04:35 : SCANNING : BURGERKING
circuit : 0.8%  2021-12-21T11:00:00+0530
adx : 24.39  aroonosc : -85.71
-----------------------------------------------
11:04:36 : SCANNING : CADILAHC
circuit : 1.0%  2021-12-21T11:00:00+0530
adx : 41.48  aroonosc : 78.57
-----------------------------------------------
11:04:36 : SCANNING : CAMS
circuit : -0.27%  2021-12-21T11:00:00+0530
adx : 21.3  aroonosc : -21.43
-----------------------------------------------
11:04:37 : SCANNING : CANBK
circuit : 0.34%  2021-12-21T11:00:00+0530
adx : 22.42  aroonosc : 64.29
-----------------------------------------------
11:04:37 : SCANNING : CANFINHOME
circuit : 0.59%  2021-12-21T11:00:00+0530
adx : 22.7  aroonosc : 50.0
-----------------------------------------------
11:04:38 : SCANNING : CAPLIPOINT
circuit : 0.77%  2021-12-21T11:00:00+0530
adx : 24.65  aroonosc : -28.57
-----------------------------------------------
11:04:38 : SCANNING : CARBORUNIV
circuit : 1.72%  2021-12-21T11:00:00+0530
adx : 14.14  aroonosc : 50.0
-----------------------------------------------
11:04:39 : SCANNING : CASTROLIND
circuit : -0.9%  2021-12-21T11:00:00+0530
adx : 14.75  aroonosc : -64.29
-----------------------------------------------
11:04:39 : SCANNING : CCL
circuit : 2.0%  2021-12-21T11:00:00+0530
adx : 42.34  aroonosc : 78.57
-----------------------------------------------
11:04:39 : SCANNING : CEATLTD
circuit : 0.57%  2021-12-21T11:00:00+0530
adx : 13.34  aroonosc : 85.71
-----------------------------------------------
11:04:40 : SCANNING : CENTRALBK
circuit : 0.95%  2021-12-21T11:00:00+0530
adx : 31.75  aroonosc : -28.57
-----------------------------------------------
11:04:40 : SCANNING : CENTURYPLY
circuit : 1.64%  2021-12-21T11:00:00+0530
adx : 11.88  aroonosc : 78.57
-----------------------------------------------
11:04:40 : SCANNING : CENTURYTEX
circuit : 2.94%  2021-12-21T11:00:00+0530
adx : 25.09  aroonosc : 50.0
-----------------------------------------------
11:04:41 : SCANNING : CERA
circuit : 3.8%  2021-12-21T11:00:00+0530
adx : 35.5  aroonosc : 28.57
-----------------------------------------------
11:04:41 : SCANNING : CESC
circuit : 1.4%  2021-12-21T11:00:00+0530
adx : 38.1  aroonosc : 57.14
-----------------------------------------------
11:04:42 : SCANNING : CGCL
circuit : -0.24%  2021-12-21T11:00:00+0530
adx : 19.27  aroonosc : -64.29
-----------------------------------------------
11:04:42 : SCANNING : CHALET
circuit : 0.25%  2021-12-21T11:00:00+0530
adx : 10.61  aroonosc : 35.71
-----------------------------------------------
11:04:42 : SCANNING : CHAMBLFERT
circuit : -0.26%  2021-12-21T11:00:00+0530
adx : 19.08  aroonosc : -78.57
-----------------------------------------------
11:04:43 : SCANNING : CHOLAFIN
circuit : 2.63%  2021-12-21T11:00:00+0530
adx : 36.93  aroonosc : 100.0
-----------------------------------------------
11:04:43 : SCANNING : CHOLAHLDNG
circuit : 1.04%  2021-12-21T11:00:00+0530
adx : 21.86  aroonosc : 71.43
-----------------------------------------------
11:04:44 : SCANNING : CIPLA
circuit : -0.63%  2021-12-21T11:00:00+0530
adx : 12.2  aroonosc : -64.29
-----------------------------------------------
11:04:44 : SCANNING : COALINDIA
circuit : 1.73%  2021-12-21T11:00:00+0530
adx : 42.02  aroonosc : 64.29
-----------------------------------------------
11:04:44 : SCANNING : COCHINSHIP
circuit : 1.21%  2021-12-21T11:00:00+0530
adx : 14.88  aroonosc : -78.57
-----------------------------------------------
11:04:45 : SCANNING : COFORGE
circuit : 1.62%  2021-12-21T11:00:00+0530
adx : 44.89  aroonosc : -100.0
-----------------------------------------------
11:04:45 : SCANNING : COLPAL
circuit : 1.81%  2021-12-21T11:00:00+0530
adx : 42.45  aroonosc : 64.29
-----------------------------------------------
11:04:46 : SCANNING : CONCOR
circuit : -0.11%  2021-12-21T11:00:00+0530
adx : 19.02  aroonosc : 42.86
-----------------------------------------------
11:04:46 : SCANNING : COROMANDEL
circuit : 0.28%  2021-12-21T11:00:00+0530
adx : 9.95  aroonosc : 100.0
-----------------------------------------------
11:04:47 : SCANNING : CREDITACC
circuit : -1.92%  2021-12-21T11:00:00+0530
adx : 10.22  aroonosc : -92.86
-----------------------------------------------
11:04:47 : SCANNING : CRISIL
circuit : 1.77%  2021-12-21T11:00:00+0530
adx : 33.42  aroonosc : 85.71
-----------------------------------------------
11:04:48 : SCANNING : CROMPTON
circuit : 0.19%  2021-12-21T11:00:00+0530
adx : 17.45  aroonosc : 35.71
-----------------------------------------------
11:04:49 : SCANNING : CSBBANK
circuit : 0.68%  2021-12-21T11:00:00+0530
adx : 15.74  aroonosc : -28.57
-----------------------------------------------
11:04:49 : SCANNING : CUB
circuit : 1.04%  2021-12-21T11:00:00+0530
adx : 25.98  aroonosc : 71.43
-----------------------------------------------
11:04:50 : SCANNING : CUMMINSIND
circuit : 1.17%  2021-12-21T11:00:00+0530
adx : 29.75  aroonosc : -7.14
-----------------------------------------------
11:04:50 : SCANNING : CYIENT
circuit : -0.01%  2021-12-21T11:00:00+0530
adx : 14.63  aroonosc : -92.86
-----------------------------------------------
11:04:51 : SCANNING : DABUR
circuit : 0.97%  2021-12-21T11:00:00+0530
adx : 51.95  aroonosc : 100.0
-----------------------------------------------
11:04:51 : SCANNING : DALBHARAT
circuit : 4.85%  2021-12-21T11:00:00+0530
adx : 53.7  aroonosc : 85.71
-----------------------------------------------
11:04:52 : SCANNING : DBL
circuit : -0.52%  2021-12-21T11:00:00+0530
adx : 46.89  aroonosc : 50.0
-----------------------------------------------
11:04:52 : SCANNING : DCAL
circuit : 2.26%  2021-12-21T11:00:00+0530
adx : 27.02  aroonosc : 50.0
-----------------------------------------------
11:04:53 : SCANNING : DCBBANK
circuit : 2.43%  2021-12-21T11:00:00+0530
adx : 36.92  aroonosc : 71.43
-----------------------------------------------
11:04:53 : SCANNING : DCMSHRIRAM
circuit : 1.09%  2021-12-21T11:00:00+0530
adx : 15.56  aroonosc : 28.57
-----------------------------------------------
11:04:54 : SCANNING : DEEPAKNTR
circuit : 2.6%  2021-12-21T11:00:00+0530
adx : 42.37  aroonosc : 71.43
-----------------------------------------------
11:04:55 : SCANNING : DELTACORP
circuit : 0.77%  2021-12-21T11:00:00+0530
adx : 26.42  aroonosc : 78.57
-----------------------------------------------
11:04:56 : SCANNING : DHANI
circuit : 3.58%  2021-12-21T11:00:00+0530
adx : 32.46  aroonosc : 50.0
-----------------------------------------------
11:04:59 : SCANNING : DHANUKA
circuit : -0.3%  2021-12-21T11:00:00+0530
adx : 13.51  aroonosc : 71.43
-----------------------------------------------
11:05:00 : SCANNING : DISHTV
circuit : 2.99%  2021-12-21T11:00:00+0530
adx : 36.69  aroonosc : 35.71
-----------------------------------------------
11:05:00 : SCANNING : DIVISLAB
circuit : -0.97%  2021-12-21T11:00:00+0530
adx : 20.07  aroonosc : -57.14
-----------------------------------------------
11:05:01 : SCANNING : DIXON
circuit : 2.01%  2021-12-21T11:05:00+0530
adx : 44.33  aroonosc : 78.57
-----------------------------------------------
11:05:01 : SCANNING : DLF
circuit : 1.29%  2021-12-21T11:05:00+0530
adx : 46.97  aroonosc : 85.71
-----------------------------------------------
11:05:02 : SCANNING : DMART
circuit : 0.46%  2021-12-21T11:05:00+0530
adx : 11.6  aroonosc : -7.14
-----------------------------------------------
11:05:02 : SCANNING : DRREDDY
circuit : 0.9%  2021-12-21T11:05:00+0530
adx : 32.33  aroonosc : 78.57
-----------------------------------------------
11:05:03 : SCANNING : ECLERX
circuit : 0.76%  2021-12-21T11:00:00+0530
adx : 15.1  aroonosc : -85.71
-----------------------------------------------
11:05:03 : SCANNING : EDELWEISS
circuit : 0.29%  2021-12-21T11:05:00+0530
adx : 11.69  aroonosc : -28.57
-----------------------------------------------
11:05:04 : SCANNING : EICHERMOT
circuit : 0.28%  2021-12-21T11:05:00+0530
adx : 36.73  aroonosc : 50.0
-----------------------------------------------
11:05:04 : SCANNING : EIDPARRY
circuit : 1.53%  2021-12-21T11:00:00+0530
adx : 24.13  aroonosc : 50.0
-----------------------------------------------
11:05:05 : SCANNING : EIHOTEL
circuit : 1.62%  2021-12-21T11:05:00+0530
adx : 9.08  aroonosc : -78.57
-----------------------------------------------
11:05:05 : SCANNING : ELGIEQUIP
circuit : 0.61%  2021-12-21T11:05:00+0530
adx : 28.27  aroonosc : -71.43
-----------------------------------------------
11:05:07 : SCANNING : EMAMILTD
circuit : -0.68%  2021-12-21T11:05:00+0530
adx : 25.74  aroonosc : 64.29
-----------------------------------------------
11:05:07 : SCANNING : ENDURANCE
circuit : 0.11%  2021-12-21T11:00:00+0530
adx : 20.19  aroonosc : -21.43
-----------------------------------------------
11:05:08 : SCANNING : ENGINERSIN
circuit : 0.22%  2021-12-21T11:05:00+0530
adx : 13.71  aroonosc : 85.71
-----------------------------------------------
11:05:09 : SCANNING : EPL
circuit : 1.74%  2021-12-21T11:05:00+0530
adx : 41.42  aroonosc : 92.86
-----------------------------------------------
11:05:09 : SCANNING : EQUITAS
circuit : -1.31%  2021-12-21T11:05:00+0530
adx : 22.51  aroonosc : -50.0
-----------------------------------------------
11:05:10 : SCANNING : ERIS
circuit : 0.19%  2021-12-21T11:00:00+0530
adx : 19.62  aroonosc : 100.0
-----------------------------------------------
11:05:10 : SCANNING : ESCORTS
circuit : 0.44%  2021-12-21T11:05:00+0530
adx : 18.92  aroonosc : -57.14
-----------------------------------------------
11:05:10 : SCANNING : EXIDEIND
circuit : 0.13%  2021-12-21T11:05:00+0530
adx : 36.75  aroonosc : -78.57
-----------------------------------------------
11:05:11 : SCANNING : FCONSUMER
circuit : -8.28%  2021-12-21T11:05:00+0530
adx : 32.14  aroonosc : 35.71
-----------------------------------------------
11:05:11 : SCANNING : FDC
circuit : 0.36%  2021-12-21T11:05:00+0530
adx : 13.86  aroonosc : 14.29
-----------------------------------------------
11:05:12 : SCANNING : FEDERALBNK
circuit : -0.43%  2021-12-21T11:05:00+0530
adx : 22.84  aroonosc : 92.86
-----------------------------------------------
11:05:12 : SCANNING : FINCABLES
circuit : 1.38%  2021-12-21T11:05:00+0530
adx : 15.43  aroonosc : 50.0
-----------------------------------------------
11:05:12 : SCANNING : FINEORG
circuit : 1.94%  2021-12-21T11:05:00+0530
adx : 25.4  aroonosc : 57.14
-----------------------------------------------
11:05:13 : SCANNING : FINPIPE
circuit : 4.01%  2021-12-21T11:05:00+0530
adx : 40.2  aroonosc : 92.86
-----------------------------------------------
11:05:13 : SCANNING : FLUOROCHEM
circuit : 3.76%  2021-12-21T11:05:00+0530
adx : 29.35  aroonosc : -28.57
-----------------------------------------------
11:05:13 : SCANNING : FORTIS
circuit : 3.41%  2021-12-21T11:05:00+0530
adx : 41.18  aroonosc : 50.0
-----------------------------------------------
11:05:14 : SCANNING : FRETAIL
circuit : -9.68%  2021-12-21T11:05:00+0530
adx : 26.8  aroonosc : -35.71
-----------------------------------------------
11:05:14 : SCANNING : FSL
circuit : 0.9%  2021-12-21T11:05:00+0530
adx : 14.8  aroonosc : -35.71
-----------------------------------------------
11:05:15 : SCANNING : GAEL
circuit : 1.44%  2021-12-21T11:05:00+0530
adx : 18.09  aroonosc : 28.57
-----------------------------------------------
11:05:16 : SCANNING : GAIL
circuit : 0.75%  2021-12-21T11:05:00+0530
adx : 33.28  aroonosc : 35.71
-----------------------------------------------
11:05:16 : SCANNING : GALAXYSURF
circuit : -0.41%  2021-12-21T11:05:00+0530
adx : 32.26  aroonosc : -50.0
-----------------------------------------------
11:05:16 : SCANNING : GARFIBRES
circuit : -0.12%  2021-12-21T11:05:00+0530
adx : 25.44  aroonosc : 21.43
-----------------------------------------------
11:05:17 : SCANNING : GEPIL
circuit : 1.81%  2021-12-21T11:05:00+0530
adx : 12.26  aroonosc : -21.43
-----------------------------------------------
11:05:17 : SCANNING : GESHIP
circuit : 1.63%  2021-12-21T11:05:00+0530
adx : 27.06  aroonosc : -71.43
-----------------------------------------------
11:05:18 : SCANNING : GICRE
circuit : 1.05%  2021-12-21T11:05:00+0530
adx : 12.33  aroonosc : -14.29
-----------------------------------------------
11:05:18 : SCANNING : GILLETTE
circuit : 1.08%  2021-12-21T11:05:00+0530
adx : 25.13  aroonosc : 78.57
-----------------------------------------------
11:05:19 : SCANNING : GLAND
circuit : 1.19%  2021-12-21T11:05:00+0530
adx : 15.24  aroonosc : 78.57
-----------------------------------------------
11:05:19 : SCANNING : GLAXO
circuit : 2.0%  2021-12-21T11:05:00+0530
adx : 44.79  aroonosc : 35.71
-----------------------------------------------
11:05:19 : SCANNING : GLENMARK
circuit : -0.47%  2021-12-21T11:00:00+0530
adx : 15.14  aroonosc : -28.57
-----------------------------------------------
11:05:20 : SCANNING : GMMPFAUDLR
circuit : 2.7%  2021-12-21T11:05:00+0530
adx : 55.62  aroonosc : 78.57
-----------------------------------------------
11:05:20 : SCANNING : GMRINFRA
circuit : 0.75%  2021-12-21T11:00:00+0530
adx : 29.13  aroonosc : 57.14
-----------------------------------------------
11:05:20 : SCANNING : GNFC
circuit : 1.39%  2021-12-21T11:05:00+0530
adx : 28.71  aroonosc : 14.29
-----------------------------------------------
11:05:21 : SCANNING : GODFRYPHLP
circuit : 0.15%  2021-12-21T11:00:00+0530
adx : 11.22  aroonosc : -85.71
-----------------------------------------------
11:05:21 : SCANNING : GODREJAGRO
circuit : -0.76%  2021-12-21T11:05:00+0530
adx : 23.65  aroonosc : -57.14
-----------------------------------------------
11:05:22 : SCANNING : GODREJCP
circuit : 5.07%  2021-12-21T11:05:00+0530
adx : 54.68  aroonosc : 78.57
-----------------------------------------------
11:05:22 : SCANNING : GODREJIND
circuit : 2.52%  2021-12-21T11:05:00+0530
adx : 43.67  aroonosc : 7.14
-----------------------------------------------
11:05:23 : SCANNING : GODREJPROP
circuit : 1.07%  2021-12-21T11:05:00+0530
adx : 19.22  aroonosc : -7.14
-----------------------------------------------
11:05:23 : SCANNING : GPPL
circuit : -0.16%  2021-12-21T11:05:00+0530
adx : 31.24  aroonosc : -50.0
-----------------------------------------------
11:05:24 : SCANNING : GRANULES
circuit : -0.42%  2021-12-21T11:05:00+0530
adx : 7.38  aroonosc : 35.71
-----------------------------------------------
11:05:24 : SCANNING : GRAPHITE
circuit : 0.29%  2021-12-21T11:05:00+0530
adx : 26.01  aroonosc : 7.14
-----------------------------------------------
11:05:25 : SCANNING : GRASIM
circuit : 2.27%  2021-12-21T11:05:00+0530
adx : 54.03  aroonosc : -35.71
-----------------------------------------------
11:05:25 : SCANNING : GREAVESCOT
circuit : 1.22%  2021-12-21T11:05:00+0530
adx : 30.66  aroonosc : 42.86
-----------------------------------------------
11:05:26 : SCANNING : GRINDWELL
circuit : -0.1%  2021-12-21T11:05:00+0530
adx : 39.52  aroonosc : -7.14
-----------------------------------------------
11:05:26 : SCANNING : GRSE
circuit : 2.87%  2021-12-21T11:05:00+0530
adx : 20.92  aroonosc : 28.57
-----------------------------------------------
11:05:27 : SCANNING : GSFC
circuit : 0.74%  2021-12-21T11:05:00+0530
adx : 12.83  aroonosc : -21.43
-----------------------------------------------
11:05:27 : SCANNING : GSPL
circuit : 0.91%  2021-12-21T11:05:00+0530
adx : 21.69  aroonosc : 21.43
-----------------------------------------------
11:05:28 : SCANNING : GUJALKALI
circuit : -0.09%  2021-12-21T11:05:00+0530
adx : 29.17  aroonosc : -78.57
-----------------------------------------------
11:05:28 : SCANNING : GUJGASLTD
circuit : 1.61%  2021-12-21T11:05:00+0530
adx : 54.5  aroonosc : 28.57
-----------------------------------------------
11:05:29 : SCANNING : GULFOILLUB
circuit : -0.1%  2021-12-21T11:05:00+0530
adx : 22.64  aroonosc : -7.14
-----------------------------------------------
11:05:29 : SCANNING : HAL
circuit : 0.2%  2021-12-21T11:05:00+0530
adx : 28.05  aroonosc : -28.57
-----------------------------------------------
11:05:30 : SCANNING : HATSUN
circuit : -1.8%  2021-12-21T11:00:00+0530
adx : 16.43  aroonosc : -64.29
-----------------------------------------------
11:05:30 : SCANNING : HAVELLS
circuit : 3.1%  2021-12-21T11:00:00+0530
adx : 36.64  aroonosc : 35.71
-----------------------------------------------
11:05:31 : SCANNING : HCLTECH
circuit : 3.05%  2021-12-21T11:00:00+0530
adx : 61.65  aroonosc : 28.57
-----------------------------------------------
11:05:31 : SCANNING : HDFC
circuit : -0.29%  2021-12-21T11:00:00+0530
adx : 49.71  aroonosc : 100.0
-----------------------------------------------
11:05:32 : SCANNING : HDFCAMC
circuit : 0.86%  2021-12-21T11:05:00+0530
adx : 31.6  aroonosc : 78.57
-----------------------------------------------
11:05:32 : SCANNING : HDFCBANK
circuit : 0.5%  2021-12-21T11:00:00+0530
adx : 21.36  aroonosc : 100.0
-----------------------------------------------
11:05:32 : SCANNING : HDFCLIFE
circuit : 0.47%  2021-12-21T11:00:00+0530
adx : 32.96  aroonosc : 92.86
-----------------------------------------------
11:05:33 : SCANNING : HEG
circuit : -0.46%  2021-12-21T11:05:00+0530
adx : 11.79  aroonosc : 50.0
-----------------------------------------------
11:05:33 : SCANNING : HEIDELBERG
circuit : 0.32%  2021-12-21T11:05:00+0530
adx : 18.66  aroonosc : -28.57
-----------------------------------------------
11:05:34 : SCANNING : HEMIPROP
circuit : 1.64%  2021-12-21T11:05:00+0530
adx : 23.2  aroonosc : -21.43
-----------------------------------------------
11:05:34 : SCANNING : HEROMOTOCO
circuit : -1.32%  2021-12-21T11:05:00+0530
adx : 35.14  aroonosc : 7.14
-----------------------------------------------
11:05:35 : SCANNING : HINDALCO
circuit : 1.99%  2021-12-21T11:05:00+0530
adx : 59.44  aroonosc : 64.29
-----------------------------------------------
11:05:35 : SCANNING : HINDCOPPER
circuit : 0.83%  2021-12-21T11:05:00+0530
adx : 35.62  aroonosc : 14.29
-----------------------------------------------
11:05:36 : SCANNING : HINDPETRO
circuit : 1.12%  2021-12-21T11:05:00+0530
adx : 21.83  aroonosc : 71.43
-----------------------------------------------
11:05:36 : SCANNING : HINDUNILVR
circuit : 0.23%  2021-12-21T11:00:00+0530
adx : 33.94  aroonosc : 64.29
-----------------------------------------------
11:05:37 : SCANNING : HINDZINC
circuit : 1.84%  2021-12-21T11:05:00+0530
adx : 28.42  aroonosc : 64.29
-----------------------------------------------
11:05:37 : SCANNING : HONAUT
circuit : -0.23%  2021-12-21T11:05:00+0530
adx : 13.89  aroonosc : -42.86
-----------------------------------------------
11:05:37 : SCANNING : HSCL
circuit : 1.53%  2021-12-21T11:05:00+0530
adx : 44.97  aroonosc : -28.57
-----------------------------------------------
11:05:38 : SCANNING : HUDCO
circuit : 0.26%  2021-12-21T11:05:00+0530
adx : 19.54  aroonosc : -85.71
-----------------------------------------------
11:05:38 : SCANNING : HUHTAMAKI
circuit : 1.15%  2021-12-21T11:05:00+0530
adx : 13.3  aroonosc : 57.14
-----------------------------------------------
11:05:39 : SCANNING : IBREALEST
circuit : 3.34%  2021-12-21T11:05:00+0530
adx : 44.76  aroonosc : 28.57
-----------------------------------------------
11:05:39 : SCANNING : IBULHSGFIN
circuit : 0.9%  2021-12-21T11:05:00+0530
adx : 24.13  aroonosc : -50.0
-----------------------------------------------
11:05:40 : SCANNING : ICICIBANK
circuit : 0.88%  2021-12-21T11:05:00+0530
adx : 47.32  aroonosc : 92.86
-----------------------------------------------
11:05:41 : SCANNING : ICICIGI
circuit : 1.92%  2021-12-21T11:05:00+0530
adx : 43.38  aroonosc : 92.86
-----------------------------------------------
11:05:41 : SCANNING : ICICIPRULI
circuit : 2.42%  2021-12-21T11:05:00+0530
adx : 47.85  aroonosc : 64.29
-----------------------------------------------
11:05:42 : SCANNING : ICIL
circuit : -1.46%  2021-12-21T11:05:00+0530
adx : 17.17  aroonosc : 42.86
-----------------------------------------------
11:05:42 : SCANNING : IDBI
circuit : 2.85%  2021-12-21T11:05:00+0530
adx : 48.6  aroonosc : 0.0
-----------------------------------------------
11:05:43 : SCANNING : IDEA
circuit : 4.69%  2021-12-21T11:00:00+0530
adx : 46.9  aroonosc : 28.57
-----------------------------------------------
11:05:43 : SCANNING : IDFC
circuit : 1.79%  2021-12-21T11:05:00+0530
adx : 42.76  aroonosc : 57.14
-----------------------------------------------
11:05:44 : SCANNING : IDFCFIRSTB
circuit : 0.33%  2021-12-21T11:05:00+0530
adx : 9.35  aroonosc : -7.14
-----------------------------------------------
11:05:45 : SCANNING : IEX
circuit : 1.61%  2021-12-21T11:05:00+0530
adx : 35.21  aroonosc : 42.86
-----------------------------------------------
11:05:45 : SCANNING : IFBIND
circuit : 0.32%  2021-12-21T11:00:00+0530
adx : 25.62  aroonosc : -71.43
-----------------------------------------------
11:05:46 : SCANNING : IGL
circuit : 1.01%  2021-12-21T11:05:00+0530
adx : 39.56  aroonosc : 64.29
-----------------------------------------------
11:05:46 : SCANNING : IIFL
circuit : 0.71%  2021-12-21T11:05:00+0530
adx : 20.43  aroonosc : -21.43
-----------------------------------------------
11:05:47 : SCANNING : IIFLWAM
circuit : -2.68%  2021-12-21T11:05:00+0530
adx : 29.57  aroonosc : -100.0
-----------------------------------------------
11:05:47 : SCANNING : INDHOTEL
circuit : -0.49%  2021-12-21T11:05:00+0530
adx : 10.39  aroonosc : 57.14
-----------------------------------------------
11:05:47 : SCANNING : INDIACEM
circuit : 1.28%  2021-12-21T11:05:00+0530
adx : 34.63  aroonosc : 71.43
-----------------------------------------------
11:05:48 : SCANNING : INDIAMART
circuit : -0.06%  2021-12-21T11:05:00+0530
adx : 10.43  aroonosc : -64.29
-----------------------------------------------
11:05:48 : SCANNING : INDIANB
circuit : 1.11%  2021-12-21T11:05:00+0530
adx : 32.28  aroonosc : -7.14
-----------------------------------------------
11:05:49 : SCANNING : INDIGO
circuit : 0.54%  2021-12-21T11:05:00+0530
adx : 25.11  aroonosc : 85.71
-----------------------------------------------
11:05:49 : SCANNING : INDOCO
circuit : 2.02%  2021-12-21T11:05:00+0530
adx : 27.88  aroonosc : 92.86
-----------------------------------------------
11:05:50 : SCANNING : INDUSINDBK
circuit : 0.68%  2021-12-21T11:00:00+0530
adx : 27.81  aroonosc : 78.57
-----------------------------------------------
11:05:50 : SCANNING : INDUSTOWER
circuit : 4.02%  2021-12-21T11:00:00+0530
adx : 43.27  aroonosc : 100.0
-----------------------------------------------
11:05:50 : SCANNING : INFIBEAM
circuit : 1.54%  2021-12-21T11:05:00+0530
adx : 34.32  aroonosc : -14.29
-----------------------------------------------
11:05:51 : SCANNING : INFY
circuit : 1.62%  2021-12-21T11:00:00+0530
adx : 38.22  aroonosc : 64.29
-----------------------------------------------
11:05:51 : SCANNING : INGERRAND
circuit : 0.96%  2021-12-21T11:05:00+0530
adx : 15.53  aroonosc : -42.86
-----------------------------------------------
11:05:52 : SCANNING : INOXLEISUR
circuit : 3.76%  2021-12-21T11:05:00+0530
adx : 51.79  aroonosc : 35.71
-----------------------------------------------
11:05:52 : SCANNING : INTELLECT
circuit : 0.51%  2021-12-21T11:05:00+0530
adx : 20.54  aroonosc : -7.14
-----------------------------------------------
11:05:53 : SCANNING : IOB
circuit : 1.24%  2021-12-21T11:05:00+0530
adx : 33.46  aroonosc : -42.86
-----------------------------------------------
11:05:54 : SCANNING : IOC
circuit : 0.14%  2021-12-21T11:05:00+0530
adx : 11.04  aroonosc : 28.57
-----------------------------------------------
11:05:54 : SCANNING : IOLCP
circuit : -0.77%  2021-12-21T11:05:00+0530
adx : 45.41  aroonosc : 42.86
-----------------------------------------------
11:05:55 : SCANNING : IPCALAB
circuit : 0.35%  2021-12-21T11:05:00+0530
adx : 11.38  aroonosc : 28.57
-----------------------------------------------
11:05:55 : SCANNING : IRB
circuit : -1.4%  2021-12-21T11:05:00+0530
adx : 15.54  aroonosc : -57.14
-----------------------------------------------
11:05:56 : SCANNING : IRCON
circuit : 0.22%  2021-12-21T11:05:00+0530
adx : 26.8  aroonosc : 85.71
-----------------------------------------------
11:05:56 : SCANNING : IRCTC
circuit : 0.83%  2021-12-21T11:00:00+0530
adx : 34.09  aroonosc : 100.0
-----------------------------------------------
11:05:56 : SCANNING : ISEC
circuit : 1.14%  2021-12-21T11:05:00+0530
adx : 19.65  aroonosc : -57.14
-----------------------------------------------
11:05:57 : SCANNING : ITC
circuit : 0.07%  2021-12-21T11:05:00+0530
adx : 23.01  aroonosc : 85.71
-----------------------------------------------
11:05:57 : SCANNING : ITI
circuit : 1.2%  2021-12-21T11:05:00+0530
adx : 27.0  aroonosc : 7.14
-----------------------------------------------
11:05:58 : SCANNING : J&KBANK
circuit : 2.31%  2021-12-21T11:05:00+0530
adx : 26.84  aroonosc : 35.71
-----------------------------------------------
11:05:58 : SCANNING : JAMNAAUTO
circuit : 2.76%  2021-12-21T11:05:00+0530
adx : 28.05  aroonosc : 7.14
-----------------------------------------------
11:05:59 : SCANNING : JBCHEPHARM
circuit : -0.48%  2021-12-21T11:05:00+0530
adx : 34.94  aroonosc : 28.57
-----------------------------------------------
11:05:59 : SCANNING : JCHAC
circuit : 2.19%  2021-12-21T11:05:00+0530
adx : 40.1  aroonosc : 78.57
-----------------------------------------------
11:05:59 : SCANNING : JINDALSAW
circuit : 1.99%  2021-12-21T11:00:00+0530
adx : 19.46  aroonosc : -35.71
-----------------------------------------------
11:06:00 : SCANNING : JINDALSTEL
circuit : 2.08%  2021-12-21T11:05:00+0530
adx : 48.73  aroonosc : 0.0
-----------------------------------------------
11:06:00 : SCANNING : JKCEMENT
circuit : 3.23%  2021-12-21T11:05:00+0530
adx : 32.45  aroonosc : 92.86
-----------------------------------------------
11:06:01 : SCANNING : JKLAKSHMI
circuit : 0.71%  2021-12-21T11:05:00+0530
adx : 15.73  aroonosc : -92.86
-----------------------------------------------
11:06:01 : SCANNING : JKPAPER
circuit : 1.18%  2021-12-21T11:05:00+0530
adx : 24.64  aroonosc : -35.71
-----------------------------------------------
11:06:01 : SCANNING : JKTYRE
circuit : 2.23%  2021-12-21T11:05:00+0530
adx : 35.71  aroonosc : 50.0
-----------------------------------------------
11:06:02 : SCANNING : JMFINANCIL
circuit : -0.82%  2021-12-21T11:05:00+0530
adx : 16.76  aroonosc : -78.57
-----------------------------------------------
11:06:02 : SCANNING : JSL
circuit : 3.08%  2021-12-21T11:05:00+0530
adx : 25.31  aroonosc : 21.43
-----------------------------------------------
11:06:02 : SCANNING : JSLHISAR
circuit : 3.52%  2021-12-21T11:05:00+0530
adx : 25.1  aroonosc : 100.0
-----------------------------------------------
11:06:03 : SCANNING : JSWSTEEL
circuit : 2.42%  2021-12-21T11:05:00+0530
adx : 66.38  aroonosc : 42.86
-----------------------------------------------
11:06:03 : SCANNING : JTEKTINDIA
circuit : 1.23%  2021-12-21T11:05:00+0530
adx : 13.36  aroonosc : 50.0
-----------------------------------------------
11:06:03 : SCANNING : JUBLFOOD
circuit : -0.18%  2021-12-21T11:05:00+0530
adx : 17.72  aroonosc : 21.43
-----------------------------------------------
11:06:04 : SCANNING : JUSTDIAL
circuit : 2.51%  2021-12-21T11:05:00+0530
adx : 37.25  aroonosc : 0.0
-----------------------------------------------
11:06:04 : SCANNING : JYOTHYLAB
circuit : 0.61%  2021-12-21T11:05:00+0530
adx : 21.72  aroonosc : -21.43
-----------------------------------------------
11:06:04 : SCANNING : KAJARIACER
circuit : 1.62%  2021-12-21T11:05:00+0530
adx : 16.77  aroonosc : 0.0
-----------------------------------------------
11:06:05 : SCANNING : KALPATPOWR
circuit : 1.36%  2021-12-21T11:05:00+0530
adx : 14.41  aroonosc : 42.86
-----------------------------------------------
11:06:05 : SCANNING : KANSAINER
circuit : 0.69%  2021-12-21T11:05:00+0530
adx : 32.31  aroonosc : 14.29
-----------------------------------------------
11:06:06 : SCANNING : KARURVYSYA
circuit : -0.22%  2021-12-21T11:05:00+0530
adx : 26.88  aroonosc : 0.0
-----------------------------------------------
11:06:06 : SCANNING : KEC
circuit : 0.62%  2021-12-21T11:05:00+0530
adx : 11.85  aroonosc : -35.71
-----------------------------------------------
11:06:06 : SCANNING : KEI
circuit : -0.56%  2021-12-21T11:05:00+0530
adx : 9.05  aroonosc : -28.57
-----------------------------------------------
11:06:07 : SCANNING : KNRCON
circuit : 0.42%  2021-12-21T11:05:00+0530
adx : 7.1  aroonosc : -35.71
-----------------------------------------------
11:06:07 : SCANNING : KOTAKBANK
circuit : -0.12%  2021-12-21T11:05:00+0530
adx : 25.64  aroonosc : 64.29
-----------------------------------------------
11:06:07 : SCANNING : KPITTECH
circuit : 2.53%  2021-12-21T11:05:00+0530
adx : 27.18  aroonosc : -71.43
-----------------------------------------------
11:06:08 : SCANNING : KPRMILL
circuit : 2.12%  2021-12-21T11:05:00+0530
adx : 16.58  aroonosc : -85.71
-----------------------------------------------
11:06:08 : SCANNING : KRBL
circuit : 0.29%  2021-12-21T11:05:00+0530
adx : 18.02  aroonosc : -14.29
-----------------------------------------------
11:06:09 : SCANNING : KSB
circuit : 1.99%  2021-12-21T11:00:00+0530
adx : 12.67  aroonosc : 92.86
-----------------------------------------------
11:06:09 : SCANNING : KSCL
circuit : -0.97%  2021-12-21T11:05:00+0530
adx : 22.56  aroonosc : 14.29
-----------------------------------------------
11:06:09 : SCANNING : L&TFH
circuit : 3.59%  2021-12-21T11:05:00+0530
adx : 57.56  aroonosc : 57.14
-----------------------------------------------
11:06:10 : SCANNING : LALPATHLAB
circuit : -0.19%  2021-12-21T11:05:00+0530
adx : 16.07  aroonosc : -7.14
-----------------------------------------------
11:06:10 : SCANNING : LAOPALA
circuit : 4.15%  2021-12-21T11:05:00+0530
adx : 41.11  aroonosc : -71.43
-----------------------------------------------
11:06:10 : SCANNING : LAURUSLABS
circuit : 1.38%  2021-12-21T11:05:00+0530
adx : 15.01  aroonosc : 50.0
-----------------------------------------------
11:06:11 : SCANNING : LAXMIMACH
circuit : 3.23%  2021-12-21T11:05:00+0530
adx : 22.52  aroonosc : -85.71
-----------------------------------------------
11:06:11 : SCANNING : LEMONTREE
circuit : 4.47%  2021-12-21T11:05:00+0530
adx : 36.77  aroonosc : 21.43
-----------------------------------------------
11:06:11 : SCANNING : LICHSGFIN
circuit : 0.81%  2021-12-21T11:05:00+0530
adx : 39.75  aroonosc : 78.57
-----------------------------------------------
11:06:12 : SCANNING : LINDEINDIA
circuit : 1.14%  2021-12-21T11:05:00+0530
adx : 13.56  aroonosc : 57.14
-----------------------------------------------
11:06:12 : SCANNING : LT
circuit : 1.21%  2021-12-21T11:05:00+0530
adx : 31.65  aroonosc : 35.71
-----------------------------------------------
11:06:12 : SCANNING : LTI
circuit : 2.34%  2021-12-21T11:05:00+0530
adx : 28.6  aroonosc : 57.14
-----------------------------------------------
11:06:13 : SCANNING : LTTS
circuit : 1.57%  2021-12-21T11:05:00+0530
adx : 25.69  aroonosc : 28.57
-----------------------------------------------
11:06:13 : SCANNING : LUPIN
circuit : 0.09%  2021-12-21T11:05:00+0530
adx : 29.35  aroonosc : 35.71
-----------------------------------------------
11:06:14 : SCANNING : LUXIND
circuit : 0.75%  2021-12-21T11:05:00+0530
adx : 33.56  aroonosc : 92.86
-----------------------------------------------
11:06:14 : SCANNING : M&M
circuit : -0.12%  2021-12-21T11:05:00+0530
adx : 29.61  aroonosc : 64.29
-----------------------------------------------
11:06:15 : SCANNING : M&MFIN
circuit : 0.96%  2021-12-21T11:05:00+0530
adx : 23.18  aroonosc : 78.57
-----------------------------------------------
11:06:15 : SCANNING : MAHABANK
circuit : 0.26%  2021-12-21T11:05:00+0530
adx : 15.97  aroonosc : -28.57
-----------------------------------------------
11:06:16 : SCANNING : MAHINDCIE
circuit : 0.9%  2021-12-21T11:05:00+0530
adx : 17.63  aroonosc : -7.14
-----------------------------------------------
11:06:17 : SCANNING : MAHLOG
circuit : -1.45%  2021-12-21T11:05:00+0530
adx : 10.13  aroonosc : -64.29
-----------------------------------------------
11:06:17 : SCANNING : MAHSCOOTER
circuit : 3.23%  2021-12-21T11:05:00+0530
adx : 32.42  aroonosc : 85.71
-----------------------------------------------
11:06:18 : SCANNING : MAHSEAMLES
circuit : 1.25%  2021-12-21T11:05:00+0530
adx : 37.47  aroonosc : 7.14
-----------------------------------------------
11:06:18 : SCANNING : MANAPPURAM
circuit : -0.54%  2021-12-21T11:05:00+0530
adx : 32.77  aroonosc : 42.86
-----------------------------------------------
11:06:19 : SCANNING : MARICO
circuit : 0.63%  2021-12-21T11:05:00+0530
adx : 32.58  aroonosc : 64.29
-----------------------------------------------
11:06:19 : SCANNING : MARUTI
circuit : 0.39%  2021-12-21T11:05:00+0530
adx : 32.71  aroonosc : 50.0
-----------------------------------------------
11:06:20 : SCANNING : MASFIN
circuit : 2.98%  2021-12-21T11:05:00+0530
adx : 20.27  aroonosc : 100.0
-----------------------------------------------
11:06:20 : SCANNING : MAXHEALTH
circuit : 1.64%  2021-12-21T11:05:00+0530
adx : 29.24  aroonosc : -50.0
-----------------------------------------------
11:06:20 : SCANNING : MAZDOCK
circuit : 0.54%  2021-12-21T11:05:00+0530
adx : 22.49  aroonosc : -35.71
-----------------------------------------------
11:06:21 : SCANNING : MCDOWELL-N
circuit : 2.26%  2021-12-21T11:05:00+0530
adx : 46.35  aroonosc : 92.86
-----------------------------------------------
11:06:21 : SCANNING : MCX
circuit : 0.96%  2021-12-21T11:05:00+0530
adx : 36.24  aroonosc : 35.71
-----------------------------------------------
11:06:22 : SCANNING : METROPOLIS
circuit : 2.93%  2021-12-21T11:05:00+0530
adx : 42.74  aroonosc : 57.14
-----------------------------------------------
11:06:22 : SCANNING : MFSL
circuit : 4.05%  2021-12-21T11:05:00+0530
adx : 24.13  aroonosc : 100.0
-----------------------------------------------
11:06:23 : SCANNING : MGL
circuit : 0.32%  2021-12-21T11:05:00+0530
adx : 30.76  aroonosc : 57.14
-----------------------------------------------
11:06:24 : SCANNING : MHRIL
circuit : -0.69%  2021-12-21T11:05:00+0530
adx : 13.22  aroonosc : -35.71
-----------------------------------------------
11:06:24 : SCANNING : MIDHANI
circuit : 0.69%  2021-12-21T11:05:00+0530
adx : 13.63  aroonosc : -28.57
-----------------------------------------------
11:06:24 : SCANNING : MINDACORP
circuit : 3.07%  2021-12-21T11:05:00+0530
adx : 39.87  aroonosc : 71.43
-----------------------------------------------
11:06:25 : SCANNING : MINDAIND
circuit : 1.3%  2021-12-21T11:05:00+0530
adx : 39.01  aroonosc : 71.43
-----------------------------------------------
11:06:25 : SCANNING : MINDTREE
circuit : 1.07%  2021-12-21T11:05:00+0530
adx : 41.93  aroonosc : -50.0
-----------------------------------------------
11:06:26 : SCANNING : MMTC
circuit : 2.09%  2021-12-21T11:05:00+0530
adx : 41.91  aroonosc : 57.14
-----------------------------------------------
11:06:26 : SCANNING : MOIL
circuit : 2.01%  2021-12-21T11:05:00+0530
adx : 41.37  aroonosc : 64.29
-----------------------------------------------
11:06:27 : SCANNING : MOTILALOFS
circuit : 0.34%  2021-12-21T11:05:00+0530
adx : 20.83  aroonosc : -50.0
-----------------------------------------------
11:06:27 : SCANNING : MPHASIS
circuit : 0.38%  2021-12-21T11:05:00+0530
adx : 23.57  aroonosc : 28.57
-----------------------------------------------
11:06:28 : SCANNING : MRF
circuit : 0.32%  2021-12-21T11:05:00+0530
adx : 17.36  aroonosc : -28.57
-----------------------------------------------
11:06:28 : SCANNING : MRPL
circuit : -0.82%  2021-12-21T11:05:00+0530
adx : 26.96  aroonosc : -85.71
-----------------------------------------------
11:06:28 : SCANNING : MUTHOOTFIN
circuit : 0.47%  2021-12-21T11:05:00+0530
adx : 17.05  aroonosc : 85.71
-----------------------------------------------
11:06:29 : SCANNING : NAM-INDIA
circuit : 1.64%  2021-12-21T11:05:00+0530
adx : 22.24  aroonosc : 42.86
-----------------------------------------------
11:06:29 : SCANNING : NATCOPHARM
circuit : 2.48%  2021-12-21T11:05:00+0530
adx : 13.66  aroonosc : 14.29
-----------------------------------------------
11:06:29 : SCANNING : NATIONALUM
circuit : 2.74%  2021-12-21T11:05:00+0530
adx : 52.25  aroonosc : -42.86
-----------------------------------------------
11:06:30 : SCANNING : NAUKRI
circuit : 0.3%  2021-12-21T11:05:00+0530
adx : 21.23  aroonosc : 28.57
-----------------------------------------------
11:06:30 : SCANNING : NAVINFLUOR
circuit : 3.34%  2021-12-21T11:05:00+0530
adx : 53.69  aroonosc : 57.14
-----------------------------------------------
11:06:30 : SCANNING : NBCC
circuit : 0.36%  2021-12-21T11:05:00+0530
adx : 28.84  aroonosc : 57.14
-----------------------------------------------
11:06:31 : SCANNING : NCC
circuit : 0.73%  2021-12-21T11:05:00+0530
adx : 37.92  aroonosc : 85.71
-----------------------------------------------
11:06:31 : SCANNING : NESCO
circuit : 1.5%  2021-12-21T11:05:00+0530
adx : 12.34  aroonosc : -57.14
-----------------------------------------------
11:06:32 : SCANNING : NESTLEIND
circuit : 0.98%  2021-12-21T11:05:00+0530
adx : 50.93  aroonosc : 78.57
-----------------------------------------------
11:06:32 : SCANNING : NETWORK18
circuit : 2.23%  2021-12-21T11:05:00+0530
adx : 23.04  aroonosc : 57.14
-----------------------------------------------
11:06:32 : SCANNING : NFL
circuit : 1.52%  2021-12-21T11:05:00+0530
adx : 37.09  aroonosc : 7.14
-----------------------------------------------
11:06:33 : SCANNING : NH
circuit : 1.79%  2021-12-21T11:05:00+0530
adx : 15.58  aroonosc : 85.71
-----------------------------------------------
11:06:33 : SCANNING : NHPC
circuit : 1.85%  2021-12-21T11:05:00+0530
adx : 34.29  aroonosc : -7.14
-----------------------------------------------
11:06:33 : SCANNING : NIACL
circuit : 0.15%  2021-12-21T11:05:00+0530
adx : 24.81  aroonosc : 100.0
-----------------------------------------------
11:06:34 : SCANNING : NILKAMAL
circuit : 0.21%  2021-12-21T11:05:00+0530
adx : 12.2  aroonosc : 71.43
-----------------------------------------------
11:06:34 : SCANNING : NLCINDIA
circuit : 0.68%  2021-12-21T11:05:00+0530
adx : 25.52  aroonosc : -21.43
-----------------------------------------------
11:06:34 : SCANNING : NMDC
circuit : 7.32%  2021-12-21T11:05:00+0530
adx : 14.18  aroonosc : 64.29
-----------------------------------------------
11:06:35 : SCANNING : NOCIL
circuit : 0.56%  2021-12-21T11:05:00+0530
adx : 32.82  aroonosc : 57.14
-----------------------------------------------
11:06:35 : SCANNING : NTPC
circuit : 0.57%  2021-12-21T11:05:00+0530
adx : 34.93  aroonosc : -35.71
rpt : 1190.0
{'candle': 'green', 'type': 'BUY', 'instrument': 'NTPC', 'price': 120.2, 'qty': 4949, 'target': 120.35, 'stoploss': 120.05, 'volume': 82550, 'adx': 50.48648436642578, 'aroonosc': 64.28571428571429, 'atr': 0.35497661662436336, 'open': 120.15, 'high': 120.35, 'low': 120.05, 'close': 120.35, 'product': 'MIS', 'time': '2021-12-20T13:45:00+0530'}
11:06:35 : Validation Failed : Time Gap in Seconds : 76895
-----------------------------------------------
11:06:36 : SCANNING : OBEROIRLTY
circuit : 1.48%  2021-12-21T11:05:00+0530
adx : 28.83  aroonosc : 64.29
-----------------------------------------------
11:06:36 : SCANNING : OFSS
circuit : 1.52%  2021-12-21T11:05:00+0530
adx : 47.26  aroonosc : 14.29
-----------------------------------------------
11:06:36 : SCANNING : OIL
circuit : 1.64%  2021-12-21T11:05:00+0530
adx : 17.1  aroonosc : 71.43
-----------------------------------------------
11:06:37 : SCANNING : ONGC
circuit : 0.3%  2021-12-21T11:05:00+0530
adx : 35.4  aroonosc : 100.0
-----------------------------------------------
11:06:37 : SCANNING : ORIENTELEC
circuit : 2.06%  2021-12-21T11:05:00+0530
adx : 14.37  aroonosc : 57.14
-----------------------------------------------
11:06:38 : SCANNING : PAGEIND
circuit : 1.24%  2021-12-21T11:05:00+0530
adx : 19.71  aroonosc : 50.0
-----------------------------------------------
11:06:38 : SCANNING : PEL
circuit : 1.54%  2021-12-21T11:05:00+0530
adx : 29.6  aroonosc : 50.0
-----------------------------------------------
11:06:38 : SCANNING : PERSISTENT
circuit : -1.82%  2021-12-21T11:05:00+0530
adx : 27.59  aroonosc : -21.43
-----------------------------------------------
11:06:39 : SCANNING : PETRONET
circuit : 0.02%  2021-12-21T11:05:00+0530
adx : 12.54  aroonosc : 42.86
-----------------------------------------------
11:06:39 : SCANNING : PFC
circuit : 0.6%  2021-12-21T11:05:00+0530
adx : 17.51  aroonosc : 28.57
-----------------------------------------------
11:06:39 : SCANNING : PFIZER
circuit : 0.82%  2021-12-21T11:05:00+0530
adx : 15.44  aroonosc : 42.86
-----------------------------------------------
11:06:40 : SCANNING : PGHH
circuit : 0.4%  2021-12-21T11:05:00+0530
adx : 23.65  aroonosc : -28.57
-----------------------------------------------
11:06:40 : SCANNING : PGHL
circuit : -0.56%  2021-12-21T11:05:00+0530
adx : 16.45  aroonosc : -42.86
-----------------------------------------------
11:06:41 : SCANNING : PHILIPCARB
circuit : 1.21%  2021-12-21T11:05:00+0530
adx : 7.41  aroonosc : -71.43
-----------------------------------------------
11:06:41 : SCANNING : PHOENIXLTD
circuit : -3.41%  2021-12-21T11:05:00+0530
adx : 27.66  aroonosc : -28.57
-----------------------------------------------
11:06:41 : SCANNING : PIDILITIND
circuit : 0.72%  2021-12-21T11:05:00+0530
adx : 41.77  aroonosc : 92.86
-----------------------------------------------
11:06:42 : SCANNING : PIIND
circuit : 1.39%  2021-12-21T11:05:00+0530
adx : 30.74  aroonosc : 71.43
-----------------------------------------------
11:06:42 : SCANNING : PNB
circuit : 0.81%  2021-12-21T11:05:00+0530
adx : 18.14  aroonosc : -64.29
-----------------------------------------------
11:06:42 : SCANNING : PNBHOUSING
circuit : 5.01%  2021-12-21T11:05:00+0530
adx : 54.27  aroonosc : 92.86
-----------------------------------------------
11:06:43 : SCANNING : PNCINFRA
circuit : -0.19%  2021-12-21T11:05:00+0530
adx : 20.44  aroonosc : 35.71
-----------------------------------------------
11:06:43 : SCANNING : POLYCAB
circuit : 0.53%  2021-12-21T11:05:00+0530
adx : 46.58  aroonosc : 50.0
-----------------------------------------------
11:06:43 : SCANNING : POLYMED
circuit : -0.82%  2021-12-21T11:05:00+0530
adx : 21.97  aroonosc : 28.57
-----------------------------------------------
11:06:44 : SCANNING : POLYPLEX
circuit : 1.14%  2021-12-21T11:05:00+0530
adx : 23.36  aroonosc : 42.86
-----------------------------------------------
11:06:44 : SCANNING : POWERGRID
circuit : -1.37%  2021-12-21T11:05:00+0530
adx : 16.86  aroonosc : -28.57
-----------------------------------------------
11:06:45 : SCANNING : POWERINDIA
circuit : -0.32%  2021-12-21T11:05:00+0530
adx : 21.65  aroonosc : -100.0
-----------------------------------------------
11:06:45 : SCANNING : PRESTIGE
circuit : 0.64%  2021-12-21T11:05:00+0530
adx : 21.09  aroonosc : -28.57
-----------------------------------------------
11:06:45 : SCANNING : PRINCEPIPE
circuit : 1.94%  2021-12-21T11:05:00+0530
adx : 35.37  aroonosc : 57.14
-----------------------------------------------
11:06:46 : SCANNING : PRSMJOHNSN
circuit : 3.87%  2021-12-21T11:05:00+0530
adx : 35.58  aroonosc : 14.29
-----------------------------------------------
11:06:46 : SCANNING : PSB
circuit : 1.25%  2021-12-21T11:05:00+0530
adx : 19.06  aroonosc : -50.0
-----------------------------------------------
11:06:46 : SCANNING : PVR
circuit : 0.92%  2021-12-21T11:05:00+0530
adx : 28.0  aroonosc : 57.14
-----------------------------------------------
11:06:47 : SCANNING : QUESS
circuit : 0.66%  2021-12-21T11:05:00+0530
adx : 18.2  aroonosc : 14.29
-----------------------------------------------
11:06:47 : SCANNING : RADICO
circuit : 0.5%  2021-12-21T11:05:00+0530
adx : 19.42  aroonosc : -14.29
-----------------------------------------------
11:06:48 : SCANNING : RAIN
circuit : -0.74%  2021-12-21T11:05:00+0530
adx : 12.18  aroonosc : 28.57
-----------------------------------------------
11:06:48 : SCANNING : RAJESHEXPO
circuit : -0.06%  2021-12-21T11:05:00+0530
adx : 8.15  aroonosc : -28.57
-----------------------------------------------
11:06:48 : SCANNING : RALLIS
circuit : 0.02%  2021-12-21T11:05:00+0530
adx : 10.55  aroonosc : -35.71
-----------------------------------------------
11:06:49 : SCANNING : RAMCOCEM
circuit : 1.95%  2021-12-21T11:05:00+0530
adx : 24.31  aroonosc : 78.57
-----------------------------------------------
11:06:49 : SCANNING : RATNAMANI
circuit : 2.77%  2021-12-21T11:05:00+0530
adx : 34.95  aroonosc : -78.57
-----------------------------------------------
11:06:50 : SCANNING : RAYMOND
circuit : 0.58%  2021-12-21T11:05:00+0530
adx : 33.06  aroonosc : 42.86
-----------------------------------------------
11:06:50 : SCANNING : RBLBANK
circuit : 0.15%  2021-12-21T11:05:00+0530
adx : 21.83  aroonosc : 35.71
-----------------------------------------------
11:06:50 : SCANNING : RCF
circuit : 1.52%  2021-12-21T11:05:00+0530
adx : 29.61  aroonosc : 42.86
-----------------------------------------------
11:06:51 : SCANNING : RECLTD
circuit : 0.9%  2021-12-21T11:05:00+0530
adx : 42.66  aroonosc : 35.71
-----------------------------------------------
11:06:51 : SCANNING : REDINGTON
circuit : 0.75%  2021-12-21T11:05:00+0530
adx : 14.97  aroonosc : -21.43
-----------------------------------------------
11:06:51 : SCANNING : RELAXO
circuit : 2.54%  2021-12-21T11:05:00+0530
adx : 32.16  aroonosc : -42.86
-----------------------------------------------
11:06:52 : SCANNING : RELIANCE
circuit : 0.68%  2021-12-21T11:05:00+0530
adx : 53.53  aroonosc : 57.14
-----------------------------------------------
11:06:52 : SCANNING : RESPONIND
circuit : 2.43%  2021-12-21T11:05:00+0530
adx : 21.33  aroonosc : 0.0
-----------------------------------------------
11:06:53 : SCANNING : RHIM
circuit : 1.0%  2021-12-21T11:05:00+0530
adx : 34.34  aroonosc : 21.43
-----------------------------------------------
11:06:54 : SCANNING : RITES
circuit : -1.33%  2021-12-21T11:05:00+0530
adx : 18.57  aroonosc : -28.57
-----------------------------------------------
11:06:54 : SCANNING : ROSSARI
circuit : 0.46%  2021-12-21T11:05:00+0530
adx : 24.38  aroonosc : -28.57
-----------------------------------------------
11:06:54 : SCANNING : ROUTE
circuit : 0.93%  2021-12-21T11:05:00+0530
adx : 15.49  aroonosc : -14.29
-----------------------------------------------
11:06:55 : SCANNING : RVNL
circuit : 1.19%  2021-12-21T11:05:00+0530
adx : 49.98  aroonosc : -14.29
-----------------------------------------------
11:06:55 : SCANNING : SAIL
circuit : 1.86%  2021-12-21T11:05:00+0530
adx : 31.61  aroonosc : -42.86
-----------------------------------------------
11:06:56 : SCANNING : SANOFI
circuit : 0.04%  2021-12-21T11:05:00+0530
adx : 29.06  aroonosc : 64.29
-----------------------------------------------
11:06:56 : SCANNING : SBICARD
circuit : 0.78%  2021-12-21T11:05:00+0530
adx : 43.3  aroonosc : 57.14
-----------------------------------------------
11:06:56 : SCANNING : SBILIFE
circuit : -0.44%  2021-12-21T11:05:00+0530
adx : 17.5  aroonosc : 85.71
-----------------------------------------------
11:06:56 : SCANNING : SBIN
circuit : -0.11%  2021-12-21T11:05:00+0530
adx : 34.51  aroonosc : 71.43
-----------------------------------------------
11:06:57 : SCANNING : SCHAEFFLER
circuit : 2.21%  2021-12-21T11:05:00+0530
adx : 50.07  aroonosc : 28.57
-----------------------------------------------
11:06:57 : SCANNING : SCHNEIDER
circuit : -1.94%  2021-12-21T11:05:00+0530
adx : 16.66  aroonosc : -71.43
-----------------------------------------------
11:06:58 : SCANNING : SCI
circuit : 1.49%  2021-12-21T11:05:00+0530
adx : 18.64  aroonosc : 42.86
-----------------------------------------------
11:06:58 : SCANNING : SEQUENT
circuit : 1.44%  2021-12-21T11:05:00+0530
adx : 23.99  aroonosc : 78.57
-----------------------------------------------
11:06:59 : SCANNING : SFL
circuit : 1.66%  2021-12-21T11:05:00+0530
adx : 27.84  aroonosc : 42.86
-----------------------------------------------
11:06:59 : SCANNING : SHARDACROP
circuit : -2.93%  2021-12-21T11:05:00+0530
adx : 22.52  aroonosc : -28.57
-----------------------------------------------
11:07:00 : SCANNING : SHILPAMED
circuit : 4.06%  2021-12-21T11:05:00+0530
adx : 58.48  aroonosc : 85.71
-----------------------------------------------
11:07:00 : SCANNING : SHOPERSTOP
circuit : 1.93%  2021-12-21T11:05:00+0530
adx : 15.23  aroonosc : 64.29
-----------------------------------------------
11:07:00 : SCANNING : SHREECEM
circuit : 2.19%  2021-12-21T11:05:00+0530
adx : 47.58  aroonosc : 92.86
-----------------------------------------------
11:07:01 : SCANNING : SHRIRAMCIT
circuit : -2.12%  2021-12-21T11:05:00+0530
adx : 13.65  aroonosc : 71.43
-----------------------------------------------
11:07:01 : SCANNING : SIEMENS
circuit : 0.63%  2021-12-21T11:05:00+0530
adx : 35.03  aroonosc : 57.14
-----------------------------------------------
11:07:01 : SCANNING : SIS
circuit : 0.83%  2021-12-21T11:05:00+0530
adx : 52.92  aroonosc : 85.71
-----------------------------------------------
11:07:02 : SCANNING : SJVN
circuit : 0.9%  2021-12-21T11:05:00+0530
adx : 31.08  aroonosc : 78.57
-----------------------------------------------
11:07:02 : SCANNING : SKFINDIA
circuit : -0.15%  2021-12-21T11:05:00+0530
adx : 10.49  aroonosc : -42.86
-----------------------------------------------
11:07:02 : SCANNING : SOBHA
circuit : 1.98%  2021-12-21T11:05:00+0530
adx : 25.01  aroonosc : 85.71
-----------------------------------------------
11:07:03 : SCANNING : SOLARA
circuit : -0.2%  2021-12-21T11:05:00+0530
adx : 23.81  aroonosc : -85.71
-----------------------------------------------
11:07:03 : SCANNING : SOLARINDS
circuit : -0.63%  2021-12-21T11:05:00+0530
adx : 23.42  aroonosc : -78.57
-----------------------------------------------
11:07:04 : SCANNING : SONATSOFTW
circuit : 2.46%  2021-12-21T11:05:00+0530
adx : 33.2  aroonosc : 7.14
-----------------------------------------------
11:07:04 : SCANNING : SPANDANA
circuit : -0.22%  2021-12-21T11:05:00+0530
adx : 23.52  aroonosc : -7.14
-----------------------------------------------
11:07:04 : SCANNING : SPARC
circuit : 1.58%  2021-12-21T11:05:00+0530
adx : 12.95  aroonosc : -64.29
-----------------------------------------------
11:07:05 : SCANNING : SPICEJET
circuit : 0.31%  2021-12-21T11:05:00+0530
adx : 23.75  aroonosc : 28.57
-----------------------------------------------
11:07:05 : SCANNING : SRF
circuit : 1.56%  2021-12-21T11:05:00+0530
adx : 38.26  aroonosc : 85.71
-----------------------------------------------
11:07:05 : SCANNING : SRTRANSFIN
circuit : -1.73%  2021-12-21T11:05:00+0530
adx : 24.54  aroonosc : 35.71
-----------------------------------------------
11:07:06 : SCANNING : STAR
circuit : -1.0%  2021-12-21T11:05:00+0530
adx : 10.28  aroonosc : 35.71
-----------------------------------------------
11:07:06 : SCANNING : STARCEMENT
circuit : 0.21%  2021-12-21T11:05:00+0530
adx : 15.06  aroonosc : 71.43
-----------------------------------------------
11:07:06 : SCANNING : STLTECH
circuit : 0.92%  2021-12-21T11:05:00+0530
adx : 27.63  aroonosc : 0.0
-----------------------------------------------
11:07:07 : SCANNING : SUDARSCHEM
circuit : 1.34%  2021-12-21T11:05:00+0530
adx : 35.57  aroonosc : 42.86
-----------------------------------------------
11:07:07 : SCANNING : SUMICHEM
circuit : 0.92%  2021-12-21T11:05:00+0530
adx : 14.61  aroonosc : -14.29
-----------------------------------------------
11:07:07 : SCANNING : SUNCLAYLTD
circuit : 1.07%  2021-12-21T11:05:00+0530
adx : 16.1  aroonosc : 50.0
-----------------------------------------------
11:07:08 : SCANNING : SUNDARMFIN
circuit : -0.53%  2021-12-21T11:05:00+0530
adx : 29.18  aroonosc : 0.0
-----------------------------------------------
11:07:08 : SCANNING : SUNDRMFAST
circuit : -2.08%  2021-12-21T11:05:00+0530
adx : 16.8  aroonosc : 14.29
-----------------------------------------------
11:07:09 : SCANNING : SUNPHARMA
circuit : 2.21%  2021-12-21T11:05:00+0530
adx : 41.72  aroonosc : 14.29
-----------------------------------------------
11:07:09 : SCANNING : SUNTECK
circuit : 0.86%  2021-12-21T11:05:00+0530
adx : 25.13  aroonosc : -100.0
-----------------------------------------------
11:07:09 : SCANNING : SUNTV
circuit : 0.72%  2021-12-21T11:05:00+0530
adx : 31.45  aroonosc : 85.71
-----------------------------------------------
11:07:10 : SCANNING : SUPPETRO
circuit : 1.16%  2021-12-21T11:05:00+0530
adx : 27.69  aroonosc : -71.43
-----------------------------------------------
11:07:10 : SCANNING : SUPRAJIT
circuit : 2.17%  2021-12-21T11:05:00+0530
adx : 46.84  aroonosc : 85.71
-----------------------------------------------
11:07:10 : SCANNING : SUPREMEIND
circuit : 3.14%  2021-12-21T11:05:00+0530
adx : 61.6  aroonosc : -21.43
-----------------------------------------------
11:07:11 : SCANNING : SUVENPHAR
circuit : 1.04%  2021-12-21T11:05:00+0530
adx : 13.89  aroonosc : 57.14
-----------------------------------------------
11:07:11 : SCANNING : SUZLON
circuit : 2.05%  2021-12-21T11:05:00+0530
adx : 36.14  aroonosc : 64.29
-----------------------------------------------
11:07:11 : SCANNING : SWANENERGY
circuit : 1.63%  2021-12-21T11:05:00+0530
adx : 26.19  aroonosc : 28.57
-----------------------------------------------
11:07:12 : SCANNING : SWSOLAR
circuit : 0.07%  2021-12-21T11:05:00+0530
adx : 13.18  aroonosc : -85.71
-----------------------------------------------
11:07:12 : SCANNING : SYMPHONY
circuit : 0.67%  2021-12-21T11:05:00+0530
adx : 34.38  aroonosc : 78.57
-----------------------------------------------
11:07:13 : SCANNING : SYNGENE
circuit : 0.45%  2021-12-21T11:05:00+0530
adx : 32.2  aroonosc : 42.86
-----------------------------------------------
11:07:13 : SCANNING : TASTYBITE
circuit : -1.17%  2021-12-21T11:05:00+0530
adx : 25.63  aroonosc : 85.71
-----------------------------------------------
11:07:13 : SCANNING : TATACHEM
circuit : 1.55%  2021-12-21T11:05:00+0530
adx : 37.46  aroonosc : 35.71
-----------------------------------------------
11:07:14 : SCANNING : TATACOFFEE
circuit : 1.15%  2021-12-21T11:05:00+0530
adx : 21.93  aroonosc : -50.0
-----------------------------------------------
11:07:14 : SCANNING : TATACOMM
circuit : -0.12%  2021-12-21T11:05:00+0530
adx : 16.35  aroonosc : 85.71
-----------------------------------------------
11:07:14 : SCANNING : TATACONSUM
circuit : 1.72%  2021-12-21T11:05:00+0530
adx : 47.29  aroonosc : 71.43
-----------------------------------------------
11:07:15 : SCANNING : TATAELXSI
circuit : -0.07%  2021-12-21T11:05:00+0530
adx : 11.19  aroonosc : 42.86
-----------------------------------------------
11:07:15 : SCANNING : TATAINVEST
circuit : 0.54%  2021-12-21T11:05:00+0530
adx : 32.24  aroonosc : 64.29
-----------------------------------------------
11:07:16 : SCANNING : TATAMOTORS
circuit : 1.25%  2021-12-21T11:05:00+0530
adx : 30.29  aroonosc : 50.0
-----------------------------------------------
11:07:16 : SCANNING : TATAPOWER
circuit : 0.54%  2021-12-21T11:05:00+0530
adx : 35.3  aroonosc : 42.86
-----------------------------------------------
11:07:16 : SCANNING : TATASTEEL
circuit : 2.15%  2021-12-21T11:05:00+0530
adx : 45.84  aroonosc : 64.29
-----------------------------------------------
11:07:16 : SCANNING : TCIEXP
circuit : 5.35%  2021-12-21T11:05:00+0530
adx : 30.56  aroonosc : 100.0
-----------------------------------------------
11:07:17 : SCANNING : TCNSBRANDS
circuit : 2.37%  2021-12-21T11:05:00+0530
adx : 13.21  aroonosc : 0.0
-----------------------------------------------
11:07:17 : SCANNING : TCS
circuit : 1.26%  2021-12-21T11:05:00+0530
adx : 47.18  aroonosc : 50.0
-----------------------------------------------
11:07:18 : SCANNING : TEAMLEASE
circuit : 0.44%  2021-12-21T11:05:00+0530
adx : 10.07  aroonosc : -14.29
-----------------------------------------------
11:07:18 : SCANNING : TECHM
circuit : 2.53%  2021-12-21T11:05:00+0530
adx : 35.76  aroonosc : 71.43
-----------------------------------------------
11:07:18 : SCANNING : THERMAX
circuit : 1.65%  2021-12-21T11:05:00+0530
adx : 32.52  aroonosc : 78.57
-----------------------------------------------
11:07:19 : SCANNING : THYROCARE
circuit : -1.02%  2021-12-21T11:05:00+0530
adx : 17.94  aroonosc : -57.14
-----------------------------------------------
11:07:19 : SCANNING : TIINDIA
circuit : 0.23%  2021-12-21T11:05:00+0530
adx : 20.61  aroonosc : 50.0
-----------------------------------------------
11:07:19 : SCANNING : TIMKEN
circuit : 2.38%  2021-12-21T11:05:00+0530
adx : 46.74  aroonosc : 57.14
-----------------------------------------------
11:07:20 : SCANNING : TITAN
circuit : 2.06%  2021-12-21T11:05:00+0530
adx : 43.26  aroonosc : 78.57
-----------------------------------------------
11:07:20 : SCANNING : TORNTPHARM
circuit : 0.82%  2021-12-21T11:05:00+0530
adx : 25.52  aroonosc : -50.0
-----------------------------------------------
11:07:20 : SCANNING : TORNTPOWER
circuit : 0.28%  2021-12-21T11:05:00+0530
adx : 25.16  aroonosc : -7.14
-----------------------------------------------
11:07:21 : SCANNING : TRENT
circuit : -0.39%  2021-12-21T11:05:00+0530
adx : 27.47  aroonosc : -28.57
-----------------------------------------------
11:07:21 : SCANNING : TRIDENT
circuit : 5.14%  2021-12-21T11:05:00+0530
adx : 14.8  aroonosc : -42.86
-----------------------------------------------
11:07:22 : SCANNING : TRITURBINE
circuit : -1.66%  2021-12-21T11:05:00+0530
adx : 46.31  aroonosc : -71.43
-----------------------------------------------
11:07:22 : SCANNING : TTKPRESTIG
circuit : 2.07%  2021-12-21T11:05:00+0530
adx : 17.44  aroonosc : -71.43
-----------------------------------------------
11:07:22 : SCANNING : TV18BRDCST
circuit : 0.79%  2021-12-21T11:05:00+0530
adx : 12.89  aroonosc : 57.14
-----------------------------------------------
11:07:23 : SCANNING : TVSMOTOR
circuit : 1.04%  2021-12-21T11:05:00+0530
adx : 41.26  aroonosc : 57.14
-----------------------------------------------
11:07:23 : SCANNING : UBL
circuit : 1.89%  2021-12-21T11:05:00+0530
adx : 28.89  aroonosc : 0.0
-----------------------------------------------
11:07:23 : SCANNING : UCOBANK
circuit : 1.18%  2021-12-21T11:05:00+0530
adx : 48.58  aroonosc : 64.29
-----------------------------------------------
11:07:24 : SCANNING : UFLEX
circuit : -1.55%  2021-12-21T11:05:00+0530
adx : 37.05  aroonosc : 42.86
-----------------------------------------------
11:07:24 : SCANNING : UJJIVAN
circuit : -0.31%  2021-12-21T11:05:00+0530
adx : 19.17  aroonosc : -21.43
-----------------------------------------------
11:07:24 : SCANNING : UJJIVANSFB
circuit : -0.27%  2021-12-21T11:05:00+0530
adx : 27.13  aroonosc : -14.29
-----------------------------------------------
11:07:25 : SCANNING : ULTRACEMCO
circuit : 0.98%  2021-12-21T11:05:00+0530
adx : 30.93  aroonosc : 78.57
-----------------------------------------------
11:07:25 : SCANNING : UNIONBANK
circuit : 1.18%  2021-12-21T11:05:00+0530
adx : 9.71  aroonosc : -21.43
-----------------------------------------------
11:07:26 : SCANNING : UPL
circuit : 1.86%  2021-12-21T11:05:00+0530
adx : 45.21  aroonosc : 78.57
-----------------------------------------------
11:07:26 : SCANNING : UTIAMC
circuit : 1.64%  2021-12-21T11:05:00+0530
adx : 12.26  aroonosc : -42.86
-----------------------------------------------
11:07:26 : SCANNING : VAIBHAVGBL
circuit : -0.05%  2021-12-21T11:05:00+0530
adx : 23.62  aroonosc : 57.14
-----------------------------------------------
11:07:27 : SCANNING : VAKRANGEE
circuit : 1.55%  2021-12-21T11:05:00+0530
adx : 33.79  aroonosc : 35.71
-----------------------------------------------
11:07:27 : SCANNING : VALIANTORG
circuit : 0.91%  2021-12-21T11:05:00+0530
adx : 16.55  aroonosc : 57.14
-----------------------------------------------
11:07:27 : SCANNING : VARROC
circuit : 2.46%  2021-12-21T11:05:00+0530
adx : 27.29  aroonosc : 42.86
-----------------------------------------------
11:07:28 : SCANNING : VBL
circuit : 0.58%  2021-12-21T11:05:00+0530
adx : 12.04  aroonosc : 28.57
-----------------------------------------------
11:07:28 : SCANNING : VEDL
circuit : 1.82%  2021-12-21T11:05:00+0530
adx : 60.78  aroonosc : 64.29
-----------------------------------------------
11:07:28 : SCANNING : VENKEYS
circuit : -0.36%  2021-12-21T11:05:00+0530
adx : 27.56  aroonosc : 50.0
-----------------------------------------------
11:07:29 : SCANNING : VGUARD
circuit : -0.33%  2021-12-21T11:05:00+0530
adx : 12.17  aroonosc : -92.86
-----------------------------------------------
11:07:29 : SCANNING : VINATIORGA
circuit : -3.28%  2021-12-21T11:05:00+0530
adx : 23.82  aroonosc : -78.57
-----------------------------------------------
11:07:30 : SCANNING : VIPIND
circuit : 4.53%  2021-12-21T11:05:00+0530
adx : 33.02  aroonosc : 92.86
-----------------------------------------------
11:07:30 : SCANNING : VMART
circuit : -0.5%  2021-12-21T11:05:00+0530
adx : 19.98  aroonosc : 100.0
-----------------------------------------------
11:07:31 : SCANNING : VOLTAS
circuit : 0.67%  2021-12-21T11:05:00+0530
adx : 36.14  aroonosc : 7.14
-----------------------------------------------
11:07:31 : SCANNING : VSTIND
circuit : -0.22%  2021-12-21T11:05:00+0530
adx : 15.8  aroonosc : -57.14
-----------------------------------------------
11:07:32 : SCANNING : VTL
circuit : 6.66%  2021-12-21T11:05:00+0530
adx : 46.67  aroonosc : 71.43
-----------------------------------------------
11:07:32 : SCANNING : WABCOINDIA
circuit : 0.31%  2021-12-21T11:05:00+0530
adx : 11.16  aroonosc : -92.86
-----------------------------------------------
11:07:32 : SCANNING : WELCORP
circuit : 3.34%  2021-12-21T11:05:00+0530
adx : 38.37  aroonosc : -21.43
-----------------------------------------------
11:07:33 : SCANNING : WELSPUNIND
circuit : 1.17%  2021-12-21T11:05:00+0530
adx : 22.78  aroonosc : -85.71
-----------------------------------------------
11:07:33 : SCANNING : WESTLIFE
circuit : 0.38%  2021-12-21T11:05:00+0530
adx : 25.61  aroonosc : 57.14
-----------------------------------------------
11:07:33 : SCANNING : WHIRLPOOL
circuit : 0.91%  2021-12-21T11:05:00+0530
adx : 13.14  aroonosc : -92.86
-----------------------------------------------
11:07:34 : SCANNING : WIPRO
circuit : 1.52%  2021-12-21T11:05:00+0530
adx : 57.44  aroonosc : 21.43
-----------------------------------------------
11:07:34 : SCANNING : WOCKPHARMA
circuit : -0.13%  2021-12-21T11:05:00+0530
adx : 16.28  aroonosc : -71.43
-----------------------------------------------
11:07:34 : SCANNING : YESBANK
circuit : 0.38%  2021-12-21T11:05:00+0530
adx : 49.45  aroonosc : 100.0
-----------------------------------------------
11:07:35 : SCANNING : ZEEL
circuit : 3.14%  2021-12-21T11:05:00+0530
adx : 33.17  aroonosc : 92.86
-----------------------------------------------
11:07:35 : SCANNING : ZENSARTECH
circuit : 3.53%  2021-12-21T11:05:00+0530
adx : 45.91  aroonosc : 7.14
-----------------------------------------------
11:07:36 : SCANNING : ZYDUSWELL
circuit : -0.93%  2021-12-21T11:05:00+0530
adx : 38.28  aroonosc : 78.57
-----------------------------------------------
11:07:36 : SCANNING : PAYTM
circuit : 1.56%  2021-12-21T11:05:00+0530
adx : 18.33  aroonosc : -78.57
-----------------------------------------------
===================================================
11:07:36 : END
===================================================
Start Time     : 2021-12-21 11:04:01.953977
End Time       : 2021-12-21 11:07:36.450407
Time Taken     : 3.0
===================================================
