===================================================
11:08:02 : START
===================================================
11:08:02 : PROCESSING INSTRUMENTS SYMBOLS
-----------------------------------------------
11:08:02 : SCANNING : 3MINDIA
circuit : -0.11%  2021-12-21T11:05:00+0530
adx : 28.15  aroonosc : 42.86
-----------------------------------------------
11:08:03 : SCANNING : AARTIDRUGS
circuit : 0.44%  2021-12-21T11:05:00+0530
adx : 11.93  aroonosc : 21.43
-----------------------------------------------
11:08:03 : SCANNING : AARTIIND
circuit : 1.2%  2021-12-21T11:05:00+0530
adx : 38.42  aroonosc : 42.86
-----------------------------------------------
11:08:03 : SCANNING : AAVAS
circuit : 1.69%  2021-12-21T11:05:00+0530
adx : 57.9  aroonosc : 92.86
-----------------------------------------------
11:08:04 : SCANNING : ABB
circuit : 1.21%  2021-12-21T11:05:00+0530
adx : 18.63  aroonosc : 42.86
-----------------------------------------------
11:08:04 : SCANNING : ABBOTINDIA
circuit : -0.1%  2021-12-21T11:05:00+0530
adx : 30.08  aroonosc : 57.14
-----------------------------------------------
11:08:05 : SCANNING : ABCAPITAL
circuit : 2.82%  2021-12-21T11:05:00+0530
adx : 31.76  aroonosc : -28.57
-----------------------------------------------
11:08:05 : SCANNING : ABFRL
circuit : 3.41%  2021-12-21T11:05:00+0530
adx : 43.25  aroonosc : -57.14
-----------------------------------------------
11:08:05 : SCANNING : ACC
circuit : 1.59%  2021-12-21T11:05:00+0530
adx : 46.6  aroonosc : 100.0
-----------------------------------------------
11:08:06 : SCANNING : ADANIENT
circuit : 0.67%  2021-12-21T11:05:00+0530
adx : 42.06  aroonosc : 35.71
-----------------------------------------------
11:08:06 : SCANNING : ADANIGREEN
circuit : -0.29%  2021-12-21T11:05:00+0530
adx : 21.48  aroonosc : -100.0
-----------------------------------------------
11:08:07 : SCANNING : ADANIPORTS
circuit : -0.62%  2021-12-21T11:05:00+0530
adx : 19.39  aroonosc : -28.57
-----------------------------------------------
11:08:07 : SCANNING : ADVENZYMES
circuit : 1.35%  2021-12-21T11:05:00+0530
adx : 20.08  aroonosc : 14.29
-----------------------------------------------
11:08:07 : SCANNING : AEGISCHEM
circuit : -2.02%  2021-12-21T11:05:00+0530
adx : 36.87  aroonosc : -7.14
-----------------------------------------------
11:08:08 : SCANNING : AFFLE
circuit : 1.12%  2021-12-21T11:05:00+0530
adx : 12.97  aroonosc : -21.43
-----------------------------------------------
11:08:08 : SCANNING : AIAENG
circuit : -1.1%  2021-12-21T11:05:00+0530
adx : 15.36  aroonosc : -92.86
-----------------------------------------------
11:08:08 : SCANNING : AJANTPHARM
circuit : -0.62%  2021-12-21T11:05:00+0530
adx : 15.83  aroonosc : 71.43
-----------------------------------------------
11:08:09 : SCANNING : AKZOINDIA
circuit : -1.34%  2021-12-21T11:05:00+0530
adx : 36.11  aroonosc : -71.43
-----------------------------------------------
11:08:09 : SCANNING : ALEMBICLTD
circuit : -0.26%  2021-12-21T11:05:00+0530
adx : 12.98  aroonosc : 35.71
-----------------------------------------------
11:08:10 : SCANNING : ALKEM
circuit : 0.47%  2021-12-21T11:05:00+0530
adx : 10.9  aroonosc : -35.71
-----------------------------------------------
11:08:10 : SCANNING : ALKYLAMINE
circuit : -1.72%  2021-12-21T11:05:00+0530
adx : 48.59  aroonosc : -7.14
-----------------------------------------------
11:08:11 : SCANNING : ALOKINDS
circuit : 1.75%  2021-12-21T11:05:00+0530
adx : 38.55  aroonosc : 14.29
-----------------------------------------------
11:08:11 : SCANNING : AMARAJABAT
circuit : 0.32%  2021-12-21T11:05:00+0530
adx : 36.64  aroonosc : 64.29
-----------------------------------------------
11:08:11 : SCANNING : AMBER
circuit : 2.94%  2021-12-21T11:05:00+0530
adx : 40.52  aroonosc : 21.43
-----------------------------------------------
11:08:12 : SCANNING : AMBUJACEM
circuit : 2.58%  2021-12-21T11:05:00+0530
adx : 52.2  aroonosc : 100.0
-----------------------------------------------
11:08:12 : SCANNING : ANGELBRKG
circuit : 2.31%  2021-12-21T11:05:00+0530
adx : 37.36  aroonosc : 35.71
-----------------------------------------------
11:08:13 : SCANNING : APLAPOLLO
circuit : 2.78%  2021-12-21T11:05:00+0530
adx : 16.2  aroonosc : 57.14
-----------------------------------------------
11:08:13 : SCANNING : APLLTD
circuit : -1.28%  2021-12-21T11:05:00+0530
adx : 41.61  aroonosc : -85.71
-----------------------------------------------
11:08:13 : SCANNING : APOLLOHOSP
circuit : -0.55%  2021-12-21T11:05:00+0530
adx : 24.47  aroonosc : -71.43
-----------------------------------------------
11:08:14 : SCANNING : APOLLOTYRE
circuit : 0.17%  2021-12-21T11:05:00+0530
adx : 19.12  aroonosc : 21.43
-----------------------------------------------
11:08:14 : SCANNING : ASAHIINDIA
circuit : -1.68%  2021-12-21T11:05:00+0530
adx : 29.14  aroonosc : 42.86
-----------------------------------------------
11:08:14 : SCANNING : ASHOKA
circuit : 0.28%  2021-12-21T11:05:00+0530
adx : 16.25  aroonosc : -28.57
-----------------------------------------------
11:08:15 : SCANNING : ASHOKLEY
circuit : 1.79%  2021-12-21T11:05:00+0530
adx : 45.31  aroonosc : 57.14
-----------------------------------------------
11:08:15 : SCANNING : ASIANPAINT
circuit : 1.25%  2021-12-21T11:05:00+0530
adx : 45.56  aroonosc : 85.71
-----------------------------------------------
11:08:16 : SCANNING : ASTERDM
circuit : -0.45%  2021-12-21T11:05:00+0530
adx : 39.61  aroonosc : 71.43
-----------------------------------------------
11:08:16 : SCANNING : ASTRAL
circuit : -1.72%  2021-12-21T11:05:00+0530
adx : 19.48  aroonosc : 78.57
-----------------------------------------------
11:08:16 : SCANNING : ASTRAZEN
circuit : -0.69%  2021-12-21T11:05:00+0530
adx : 23.11  aroonosc : -42.86
-----------------------------------------------
11:08:17 : SCANNING : ATUL
circuit : 0.38%  2021-12-21T11:05:00+0530
adx : 26.19  aroonosc : 85.71
-----------------------------------------------
11:08:17 : SCANNING : AUBANK
circuit : 3.98%  2021-12-21T11:05:00+0530
adx : 53.04  aroonosc : 42.86
-----------------------------------------------
11:08:17 : SCANNING : AUROPHARMA
circuit : -0.45%  2021-12-21T11:05:00+0530
adx : 25.31  aroonosc : 35.71
-----------------------------------------------
11:08:18 : SCANNING : AVANTIFEED
circuit : -0.79%  2021-12-21T11:05:00+0530
adx : 37.05  aroonosc : -28.57
-----------------------------------------------
11:08:18 : SCANNING : AXISBANK
circuit : -1.0%  2021-12-21T11:05:00+0530
adx : 20.39  aroonosc : 71.43
-----------------------------------------------
11:08:18 : SCANNING : BAJAJ-AUTO
circuit : 0.84%  2021-12-21T11:05:00+0530
adx : 44.36  aroonosc : 42.86
-----------------------------------------------
11:08:19 : SCANNING : BAJAJCON
circuit : 0.35%  2021-12-21T11:05:00+0530
adx : 20.32  aroonosc : -85.71
-----------------------------------------------
11:08:19 : SCANNING : BAJAJELEC
circuit : -0.8%  2021-12-21T11:05:00+0530
adx : 18.39  aroonosc : -57.14
-----------------------------------------------
11:08:19 : SCANNING : BAJAJFINSV
circuit : -0.84%  2021-12-21T11:05:00+0530
adx : 39.86  aroonosc : 85.71
-----------------------------------------------
11:08:20 : SCANNING : BAJAJHLDNG
circuit : -0.04%  2021-12-21T11:05:00+0530
adx : 13.04  aroonosc : -42.86
-----------------------------------------------
11:08:20 : SCANNING : BAJFINANCE
circuit : -0.24%  2021-12-21T11:05:00+0530
adx : 30.1  aroonosc : 14.29
-----------------------------------------------
11:08:20 : SCANNING : BALAMINES
circuit : 0.22%  2021-12-21T11:05:00+0530
adx : 10.12  aroonosc : 64.29
-----------------------------------------------
11:08:21 : SCANNING : BALKRISIND
circuit : -1.21%  2021-12-21T11:05:00+0530
adx : 13.47  aroonosc : 64.29
-----------------------------------------------
11:08:21 : SCANNING : BALMLAWRIE
circuit : 1.15%  2021-12-21T11:05:00+0530
adx : 33.14  aroonosc : 64.29
-----------------------------------------------
11:08:21 : SCANNING : BALRAMCHIN
circuit : 1.85%  2021-12-21T11:05:00+0530
adx : 43.46  aroonosc : 14.29
-----------------------------------------------
11:08:22 : SCANNING : BANDHANBNK
circuit : 0.3%  2021-12-21T11:05:00+0530
adx : 23.5  aroonosc : 78.57
-----------------------------------------------
11:08:22 : SCANNING : BANKBARODA
circuit : 0.87%  2021-12-21T11:05:00+0530
adx : 11.93  aroonosc : -28.57
-----------------------------------------------
11:08:22 : SCANNING : BANKINDIA
circuit : 1.09%  2021-12-21T11:05:00+0530
adx : 45.61  aroonosc : 14.29
-----------------------------------------------
11:08:23 : SCANNING : BASF
circuit : 0.64%  2021-12-21T11:05:00+0530
adx : 31.51  aroonosc : -64.29
-----------------------------------------------
11:08:23 : SCANNING : BATAINDIA
circuit : 0.8%  2021-12-21T11:05:00+0530
adx : 20.4  aroonosc : -57.14
-----------------------------------------------
11:08:24 : SCANNING : BAYERCROP
circuit : -2.41%  2021-12-21T11:05:00+0530
adx : 21.95  aroonosc : -100.0
-----------------------------------------------
11:08:24 : SCANNING : BBTC
circuit : 0.1%  2021-12-21T11:05:00+0530
adx : 22.59  aroonosc : 14.29
-----------------------------------------------
11:08:24 : SCANNING : BDL
circuit : 0.75%  2021-12-21T11:05:00+0530
adx : 30.52  aroonosc : -85.71
-----------------------------------------------
11:08:25 : SCANNING : BEL
circuit : 1.25%  2021-12-21T11:05:00+0530
adx : 34.78  aroonosc : 64.29
-----------------------------------------------
11:08:25 : SCANNING : BEML
circuit : 1.41%  2021-12-21T11:05:00+0530
adx : 36.77  aroonosc : -92.86
-----------------------------------------------
11:08:26 : SCANNING : BERGEPAINT
circuit : 0.8%  2021-12-21T11:05:00+0530
adx : 38.77  aroonosc : 85.71
-----------------------------------------------
11:08:26 : SCANNING : BHARATFORG
circuit : 0.71%  2021-12-21T11:05:00+0530
adx : 21.96  aroonosc : 50.0
-----------------------------------------------
11:08:26 : SCANNING : BHARATRAS
circuit : 2.31%  2021-12-21T11:05:00+0530
adx : 39.28  aroonosc : 78.57
-----------------------------------------------
11:08:27 : SCANNING : BHARTIARTL
circuit : 0.14%  2021-12-21T11:05:00+0530
adx : 32.7  aroonosc : 28.57
-----------------------------------------------
11:08:27 : SCANNING : BHEL
circuit : 0.61%  2021-12-21T11:05:00+0530
adx : 17.43  aroonosc : 28.57
-----------------------------------------------
11:08:27 : SCANNING : BIOCON
circuit : 0.44%  2021-12-21T11:05:00+0530
adx : 11.09  aroonosc : 42.86
-----------------------------------------------
11:08:28 : SCANNING : BIRLACORPN
circuit : 3.18%  2021-12-21T11:05:00+0530
adx : 26.05  aroonosc : 35.71
-----------------------------------------------
11:08:28 : SCANNING : BLISSGVS
circuit : 1.32%  2021-12-21T11:05:00+0530
adx : 26.12  aroonosc : 14.29
-----------------------------------------------
11:08:29 : SCANNING : BLUEDART
circuit : 1.01%  2021-12-21T11:05:00+0530
adx : 31.03  aroonosc : -85.71
-----------------------------------------------
11:08:29 : SCANNING : BLUESTARCO
circuit : -1.43%  2021-12-21T11:05:00+0530
adx : 20.51  aroonosc : 28.57
-----------------------------------------------
11:08:29 : SCANNING : BOSCHLTD
circuit : 3.46%  2021-12-21T11:05:00+0530
adx : 56.92  aroonosc : 7.14
-----------------------------------------------
11:08:30 : SCANNING : BPCL
circuit : -0.85%  2021-12-21T11:05:00+0530
adx : 19.68  aroonosc : 71.43
-----------------------------------------------
11:08:30 : SCANNING : BRIGADE
circuit : 3.21%  2021-12-21T11:05:00+0530
adx : 33.45  aroonosc : -14.29
-----------------------------------------------
11:08:30 : SCANNING : BRITANNIA
circuit : 1.48%  2021-12-21T11:05:00+0530
adx : 38.17  aroonosc : 78.57
-----------------------------------------------
11:08:31 : SCANNING : BSE
circuit : -1.34%  2021-12-21T11:05:00+0530
adx : 10.8  aroonosc : -71.43
-----------------------------------------------
11:08:31 : SCANNING : BSOFT
circuit : 1.05%  2021-12-21T11:05:00+0530
adx : 33.12  aroonosc : 57.14
-----------------------------------------------
11:08:31 : SCANNING : BURGERKING
circuit : 0.8%  2021-12-21T11:05:00+0530
adx : 24.04  aroonosc : -85.71
-----------------------------------------------
11:08:32 : SCANNING : CADILAHC
circuit : 0.89%  2021-12-21T11:05:00+0530
adx : 40.73  aroonosc : 64.29
-----------------------------------------------
11:08:32 : SCANNING : CAMS
circuit : -0.26%  2021-12-21T11:05:00+0530
adx : 19.86  aroonosc : -35.71
-----------------------------------------------
11:08:32 : SCANNING : CANBK
circuit : 0.26%  2021-12-21T11:05:00+0530
adx : 22.71  aroonosc : 71.43
-----------------------------------------------
11:08:33 : SCANNING : CANFINHOME
circuit : 0.57%  2021-12-21T11:05:00+0530
adx : 22.4  aroonosc : 50.0
-----------------------------------------------
11:08:33 : SCANNING : CAPLIPOINT
circuit : 1.01%  2021-12-21T11:05:00+0530
adx : 24.82  aroonosc : 78.57
-----------------------------------------------
11:08:33 : SCANNING : CARBORUNIV
circuit : 1.7%  2021-12-21T11:05:00+0530
adx : 13.93  aroonosc : 42.86
-----------------------------------------------
11:08:34 : SCANNING : CASTROLIND
circuit : -1.1%  2021-12-21T11:05:00+0530
adx : 14.63  aroonosc : -64.29
-----------------------------------------------
11:08:34 : SCANNING : CCL
circuit : 1.92%  2021-12-21T11:05:00+0530
adx : 42.84  aroonosc : 71.43
-----------------------------------------------
11:08:35 : SCANNING : CEATLTD
circuit : 1.03%  2021-12-21T11:05:00+0530
adx : 14.82  aroonosc : 92.86
-----------------------------------------------
11:08:35 : SCANNING : CENTRALBK
circuit : 0.95%  2021-12-21T11:05:00+0530
adx : 29.85  aroonosc : -35.71
-----------------------------------------------
11:08:36 : SCANNING : CENTURYPLY
circuit : 1.59%  2021-12-21T11:05:00+0530
adx : 11.89  aroonosc : 85.71
-----------------------------------------------
11:08:36 : SCANNING : CENTURYTEX
circuit : 2.96%  2021-12-21T11:05:00+0530
adx : 25.5  aroonosc : 35.71
-----------------------------------------------
11:08:36 : SCANNING : CERA
circuit : 3.75%  2021-12-21T11:05:00+0530
adx : 35.25  aroonosc : 28.57
-----------------------------------------------
11:08:37 : SCANNING : CESC
circuit : 1.34%  2021-12-21T11:05:00+0530
adx : 37.26  aroonosc : 57.14
-----------------------------------------------
11:08:37 : SCANNING : CGCL
circuit : -0.25%  2021-12-21T11:05:00+0530
adx : 18.23  aroonosc : -64.29
-----------------------------------------------
11:08:37 : SCANNING : CHALET
circuit : 0.11%  2021-12-21T11:05:00+0530
adx : 10.35  aroonosc : 35.71
-----------------------------------------------
11:08:38 : SCANNING : CHAMBLFERT
circuit : -0.36%  2021-12-21T11:05:00+0530
adx : 18.78  aroonosc : -78.57
-----------------------------------------------
11:08:38 : SCANNING : CHOLAFIN
circuit : 2.78%  2021-12-21T11:05:00+0530
adx : 38.21  aroonosc : 100.0
-----------------------------------------------
11:08:38 : SCANNING : CHOLAHLDNG
circuit : 0.96%  2021-12-21T11:05:00+0530
adx : 22.39  aroonosc : 71.43
-----------------------------------------------
11:08:39 : SCANNING : CIPLA
circuit : -0.69%  2021-12-21T11:05:00+0530
adx : 12.39  aroonosc : -71.43
-----------------------------------------------
11:08:39 : SCANNING : COALINDIA
circuit : 1.52%  2021-12-21T11:05:00+0530
adx : 40.74  aroonosc : 64.29
-----------------------------------------------
11:08:39 : SCANNING : COCHINSHIP
circuit : 1.36%  2021-12-21T11:05:00+0530
adx : 14.12  aroonosc : -7.14
-----------------------------------------------
11:08:40 : SCANNING : COFORGE
circuit : 1.77%  2021-12-21T11:05:00+0530
adx : 43.93  aroonosc : -64.29
-----------------------------------------------
11:08:40 : SCANNING : COLPAL
circuit : 1.77%  2021-12-21T11:05:00+0530
adx : 42.65  aroonosc : 64.29
-----------------------------------------------
11:08:40 : SCANNING : CONCOR
circuit : -0.25%  2021-12-21T11:05:00+0530
adx : 17.78  aroonosc : 42.86
-----------------------------------------------
11:08:41 : SCANNING : COROMANDEL
circuit : 0.35%  2021-12-21T11:05:00+0530
adx : 9.54  aroonosc : 85.71
-----------------------------------------------
11:08:41 : SCANNING : CREDITACC
circuit : -1.98%  2021-12-21T11:05:00+0530
adx : 10.13  aroonosc : -100.0
-----------------------------------------------
11:08:42 : SCANNING : CRISIL
circuit : 1.89%  2021-12-21T11:05:00+0530
adx : 33.62  aroonosc : 78.57
-----------------------------------------------
11:08:42 : SCANNING : CROMPTON
circuit : 0.11%  2021-12-21T11:05:00+0530
adx : 16.76  aroonosc : 35.71
-----------------------------------------------
11:08:42 : SCANNING : CSBBANK
circuit : 0.74%  2021-12-21T11:05:00+0530
adx : 15.87  aroonosc : -28.57
-----------------------------------------------
11:08:43 : SCANNING : CUB
circuit : 0.78%  2021-12-21T11:05:00+0530
adx : 26.19  aroonosc : 78.57
-----------------------------------------------
11:08:43 : SCANNING : CUMMINSIND
circuit : 1.0%  2021-12-21T11:05:00+0530
adx : 29.54  aroonosc : -7.14
-----------------------------------------------
11:08:43 : SCANNING : CYIENT
circuit : 0.1%  2021-12-21T11:05:00+0530
adx : 14.04  aroonosc : -92.86
-----------------------------------------------
11:08:44 : SCANNING : DABUR
circuit : 0.81%  2021-12-21T11:05:00+0530
adx : 51.94  aroonosc : 78.57
-----------------------------------------------
11:08:44 : SCANNING : DALBHARAT
circuit : 4.76%  2021-12-21T11:05:00+0530
adx : 54.74  aroonosc : 78.57
-----------------------------------------------
11:08:44 : SCANNING : DBL
circuit : 0.17%  2021-12-21T11:05:00+0530
adx : 47.75  aroonosc : 92.86
-----------------------------------------------
11:08:45 : SCANNING : DCAL
circuit : 2.11%  2021-12-21T11:05:00+0530
adx : 27.5  aroonosc : 35.71
-----------------------------------------------
11:08:45 : SCANNING : DCBBANK
circuit : 2.24%  2021-12-21T11:05:00+0530
adx : 36.76  aroonosc : 64.29
-----------------------------------------------
11:08:45 : SCANNING : DCMSHRIRAM
circuit : 1.19%  2021-12-21T11:05:00+0530
adx : 15.66  aroonosc : 14.29
-----------------------------------------------
11:08:46 : SCANNING : DEEPAKNTR
circuit : 2.37%  2021-12-21T11:05:00+0530
adx : 42.54  aroonosc : 64.29
-----------------------------------------------
11:08:46 : SCANNING : DELTACORP
circuit : 0.77%  2021-12-21T11:05:00+0530
adx : 26.66  aroonosc : 42.86
-----------------------------------------------
11:08:46 : SCANNING : DHANI
circuit : 3.27%  2021-12-21T11:05:00+0530
adx : 32.18  aroonosc : 50.0
-----------------------------------------------
11:08:47 : SCANNING : DHANUKA
circuit : -0.37%  2021-12-21T11:05:00+0530
adx : 12.6  aroonosc : 57.14
-----------------------------------------------
11:08:47 : SCANNING : DISHTV
circuit : 2.99%  2021-12-21T11:05:00+0530
adx : 35.59  aroonosc : 42.86
-----------------------------------------------
11:08:47 : SCANNING : DIVISLAB
circuit : -0.77%  2021-12-21T11:05:00+0530
adx : 20.3  aroonosc : -50.0
-----------------------------------------------
11:08:48 : SCANNING : DIXON
circuit : 1.9%  2021-12-21T11:05:00+0530
adx : 44.21  aroonosc : 78.57
-----------------------------------------------
11:08:48 : SCANNING : DLF
circuit : 1.08%  2021-12-21T11:05:00+0530
adx : 45.78  aroonosc : 85.71
-----------------------------------------------
11:08:48 : SCANNING : DMART
circuit : 0.35%  2021-12-21T11:05:00+0530
adx : 11.25  aroonosc : -7.14
-----------------------------------------------
11:08:49 : SCANNING : DRREDDY
circuit : 0.79%  2021-12-21T11:05:00+0530
adx : 31.73  aroonosc : 78.57
-----------------------------------------------
11:08:49 : SCANNING : ECLERX
circuit : 0.82%  2021-12-21T11:05:00+0530
adx : 15.22  aroonosc : -85.71
-----------------------------------------------
11:08:49 : SCANNING : EDELWEISS
circuit : 0.22%  2021-12-21T11:05:00+0530
adx : 11.69  aroonosc : -28.57
-----------------------------------------------
11:08:50 : SCANNING : EICHERMOT
circuit : -0.03%  2021-12-21T11:05:00+0530
adx : 35.8  aroonosc : 50.0
-----------------------------------------------
11:08:50 : SCANNING : EIDPARRY
circuit : 1.51%  2021-12-21T11:05:00+0530
adx : 23.72  aroonosc : 35.71
-----------------------------------------------
11:08:51 : SCANNING : EIHOTEL
circuit : 1.42%  2021-12-21T11:05:00+0530
adx : 9.31  aroonosc : -78.57
-----------------------------------------------
11:08:51 : SCANNING : ELGIEQUIP
circuit : -0.25%  2021-12-21T11:05:00+0530
adx : 28.27  aroonosc : -71.43
-----------------------------------------------
11:08:51 : SCANNING : EMAMILTD
circuit : -0.77%  2021-12-21T11:05:00+0530
adx : 25.91  aroonosc : 64.29
-----------------------------------------------
11:08:52 : SCANNING : ENDURANCE
circuit : -0.17%  2021-12-21T11:05:00+0530
adx : 18.93  aroonosc : -21.43
-----------------------------------------------
11:08:52 : SCANNING : ENGINERSIN
circuit : 0.15%  2021-12-21T11:05:00+0530
adx : 13.28  aroonosc : 85.71
-----------------------------------------------
11:08:52 : SCANNING : EPL
circuit : 1.69%  2021-12-21T11:05:00+0530
adx : 41.11  aroonosc : 92.86
-----------------------------------------------
11:08:53 : SCANNING : EQUITAS
circuit : -1.23%  2021-12-21T11:05:00+0530
adx : 22.51  aroonosc : -50.0
-----------------------------------------------
11:08:53 : SCANNING : ERIS
circuit : 0.16%  2021-12-21T11:05:00+0530
adx : 18.92  aroonosc : 85.71
-----------------------------------------------
11:08:53 : SCANNING : ESCORTS
circuit : 0.4%  2021-12-21T11:05:00+0530
adx : 18.92  aroonosc : -57.14
-----------------------------------------------
11:08:54 : SCANNING : EXIDEIND
circuit : 0.19%  2021-12-21T11:05:00+0530
adx : 36.58  aroonosc : -100.0
-----------------------------------------------
11:08:54 : SCANNING : FCONSUMER
circuit : -8.28%  2021-12-21T11:05:00+0530
adx : 32.14  aroonosc : 35.71
-----------------------------------------------
11:08:55 : SCANNING : FDC
circuit : 0.29%  2021-12-21T11:05:00+0530
adx : 13.86  aroonosc : 14.29
-----------------------------------------------
11:08:55 : SCANNING : FEDERALBNK
circuit : -0.43%  2021-12-21T11:05:00+0530
adx : 23.03  aroonosc : 92.86
-----------------------------------------------
11:08:55 : SCANNING : FINCABLES
circuit : 1.39%  2021-12-21T11:05:00+0530
adx : 15.43  aroonosc : 50.0
-----------------------------------------------
11:08:56 : SCANNING : FINEORG
circuit : 2.28%  2021-12-21T11:05:00+0530
adx : 25.96  aroonosc : 71.43
-----------------------------------------------
11:08:56 : SCANNING : FINPIPE
circuit : 3.64%  2021-12-21T11:05:00+0530
adx : 39.5  aroonosc : 92.86
-----------------------------------------------
11:08:56 : SCANNING : FLUOROCHEM
circuit : 3.52%  2021-12-21T11:05:00+0530
adx : 29.0  aroonosc : -28.57
-----------------------------------------------
11:08:57 : SCANNING : FORTIS
circuit : 3.48%  2021-12-21T11:05:00+0530
adx : 41.46  aroonosc : 50.0
-----------------------------------------------
11:08:57 : SCANNING : FRETAIL
circuit : -9.76%  2021-12-21T11:05:00+0530
adx : 26.73  aroonosc : -35.71
-----------------------------------------------
11:08:58 : SCANNING : FSL
circuit : 0.55%  2021-12-21T11:05:00+0530
adx : 15.33  aroonosc : -35.71
-----------------------------------------------
11:08:58 : SCANNING : GAEL
circuit : 1.64%  2021-12-21T11:05:00+0530
adx : 18.09  aroonosc : 28.57
-----------------------------------------------
11:08:58 : SCANNING : GAIL
circuit : 0.71%  2021-12-21T11:05:00+0530
adx : 33.28  aroonosc : 35.71
-----------------------------------------------
11:08:59 : SCANNING : GALAXYSURF
circuit : 0.15%  2021-12-21T11:05:00+0530
adx : 31.29  aroonosc : 28.57
-----------------------------------------------
11:08:59 : SCANNING : GARFIBRES
circuit : -0.19%  2021-12-21T11:05:00+0530
adx : 25.44  aroonosc : 21.43
-----------------------------------------------
11:08:59 : SCANNING : GEPIL
circuit : 2.05%  2021-12-21T11:05:00+0530
adx : 11.98  aroonosc : -21.43
-----------------------------------------------
11:09:00 : SCANNING : GESHIP
circuit : 1.58%  2021-12-21T11:05:00+0530
adx : 27.06  aroonosc : -71.43
-----------------------------------------------
11:09:00 : SCANNING : GICRE
circuit : 1.16%  2021-12-21T11:05:00+0530
adx : 12.33  aroonosc : -14.29
-----------------------------------------------
11:09:00 : SCANNING : GILLETTE
circuit : 1.08%  2021-12-21T11:05:00+0530
adx : 25.13  aroonosc : 78.57
-----------------------------------------------
11:09:01 : SCANNING : GLAND
circuit : 1.2%  2021-12-21T11:05:00+0530
adx : 15.24  aroonosc : 78.57
-----------------------------------------------
11:09:01 : SCANNING : GLAXO
circuit : 2.01%  2021-12-21T11:05:00+0530
adx : 44.11  aroonosc : 35.71
-----------------------------------------------
11:09:01 : SCANNING : GLENMARK
circuit : -0.48%  2021-12-21T11:05:00+0530
adx : 14.19  aroonosc : -21.43
-----------------------------------------------
11:09:02 : SCANNING : GMMPFAUDLR
circuit : 2.74%  2021-12-21T11:05:00+0530
adx : 55.24  aroonosc : 78.57
-----------------------------------------------
11:09:02 : SCANNING : GMRINFRA
circuit : 1.25%  2021-12-21T11:05:00+0530
adx : 29.47  aroonosc : 50.0
-----------------------------------------------
11:09:02 : SCANNING : GNFC
circuit : 1.07%  2021-12-21T11:05:00+0530
adx : 27.97  aroonosc : 14.29
-----------------------------------------------
11:09:03 : SCANNING : GODFRYPHLP
circuit : 0.15%  2021-12-21T11:05:00+0530
adx : 10.57  aroonosc : -78.57
-----------------------------------------------
11:09:03 : SCANNING : GODREJAGRO
circuit : -0.77%  2021-12-21T11:05:00+0530
adx : 23.24  aroonosc : -57.14
-----------------------------------------------
11:09:03 : SCANNING : GODREJCP
circuit : 5.11%  2021-12-21T11:05:00+0530
adx : 54.68  aroonosc : 78.57
-----------------------------------------------
11:09:04 : SCANNING : GODREJIND
circuit : 2.42%  2021-12-21T11:05:00+0530
adx : 43.67  aroonosc : 7.14
-----------------------------------------------
11:09:04 : SCANNING : GODREJPROP
circuit : 0.93%  2021-12-21T11:05:00+0530
adx : 18.47  aroonosc : -85.71
-----------------------------------------------
11:09:05 : SCANNING : GPPL
circuit : -0.26%  2021-12-21T11:05:00+0530
adx : 31.24  aroonosc : -50.0
-----------------------------------------------
11:09:05 : SCANNING : GRANULES
circuit : -0.66%  2021-12-21T11:05:00+0530
adx : 8.1  aroonosc : 100.0
-----------------------------------------------
11:09:05 : SCANNING : GRAPHITE
circuit : 0.15%  2021-12-21T11:05:00+0530
adx : 26.76  aroonosc : 7.14
-----------------------------------------------
11:09:06 : SCANNING : GRASIM
circuit : 2.16%  2021-12-21T11:05:00+0530
adx : 54.03  aroonosc : -35.71
-----------------------------------------------
11:09:06 : SCANNING : GREAVESCOT
circuit : 0.89%  2021-12-21T11:05:00+0530
adx : 30.29  aroonosc : -50.0
-----------------------------------------------
11:09:07 : SCANNING : GRINDWELL
circuit : -0.06%  2021-12-21T11:05:00+0530
adx : 39.52  aroonosc : -7.14
-----------------------------------------------
11:09:07 : SCANNING : GRSE
circuit : 2.66%  2021-12-21T11:05:00+0530
adx : 21.07  aroonosc : 28.57
-----------------------------------------------
11:09:08 : SCANNING : GSFC
circuit : 0.74%  2021-12-21T11:05:00+0530
adx : 12.83  aroonosc : -21.43
-----------------------------------------------
11:09:08 : SCANNING : GSPL
circuit : 0.89%  2021-12-21T11:05:00+0530
adx : 21.69  aroonosc : 21.43
-----------------------------------------------
11:09:09 : SCANNING : GUJALKALI
circuit : -0.31%  2021-12-21T11:05:00+0530
adx : 28.98  aroonosc : -78.57
-----------------------------------------------
11:09:09 : SCANNING : GUJGASLTD
circuit : 1.65%  2021-12-21T11:05:00+0530
adx : 54.4  aroonosc : 28.57
-----------------------------------------------
11:09:09 : SCANNING : GULFOILLUB
circuit : 0.03%  2021-12-21T11:05:00+0530
adx : 22.64  aroonosc : -7.14
-----------------------------------------------
11:09:10 : SCANNING : HAL
-----------------------------------------------
11:09:10 : SCANNING : HATSUN
circuit : -1.91%  2021-12-21T11:05:00+0530
adx : 15.49  aroonosc : -57.14
-----------------------------------------------
11:09:11 : SCANNING : HAVELLS
circuit : 3.18%  2021-12-21T11:05:00+0530
adx : 35.96  aroonosc : 28.57
-----------------------------------------------
11:09:11 : SCANNING : HCLTECH
circuit : 2.93%  2021-12-21T11:05:00+0530
adx : 60.65  aroonosc : 21.43
-----------------------------------------------
11:09:11 : SCANNING : HDFC
circuit : -0.3%  2021-12-21T11:05:00+0530
adx : 50.52  aroonosc : 78.57
-----------------------------------------------
11:09:12 : SCANNING : HDFCAMC
circuit : 0.6%  2021-12-21T11:05:00+0530
adx : 31.6  aroonosc : 78.57
-----------------------------------------------
11:09:12 : SCANNING : HDFCBANK
circuit : 0.36%  2021-12-21T11:05:00+0530
adx : 21.56  aroonosc : 64.29
-----------------------------------------------
11:09:13 : SCANNING : HDFCLIFE
circuit : 0.32%  2021-12-21T11:05:00+0530
adx : 34.59  aroonosc : 92.86
-----------------------------------------------
11:09:13 : SCANNING : HEG
circuit : -0.66%  2021-12-21T11:05:00+0530
adx : 12.34  aroonosc : 50.0
-----------------------------------------------
11:09:13 : SCANNING : HEIDELBERG
circuit : 0.09%  2021-12-21T11:05:00+0530
adx : 19.09  aroonosc : -28.57
-----------------------------------------------
11:09:14 : SCANNING : HEMIPROP
circuit : 1.28%  2021-12-21T11:05:00+0530
adx : 22.51  aroonosc : -21.43
-----------------------------------------------
11:09:14 : SCANNING : HEROMOTOCO
circuit : -1.53%  2021-12-21T11:05:00+0530
adx : 33.2  aroonosc : -92.86
-----------------------------------------------
11:09:15 : SCANNING : HINDALCO
circuit : 1.91%  2021-12-21T11:05:00+0530
adx : 58.66  aroonosc : 64.29
-----------------------------------------------
11:09:15 : SCANNING : HINDCOPPER
circuit : 0.79%  2021-12-21T11:05:00+0530
adx : 35.14  aroonosc : 14.29
-----------------------------------------------
11:09:16 : SCANNING : HINDPETRO
circuit : 0.97%  2021-12-21T11:05:00+0530
adx : 21.49  aroonosc : 71.43
-----------------------------------------------
11:09:16 : SCANNING : HINDUNILVR
circuit : 0.19%  2021-12-21T11:05:00+0530
adx : 34.63  aroonosc : 64.29
-----------------------------------------------
11:09:16 : SCANNING : HINDZINC
circuit : 1.82%  2021-12-21T11:05:00+0530
adx : 28.42  aroonosc : 64.29
-----------------------------------------------
11:09:17 : SCANNING : HONAUT
circuit : -0.42%  2021-12-21T11:05:00+0530
adx : 14.38  aroonosc : -42.86
-----------------------------------------------
11:09:17 : SCANNING : HSCL
circuit : 1.53%  2021-12-21T11:05:00+0530
adx : 44.97  aroonosc : -28.57
-----------------------------------------------
11:09:17 : SCANNING : HUDCO
circuit : 0.52%  2021-12-21T11:05:00+0530
adx : 18.98  aroonosc : -85.71
-----------------------------------------------
11:09:18 : SCANNING : HUHTAMAKI
circuit : 1.32%  2021-12-21T11:05:00+0530
adx : 13.3  aroonosc : 57.14
-----------------------------------------------
11:09:18 : SCANNING : IBREALEST
circuit : 3.57%  2021-12-21T11:05:00+0530
adx : 45.16  aroonosc : 28.57
-----------------------------------------------
11:09:18 : SCANNING : IBULHSGFIN
circuit : 0.81%  2021-12-21T11:05:00+0530
adx : 24.13  aroonosc : -50.0
-----------------------------------------------
11:09:19 : SCANNING : ICICIBANK
circuit : 0.76%  2021-12-21T11:05:00+0530
adx : 47.16  aroonosc : 92.86
-----------------------------------------------
11:09:19 : SCANNING : ICICIGI
circuit : 1.89%  2021-12-21T11:05:00+0530
adx : 43.07  aroonosc : 92.86
-----------------------------------------------
11:09:20 : SCANNING : ICICIPRULI
circuit : 2.42%  2021-12-21T11:05:00+0530
adx : 47.85  aroonosc : 64.29
-----------------------------------------------
11:09:20 : SCANNING : ICIL
circuit : -1.55%  2021-12-21T11:05:00+0530
adx : 17.1  aroonosc : 42.86
-----------------------------------------------
11:09:20 : SCANNING : IDBI
circuit : 2.63%  2021-12-21T11:05:00+0530
adx : 48.6  aroonosc : 0.0
-----------------------------------------------
11:09:21 : SCANNING : IDEA
circuit : 4.33%  2021-12-21T11:05:00+0530
adx : 46.15  aroonosc : 28.57
-----------------------------------------------
11:09:21 : SCANNING : IDFC
circuit : 1.79%  2021-12-21T11:05:00+0530
adx : 42.76  aroonosc : 57.14
-----------------------------------------------
11:09:22 : SCANNING : IDFCFIRSTB
circuit : 0.44%  2021-12-21T11:05:00+0530
adx : 9.57  aroonosc : 28.57
-----------------------------------------------
11:09:22 : SCANNING : IEX
circuit : 1.73%  2021-12-21T11:05:00+0530
adx : 35.21  aroonosc : 42.86
-----------------------------------------------
11:09:22 : SCANNING : IFBIND
circuit : 0.32%  2021-12-21T11:05:00+0530
adx : 24.05  aroonosc : -71.43
-----------------------------------------------
11:09:22 : SCANNING : IGL
circuit : 0.84%  2021-12-21T11:05:00+0530
adx : 38.63  aroonosc : 64.29
-----------------------------------------------
11:09:23 : SCANNING : IIFL
circuit : 0.53%  2021-12-21T11:05:00+0530
adx : 20.43  aroonosc : -21.43
-----------------------------------------------
11:09:23 : SCANNING : IIFLWAM
circuit : -2.88%  2021-12-21T11:05:00+0530
adx : 30.35  aroonosc : -100.0
-----------------------------------------------
11:09:24 : SCANNING : INDHOTEL
circuit : -0.63%  2021-12-21T11:05:00+0530
adx : 10.39  aroonosc : 57.14
-----------------------------------------------
11:09:24 : SCANNING : INDIACEM
circuit : 1.25%  2021-12-21T11:05:00+0530
adx : 34.42  aroonosc : 71.43
-----------------------------------------------
11:09:24 : SCANNING : INDIAMART
-----------------------------------------------
11:09:25 : SCANNING : INDIANB
circuit : 0.75%  2021-12-21T11:05:00+0530
adx : 31.3  aroonosc : -7.14
-----------------------------------------------
11:09:26 : SCANNING : INDIGO
circuit : 0.64%  2021-12-21T11:05:00+0530
adx : 24.99  aroonosc : 85.71
-----------------------------------------------
11:09:26 : SCANNING : INDOCO
circuit : 1.4%  2021-12-21T11:05:00+0530
adx : 27.88  aroonosc : 92.86
-----------------------------------------------
11:09:27 : SCANNING : INDUSINDBK
circuit : 0.59%  2021-12-21T11:05:00+0530
adx : 28.31  aroonosc : 78.57
-----------------------------------------------
11:09:27 : SCANNING : INDUSTOWER
circuit : 4.04%  2021-12-21T11:05:00+0530
adx : 43.1  aroonosc : 85.71
-----------------------------------------------
11:09:27 : SCANNING : INFIBEAM
circuit : 1.41%  2021-12-21T11:05:00+0530
adx : 34.32  aroonosc : -14.29
-----------------------------------------------
11:09:28 : SCANNING : INFY
circuit : 1.43%  2021-12-21T11:05:00+0530
adx : 38.11  aroonosc : 78.57
-----------------------------------------------
11:09:28 : SCANNING : INGERRAND
circuit : 0.96%  2021-12-21T11:05:00+0530
adx : 15.53  aroonosc : -42.86
-----------------------------------------------
11:09:28 : SCANNING : INOXLEISUR
circuit : 3.35%  2021-12-21T11:05:00+0530
adx : 51.2  aroonosc : 35.71
-----------------------------------------------
11:09:29 : SCANNING : INTELLECT
circuit : 0.45%  2021-12-21T11:05:00+0530
adx : 19.96  aroonosc : -7.14
-----------------------------------------------
11:09:29 : SCANNING : IOB
circuit : 1.24%  2021-12-21T11:05:00+0530
adx : 33.46  aroonosc : -50.0
-----------------------------------------------
11:09:30 : SCANNING : IOC
-----------------------------------------------
11:09:30 : SCANNING : IOLCP
circuit : -0.8%  2021-12-21T11:05:00+0530
adx : 45.41  aroonosc : 42.86
-----------------------------------------------
11:09:30 : SCANNING : IPCALAB
circuit : 0.39%  2021-12-21T11:05:00+0530
adx : 11.38  aroonosc : 28.57
-----------------------------------------------
11:09:31 : SCANNING : IRB
circuit : -1.38%  2021-12-21T11:05:00+0530
adx : 15.59  aroonosc : -57.14
-----------------------------------------------
11:09:31 : SCANNING : IRCON
circuit : 0.11%  2021-12-21T11:05:00+0530
adx : 26.8  aroonosc : 92.86
-----------------------------------------------
11:09:31 : SCANNING : IRCTC
circuit : 0.84%  2021-12-21T11:05:00+0530
adx : 34.36  aroonosc : 85.71
-----------------------------------------------
11:09:32 : SCANNING : ISEC
circuit : 1.05%  2021-12-21T11:05:00+0530
adx : 19.65  aroonosc : -57.14
-----------------------------------------------
11:09:32 : SCANNING : ITC
circuit : -0.02%  2021-12-21T11:05:00+0530
adx : 22.26  aroonosc : 85.71
-----------------------------------------------
11:09:33 : SCANNING : ITI
circuit : 1.25%  2021-12-21T11:05:00+0530
adx : 27.0  aroonosc : 7.14
-----------------------------------------------
11:09:33 : SCANNING : J&KBANK
circuit : 2.31%  2021-12-21T11:05:00+0530
adx : 26.84  aroonosc : 35.71
-----------------------------------------------
11:09:33 : SCANNING : JAMNAAUTO
circuit : 2.76%  2021-12-21T11:05:00+0530
adx : 27.16  aroonosc : 7.14
-----------------------------------------------
11:09:34 : SCANNING : JBCHEPHARM
circuit : -0.51%  2021-12-21T11:05:00+0530
adx : 35.12  aroonosc : 28.57
-----------------------------------------------
11:09:34 : SCANNING : JCHAC
circuit : 2.34%  2021-12-21T11:05:00+0530
adx : 40.1  aroonosc : 78.57
-----------------------------------------------
11:09:34 : SCANNING : JINDALSAW
circuit : 1.99%  2021-12-21T11:05:00+0530
adx : 19.18  aroonosc : -28.57
-----------------------------------------------
11:09:35 : SCANNING : JINDALSTEL
circuit : 2.06%  2021-12-21T11:05:00+0530
adx : 48.46  aroonosc : 0.0
-----------------------------------------------
11:09:35 : SCANNING : JKCEMENT
circuit : 3.29%  2021-12-21T11:05:00+0530
adx : 32.45  aroonosc : 92.86
-----------------------------------------------
11:09:35 : SCANNING : JKLAKSHMI
circuit : 0.31%  2021-12-21T11:05:00+0530
adx : 15.73  aroonosc : -92.86
-----------------------------------------------
11:09:36 : SCANNING : JKPAPER
circuit : 1.13%  2021-12-21T11:05:00+0530
adx : 24.64  aroonosc : -35.71
-----------------------------------------------
11:09:36 : SCANNING : JKTYRE
circuit : 2.23%  2021-12-21T11:05:00+0530
adx : 34.56  aroonosc : -50.0
-----------------------------------------------
11:09:36 : SCANNING : JMFINANCIL
circuit : -0.62%  2021-12-21T11:05:00+0530
adx : 17.48  aroonosc : -78.57
-----------------------------------------------
11:09:37 : SCANNING : JSL
circuit : 3.02%  2021-12-21T11:05:00+0530
adx : 25.22  aroonosc : 21.43
-----------------------------------------------
11:09:37 : SCANNING : JSLHISAR
circuit : 3.67%  2021-12-21T11:05:00+0530
adx : 25.39  aroonosc : 100.0
-----------------------------------------------
11:09:37 : SCANNING : JSWSTEEL
circuit : 2.42%  2021-12-21T11:05:00+0530
adx : 65.69  aroonosc : 42.86
-----------------------------------------------
11:09:38 : SCANNING : JTEKTINDIA
circuit : 1.64%  2021-12-21T11:05:00+0530
adx : 14.09  aroonosc : 50.0
-----------------------------------------------
11:09:38 : SCANNING : JUBLFOOD
circuit : -0.14%  2021-12-21T11:05:00+0530
adx : 17.72  aroonosc : 21.43
-----------------------------------------------
11:09:38 : SCANNING : JUSTDIAL
circuit : 2.5%  2021-12-21T11:05:00+0530
adx : 37.25  aroonosc : 0.0
-----------------------------------------------
11:09:39 : SCANNING : JYOTHYLAB
circuit : 0.57%  2021-12-21T11:05:00+0530
adx : 21.96  aroonosc : -21.43
-----------------------------------------------
11:09:39 : SCANNING : KAJARIACER
circuit : 1.67%  2021-12-21T11:05:00+0530
adx : 16.45  aroonosc : 0.0
-----------------------------------------------
11:09:40 : SCANNING : KALPATPOWR
circuit : 1.45%  2021-12-21T11:05:00+0530
adx : 14.41  aroonosc : 42.86
-----------------------------------------------
11:09:40 : SCANNING : KANSAINER
circuit : 0.61%  2021-12-21T11:05:00+0530
adx : 32.31  aroonosc : 14.29
-----------------------------------------------
11:09:40 : SCANNING : KARURVYSYA
circuit : -0.22%  2021-12-21T11:05:00+0530
adx : 26.5  aroonosc : 0.0
-----------------------------------------------
11:09:41 : SCANNING : KEC
circuit : 0.64%  2021-12-21T11:05:00+0530
adx : 11.85  aroonosc : -35.71
-----------------------------------------------
11:09:41 : SCANNING : KEI
circuit : -0.59%  2021-12-21T11:05:00+0530
adx : 9.05  aroonosc : -28.57
-----------------------------------------------
11:09:41 : SCANNING : KNRCON
circuit : 0.31%  2021-12-21T11:05:00+0530
adx : 7.1  aroonosc : -35.71
-----------------------------------------------
11:09:41 : SCANNING : KOTAKBANK
circuit : -0.34%  2021-12-21T11:05:00+0530
adx : 24.23  aroonosc : 64.29
-----------------------------------------------
11:09:42 : SCANNING : KPITTECH
circuit : 2.77%  2021-12-21T11:05:00+0530
adx : 28.93  aroonosc : -71.43
-----------------------------------------------
11:09:42 : SCANNING : KPRMILL
circuit : 2.12%  2021-12-21T11:05:00+0530
adx : 16.6  aroonosc : -85.71
-----------------------------------------------
11:09:43 : SCANNING : KRBL
circuit : 1.26%  2021-12-21T11:05:00+0530
adx : 18.0  aroonosc : 71.43
-----------------------------------------------
11:09:43 : SCANNING : KSB
circuit : 1.82%  2021-12-21T11:05:00+0530
adx : 12.78  aroonosc : 100.0
-----------------------------------------------
11:09:43 : SCANNING : KSCL
circuit : -0.85%  2021-12-21T11:05:00+0530
adx : 22.56  aroonosc : 14.29
-----------------------------------------------
11:09:44 : SCANNING : L&TFH
circuit : 3.65%  2021-12-21T11:05:00+0530
adx : 57.56  aroonosc : 57.14
-----------------------------------------------
11:09:44 : SCANNING : LALPATHLAB
circuit : -0.13%  2021-12-21T11:05:00+0530
adx : 16.07  aroonosc : -7.14
-----------------------------------------------
11:09:44 : SCANNING : LAOPALA
circuit : 3.94%  2021-12-21T11:05:00+0530
adx : 40.96  aroonosc : -71.43
-----------------------------------------------
11:09:45 : SCANNING : LAURUSLABS
circuit : 1.28%  2021-12-21T11:05:00+0530
adx : 15.01  aroonosc : 50.0
-----------------------------------------------
11:09:45 : SCANNING : LAXMIMACH
circuit : 3.16%  2021-12-21T11:05:00+0530
adx : 22.75  aroonosc : -85.71
-----------------------------------------------
11:09:45 : SCANNING : LEMONTREE
circuit : 4.36%  2021-12-21T11:05:00+0530
adx : 36.39  aroonosc : 21.43
-----------------------------------------------
11:09:46 : SCANNING : LICHSGFIN
circuit : 0.81%  2021-12-21T11:05:00+0530
adx : 39.75  aroonosc : 85.71
-----------------------------------------------
11:09:46 : SCANNING : LINDEINDIA
circuit : 1.02%  2021-12-21T11:05:00+0530
adx : 13.56  aroonosc : 57.14
-----------------------------------------------
11:09:46 : SCANNING : LT
circuit : 0.93%  2021-12-21T11:05:00+0530
adx : 30.69  aroonosc : 35.71
-----------------------------------------------
11:09:47 : SCANNING : LTI
circuit : 2.36%  2021-12-21T11:05:00+0530
adx : 28.13  aroonosc : 57.14
-----------------------------------------------
11:09:47 : SCANNING : LTTS
circuit : 1.94%  2021-12-21T11:05:00+0530
adx : 26.09  aroonosc : 100.0
-----------------------------------------------
11:09:47 : SCANNING : LUPIN
circuit : 0.06%  2021-12-21T11:05:00+0530
adx : 29.35  aroonosc : 35.71
-----------------------------------------------
11:09:48 : SCANNING : LUXIND
circuit : 0.78%  2021-12-21T11:05:00+0530
adx : 33.56  aroonosc : 100.0
-----------------------------------------------
11:09:48 : SCANNING : M&M
circuit : -0.18%  2021-12-21T11:05:00+0530
adx : 29.29  aroonosc : 64.29
-----------------------------------------------
11:09:49 : SCANNING : M&MFIN
circuit : 0.99%  2021-12-21T11:05:00+0530
adx : 23.18  aroonosc : 78.57
-----------------------------------------------
11:09:49 : SCANNING : MAHABANK
circuit : 0.26%  2021-12-21T11:05:00+0530
adx : 15.97  aroonosc : -28.57
-----------------------------------------------
11:09:50 : SCANNING : MAHINDCIE
circuit : 0.87%  2021-12-21T11:05:00+0530
adx : 17.63  aroonosc : -7.14
-----------------------------------------------
11:09:50 : SCANNING : MAHLOG
circuit : -1.39%  2021-12-21T11:05:00+0530
adx : 10.67  aroonosc : -92.86
-----------------------------------------------
11:09:51 : SCANNING : MAHSCOOTER
circuit : 3.05%  2021-12-21T11:05:00+0530
adx : 32.43  aroonosc : 85.71
-----------------------------------------------
11:09:51 : SCANNING : MAHSEAMLES
circuit : 1.29%  2021-12-21T11:05:00+0530
adx : 37.47  aroonosc : 7.14
-----------------------------------------------
11:09:52 : SCANNING : MANAPPURAM
circuit : -0.6%  2021-12-21T11:05:00+0530
adx : 32.77  aroonosc : 42.86
-----------------------------------------------
11:09:52 : SCANNING : MARICO
circuit : 0.7%  2021-12-21T11:05:00+0530
adx : 32.5  aroonosc : 71.43
-----------------------------------------------
11:09:52 : SCANNING : MARUTI
circuit : 0.25%  2021-12-21T11:05:00+0530
adx : 31.79  aroonosc : 50.0
-----------------------------------------------
11:09:53 : SCANNING : MASFIN
circuit : 2.98%  2021-12-21T11:05:00+0530
adx : 20.27  aroonosc : 100.0
-----------------------------------------------
11:09:53 : SCANNING : MAXHEALTH
circuit : 1.62%  2021-12-21T11:05:00+0530
adx : 29.11  aroonosc : -50.0
-----------------------------------------------
11:09:53 : SCANNING : MAZDOCK
circuit : 0.4%  2021-12-21T11:05:00+0530
adx : 22.49  aroonosc : -35.71
-----------------------------------------------
11:09:54 : SCANNING : MCDOWELL-N
circuit : 2.22%  2021-12-21T11:05:00+0530
adx : 45.81  aroonosc : 92.86
-----------------------------------------------
11:09:54 : SCANNING : MCX
circuit : 0.97%  2021-12-21T11:05:00+0530
adx : 36.16  aroonosc : 35.71
-----------------------------------------------
11:09:55 : SCANNING : METROPOLIS
circuit : 3.13%  2021-12-21T11:05:00+0530
adx : 42.85  aroonosc : 57.14
-----------------------------------------------
11:09:55 : SCANNING : MFSL
circuit : 4.0%  2021-12-21T11:05:00+0530
adx : 24.13  aroonosc : 100.0
-----------------------------------------------
11:09:55 : SCANNING : MGL
circuit : 0.36%  2021-12-21T11:05:00+0530
adx : 30.76  aroonosc : 57.14
-----------------------------------------------
11:09:56 : SCANNING : MHRIL
circuit : -0.92%  2021-12-21T11:05:00+0530
adx : 13.47  aroonosc : -42.86
-----------------------------------------------
11:09:56 : SCANNING : MIDHANI
circuit : 0.72%  2021-12-21T11:05:00+0530
adx : 14.33  aroonosc : -42.86
-----------------------------------------------
11:09:56 : SCANNING : MINDACORP
circuit : 3.1%  2021-12-21T11:05:00+0530
adx : 39.1  aroonosc : 71.43
-----------------------------------------------
11:09:57 : SCANNING : MINDAIND
circuit : 1.06%  2021-12-21T11:05:00+0530
adx : 38.13  aroonosc : 71.43
-----------------------------------------------
11:09:57 : SCANNING : MINDTREE
circuit : 1.13%  2021-12-21T11:05:00+0530
adx : 42.19  aroonosc : -50.0
-----------------------------------------------
11:09:57 : SCANNING : MMTC
circuit : 1.97%  2021-12-21T11:05:00+0530
adx : 41.4  aroonosc : 57.14
-----------------------------------------------
11:09:58 : SCANNING : MOIL
circuit : 2.04%  2021-12-21T11:05:00+0530
adx : 41.01  aroonosc : 64.29
-----------------------------------------------
11:09:58 : SCANNING : MOTILALOFS
circuit : 0.2%  2021-12-21T11:05:00+0530
adx : 20.26  aroonosc : -50.0
-----------------------------------------------
11:09:58 : SCANNING : MPHASIS
circuit : 0.4%  2021-12-21T11:05:00+0530
adx : 23.81  aroonosc : 28.57
-----------------------------------------------
11:09:59 : SCANNING : MRF
circuit : 0.21%  2021-12-21T11:05:00+0530
adx : 16.73  aroonosc : -50.0
-----------------------------------------------
11:10:00 : SCANNING : MRPL
circuit : -0.82%  2021-12-21T11:05:00+0530
adx : 26.96  aroonosc : -85.71
-----------------------------------------------
11:10:00 : SCANNING : MUTHOOTFIN
circuit : 0.49%  2021-12-21T11:05:00+0530
adx : 16.65  aroonosc : 85.71
-----------------------------------------------
11:10:00 : SCANNING : NAM-INDIA
circuit : 1.55%  2021-12-21T11:05:00+0530
adx : 22.24  aroonosc : 42.86
-----------------------------------------------
11:10:01 : SCANNING : NATCOPHARM
circuit : 2.58%  2021-12-21T11:05:00+0530
adx : 13.94  aroonosc : 14.29
-----------------------------------------------
11:10:01 : SCANNING : NATIONALUM
circuit : 2.74%  2021-12-21T11:10:00+0530
adx : 52.05  aroonosc : -42.86
-----------------------------------------------
11:10:01 : SCANNING : NAUKRI
circuit : 0.34%  2021-12-21T11:10:00+0530
adx : 21.08  aroonosc : 21.43
-----------------------------------------------
11:10:02 : SCANNING : NAVINFLUOR
circuit : 3.16%  2021-12-21T11:10:00+0530
adx : 51.69  aroonosc : 50.0
-----------------------------------------------
11:10:02 : SCANNING : NBCC
circuit : 0.48%  2021-12-21T11:10:00+0530
adx : 29.08  aroonosc : 57.14
-----------------------------------------------
11:10:02 : SCANNING : NCC
circuit : 0.73%  2021-12-21T11:10:00+0530
adx : 37.74  aroonosc : 85.71
-----------------------------------------------
11:10:03 : SCANNING : NESCO
circuit : 1.59%  2021-12-21T11:10:00+0530
adx : 11.26  aroonosc : -50.0
-----------------------------------------------
11:10:03 : SCANNING : NESTLEIND
circuit : 1.07%  2021-12-21T11:10:00+0530
adx : 51.7  aroonosc : 78.57
-----------------------------------------------
11:10:03 : SCANNING : NETWORK18
circuit : 2.58%  2021-12-21T11:10:00+0530
adx : 22.28  aroonosc : 57.14
-----------------------------------------------
11:10:04 : SCANNING : NFL
circuit : 1.52%  2021-12-21T11:05:00+0530
adx : 36.52  aroonosc : 7.14
-----------------------------------------------
11:10:04 : SCANNING : NH
circuit : 1.84%  2021-12-21T11:10:00+0530
adx : 16.48  aroonosc : 78.57
-----------------------------------------------
11:10:05 : SCANNING : NHPC
circuit : 1.85%  2021-12-21T11:10:00+0530
adx : 33.02  aroonosc : -7.14
-----------------------------------------------
11:10:05 : SCANNING : NIACL
circuit : -0.07%  2021-12-21T11:10:00+0530
adx : 23.14  aroonosc : 92.86
-----------------------------------------------
11:10:05 : SCANNING : NILKAMAL
circuit : 0.21%  2021-12-21T11:05:00+0530
adx : 12.2  aroonosc : 71.43
-----------------------------------------------
11:10:06 : SCANNING : NLCINDIA
circuit : 0.68%  2021-12-21T11:05:00+0530
adx : 25.52  aroonosc : -21.43
-----------------------------------------------
11:10:06 : SCANNING : NMDC
circuit : 7.16%  2021-12-21T11:05:00+0530
adx : 14.18  aroonosc : 64.29
-----------------------------------------------
11:10:06 : SCANNING : NOCIL
circuit : 1.03%  2021-12-21T11:05:00+0530
adx : 32.82  aroonosc : 57.14
-----------------------------------------------
11:10:07 : SCANNING : NTPC
circuit : 0.49%  2021-12-21T11:10:00+0530
adx : 32.85  aroonosc : -28.57
rpt : 1190.0
{'candle': 'green', 'type': 'BUY', 'instrument': 'NTPC', 'price': 120.2, 'qty': 4949, 'target': 120.35, 'stoploss': 120.05, 'volume': 82550, 'adx': 50.48648436642578, 'aroonosc': 64.28571428571429, 'atr': 0.35497661662436336, 'open': 120.15, 'high': 120.35, 'low': 120.05, 'close': 120.35, 'product': 'MIS', 'time': '2021-12-20T13:45:00+0530'}
11:10:07 : Validation Failed : Time Gap in Seconds : 77107
-----------------------------------------------
11:10:07 : SCANNING : OBEROIRLTY
circuit : 1.59%  2021-12-21T11:05:00+0530
adx : 28.84  aroonosc : 64.29
-----------------------------------------------
11:10:08 : SCANNING : OFSS
circuit : 1.6%  2021-12-21T11:10:00+0530
adx : 47.71  aroonosc : 14.29
-----------------------------------------------
11:10:08 : SCANNING : OIL
circuit : 1.24%  2021-12-21T11:05:00+0530
adx : 17.1  aroonosc : 71.43
-----------------------------------------------
11:10:09 : SCANNING : ONGC
circuit : 0.3%  2021-12-21T11:05:00+0530
adx : 35.49  aroonosc : 100.0
-----------------------------------------------
11:10:09 : SCANNING : ORIENTELEC
circuit : 2.1%  2021-12-21T11:10:00+0530
adx : 14.23  aroonosc : 50.0
-----------------------------------------------
11:10:09 : SCANNING : PAGEIND
circuit : 1.31%  2021-12-21T11:10:00+0530
adx : 19.83  aroonosc : 35.71
-----------------------------------------------
11:10:10 : SCANNING : PEL
circuit : 1.57%  2021-12-21T11:10:00+0530
adx : 29.88  aroonosc : 50.0
-----------------------------------------------
11:10:10 : SCANNING : PERSISTENT
circuit : -1.82%  2021-12-21T11:05:00+0530
adx : 27.59  aroonosc : -21.43
-----------------------------------------------
11:10:10 : SCANNING : PETRONET
circuit : 0.07%  2021-12-21T11:10:00+0530
adx : 12.01  aroonosc : 42.86
-----------------------------------------------
11:10:11 : SCANNING : PFC
circuit : 0.86%  2021-12-21T11:10:00+0530
adx : 19.31  aroonosc : 85.71
-----------------------------------------------
11:10:11 : SCANNING : PFIZER
circuit : 0.76%  2021-12-21T11:10:00+0530
adx : 14.16  aroonosc : 35.71
-----------------------------------------------
11:10:11 : SCANNING : PGHH
circuit : 0.42%  2021-12-21T11:10:00+0530
adx : 22.86  aroonosc : -14.29
-----------------------------------------------
11:10:12 : SCANNING : PGHL
circuit : -0.44%  2021-12-21T11:10:00+0530
adx : 15.71  aroonosc : -35.71
-----------------------------------------------
11:10:12 : SCANNING : PHILIPCARB
circuit : 1.19%  2021-12-21T11:10:00+0530
adx : 6.91  aroonosc : -64.29
-----------------------------------------------
11:10:12 : SCANNING : PHOENIXLTD
circuit : -3.62%  2021-12-21T11:05:00+0530
adx : 27.72  aroonosc : -28.57
-----------------------------------------------
11:10:13 : SCANNING : PIDILITIND
circuit : 0.7%  2021-12-21T11:05:00+0530
adx : 40.81  aroonosc : 92.86
-----------------------------------------------
11:10:13 : SCANNING : PIIND
circuit : 1.47%  2021-12-21T11:10:00+0530
adx : 29.68  aroonosc : 64.29
-----------------------------------------------
11:10:13 : SCANNING : PNB
circuit : 0.95%  2021-12-21T11:10:00+0530
adx : 16.86  aroonosc : -64.29
-----------------------------------------------
11:10:14 : SCANNING : PNBHOUSING
circuit : 5.01%  2021-12-21T11:10:00+0530
adx : 54.75  aroonosc : 100.0
-----------------------------------------------
11:10:14 : SCANNING : PNCINFRA
circuit : -0.32%  2021-12-21T11:10:00+0530
adx : 19.17  aroonosc : 35.71
-----------------------------------------------
11:10:14 : SCANNING : POLYCAB
circuit : 0.52%  2021-12-21T11:10:00+0530
adx : 46.77  aroonosc : 50.0
-----------------------------------------------
11:10:15 : SCANNING : POLYMED
circuit : -0.82%  2021-12-21T11:10:00+0530
adx : 21.85  aroonosc : 28.57
-----------------------------------------------
11:10:15 : SCANNING : POLYPLEX
circuit : 1.1%  2021-12-21T11:05:00+0530
adx : 22.89  aroonosc : 42.86
-----------------------------------------------
11:10:15 : SCANNING : POWERGRID
circuit : -1.8%  2021-12-21T11:10:00+0530
adx : 20.17  aroonosc : -92.86
-----------------------------------------------
11:10:16 : SCANNING : POWERINDIA
circuit : -0.28%  2021-12-21T11:10:00+0530
adx : 21.81  aroonosc : -92.86
-----------------------------------------------
11:10:16 : SCANNING : PRESTIGE
circuit : 0.76%  2021-12-21T11:10:00+0530
adx : 19.57  aroonosc : -85.71
-----------------------------------------------
11:10:17 : SCANNING : PRINCEPIPE
circuit : 2.09%  2021-12-21T11:10:00+0530
adx : 35.8  aroonosc : 57.14
-----------------------------------------------
11:10:17 : SCANNING : PRSMJOHNSN
circuit : 3.74%  2021-12-21T11:10:00+0530
adx : 35.63  aroonosc : 14.29
-----------------------------------------------
11:10:17 : SCANNING : PSB
circuit : 0.63%  2021-12-21T11:05:00+0530
adx : 19.06  aroonosc : -57.14
-----------------------------------------------
11:10:18 : SCANNING : PVR
circuit : 0.93%  2021-12-21T11:10:00+0530
adx : 27.88  aroonosc : 50.0
-----------------------------------------------
11:10:18 : SCANNING : QUESS
circuit : 0.87%  2021-12-21T11:05:00+0530
adx : 18.44  aroonosc : 14.29
-----------------------------------------------
11:10:18 : SCANNING : RADICO
circuit : 0.47%  2021-12-21T11:10:00+0530
adx : 18.66  aroonosc : -14.29
-----------------------------------------------
11:10:19 : SCANNING : RAIN
circuit : -0.64%  2021-12-21T11:10:00+0530
adx : 11.62  aroonosc : 28.57
-----------------------------------------------
11:10:19 : SCANNING : RAJESHEXPO
circuit : -0.13%  2021-12-21T11:10:00+0530
adx : 7.5  aroonosc : -14.29
-----------------------------------------------
11:10:19 : SCANNING : RALLIS
circuit : 0.26%  2021-12-21T11:10:00+0530
adx : 11.12  aroonosc : -35.71
-----------------------------------------------
11:10:20 : SCANNING : RAMCOCEM
circuit : 1.95%  2021-12-21T11:10:00+0530
adx : 24.67  aroonosc : 78.57
-----------------------------------------------
11:10:20 : SCANNING : RATNAMANI
circuit : 3.24%  2021-12-21T11:10:00+0530
adx : 33.41  aroonosc : -78.57
-----------------------------------------------
11:10:20 : SCANNING : RAYMOND
circuit : 0.57%  2021-12-21T11:10:00+0530
adx : 32.45  aroonosc : 42.86
-----------------------------------------------
11:10:21 : SCANNING : RBLBANK
circuit : 0.26%  2021-12-21T11:05:00+0530
adx : 21.72  aroonosc : 35.71
-----------------------------------------------
11:10:21 : SCANNING : RCF
circuit : 1.52%  2021-12-21T11:10:00+0530
adx : 29.38  aroonosc : 42.86
-----------------------------------------------
11:10:21 : SCANNING : RECLTD
circuit : 1.22%  2021-12-21T11:10:00+0530
adx : 44.16  aroonosc : 100.0
-----------------------------------------------
11:10:22 : SCANNING : REDINGTON
circuit : 0.55%  2021-12-21T11:10:00+0530
adx : 13.78  aroonosc : -21.43
-----------------------------------------------
11:10:22 : SCANNING : RELAXO
circuit : 2.54%  2021-12-21T11:10:00+0530
adx : 31.14  aroonosc : -42.86
-----------------------------------------------
11:10:23 : SCANNING : RELIANCE
circuit : 0.59%  2021-12-21T11:05:00+0530
adx : 51.82  aroonosc : 57.14
-----------------------------------------------
11:10:23 : SCANNING : RESPONIND
circuit : 2.43%  2021-12-21T11:05:00+0530
adx : 21.33  aroonosc : 0.0
-----------------------------------------------
11:10:23 : SCANNING : RHIM
circuit : 1.06%  2021-12-21T11:10:00+0530
adx : 33.8  aroonosc : 21.43
-----------------------------------------------
11:10:24 : SCANNING : RITES
circuit : -1.52%  2021-12-21T11:10:00+0530
adx : 20.25  aroonosc : -28.57
-----------------------------------------------
11:10:24 : SCANNING : ROSSARI
circuit : 0.46%  2021-12-21T11:10:00+0530
adx : 23.67  aroonosc : -28.57
-----------------------------------------------
11:10:24 : SCANNING : ROUTE
circuit : 0.94%  2021-12-21T11:10:00+0530
adx : 15.22  aroonosc : -14.29
-----------------------------------------------
11:10:25 : SCANNING : RVNL
circuit : 0.89%  2021-12-21T11:10:00+0530
adx : 47.04  aroonosc : -35.71
-----------------------------------------------
11:10:25 : SCANNING : SAIL
circuit : 1.86%  2021-12-21T11:10:00+0530
adx : 30.25  aroonosc : -42.86
-----------------------------------------------
11:10:25 : SCANNING : SANOFI
circuit : 0.02%  2021-12-21T11:10:00+0530
adx : 29.38  aroonosc : 64.29
-----------------------------------------------
11:10:26 : SCANNING : SBICARD
circuit : 0.72%  2021-12-21T11:10:00+0530
adx : 43.92  aroonosc : 57.14
-----------------------------------------------
11:10:26 : SCANNING : SBILIFE
circuit : -0.3%  2021-12-21T11:10:00+0530
adx : 17.39  aroonosc : 92.86
-----------------------------------------------
11:10:27 : SCANNING : SBIN
circuit : -0.13%  2021-12-21T11:05:00+0530
adx : 33.13  aroonosc : 71.43
-----------------------------------------------
11:10:28 : SCANNING : SCHAEFFLER
circuit : 2.31%  2021-12-21T11:10:00+0530
adx : 49.74  aroonosc : 28.57
-----------------------------------------------
11:10:29 : SCANNING : SCHNEIDER
circuit : -1.85%  2021-12-21T11:10:00+0530
adx : 15.51  aroonosc : -71.43
-----------------------------------------------
11:10:29 : SCANNING : SCI
circuit : 1.94%  2021-12-21T11:10:00+0530
adx : 19.9  aroonosc : 92.86
-----------------------------------------------
11:10:29 : SCANNING : SEQUENT
circuit : 1.38%  2021-12-21T11:10:00+0530
adx : 23.01  aroonosc : 78.57
-----------------------------------------------
11:10:30 : SCANNING : SFL
circuit : 1.68%  2021-12-21T11:10:00+0530
adx : 27.69  aroonosc : 42.86
-----------------------------------------------
11:10:30 : SCANNING : SHARDACROP
circuit : -3.2%  2021-12-21T11:10:00+0530
adx : 22.07  aroonosc : -28.57
-----------------------------------------------
11:10:30 : SCANNING : SHILPAMED
circuit : 3.62%  2021-12-21T11:10:00+0530
adx : 57.29  aroonosc : 85.71
-----------------------------------------------
11:10:31 : SCANNING : SHOPERSTOP
circuit : 1.99%  2021-12-21T11:10:00+0530
adx : 15.1  aroonosc : 64.29
-----------------------------------------------
11:10:31 : SCANNING : SHREECEM
circuit : 2.38%  2021-12-21T11:10:00+0530
adx : 49.0  aroonosc : 92.86
-----------------------------------------------
11:10:31 : SCANNING : SHRIRAMCIT
circuit : -1.38%  2021-12-21T11:10:00+0530
adx : 15.21  aroonosc : 78.57
-----------------------------------------------
11:10:32 : SCANNING : SIEMENS
circuit : 0.71%  2021-12-21T11:10:00+0530
adx : 35.16  aroonosc : 57.14
-----------------------------------------------
11:10:32 : SCANNING : SIS
circuit : 0.59%  2021-12-21T11:10:00+0530
adx : 52.0  aroonosc : 85.71
-----------------------------------------------
11:10:33 : SCANNING : SJVN
circuit : 0.9%  2021-12-21T11:10:00+0530
adx : 29.85  aroonosc : 78.57
-----------------------------------------------
11:10:33 : SCANNING : SKFINDIA
circuit : -0.08%  2021-12-21T11:10:00+0530
adx : 11.05  aroonosc : -42.86
-----------------------------------------------
11:10:34 : SCANNING : SOBHA
circuit : 2.19%  2021-12-21T11:10:00+0530
adx : 25.45  aroonosc : 85.71
-----------------------------------------------
11:10:34 : SCANNING : SOLARA
circuit : -0.27%  2021-12-21T11:10:00+0530
adx : 24.74  aroonosc : -78.57
-----------------------------------------------
11:10:34 : SCANNING : SOLARINDS
circuit : -0.57%  2021-12-21T11:10:00+0530
adx : 24.72  aroonosc : -50.0
-----------------------------------------------
11:10:35 : SCANNING : SONATSOFTW
circuit : 2.4%  2021-12-21T11:10:00+0530
adx : 32.55  aroonosc : 0.0
-----------------------------------------------
11:10:35 : SCANNING : SPANDANA
circuit : -0.17%  2021-12-21T11:10:00+0530
adx : 22.28  aroonosc : 0.0
-----------------------------------------------
11:10:35 : SCANNING : SPARC
circuit : 1.21%  2021-12-21T11:10:00+0530
adx : 12.22  aroonosc : -85.71
-----------------------------------------------
11:10:36 : SCANNING : SPICEJET
circuit : 0.31%  2021-12-21T11:10:00+0530
adx : 23.86  aroonosc : 7.14
-----------------------------------------------
11:10:36 : SCANNING : SRF
circuit : 1.7%  2021-12-21T11:10:00+0530
adx : 39.2  aroonosc : 78.57
-----------------------------------------------
11:10:36 : SCANNING : SRTRANSFIN
circuit : -1.32%  2021-12-21T11:10:00+0530
adx : 26.03  aroonosc : 71.43
-----------------------------------------------
11:10:37 : SCANNING : STAR
circuit : -0.77%  2021-12-21T11:10:00+0530
adx : 9.64  aroonosc : 35.71
-----------------------------------------------
11:10:37 : SCANNING : STARCEMENT
circuit : 0.32%  2021-12-21T11:10:00+0530
adx : 14.59  aroonosc : 71.43
-----------------------------------------------
11:10:38 : SCANNING : STLTECH
circuit : 1.0%  2021-12-21T11:10:00+0530
adx : 27.56  aroonosc : 0.0
-----------------------------------------------
11:10:38 : SCANNING : SUDARSCHEM
circuit : 1.27%  2021-12-21T11:10:00+0530
adx : 34.85  aroonosc : 35.71
-----------------------------------------------
11:10:38 : SCANNING : SUMICHEM
circuit : 0.91%  2021-12-21T11:10:00+0530
adx : 13.52  aroonosc : -14.29
-----------------------------------------------
11:10:39 : SCANNING : SUNCLAYLTD
circuit : 0.64%  2021-12-21T11:10:00+0530
adx : 16.29  aroonosc : -57.14
-----------------------------------------------
11:10:39 : SCANNING : SUNDARMFIN
circuit : -0.53%  2021-12-21T11:05:00+0530
adx : 29.18  aroonosc : 0.0
-----------------------------------------------
11:10:40 : SCANNING : SUNDRMFAST
circuit : -2.19%  2021-12-21T11:10:00+0530
adx : 15.97  aroonosc : 14.29
-----------------------------------------------
11:10:40 : SCANNING : SUNPHARMA
circuit : 2.2%  2021-12-21T11:10:00+0530
adx : 41.39  aroonosc : 14.29
-----------------------------------------------
11:10:41 : SCANNING : SUNTECK
circuit : 0.9%  2021-12-21T11:10:00+0530
adx : 23.35  aroonosc : -92.86
-----------------------------------------------
11:10:41 : SCANNING : SUNTV
circuit : 0.6%  2021-12-21T11:10:00+0530
adx : 31.46  aroonosc : 85.71
-----------------------------------------------
11:10:41 : SCANNING : SUPPETRO
circuit : 1.18%  2021-12-21T11:05:00+0530
adx : 27.71  aroonosc : -71.43
-----------------------------------------------
11:10:42 : SCANNING : SUPRAJIT
circuit : 2.42%  2021-12-21T11:10:00+0530
adx : 48.4  aroonosc : 85.71
-----------------------------------------------
11:10:42 : SCANNING : SUPREMEIND
circuit : 3.21%  2021-12-21T11:10:00+0530
adx : 59.75  aroonosc : -21.43
-----------------------------------------------
11:10:42 : SCANNING : SUVENPHAR
circuit : 1.23%  2021-12-21T11:10:00+0530
adx : 14.21  aroonosc : -21.43
-----------------------------------------------
11:10:43 : SCANNING : SUZLON
circuit : 2.05%  2021-12-21T11:10:00+0530
adx : 35.46  aroonosc : 71.43
-----------------------------------------------
11:10:43 : SCANNING : SWANENERGY
circuit : 1.99%  2021-12-21T11:10:00+0530
adx : 24.99  aroonosc : -71.43
-----------------------------------------------
11:10:44 : SCANNING : SWSOLAR
circuit : 0.22%  2021-12-21T11:05:00+0530
adx : 13.42  aroonosc : -85.71
-----------------------------------------------
11:10:44 : SCANNING : SYMPHONY
circuit : 0.76%  2021-12-21T11:10:00+0530
adx : 33.29  aroonosc : 78.57
-----------------------------------------------
11:10:45 : SCANNING : SYNGENE
circuit : 0.48%  2021-12-21T11:10:00+0530
adx : 31.9  aroonosc : 42.86
-----------------------------------------------
11:10:45 : SCANNING : TASTYBITE
circuit : -0.87%  2021-12-21T11:10:00+0530
adx : 24.64  aroonosc : 92.86
-----------------------------------------------
11:10:45 : SCANNING : TATACHEM
circuit : 1.7%  2021-12-21T11:10:00+0530
adx : 38.08  aroonosc : 35.71
-----------------------------------------------
11:10:46 : SCANNING : TATACOFFEE
circuit : 1.12%  2021-12-21T11:10:00+0530
adx : 20.56  aroonosc : -50.0
-----------------------------------------------
11:10:46 : SCANNING : TATACOMM
circuit : 0.27%  2021-12-21T11:10:00+0530
adx : 16.55  aroonosc : 85.71
-----------------------------------------------
11:10:47 : SCANNING : TATACONSUM
circuit : 1.72%  2021-12-21T11:10:00+0530
adx : 47.07  aroonosc : 71.43
-----------------------------------------------
11:10:47 : SCANNING : TATAELXSI
circuit : -0.04%  2021-12-21T11:10:00+0530
adx : 11.74  aroonosc : 35.71
-----------------------------------------------
11:10:47 : SCANNING : TATAINVEST
circuit : 0.59%  2021-12-21T11:10:00+0530
adx : 32.24  aroonosc : 100.0
-----------------------------------------------
11:10:48 : SCANNING : TATAMOTORS
circuit : 1.17%  2021-12-21T11:05:00+0530
adx : 29.66  aroonosc : 50.0
-----------------------------------------------
11:10:48 : SCANNING : TATAPOWER
circuit : 0.61%  2021-12-21T11:05:00+0530
adx : 35.12  aroonosc : 42.86
-----------------------------------------------
11:10:49 : SCANNING : TATASTEEL
circuit : 2.32%  2021-12-21T11:05:00+0530
adx : 46.03  aroonosc : 64.29
-----------------------------------------------
11:10:49 : SCANNING : TCIEXP
circuit : 5.78%  2021-12-21T11:10:00+0530
adx : 32.79  aroonosc : 92.86
-----------------------------------------------
11:10:49 : SCANNING : TCNSBRANDS
circuit : 2.38%  2021-12-21T11:10:00+0530
adx : 12.52  aroonosc : -64.29
-----------------------------------------------
11:10:50 : SCANNING : TCS
circuit : 1.2%  2021-12-21T11:05:00+0530
adx : 46.37  aroonosc : 50.0
-----------------------------------------------
11:10:50 : SCANNING : TEAMLEASE
circuit : 0.41%  2021-12-21T11:10:00+0530
adx : 9.76  aroonosc : -14.29
-----------------------------------------------
11:10:50 : SCANNING : TECHM
circuit : 2.65%  2021-12-21T11:05:00+0530
adx : 35.9  aroonosc : 71.43
-----------------------------------------------
11:10:51 : SCANNING : THERMAX
circuit : 1.54%  2021-12-21T11:10:00+0530
adx : 31.85  aroonosc : 71.43
-----------------------------------------------
11:10:51 : SCANNING : THYROCARE
circuit : -0.92%  2021-12-21T11:10:00+0530
adx : 16.99  aroonosc : -57.14
-----------------------------------------------
11:10:52 : SCANNING : TIINDIA
circuit : 0.69%  2021-12-21T11:10:00+0530
adx : 22.33  aroonosc : 78.57
-----------------------------------------------
11:10:52 : SCANNING : TIMKEN
circuit : 2.38%  2021-12-21T11:10:00+0530
adx : 47.04  aroonosc : 50.0
-----------------------------------------------
11:10:52 : SCANNING : TITAN
circuit : 2.12%  2021-12-21T11:05:00+0530
adx : 42.74  aroonosc : 78.57
-----------------------------------------------
11:10:53 : SCANNING : TORNTPHARM
circuit : 1.1%  2021-12-21T11:10:00+0530
adx : 25.75  aroonosc : -57.14
-----------------------------------------------
11:10:53 : SCANNING : TORNTPOWER
circuit : 0.19%  2021-12-21T11:10:00+0530
adx : 24.82  aroonosc : 85.71
-----------------------------------------------
11:10:53 : SCANNING : TRENT
circuit : 0.2%  2021-12-21T11:10:00+0530
adx : 30.58  aroonosc : 28.57
-----------------------------------------------
11:10:54 : SCANNING : TRIDENT
circuit : 5.34%  2021-12-21T11:10:00+0530
adx : 14.55  aroonosc : -42.86
-----------------------------------------------
11:10:54 : SCANNING : TRITURBINE
circuit : -1.6%  2021-12-21T11:10:00+0530
adx : 44.41  aroonosc : -71.43
-----------------------------------------------
11:10:55 : SCANNING : TTKPRESTIG
circuit : 1.78%  2021-12-21T11:10:00+0530
adx : 16.33  aroonosc : -71.43
-----------------------------------------------
11:10:55 : SCANNING : TV18BRDCST
circuit : 0.56%  2021-12-21T11:10:00+0530
adx : 11.77  aroonosc : 57.14
-----------------------------------------------
11:10:56 : SCANNING : TVSMOTOR
circuit : 1.27%  2021-12-21T11:05:00+0530
adx : 41.26  aroonosc : 57.14
-----------------------------------------------
11:10:56 : SCANNING : UBL
circuit : 1.89%  2021-12-21T11:05:00+0530
adx : 28.89  aroonosc : 0.0
-----------------------------------------------
11:10:56 : SCANNING : UCOBANK
circuit : 1.18%  2021-12-21T11:10:00+0530
adx : 48.73  aroonosc : 71.43
-----------------------------------------------
11:10:57 : SCANNING : UFLEX
circuit : -1.36%  2021-12-21T11:10:00+0530
adx : 35.34  aroonosc : 42.86
-----------------------------------------------
11:10:57 : SCANNING : UJJIVAN
circuit : -0.31%  2021-12-21T11:10:00+0530
adx : 17.43  aroonosc : -21.43
-----------------------------------------------
11:10:58 : SCANNING : UJJIVANSFB
-----------------------------------------------
11:10:58 : SCANNING : ULTRACEMCO
circuit : 0.97%  2021-12-21T11:10:00+0530
adx : 30.2  aroonosc : 78.57
-----------------------------------------------
11:10:58 : SCANNING : UNIONBANK
circuit : 1.3%  2021-12-21T11:10:00+0530
adx : 9.61  aroonosc : -21.43
-----------------------------------------------
11:10:59 : SCANNING : UPL
circuit : 1.79%  2021-12-21T11:10:00+0530
adx : 46.19  aroonosc : 78.57
-----------------------------------------------
11:10:59 : SCANNING : UTIAMC
circuit : 1.67%  2021-12-21T11:10:00+0530
adx : 12.51  aroonosc : -42.86
-----------------------------------------------
11:11:00 : SCANNING : VAIBHAVGBL
circuit : -0.08%  2021-12-21T11:10:00+0530
adx : 23.01  aroonosc : 57.14
-----------------------------------------------
11:11:00 : SCANNING : VAKRANGEE
circuit : 1.69%  2021-12-21T11:10:00+0530
adx : 33.75  aroonosc : 35.71
-----------------------------------------------
11:11:00 : SCANNING : VALIANTORG
circuit : 0.77%  2021-12-21T11:10:00+0530
adx : 15.9  aroonosc : 42.86
-----------------------------------------------
11:11:01 : SCANNING : VARROC
circuit : 2.57%  2021-12-21T11:10:00+0530
adx : 27.6  aroonosc : 35.71
-----------------------------------------------
11:11:01 : SCANNING : VBL
circuit : 0.59%  2021-12-21T11:10:00+0530
adx : 11.74  aroonosc : 28.57
-----------------------------------------------
11:11:01 : SCANNING : VEDL
circuit : 2.01%  2021-12-21T11:10:00+0530
adx : 61.98  aroonosc : 64.29
-----------------------------------------------
11:11:02 : SCANNING : VENKEYS
circuit : -0.26%  2021-12-21T11:10:00+0530
adx : 27.91  aroonosc : 35.71
-----------------------------------------------
11:11:02 : SCANNING : VGUARD
circuit : -0.2%  2021-12-21T11:10:00+0530
adx : 12.45  aroonosc : -92.86
-----------------------------------------------
11:11:03 : SCANNING : VINATIORGA
circuit : -3.45%  2021-12-21T11:10:00+0530
adx : 25.2  aroonosc : -57.14
-----------------------------------------------
11:11:03 : SCANNING : VIPIND
circuit : 4.5%  2021-12-21T11:10:00+0530
adx : 34.24  aroonosc : 92.86
-----------------------------------------------
11:11:04 : SCANNING : VMART
circuit : -0.55%  2021-12-21T11:10:00+0530
adx : 18.64  aroonosc : 92.86
-----------------------------------------------
11:11:04 : SCANNING : VOLTAS
circuit : 0.86%  2021-12-21T11:10:00+0530
adx : 35.56  aroonosc : -71.43
-----------------------------------------------
11:11:04 : SCANNING : VSTIND
circuit : -0.15%  2021-12-21T11:10:00+0530
adx : 15.82  aroonosc : -57.14
-----------------------------------------------
11:11:05 : SCANNING : VTL
circuit : 6.77%  2021-12-21T11:10:00+0530
adx : 46.89  aroonosc : 71.43
-----------------------------------------------
11:11:05 : SCANNING : WABCOINDIA
circuit : 0.31%  2021-12-21T11:10:00+0530
adx : 11.57  aroonosc : -7.14
-----------------------------------------------
11:11:05 : SCANNING : WELCORP
circuit : 3.4%  2021-12-21T11:10:00+0530
adx : 34.88  aroonosc : -42.86
-----------------------------------------------
11:11:06 : SCANNING : WELSPUNIND
circuit : 1.1%  2021-12-21T11:10:00+0530
adx : 22.16  aroonosc : -92.86
-----------------------------------------------
11:11:06 : SCANNING : WESTLIFE
circuit : 0.39%  2021-12-21T11:10:00+0530
adx : 26.46  aroonosc : 71.43
-----------------------------------------------
11:11:06 : SCANNING : WHIRLPOOL
circuit : 0.89%  2021-12-21T11:10:00+0530
adx : 12.76  aroonosc : -85.71
-----------------------------------------------
11:11:07 : SCANNING : WIPRO
circuit : 1.59%  2021-12-21T11:10:00+0530
adx : 57.93  aroonosc : 21.43
-----------------------------------------------
11:11:07 : SCANNING : WOCKPHARMA
circuit : 0.13%  2021-12-21T11:10:00+0530
adx : 14.59  aroonosc : -71.43
-----------------------------------------------
11:11:08 : SCANNING : YESBANK
circuit : 0.38%  2021-12-21T11:10:00+0530
adx : 50.94  aroonosc : 50.0
-----------------------------------------------
11:11:08 : SCANNING : ZEEL
circuit : 3.4%  2021-12-21T11:10:00+0530
adx : 34.43  aroonosc : 92.86
-----------------------------------------------
11:11:09 : SCANNING : ZENSARTECH
circuit : 3.42%  2021-12-21T11:10:00+0530
adx : 45.59  aroonosc : -7.14
-----------------------------------------------
11:11:09 : SCANNING : ZYDUSWELL
circuit : -0.93%  2021-12-21T11:10:00+0530
adx : 37.92  aroonosc : 14.29
-----------------------------------------------
11:11:09 : SCANNING : PAYTM
circuit : 1.68%  2021-12-21T11:10:00+0530
adx : 17.24  aroonosc : -57.14
-----------------------------------------------
===================================================
11:11:09 : END
===================================================
Start Time     : 2021-12-21 11:08:02.493590
End Time       : 2021-12-21 11:11:09.894529
Time Taken     : 3.0
===================================================
