===================================================
11:12:01 : START
===================================================
11:12:01 : PROCESSING INSTRUMENTS SYMBOLS
-----------------------------------------------
11:12:02 : SCANNING : 3MINDIA
circuit : -0.13%  2021-12-21T11:10:00+0530
adx : 28.13  aroonosc : 42.86
-----------------------------------------------
11:12:02 : SCANNING : AARTIDRUGS
circuit : 0.34%  2021-12-21T11:10:00+0530
adx : 11.72  aroonosc : 21.43
-----------------------------------------------
11:12:02 : SCANNING : AARTIIND
circuit : 1.34%  2021-12-21T11:10:00+0530
adx : 37.89  aroonosc : 35.71
-----------------------------------------------
11:12:03 : SCANNING : AAVAS
circuit : 2.09%  2021-12-21T11:10:00+0530
adx : 59.27  aroonosc : 100.0
-----------------------------------------------
11:12:03 : SCANNING : ABB
circuit : 1.32%  2021-12-21T11:10:00+0530
adx : 18.36  aroonosc : 42.86
-----------------------------------------------
11:12:03 : SCANNING : ABBOTINDIA
circuit : -0.07%  2021-12-21T11:10:00+0530
adx : 30.05  aroonosc : 64.29
-----------------------------------------------
11:12:04 : SCANNING : ABCAPITAL
circuit : 2.82%  2021-12-21T11:10:00+0530
adx : 31.63  aroonosc : -28.57
-----------------------------------------------
11:12:04 : SCANNING : ABFRL
circuit : 3.49%  2021-12-21T11:10:00+0530
adx : 44.54  aroonosc : -57.14
-----------------------------------------------
11:12:04 : SCANNING : ACC
circuit : 1.64%  2021-12-21T11:10:00+0530
adx : 46.49  aroonosc : 100.0
-----------------------------------------------
11:12:05 : SCANNING : ADANIENT
circuit : 0.75%  2021-12-21T11:10:00+0530
adx : 42.12  aroonosc : 28.57
-----------------------------------------------
11:12:05 : SCANNING : ADANIGREEN
circuit : -0.17%  2021-12-21T11:10:00+0530
adx : 20.42  aroonosc : -50.0
-----------------------------------------------
11:12:05 : SCANNING : ADANIPORTS
circuit : -0.56%  2021-12-21T11:10:00+0530
adx : 19.28  aroonosc : -21.43
-----------------------------------------------
11:12:05 : SCANNING : ADVENZYMES
circuit : 1.36%  2021-12-21T11:10:00+0530
adx : 19.74  aroonosc : 14.29
-----------------------------------------------
11:12:06 : SCANNING : AEGISCHEM
circuit : -2.02%  2021-12-21T11:10:00+0530
adx : 35.81  aroonosc : -7.14
-----------------------------------------------
11:12:06 : SCANNING : AFFLE
circuit : 1.24%  2021-12-21T11:10:00+0530
adx : 12.07  aroonosc : -14.29
-----------------------------------------------
11:12:06 : SCANNING : AIAENG
circuit : -0.91%  2021-12-21T11:10:00+0530
adx : 16.41  aroonosc : -92.86
-----------------------------------------------
11:12:07 : SCANNING : AJANTPHARM
circuit : -0.6%  2021-12-21T11:10:00+0530
adx : 15.33  aroonosc : 71.43
-----------------------------------------------
11:12:07 : SCANNING : AKZOINDIA
circuit : -1.34%  2021-12-21T11:10:00+0530
adx : 36.65  aroonosc : -64.29
-----------------------------------------------
11:12:07 : SCANNING : ALEMBICLTD
circuit : -0.31%  2021-12-21T11:10:00+0530
adx : 13.19  aroonosc : 35.71
-----------------------------------------------
11:12:08 : SCANNING : ALKEM
circuit : 0.62%  2021-12-21T11:10:00+0530
adx : 9.83  aroonosc : -35.71
-----------------------------------------------
11:12:08 : SCANNING : ALKYLAMINE
circuit : -1.71%  2021-12-21T11:10:00+0530
adx : 49.18  aroonosc : 0.0
-----------------------------------------------
11:12:08 : SCANNING : ALOKINDS
circuit : 1.75%  2021-12-21T11:10:00+0530
adx : 38.31  aroonosc : 14.29
-----------------------------------------------
11:12:09 : SCANNING : AMARAJABAT
circuit : 0.69%  2021-12-21T11:10:00+0530
adx : 38.1  aroonosc : 85.71
-----------------------------------------------
11:12:09 : SCANNING : AMBER
circuit : 2.95%  2021-12-21T11:10:00+0530
adx : 39.89  aroonosc : 21.43
-----------------------------------------------
11:12:09 : SCANNING : AMBUJACEM
circuit : 2.76%  2021-12-21T11:10:00+0530
adx : 53.51  aroonosc : 100.0
-----------------------------------------------
11:12:10 : SCANNING : ANGELBRKG
circuit : 2.51%  2021-12-21T11:10:00+0530
adx : 36.79  aroonosc : 35.71
-----------------------------------------------
11:12:10 : SCANNING : APLAPOLLO
circuit : 2.74%  2021-12-21T11:10:00+0530
adx : 16.19  aroonosc : 21.43
-----------------------------------------------
11:12:10 : SCANNING : APLLTD
circuit : -1.17%  2021-12-21T11:10:00+0530
adx : 40.28  aroonosc : -78.57
-----------------------------------------------
11:12:11 : SCANNING : APOLLOHOSP
circuit : -0.32%  2021-12-21T11:10:00+0530
adx : 24.06  aroonosc : -71.43
-----------------------------------------------
11:12:11 : SCANNING : APOLLOTYRE
circuit : 0.25%  2021-12-21T11:10:00+0530
adx : 18.26  aroonosc : 21.43
-----------------------------------------------
11:12:11 : SCANNING : ASAHIINDIA
circuit : -1.52%  2021-12-21T11:10:00+0530
adx : 27.34  aroonosc : 42.86
-----------------------------------------------
11:12:12 : SCANNING : ASHOKA
circuit : 0.28%  2021-12-21T11:10:00+0530
adx : 15.44  aroonosc : -14.29
-----------------------------------------------
11:12:12 : SCANNING : ASHOKLEY
circuit : 2.46%  2021-12-21T11:10:00+0530
adx : 44.72  aroonosc : 50.0
-----------------------------------------------
11:12:12 : SCANNING : ASIANPAINT
circuit : 1.36%  2021-12-21T11:10:00+0530
adx : 47.19  aroonosc : 100.0
-----------------------------------------------
11:12:13 : SCANNING : ASTERDM
circuit : -0.76%  2021-12-21T11:10:00+0530
adx : 38.96  aroonosc : 71.43
-----------------------------------------------
11:12:13 : SCANNING : ASTRAL
circuit : -1.53%  2021-12-21T11:10:00+0530
adx : 20.64  aroonosc : 78.57
-----------------------------------------------
11:12:13 : SCANNING : ASTRAZEN
circuit : -0.61%  2021-12-21T11:10:00+0530
adx : 23.63  aroonosc : -42.86
-----------------------------------------------
11:12:14 : SCANNING : ATUL
circuit : 0.2%  2021-12-21T11:10:00+0530
adx : 27.47  aroonosc : 71.43
-----------------------------------------------
11:12:14 : SCANNING : AUBANK
circuit : 4.07%  2021-12-21T11:10:00+0530
adx : 53.37  aroonosc : 42.86
-----------------------------------------------
11:12:14 : SCANNING : AUROPHARMA
circuit : -0.17%  2021-12-21T11:10:00+0530
adx : 25.6  aroonosc : 35.71
-----------------------------------------------
11:12:14 : SCANNING : AVANTIFEED
circuit : -1.11%  2021-12-21T11:10:00+0530
adx : 34.86  aroonosc : -50.0
-----------------------------------------------
11:12:15 : SCANNING : AXISBANK
circuit : -0.94%  2021-12-21T11:10:00+0530
adx : 20.05  aroonosc : 71.43
-----------------------------------------------
11:12:15 : SCANNING : BAJAJ-AUTO
circuit : 0.92%  2021-12-21T11:10:00+0530
adx : 43.94  aroonosc : 35.71
-----------------------------------------------
11:12:15 : SCANNING : BAJAJCON
circuit : 0.35%  2021-12-21T11:10:00+0530
adx : 20.37  aroonosc : -71.43
-----------------------------------------------
11:12:16 : SCANNING : BAJAJELEC
circuit : -0.76%  2021-12-21T11:10:00+0530
adx : 18.14  aroonosc : -50.0
-----------------------------------------------
11:12:16 : SCANNING : BAJAJFINSV
circuit : -0.92%  2021-12-21T11:10:00+0530
adx : 39.94  aroonosc : 85.71
-----------------------------------------------
11:12:16 : SCANNING : BAJAJHLDNG
circuit : -0.02%  2021-12-21T11:10:00+0530
adx : 12.14  aroonosc : -42.86
-----------------------------------------------
11:12:17 : SCANNING : BAJFINANCE
-----------------------------------------------
11:12:17 : SCANNING : BALAMINES
circuit : 0.15%  2021-12-21T11:10:00+0530
adx : 9.57  aroonosc : 28.57
-----------------------------------------------
11:12:17 : SCANNING : BALKRISIND
circuit : -1.19%  2021-12-21T11:10:00+0530
adx : 13.02  aroonosc : 64.29
-----------------------------------------------
11:12:18 : SCANNING : BALMLAWRIE
circuit : 1.23%  2021-12-21T11:10:00+0530
adx : 33.21  aroonosc : 64.29
-----------------------------------------------
11:12:18 : SCANNING : BALRAMCHIN
circuit : 1.86%  2021-12-21T11:10:00+0530
adx : 43.12  aroonosc : 14.29
-----------------------------------------------
11:12:18 : SCANNING : BANDHANBNK
circuit : 0.34%  2021-12-21T11:10:00+0530
adx : 23.89  aroonosc : 78.57
-----------------------------------------------
11:12:19 : SCANNING : BANKBARODA
circuit : 1.05%  2021-12-21T11:10:00+0530
adx : 12.29  aroonosc : 78.57
-----------------------------------------------
11:12:19 : SCANNING : BANKINDIA
circuit : 1.19%  2021-12-21T11:10:00+0530
adx : 44.56  aroonosc : 14.29
-----------------------------------------------
11:12:19 : SCANNING : BASF
circuit : 0.64%  2021-12-21T11:10:00+0530
adx : 30.34  aroonosc : -42.86
-----------------------------------------------
11:12:20 : SCANNING : BATAINDIA
circuit : 0.7%  2021-12-21T11:10:00+0530
adx : 19.0  aroonosc : -57.14
-----------------------------------------------
11:12:20 : SCANNING : BAYERCROP
circuit : -2.1%  2021-12-21T11:10:00+0530
adx : 23.17  aroonosc : -92.86
-----------------------------------------------
11:12:20 : SCANNING : BBTC
circuit : 0.11%  2021-12-21T11:10:00+0530
adx : 22.61  aroonosc : 14.29
-----------------------------------------------
11:12:21 : SCANNING : BDL
circuit : 0.87%  2021-12-21T11:10:00+0530
adx : 29.05  aroonosc : -100.0
-----------------------------------------------
11:12:21 : SCANNING : BEL
circuit : 1.2%  2021-12-21T11:10:00+0530
adx : 34.14  aroonosc : 64.29
-----------------------------------------------
11:12:21 : SCANNING : BEML
circuit : 1.53%  2021-12-21T11:10:00+0530
adx : 34.92  aroonosc : -78.57
-----------------------------------------------
11:12:22 : SCANNING : BERGEPAINT
circuit : 1.08%  2021-12-21T11:10:00+0530
adx : 40.02  aroonosc : 100.0
-----------------------------------------------
11:12:22 : SCANNING : BHARATFORG
circuit : 1.0%  2021-12-21T11:10:00+0530
adx : 20.7  aroonosc : 42.86
-----------------------------------------------
11:12:22 : SCANNING : BHARATRAS
circuit : 2.3%  2021-12-21T11:10:00+0530
adx : 38.95  aroonosc : 21.43
-----------------------------------------------
11:12:23 : SCANNING : BHARTIARTL
circuit : 0.2%  2021-12-21T11:10:00+0530
adx : 32.13  aroonosc : 28.57
-----------------------------------------------
11:12:23 : SCANNING : BHEL
circuit : 0.69%  2021-12-21T11:10:00+0530
adx : 17.16  aroonosc : 28.57
-----------------------------------------------
11:12:23 : SCANNING : BIOCON
circuit : 0.84%  2021-12-21T11:10:00+0530
adx : 9.83  aroonosc : 100.0
-----------------------------------------------
11:12:24 : SCANNING : BIRLACORPN
circuit : 3.58%  2021-12-21T11:10:00+0530
adx : 28.56  aroonosc : 35.71
-----------------------------------------------
11:12:24 : SCANNING : BLISSGVS
circuit : 1.21%  2021-12-21T11:10:00+0530
adx : 26.36  aroonosc : 14.29
-----------------------------------------------
11:12:24 : SCANNING : BLUEDART
circuit : 1.05%  2021-12-21T11:10:00+0530
adx : 29.57  aroonosc : -92.86
-----------------------------------------------
11:12:25 : SCANNING : BLUESTARCO
circuit : -1.48%  2021-12-21T11:10:00+0530
adx : 19.59  aroonosc : -42.86
-----------------------------------------------
11:12:25 : SCANNING : BOSCHLTD
circuit : 3.56%  2021-12-21T11:10:00+0530
adx : 56.29  aroonosc : 0.0
-----------------------------------------------
11:12:25 : SCANNING : BPCL
circuit : -0.7%  2021-12-21T11:10:00+0530
adx : 18.29  aroonosc : 71.43
-----------------------------------------------
11:12:26 : SCANNING : BRIGADE
circuit : 3.28%  2021-12-21T11:10:00+0530
adx : 33.7  aroonosc : -14.29
-----------------------------------------------
11:12:26 : SCANNING : BRITANNIA
circuit : 1.58%  2021-12-21T11:10:00+0530
adx : 39.49  aroonosc : 78.57
-----------------------------------------------
11:12:26 : SCANNING : BSE
circuit : -1.17%  2021-12-21T11:10:00+0530
adx : 11.75  aroonosc : -64.29
-----------------------------------------------
11:12:27 : SCANNING : BSOFT
circuit : 1.15%  2021-12-21T11:10:00+0530
adx : 34.16  aroonosc : 85.71
-----------------------------------------------
11:12:27 : SCANNING : BURGERKING
circuit : 0.91%  2021-12-21T11:10:00+0530
adx : 23.97  aroonosc : -71.43
-----------------------------------------------
11:12:27 : SCANNING : CADILAHC
circuit : 1.22%  2021-12-21T11:10:00+0530
adx : 40.82  aroonosc : 64.29
-----------------------------------------------
11:12:28 : SCANNING : CAMS
circuit : -0.26%  2021-12-21T11:10:00+0530
adx : 18.49  aroonosc : -35.71
-----------------------------------------------
11:12:28 : SCANNING : CANBK
circuit : 0.28%  2021-12-21T11:10:00+0530
adx : 22.98  aroonosc : 71.43
-----------------------------------------------
11:12:28 : SCANNING : CANFINHOME
circuit : 0.53%  2021-12-21T11:10:00+0530
adx : 22.11  aroonosc : 21.43
-----------------------------------------------
11:12:29 : SCANNING : CAPLIPOINT
circuit : 0.91%  2021-12-21T11:10:00+0530
adx : 24.98  aroonosc : 78.57
-----------------------------------------------
11:12:29 : SCANNING : CARBORUNIV
circuit : 1.79%  2021-12-21T11:10:00+0530
adx : 12.8  aroonosc : 28.57
-----------------------------------------------
11:12:29 : SCANNING : CASTROLIND
circuit : -0.98%  2021-12-21T11:10:00+0530
adx : 14.3  aroonosc : -7.14
-----------------------------------------------
11:12:30 : SCANNING : CCL
circuit : 1.96%  2021-12-21T11:10:00+0530
adx : 42.07  aroonosc : 57.14
-----------------------------------------------
11:12:31 : SCANNING : CEATLTD
circuit : 1.54%  2021-12-21T11:10:00+0530
adx : 17.51  aroonosc : 100.0
-----------------------------------------------
11:12:31 : SCANNING : CENTRALBK
circuit : 0.95%  2021-12-21T11:10:00+0530
adx : 28.1  aroonosc : -42.86
-----------------------------------------------
11:12:31 : SCANNING : CENTURYPLY
circuit : 1.64%  2021-12-21T11:10:00+0530
adx : 11.91  aroonosc : 92.86
-----------------------------------------------
11:12:32 : SCANNING : CENTURYTEX
circuit : 2.95%  2021-12-21T11:10:00+0530
adx : 26.05  aroonosc : 35.71
-----------------------------------------------
11:12:32 : SCANNING : CERA
circuit : 4.0%  2021-12-21T11:10:00+0530
adx : 34.89  aroonosc : 21.43
-----------------------------------------------
11:12:32 : SCANNING : CESC
circuit : 1.34%  2021-12-21T11:10:00+0530
adx : 36.19  aroonosc : 42.86
-----------------------------------------------
11:12:33 : SCANNING : CGCL
circuit : -0.25%  2021-12-21T11:10:00+0530
adx : 17.26  aroonosc : -64.29
-----------------------------------------------
11:12:33 : SCANNING : CHALET
circuit : 0.16%  2021-12-21T11:10:00+0530
adx : 10.12  aroonosc : 35.71
-----------------------------------------------
11:12:33 : SCANNING : CHAMBLFERT
circuit : -0.42%  2021-12-21T11:10:00+0530
adx : 18.5  aroonosc : -92.86
-----------------------------------------------
11:12:34 : SCANNING : CHOLAFIN
circuit : 2.79%  2021-12-21T11:10:00+0530
adx : 39.67  aroonosc : 100.0
-----------------------------------------------
11:12:34 : SCANNING : CHOLAHLDNG
circuit : 1.22%  2021-12-21T11:10:00+0530
adx : 23.21  aroonosc : 71.43
-----------------------------------------------
11:12:34 : SCANNING : CIPLA
circuit : -0.72%  2021-12-21T11:10:00+0530
adx : 13.74  aroonosc : -71.43
-----------------------------------------------
11:12:35 : SCANNING : COALINDIA
circuit : 1.8%  2021-12-21T11:10:00+0530
adx : 39.66  aroonosc : 64.29
-----------------------------------------------
11:12:35 : SCANNING : COCHINSHIP
circuit : 1.22%  2021-12-21T11:10:00+0530
adx : 13.41  aroonosc : -7.14
-----------------------------------------------
11:12:35 : SCANNING : COFORGE
circuit : 1.96%  2021-12-21T11:10:00+0530
adx : 43.42  aroonosc : -64.29
-----------------------------------------------
11:12:35 : SCANNING : COLPAL
circuit : 1.81%  2021-12-21T11:10:00+0530
adx : 42.84  aroonosc : 64.29
-----------------------------------------------
11:12:36 : SCANNING : CONCOR
circuit : 0.03%  2021-12-21T11:10:00+0530
adx : 16.68  aroonosc : 42.86
-----------------------------------------------
11:12:36 : SCANNING : COROMANDEL
circuit : 0.32%  2021-12-21T11:10:00+0530
adx : 9.33  aroonosc : 85.71
-----------------------------------------------
11:12:36 : SCANNING : CREDITACC
circuit : 1.39%  2021-12-21T11:10:00+0530
adx : 14.04  aroonosc : 7.14
-----------------------------------------------
11:12:37 : SCANNING : CRISIL
circuit : 2.32%  2021-12-21T11:10:00+0530
adx : 34.76  aroonosc : 100.0
-----------------------------------------------
11:12:37 : SCANNING : CROMPTON
circuit : 0.02%  2021-12-21T11:10:00+0530
adx : 16.35  aroonosc : 35.71
-----------------------------------------------
11:12:38 : SCANNING : CSBBANK
circuit : 0.91%  2021-12-21T11:10:00+0530
adx : 15.51  aroonosc : -28.57
-----------------------------------------------
11:12:38 : SCANNING : CUB
circuit : 0.81%  2021-12-21T11:10:00+0530
adx : 26.39  aroonosc : 85.71
-----------------------------------------------
11:12:38 : SCANNING : CUMMINSIND
circuit : 1.05%  2021-12-21T11:10:00+0530
adx : 28.95  aroonosc : -7.14
-----------------------------------------------
11:12:39 : SCANNING : CYIENT
circuit : 0.12%  2021-12-21T11:10:00+0530
adx : 13.58  aroonosc : -85.71
-----------------------------------------------
11:12:39 : SCANNING : DABUR
circuit : 0.97%  2021-12-21T11:10:00+0530
adx : 51.9  aroonosc : 78.57
-----------------------------------------------
11:12:39 : SCANNING : DALBHARAT
circuit : 4.87%  2021-12-21T11:10:00+0530
adx : 55.71  aroonosc : 71.43
-----------------------------------------------
11:12:40 : SCANNING : DBL
circuit : 0.21%  2021-12-21T11:10:00+0530
adx : 48.6  aroonosc : 100.0
-----------------------------------------------
11:12:40 : SCANNING : DCAL
circuit : 2.26%  2021-12-21T11:10:00+0530
adx : 27.94  aroonosc : 35.71
-----------------------------------------------
11:12:40 : SCANNING : DCBBANK
circuit : 2.36%  2021-12-21T11:10:00+0530
adx : 36.62  aroonosc : 42.86
-----------------------------------------------
11:12:41 : SCANNING : DCMSHRIRAM
circuit : 1.73%  2021-12-21T11:10:00+0530
adx : 16.9  aroonosc : 100.0
-----------------------------------------------
11:12:41 : SCANNING : DEEPAKNTR
circuit : 3.22%  2021-12-21T11:10:00+0530
adx : 43.13  aroonosc : 100.0
-----------------------------------------------
11:12:41 : SCANNING : DELTACORP
circuit : 0.82%  2021-12-21T11:10:00+0530
adx : 26.88  aroonosc : 42.86
-----------------------------------------------
11:12:42 : SCANNING : DHANI
circuit : 3.27%  2021-12-21T11:10:00+0530
adx : 31.78  aroonosc : 50.0
-----------------------------------------------
11:12:42 : SCANNING : DHANUKA
circuit : -0.28%  2021-12-21T11:10:00+0530
adx : 11.81  aroonosc : 57.14
-----------------------------------------------
11:12:42 : SCANNING : DISHTV
circuit : 2.99%  2021-12-21T11:10:00+0530
adx : 35.47  aroonosc : 50.0
-----------------------------------------------
11:12:43 : SCANNING : DIVISLAB
circuit : -0.64%  2021-12-21T11:10:00+0530
adx : 21.41  aroonosc : 57.14
-----------------------------------------------
11:12:43 : SCANNING : DIXON
circuit : 2.1%  2021-12-21T11:10:00+0530
adx : 43.5  aroonosc : 71.43
-----------------------------------------------
11:12:43 : SCANNING : DLF
circuit : 1.34%  2021-12-21T11:10:00+0530
adx : 44.96  aroonosc : 85.71
-----------------------------------------------
11:12:44 : SCANNING : DMART
circuit : 0.47%  2021-12-21T11:10:00+0530
adx : 10.77  aroonosc : 21.43
-----------------------------------------------
11:12:44 : SCANNING : DRREDDY
circuit : 1.04%  2021-12-21T11:10:00+0530
adx : 32.1  aroonosc : 78.57
-----------------------------------------------
11:12:44 : SCANNING : ECLERX
circuit : 0.81%  2021-12-21T11:10:00+0530
adx : 15.25  aroonosc : -85.71
-----------------------------------------------
11:12:44 : SCANNING : EDELWEISS
circuit : 0.15%  2021-12-21T11:10:00+0530
adx : 11.9  aroonosc : 28.57
-----------------------------------------------
11:12:45 : SCANNING : EICHERMOT
circuit : 0.06%  2021-12-21T11:10:00+0530
adx : 34.85  aroonosc : 50.0
-----------------------------------------------
11:12:45 : SCANNING : EIDPARRY
circuit : 1.54%  2021-12-21T11:10:00+0530
adx : 23.63  aroonosc : 35.71
-----------------------------------------------
11:12:46 : SCANNING : EIHOTEL
circuit : 1.38%  2021-12-21T11:10:00+0530
adx : 9.06  aroonosc : -14.29
-----------------------------------------------
11:12:46 : SCANNING : ELGIEQUIP
-----------------------------------------------
11:12:46 : SCANNING : EMAMILTD
circuit : -0.82%  2021-12-21T11:10:00+0530
adx : 24.96  aroonosc : 35.71
-----------------------------------------------
11:12:46 : SCANNING : ENDURANCE
circuit : 0.08%  2021-12-21T11:10:00+0530
adx : 17.75  aroonosc : 42.86
-----------------------------------------------
11:12:47 : SCANNING : ENGINERSIN
circuit : 0.22%  2021-12-21T11:10:00+0530
adx : 12.66  aroonosc : 85.71
-----------------------------------------------
11:12:47 : SCANNING : EPL
circuit : 1.66%  2021-12-21T11:10:00+0530
adx : 42.32  aroonosc : 100.0
-----------------------------------------------
11:12:48 : SCANNING : EQUITAS
circuit : -1.31%  2021-12-21T11:10:00+0530
adx : 22.09  aroonosc : -42.86
-----------------------------------------------
11:12:48 : SCANNING : ERIS
circuit : 0.26%  2021-12-21T11:10:00+0530
adx : 18.4  aroonosc : 85.71
-----------------------------------------------
11:12:48 : SCANNING : ESCORTS
circuit : 0.4%  2021-12-21T11:10:00+0530
adx : 18.31  aroonosc : -50.0
-----------------------------------------------
11:12:49 : SCANNING : EXIDEIND
circuit : 0.25%  2021-12-21T11:10:00+0530
adx : 35.69  aroonosc : -92.86
-----------------------------------------------
11:12:49 : SCANNING : FCONSUMER
circuit : -8.88%  2021-12-21T11:10:00+0530
adx : 32.39  aroonosc : -71.43
-----------------------------------------------
11:12:49 : SCANNING : FDC
circuit : 0.4%  2021-12-21T11:10:00+0530
adx : 13.67  aroonosc : 14.29
-----------------------------------------------
11:12:50 : SCANNING : FEDERALBNK
circuit : -0.43%  2021-12-21T11:10:00+0530
adx : 23.37  aroonosc : 100.0
-----------------------------------------------
11:12:50 : SCANNING : FINCABLES
circuit : 1.54%  2021-12-21T11:10:00+0530
adx : 16.42  aroonosc : 50.0
-----------------------------------------------
11:12:50 : SCANNING : FINEORG
circuit : 2.27%  2021-12-21T11:10:00+0530
adx : 27.81  aroonosc : 78.57
-----------------------------------------------
11:12:51 : SCANNING : FINPIPE
circuit : 3.64%  2021-12-21T11:10:00+0530
adx : 39.96  aroonosc : 92.86
-----------------------------------------------
11:12:51 : SCANNING : FLUOROCHEM
circuit : 3.52%  2021-12-21T11:10:00+0530
adx : 27.51  aroonosc : -21.43
-----------------------------------------------
11:12:52 : SCANNING : FORTIS
circuit : 3.85%  2021-12-21T11:10:00+0530
adx : 41.47  aroonosc : 50.0
-----------------------------------------------
11:12:52 : SCANNING : FRETAIL
circuit : -9.92%  2021-12-21T11:10:00+0530
adx : 24.83  aroonosc : -35.71
-----------------------------------------------
11:12:52 : SCANNING : FSL
circuit : 0.87%  2021-12-21T11:10:00+0530
adx : 15.83  aroonosc : -35.71
-----------------------------------------------
11:12:53 : SCANNING : GAEL
circuit : 1.64%  2021-12-21T11:10:00+0530
adx : 18.45  aroonosc : 28.57
-----------------------------------------------
11:12:53 : SCANNING : GAIL
circuit : 0.91%  2021-12-21T11:10:00+0530
adx : 30.95  aroonosc : 35.71
-----------------------------------------------
11:12:54 : SCANNING : GALAXYSURF
circuit : 0.65%  2021-12-21T11:10:00+0530
adx : 29.69  aroonosc : 35.71
-----------------------------------------------
11:12:54 : SCANNING : GARFIBRES
circuit : -0.09%  2021-12-21T11:10:00+0530
adx : 24.2  aroonosc : 28.57
-----------------------------------------------
11:12:54 : SCANNING : GEPIL
circuit : 2.05%  2021-12-21T11:10:00+0530
adx : 11.32  aroonosc : -21.43
-----------------------------------------------
11:12:55 : SCANNING : GESHIP
circuit : 2.21%  2021-12-21T11:10:00+0530
adx : 29.48  aroonosc : 35.71
-----------------------------------------------
11:12:55 : SCANNING : GICRE
circuit : 0.97%  2021-12-21T11:10:00+0530
adx : 11.73  aroonosc : -14.29
-----------------------------------------------
11:12:56 : SCANNING : GILLETTE
circuit : 1.08%  2021-12-21T11:10:00+0530
adx : 25.04  aroonosc : 78.57
-----------------------------------------------
11:12:56 : SCANNING : GLAND
circuit : 1.24%  2021-12-21T11:10:00+0530
adx : 14.38  aroonosc : 71.43
-----------------------------------------------
11:12:56 : SCANNING : GLAXO
circuit : 2.36%  2021-12-21T11:10:00+0530
adx : 46.61  aroonosc : 100.0
-----------------------------------------------
11:12:57 : SCANNING : GLENMARK
circuit : -0.34%  2021-12-21T11:10:00+0530
adx : 14.75  aroonosc : 21.43
-----------------------------------------------
11:12:57 : SCANNING : GMMPFAUDLR
circuit : 2.94%  2021-12-21T11:10:00+0530
adx : 55.95  aroonosc : 100.0
-----------------------------------------------
11:12:57 : SCANNING : GMRINFRA
circuit : 1.25%  2021-12-21T11:10:00+0530
adx : 29.79  aroonosc : 42.86
-----------------------------------------------
11:12:58 : SCANNING : GNFC
circuit : 1.28%  2021-12-21T11:10:00+0530
adx : 26.98  aroonosc : 14.29
-----------------------------------------------
11:12:58 : SCANNING : GODFRYPHLP
circuit : 0.17%  2021-12-21T11:10:00+0530
adx : 10.24  aroonosc : -71.43
-----------------------------------------------
11:12:58 : SCANNING : GODREJAGRO
circuit : -0.85%  2021-12-21T11:10:00+0530
adx : 22.91  aroonosc : -57.14
-----------------------------------------------
11:12:59 : SCANNING : GODREJCP
circuit : 5.08%  2021-12-21T11:10:00+0530
adx : 56.36  aroonosc : 92.86
-----------------------------------------------
11:12:59 : SCANNING : GODREJIND
circuit : 2.52%  2021-12-21T11:10:00+0530
adx : 43.84  aroonosc : -85.71
-----------------------------------------------
11:13:00 : SCANNING : GODREJPROP
circuit : 0.97%  2021-12-21T11:10:00+0530
adx : 17.29  aroonosc : -85.71
-----------------------------------------------
11:13:00 : SCANNING : GPPL
circuit : -0.16%  2021-12-21T11:10:00+0530
adx : 30.02  aroonosc : -50.0
-----------------------------------------------
11:13:00 : SCANNING : GRANULES
circuit : -0.42%  2021-12-21T11:10:00+0530
adx : 9.21  aroonosc : 92.86
-----------------------------------------------
11:13:01 : SCANNING : GRAPHITE
circuit : 0.09%  2021-12-21T11:10:00+0530
adx : 27.04  aroonosc : 7.14
-----------------------------------------------
11:13:01 : SCANNING : GRASIM
circuit : 1.97%  2021-12-21T11:10:00+0530
adx : 53.08  aroonosc : -78.57
-----------------------------------------------
11:13:02 : SCANNING : GREAVESCOT
circuit : 1.22%  2021-12-21T11:10:00+0530
adx : 29.19  aroonosc : -50.0
-----------------------------------------------
11:13:02 : SCANNING : GRINDWELL
circuit : 0.2%  2021-12-21T11:10:00+0530
adx : 39.35  aroonosc : -7.14
-----------------------------------------------
11:13:02 : SCANNING : GRSE
circuit : 2.75%  2021-12-21T11:10:00+0530
adx : 21.45  aroonosc : 28.57
-----------------------------------------------
11:13:03 : SCANNING : GSFC
circuit : 0.95%  2021-12-21T11:10:00+0530
adx : 12.35  aroonosc : 28.57
-----------------------------------------------
11:13:03 : SCANNING : GSPL
circuit : 0.91%  2021-12-21T11:10:00+0530
adx : 20.77  aroonosc : 21.43
-----------------------------------------------
11:13:03 : SCANNING : GUJALKALI
circuit : -0.1%  2021-12-21T11:10:00+0530
adx : 27.19  aroonosc : -64.29
-----------------------------------------------
11:13:04 : SCANNING : GUJGASLTD
circuit : 1.85%  2021-12-21T11:10:00+0530
adx : 55.64  aroonosc : 100.0
-----------------------------------------------
11:13:04 : SCANNING : GULFOILLUB
circuit : 0.05%  2021-12-21T11:10:00+0530
adx : 22.69  aroonosc : -7.14
-----------------------------------------------
11:13:04 : SCANNING : HAL
-----------------------------------------------
11:13:05 : SCANNING : HATSUN
circuit : -1.83%  2021-12-21T11:10:00+0530
adx : 14.62  aroonosc : 0.0
-----------------------------------------------
11:13:05 : SCANNING : HAVELLS
circuit : 3.16%  2021-12-21T11:10:00+0530
adx : 35.42  aroonosc : 21.43
-----------------------------------------------
11:13:05 : SCANNING : HCLTECH
circuit : 3.08%  2021-12-21T11:10:00+0530
adx : 59.43  aroonosc : 14.29
-----------------------------------------------
11:13:06 : SCANNING : HDFC
circuit : -0.39%  2021-12-21T11:10:00+0530
adx : 50.97  aroonosc : 78.57
-----------------------------------------------
11:13:06 : SCANNING : HDFCAMC
circuit : 0.84%  2021-12-21T11:10:00+0530
adx : 32.62  aroonosc : 78.57
-----------------------------------------------
11:13:07 : SCANNING : HDFCBANK
circuit : 0.3%  2021-12-21T11:10:00+0530
adx : 21.65  aroonosc : 64.29
-----------------------------------------------
11:13:07 : SCANNING : HDFCLIFE
circuit : 0.37%  2021-12-21T11:10:00+0530
adx : 36.1  aroonosc : 71.43
-----------------------------------------------
11:13:07 : SCANNING : HEG
circuit : -0.77%  2021-12-21T11:10:00+0530
adx : 12.7  aroonosc : 50.0
-----------------------------------------------
11:13:07 : SCANNING : HEIDELBERG
circuit : 0.23%  2021-12-21T11:10:00+0530
adx : 19.01  aroonosc : -28.57
-----------------------------------------------
11:13:08 : SCANNING : HEMIPROP
circuit : 1.4%  2021-12-21T11:10:00+0530
adx : 20.95  aroonosc : -21.43
-----------------------------------------------
11:13:08 : SCANNING : HEROMOTOCO
circuit : -1.57%  2021-12-21T11:10:00+0530
adx : 30.93  aroonosc : -92.86
-----------------------------------------------
11:13:09 : SCANNING : HINDALCO
circuit : 2.11%  2021-12-21T11:10:00+0530
adx : 58.63  aroonosc : 64.29
rpt : 1190.0
{'candle': 'green', 'type': 'BUY', 'instrument': 'HINDALCO', 'price': 447.0, 'qty': 1331, 'target': 447.4, 'stoploss': 446.65, 'volume': 22322, 'adx': 58.6266497850611, 'aroonosc': 64.28571428571429, 'atr': 1.2583248466918284, 'open': 446.9, 'high': 447.4, 'low': 446.65, 'close': 447.25, 'product': 'MIS', 'time': '2021-12-21T11:10:00+0530'}
11:13:09 : Time Gap : 189
11:13:09 : Validation : Success
{'variety': 'regular', 'exchange': 'NSE', 'tradingsymbol': 'HINDALCO', 'transaction_type': 'BUY', 'order_type': 'MARKET', 'quantity': 1331, 'price': 0, 'product': 'MIS', 'validity': 'DAY', 'disclosed_quantity': 0, 'trigger_price': 0, 'squareoff': 0, 'stoploss': 0, 'trailing_stoploss': 0, 'user_id': 'VM7727'}
11:13:09 : TRADE LOCK
-----------------------------------------------
11:13:10 : SCANNING : HINDCOPPER
circuit : 1.01%  2021-12-21T11:10:00+0530
adx : 33.85  aroonosc : 14.29
-----------------------------------------------
11:13:11 : SCANNING : HINDPETRO
circuit : 1.05%  2021-12-21T11:10:00+0530
adx : 21.61  aroonosc : 71.43
-----------------------------------------------
11:13:11 : SCANNING : HINDUNILVR
circuit : 0.39%  2021-12-21T11:10:00+0530
adx : 35.64  aroonosc : 78.57
-----------------------------------------------
11:13:11 : SCANNING : HINDZINC
circuit : 1.87%  2021-12-21T11:10:00+0530
adx : 28.42  aroonosc : 64.29
-----------------------------------------------
11:13:12 : SCANNING : HONAUT
circuit : -0.32%  2021-12-21T11:10:00+0530
adx : 13.82  aroonosc : -28.57
-----------------------------------------------
11:13:12 : SCANNING : HSCL
circuit : 1.41%  2021-12-21T11:10:00+0530
adx : 44.66  aroonosc : 28.57
-----------------------------------------------
11:13:12 : SCANNING : HUDCO
circuit : 0.52%  2021-12-21T11:10:00+0530
adx : 18.18  aroonosc : -85.71
-----------------------------------------------
11:13:13 : SCANNING : HUHTAMAKI
circuit : 1.32%  2021-12-21T11:10:00+0530
adx : 12.49  aroonosc : 57.14
-----------------------------------------------
11:13:13 : SCANNING : IBREALEST
circuit : 3.84%  2021-12-21T11:10:00+0530
adx : 45.67  aroonosc : 100.0
-----------------------------------------------
11:13:13 : SCANNING : IBULHSGFIN
circuit : 0.72%  2021-12-21T11:10:00+0530
adx : 23.49  aroonosc : -50.0
-----------------------------------------------
11:13:14 : SCANNING : ICICIBANK
circuit : 0.69%  2021-12-21T11:10:00+0530
adx : 47.25  aroonosc : 71.43
-----------------------------------------------
11:13:14 : SCANNING : ICICIGI
circuit : 2.07%  2021-12-21T11:10:00+0530
adx : 43.73  aroonosc : 100.0
-----------------------------------------------
11:13:14 : SCANNING : ICICIPRULI
circuit : 2.4%  2021-12-21T11:10:00+0530
adx : 49.4  aroonosc : 42.86
-----------------------------------------------
11:13:15 : SCANNING : ICIL
circuit : -1.3%  2021-12-21T11:10:00+0530
adx : 16.76  aroonosc : 35.71
-----------------------------------------------
11:13:15 : SCANNING : IDBI
circuit : 2.74%  2021-12-21T11:10:00+0530
adx : 48.8  aroonosc : 0.0
-----------------------------------------------
11:13:15 : SCANNING : IDEA
circuit : 3.97%  2021-12-21T11:10:00+0530
adx : 45.44  aroonosc : 28.57
-----------------------------------------------
11:13:16 : SCANNING : IDFC
circuit : 2.0%  2021-12-21T11:10:00+0530
adx : 43.56  aroonosc : 100.0
-----------------------------------------------
11:13:16 : SCANNING : IDFCFIRSTB
circuit : 0.54%  2021-12-21T11:10:00+0530
adx : 9.63  aroonosc : 35.71
-----------------------------------------------
11:13:16 : SCANNING : IEX
circuit : 1.63%  2021-12-21T11:10:00+0530
adx : 34.94  aroonosc : -35.71
-----------------------------------------------
11:13:16 : SCANNING : IFBIND
circuit : 0.32%  2021-12-21T11:10:00+0530
adx : 22.59  aroonosc : -64.29
-----------------------------------------------
11:13:17 : SCANNING : IGL
circuit : 0.99%  2021-12-21T11:10:00+0530
adx : 38.16  aroonosc : 64.29
-----------------------------------------------
11:13:17 : SCANNING : IIFL
circuit : 0.2%  2021-12-21T11:10:00+0530
adx : 19.03  aroonosc : -14.29
-----------------------------------------------
11:13:17 : SCANNING : IIFLWAM
circuit : -2.38%  2021-12-21T11:10:00+0530
adx : 31.78  aroonosc : -92.86
-----------------------------------------------
11:13:18 : SCANNING : INDHOTEL
circuit : -0.49%  2021-12-21T11:10:00+0530
adx : 9.9  aroonosc : 50.0
-----------------------------------------------
11:13:18 : SCANNING : INDIACEM
circuit : 1.47%  2021-12-21T11:10:00+0530
adx : 34.4  aroonosc : 100.0
-----------------------------------------------
11:13:18 : SCANNING : INDIAMART
circuit : -0.03%  2021-12-21T11:10:00+0530
adx : 10.84  aroonosc : -57.14
-----------------------------------------------
11:13:19 : SCANNING : INDIANB
circuit : 1.14%  2021-12-21T11:10:00+0530
adx : 30.7  aroonosc : 85.71
-----------------------------------------------
11:13:19 : SCANNING : INDIGO
circuit : 0.76%  2021-12-21T11:10:00+0530
adx : 25.38  aroonosc : 64.29
-----------------------------------------------
11:13:20 : SCANNING : INDOCO
circuit : 1.49%  2021-12-21T11:10:00+0530
adx : 28.77  aroonosc : 92.86
-----------------------------------------------
11:13:20 : SCANNING : INDUSINDBK
circuit : 0.61%  2021-12-21T11:10:00+0530
adx : 28.97  aroonosc : 92.86
-----------------------------------------------
11:13:20 : SCANNING : INDUSTOWER
circuit : 4.29%  2021-12-21T11:10:00+0530
adx : 43.72  aroonosc : 92.86
-----------------------------------------------
11:13:21 : SCANNING : INFIBEAM
circuit : 1.54%  2021-12-21T11:10:00+0530
adx : 33.51  aroonosc : -14.29
-----------------------------------------------
11:13:21 : SCANNING : INFY
circuit : 1.62%  2021-12-21T11:10:00+0530
adx : 38.02  aroonosc : 78.57
-----------------------------------------------
11:13:21 : SCANNING : INGERRAND
circuit : 0.96%  2021-12-21T11:10:00+0530
adx : 15.16  aroonosc : -35.71
-----------------------------------------------
11:13:22 : SCANNING : INOXLEISUR
circuit : 3.46%  2021-12-21T11:10:00+0530
adx : 51.07  aroonosc : 35.71
-----------------------------------------------
11:13:22 : SCANNING : INTELLECT
-----------------------------------------------
11:13:22 : SCANNING : IOB
circuit : 0.99%  2021-12-21T11:10:00+0530
adx : 31.59  aroonosc : -57.14
-----------------------------------------------
11:13:23 : SCANNING : IOC
circuit : 0.09%  2021-12-21T11:10:00+0530
adx : 10.13  aroonosc : 28.57
-----------------------------------------------
11:13:23 : SCANNING : IOLCP
circuit : -0.85%  2021-12-21T11:10:00+0530
adx : 45.02  aroonosc : -14.29
-----------------------------------------------
11:13:23 : SCANNING : IPCALAB
circuit : 0.45%  2021-12-21T11:10:00+0530
adx : 12.09  aroonosc : 28.57
-----------------------------------------------
11:13:24 : SCANNING : IRB
circuit : -1.5%  2021-12-21T11:10:00+0530
adx : 15.48  aroonosc : -21.43
-----------------------------------------------
11:13:24 : SCANNING : IRCON
circuit : 0.22%  2021-12-21T11:10:00+0530
adx : 26.69  aroonosc : 92.86
-----------------------------------------------
11:13:25 : SCANNING : IRCTC
circuit : 0.93%  2021-12-21T11:10:00+0530
adx : 34.61  aroonosc : 85.71
-----------------------------------------------
11:13:25 : SCANNING : ISEC
circuit : 0.89%  2021-12-21T11:10:00+0530
adx : 18.43  aroonosc : -50.0
-----------------------------------------------
11:13:25 : SCANNING : ITC
circuit : -0.02%  2021-12-21T11:10:00+0530
adx : 22.09  aroonosc : 85.71
-----------------------------------------------
11:13:26 : SCANNING : ITI
circuit : 1.56%  2021-12-21T11:10:00+0530
adx : 28.0  aroonosc : 7.14
-----------------------------------------------
11:13:26 : SCANNING : J&KBANK
circuit : 2.02%  2021-12-21T11:10:00+0530
adx : 26.96  aroonosc : 35.71
-----------------------------------------------
11:13:26 : SCANNING : JAMNAAUTO
circuit : 2.66%  2021-12-21T11:10:00+0530
adx : 26.12  aroonosc : 7.14
-----------------------------------------------
11:13:27 : SCANNING : JBCHEPHARM
circuit : -0.51%  2021-12-21T11:10:00+0530
adx : 32.88  aroonosc : 28.57
-----------------------------------------------
11:13:27 : SCANNING : JCHAC
circuit : 2.34%  2021-12-21T11:10:00+0530
adx : 41.06  aroonosc : 78.57
-----------------------------------------------
11:13:27 : SCANNING : JINDALSAW
circuit : 2.05%  2021-12-21T11:10:00+0530
adx : 19.04  aroonosc : -21.43
-----------------------------------------------
11:13:28 : SCANNING : JINDALSTEL
circuit : 2.35%  2021-12-21T11:10:00+0530
adx : 48.35  aroonosc : 0.0
-----------------------------------------------
11:13:28 : SCANNING : JKCEMENT
circuit : 3.43%  2021-12-21T11:10:00+0530
adx : 34.16  aroonosc : 100.0
-----------------------------------------------
11:13:28 : SCANNING : JKLAKSHMI
circuit : 0.33%  2021-12-21T11:10:00+0530
adx : 15.81  aroonosc : -85.71
-----------------------------------------------
11:13:29 : SCANNING : JKPAPER
circuit : 1.25%  2021-12-21T11:10:00+0530
adx : 23.76  aroonosc : -21.43
-----------------------------------------------
11:13:29 : SCANNING : JKTYRE
circuit : 2.27%  2021-12-21T11:10:00+0530
adx : 33.6  aroonosc : -50.0
-----------------------------------------------
11:13:29 : SCANNING : JMFINANCIL
circuit : -0.82%  2021-12-21T11:10:00+0530
adx : 17.04  aroonosc : -35.71
-----------------------------------------------
11:13:30 : SCANNING : JSL
circuit : 3.19%  2021-12-21T11:10:00+0530
adx : 24.62  aroonosc : -78.57
-----------------------------------------------
11:13:30 : SCANNING : JSLHISAR
circuit : 3.55%  2021-12-21T11:10:00+0530
adx : 26.43  aroonosc : 92.86
-----------------------------------------------
11:13:30 : SCANNING : JSWSTEEL
circuit : 2.45%  2021-12-21T11:10:00+0530
adx : 64.93  aroonosc : 42.86
-----------------------------------------------
11:13:31 : SCANNING : JTEKTINDIA
circuit : 1.87%  2021-12-21T11:10:00+0530
adx : 14.78  aroonosc : 100.0
-----------------------------------------------
11:13:31 : SCANNING : JUBLFOOD
circuit : 0.09%  2021-12-21T11:10:00+0530
adx : 18.72  aroonosc : 21.43
-----------------------------------------------
11:13:32 : SCANNING : JUSTDIAL
circuit : 2.67%  2021-12-21T11:10:00+0530
adx : 37.11  aroonosc : -50.0
-----------------------------------------------
11:13:32 : SCANNING : JYOTHYLAB
circuit : 0.64%  2021-12-21T11:10:00+0530
adx : 21.53  aroonosc : -21.43
-----------------------------------------------
11:13:32 : SCANNING : KAJARIACER
circuit : 1.5%  2021-12-21T11:10:00+0530
adx : 17.05  aroonosc : 0.0
-----------------------------------------------
11:13:33 : SCANNING : KALPATPOWR
circuit : 1.36%  2021-12-21T11:10:00+0530
adx : 14.9  aroonosc : 42.86
-----------------------------------------------
11:13:33 : SCANNING : KANSAINER
circuit : 0.69%  2021-12-21T11:10:00+0530
adx : 32.91  aroonosc : 14.29
-----------------------------------------------
11:13:34 : SCANNING : KARURVYSYA
circuit : -0.22%  2021-12-21T11:10:00+0530
adx : 25.17  aroonosc : 0.0
-----------------------------------------------
11:13:34 : SCANNING : KEC
circuit : 0.55%  2021-12-21T11:10:00+0530
adx : 12.0  aroonosc : -35.71
-----------------------------------------------
11:13:35 : SCANNING : KEI
circuit : -0.56%  2021-12-21T11:10:00+0530
adx : 8.61  aroonosc : -21.43
-----------------------------------------------
11:13:35 : SCANNING : KNRCON
circuit : 0.25%  2021-12-21T11:10:00+0530
adx : 6.76  aroonosc : -35.71
-----------------------------------------------
11:13:35 : SCANNING : KOTAKBANK
circuit : -0.36%  2021-12-21T11:10:00+0530
adx : 23.37  aroonosc : 64.29
-----------------------------------------------
11:13:36 : SCANNING : KPITTECH
circuit : 2.86%  2021-12-21T11:10:00+0530
adx : 28.89  aroonosc : -78.57
-----------------------------------------------
11:13:36 : SCANNING : KPRMILL
circuit : 2.2%  2021-12-21T11:10:00+0530
adx : 15.95  aroonosc : -78.57
-----------------------------------------------
11:13:36 : SCANNING : KRBL
circuit : 2.55%  2021-12-21T11:10:00+0530
adx : 20.79  aroonosc : 78.57
-----------------------------------------------
11:13:37 : SCANNING : KSB
circuit : 1.79%  2021-12-21T11:10:00+0530
adx : 12.76  aroonosc : 92.86
-----------------------------------------------
11:13:37 : SCANNING : KSCL
circuit : -0.77%  2021-12-21T11:10:00+0530
adx : 22.55  aroonosc : 14.29
-----------------------------------------------
11:13:37 : SCANNING : L&TFH
circuit : 3.59%  2021-12-21T11:10:00+0530
adx : 58.03  aroonosc : 100.0
-----------------------------------------------
11:13:38 : SCANNING : LALPATHLAB
circuit : -0.16%  2021-12-21T11:10:00+0530
adx : 16.05  aroonosc : -7.14
-----------------------------------------------
11:13:38 : SCANNING : LAOPALA
circuit : 4.63%  2021-12-21T11:10:00+0530
adx : 41.7  aroonosc : 35.71
-----------------------------------------------
11:13:38 : SCANNING : LAURUSLABS
circuit : 1.25%  2021-12-21T11:10:00+0530
adx : 14.24  aroonosc : 50.0
-----------------------------------------------
11:13:39 : SCANNING : LAXMIMACH
circuit : 3.17%  2021-12-21T11:10:00+0530
adx : 22.31  aroonosc : -85.71
-----------------------------------------------
11:13:39 : SCANNING : LEMONTREE
circuit : 4.36%  2021-12-21T11:10:00+0530
adx : 36.27  aroonosc : 21.43
-----------------------------------------------
11:13:39 : SCANNING : LICHSGFIN
circuit : 1.08%  2021-12-21T11:10:00+0530
adx : 41.34  aroonosc : 92.86
-----------------------------------------------
11:13:40 : SCANNING : LINDEINDIA
circuit : 0.99%  2021-12-21T11:10:00+0530
adx : 13.3  aroonosc : 57.14
-----------------------------------------------
11:13:40 : SCANNING : LT
circuit : 0.87%  2021-12-21T11:10:00+0530
adx : 31.27  aroonosc : 35.71
-----------------------------------------------
11:13:40 : SCANNING : LTI
circuit : 2.68%  2021-12-21T11:10:00+0530
adx : 27.98  aroonosc : 57.14
-----------------------------------------------
11:13:41 : SCANNING : LTTS
circuit : 1.78%  2021-12-21T11:10:00+0530
adx : 27.21  aroonosc : 92.86
-----------------------------------------------
11:13:41 : SCANNING : LUPIN
circuit : 0.17%  2021-12-21T11:10:00+0530
adx : 28.83  aroonosc : 35.71
-----------------------------------------------
11:13:41 : SCANNING : LUXIND
circuit : 1.01%  2021-12-21T11:10:00+0530
adx : 35.05  aroonosc : 21.43
-----------------------------------------------
11:13:42 : SCANNING : M&M
circuit : -0.22%  2021-12-21T11:10:00+0530
adx : 29.12  aroonosc : 64.29
-----------------------------------------------
11:13:42 : SCANNING : M&MFIN
circuit : 1.03%  2021-12-21T11:10:00+0530
adx : 24.64  aroonosc : 92.86
-----------------------------------------------
11:13:42 : SCANNING : MAHABANK
circuit : 0.26%  2021-12-21T11:10:00+0530
adx : 16.26  aroonosc : -35.71
-----------------------------------------------
11:13:43 : SCANNING : MAHINDCIE
circuit : 0.9%  2021-12-21T11:10:00+0530
adx : 16.79  aroonosc : -7.14
-----------------------------------------------
11:13:43 : SCANNING : MAHLOG
circuit : -1.47%  2021-12-21T11:10:00+0530
adx : 10.81  aroonosc : -92.86
-----------------------------------------------
11:13:44 : SCANNING : MAHSCOOTER
circuit : 3.23%  2021-12-21T11:10:00+0530
adx : 33.87  aroonosc : 85.71
-----------------------------------------------
11:13:44 : SCANNING : MAHSEAMLES
circuit : 1.39%  2021-12-21T11:10:00+0530
adx : 35.86  aroonosc : -85.71
-----------------------------------------------
11:13:44 : SCANNING : MANAPPURAM
circuit : -0.5%  2021-12-21T11:10:00+0530
adx : 33.01  aroonosc : 92.86
-----------------------------------------------
11:13:45 : SCANNING : MARICO
circuit : 0.77%  2021-12-21T11:10:00+0530
adx : 34.05  aroonosc : 78.57
-----------------------------------------------
11:13:45 : SCANNING : MARUTI
circuit : 0.38%  2021-12-21T11:10:00+0530
adx : 30.87  aroonosc : 50.0
-----------------------------------------------
11:13:45 : SCANNING : MASFIN
circuit : 3.19%  2021-12-21T11:10:00+0530
adx : 21.49  aroonosc : 100.0
-----------------------------------------------
11:13:45 : SCANNING : MAXHEALTH
circuit : 1.9%  2021-12-21T11:10:00+0530
adx : 27.85  aroonosc : -50.0
-----------------------------------------------
11:13:46 : SCANNING : MAZDOCK
circuit : 0.36%  2021-12-21T11:10:00+0530
adx : 21.93  aroonosc : -35.71
-----------------------------------------------
11:13:46 : SCANNING : MCDOWELL-N
circuit : 2.17%  2021-12-21T11:10:00+0530
adx : 46.22  aroonosc : 85.71
-----------------------------------------------
11:13:47 : SCANNING : MCX
circuit : 1.21%  2021-12-21T11:10:00+0530
adx : 36.63  aroonosc : 35.71
-----------------------------------------------
11:13:47 : SCANNING : METROPOLIS
circuit : 2.94%  2021-12-21T11:10:00+0530
adx : 44.69  aroonosc : 50.0
-----------------------------------------------
11:13:47 : SCANNING : MFSL
circuit : 4.18%  2021-12-21T11:10:00+0530
adx : 25.79  aroonosc : 92.86
-----------------------------------------------
11:13:48 : SCANNING : MGL
circuit : 0.42%  2021-12-21T11:10:00+0530
adx : 31.12  aroonosc : 57.14
-----------------------------------------------
11:13:48 : SCANNING : MHRIL
circuit : -0.82%  2021-12-21T11:10:00+0530
adx : 12.99  aroonosc : -50.0
-----------------------------------------------
11:13:48 : SCANNING : MIDHANI
circuit : 0.75%  2021-12-21T11:10:00+0530
adx : 14.63  aroonosc : -50.0
-----------------------------------------------
11:13:49 : SCANNING : MINDACORP
circuit : 3.91%  2021-12-21T11:10:00+0530
adx : 40.69  aroonosc : 85.71
-----------------------------------------------
11:13:49 : SCANNING : MINDAIND
circuit : 1.22%  2021-12-21T11:10:00+0530
adx : 37.83  aroonosc : 71.43
-----------------------------------------------
11:13:50 : SCANNING : MINDTREE
circuit : 1.65%  2021-12-21T11:10:00+0530
adx : 43.52  aroonosc : 57.14
-----------------------------------------------
11:13:50 : SCANNING : MMTC
circuit : 1.97%  2021-12-21T11:10:00+0530
adx : 42.27  aroonosc : 57.14
-----------------------------------------------
11:13:50 : SCANNING : MOIL
circuit : 1.9%  2021-12-21T11:10:00+0530
adx : 42.1  aroonosc : 64.29
-----------------------------------------------
11:13:51 : SCANNING : MOTILALOFS
circuit : 0.23%  2021-12-21T11:10:00+0530
adx : 18.96  aroonosc : -50.0
-----------------------------------------------
11:13:51 : SCANNING : MPHASIS
circuit : 0.47%  2021-12-21T11:10:00+0530
adx : 22.26  aroonosc : 28.57
-----------------------------------------------
11:13:51 : SCANNING : MRF
circuit : 0.24%  2021-12-21T11:10:00+0530
adx : 15.69  aroonosc : -50.0
-----------------------------------------------
11:13:52 : SCANNING : MRPL
circuit : -0.35%  2021-12-21T11:10:00+0530
adx : 25.22  aroonosc : -28.57
-----------------------------------------------
11:13:52 : SCANNING : MUTHOOTFIN
circuit : 0.46%  2021-12-21T11:10:00+0530
adx : 16.2  aroonosc : 85.71
-----------------------------------------------
11:13:52 : SCANNING : NAM-INDIA
circuit : 1.64%  2021-12-21T11:10:00+0530
adx : 22.75  aroonosc : 42.86
-----------------------------------------------
11:13:53 : SCANNING : NATCOPHARM
circuit : 2.7%  2021-12-21T11:10:00+0530
adx : 14.43  aroonosc : -85.71
-----------------------------------------------
11:13:53 : SCANNING : NATIONALUM
circuit : 2.95%  2021-12-21T11:10:00+0530
adx : 52.46  aroonosc : -42.86
-----------------------------------------------
11:13:53 : SCANNING : NAUKRI
circuit : 0.28%  2021-12-21T11:10:00+0530
adx : 20.92  aroonosc : 21.43
-----------------------------------------------
11:13:54 : SCANNING : NAVINFLUOR
circuit : 3.16%  2021-12-21T11:10:00+0530
adx : 51.69  aroonosc : 50.0
-----------------------------------------------
11:13:54 : SCANNING : NBCC
circuit : 0.6%  2021-12-21T11:10:00+0530
adx : 29.74  aroonosc : 100.0
-----------------------------------------------
11:13:54 : SCANNING : NCC
circuit : 0.95%  2021-12-21T11:10:00+0530
adx : 37.74  aroonosc : 100.0
-----------------------------------------------
11:13:55 : SCANNING : NESCO
circuit : 1.4%  2021-12-21T11:10:00+0530
adx : 11.61  aroonosc : -50.0
-----------------------------------------------
11:13:55 : SCANNING : NESTLEIND
circuit : 1.06%  2021-12-21T11:10:00+0530
adx : 51.7  aroonosc : 78.57
-----------------------------------------------
11:13:55 : SCANNING : NETWORK18
circuit : 2.52%  2021-12-21T11:10:00+0530
adx : 22.39  aroonosc : 57.14
-----------------------------------------------
11:13:55 : SCANNING : NFL
circuit : 1.62%  2021-12-21T11:10:00+0530
adx : 37.74  aroonosc : 71.43
-----------------------------------------------
11:13:56 : SCANNING : NH
circuit : 1.85%  2021-12-21T11:10:00+0530
adx : 16.62  aroonosc : 78.57
-----------------------------------------------
11:13:56 : SCANNING : NHPC
circuit : 1.85%  2021-12-21T11:10:00+0530
adx : 33.59  aroonosc : -14.29
-----------------------------------------------
11:13:57 : SCANNING : NIACL
circuit : 0.04%  2021-12-21T11:10:00+0530
adx : 23.14  aroonosc : 100.0
-----------------------------------------------
11:13:57 : SCANNING : NILKAMAL
circuit : 0.21%  2021-12-21T11:10:00+0530
adx : 12.34  aroonosc : 71.43
-----------------------------------------------
11:13:57 : SCANNING : NLCINDIA
circuit : 0.68%  2021-12-21T11:10:00+0530
adx : 25.34  aroonosc : -21.43
-----------------------------------------------
11:13:58 : SCANNING : NMDC
circuit : 7.36%  2021-12-21T11:10:00+0530
adx : 13.88  aroonosc : 71.43
-----------------------------------------------
11:13:58 : SCANNING : NOCIL
circuit : 0.76%  2021-12-21T11:10:00+0530
adx : 33.98  aroonosc : 57.14
-----------------------------------------------
11:13:58 : SCANNING : NTPC
circuit : 0.45%  2021-12-21T11:10:00+0530
adx : 32.85  aroonosc : -28.57
rpt : 1190.0
{'candle': 'green', 'type': 'BUY', 'instrument': 'NTPC', 'price': 120.2, 'qty': 4949, 'target': 120.35, 'stoploss': 120.05, 'volume': 82550, 'adx': 50.48648436642578, 'aroonosc': 64.28571428571429, 'atr': 0.35497661662436336, 'open': 120.15, 'high': 120.35, 'low': 120.05, 'close': 120.35, 'product': 'MIS', 'time': '2021-12-20T13:45:00+0530'}
11:13:59 : Validation Failed : Time Gap in Seconds : 77339
-----------------------------------------------
11:13:59 : SCANNING : OBEROIRLTY
circuit : 1.68%  2021-12-21T11:10:00+0530
adx : 29.34  aroonosc : 64.29
-----------------------------------------------
11:14:00 : SCANNING : OFSS
circuit : 1.8%  2021-12-21T11:10:00+0530
adx : 48.22  aroonosc : 14.29
-----------------------------------------------
11:14:00 : SCANNING : OIL
circuit : 1.67%  2021-12-21T11:10:00+0530
adx : 16.7  aroonosc : 71.43
-----------------------------------------------
11:14:00 : SCANNING : ONGC
circuit : 0.07%  2021-12-21T11:10:00+0530
adx : 36.41  aroonosc : 78.57
-----------------------------------------------
11:14:00 : SCANNING : ORIENTELEC
circuit : 2.02%  2021-12-21T11:10:00+0530
adx : 14.18  aroonosc : 50.0
-----------------------------------------------
11:14:01 : SCANNING : PAGEIND
circuit : 1.2%  2021-12-21T11:10:00+0530
adx : 19.83  aroonosc : 35.71
-----------------------------------------------
11:14:01 : SCANNING : PEL
circuit : 1.61%  2021-12-21T11:10:00+0530
adx : 30.24  aroonosc : 92.86
-----------------------------------------------
11:14:02 : SCANNING : PERSISTENT
circuit : -1.66%  2021-12-21T11:10:00+0530
adx : 25.75  aroonosc : -21.43
-----------------------------------------------
11:14:02 : SCANNING : PETRONET
circuit : 0.24%  2021-12-21T11:10:00+0530
adx : 12.83  aroonosc : 42.86
-----------------------------------------------
11:14:02 : SCANNING : PFC
circuit : 0.78%  2021-12-21T11:10:00+0530
adx : 19.41  aroonosc : 85.71
-----------------------------------------------
11:14:02 : SCANNING : PFIZER
circuit : 0.77%  2021-12-21T11:10:00+0530
adx : 14.16  aroonosc : 35.71
-----------------------------------------------
11:14:03 : SCANNING : PGHH
circuit : 0.58%  2021-12-21T11:10:00+0530
adx : 23.61  aroonosc : -14.29
-----------------------------------------------
11:14:03 : SCANNING : PGHL
circuit : -0.44%  2021-12-21T11:10:00+0530
adx : 15.71  aroonosc : -35.71
-----------------------------------------------
11:14:03 : SCANNING : PHILIPCARB
circuit : 1.28%  2021-12-21T11:10:00+0530
adx : 6.87  aroonosc : -64.29
-----------------------------------------------
11:14:04 : SCANNING : PHOENIXLTD
circuit : -3.62%  2021-12-21T11:10:00+0530
adx : 26.08  aroonosc : -28.57
-----------------------------------------------
11:14:04 : SCANNING : PIDILITIND
circuit : 0.76%  2021-12-21T11:10:00+0530
adx : 40.64  aroonosc : 85.71
-----------------------------------------------
11:14:04 : SCANNING : PIIND
circuit : 1.47%  2021-12-21T11:10:00+0530
adx : 29.76  aroonosc : 64.29
-----------------------------------------------
11:14:05 : SCANNING : PNB
circuit : 0.81%  2021-12-21T11:10:00+0530
adx : 16.86  aroonosc : -64.29
-----------------------------------------------
11:14:05 : SCANNING : PNBHOUSING
circuit : 5.01%  2021-12-21T11:10:00+0530
adx : 54.75  aroonosc : 100.0
-----------------------------------------------
11:14:05 : SCANNING : PNCINFRA
circuit : -0.37%  2021-12-21T11:10:00+0530
adx : 19.17  aroonosc : 35.71
-----------------------------------------------
11:14:06 : SCANNING : POLYCAB
circuit : 0.62%  2021-12-21T11:10:00+0530
adx : 46.9  aroonosc : 50.0
-----------------------------------------------
11:14:06 : SCANNING : POLYMED
circuit : -0.95%  2021-12-21T11:10:00+0530
adx : 22.44  aroonosc : 28.57
-----------------------------------------------
11:14:06 : SCANNING : POLYPLEX
circuit : 0.59%  2021-12-21T11:10:00+0530
adx : 21.67  aroonosc : 42.86
-----------------------------------------------
11:14:07 : SCANNING : POWERGRID
circuit : -1.99%  2021-12-21T11:10:00+0530
adx : 20.64  aroonosc : -100.0
-----------------------------------------------
11:14:07 : SCANNING : POWERINDIA
circuit : -0.1%  2021-12-21T11:10:00+0530
adx : 21.11  aroonosc : -92.86
-----------------------------------------------
11:14:07 : SCANNING : PRESTIGE
circuit : 0.87%  2021-12-21T11:10:00+0530
adx : 20.2  aroonosc : -85.71
-----------------------------------------------
11:14:08 : SCANNING : PRINCEPIPE
circuit : 2.09%  2021-12-21T11:10:00+0530
adx : 35.82  aroonosc : 57.14
-----------------------------------------------
11:14:08 : SCANNING : PRSMJOHNSN
circuit : 3.82%  2021-12-21T11:10:00+0530
adx : 35.63  aroonosc : 14.29
-----------------------------------------------
11:14:08 : SCANNING : PSB
-----------------------------------------------
11:14:09 : SCANNING : PVR
circuit : 0.94%  2021-12-21T11:10:00+0530
adx : 27.89  aroonosc : 50.0
-----------------------------------------------
11:14:09 : SCANNING : QUESS
circuit : 0.8%  2021-12-21T11:10:00+0530
adx : 17.93  aroonosc : 7.14
-----------------------------------------------
11:14:09 : SCANNING : RADICO
circuit : 0.47%  2021-12-21T11:10:00+0530
adx : 18.52  aroonosc : -14.29
-----------------------------------------------
11:14:10 : SCANNING : RAIN
circuit : -0.64%  2021-12-21T11:10:00+0530
adx : 11.79  aroonosc : 28.57
-----------------------------------------------
11:14:10 : SCANNING : RAJESHEXPO
circuit : 0.09%  2021-12-21T11:10:00+0530
adx : 8.16  aroonosc : -14.29
-----------------------------------------------
11:14:10 : SCANNING : RALLIS
circuit : 0.41%  2021-12-21T11:10:00+0530
adx : 10.43  aroonosc : -35.71
-----------------------------------------------
11:14:11 : SCANNING : RAMCOCEM
circuit : 1.97%  2021-12-21T11:10:00+0530
adx : 24.67  aroonosc : 85.71
-----------------------------------------------
11:14:11 : SCANNING : RATNAMANI
circuit : 3.24%  2021-12-21T11:10:00+0530
adx : 33.41  aroonosc : -78.57
-----------------------------------------------
11:14:11 : SCANNING : RAYMOND
circuit : 0.72%  2021-12-21T11:10:00+0530
adx : 32.82  aroonosc : 42.86
-----------------------------------------------
11:14:12 : SCANNING : RBLBANK
circuit : 0.29%  2021-12-21T11:10:00+0530
adx : 22.34  aroonosc : 85.71
-----------------------------------------------
11:14:12 : SCANNING : RCF
circuit : 1.73%  2021-12-21T11:10:00+0530
adx : 29.69  aroonosc : 42.86
-----------------------------------------------
11:14:12 : SCANNING : RECLTD
circuit : 1.65%  2021-12-21T11:10:00+0530
adx : 44.92  aroonosc : 100.0
-----------------------------------------------
11:14:13 : SCANNING : REDINGTON
circuit : 0.72%  2021-12-21T11:10:00+0530
adx : 13.69  aroonosc : -21.43
-----------------------------------------------
11:14:13 : SCANNING : RELAXO
circuit : 2.52%  2021-12-21T11:10:00+0530
adx : 31.14  aroonosc : -42.86
-----------------------------------------------
11:14:13 : SCANNING : RELIANCE
circuit : 0.5%  2021-12-21T11:10:00+0530
adx : 50.24  aroonosc : 35.71
-----------------------------------------------
11:14:13 : SCANNING : RESPONIND
circuit : 2.52%  2021-12-21T11:10:00+0530
adx : 20.92  aroonosc : -64.29
-----------------------------------------------
11:14:14 : SCANNING : RHIM
circuit : 0.98%  2021-12-21T11:10:00+0530
adx : 33.8  aroonosc : 21.43
-----------------------------------------------
11:14:14 : SCANNING : RITES
circuit : -1.55%  2021-12-21T11:10:00+0530
adx : 20.29  aroonosc : -28.57
-----------------------------------------------
11:14:15 : SCANNING : ROSSARI
circuit : 0.38%  2021-12-21T11:10:00+0530
adx : 23.67  aroonosc : -28.57
-----------------------------------------------
11:14:15 : SCANNING : ROUTE
circuit : 0.76%  2021-12-21T11:10:00+0530
adx : 15.42  aroonosc : -71.43
-----------------------------------------------
11:14:15 : SCANNING : RVNL
circuit : 1.34%  2021-12-21T11:10:00+0530
adx : 47.39  aroonosc : -35.71
-----------------------------------------------
11:14:16 : SCANNING : SAIL
circuit : 2.19%  2021-12-21T11:10:00+0530
adx : 30.93  aroonosc : -42.86
-----------------------------------------------
11:14:16 : SCANNING : SANOFI
circuit : 0.13%  2021-12-21T11:10:00+0530
adx : 29.11  aroonosc : 64.29
-----------------------------------------------
11:14:16 : SCANNING : SBICARD
circuit : 0.68%  2021-12-21T11:10:00+0530
adx : 43.92  aroonosc : 57.14
-----------------------------------------------
11:14:17 : SCANNING : SBILIFE
circuit : -0.37%  2021-12-21T11:10:00+0530
adx : 17.39  aroonosc : 92.86
-----------------------------------------------
11:14:17 : SCANNING : SBIN
circuit : -0.1%  2021-12-21T11:10:00+0530
adx : 32.0  aroonosc : 71.43
-----------------------------------------------
11:14:17 : SCANNING : SCHAEFFLER
circuit : 2.46%  2021-12-21T11:10:00+0530
adx : 49.86  aroonosc : 28.57
-----------------------------------------------
11:14:18 : SCANNING : SCHNEIDER
circuit : -1.85%  2021-12-21T11:10:00+0530
adx : 15.51  aroonosc : -71.43
-----------------------------------------------
11:14:18 : SCANNING : SCI
circuit : 1.87%  2021-12-21T11:10:00+0530
adx : 19.9  aroonosc : 100.0
-----------------------------------------------
11:14:18 : SCANNING : SEQUENT
circuit : 1.5%  2021-12-21T11:10:00+0530
adx : 23.19  aroonosc : 78.57
-----------------------------------------------
11:14:19 : SCANNING : SFL
circuit : 1.68%  2021-12-21T11:10:00+0530
adx : 27.69  aroonosc : 42.86
-----------------------------------------------
11:14:19 : SCANNING : SHARDACROP
circuit : -3.05%  2021-12-21T11:10:00+0530
adx : 21.81  aroonosc : -71.43
-----------------------------------------------
11:14:20 : SCANNING : SHILPAMED
circuit : 3.43%  2021-12-21T11:10:00+0530
adx : 57.03  aroonosc : 85.71
-----------------------------------------------
11:14:20 : SCANNING : SHOPERSTOP
circuit : 2.2%  2021-12-21T11:10:00+0530
adx : 15.71  aroonosc : 78.57
-----------------------------------------------
11:14:20 : SCANNING : SHREECEM
circuit : 2.66%  2021-12-21T11:10:00+0530
adx : 49.21  aroonosc : 100.0
-----------------------------------------------
11:14:20 : SCANNING : SHRIRAMCIT
circuit : -1.58%  2021-12-21T11:10:00+0530
adx : 15.46  aroonosc : 78.57
-----------------------------------------------
11:14:21 : SCANNING : SIEMENS
circuit : 0.53%  2021-12-21T11:10:00+0530
adx : 35.41  aroonosc : 57.14
-----------------------------------------------
11:14:21 : SCANNING : SIS
circuit : 0.78%  2021-12-21T11:10:00+0530
adx : 51.8  aroonosc : 85.71
-----------------------------------------------
11:14:21 : SCANNING : SJVN
circuit : 0.9%  2021-12-21T11:10:00+0530
adx : 29.85  aroonosc : 78.57
-----------------------------------------------
11:14:22 : SCANNING : SKFINDIA
circuit : -0.18%  2021-12-21T11:10:00+0530
adx : 10.98  aroonosc : -42.86
-----------------------------------------------
11:14:22 : SCANNING : SOBHA
circuit : 2.04%  2021-12-21T11:10:00+0530
adx : 25.45  aroonosc : 85.71
-----------------------------------------------
11:14:22 : SCANNING : SOLARA
circuit : -0.5%  2021-12-21T11:10:00+0530
adx : 25.1  aroonosc : -78.57
-----------------------------------------------
11:14:23 : SCANNING : SOLARINDS
circuit : -0.47%  2021-12-21T11:10:00+0530
adx : 24.3  aroonosc : -50.0
-----------------------------------------------
11:14:23 : SCANNING : SONATSOFTW
circuit : 2.41%  2021-12-21T11:10:00+0530
adx : 32.17  aroonosc : 0.0
-----------------------------------------------
11:14:23 : SCANNING : SPANDANA
circuit : 0.18%  2021-12-21T11:10:00+0530
adx : 22.61  aroonosc : 0.0
-----------------------------------------------
11:14:24 : SCANNING : SPARC
circuit : 1.32%  2021-12-21T11:10:00+0530
adx : 12.22  aroonosc : -85.71
-----------------------------------------------
11:14:24 : SCANNING : SPICEJET
circuit : 0.39%  2021-12-21T11:10:00+0530
adx : 23.86  aroonosc : 7.14
-----------------------------------------------
11:14:24 : SCANNING : SRF
circuit : 1.85%  2021-12-21T11:10:00+0530
adx : 39.42  aroonosc : 100.0
-----------------------------------------------
11:14:25 : SCANNING : SRTRANSFIN
circuit : -1.41%  2021-12-21T11:10:00+0530
adx : 26.35  aroonosc : 78.57
-----------------------------------------------
11:14:25 : SCANNING : STAR
circuit : -0.84%  2021-12-21T11:10:00+0530
adx : 9.71  aroonosc : 35.71
-----------------------------------------------
11:14:25 : SCANNING : STARCEMENT
circuit : 0.21%  2021-12-21T11:10:00+0530
adx : 14.59  aroonosc : 71.43
-----------------------------------------------
11:14:26 : SCANNING : STLTECH
circuit : 0.93%  2021-12-21T11:10:00+0530
adx : 27.56  aroonosc : 0.0
-----------------------------------------------
11:14:26 : SCANNING : SUDARSCHEM
circuit : 1.33%  2021-12-21T11:10:00+0530
adx : 34.85  aroonosc : 35.71
-----------------------------------------------
11:14:26 : SCANNING : SUMICHEM
circuit : 0.61%  2021-12-21T11:10:00+0530
adx : 14.1  aroonosc : -57.14
-----------------------------------------------
11:14:27 : SCANNING : SUNCLAYLTD
circuit : 1.04%  2021-12-21T11:10:00+0530
adx : 16.29  aroonosc : -57.14
-----------------------------------------------
11:14:27 : SCANNING : SUNDARMFIN
circuit : -0.63%  2021-12-21T11:10:00+0530
adx : 30.11  aroonosc : -100.0
-----------------------------------------------
11:14:27 : SCANNING : SUNDRMFAST
circuit : -2.19%  2021-12-21T11:10:00+0530
adx : 15.97  aroonosc : 14.29
-----------------------------------------------
11:14:28 : SCANNING : SUNPHARMA
circuit : 2.22%  2021-12-21T11:10:00+0530
adx : 41.39  aroonosc : 14.29
-----------------------------------------------
11:14:28 : SCANNING : SUNTECK
circuit : 0.81%  2021-12-21T11:10:00+0530
adx : 23.35  aroonosc : -92.86
-----------------------------------------------
11:14:28 : SCANNING : SUNTV
circuit : 0.92%  2021-12-21T11:10:00+0530
adx : 31.84  aroonosc : 100.0
-----------------------------------------------
11:14:29 : SCANNING : SUPPETRO
circuit : 0.82%  2021-12-21T11:10:00+0530
adx : 26.54  aroonosc : -71.43
-----------------------------------------------
11:14:29 : SCANNING : SUPRAJIT
circuit : 2.38%  2021-12-21T11:10:00+0530
adx : 48.53  aroonosc : 85.71
-----------------------------------------------
11:14:29 : SCANNING : SUPREMEIND
circuit : 3.2%  2021-12-21T11:10:00+0530
adx : 59.92  aroonosc : -35.71
-----------------------------------------------
11:14:30 : SCANNING : SUVENPHAR
circuit : 1.44%  2021-12-21T11:10:00+0530
adx : 13.67  aroonosc : -21.43
-----------------------------------------------
11:14:30 : SCANNING : SUZLON
circuit : 2.05%  2021-12-21T11:10:00+0530
adx : 35.46  aroonosc : 71.43
-----------------------------------------------
11:14:30 : SCANNING : SWANENERGY
circuit : 1.56%  2021-12-21T11:10:00+0530
adx : 24.99  aroonosc : -78.57
-----------------------------------------------
11:14:31 : SCANNING : SWSOLAR
circuit : 0.37%  2021-12-21T11:10:00+0530
adx : 13.12  aroonosc : -78.57
-----------------------------------------------
11:14:31 : SCANNING : SYMPHONY
circuit : 0.73%  2021-12-21T11:10:00+0530
adx : 33.84  aroonosc : 100.0
-----------------------------------------------
11:14:31 : SCANNING : SYNGENE
circuit : 0.4%  2021-12-21T11:10:00+0530
adx : 31.55  aroonosc : 42.86
-----------------------------------------------
11:14:32 : SCANNING : TASTYBITE
circuit : -0.57%  2021-12-21T11:10:00+0530
adx : 23.92  aroonosc : 92.86
-----------------------------------------------
11:14:32 : SCANNING : TATACHEM
circuit : 1.77%  2021-12-21T11:10:00+0530
adx : 38.24  aroonosc : 100.0
-----------------------------------------------
11:14:32 : SCANNING : TATACOFFEE
circuit : 1.17%  2021-12-21T11:10:00+0530
adx : 20.56  aroonosc : -50.0
-----------------------------------------------
11:14:33 : SCANNING : TATACOMM
circuit : 0.26%  2021-12-21T11:10:00+0530
adx : 16.55  aroonosc : 85.71
-----------------------------------------------
11:14:33 : SCANNING : TATACONSUM
circuit : 1.79%  2021-12-21T11:10:00+0530
adx : 47.32  aroonosc : 71.43
-----------------------------------------------
11:14:33 : SCANNING : TATAELXSI
circuit : 0.08%  2021-12-21T11:10:00+0530
adx : 11.43  aroonosc : 35.71
-----------------------------------------------
11:14:34 : SCANNING : TATAINVEST
circuit : 0.97%  2021-12-21T11:10:00+0530
adx : 33.25  aroonosc : 100.0
-----------------------------------------------
11:14:34 : SCANNING : TATAMOTORS
circuit : 1.13%  2021-12-21T11:10:00+0530
adx : 29.61  aroonosc : 50.0
-----------------------------------------------
11:14:34 : SCANNING : TATAPOWER
circuit : 0.89%  2021-12-21T11:10:00+0530
adx : 34.71  aroonosc : 42.86
-----------------------------------------------
11:14:35 : SCANNING : TATASTEEL
circuit : 2.48%  2021-12-21T11:10:00+0530
adx : 46.53  aroonosc : 100.0
-----------------------------------------------
11:14:35 : SCANNING : TCIEXP
circuit : 5.27%  2021-12-21T11:10:00+0530
adx : 32.79  aroonosc : 92.86
-----------------------------------------------
11:14:35 : SCANNING : TCNSBRANDS
circuit : 2.5%  2021-12-21T11:10:00+0530
adx : 12.26  aroonosc : -64.29
-----------------------------------------------
11:14:36 : SCANNING : TCS
circuit : 1.37%  2021-12-21T11:10:00+0530
adx : 44.9  aroonosc : 42.86
-----------------------------------------------
11:14:36 : SCANNING : TEAMLEASE
circuit : 0.39%  2021-12-21T11:10:00+0530
adx : 9.54  aroonosc : -14.29
-----------------------------------------------
11:14:36 : SCANNING : TECHM
circuit : 2.68%  2021-12-21T11:10:00+0530
adx : 35.5  aroonosc : 71.43
-----------------------------------------------
11:14:37 : SCANNING : THERMAX
circuit : 1.68%  2021-12-21T11:10:00+0530
adx : 31.85  aroonosc : 71.43
-----------------------------------------------
11:14:37 : SCANNING : THYROCARE
circuit : -1.02%  2021-12-21T11:10:00+0530
adx : 16.57  aroonosc : -57.14
-----------------------------------------------
11:14:37 : SCANNING : TIINDIA
circuit : 0.92%  2021-12-21T11:10:00+0530
adx : 22.9  aroonosc : 78.57
-----------------------------------------------
11:14:38 : SCANNING : TIMKEN
circuit : 2.38%  2021-12-21T11:10:00+0530
adx : 47.33  aroonosc : 50.0
-----------------------------------------------
11:14:38 : SCANNING : TITAN
circuit : 2.27%  2021-12-21T11:10:00+0530
adx : 42.03  aroonosc : 78.57
-----------------------------------------------
11:14:38 : SCANNING : TORNTPHARM
circuit : 1.22%  2021-12-21T11:10:00+0530
adx : 25.35  aroonosc : -57.14
-----------------------------------------------
11:14:39 : SCANNING : TORNTPOWER
circuit : 0.1%  2021-12-21T11:10:00+0530
adx : 24.34  aroonosc : 85.71
-----------------------------------------------
11:14:39 : SCANNING : TRENT
circuit : 0.78%  2021-12-21T11:10:00+0530
adx : 31.22  aroonosc : 35.71
-----------------------------------------------
11:14:39 : SCANNING : TRIDENT
circuit : 5.24%  2021-12-21T11:10:00+0530
adx : 14.55  aroonosc : -42.86
-----------------------------------------------
11:14:40 : SCANNING : TRITURBINE
circuit : -1.55%  2021-12-21T11:10:00+0530
adx : 44.41  aroonosc : -78.57
-----------------------------------------------
11:14:40 : SCANNING : TTKPRESTIG
circuit : 1.91%  2021-12-21T11:10:00+0530
adx : 16.33  aroonosc : -71.43
-----------------------------------------------
11:14:41 : SCANNING : TV18BRDCST
circuit : 0.9%  2021-12-21T11:10:00+0530
adx : 12.47  aroonosc : 71.43
-----------------------------------------------
11:14:41 : SCANNING : TVSMOTOR
circuit : 1.47%  2021-12-21T11:10:00+0530
adx : 39.41  aroonosc : 57.14
-----------------------------------------------
11:14:41 : SCANNING : UBL
circuit : 1.89%  2021-12-21T11:10:00+0530
adx : 28.29  aroonosc : 0.0
-----------------------------------------------
11:14:41 : SCANNING : UCOBANK
circuit : 1.18%  2021-12-21T11:10:00+0530
adx : 48.73  aroonosc : 71.43
-----------------------------------------------
11:14:42 : SCANNING : UFLEX
circuit : -1.29%  2021-12-21T11:10:00+0530
adx : 36.0  aroonosc : 100.0
-----------------------------------------------
11:14:42 : SCANNING : UJJIVAN
circuit : -0.31%  2021-12-21T11:10:00+0530
adx : 17.55  aroonosc : -21.43
-----------------------------------------------
11:14:43 : SCANNING : UJJIVANSFB
-----------------------------------------------
11:14:43 : SCANNING : ULTRACEMCO
circuit : 0.93%  2021-12-21T11:10:00+0530
adx : 30.2  aroonosc : 78.57
-----------------------------------------------
11:14:43 : SCANNING : UNIONBANK
circuit : 1.3%  2021-12-21T11:10:00+0530
adx : 9.61  aroonosc : -21.43
-----------------------------------------------
11:14:44 : SCANNING : UPL
circuit : 1.74%  2021-12-21T11:10:00+0530
adx : 46.19  aroonosc : 78.57
-----------------------------------------------
11:14:44 : SCANNING : UTIAMC
circuit : 1.55%  2021-12-21T11:10:00+0530
adx : 12.51  aroonosc : -42.86
-----------------------------------------------
11:14:44 : SCANNING : VAIBHAVGBL
circuit : -0.11%  2021-12-21T11:10:00+0530
adx : 22.73  aroonosc : 57.14
-----------------------------------------------
11:14:45 : SCANNING : VAKRANGEE
circuit : 1.69%  2021-12-21T11:10:00+0530
adx : 33.75  aroonosc : 35.71
-----------------------------------------------
11:14:45 : SCANNING : VALIANTORG
circuit : 0.86%  2021-12-21T11:10:00+0530
adx : 15.9  aroonosc : 42.86
-----------------------------------------------
11:14:45 : SCANNING : VARROC
circuit : 2.54%  2021-12-21T11:10:00+0530
adx : 27.6  aroonosc : 35.71
-----------------------------------------------
11:14:46 : SCANNING : VBL
circuit : 0.59%  2021-12-21T11:10:00+0530
adx : 11.63  aroonosc : 28.57
-----------------------------------------------
11:14:46 : SCANNING : VEDL
circuit : 2.05%  2021-12-21T11:10:00+0530
adx : 61.98  aroonosc : 64.29
rpt : 1190.0
{'candle': 'green', 'type': 'BUY', 'instrument': 'VEDL', 'price': 335.5, 'qty': 1773, 'target': 335.8, 'stoploss': 335.2, 'volume': 32386, 'adx': 61.98464397374334, 'aroonosc': 64.28571428571429, 'atr': 1.1163237333339395, 'open': 335.4, 'high': 335.8, 'low': 335.2, 'close': 335.75, 'product': 'MIS', 'time': '2021-12-21T11:10:00+0530'}
11:14:47 : Validation Failed : Time Gap in Seconds : 287
-----------------------------------------------
11:14:47 : SCANNING : VENKEYS
circuit : -0.51%  2021-12-21T11:10:00+0530
adx : 26.25  aroonosc : 35.71
-----------------------------------------------
11:14:47 : SCANNING : VGUARD
circuit : -0.09%  2021-12-21T11:10:00+0530
adx : 12.45  aroonosc : -92.86
-----------------------------------------------
11:14:47 : SCANNING : VINATIORGA
circuit : -3.35%  2021-12-21T11:10:00+0530
adx : 25.2  aroonosc : -57.14
-----------------------------------------------
11:14:48 : SCANNING : VIPIND
circuit : 4.6%  2021-12-21T11:10:00+0530
adx : 34.24  aroonosc : 92.86
-----------------------------------------------
11:14:48 : SCANNING : VMART
circuit : -0.48%  2021-12-21T11:10:00+0530
adx : 18.64  aroonosc : 100.0
-----------------------------------------------
11:14:48 : SCANNING : VOLTAS
circuit : 0.82%  2021-12-21T11:10:00+0530
adx : 35.56  aroonosc : -71.43
-----------------------------------------------
11:14:49 : SCANNING : VSTIND
circuit : 0.03%  2021-12-21T11:10:00+0530
adx : 15.82  aroonosc : -57.14
-----------------------------------------------
11:14:49 : SCANNING : VTL
circuit : 6.63%  2021-12-21T11:10:00+0530
adx : 46.89  aroonosc : 71.43
-----------------------------------------------
11:14:49 : SCANNING : WABCOINDIA
circuit : 0.31%  2021-12-21T11:10:00+0530
adx : 11.57  aroonosc : -7.14
-----------------------------------------------
11:14:50 : SCANNING : WELCORP
circuit : 3.43%  2021-12-21T11:10:00+0530
adx : 34.88  aroonosc : -42.86
-----------------------------------------------
11:14:50 : SCANNING : WELSPUNIND
circuit : 1.43%  2021-12-21T11:10:00+0530
adx : 22.68  aroonosc : -92.86
-----------------------------------------------
11:14:50 : SCANNING : WESTLIFE
circuit : 0.38%  2021-12-21T11:10:00+0530
adx : 26.46  aroonosc : 71.43
-----------------------------------------------
11:14:51 : SCANNING : WHIRLPOOL
circuit : 0.98%  2021-12-21T11:10:00+0530
adx : 12.66  aroonosc : -85.71
-----------------------------------------------
11:14:51 : SCANNING : WIPRO
circuit : 1.63%  2021-12-21T11:10:00+0530
adx : 57.93  aroonosc : 21.43
-----------------------------------------------
11:14:51 : SCANNING : WOCKPHARMA
circuit : 0.01%  2021-12-21T11:10:00+0530
adx : 14.59  aroonosc : -71.43
-----------------------------------------------
11:14:52 : SCANNING : YESBANK
circuit : 0.38%  2021-12-21T11:10:00+0530
adx : 50.94  aroonosc : 50.0
-----------------------------------------------
11:14:52 : SCANNING : ZEEL
circuit : 3.68%  2021-12-21T11:10:00+0530
adx : 34.59  aroonosc : 100.0
-----------------------------------------------
11:14:52 : SCANNING : ZENSARTECH
circuit : 3.52%  2021-12-21T11:10:00+0530
adx : 45.59  aroonosc : -7.14
-----------------------------------------------
11:14:53 : SCANNING : ZYDUSWELL
circuit : -1.03%  2021-12-21T11:10:00+0530
adx : 38.0  aroonosc : 14.29
-----------------------------------------------
11:14:53 : SCANNING : PAYTM
circuit : 1.75%  2021-12-21T11:10:00+0530
adx : 17.31  aroonosc : -57.14
-----------------------------------------------
===================================================
11:14:53 : END
===================================================
Start Time     : 2021-12-21 11:12:01.802543
End Time       : 2021-12-21 11:14:53.315703
Time Taken     : 2.0
===================================================
