===================================================
11:10:01 : START
===================================================
11:10:01 : PROCESSING INSTRUMENTS SYMBOLS
-----------------------------------------------
11:10:02 : SCANNING : 3MINDIA
circuit : -0.01%  2021-12-21T11:05:00+0530
adx : 28.15  aroonosc : 42.86
-----------------------------------------------
11:10:02 : SCANNING : AARTIDRUGS
circuit : 0.37%  2021-12-21T11:05:00+0530
adx : 11.93  aroonosc : 21.43
-----------------------------------------------
11:10:02 : SCANNING : AARTIIND
circuit : 1.24%  2021-12-21T11:05:00+0530
adx : 38.42  aroonosc : 42.86
-----------------------------------------------
11:10:03 : SCANNING : AAVAS
circuit : 1.77%  2021-12-21T11:05:00+0530
adx : 57.92  aroonosc : 100.0
-----------------------------------------------
11:10:03 : SCANNING : ABB
circuit : 1.24%  2021-12-21T11:05:00+0530
adx : 18.63  aroonosc : 42.86
-----------------------------------------------
11:10:03 : SCANNING : ABBOTINDIA
circuit : -0.08%  2021-12-21T11:10:00+0530
adx : 30.05  aroonosc : 57.14
-----------------------------------------------
11:10:04 : SCANNING : ABCAPITAL
circuit : 2.77%  2021-12-21T11:05:00+0530
adx : 31.76  aroonosc : -28.57
-----------------------------------------------
11:10:04 : SCANNING : ABFRL
circuit : 3.6%  2021-12-21T11:05:00+0530
adx : 43.47  aroonosc : -57.14
-----------------------------------------------
11:10:04 : SCANNING : ACC
circuit : 1.58%  2021-12-21T11:10:00+0530
adx : 46.49  aroonosc : 92.86
-----------------------------------------------
11:10:05 : SCANNING : ADANIENT
circuit : 0.79%  2021-12-21T11:05:00+0530
adx : 41.83  aroonosc : 35.71
-----------------------------------------------
11:10:05 : SCANNING : ADANIGREEN
circuit : -0.09%  2021-12-21T11:05:00+0530
adx : 21.48  aroonosc : -100.0
-----------------------------------------------
11:10:05 : SCANNING : ADANIPORTS
circuit : -0.49%  2021-12-21T11:05:00+0530
adx : 19.39  aroonosc : -28.57
-----------------------------------------------
11:10:06 : SCANNING : ADVENZYMES
circuit : 1.21%  2021-12-21T11:10:00+0530
adx : 19.84  aroonosc : 14.29
-----------------------------------------------
11:10:06 : SCANNING : AEGISCHEM
circuit : -2.02%  2021-12-21T11:05:00+0530
adx : 36.87  aroonosc : -7.14
-----------------------------------------------
11:10:06 : SCANNING : AFFLE
circuit : 1.12%  2021-12-21T11:10:00+0530
adx : 12.32  aroonosc : -14.29
-----------------------------------------------
11:10:07 : SCANNING : AIAENG
circuit : -1.01%  2021-12-21T11:05:00+0530
adx : 15.36  aroonosc : -92.86
-----------------------------------------------
11:10:07 : SCANNING : AJANTPHARM
circuit : -0.52%  2021-12-21T11:05:00+0530
adx : 15.83  aroonosc : 71.43
-----------------------------------------------
11:10:07 : SCANNING : AKZOINDIA
circuit : -1.34%  2021-12-21T11:10:00+0530
adx : 36.65  aroonosc : -64.29
-----------------------------------------------
11:10:08 : SCANNING : ALEMBICLTD
circuit : -0.15%  2021-12-21T11:10:00+0530
adx : 13.19  aroonosc : 35.71
-----------------------------------------------
11:10:08 : SCANNING : ALKEM
circuit : 0.88%  2021-12-21T11:10:00+0530
adx : 9.64  aroonosc : -35.71
-----------------------------------------------
11:10:09 : SCANNING : ALKYLAMINE
circuit : -1.72%  2021-12-21T11:10:00+0530
adx : 49.18  aroonosc : 0.0
-----------------------------------------------
11:10:09 : SCANNING : ALOKINDS
circuit : 1.54%  2021-12-21T11:10:00+0530
adx : 38.31  aroonosc : 14.29
-----------------------------------------------
11:10:09 : SCANNING : AMARAJABAT
circuit : 0.62%  2021-12-21T11:05:00+0530
adx : 37.23  aroonosc : 100.0
-----------------------------------------------
11:10:10 : SCANNING : AMBER
circuit : 3.04%  2021-12-21T11:10:00+0530
adx : 40.08  aroonosc : 21.43
-----------------------------------------------
11:10:10 : SCANNING : AMBUJACEM
circuit : 2.68%  2021-12-21T11:10:00+0530
adx : 53.47  aroonosc : 92.86
-----------------------------------------------
11:10:11 : SCANNING : ANGELBRKG
circuit : 2.54%  2021-12-21T11:05:00+0530
adx : 37.5  aroonosc : 35.71
-----------------------------------------------
11:10:11 : SCANNING : APLAPOLLO
circuit : 2.82%  2021-12-21T11:10:00+0530
adx : 16.19  aroonosc : 21.43
-----------------------------------------------
11:10:11 : SCANNING : APLLTD
circuit : -1.23%  2021-12-21T11:10:00+0530
adx : 40.28  aroonosc : -78.57
-----------------------------------------------
11:10:11 : SCANNING : APOLLOHOSP
circuit : -0.5%  2021-12-21T11:10:00+0530
adx : 23.52  aroonosc : -71.43
-----------------------------------------------
11:10:12 : SCANNING : APOLLOTYRE
circuit : 0.37%  2021-12-21T11:05:00+0530
adx : 19.12  aroonosc : 21.43
-----------------------------------------------
11:10:12 : SCANNING : ASAHIINDIA
circuit : -1.71%  2021-12-21T11:10:00+0530
adx : 27.34  aroonosc : 42.86
-----------------------------------------------
11:10:13 : SCANNING : ASHOKA
circuit : 0.28%  2021-12-21T11:05:00+0530
adx : 16.25  aroonosc : -28.57
-----------------------------------------------
11:10:13 : SCANNING : ASHOKLEY
circuit : 2.12%  2021-12-21T11:10:00+0530
adx : 44.33  aroonosc : 50.0
-----------------------------------------------
11:10:13 : SCANNING : ASIANPAINT
circuit : 1.36%  2021-12-21T11:05:00+0530
adx : 45.56  aroonosc : 85.71
-----------------------------------------------
11:10:14 : SCANNING : ASTERDM
circuit : -0.56%  2021-12-21T11:10:00+0530
adx : 39.49  aroonosc : 71.43
-----------------------------------------------
11:10:14 : SCANNING : ASTRAL
circuit : -1.64%  2021-12-21T11:10:00+0530
adx : 20.64  aroonosc : 78.57
-----------------------------------------------
11:10:14 : SCANNING : ASTRAZEN
circuit : -0.4%  2021-12-21T11:10:00+0530
adx : 23.27  aroonosc : -42.86
-----------------------------------------------
11:10:15 : SCANNING : ATUL
circuit : 0.24%  2021-12-21T11:10:00+0530
adx : 27.47  aroonosc : 71.43
-----------------------------------------------
11:10:15 : SCANNING : AUBANK
circuit : 4.05%  2021-12-21T11:05:00+0530
adx : 52.96  aroonosc : 42.86
-----------------------------------------------
11:10:15 : SCANNING : AUROPHARMA
circuit : -0.35%  2021-12-21T11:10:00+0530
adx : 25.26  aroonosc : 35.71
-----------------------------------------------
11:10:16 : SCANNING : AVANTIFEED
circuit : -0.88%  2021-12-21T11:05:00+0530
adx : 37.05  aroonosc : -28.57
-----------------------------------------------
11:10:16 : SCANNING : AXISBANK
circuit : -0.95%  2021-12-21T11:05:00+0530
adx : 20.11  aroonosc : 71.43
-----------------------------------------------
11:10:16 : SCANNING : BAJAJ-AUTO
circuit : 0.9%  2021-12-21T11:10:00+0530
adx : 43.78  aroonosc : 35.71
-----------------------------------------------
11:10:17 : SCANNING : BAJAJCON
circuit : 0.3%  2021-12-21T11:10:00+0530
adx : 20.37  aroonosc : -71.43
-----------------------------------------------
11:10:17 : SCANNING : BAJAJELEC
circuit : -0.91%  2021-12-21T11:10:00+0530
adx : 18.12  aroonosc : -50.0
-----------------------------------------------
11:10:17 : SCANNING : BAJAJFINSV
circuit : -0.84%  2021-12-21T11:05:00+0530
adx : 39.86  aroonosc : 85.71
-----------------------------------------------
11:10:18 : SCANNING : BAJAJHLDNG
circuit : -0.02%  2021-12-21T11:10:00+0530
adx : 12.6  aroonosc : -42.86
-----------------------------------------------
11:10:18 : SCANNING : BAJFINANCE
circuit : -0.09%  2021-12-21T11:10:00+0530
adx : 29.71  aroonosc : 14.29
-----------------------------------------------
11:10:19 : SCANNING : BALAMINES
circuit : 0.22%  2021-12-21T11:10:00+0530
adx : 9.66  aroonosc : 28.57
-----------------------------------------------
11:10:19 : SCANNING : BALKRISIND
circuit : -1.09%  2021-12-21T11:10:00+0530
adx : 13.02  aroonosc : 64.29
-----------------------------------------------
11:10:19 : SCANNING : BALMLAWRIE
circuit : 1.28%  2021-12-21T11:10:00+0530
adx : 33.51  aroonosc : 64.29
-----------------------------------------------
11:10:20 : SCANNING : BALRAMCHIN
circuit : 1.86%  2021-12-21T11:05:00+0530
adx : 43.46  aroonosc : 14.29
-----------------------------------------------
11:10:20 : SCANNING : BANDHANBNK
circuit : 0.32%  2021-12-21T11:10:00+0530
adx : 23.89  aroonosc : 78.57
-----------------------------------------------
11:10:20 : SCANNING : BANKBARODA
circuit : 1.05%  2021-12-21T11:10:00+0530
adx : 12.08  aroonosc : -14.29
-----------------------------------------------
11:10:21 : SCANNING : BANKINDIA
circuit : 1.09%  2021-12-21T11:10:00+0530
adx : 45.08  aroonosc : 14.29
-----------------------------------------------
11:10:21 : SCANNING : BASF
circuit : 0.64%  2021-12-21T11:10:00+0530
adx : 30.34  aroonosc : -42.86
-----------------------------------------------
11:10:21 : SCANNING : BATAINDIA
circuit : 0.81%  2021-12-21T11:10:00+0530
adx : 19.6  aroonosc : -57.14
-----------------------------------------------
11:10:22 : SCANNING : BAYERCROP
circuit : -2.07%  2021-12-21T11:10:00+0530
adx : 23.17  aroonosc : -92.86
-----------------------------------------------
11:10:22 : SCANNING : BBTC
circuit : 0.07%  2021-12-21T11:10:00+0530
adx : 22.61  aroonosc : 14.29
-----------------------------------------------
11:10:22 : SCANNING : BDL
circuit : 0.88%  2021-12-21T11:10:00+0530
adx : 29.0  aroonosc : -85.71
-----------------------------------------------
11:10:23 : SCANNING : BEL
circuit : 1.28%  2021-12-21T11:10:00+0530
adx : 34.14  aroonosc : 64.29
-----------------------------------------------
11:10:23 : SCANNING : BEML
circuit : 1.48%  2021-12-21T11:10:00+0530
adx : 34.84  aroonosc : -78.57
-----------------------------------------------
11:10:24 : SCANNING : BERGEPAINT
circuit : 0.96%  2021-12-21T11:10:00+0530
adx : 39.65  aroonosc : 85.71
-----------------------------------------------
11:10:24 : SCANNING : BHARATFORG
circuit : 0.95%  2021-12-21T11:10:00+0530
adx : 20.7  aroonosc : 42.86
-----------------------------------------------
11:10:24 : SCANNING : BHARATRAS
circuit : 2.39%  2021-12-21T11:10:00+0530
adx : 38.95  aroonosc : 21.43
-----------------------------------------------
11:10:25 : SCANNING : BHARTIARTL
circuit : 0.22%  2021-12-21T11:05:00+0530
adx : 32.7  aroonosc : 28.57
-----------------------------------------------
11:10:25 : SCANNING : BHEL
circuit : 0.69%  2021-12-21T11:10:00+0530
adx : 17.16  aroonosc : 28.57
-----------------------------------------------
11:10:26 : SCANNING : BIOCON
circuit : 0.72%  2021-12-21T11:10:00+0530
adx : 9.51  aroonosc : 42.86
-----------------------------------------------
11:10:26 : SCANNING : BIRLACORPN
circuit : 3.41%  2021-12-21T11:10:00+0530
adx : 28.34  aroonosc : 35.71
-----------------------------------------------
11:10:26 : SCANNING : BLISSGVS
circuit : 1.32%  2021-12-21T11:05:00+0530
adx : 26.12  aroonosc : 14.29
-----------------------------------------------
11:10:28 : SCANNING : BLUEDART
circuit : 1.01%  2021-12-21T11:10:00+0530
adx : 29.57  aroonosc : -92.86
-----------------------------------------------
11:10:29 : SCANNING : BLUESTARCO
circuit : -1.43%  2021-12-21T11:10:00+0530
adx : 19.59  aroonosc : -42.86
-----------------------------------------------
11:10:29 : SCANNING : BOSCHLTD
circuit : 3.51%  2021-12-21T11:10:00+0530
adx : 56.06  aroonosc : 0.0
-----------------------------------------------
11:10:29 : SCANNING : BPCL
circuit : -0.67%  2021-12-21T11:05:00+0530
adx : 19.68  aroonosc : 71.43
-----------------------------------------------
11:10:30 : SCANNING : BRIGADE
circuit : 3.4%  2021-12-21T11:10:00+0530
adx : 33.6  aroonosc : -14.29
-----------------------------------------------
11:10:30 : SCANNING : BRITANNIA
circuit : 1.55%  2021-12-21T11:10:00+0530
adx : 39.49  aroonosc : 78.57
-----------------------------------------------
11:10:30 : SCANNING : BSE
circuit : -1.62%  2021-12-21T11:10:00+0530
adx : 11.75  aroonosc : -64.29
-----------------------------------------------
11:10:31 : SCANNING : BSOFT
circuit : 1.13%  2021-12-21T11:05:00+0530
adx : 33.36  aroonosc : 100.0
-----------------------------------------------
11:10:31 : SCANNING : BURGERKING
circuit : 0.77%  2021-12-21T11:10:00+0530
adx : 24.15  aroonosc : -71.43
-----------------------------------------------
11:10:31 : SCANNING : CADILAHC
circuit : 1.1%  2021-12-21T11:10:00+0530
adx : 40.51  aroonosc : 64.29
-----------------------------------------------
11:10:32 : SCANNING : CAMS
circuit : -0.26%  2021-12-21T11:10:00+0530
adx : 18.52  aroonosc : -35.71
-----------------------------------------------
11:10:32 : SCANNING : CANBK
circuit : 0.34%  2021-12-21T11:10:00+0530
adx : 22.98  aroonosc : 71.43
-----------------------------------------------
11:10:33 : SCANNING : CANFINHOME
circuit : 0.6%  2021-12-21T11:10:00+0530
adx : 22.11  aroonosc : 21.43
-----------------------------------------------
11:10:33 : SCANNING : CAPLIPOINT
circuit : 1.0%  2021-12-21T11:05:00+0530
adx : 24.82  aroonosc : 78.57
-----------------------------------------------
11:10:34 : SCANNING : CARBORUNIV
circuit : 1.92%  2021-12-21T11:10:00+0530
adx : 12.91  aroonosc : 28.57
-----------------------------------------------
11:10:34 : SCANNING : CASTROLIND
circuit : -0.9%  2021-12-21T11:10:00+0530
adx : 14.7  aroonosc : -7.14
-----------------------------------------------
11:10:34 : SCANNING : CCL
circuit : 1.96%  2021-12-21T11:10:00+0530
adx : 42.29  aroonosc : 57.14
-----------------------------------------------
11:10:34 : SCANNING : CEATLTD
circuit : 0.98%  2021-12-21T11:10:00+0530
adx : 16.19  aroonosc : 92.86
-----------------------------------------------
11:10:35 : SCANNING : CENTRALBK
circuit : 0.95%  2021-12-21T11:10:00+0530
adx : 28.1  aroonosc : -35.71
-----------------------------------------------
11:10:35 : SCANNING : CENTURYPLY
circuit : 1.63%  2021-12-21T11:10:00+0530
adx : 11.91  aroonosc : 85.71
-----------------------------------------------
11:10:35 : SCANNING : CENTURYTEX
circuit : 3.08%  2021-12-21T11:10:00+0530
adx : 26.05  aroonosc : 35.71
-----------------------------------------------
11:10:36 : SCANNING : CERA
circuit : 3.72%  2021-12-21T11:10:00+0530
adx : 34.89  aroonosc : 21.43
-----------------------------------------------
11:10:36 : SCANNING : CESC
circuit : 1.4%  2021-12-21T11:10:00+0530
adx : 36.47  aroonosc : 42.86
-----------------------------------------------
11:10:36 : SCANNING : CGCL
circuit : -0.25%  2021-12-21T11:10:00+0530
adx : 17.26  aroonosc : -64.29
-----------------------------------------------
11:10:37 : SCANNING : CHALET
circuit : 0.16%  2021-12-21T11:10:00+0530
adx : 10.12  aroonosc : 35.71
-----------------------------------------------
11:10:37 : SCANNING : CHAMBLFERT
circuit : -0.47%  2021-12-21T11:10:00+0530
adx : 18.5  aroonosc : -92.86
-----------------------------------------------
11:10:38 : SCANNING : CHOLAFIN
circuit : 3.06%  2021-12-21T11:10:00+0530
adx : 39.57  aroonosc : 100.0
-----------------------------------------------
11:10:38 : SCANNING : CHOLAHLDNG
circuit : 0.96%  2021-12-21T11:10:00+0530
adx : 22.88  aroonosc : 71.43
-----------------------------------------------
11:10:38 : SCANNING : CIPLA
circuit : -0.68%  2021-12-21T11:05:00+0530
adx : 13.0  aroonosc : -71.43
-----------------------------------------------
11:10:39 : SCANNING : COALINDIA
circuit : 1.69%  2021-12-21T11:10:00+0530
adx : 39.54  aroonosc : 64.29
-----------------------------------------------
11:10:39 : SCANNING : COCHINSHIP
circuit : 1.27%  2021-12-21T11:10:00+0530
adx : 13.41  aroonosc : -7.14
-----------------------------------------------
11:10:40 : SCANNING : COFORGE
circuit : 1.87%  2021-12-21T11:05:00+0530
adx : 43.93  aroonosc : -64.29
-----------------------------------------------
11:10:40 : SCANNING : COLPAL
circuit : 1.85%  2021-12-21T11:10:00+0530
adx : 42.84  aroonosc : 64.29
-----------------------------------------------
11:10:41 : SCANNING : CONCOR
circuit : -0.03%  2021-12-21T11:05:00+0530
adx : 17.78  aroonosc : 42.86
-----------------------------------------------
11:10:41 : SCANNING : COROMANDEL
circuit : 0.35%  2021-12-21T11:10:00+0530
adx : 9.16  aroonosc : 85.71
-----------------------------------------------
11:10:41 : SCANNING : CREDITACC
circuit : -1.96%  2021-12-21T11:10:00+0530
adx : 10.04  aroonosc : -92.86
-----------------------------------------------
11:10:42 : SCANNING : CRISIL
circuit : 2.12%  2021-12-21T11:10:00+0530
adx : 34.34  aroonosc : 100.0
-----------------------------------------------
11:10:42 : SCANNING : CROMPTON
circuit : 0.06%  2021-12-21T11:10:00+0530
adx : 16.21  aroonosc : 35.71
-----------------------------------------------
11:10:43 : SCANNING : CSBBANK
circuit : 0.85%  2021-12-21T11:10:00+0530
adx : 15.91  aroonosc : -28.57
-----------------------------------------------
11:10:43 : SCANNING : CUB
circuit : 0.89%  2021-12-21T11:05:00+0530
adx : 26.19  aroonosc : 78.57
-----------------------------------------------
11:10:43 : SCANNING : CUMMINSIND
circuit : 0.97%  2021-12-21T11:10:00+0530
adx : 28.97  aroonosc : -7.14
-----------------------------------------------
11:10:44 : SCANNING : CYIENT
circuit : 0.08%  2021-12-21T11:05:00+0530
adx : 14.04  aroonosc : -92.86
-----------------------------------------------
11:10:44 : SCANNING : DABUR
circuit : 0.89%  2021-12-21T11:10:00+0530
adx : 51.9  aroonosc : 78.57
-----------------------------------------------
11:10:45 : SCANNING : DALBHARAT
circuit : 4.8%  2021-12-21T11:10:00+0530
adx : 55.69  aroonosc : 71.43
-----------------------------------------------
11:10:45 : SCANNING : DBL
circuit : 0.04%  2021-12-21T11:10:00+0530
adx : 48.6  aroonosc : 100.0
-----------------------------------------------
11:10:46 : SCANNING : DCAL
circuit : 2.24%  2021-12-21T11:10:00+0530
adx : 27.94  aroonosc : 35.71
-----------------------------------------------
11:10:46 : SCANNING : DCBBANK
circuit : 2.24%  2021-12-21T11:10:00+0530
adx : 36.62  aroonosc : 42.86
-----------------------------------------------
11:10:46 : SCANNING : DCMSHRIRAM
circuit : 1.69%  2021-12-21T11:10:00+0530
adx : 16.57  aroonosc : 100.0
-----------------------------------------------
11:10:47 : SCANNING : DEEPAKNTR
circuit : 2.71%  2021-12-21T11:05:00+0530
adx : 42.54  aroonosc : 64.29
-----------------------------------------------
11:10:47 : SCANNING : DELTACORP
circuit : 0.94%  2021-12-21T11:10:00+0530
adx : 26.88  aroonosc : 42.86
-----------------------------------------------
11:10:48 : SCANNING : DHANI
circuit : 3.27%  2021-12-21T11:10:00+0530
adx : 31.78  aroonosc : 50.0
-----------------------------------------------
11:10:48 : SCANNING : DHANUKA
circuit : -0.37%  2021-12-21T11:10:00+0530
adx : 11.75  aroonosc : 57.14
-----------------------------------------------
11:10:48 : SCANNING : DISHTV
circuit : 2.99%  2021-12-21T11:10:00+0530
adx : 35.47  aroonosc : 50.0
-----------------------------------------------
11:10:49 : SCANNING : DIVISLAB
circuit : -0.64%  2021-12-21T11:05:00+0530
adx : 20.75  aroonosc : 50.0
-----------------------------------------------
11:10:49 : SCANNING : DIXON
circuit : 2.19%  2021-12-21T11:05:00+0530
adx : 44.21  aroonosc : 78.57
-----------------------------------------------
11:10:50 : SCANNING : DLF
circuit : 1.36%  2021-12-21T11:10:00+0530
adx : 44.96  aroonosc : 85.71
-----------------------------------------------
11:10:50 : SCANNING : DMART
circuit : 0.41%  2021-12-21T11:10:00+0530
adx : 10.88  aroonosc : 21.43
-----------------------------------------------
11:10:50 : SCANNING : DRREDDY
circuit : 0.94%  2021-12-21T11:05:00+0530
adx : 31.64  aroonosc : 78.57
-----------------------------------------------
11:10:51 : SCANNING : ECLERX
circuit : 0.81%  2021-12-21T11:10:00+0530
adx : 15.29  aroonosc : -85.71
-----------------------------------------------
11:10:51 : SCANNING : EDELWEISS
circuit : 0.36%  2021-12-21T11:10:00+0530
adx : 11.9  aroonosc : 28.57
-----------------------------------------------
11:10:52 : SCANNING : EICHERMOT
circuit : 0.17%  2021-12-21T11:10:00+0530
adx : 34.85  aroonosc : 50.0
-----------------------------------------------
11:10:52 : SCANNING : EIDPARRY
circuit : 1.61%  2021-12-21T11:10:00+0530
adx : 23.63  aroonosc : 35.71
-----------------------------------------------
11:10:52 : SCANNING : EIHOTEL
circuit : 1.38%  2021-12-21T11:10:00+0530
adx : 9.06  aroonosc : -14.29
-----------------------------------------------
11:10:53 : SCANNING : ELGIEQUIP
circuit : -0.31%  2021-12-21T11:10:00+0530
adx : 26.7  aroonosc : -64.29
-----------------------------------------------
11:10:53 : SCANNING : EMAMILTD
circuit : -0.82%  2021-12-21T11:10:00+0530
adx : 24.96  aroonosc : 35.71
-----------------------------------------------
11:10:54 : SCANNING : ENDURANCE
circuit : 0.12%  2021-12-21T11:10:00+0530
adx : 17.75  aroonosc : 42.86
-----------------------------------------------
11:10:54 : SCANNING : ENGINERSIN
circuit : 0.22%  2021-12-21T11:10:00+0530
adx : 12.66  aroonosc : 85.71
-----------------------------------------------
11:10:54 : SCANNING : EPL
circuit : 1.71%  2021-12-21T11:10:00+0530
adx : 42.32  aroonosc : 92.86
-----------------------------------------------
11:10:55 : SCANNING : EQUITAS
circuit : -1.31%  2021-12-21T11:10:00+0530
adx : 21.95  aroonosc : -42.86
-----------------------------------------------
11:10:55 : SCANNING : ERIS
circuit : 0.24%  2021-12-21T11:10:00+0530
adx : 18.27  aroonosc : 85.71
-----------------------------------------------
11:10:56 : SCANNING : ESCORTS
circuit : 0.52%  2021-12-21T11:10:00+0530
adx : 18.31  aroonosc : -50.0
-----------------------------------------------
11:10:56 : SCANNING : EXIDEIND
circuit : 0.19%  2021-12-21T11:10:00+0530
adx : 35.23  aroonosc : -92.86
-----------------------------------------------
11:10:57 : SCANNING : FCONSUMER
circuit : -8.28%  2021-12-21T11:10:00+0530
adx : 32.39  aroonosc : -64.29
-----------------------------------------------
11:10:57 : SCANNING : FDC
circuit : 0.31%  2021-12-21T11:10:00+0530
adx : 13.67  aroonosc : 14.29
-----------------------------------------------
11:10:57 : SCANNING : FEDERALBNK
circuit : -0.43%  2021-12-21T11:10:00+0530
adx : 23.37  aroonosc : 92.86
-----------------------------------------------
11:10:58 : SCANNING : FINCABLES
circuit : 1.57%  2021-12-21T11:10:00+0530
adx : 16.42  aroonosc : 50.0
-----------------------------------------------
11:10:58 : SCANNING : FINEORG
circuit : 2.23%  2021-12-21T11:10:00+0530
adx : 27.62  aroonosc : 78.57
-----------------------------------------------
11:10:59 : SCANNING : FINPIPE
circuit : 3.81%  2021-12-21T11:10:00+0530
adx : 39.96  aroonosc : 92.86
-----------------------------------------------
11:10:59 : SCANNING : FLUOROCHEM
circuit : 3.52%  2021-12-21T11:10:00+0530
adx : 27.51  aroonosc : -21.43
-----------------------------------------------
11:10:59 : SCANNING : FORTIS
circuit : 3.78%  2021-12-21T11:10:00+0530
adx : 41.45  aroonosc : 50.0
-----------------------------------------------
11:11:00 : SCANNING : FRETAIL
circuit : -9.76%  2021-12-21T11:10:00+0530
adx : 24.83  aroonosc : -35.71
-----------------------------------------------
11:11:00 : SCANNING : FSL
circuit : 0.9%  2021-12-21T11:10:00+0530
adx : 15.83  aroonosc : -35.71
-----------------------------------------------
11:11:00 : SCANNING : GAEL
circuit : 1.64%  2021-12-21T11:10:00+0530
adx : 18.45  aroonosc : 28.57
-----------------------------------------------
11:11:01 : SCANNING : GAIL
circuit : 0.87%  2021-12-21T11:10:00+0530
adx : 30.76  aroonosc : 35.71
-----------------------------------------------
11:11:01 : SCANNING : GALAXYSURF
circuit : 0.38%  2021-12-21T11:10:00+0530
adx : 29.18  aroonosc : 28.57
-----------------------------------------------
11:11:01 : SCANNING : GARFIBRES
circuit : -0.12%  2021-12-21T11:10:00+0530
adx : 24.1  aroonosc : 28.57
-----------------------------------------------
11:11:02 : SCANNING : GEPIL
circuit : 2.05%  2021-12-21T11:10:00+0530
adx : 11.32  aroonosc : -21.43
-----------------------------------------------
11:11:02 : SCANNING : GESHIP
circuit : 2.34%  2021-12-21T11:10:00+0530
adx : 29.48  aroonosc : 35.71
-----------------------------------------------
11:11:03 : SCANNING : GICRE
circuit : 1.12%  2021-12-21T11:10:00+0530
adx : 11.73  aroonosc : -14.29
-----------------------------------------------
11:11:03 : SCANNING : GILLETTE
circuit : 1.08%  2021-12-21T11:10:00+0530
adx : 25.04  aroonosc : 78.57
-----------------------------------------------
11:11:04 : SCANNING : GLAND
circuit : 1.23%  2021-12-21T11:10:00+0530
adx : 14.38  aroonosc : 71.43
-----------------------------------------------
11:11:04 : SCANNING : GLAXO
circuit : 2.22%  2021-12-21T11:10:00+0530
adx : 46.33  aroonosc : 92.86
-----------------------------------------------
11:11:04 : SCANNING : GLENMARK
circuit : -0.14%  2021-12-21T11:10:00+0530
adx : 14.75  aroonosc : 21.43
-----------------------------------------------
11:11:05 : SCANNING : GMMPFAUDLR
circuit : 2.85%  2021-12-21T11:10:00+0530
adx : 55.84  aroonosc : 71.43
-----------------------------------------------
11:11:05 : SCANNING : GMRINFRA
circuit : 1.25%  2021-12-21T11:10:00+0530
adx : 29.79  aroonosc : 42.86
-----------------------------------------------
11:11:06 : SCANNING : GNFC
circuit : 1.2%  2021-12-21T11:10:00+0530
adx : 26.98  aroonosc : 14.29
-----------------------------------------------
11:11:06 : SCANNING : GODFRYPHLP
circuit : 0.17%  2021-12-21T11:10:00+0530
adx : 10.09  aroonosc : -71.43
-----------------------------------------------
11:11:06 : SCANNING : GODREJAGRO
circuit : -0.83%  2021-12-21T11:10:00+0530
adx : 22.91  aroonosc : -57.14
-----------------------------------------------
11:11:07 : SCANNING : GODREJCP
circuit : 5.18%  2021-12-21T11:10:00+0530
adx : 56.36  aroonosc : 92.86
-----------------------------------------------
11:11:07 : SCANNING : GODREJIND
circuit : 2.52%  2021-12-21T11:10:00+0530
adx : 43.84  aroonosc : -85.71
-----------------------------------------------
11:11:08 : SCANNING : GODREJPROP
circuit : 0.99%  2021-12-21T11:10:00+0530
adx : 17.29  aroonosc : -85.71
-----------------------------------------------
11:11:08 : SCANNING : GPPL
circuit : -0.21%  2021-12-21T11:10:00+0530
adx : 29.8  aroonosc : -50.0
-----------------------------------------------
11:11:08 : SCANNING : GRANULES
circuit : -0.45%  2021-12-21T11:10:00+0530
adx : 9.21  aroonosc : 92.86
-----------------------------------------------
11:11:09 : SCANNING : GRAPHITE
circuit : 0.13%  2021-12-21T11:10:00+0530
adx : 27.04  aroonosc : 7.14
-----------------------------------------------
11:11:09 : SCANNING : GRASIM
circuit : 2.11%  2021-12-21T11:10:00+0530
adx : 53.58  aroonosc : -78.57
-----------------------------------------------
11:11:10 : SCANNING : GREAVESCOT
circuit : 1.15%  2021-12-21T11:10:00+0530
adx : 29.19  aroonosc : -50.0
-----------------------------------------------
11:11:10 : SCANNING : GRINDWELL
circuit : 0.05%  2021-12-21T11:10:00+0530
adx : 40.07  aroonosc : -7.14
-----------------------------------------------
11:11:10 : SCANNING : GRSE
circuit : 2.85%  2021-12-21T11:10:00+0530
adx : 21.45  aroonosc : 28.57
-----------------------------------------------
11:11:11 : SCANNING : GSFC
circuit : 0.95%  2021-12-21T11:10:00+0530
adx : 12.35  aroonosc : 28.57
-----------------------------------------------
11:11:11 : SCANNING : GSPL
circuit : 0.91%  2021-12-21T11:10:00+0530
adx : 20.77  aroonosc : 21.43
-----------------------------------------------
11:11:12 : SCANNING : GUJALKALI
circuit : -0.11%  2021-12-21T11:10:00+0530
adx : 27.19  aroonosc : -64.29
-----------------------------------------------
11:11:12 : SCANNING : GUJGASLTD
circuit : 2.1%  2021-12-21T11:10:00+0530
adx : 55.64  aroonosc : 100.0
-----------------------------------------------
11:11:12 : SCANNING : GULFOILLUB
circuit : -0.05%  2021-12-21T11:10:00+0530
adx : 22.61  aroonosc : -7.14
-----------------------------------------------
11:11:13 : SCANNING : HAL
circuit : 0.05%  2021-12-21T11:10:00+0530
adx : 26.1  aroonosc : -57.14
-----------------------------------------------
11:11:13 : SCANNING : HATSUN
circuit : -1.73%  2021-12-21T11:10:00+0530
adx : 14.62  aroonosc : 0.0
-----------------------------------------------
11:11:13 : SCANNING : HAVELLS
circuit : 3.16%  2021-12-21T11:10:00+0530
adx : 35.42  aroonosc : 21.43
-----------------------------------------------
11:11:14 : SCANNING : HCLTECH
circuit : 2.94%  2021-12-21T11:10:00+0530
adx : 59.32  aroonosc : 14.29
-----------------------------------------------
11:11:14 : SCANNING : HDFC
circuit : -0.23%  2021-12-21T11:10:00+0530
adx : 51.45  aroonosc : 78.57
-----------------------------------------------
11:11:14 : SCANNING : HDFCAMC
circuit : 0.64%  2021-12-21T11:10:00+0530
adx : 32.62  aroonosc : 78.57
-----------------------------------------------
11:11:15 : SCANNING : HDFCBANK
circuit : 0.36%  2021-12-21T11:10:00+0530
adx : 21.75  aroonosc : 64.29
-----------------------------------------------
11:11:15 : SCANNING : HDFCLIFE
circuit : 0.37%  2021-12-21T11:10:00+0530
adx : 36.1  aroonosc : 71.43
-----------------------------------------------
11:11:15 : SCANNING : HEG
circuit : -0.68%  2021-12-21T11:10:00+0530
adx : 12.63  aroonosc : 50.0
-----------------------------------------------
11:11:16 : SCANNING : HEIDELBERG
circuit : 0.23%  2021-12-21T11:10:00+0530
adx : 19.01  aroonosc : -28.57
-----------------------------------------------
11:11:16 : SCANNING : HEMIPROP
circuit : 1.52%  2021-12-21T11:10:00+0530
adx : 20.95  aroonosc : -21.43
-----------------------------------------------
11:11:17 : SCANNING : HEROMOTOCO
circuit : -1.55%  2021-12-21T11:10:00+0530
adx : 30.93  aroonosc : -92.86
-----------------------------------------------
11:11:17 : SCANNING : HINDALCO
circuit : 2.11%  2021-12-21T11:10:00+0530
adx : 58.6  aroonosc : 64.29
-----------------------------------------------
11:11:17 : SCANNING : HINDCOPPER
circuit : 0.79%  2021-12-21T11:10:00+0530
adx : 33.73  aroonosc : 14.29
-----------------------------------------------
11:11:18 : SCANNING : HINDPETRO
circuit : 1.06%  2021-12-21T11:10:00+0530
adx : 21.61  aroonosc : 71.43
-----------------------------------------------
11:11:18 : SCANNING : HINDUNILVR
circuit : 0.33%  2021-12-21T11:10:00+0530
adx : 35.49  aroonosc : 78.57
-----------------------------------------------
11:11:18 : SCANNING : HINDZINC
circuit : 1.87%  2021-12-21T11:10:00+0530
adx : 28.42  aroonosc : 64.29
-----------------------------------------------
11:11:19 : SCANNING : HONAUT
circuit : -0.41%  2021-12-21T11:10:00+0530
adx : 13.9  aroonosc : -28.57
-----------------------------------------------
11:11:19 : SCANNING : HSCL
circuit : 1.53%  2021-12-21T11:10:00+0530
adx : 44.66  aroonosc : 28.57
-----------------------------------------------
11:11:19 : SCANNING : HUDCO
circuit : 0.39%  2021-12-21T11:10:00+0530
adx : 18.18  aroonosc : -85.71
-----------------------------------------------
11:11:20 : SCANNING : HUHTAMAKI
circuit : 1.32%  2021-12-21T11:10:00+0530
adx : 12.49  aroonosc : 57.14
-----------------------------------------------
11:11:20 : SCANNING : IBREALEST
circuit : 3.67%  2021-12-21T11:10:00+0530
adx : 45.67  aroonosc : 100.0
-----------------------------------------------
11:11:20 : SCANNING : IBULHSGFIN
circuit : 0.7%  2021-12-21T11:10:00+0530
adx : 23.63  aroonosc : -50.0
-----------------------------------------------
11:11:21 : SCANNING : ICICIBANK
circuit : 0.76%  2021-12-21T11:10:00+0530
adx : 47.46  aroonosc : 71.43
-----------------------------------------------
11:11:21 : SCANNING : ICICIGI
circuit : 2.09%  2021-12-21T11:10:00+0530
adx : 43.73  aroonosc : 100.0
-----------------------------------------------
11:11:22 : SCANNING : ICICIPRULI
circuit : 2.48%  2021-12-21T11:10:00+0530
adx : 49.4  aroonosc : 42.86
-----------------------------------------------
11:11:22 : SCANNING : ICIL
circuit : -1.32%  2021-12-21T11:10:00+0530
adx : 16.71  aroonosc : 35.71
-----------------------------------------------
11:11:22 : SCANNING : IDBI
circuit : 2.74%  2021-12-21T11:10:00+0530
adx : 48.8  aroonosc : 0.0
-----------------------------------------------
11:11:23 : SCANNING : IDEA
circuit : 4.33%  2021-12-21T11:10:00+0530
adx : 45.44  aroonosc : 28.57
-----------------------------------------------
11:11:23 : SCANNING : IDFC
circuit : 1.89%  2021-12-21T11:10:00+0530
adx : 43.56  aroonosc : 100.0
-----------------------------------------------
11:11:24 : SCANNING : IDFCFIRSTB
circuit : 0.54%  2021-12-21T11:10:00+0530
adx : 9.63  aroonosc : 35.71
-----------------------------------------------
11:11:24 : SCANNING : IEX
circuit : 1.65%  2021-12-21T11:10:00+0530
adx : 34.94  aroonosc : -35.71
-----------------------------------------------
11:11:25 : SCANNING : IFBIND
circuit : 0.32%  2021-12-21T11:10:00+0530
adx : 22.59  aroonosc : -64.29
-----------------------------------------------
11:11:25 : SCANNING : IGL
circuit : 1.01%  2021-12-21T11:10:00+0530
adx : 38.16  aroonosc : 64.29
-----------------------------------------------
11:11:26 : SCANNING : IIFL
circuit : 0.18%  2021-12-21T11:10:00+0530
adx : 19.2  aroonosc : -14.29
-----------------------------------------------
11:11:26 : SCANNING : IIFLWAM
circuit : -2.6%  2021-12-21T11:10:00+0530
adx : 32.85  aroonosc : -92.86
-----------------------------------------------
11:11:27 : SCANNING : INDHOTEL
circuit : -0.6%  2021-12-21T11:10:00+0530
adx : 9.9  aroonosc : 50.0
-----------------------------------------------
11:11:27 : SCANNING : INDIACEM
circuit : 1.28%  2021-12-21T11:10:00+0530
adx : 33.55  aroonosc : 64.29
-----------------------------------------------
11:11:28 : SCANNING : INDIAMART
circuit : -0.03%  2021-12-21T11:10:00+0530
adx : 10.84  aroonosc : -57.14
-----------------------------------------------
11:11:28 : SCANNING : INDIANB
circuit : 1.07%  2021-12-21T11:10:00+0530
adx : 30.7  aroonosc : 85.71
-----------------------------------------------
11:11:28 : SCANNING : INDIGO
circuit : 0.83%  2021-12-21T11:10:00+0530
adx : 25.38  aroonosc : 64.29
-----------------------------------------------
11:11:29 : SCANNING : INDOCO
circuit : 1.86%  2021-12-21T11:10:00+0530
adx : 28.77  aroonosc : 92.86
-----------------------------------------------
11:11:29 : SCANNING : INDUSINDBK
circuit : 0.71%  2021-12-21T11:10:00+0530
adx : 28.97  aroonosc : 92.86
-----------------------------------------------
11:11:29 : SCANNING : INDUSTOWER
circuit : 4.38%  2021-12-21T11:10:00+0530
adx : 43.72  aroonosc : 92.86
-----------------------------------------------
11:11:30 : SCANNING : INFIBEAM
circuit : 1.41%  2021-12-21T11:10:00+0530
adx : 33.51  aroonosc : -14.29
-----------------------------------------------
11:11:30 : SCANNING : INFY
circuit : 1.5%  2021-12-21T11:10:00+0530
adx : 38.02  aroonosc : 78.57
-----------------------------------------------
11:11:31 : SCANNING : INGERRAND
circuit : 0.96%  2021-12-21T11:10:00+0530
adx : 15.16  aroonosc : -35.71
-----------------------------------------------
11:11:31 : SCANNING : INOXLEISUR
circuit : 3.45%  2021-12-21T11:10:00+0530
adx : 51.07  aroonosc : 35.71
-----------------------------------------------
11:11:31 : SCANNING : INTELLECT
circuit : -0.13%  2021-12-21T11:10:00+0530
adx : 19.38  aroonosc : -14.29
-----------------------------------------------
11:11:32 : SCANNING : IOB
circuit : 0.74%  2021-12-21T11:10:00+0530
adx : 31.59  aroonosc : -57.14
-----------------------------------------------
11:11:32 : SCANNING : IOC
circuit : 0.09%  2021-12-21T11:10:00+0530
adx : 10.13  aroonosc : 28.57
-----------------------------------------------
11:11:33 : SCANNING : IOLCP
circuit : -0.88%  2021-12-21T11:10:00+0530
adx : 45.02  aroonosc : -14.29
-----------------------------------------------
11:11:33 : SCANNING : IPCALAB
circuit : 0.38%  2021-12-21T11:10:00+0530
adx : 12.09  aroonosc : 28.57
-----------------------------------------------
11:11:33 : SCANNING : IRB
circuit : -1.29%  2021-12-21T11:10:00+0530
adx : 15.55  aroonosc : -21.43
-----------------------------------------------
11:11:34 : SCANNING : IRCON
circuit : 0.11%  2021-12-21T11:10:00+0530
adx : 26.69  aroonosc : 92.86
-----------------------------------------------
11:11:34 : SCANNING : IRCTC
circuit : 0.91%  2021-12-21T11:10:00+0530
adx : 34.61  aroonosc : 85.71
-----------------------------------------------
11:11:34 : SCANNING : ISEC
circuit : 0.99%  2021-12-21T11:10:00+0530
adx : 18.41  aroonosc : -50.0
-----------------------------------------------
11:11:35 : SCANNING : ITC
circuit : -0.05%  2021-12-21T11:10:00+0530
adx : 22.09  aroonosc : 85.71
-----------------------------------------------
11:11:35 : SCANNING : ITI
circuit : 1.34%  2021-12-21T11:10:00+0530
adx : 27.72  aroonosc : 7.14
-----------------------------------------------
11:11:35 : SCANNING : J&KBANK
circuit : 2.02%  2021-12-21T11:10:00+0530
adx : 26.96  aroonosc : 35.71
-----------------------------------------------
11:11:36 : SCANNING : JAMNAAUTO
circuit : 2.81%  2021-12-21T11:10:00+0530
adx : 26.12  aroonosc : 7.14
-----------------------------------------------
11:11:36 : SCANNING : JBCHEPHARM
circuit : -0.51%  2021-12-21T11:10:00+0530
adx : 32.86  aroonosc : 28.57
-----------------------------------------------
11:11:37 : SCANNING : JCHAC
circuit : 2.34%  2021-12-21T11:10:00+0530
adx : 41.06  aroonosc : 78.57
-----------------------------------------------
11:11:37 : SCANNING : JINDALSAW
circuit : 2.1%  2021-12-21T11:10:00+0530
adx : 19.04  aroonosc : -21.43
-----------------------------------------------
11:11:37 : SCANNING : JINDALSTEL
circuit : 2.22%  2021-12-21T11:10:00+0530
adx : 48.23  aroonosc : 0.0
-----------------------------------------------
11:11:38 : SCANNING : JKCEMENT
circuit : 3.41%  2021-12-21T11:10:00+0530
adx : 34.16  aroonosc : 92.86
-----------------------------------------------
11:11:38 : SCANNING : JKLAKSHMI
circuit : 0.43%  2021-12-21T11:10:00+0530
adx : 15.81  aroonosc : -85.71
-----------------------------------------------
11:11:38 : SCANNING : JKPAPER
circuit : 1.13%  2021-12-21T11:10:00+0530
adx : 23.76  aroonosc : -21.43
-----------------------------------------------
11:11:39 : SCANNING : JKTYRE
circuit : 2.27%  2021-12-21T11:10:00+0530
adx : 33.6  aroonosc : -50.0
-----------------------------------------------
11:11:39 : SCANNING : JMFINANCIL
circuit : -0.82%  2021-12-21T11:10:00+0530
adx : 17.04  aroonosc : -35.71
-----------------------------------------------
11:11:40 : SCANNING : JSL
circuit : 2.88%  2021-12-21T11:10:00+0530
adx : 24.55  aroonosc : -78.57
-----------------------------------------------
11:11:40 : SCANNING : JSLHISAR
circuit : 3.55%  2021-12-21T11:10:00+0530
adx : 26.43  aroonosc : 92.86
-----------------------------------------------
11:11:40 : SCANNING : JSWSTEEL
circuit : 2.53%  2021-12-21T11:10:00+0530
adx : 64.93  aroonosc : 42.86
-----------------------------------------------
11:11:41 : SCANNING : JTEKTINDIA
circuit : 1.93%  2021-12-21T11:10:00+0530
adx : 14.56  aroonosc : 100.0
-----------------------------------------------
11:11:41 : SCANNING : JUBLFOOD
circuit : -0.01%  2021-12-21T11:10:00+0530
adx : 18.35  aroonosc : 21.43
-----------------------------------------------
11:11:42 : SCANNING : JUSTDIAL
circuit : 2.75%  2021-12-21T11:10:00+0530
adx : 36.96  aroonosc : -50.0
-----------------------------------------------
11:11:42 : SCANNING : JYOTHYLAB
circuit : 0.75%  2021-12-21T11:10:00+0530
adx : 21.53  aroonosc : -21.43
-----------------------------------------------
11:11:42 : SCANNING : KAJARIACER
circuit : 1.49%  2021-12-21T11:10:00+0530
adx : 17.05  aroonosc : 0.0
-----------------------------------------------
11:11:43 : SCANNING : KALPATPOWR
circuit : 1.38%  2021-12-21T11:10:00+0530
adx : 14.9  aroonosc : 42.86
-----------------------------------------------
11:11:43 : SCANNING : KANSAINER
circuit : 0.68%  2021-12-21T11:10:00+0530
adx : 32.91  aroonosc : 14.29
-----------------------------------------------
11:11:44 : SCANNING : KARURVYSYA
circuit : -0.33%  2021-12-21T11:10:00+0530
adx : 25.17  aroonosc : 0.0
-----------------------------------------------
11:11:44 : SCANNING : KEC
circuit : 0.55%  2021-12-21T11:10:00+0530
adx : 12.0  aroonosc : -35.71
-----------------------------------------------
11:11:45 : SCANNING : KEI
circuit : -0.58%  2021-12-21T11:10:00+0530
adx : 8.61  aroonosc : -21.43
-----------------------------------------------
11:11:50 : SCANNING : KNRCON
circuit : 0.23%  2021-12-21T11:10:00+0530
adx : 6.76  aroonosc : -35.71
-----------------------------------------------
11:11:51 : SCANNING : KOTAKBANK
circuit : -0.27%  2021-12-21T11:10:00+0530
adx : 23.37  aroonosc : 64.29
-----------------------------------------------
11:11:51 : SCANNING : KPITTECH
circuit : 2.73%  2021-12-21T11:10:00+0530
adx : 28.89  aroonosc : -78.57
-----------------------------------------------
11:11:51 : SCANNING : KPRMILL
circuit : 2.11%  2021-12-21T11:10:00+0530
adx : 15.95  aroonosc : -78.57
-----------------------------------------------
11:11:52 : SCANNING : KRBL
circuit : 2.13%  2021-12-21T11:10:00+0530
adx : 20.57  aroonosc : 78.57
-----------------------------------------------
11:11:52 : SCANNING : KSB
circuit : 1.81%  2021-12-21T11:10:00+0530
adx : 12.86  aroonosc : 92.86
-----------------------------------------------
11:11:52 : SCANNING : KSCL
circuit : -0.84%  2021-12-21T11:10:00+0530
adx : 22.29  aroonosc : 14.29
-----------------------------------------------
11:11:53 : SCANNING : L&TFH
circuit : 3.65%  2021-12-21T11:10:00+0530
adx : 58.03  aroonosc : 100.0
-----------------------------------------------
11:11:53 : SCANNING : LALPATHLAB
circuit : -0.16%  2021-12-21T11:10:00+0530
adx : 16.05  aroonosc : -7.14
-----------------------------------------------
11:11:54 : SCANNING : LAOPALA
circuit : 4.47%  2021-12-21T11:10:00+0530
adx : 41.27  aroonosc : -64.29
-----------------------------------------------
11:11:54 : SCANNING : LAURUSLABS
circuit : 1.16%  2021-12-21T11:10:00+0530
adx : 14.24  aroonosc : 50.0
-----------------------------------------------
11:11:54 : SCANNING : LAXMIMACH
circuit : 3.17%  2021-12-21T11:10:00+0530
adx : 22.31  aroonosc : -85.71
-----------------------------------------------
11:11:55 : SCANNING : LEMONTREE
circuit : 4.36%  2021-12-21T11:10:00+0530
adx : 36.27  aroonosc : 21.43
-----------------------------------------------
11:11:55 : SCANNING : LICHSGFIN
circuit : 1.1%  2021-12-21T11:10:00+0530
adx : 41.34  aroonosc : 92.86
-----------------------------------------------
11:11:56 : SCANNING : LINDEINDIA
circuit : 0.99%  2021-12-21T11:10:00+0530
adx : 13.3  aroonosc : 57.14
-----------------------------------------------
11:11:56 : SCANNING : LT
circuit : 0.86%  2021-12-21T11:10:00+0530
adx : 31.27  aroonosc : 35.71
-----------------------------------------------
11:11:56 : SCANNING : LTI
circuit : 2.59%  2021-12-21T11:10:00+0530
adx : 27.83  aroonosc : 57.14
-----------------------------------------------
11:11:57 : SCANNING : LTTS
circuit : 1.79%  2021-12-21T11:10:00+0530
adx : 27.21  aroonosc : 92.86
-----------------------------------------------
11:11:57 : SCANNING : LUPIN
circuit : 0.15%  2021-12-21T11:10:00+0530
adx : 28.73  aroonosc : 35.71
-----------------------------------------------
11:11:57 : SCANNING : LUXIND
circuit : 0.9%  2021-12-21T11:10:00+0530
adx : 35.05  aroonosc : 21.43
-----------------------------------------------
11:11:58 : SCANNING : M&M
circuit : -0.22%  2021-12-21T11:10:00+0530
adx : 29.12  aroonosc : 64.29
-----------------------------------------------
11:11:58 : SCANNING : M&MFIN
circuit : 1.23%  2021-12-21T11:10:00+0530
adx : 24.64  aroonosc : 92.86
-----------------------------------------------
11:11:58 : SCANNING : MAHABANK
circuit : 0.26%  2021-12-21T11:10:00+0530
adx : 16.26  aroonosc : -35.71
-----------------------------------------------
11:11:58 : SCANNING : MAHINDCIE
circuit : 0.87%  2021-12-21T11:10:00+0530
adx : 16.79  aroonosc : -7.14
-----------------------------------------------
11:11:59 : SCANNING : MAHLOG
circuit : -1.49%  2021-12-21T11:10:00+0530
adx : 10.81  aroonosc : -92.86
-----------------------------------------------
11:11:59 : SCANNING : MAHSCOOTER
circuit : 3.23%  2021-12-21T11:10:00+0530
adx : 33.87  aroonosc : 85.71
-----------------------------------------------
11:12:00 : SCANNING : MAHSEAMLES
circuit : 1.41%  2021-12-21T11:10:00+0530
adx : 35.86  aroonosc : -85.71
-----------------------------------------------
11:12:00 : SCANNING : MANAPPURAM
circuit : -0.44%  2021-12-21T11:10:00+0530
adx : 33.01  aroonosc : 92.86
-----------------------------------------------
11:12:00 : SCANNING : MARICO
circuit : 0.79%  2021-12-21T11:10:00+0530
adx : 34.05  aroonosc : 78.57
-----------------------------------------------
11:12:01 : SCANNING : MARUTI
circuit : 0.32%  2021-12-21T11:10:00+0530
adx : 30.87  aroonosc : 50.0
-----------------------------------------------
11:12:01 : SCANNING : MASFIN
circuit : 3.47%  2021-12-21T11:10:00+0530
adx : 21.49  aroonosc : 100.0
-----------------------------------------------
11:12:01 : SCANNING : MAXHEALTH
circuit : 1.9%  2021-12-21T11:10:00+0530
adx : 27.69  aroonosc : -50.0
-----------------------------------------------
11:12:02 : SCANNING : MAZDOCK
circuit : 0.42%  2021-12-21T11:10:00+0530
adx : 21.77  aroonosc : -35.71
-----------------------------------------------
11:12:02 : SCANNING : MCDOWELL-N
circuit : 2.19%  2021-12-21T11:10:00+0530
adx : 46.22  aroonosc : 85.71
-----------------------------------------------
11:12:02 : SCANNING : MCX
circuit : 1.21%  2021-12-21T11:10:00+0530
adx : 36.63  aroonosc : 35.71
-----------------------------------------------
11:12:03 : SCANNING : METROPOLIS
circuit : 3.0%  2021-12-21T11:10:00+0530
adx : 44.69  aroonosc : 50.0
-----------------------------------------------
11:12:03 : SCANNING : MFSL
circuit : 4.17%  2021-12-21T11:10:00+0530
adx : 25.79  aroonosc : 92.86
-----------------------------------------------
11:12:03 : SCANNING : MGL
circuit : 0.32%  2021-12-21T11:10:00+0530
adx : 31.12  aroonosc : 57.14
-----------------------------------------------
11:12:04 : SCANNING : MHRIL
circuit : -0.92%  2021-12-21T11:10:00+0530
adx : 12.99  aroonosc : -50.0
-----------------------------------------------
11:12:04 : SCANNING : MIDHANI
circuit : 0.69%  2021-12-21T11:10:00+0530
adx : 14.63  aroonosc : -50.0
-----------------------------------------------
11:12:04 : SCANNING : MINDACORP
circuit : 4.1%  2021-12-21T11:10:00+0530
adx : 40.48  aroonosc : 85.71
-----------------------------------------------
11:12:04 : SCANNING : MINDAIND
circuit : 1.21%  2021-12-21T11:10:00+0530
adx : 37.83  aroonosc : 71.43
-----------------------------------------------
11:12:05 : SCANNING : MINDTREE
circuit : 1.48%  2021-12-21T11:10:00+0530
adx : 43.24  aroonosc : 57.14
-----------------------------------------------
11:12:05 : SCANNING : MMTC
circuit : 1.97%  2021-12-21T11:10:00+0530
adx : 42.27  aroonosc : 57.14
-----------------------------------------------
11:12:05 : SCANNING : MOIL
circuit : 2.01%  2021-12-21T11:10:00+0530
adx : 42.1  aroonosc : 64.29
-----------------------------------------------
11:12:06 : SCANNING : MOTILALOFS
circuit : 0.22%  2021-12-21T11:10:00+0530
adx : 18.96  aroonosc : -50.0
-----------------------------------------------
11:12:06 : SCANNING : MPHASIS
circuit : 0.49%  2021-12-21T11:10:00+0530
adx : 22.26  aroonosc : 28.57
-----------------------------------------------
11:12:06 : SCANNING : MRF
circuit : 0.31%  2021-12-21T11:10:00+0530
adx : 15.69  aroonosc : -50.0
-----------------------------------------------
11:12:07 : SCANNING : MRPL
circuit : -0.24%  2021-12-21T11:10:00+0530
adx : 25.5  aroonosc : -28.57
-----------------------------------------------
11:12:07 : SCANNING : MUTHOOTFIN
circuit : 0.5%  2021-12-21T11:10:00+0530
adx : 16.2  aroonosc : 85.71
-----------------------------------------------
11:12:07 : SCANNING : NAM-INDIA
circuit : 1.61%  2021-12-21T11:10:00+0530
adx : 22.75  aroonosc : 42.86
-----------------------------------------------
11:12:08 : SCANNING : NATCOPHARM
circuit : 2.65%  2021-12-21T11:10:00+0530
adx : 14.15  aroonosc : -85.71
-----------------------------------------------
11:12:08 : SCANNING : NATIONALUM
circuit : 2.79%  2021-12-21T11:10:00+0530
adx : 52.31  aroonosc : -42.86
-----------------------------------------------
11:12:08 : SCANNING : NAUKRI
circuit : 0.35%  2021-12-21T11:10:00+0530
adx : 20.92  aroonosc : 21.43
-----------------------------------------------
11:12:09 : SCANNING : NAVINFLUOR
circuit : 3.19%  2021-12-21T11:10:00+0530
adx : 51.69  aroonosc : 50.0
-----------------------------------------------
11:12:09 : SCANNING : NBCC
circuit : 0.48%  2021-12-21T11:10:00+0530
adx : 29.43  aroonosc : 57.14
-----------------------------------------------
11:12:09 : SCANNING : NCC
circuit : 0.73%  2021-12-21T11:10:00+0530
adx : 37.38  aroonosc : 85.71
-----------------------------------------------
11:12:10 : SCANNING : NESCO
circuit : 1.41%  2021-12-21T11:10:00+0530
adx : 11.61  aroonosc : -50.0
-----------------------------------------------
11:12:10 : SCANNING : NESTLEIND
circuit : 1.09%  2021-12-21T11:10:00+0530
adx : 51.7  aroonosc : 78.57
-----------------------------------------------
11:12:10 : SCANNING : NETWORK18
circuit : 2.52%  2021-12-21T11:10:00+0530
adx : 22.39  aroonosc : 57.14
-----------------------------------------------
11:12:11 : SCANNING : NFL
circuit : 1.52%  2021-12-21T11:10:00+0530
adx : 36.64  aroonosc : 7.14
-----------------------------------------------
11:12:11 : SCANNING : NH
circuit : 1.8%  2021-12-21T11:10:00+0530
adx : 16.62  aroonosc : 78.57
-----------------------------------------------
11:12:11 : SCANNING : NHPC
circuit : 1.85%  2021-12-21T11:10:00+0530
adx : 33.02  aroonosc : -14.29
-----------------------------------------------
11:12:11 : SCANNING : NIACL
circuit : -0.07%  2021-12-21T11:10:00+0530
adx : 23.14  aroonosc : 100.0
-----------------------------------------------
11:12:12 : SCANNING : NILKAMAL
circuit : 0.21%  2021-12-21T11:10:00+0530
adx : 12.34  aroonosc : 71.43
-----------------------------------------------
11:12:12 : SCANNING : NLCINDIA
circuit : 0.68%  2021-12-21T11:10:00+0530
adx : 25.34  aroonosc : -21.43
-----------------------------------------------
11:12:12 : SCANNING : NMDC
circuit : 7.28%  2021-12-21T11:10:00+0530
adx : 13.88  aroonosc : 71.43
-----------------------------------------------
11:12:13 : SCANNING : NOCIL
circuit : 0.96%  2021-12-21T11:10:00+0530
adx : 33.98  aroonosc : 57.14
-----------------------------------------------
11:12:13 : SCANNING : NTPC
circuit : 0.4%  2021-12-21T11:10:00+0530
adx : 32.85  aroonosc : -28.57
rpt : 1190.0
{'candle': 'green', 'type': 'BUY', 'instrument': 'NTPC', 'price': 120.2, 'qty': 4949, 'target': 120.35, 'stoploss': 120.05, 'volume': 82550, 'adx': 50.48648436642578, 'aroonosc': 64.28571428571429, 'atr': 0.35497661662436336, 'open': 120.15, 'high': 120.35, 'low': 120.05, 'close': 120.35, 'product': 'MIS', 'time': '2021-12-20T13:45:00+0530'}
11:12:13 : Validation Failed : Time Gap in Seconds : 77234
-----------------------------------------------
11:12:14 : SCANNING : OBEROIRLTY
circuit : 1.69%  2021-12-21T11:10:00+0530
adx : 29.34  aroonosc : 64.29
-----------------------------------------------
11:12:14 : SCANNING : OFSS
circuit : 1.73%  2021-12-21T11:10:00+0530
adx : 47.99  aroonosc : 14.29
-----------------------------------------------
11:12:14 : SCANNING : OIL
circuit : 1.67%  2021-12-21T11:10:00+0530
adx : 16.7  aroonosc : 71.43
-----------------------------------------------
11:12:15 : SCANNING : ONGC
circuit : 0.19%  2021-12-21T11:10:00+0530
adx : 36.41  aroonosc : 78.57
-----------------------------------------------
11:12:15 : SCANNING : ORIENTELEC
circuit : 1.99%  2021-12-21T11:10:00+0530
adx : 14.18  aroonosc : 50.0
-----------------------------------------------
11:12:15 : SCANNING : PAGEIND
circuit : 1.23%  2021-12-21T11:10:00+0530
adx : 19.83  aroonosc : 35.71
-----------------------------------------------
11:12:16 : SCANNING : PEL
circuit : 1.62%  2021-12-21T11:10:00+0530
adx : 30.24  aroonosc : 92.86
-----------------------------------------------
11:12:16 : SCANNING : PERSISTENT
circuit : -1.6%  2021-12-21T11:10:00+0530
adx : 25.75  aroonosc : -21.43
-----------------------------------------------
11:12:16 : SCANNING : PETRONET
circuit : 0.05%  2021-12-21T11:10:00+0530
adx : 12.01  aroonosc : 42.86
-----------------------------------------------
11:12:17 : SCANNING : PFC
circuit : 0.82%  2021-12-21T11:10:00+0530
adx : 19.41  aroonosc : 85.71
-----------------------------------------------
11:12:17 : SCANNING : PFIZER
circuit : 0.77%  2021-12-21T11:10:00+0530
adx : 14.16  aroonosc : 35.71
-----------------------------------------------
11:12:17 : SCANNING : PGHH
circuit : 0.52%  2021-12-21T11:10:00+0530
adx : 23.5  aroonosc : -14.29
-----------------------------------------------
11:12:18 : SCANNING : PGHL
circuit : -0.44%  2021-12-21T11:10:00+0530
adx : 15.71  aroonosc : -35.71
-----------------------------------------------
11:12:18 : SCANNING : PHILIPCARB
circuit : 1.23%  2021-12-21T11:10:00+0530
adx : 6.91  aroonosc : -64.29
-----------------------------------------------
11:12:18 : SCANNING : PHOENIXLTD
circuit : -3.58%  2021-12-21T11:10:00+0530
adx : 26.25  aroonosc : -28.57
-----------------------------------------------
11:12:19 : SCANNING : PIDILITIND
circuit : 0.8%  2021-12-21T11:10:00+0530
adx : 40.64  aroonosc : 85.71
-----------------------------------------------
11:12:19 : SCANNING : PIIND
circuit : 1.44%  2021-12-21T11:10:00+0530
adx : 29.68  aroonosc : 64.29
-----------------------------------------------
11:12:19 : SCANNING : PNB
circuit : 0.81%  2021-12-21T11:10:00+0530
adx : 16.86  aroonosc : -64.29
-----------------------------------------------
11:12:20 : SCANNING : PNBHOUSING
circuit : 5.01%  2021-12-21T11:10:00+0530
adx : 54.75  aroonosc : 100.0
-----------------------------------------------
11:12:20 : SCANNING : PNCINFRA
circuit : -0.36%  2021-12-21T11:10:00+0530
adx : 19.17  aroonosc : 35.71
-----------------------------------------------
11:12:20 : SCANNING : POLYCAB
circuit : 0.61%  2021-12-21T11:10:00+0530
adx : 46.82  aroonosc : 50.0
-----------------------------------------------
11:12:21 : SCANNING : POLYMED
circuit : -0.88%  2021-12-21T11:10:00+0530
adx : 22.0  aroonosc : 28.57
-----------------------------------------------
11:12:21 : SCANNING : POLYPLEX
circuit : 0.84%  2021-12-21T11:10:00+0530
adx : 22.35  aroonosc : 42.86
-----------------------------------------------
11:12:22 : SCANNING : POWERGRID
circuit : -1.8%  2021-12-21T11:10:00+0530
adx : 20.17  aroonosc : -100.0
-----------------------------------------------
11:12:22 : SCANNING : POWERINDIA
circuit : -0.03%  2021-12-21T11:10:00+0530
adx : 21.11  aroonosc : -92.86
-----------------------------------------------
11:12:22 : SCANNING : PRESTIGE
circuit : 0.88%  2021-12-21T11:10:00+0530
adx : 19.91  aroonosc : -85.71
-----------------------------------------------
11:12:23 : SCANNING : PRINCEPIPE
circuit : 2.09%  2021-12-21T11:10:00+0530
adx : 35.82  aroonosc : 57.14
-----------------------------------------------
11:12:23 : SCANNING : PRSMJOHNSN
circuit : 3.74%  2021-12-21T11:10:00+0530
adx : 35.63  aroonosc : 14.29
-----------------------------------------------
11:12:23 : SCANNING : PSB
circuit : 0.63%  2021-12-21T11:10:00+0530
adx : 17.94  aroonosc : -64.29
-----------------------------------------------
11:12:23 : SCANNING : PVR
circuit : 0.86%  2021-12-21T11:10:00+0530
adx : 27.88  aroonosc : 50.0
-----------------------------------------------
11:12:24 : SCANNING : QUESS
circuit : 0.74%  2021-12-21T11:10:00+0530
adx : 17.93  aroonosc : 7.14
-----------------------------------------------
11:12:24 : SCANNING : RADICO
circuit : 0.47%  2021-12-21T11:10:00+0530
adx : 18.54  aroonosc : -14.29
-----------------------------------------------
11:12:24 : SCANNING : RAIN
circuit : -0.61%  2021-12-21T11:10:00+0530
adx : 11.62  aroonosc : 28.57
-----------------------------------------------
11:12:25 : SCANNING : RAJESHEXPO
circuit : -0.13%  2021-12-21T11:10:00+0530
adx : 7.5  aroonosc : -14.29
-----------------------------------------------
11:12:25 : SCANNING : RALLIS
circuit : 0.28%  2021-12-21T11:10:00+0530
adx : 11.03  aroonosc : -35.71
-----------------------------------------------
11:12:25 : SCANNING : RAMCOCEM
circuit : 1.95%  2021-12-21T11:10:00+0530
adx : 24.67  aroonosc : 85.71
-----------------------------------------------
11:12:26 : SCANNING : RATNAMANI
circuit : 3.24%  2021-12-21T11:10:00+0530
adx : 33.41  aroonosc : -78.57
-----------------------------------------------
11:12:26 : SCANNING : RAYMOND
circuit : 0.65%  2021-12-21T11:10:00+0530
adx : 32.82  aroonosc : 42.86
-----------------------------------------------
11:12:26 : SCANNING : RBLBANK
circuit : 0.29%  2021-12-21T11:10:00+0530
adx : 22.34  aroonosc : 85.71
-----------------------------------------------
11:12:27 : SCANNING : RCF
circuit : 1.66%  2021-12-21T11:10:00+0530
adx : 29.54  aroonosc : 42.86
-----------------------------------------------
11:12:27 : SCANNING : RECLTD
circuit : 1.14%  2021-12-21T11:10:00+0530
adx : 44.16  aroonosc : 100.0
-----------------------------------------------
11:12:27 : SCANNING : REDINGTON
circuit : 0.48%  2021-12-21T11:10:00+0530
adx : 13.69  aroonosc : -21.43
-----------------------------------------------
11:12:28 : SCANNING : RELAXO
circuit : 2.52%  2021-12-21T11:10:00+0530
adx : 31.14  aroonosc : -42.86
-----------------------------------------------
11:12:28 : SCANNING : RELIANCE
circuit : 0.53%  2021-12-21T11:10:00+0530
adx : 50.24  aroonosc : 35.71
-----------------------------------------------
11:12:28 : SCANNING : RESPONIND
circuit : 2.52%  2021-12-21T11:10:00+0530
adx : 20.92  aroonosc : -64.29
-----------------------------------------------
11:12:29 : SCANNING : RHIM
circuit : 0.92%  2021-12-21T11:10:00+0530
adx : 33.8  aroonosc : 21.43
-----------------------------------------------
11:12:29 : SCANNING : RITES
circuit : -1.46%  2021-12-21T11:10:00+0530
adx : 20.29  aroonosc : -28.57
-----------------------------------------------
11:12:29 : SCANNING : ROSSARI
circuit : 0.4%  2021-12-21T11:10:00+0530
adx : 23.67  aroonosc : -28.57
-----------------------------------------------
11:12:30 : SCANNING : ROUTE
circuit : 1.0%  2021-12-21T11:10:00+0530
adx : 15.22  aroonosc : -14.29
-----------------------------------------------
11:12:31 : SCANNING : RVNL
circuit : 1.19%  2021-12-21T11:10:00+0530
adx : 47.04  aroonosc : -35.71
-----------------------------------------------
11:12:31 : SCANNING : SAIL
circuit : 2.0%  2021-12-21T11:10:00+0530
adx : 30.61  aroonosc : -42.86
-----------------------------------------------
11:12:31 : SCANNING : SANOFI
circuit : 0.08%  2021-12-21T11:10:00+0530
adx : 29.38  aroonosc : 64.29
-----------------------------------------------
11:12:32 : SCANNING : SBICARD
circuit : 0.69%  2021-12-21T11:10:00+0530
adx : 43.92  aroonosc : 57.14
-----------------------------------------------
11:12:32 : SCANNING : SBILIFE
circuit : -0.32%  2021-12-21T11:10:00+0530
adx : 17.39  aroonosc : 92.86
-----------------------------------------------
11:12:32 : SCANNING : SBIN
circuit : -0.13%  2021-12-21T11:10:00+0530
adx : 32.0  aroonosc : 71.43
-----------------------------------------------
11:12:33 : SCANNING : SCHAEFFLER
circuit : 2.44%  2021-12-21T11:10:00+0530
adx : 49.83  aroonosc : 28.57
-----------------------------------------------
11:12:33 : SCANNING : SCHNEIDER
circuit : -1.85%  2021-12-21T11:10:00+0530
adx : 15.51  aroonosc : -71.43
-----------------------------------------------
11:12:33 : SCANNING : SCI
circuit : 1.98%  2021-12-21T11:10:00+0530
adx : 19.9  aroonosc : 100.0
-----------------------------------------------
11:12:34 : SCANNING : SEQUENT
circuit : 1.53%  2021-12-21T11:10:00+0530
adx : 23.01  aroonosc : 78.57
-----------------------------------------------
11:12:34 : SCANNING : SFL
circuit : 1.68%  2021-12-21T11:10:00+0530
adx : 27.69  aroonosc : 42.86
-----------------------------------------------
11:12:34 : SCANNING : SHARDACROP
circuit : -3.22%  2021-12-21T11:10:00+0530
adx : 21.96  aroonosc : -28.57
-----------------------------------------------
11:12:35 : SCANNING : SHILPAMED
circuit : 3.62%  2021-12-21T11:10:00+0530
adx : 57.29  aroonosc : 85.71
-----------------------------------------------
11:12:35 : SCANNING : SHOPERSTOP
circuit : 2.18%  2021-12-21T11:10:00+0530
adx : 15.71  aroonosc : 78.57
-----------------------------------------------
11:12:35 : SCANNING : SHREECEM
circuit : 2.59%  2021-12-21T11:10:00+0530
adx : 49.14  aroonosc : 100.0
-----------------------------------------------
11:12:35 : SCANNING : SHRIRAMCIT
circuit : -1.35%  2021-12-21T11:10:00+0530
adx : 15.46  aroonosc : 78.57
-----------------------------------------------
11:12:36 : SCANNING : SIEMENS
circuit : 0.77%  2021-12-21T11:10:00+0530
adx : 35.41  aroonosc : 57.14
-----------------------------------------------
11:12:36 : SCANNING : SIS
circuit : 0.55%  2021-12-21T11:10:00+0530
adx : 51.8  aroonosc : 85.71
-----------------------------------------------
11:12:36 : SCANNING : SJVN
circuit : 0.72%  2021-12-21T11:10:00+0530
adx : 29.85  aroonosc : 78.57
-----------------------------------------------
11:12:37 : SCANNING : SKFINDIA
circuit : -0.06%  2021-12-21T11:10:00+0530
adx : 10.98  aroonosc : -42.86
-----------------------------------------------
11:12:37 : SCANNING : SOBHA
circuit : 2.16%  2021-12-21T11:10:00+0530
adx : 25.45  aroonosc : 85.71
-----------------------------------------------
11:12:38 : SCANNING : SOLARA
circuit : -0.5%  2021-12-21T11:10:00+0530
adx : 25.1  aroonosc : -78.57
-----------------------------------------------
11:12:38 : SCANNING : SOLARINDS
circuit : -0.56%  2021-12-21T11:10:00+0530
adx : 24.68  aroonosc : -50.0
-----------------------------------------------
11:12:38 : SCANNING : SONATSOFTW
circuit : 2.2%  2021-12-21T11:10:00+0530
adx : 32.17  aroonosc : 0.0
-----------------------------------------------
11:12:39 : SCANNING : SPANDANA
circuit : -0.17%  2021-12-21T11:10:00+0530
adx : 22.28  aroonosc : 0.0
-----------------------------------------------
11:12:39 : SCANNING : SPARC
circuit : 1.42%  2021-12-21T11:10:00+0530
adx : 12.22  aroonosc : -85.71
-----------------------------------------------
11:12:39 : SCANNING : SPICEJET
circuit : 0.39%  2021-12-21T11:10:00+0530
adx : 23.86  aroonosc : 7.14
-----------------------------------------------
11:12:40 : SCANNING : SRF
circuit : 1.79%  2021-12-21T11:10:00+0530
adx : 39.29  aroonosc : 100.0
-----------------------------------------------
11:12:40 : SCANNING : SRTRANSFIN
circuit : -1.2%  2021-12-21T11:10:00+0530
adx : 26.35  aroonosc : 78.57
-----------------------------------------------
11:12:40 : SCANNING : STAR
circuit : -0.83%  2021-12-21T11:10:00+0530
adx : 9.71  aroonosc : 35.71
-----------------------------------------------
11:12:41 : SCANNING : STARCEMENT
circuit : 0.21%  2021-12-21T11:10:00+0530
adx : 14.59  aroonosc : 71.43
-----------------------------------------------
11:12:41 : SCANNING : STLTECH
circuit : 0.98%  2021-12-21T11:10:00+0530
adx : 27.56  aroonosc : 0.0
-----------------------------------------------
11:12:41 : SCANNING : SUDARSCHEM
circuit : 1.33%  2021-12-21T11:10:00+0530
adx : 34.85  aroonosc : 35.71
-----------------------------------------------
11:12:42 : SCANNING : SUMICHEM
circuit : 0.75%  2021-12-21T11:10:00+0530
adx : 14.1  aroonosc : -57.14
-----------------------------------------------
11:12:42 : SCANNING : SUNCLAYLTD
circuit : 0.92%  2021-12-21T11:10:00+0530
adx : 16.29  aroonosc : -57.14
-----------------------------------------------
11:12:42 : SCANNING : SUNDARMFIN
circuit : -0.53%  2021-12-21T11:10:00+0530
adx : 29.59  aroonosc : -85.71
-----------------------------------------------
11:12:43 : SCANNING : SUNDRMFAST
circuit : -2.07%  2021-12-21T11:10:00+0530
adx : 15.97  aroonosc : 14.29
-----------------------------------------------
11:12:43 : SCANNING : SUNPHARMA
circuit : 2.22%  2021-12-21T11:10:00+0530
adx : 41.39  aroonosc : 14.29
-----------------------------------------------
11:12:43 : SCANNING : SUNTECK
circuit : 0.85%  2021-12-21T11:10:00+0530
adx : 23.35  aroonosc : -92.86
-----------------------------------------------
11:12:44 : SCANNING : SUNTV
circuit : 0.64%  2021-12-21T11:10:00+0530
adx : 31.48  aroonosc : 85.71
-----------------------------------------------
11:12:44 : SCANNING : SUPPETRO
circuit : 0.88%  2021-12-21T11:10:00+0530
adx : 26.69  aroonosc : -71.43
-----------------------------------------------
11:12:44 : SCANNING : SUPRAJIT
circuit : 2.46%  2021-12-21T11:10:00+0530
adx : 48.53  aroonosc : 85.71
-----------------------------------------------
11:12:44 : SCANNING : SUPREMEIND
circuit : 3.16%  2021-12-21T11:10:00+0530
adx : 59.41  aroonosc : -35.71
-----------------------------------------------
11:12:45 : SCANNING : SUVENPHAR
circuit : 1.43%  2021-12-21T11:10:00+0530
adx : 13.71  aroonosc : -21.43
-----------------------------------------------
11:12:45 : SCANNING : SUZLON
circuit : 2.05%  2021-12-21T11:10:00+0530
adx : 35.46  aroonosc : 71.43
-----------------------------------------------
11:12:46 : SCANNING : SWANENERGY
circuit : 1.56%  2021-12-21T11:10:00+0530
adx : 24.99  aroonosc : -78.57
-----------------------------------------------
11:12:46 : SCANNING : SWSOLAR
circuit : 0.29%  2021-12-21T11:10:00+0530
adx : 12.83  aroonosc : -78.57
-----------------------------------------------
11:12:46 : SCANNING : SYMPHONY
circuit : 0.93%  2021-12-21T11:10:00+0530
adx : 33.84  aroonosc : 100.0
-----------------------------------------------
11:12:46 : SCANNING : SYNGENE
circuit : 0.28%  2021-12-21T11:10:00+0530
adx : 31.72  aroonosc : 42.86
-----------------------------------------------
11:12:47 : SCANNING : TASTYBITE
circuit : -0.45%  2021-12-21T11:10:00+0530
adx : 23.92  aroonosc : 92.86
-----------------------------------------------
11:12:47 : SCANNING : TATACHEM
circuit : 1.7%  2021-12-21T11:10:00+0530
adx : 38.08  aroonosc : 35.71
-----------------------------------------------
11:12:47 : SCANNING : TATACOFFEE
circuit : 1.07%  2021-12-21T11:10:00+0530
adx : 20.56  aroonosc : -50.0
-----------------------------------------------
11:12:48 : SCANNING : TATACOMM
circuit : 0.17%  2021-12-21T11:10:00+0530
adx : 16.55  aroonosc : 85.71
-----------------------------------------------
11:12:48 : SCANNING : TATACONSUM
circuit : 1.72%  2021-12-21T11:10:00+0530
adx : 47.07  aroonosc : 71.43
-----------------------------------------------
11:12:49 : SCANNING : TATAELXSI
circuit : -0.02%  2021-12-21T11:10:00+0530
adx : 11.74  aroonosc : 35.71
-----------------------------------------------
11:12:49 : SCANNING : TATAINVEST
circuit : 0.65%  2021-12-21T11:10:00+0530
adx : 32.6  aroonosc : 100.0
-----------------------------------------------
11:12:49 : SCANNING : TATAMOTORS
circuit : 1.16%  2021-12-21T11:10:00+0530
adx : 29.61  aroonosc : 50.0
-----------------------------------------------
11:12:50 : SCANNING : TATAPOWER
circuit : 0.75%  2021-12-21T11:10:00+0530
adx : 34.51  aroonosc : 42.86
-----------------------------------------------
11:12:50 : SCANNING : TATASTEEL
circuit : 2.39%  2021-12-21T11:10:00+0530
adx : 46.53  aroonosc : 100.0
-----------------------------------------------
11:12:50 : SCANNING : TCIEXP
circuit : 5.5%  2021-12-21T11:10:00+0530
adx : 32.79  aroonosc : 92.86
-----------------------------------------------
11:12:51 : SCANNING : TCNSBRANDS
circuit : 2.5%  2021-12-21T11:10:00+0530
adx : 12.26  aroonosc : -64.29
-----------------------------------------------
11:12:51 : SCANNING : TCS
circuit : 1.28%  2021-12-21T11:10:00+0530
adx : 44.71  aroonosc : 42.86
-----------------------------------------------
11:12:51 : SCANNING : TEAMLEASE
circuit : 0.41%  2021-12-21T11:10:00+0530
adx : 9.54  aroonosc : -14.29
-----------------------------------------------
11:12:52 : SCANNING : TECHM
circuit : 2.69%  2021-12-21T11:10:00+0530
adx : 35.5  aroonosc : 71.43
-----------------------------------------------
11:12:52 : SCANNING : THERMAX
circuit : 1.7%  2021-12-21T11:10:00+0530
adx : 31.85  aroonosc : 71.43
-----------------------------------------------
11:12:53 : SCANNING : THYROCARE
circuit : -1.02%  2021-12-21T11:10:00+0530
adx : 16.57  aroonosc : -57.14
-----------------------------------------------
11:12:53 : SCANNING : TIINDIA
circuit : 0.96%  2021-12-21T11:10:00+0530
adx : 22.83  aroonosc : 78.57
-----------------------------------------------
11:12:53 : SCANNING : TIMKEN
circuit : 2.65%  2021-12-21T11:10:00+0530
adx : 47.33  aroonosc : 50.0
-----------------------------------------------
11:12:54 : SCANNING : TITAN
circuit : 2.3%  2021-12-21T11:10:00+0530
adx : 42.02  aroonosc : 78.57
-----------------------------------------------
11:12:54 : SCANNING : TORNTPHARM
circuit : 1.13%  2021-12-21T11:10:00+0530
adx : 25.61  aroonosc : -57.14
-----------------------------------------------
11:12:54 : SCANNING : TORNTPOWER
circuit : 0.09%  2021-12-21T11:10:00+0530
adx : 24.34  aroonosc : 85.71
-----------------------------------------------
11:12:55 : SCANNING : TRENT
circuit : 0.78%  2021-12-21T11:10:00+0530
adx : 31.06  aroonosc : 35.71
-----------------------------------------------
11:12:55 : SCANNING : TRIDENT
circuit : 5.14%  2021-12-21T11:10:00+0530
adx : 14.55  aroonosc : -42.86
-----------------------------------------------
11:12:56 : SCANNING : TRITURBINE
circuit : -1.6%  2021-12-21T11:10:00+0530
adx : 44.41  aroonosc : -78.57
-----------------------------------------------
11:12:56 : SCANNING : TTKPRESTIG
circuit : 1.76%  2021-12-21T11:10:00+0530
adx : 16.33  aroonosc : -71.43
-----------------------------------------------
11:12:56 : SCANNING : TV18BRDCST
circuit : 0.9%  2021-12-21T11:10:00+0530
adx : 12.02  aroonosc : 71.43
-----------------------------------------------
11:12:57 : SCANNING : TVSMOTOR
circuit : 1.48%  2021-12-21T11:10:00+0530
adx : 39.3  aroonosc : 57.14
-----------------------------------------------
11:12:57 : SCANNING : UBL
circuit : 1.88%  2021-12-21T11:10:00+0530
adx : 28.29  aroonosc : 0.0
-----------------------------------------------
11:12:57 : SCANNING : UCOBANK
circuit : 1.18%  2021-12-21T11:10:00+0530
adx : 48.73  aroonosc : 71.43
-----------------------------------------------
11:12:58 : SCANNING : UFLEX
circuit : -1.07%  2021-12-21T11:10:00+0530
adx : 36.0  aroonosc : 100.0
-----------------------------------------------
11:12:58 : SCANNING : UJJIVAN
circuit : -0.27%  2021-12-21T11:10:00+0530
adx : 17.55  aroonosc : -21.43
-----------------------------------------------
11:12:58 : SCANNING : UJJIVANSFB
circuit : -0.27%  2021-12-21T11:10:00+0530
adx : 27.93  aroonosc : -21.43
-----------------------------------------------
11:12:59 : SCANNING : ULTRACEMCO
circuit : 0.96%  2021-12-21T11:10:00+0530
adx : 30.2  aroonosc : 78.57
-----------------------------------------------
11:12:59 : SCANNING : UNIONBANK
circuit : 1.3%  2021-12-21T11:10:00+0530
adx : 9.61  aroonosc : -21.43
-----------------------------------------------
11:13:00 : SCANNING : UPL
circuit : 1.73%  2021-12-21T11:10:00+0530
adx : 46.19  aroonosc : 78.57
-----------------------------------------------
11:13:00 : SCANNING : UTIAMC
circuit : 1.6%  2021-12-21T11:10:00+0530
adx : 12.51  aroonosc : -42.86
-----------------------------------------------
11:13:00 : SCANNING : VAIBHAVGBL
circuit : -0.11%  2021-12-21T11:10:00+0530
adx : 22.73  aroonosc : 57.14
-----------------------------------------------
11:13:01 : SCANNING : VAKRANGEE
circuit : 1.69%  2021-12-21T11:10:00+0530
adx : 33.75  aroonosc : 35.71
-----------------------------------------------
11:13:01 : SCANNING : VALIANTORG
circuit : 0.86%  2021-12-21T11:10:00+0530
adx : 15.9  aroonosc : 42.86
-----------------------------------------------
11:13:02 : SCANNING : VARROC
circuit : 2.54%  2021-12-21T11:10:00+0530
adx : 27.6  aroonosc : 35.71
-----------------------------------------------
11:13:02 : SCANNING : VBL
circuit : 0.59%  2021-12-21T11:10:00+0530
adx : 11.63  aroonosc : 28.57
-----------------------------------------------
11:13:02 : SCANNING : VEDL
circuit : 2.02%  2021-12-21T11:10:00+0530
adx : 61.98  aroonosc : 64.29
rpt : 1190.0
{'candle': 'green', 'type': 'BUY', 'instrument': 'VEDL', 'price': 335.5, 'qty': 1773, 'target': 335.8, 'stoploss': 335.2, 'volume': 25027, 'adx': 61.98464397374334, 'aroonosc': 64.28571428571429, 'atr': 1.1163237333339395, 'open': 335.4, 'high': 335.8, 'low': 335.2, 'close': 335.65, 'product': 'MIS', 'time': '2021-12-21T11:10:00+0530'}
11:13:03 : Time Gap : 183
11:13:03 : Validation : Success
{'variety': 'regular', 'exchange': 'NSE', 'tradingsymbol': 'VEDL', 'transaction_type': 'BUY', 'order_type': 'MARKET', 'quantity': 1773, 'price': 0, 'product': 'MIS', 'validity': 'DAY', 'disclosed_quantity': 0, 'trigger_price': 0, 'squareoff': 0, 'stoploss': 0, 'trailing_stoploss': 0, 'user_id': 'VM7727'}
11:13:03 : TRADE LOCK
-----------------------------------------------
11:13:04 : SCANNING : VENKEYS
circuit : -0.5%  2021-12-21T11:10:00+0530
adx : 26.84  aroonosc : 35.71
-----------------------------------------------
11:13:04 : SCANNING : VGUARD
circuit : -0.22%  2021-12-21T11:10:00+0530
adx : 12.45  aroonosc : -92.86
-----------------------------------------------
11:13:05 : SCANNING : VINATIORGA
circuit : -3.34%  2021-12-21T11:10:00+0530
adx : 25.2  aroonosc : -57.14
-----------------------------------------------
11:13:05 : SCANNING : VIPIND
circuit : 4.57%  2021-12-21T11:10:00+0530
adx : 34.24  aroonosc : 92.86
-----------------------------------------------
11:13:05 : SCANNING : VMART
circuit : -0.49%  2021-12-21T11:10:00+0530
adx : 18.64  aroonosc : 92.86
-----------------------------------------------
11:13:06 : SCANNING : VOLTAS
circuit : 0.83%  2021-12-21T11:10:00+0530
adx : 35.56  aroonosc : -71.43
-----------------------------------------------
11:13:06 : SCANNING : VSTIND
circuit : -0.23%  2021-12-21T11:10:00+0530
adx : 15.82  aroonosc : -57.14
-----------------------------------------------
11:13:06 : SCANNING : VTL
circuit : 6.61%  2021-12-21T11:10:00+0530
adx : 46.89  aroonosc : 71.43
-----------------------------------------------
11:13:07 : SCANNING : WABCOINDIA
circuit : 0.31%  2021-12-21T11:10:00+0530
adx : 11.57  aroonosc : -7.14
-----------------------------------------------
11:13:07 : SCANNING : WELCORP
circuit : 3.59%  2021-12-21T11:10:00+0530
adx : 34.88  aroonosc : -42.86
-----------------------------------------------
11:13:07 : SCANNING : WELSPUNIND
circuit : 1.32%  2021-12-21T11:10:00+0530
adx : 22.29  aroonosc : -92.86
-----------------------------------------------
11:13:08 : SCANNING : WESTLIFE
circuit : 0.39%  2021-12-21T11:10:00+0530
adx : 26.46  aroonosc : 71.43
-----------------------------------------------
11:13:08 : SCANNING : WHIRLPOOL
circuit : 0.91%  2021-12-21T11:10:00+0530
adx : 12.76  aroonosc : -85.71
-----------------------------------------------
11:13:09 : SCANNING : WIPRO
circuit : 1.63%  2021-12-21T11:10:00+0530
adx : 57.93  aroonosc : 21.43
-----------------------------------------------
11:13:09 : SCANNING : WOCKPHARMA
circuit : -0.03%  2021-12-21T11:10:00+0530
adx : 14.59  aroonosc : -71.43
-----------------------------------------------
11:13:09 : SCANNING : YESBANK
-----------------------------------------------
11:13:10 : SCANNING : ZEEL
circuit : 3.44%  2021-12-21T11:10:00+0530
adx : 34.43  aroonosc : 92.86
-----------------------------------------------
11:13:10 : SCANNING : ZENSARTECH
circuit : 3.44%  2021-12-21T11:10:00+0530
adx : 45.59  aroonosc : -7.14
-----------------------------------------------
11:13:11 : SCANNING : ZYDUSWELL
circuit : -1.03%  2021-12-21T11:10:00+0530
adx : 38.0  aroonosc : 14.29
-----------------------------------------------
11:13:11 : SCANNING : PAYTM
circuit : 1.67%  2021-12-21T11:10:00+0530
adx : 17.24  aroonosc : -57.14
-----------------------------------------------
===================================================
11:13:11 : END
===================================================
Start Time     : 2021-12-21 11:10:01.751151
End Time       : 2021-12-21 11:13:11.569179
Time Taken     : 3.0
===================================================
